 [1] 15904 15905 15906 15907 15908 15909 15910 15911 15912 15913 15914 15915
[13] 15916 15917 15918 15919 15920 15921 15922 15923 15924 15925 15926 15927
[25] 15928 15929 15930
[1] "n sub: 50, n images per sub: 5, sigma^2: 2, beta: 1.1, simulation: 2"
[1] "n sub: 50, n images per sub: 5, sigma^2: 1, beta: 1.1, simulation: 2"
[1] "n sub: 50, n images per sub: 5, sigma^2: 0.5, beta: 1.1, simulation: 2"
[1] "n sub: 50, n images per sub: 5, sigma^2: 2, beta: 1.1, simulation: 3"
[1] "n sub: 50, n images per sub: 5, sigma^2: 1, beta: 1.1, simulation: 3"
[1] "n sub: 50, n images per sub: 5, sigma^2: 0.5, beta: 1.1, simulation: 3"
[1] "n sub: 50, n images per sub: 5, sigma^2: 2, beta: 1.1, simulation: 4"
[1] "n sub: 50, n images per sub: 5, sigma^2: 1, beta: 1.1, simulation: 4"
[1] "n sub: 50, n images per sub: 5, sigma^2: 0.5, beta: 1.1, simulation: 4"
[1] "n sub: 50, n images per sub: 5, sigma^2: 2, beta: 1.1, simulation: 5"
[1] "n sub: 50, n images per sub: 5, sigma^2: 1, beta: 1.1, simulation: 5"
[1] "n sub: 50, n images per sub: 5, sigma^2: 0.5, beta: 1.1, simulation: 5"
[1] "n sub: 50, n images per sub: 5, sigma^2: 2, beta: 1.1, simulation: 6"
[1] "n sub: 50, n images per sub: 5, sigma^2: 1, beta: 1.1, simulation: 6"
[1] "n sub: 50, n images per sub: 5, sigma^2: 0.5, beta: 1.1, simulation: 6"
[1] "n sub: 50, n images per sub: 5, sigma^2: 2, beta: 1.1, simulation: 7"
[1] "n sub: 50, n images per sub: 5, sigma^2: 1, beta: 1.1, simulation: 7"
[1] "n sub: 50, n images per sub: 5, sigma^2: 0.5, beta: 1.1, simulation: 7"
[1] "n sub: 50, n images per sub: 5, sigma^2: 2, beta: 1.1, simulation: 8"
[1] "n sub: 50, n images per sub: 5, sigma^2: 1, beta: 1.1, simulation: 8"
[1] "n sub: 50, n images per sub: 5, sigma^2: 0.5, beta: 1.1, simulation: 8"
[1] "n sub: 50, n images per sub: 5, sigma^2: 2, beta: 1.1, simulation: 9"
[1] "n sub: 50, n images per sub: 5, sigma^2: 1, beta: 1.1, simulation: 9"
[1] "n sub: 50, n images per sub: 5, sigma^2: 0.5, beta: 1.1, simulation: 9"
[1] "n sub: 50, n images per sub: 5, sigma^2: 2, beta: 1.1, simulation: 10"
[1] "n sub: 50, n images per sub: 5, sigma^2: 1, beta: 1.1, simulation: 10"
[1] "n sub: 50, n images per sub: 5, sigma^2: 0.5, beta: 1.1, simulation: 10"
