 [1] 14527 14528 14529 14530 14531 14532 14533 14534 14535 14536 14537 14538
[13] 14539 14540 14541 14542 14543 14544 14545 14546 14547 14548 14549 14550
[25] 14551 14552 14553
[1] "n sub: 50, n images per sub: 5, sigma^2: 2, beta: -0.22, simulation: 43"
[1] "n sub: 50, n images per sub: 5, sigma^2: 1, beta: -0.22, simulation: 43"
[1] "n sub: 50, n images per sub: 5, sigma^2: 0.5, beta: -0.22, simulation: 43"
[1] "n sub: 50, n images per sub: 5, sigma^2: 2, beta: -0.22, simulation: 44"
[1] "n sub: 50, n images per sub: 5, sigma^2: 1, beta: -0.22, simulation: 44"
[1] "n sub: 50, n images per sub: 5, sigma^2: 0.5, beta: -0.22, simulation: 44"
[1] "n sub: 50, n images per sub: 5, sigma^2: 2, beta: -0.22, simulation: 45"
[1] "n sub: 50, n images per sub: 5, sigma^2: 1, beta: -0.22, simulation: 45"
[1] "n sub: 50, n images per sub: 5, sigma^2: 0.5, beta: -0.22, simulation: 45"
[1] "n sub: 50, n images per sub: 5, sigma^2: 2, beta: -0.22, simulation: 46"
[1] "n sub: 50, n images per sub: 5, sigma^2: 1, beta: -0.22, simulation: 46"
[1] "n sub: 50, n images per sub: 5, sigma^2: 0.5, beta: -0.22, simulation: 46"
[1] "n sub: 50, n images per sub: 5, sigma^2: 2, beta: -0.22, simulation: 47"
[1] "n sub: 50, n images per sub: 5, sigma^2: 1, beta: -0.22, simulation: 47"
[1] "n sub: 50, n images per sub: 5, sigma^2: 0.5, beta: -0.22, simulation: 47"
[1] "n sub: 50, n images per sub: 5, sigma^2: 2, beta: -0.22, simulation: 48"
[1] "n sub: 50, n images per sub: 5, sigma^2: 1, beta: -0.22, simulation: 48"
[1] "n sub: 50, n images per sub: 5, sigma^2: 0.5, beta: -0.22, simulation: 48"
[1] "n sub: 50, n images per sub: 5, sigma^2: 2, beta: -0.22, simulation: 49"
[1] "n sub: 50, n images per sub: 5, sigma^2: 1, beta: -0.22, simulation: 49"
[1] "n sub: 50, n images per sub: 5, sigma^2: 0.5, beta: -0.22, simulation: 49"
[1] "n sub: 50, n images per sub: 5, sigma^2: 2, beta: -0.22, simulation: 50"
[1] "n sub: 50, n images per sub: 5, sigma^2: 1, beta: -0.22, simulation: 50"
[1] "n sub: 50, n images per sub: 5, sigma^2: 0.5, beta: -0.22, simulation: 50"
[1] "n sub: 50, n images per sub: 5, sigma^2: 2, beta: -0.22, simulation: 51"
[1] "n sub: 50, n images per sub: 5, sigma^2: 1, beta: -0.22, simulation: 51"
[1] "n sub: 50, n images per sub: 5, sigma^2: 0.5, beta: -0.22, simulation: 51"
