 [1] 15364 15365 15366 15367 15368 15369 15370 15371 15372 15373 15374 15375
[13] 15376 15377 15378 15379 15380 15381 15382 15383 15384 15385 15386 15387
[25] 15388 15389 15390
[1] "n sub: 50, n images per sub: 5, sigma^2: 1, beta: 0.41, simulation: 22"
[1] "n sub: 50, n images per sub: 5, sigma^2: 0.5, beta: 0.41, simulation: 22"
[1] "n sub: 50, n images per sub: 5, sigma^2: 2, beta: 0.41, simulation: 22"
[1] "n sub: 50, n images per sub: 5, sigma^2: 1, beta: 0.41, simulation: 23"
[1] "n sub: 50, n images per sub: 5, sigma^2: 0.5, beta: 0.41, simulation: 23"
[1] "n sub: 50, n images per sub: 5, sigma^2: 2, beta: 0.41, simulation: 23"
[1] "n sub: 50, n images per sub: 5, sigma^2: 1, beta: 0.41, simulation: 24"
[1] "n sub: 50, n images per sub: 5, sigma^2: 0.5, beta: 0.41, simulation: 24"
[1] "n sub: 50, n images per sub: 5, sigma^2: 2, beta: 0.41, simulation: 24"
[1] "n sub: 50, n images per sub: 5, sigma^2: 1, beta: 0.41, simulation: 25"
[1] "n sub: 50, n images per sub: 5, sigma^2: 0.5, beta: 0.41, simulation: 25"
[1] "n sub: 50, n images per sub: 5, sigma^2: 2, beta: 0.41, simulation: 25"
[1] "n sub: 50, n images per sub: 5, sigma^2: 0.5, beta: 0.41, simulation: 26"
[1] "n sub: 50, n images per sub: 5, sigma^2: 1, beta: 0.41, simulation: 26"
[1] "n sub: 50, n images per sub: 5, sigma^2: 2, beta: 0.41, simulation: 26"
[1] "n sub: 50, n images per sub: 5, sigma^2: 1, beta: 0.41, simulation: 27"
[1] "n sub: 50, n images per sub: 5, sigma^2: 0.5, beta: 0.41, simulation: 27"
[1] "n sub: 50, n images per sub: 5, sigma^2: 2, beta: 0.41, simulation: 27"
[1] "n sub: 50, n images per sub: 5, sigma^2: 0.5, beta: 0.41, simulation: 28"
[1] "n sub: 50, n images per sub: 5, sigma^2: 1, beta: 0.41, simulation: 28"
[1] "n sub: 50, n images per sub: 5, sigma^2: 2, beta: 0.41, simulation: 28"
[1] "n sub: 50, n images per sub: 5, sigma^2: 1, beta: 0.41, simulation: 29"
[1] "n sub: 50, n images per sub: 5, sigma^2: 0.5, beta: 0.41, simulation: 29"
[1] "n sub: 50, n images per sub: 5, sigma^2: 2, beta: 0.41, simulation: 29"
[1] "n sub: 50, n images per sub: 5, sigma^2: 0.5, beta: 0.41, simulation: 30"
[1] "n sub: 50, n images per sub: 5, sigma^2: 1, beta: 0.41, simulation: 30"
[1] "n sub: 50, n images per sub: 5, sigma^2: 2, beta: 0.41, simulation: 30"
