  [1] 1081 1082 1083 1084 1085 1086 1087 1088 1089 1090 1091 1092 1093 1094 1095
 [16] 1096 1097 1098 1099 1100 1101 1102 1103 1104 1105 1106 1107 1108 1109 1110
 [31] 1111 1112 1113 1114 1115 1116 1117 1118 1119 1120 1121 1122 1123 1124 1125
 [46] 1126 1127 1128 1129 1130 1131 1132 1133 1134 1135 1136 1137 1138 1139 1140
 [61] 1141 1142 1143 1144 1145 1146 1147 1148 1149 1150 1151 1152 1153 1154 1155
 [76] 1156 1157 1158 1159 1160 1161 1162 1163 1164 1165 1166 1167 1168 1169 1170
 [91] 1171 1172 1173 1174 1175 1176 1177 1178 1179 1180 1181 1182 1183 1184 1185
[106] 1186 1187 1188 1189 1190 1191 1192 1193 1194 1195 1196 1197 1198 1199 1200
[121] 1201 1202 1203 1204 1205 1206 1207 1208 1209 1210 1211 1212 1213 1214 1215
[1] "n sub: 10, n images per sub: 1, sigma^2: 2, beta: -0.22, simulation: 61"
[1] "n sub: 10, n images per sub: 1, sigma^2: 1, beta: -0.22, simulation: 61"
[1] "n sub: 10, n images per sub: 1, sigma^2: 0.5, beta: -0.22, simulation: 61"
[1] "n sub: 10, n images per sub: 1, sigma^2: 2, beta: -0.22, simulation: 62"
[1] "n sub: 10, n images per sub: 1, sigma^2: 1, beta: -0.22, simulation: 62"
[1] "n sub: 10, n images per sub: 1, sigma^2: 0.5, beta: -0.22, simulation: 62"
[1] "n sub: 10, n images per sub: 1, sigma^2: 2, beta: -0.22, simulation: 63"
[1] "n sub: 10, n images per sub: 1, sigma^2: 0.5, beta: -0.22, simulation: 63"
[1] "n sub: 10, n images per sub: 1, sigma^2: 1, beta: -0.22, simulation: 63"
[1] "n sub: 10, n images per sub: 1, sigma^2: 2, beta: -0.22, simulation: 64"
[1] "n sub: 10, n images per sub: 1, sigma^2: 1, beta: -0.22, simulation: 64"
[1] "n sub: 10, n images per sub: 1, sigma^2: 0.5, beta: -0.22, simulation: 64"
[1] "n sub: 10, n images per sub: 1, sigma^2: 2, beta: -0.22, simulation: 65"
[1] "n sub: 10, n images per sub: 1, sigma^2: 1, beta: -0.22, simulation: 65"
[1] "n sub: 10, n images per sub: 1, sigma^2: 0.5, beta: -0.22, simulation: 65"
[1] "n sub: 10, n images per sub: 1, sigma^2: 2, beta: -0.22, simulation: 66"
[1] "n sub: 10, n images per sub: 1, sigma^2: 1, beta: -0.22, simulation: 66"
[1] "n sub: 10, n images per sub: 1, sigma^2: 0.5, beta: -0.22, simulation: 66"
[1] "n sub: 10, n images per sub: 1, sigma^2: 2, beta: -0.22, simulation: 67"
[1] "n sub: 10, n images per sub: 1, sigma^2: 0.5, beta: -0.22, simulation: 67"
[1] "n sub: 10, n images per sub: 1, sigma^2: 1, beta: -0.22, simulation: 67"
[1] "n sub: 10, n images per sub: 1, sigma^2: 2, beta: -0.22, simulation: 68"
[1] "n sub: 10, n images per sub: 1, sigma^2: 0.5, beta: -0.22, simulation: 68"
[1] "n sub: 10, n images per sub: 1, sigma^2: 1, beta: -0.22, simulation: 68"
[1] "n sub: 10, n images per sub: 1, sigma^2: 2, beta: -0.22, simulation: 69"
[1] "n sub: 10, n images per sub: 1, sigma^2: 1, beta: -0.22, simulation: 69"
[1] "n sub: 10, n images per sub: 1, sigma^2: 0.5, beta: -0.22, simulation: 69"
[1] "n sub: 10, n images per sub: 1, sigma^2: 2, beta: -0.22, simulation: 70"
[1] "n sub: 10, n images per sub: 1, sigma^2: 1, beta: -0.22, simulation: 70"
[1] "n sub: 10, n images per sub: 1, sigma^2: 0.5, beta: -0.22, simulation: 70"
[1] "n sub: 10, n images per sub: 1, sigma^2: 2, beta: -0.22, simulation: 71"
[1] "n sub: 10, n images per sub: 1, sigma^2: 1, beta: -0.22, simulation: 71"
[1] "n sub: 10, n images per sub: 1, sigma^2: 0.5, beta: -0.22, simulation: 71"
[1] "n sub: 10, n images per sub: 1, sigma^2: 2, beta: -0.22, simulation: 72"
[1] "n sub: 10, n images per sub: 1, sigma^2: 1, beta: -0.22, simulation: 72"
[1] "n sub: 10, n images per sub: 1, sigma^2: 0.5, beta: -0.22, simulation: 72"
[1] "n sub: 10, n images per sub: 1, sigma^2: 2, beta: -0.22, simulation: 73"
[1] "n sub: 10, n images per sub: 1, sigma^2: 1, beta: -0.22, simulation: 73"
[1] "n sub: 10, n images per sub: 1, sigma^2: 0.5, beta: -0.22, simulation: 73"
[1] "n sub: 10, n images per sub: 1, sigma^2: 2, beta: -0.22, simulation: 74"
[1] "n sub: 10, n images per sub: 1, sigma^2: 1, beta: -0.22, simulation: 74"
[1] "n sub: 10, n images per sub: 1, sigma^2: 0.5, beta: -0.22, simulation: 74"
[1] "n sub: 10, n images per sub: 1, sigma^2: 2, beta: -0.22, simulation: 75"
[1] "n sub: 10, n images per sub: 1, sigma^2: 1, beta: -0.22, simulation: 75"
[1] "n sub: 10, n images per sub: 1, sigma^2: 0.5, beta: -0.22, simulation: 75"
[1] "n sub: 10, n images per sub: 1, sigma^2: 2, beta: -0.22, simulation: 76"
[1] "n sub: 10, n images per sub: 1, sigma^2: 1, beta: -0.22, simulation: 76"
[1] "n sub: 10, n images per sub: 1, sigma^2: 0.5, beta: -0.22, simulation: 76"
[1] "n sub: 10, n images per sub: 1, sigma^2: 2, beta: -0.22, simulation: 77"
[1] "n sub: 10, n images per sub: 1, sigma^2: 1, beta: -0.22, simulation: 77"
[1] "n sub: 10, n images per sub: 1, sigma^2: 0.5, beta: -0.22, simulation: 77"
[1] "n sub: 10, n images per sub: 1, sigma^2: 2, beta: -0.22, simulation: 78"
[1] "n sub: 10, n images per sub: 1, sigma^2: 1, beta: -0.22, simulation: 78"
[1] "n sub: 10, n images per sub: 1, sigma^2: 0.5, beta: -0.22, simulation: 78"
[1] "n sub: 10, n images per sub: 1, sigma^2: 2, beta: -0.22, simulation: 79"
[1] "n sub: 10, n images per sub: 1, sigma^2: 1, beta: -0.22, simulation: 79"
[1] "n sub: 10, n images per sub: 1, sigma^2: 0.5, beta: -0.22, simulation: 79"
[1] "n sub: 10, n images per sub: 1, sigma^2: 2, beta: -0.22, simulation: 80"
[1] "n sub: 10, n images per sub: 1, sigma^2: 1, beta: -0.22, simulation: 80"
[1] "n sub: 10, n images per sub: 1, sigma^2: 0.5, beta: -0.22, simulation: 80"
[1] "n sub: 10, n images per sub: 1, sigma^2: 2, beta: -0.22, simulation: 81"
[1] "n sub: 10, n images per sub: 1, sigma^2: 1, beta: -0.22, simulation: 81"
[1] "n sub: 10, n images per sub: 1, sigma^2: 0.5, beta: -0.22, simulation: 81"
[1] "n sub: 10, n images per sub: 1, sigma^2: 2, beta: -0.22, simulation: 82"
[1] "n sub: 10, n images per sub: 1, sigma^2: 1, beta: -0.22, simulation: 82"
[1] "n sub: 10, n images per sub: 1, sigma^2: 0.5, beta: -0.22, simulation: 82"
[1] "n sub: 10, n images per sub: 1, sigma^2: 2, beta: -0.22, simulation: 83"
[1] "n sub: 10, n images per sub: 1, sigma^2: 1, beta: -0.22, simulation: 83"
[1] "n sub: 10, n images per sub: 1, sigma^2: 0.5, beta: -0.22, simulation: 83"
[1] "n sub: 10, n images per sub: 1, sigma^2: 2, beta: -0.22, simulation: 84"
[1] "n sub: 10, n images per sub: 1, sigma^2: 1, beta: -0.22, simulation: 84"
[1] "n sub: 10, n images per sub: 1, sigma^2: 0.5, beta: -0.22, simulation: 84"
[1] "n sub: 10, n images per sub: 1, sigma^2: 2, beta: -0.22, simulation: 85"
[1] "n sub: 10, n images per sub: 1, sigma^2: 1, beta: -0.22, simulation: 85"
[1] "n sub: 10, n images per sub: 1, sigma^2: 0.5, beta: -0.22, simulation: 85"
[1] "n sub: 10, n images per sub: 1, sigma^2: 2, beta: -0.22, simulation: 86"
[1] "n sub: 10, n images per sub: 1, sigma^2: 1, beta: -0.22, simulation: 86"
[1] "n sub: 10, n images per sub: 1, sigma^2: 0.5, beta: -0.22, simulation: 86"
[1] "n sub: 10, n images per sub: 1, sigma^2: 2, beta: -0.22, simulation: 87"
[1] "n sub: 10, n images per sub: 1, sigma^2: 1, beta: -0.22, simulation: 87"
[1] "n sub: 10, n images per sub: 1, sigma^2: 0.5, beta: -0.22, simulation: 87"
[1] "n sub: 10, n images per sub: 1, sigma^2: 2, beta: -0.22, simulation: 88"
[1] "n sub: 10, n images per sub: 1, sigma^2: 1, beta: -0.22, simulation: 88"
[1] "n sub: 10, n images per sub: 1, sigma^2: 0.5, beta: -0.22, simulation: 88"
[1] "n sub: 10, n images per sub: 1, sigma^2: 2, beta: -0.22, simulation: 89"
[1] "n sub: 10, n images per sub: 1, sigma^2: 1, beta: -0.22, simulation: 89"
[1] "n sub: 10, n images per sub: 1, sigma^2: 0.5, beta: -0.22, simulation: 89"
[1] "n sub: 10, n images per sub: 1, sigma^2: 2, beta: -0.22, simulation: 90"
[1] "n sub: 10, n images per sub: 1, sigma^2: 1, beta: -0.22, simulation: 90"
[1] "n sub: 10, n images per sub: 1, sigma^2: 0.5, beta: -0.22, simulation: 90"
[1] "n sub: 10, n images per sub: 1, sigma^2: 2, beta: -0.22, simulation: 91"
[1] "n sub: 10, n images per sub: 1, sigma^2: 1, beta: -0.22, simulation: 91"
[1] "n sub: 10, n images per sub: 1, sigma^2: 0.5, beta: -0.22, simulation: 91"
[1] "n sub: 10, n images per sub: 1, sigma^2: 2, beta: -0.22, simulation: 92"
[1] "n sub: 10, n images per sub: 1, sigma^2: 1, beta: -0.22, simulation: 92"
[1] "n sub: 10, n images per sub: 1, sigma^2: 0.5, beta: -0.22, simulation: 92"
[1] "n sub: 10, n images per sub: 1, sigma^2: 2, beta: -0.22, simulation: 93"
[1] "n sub: 10, n images per sub: 1, sigma^2: 1, beta: -0.22, simulation: 93"
[1] "n sub: 10, n images per sub: 1, sigma^2: 0.5, beta: -0.22, simulation: 93"
[1] "n sub: 10, n images per sub: 1, sigma^2: 2, beta: -0.22, simulation: 94"
[1] "n sub: 10, n images per sub: 1, sigma^2: 1, beta: -0.22, simulation: 94"
[1] "n sub: 10, n images per sub: 1, sigma^2: 0.5, beta: -0.22, simulation: 94"
[1] "n sub: 10, n images per sub: 1, sigma^2: 2, beta: -0.22, simulation: 95"
[1] "n sub: 10, n images per sub: 1, sigma^2: 1, beta: -0.22, simulation: 95"
[1] "n sub: 10, n images per sub: 1, sigma^2: 0.5, beta: -0.22, simulation: 95"
[1] "n sub: 10, n images per sub: 1, sigma^2: 2, beta: -0.22, simulation: 96"
[1] "n sub: 10, n images per sub: 1, sigma^2: 1, beta: -0.22, simulation: 96"
[1] "n sub: 10, n images per sub: 1, sigma^2: 0.5, beta: -0.22, simulation: 96"
[1] "n sub: 10, n images per sub: 1, sigma^2: 2, beta: -0.22, simulation: 97"
[1] "n sub: 10, n images per sub: 1, sigma^2: 1, beta: -0.22, simulation: 97"
[1] "n sub: 10, n images per sub: 1, sigma^2: 0.5, beta: -0.22, simulation: 97"
[1] "n sub: 10, n images per sub: 1, sigma^2: 2, beta: -0.22, simulation: 98"
[1] "n sub: 10, n images per sub: 1, sigma^2: 1, beta: -0.22, simulation: 98"
[1] "n sub: 10, n images per sub: 1, sigma^2: 0.5, beta: -0.22, simulation: 98"
[1] "n sub: 10, n images per sub: 1, sigma^2: 2, beta: -0.22, simulation: 99"
[1] "n sub: 10, n images per sub: 1, sigma^2: 1, beta: -0.22, simulation: 99"
[1] "n sub: 10, n images per sub: 1, sigma^2: 0.5, beta: -0.22, simulation: 99"
[1] "n sub: 10, n images per sub: 1, sigma^2: 2, beta: -0.22, simulation: 100"
[1] "n sub: 10, n images per sub: 1, sigma^2: 1, beta: -0.22, simulation: 100"
[1] "n sub: 10, n images per sub: 1, sigma^2: 0.5, beta: -0.22, simulation: 100"
[1] "n sub: 10, n images per sub: 1, sigma^2: 1, beta: 0, simulation: 1"
[1] "n sub: 10, n images per sub: 1, sigma^2: 0.5, beta: 0, simulation: 1"
[1] "n sub: 10, n images per sub: 1, sigma^2: 2, beta: 0, simulation: 1"
[1] "n sub: 10, n images per sub: 1, sigma^2: 0.5, beta: 0, simulation: 2"
[1] "n sub: 10, n images per sub: 1, sigma^2: 1, beta: 0, simulation: 2"
[1] "n sub: 10, n images per sub: 1, sigma^2: 2, beta: 0, simulation: 2"
[1] "n sub: 10, n images per sub: 1, sigma^2: 1, beta: 0, simulation: 3"
[1] "n sub: 10, n images per sub: 1, sigma^2: 0.5, beta: 0, simulation: 3"
[1] "n sub: 10, n images per sub: 1, sigma^2: 2, beta: 0, simulation: 3"
[1] "n sub: 10, n images per sub: 1, sigma^2: 1, beta: 0, simulation: 4"
[1] "n sub: 10, n images per sub: 1, sigma^2: 0.5, beta: 0, simulation: 4"
[1] "n sub: 10, n images per sub: 1, sigma^2: 2, beta: 0, simulation: 4"
[1] "n sub: 10, n images per sub: 1, sigma^2: 1, beta: 0, simulation: 5"
[1] "n sub: 10, n images per sub: 1, sigma^2: 0.5, beta: 0, simulation: 5"
[1] "n sub: 10, n images per sub: 1, sigma^2: 2, beta: 0, simulation: 5"
