  [1] 406 407 408 409 410 411 412 413 414 415 416 417 418 419 420 421 422 423
 [19] 424 425 426 427 428 429 430 431 432 433 434 435 436 437 438 439 440 441
 [37] 442 443 444 445 446 447 448 449 450 451 452 453 454 455 456 457 458 459
 [55] 460 461 462 463 464 465 466 467 468 469 470 471 472 473 474 475 476 477
 [73] 478 479 480 481 482 483 484 485 486 487 488 489 490 491 492 493 494 495
 [91] 496 497 498 499 500 501 502 503 504 505 506 507 508 509 510 511 512 513
[109] 514 515 516 517 518 519 520 521 522 523 524 525 526 527 528 529 530 531
[127] 532 533 534 535 536 537 538 539 540
[1] "n sub: 10, n images per sub: 1, sigma^2: 2, beta: -0.69, simulation: 36"
[1] "n sub: 10, n images per sub: 1, sigma^2: 1, beta: -0.69, simulation: 36"
[1] "n sub: 10, n images per sub: 1, sigma^2: 0.5, beta: -0.69, simulation: 36"
[1] "n sub: 10, n images per sub: 1, sigma^2: 1, beta: -0.69, simulation: 37"
[1] "n sub: 10, n images per sub: 1, sigma^2: 2, beta: -0.69, simulation: 37"
[1] "n sub: 10, n images per sub: 1, sigma^2: 0.5, beta: -0.69, simulation: 37"
[1] "n sub: 10, n images per sub: 1, sigma^2: 2, beta: -0.69, simulation: 38"
[1] "n sub: 10, n images per sub: 1, sigma^2: 1, beta: -0.69, simulation: 38"
[1] "n sub: 10, n images per sub: 1, sigma^2: 0.5, beta: -0.69, simulation: 38"
[1] "n sub: 10, n images per sub: 1, sigma^2: 2, beta: -0.69, simulation: 39"
[1] "n sub: 10, n images per sub: 1, sigma^2: 1, beta: -0.69, simulation: 39"
[1] "n sub: 10, n images per sub: 1, sigma^2: 0.5, beta: -0.69, simulation: 39"
[1] "n sub: 10, n images per sub: 1, sigma^2: 2, beta: -0.69, simulation: 40"
[1] "n sub: 10, n images per sub: 1, sigma^2: 1, beta: -0.69, simulation: 40"
[1] "n sub: 10, n images per sub: 1, sigma^2: 0.5, beta: -0.69, simulation: 40"
[1] "n sub: 10, n images per sub: 1, sigma^2: 2, beta: -0.69, simulation: 41"
[1] "n sub: 10, n images per sub: 1, sigma^2: 1, beta: -0.69, simulation: 41"
[1] "n sub: 10, n images per sub: 1, sigma^2: 0.5, beta: -0.69, simulation: 41"
[1] "n sub: 10, n images per sub: 1, sigma^2: 2, beta: -0.69, simulation: 42"
[1] "n sub: 10, n images per sub: 1, sigma^2: 1, beta: -0.69, simulation: 42"
[1] "n sub: 10, n images per sub: 1, sigma^2: 0.5, beta: -0.69, simulation: 42"
[1] "n sub: 10, n images per sub: 1, sigma^2: 2, beta: -0.69, simulation: 43"
[1] "n sub: 10, n images per sub: 1, sigma^2: 1, beta: -0.69, simulation: 43"
[1] "n sub: 10, n images per sub: 1, sigma^2: 0.5, beta: -0.69, simulation: 43"
[1] "n sub: 10, n images per sub: 1, sigma^2: 2, beta: -0.69, simulation: 44"
[1] "n sub: 10, n images per sub: 1, sigma^2: 1, beta: -0.69, simulation: 44"
[1] "n sub: 10, n images per sub: 1, sigma^2: 0.5, beta: -0.69, simulation: 44"
[1] "n sub: 10, n images per sub: 1, sigma^2: 2, beta: -0.69, simulation: 45"
[1] "n sub: 10, n images per sub: 1, sigma^2: 1, beta: -0.69, simulation: 45"
[1] "n sub: 10, n images per sub: 1, sigma^2: 0.5, beta: -0.69, simulation: 45"
[1] "n sub: 10, n images per sub: 1, sigma^2: 2, beta: -0.69, simulation: 46"
[1] "n sub: 10, n images per sub: 1, sigma^2: 1, beta: -0.69, simulation: 46"
[1] "n sub: 10, n images per sub: 1, sigma^2: 0.5, beta: -0.69, simulation: 46"
[1] "n sub: 10, n images per sub: 1, sigma^2: 2, beta: -0.69, simulation: 47"
[1] "n sub: 10, n images per sub: 1, sigma^2: 1, beta: -0.69, simulation: 47"
[1] "n sub: 10, n images per sub: 1, sigma^2: 0.5, beta: -0.69, simulation: 47"
[1] "n sub: 10, n images per sub: 1, sigma^2: 2, beta: -0.69, simulation: 48"
[1] "n sub: 10, n images per sub: 1, sigma^2: 1, beta: -0.69, simulation: 48"
[1] "n sub: 10, n images per sub: 1, sigma^2: 0.5, beta: -0.69, simulation: 48"
[1] "n sub: 10, n images per sub: 1, sigma^2: 2, beta: -0.69, simulation: 49"
[1] "n sub: 10, n images per sub: 1, sigma^2: 1, beta: -0.69, simulation: 49"
[1] "n sub: 10, n images per sub: 1, sigma^2: 0.5, beta: -0.69, simulation: 49"
[1] "n sub: 10, n images per sub: 1, sigma^2: 2, beta: -0.69, simulation: 50"
[1] "n sub: 10, n images per sub: 1, sigma^2: 1, beta: -0.69, simulation: 50"
[1] "n sub: 10, n images per sub: 1, sigma^2: 0.5, beta: -0.69, simulation: 50"
[1] "n sub: 10, n images per sub: 1, sigma^2: 2, beta: -0.69, simulation: 51"
[1] "n sub: 10, n images per sub: 1, sigma^2: 1, beta: -0.69, simulation: 51"
[1] "n sub: 10, n images per sub: 1, sigma^2: 0.5, beta: -0.69, simulation: 51"
[1] "n sub: 10, n images per sub: 1, sigma^2: 2, beta: -0.69, simulation: 52"
[1] "n sub: 10, n images per sub: 1, sigma^2: 1, beta: -0.69, simulation: 52"
[1] "n sub: 10, n images per sub: 1, sigma^2: 0.5, beta: -0.69, simulation: 52"
[1] "n sub: 10, n images per sub: 1, sigma^2: 2, beta: -0.69, simulation: 53"
[1] "n sub: 10, n images per sub: 1, sigma^2: 1, beta: -0.69, simulation: 53"
[1] "n sub: 10, n images per sub: 1, sigma^2: 0.5, beta: -0.69, simulation: 53"
[1] "n sub: 10, n images per sub: 1, sigma^2: 2, beta: -0.69, simulation: 54"
[1] "n sub: 10, n images per sub: 1, sigma^2: 1, beta: -0.69, simulation: 54"
[1] "n sub: 10, n images per sub: 1, sigma^2: 0.5, beta: -0.69, simulation: 54"
[1] "n sub: 10, n images per sub: 1, sigma^2: 2, beta: -0.69, simulation: 55"
[1] "n sub: 10, n images per sub: 1, sigma^2: 1, beta: -0.69, simulation: 55"
[1] "n sub: 10, n images per sub: 1, sigma^2: 0.5, beta: -0.69, simulation: 55"
[1] "n sub: 10, n images per sub: 1, sigma^2: 2, beta: -0.69, simulation: 56"
[1] "n sub: 10, n images per sub: 1, sigma^2: 1, beta: -0.69, simulation: 56"
[1] "n sub: 10, n images per sub: 1, sigma^2: 0.5, beta: -0.69, simulation: 56"
[1] "n sub: 10, n images per sub: 1, sigma^2: 2, beta: -0.69, simulation: 57"
[1] "n sub: 10, n images per sub: 1, sigma^2: 1, beta: -0.69, simulation: 57"
[1] "n sub: 10, n images per sub: 1, sigma^2: 0.5, beta: -0.69, simulation: 57"
[1] "n sub: 10, n images per sub: 1, sigma^2: 2, beta: -0.69, simulation: 58"
[1] "n sub: 10, n images per sub: 1, sigma^2: 1, beta: -0.69, simulation: 58"
[1] "n sub: 10, n images per sub: 1, sigma^2: 0.5, beta: -0.69, simulation: 58"
[1] "n sub: 10, n images per sub: 1, sigma^2: 2, beta: -0.69, simulation: 59"
[1] "n sub: 10, n images per sub: 1, sigma^2: 1, beta: -0.69, simulation: 59"
[1] "n sub: 10, n images per sub: 1, sigma^2: 0.5, beta: -0.69, simulation: 59"
[1] "n sub: 10, n images per sub: 1, sigma^2: 2, beta: -0.69, simulation: 60"
[1] "n sub: 10, n images per sub: 1, sigma^2: 0.5, beta: -0.69, simulation: 60"
[1] "n sub: 10, n images per sub: 1, sigma^2: 1, beta: -0.69, simulation: 60"
[1] "n sub: 10, n images per sub: 1, sigma^2: 2, beta: -0.69, simulation: 61"
[1] "n sub: 10, n images per sub: 1, sigma^2: 0.5, beta: -0.69, simulation: 61"
[1] "n sub: 10, n images per sub: 1, sigma^2: 1, beta: -0.69, simulation: 61"
[1] "n sub: 10, n images per sub: 1, sigma^2: 2, beta: -0.69, simulation: 62"
[1] "n sub: 10, n images per sub: 1, sigma^2: 1, beta: -0.69, simulation: 62"
[1] "n sub: 10, n images per sub: 1, sigma^2: 0.5, beta: -0.69, simulation: 62"
[1] "n sub: 10, n images per sub: 1, sigma^2: 2, beta: -0.69, simulation: 63"
[1] "n sub: 10, n images per sub: 1, sigma^2: 1, beta: -0.69, simulation: 63"
[1] "n sub: 10, n images per sub: 1, sigma^2: 0.5, beta: -0.69, simulation: 63"
[1] "n sub: 10, n images per sub: 1, sigma^2: 2, beta: -0.69, simulation: 64"
[1] "n sub: 10, n images per sub: 1, sigma^2: 1, beta: -0.69, simulation: 64"
[1] "n sub: 10, n images per sub: 1, sigma^2: 0.5, beta: -0.69, simulation: 64"
[1] "n sub: 10, n images per sub: 1, sigma^2: 2, beta: -0.69, simulation: 65"
[1] "n sub: 10, n images per sub: 1, sigma^2: 1, beta: -0.69, simulation: 65"
[1] "n sub: 10, n images per sub: 1, sigma^2: 0.5, beta: -0.69, simulation: 65"
[1] "n sub: 10, n images per sub: 1, sigma^2: 2, beta: -0.69, simulation: 66"
[1] "n sub: 10, n images per sub: 1, sigma^2: 1, beta: -0.69, simulation: 66"
[1] "n sub: 10, n images per sub: 1, sigma^2: 0.5, beta: -0.69, simulation: 66"
[1] "n sub: 10, n images per sub: 1, sigma^2: 2, beta: -0.69, simulation: 67"
[1] "n sub: 10, n images per sub: 1, sigma^2: 1, beta: -0.69, simulation: 67"
[1] "n sub: 10, n images per sub: 1, sigma^2: 0.5, beta: -0.69, simulation: 67"
[1] "n sub: 10, n images per sub: 1, sigma^2: 2, beta: -0.69, simulation: 68"
[1] "n sub: 10, n images per sub: 1, sigma^2: 1, beta: -0.69, simulation: 68"
[1] "n sub: 10, n images per sub: 1, sigma^2: 0.5, beta: -0.69, simulation: 68"
[1] "n sub: 10, n images per sub: 1, sigma^2: 2, beta: -0.69, simulation: 69"
[1] "n sub: 10, n images per sub: 1, sigma^2: 1, beta: -0.69, simulation: 69"
[1] "n sub: 10, n images per sub: 1, sigma^2: 0.5, beta: -0.69, simulation: 69"
[1] "n sub: 10, n images per sub: 1, sigma^2: 2, beta: -0.69, simulation: 70"
[1] "n sub: 10, n images per sub: 1, sigma^2: 1, beta: -0.69, simulation: 70"
[1] "n sub: 10, n images per sub: 1, sigma^2: 0.5, beta: -0.69, simulation: 70"
[1] "n sub: 10, n images per sub: 1, sigma^2: 2, beta: -0.69, simulation: 71"
[1] "n sub: 10, n images per sub: 1, sigma^2: 1, beta: -0.69, simulation: 71"
[1] "n sub: 10, n images per sub: 1, sigma^2: 0.5, beta: -0.69, simulation: 71"
[1] "n sub: 10, n images per sub: 1, sigma^2: 2, beta: -0.69, simulation: 72"
[1] "n sub: 10, n images per sub: 1, sigma^2: 1, beta: -0.69, simulation: 72"
[1] "n sub: 10, n images per sub: 1, sigma^2: 0.5, beta: -0.69, simulation: 72"
[1] "n sub: 10, n images per sub: 1, sigma^2: 2, beta: -0.69, simulation: 73"
[1] "n sub: 10, n images per sub: 1, sigma^2: 1, beta: -0.69, simulation: 73"
[1] "n sub: 10, n images per sub: 1, sigma^2: 0.5, beta: -0.69, simulation: 73"
[1] "n sub: 10, n images per sub: 1, sigma^2: 2, beta: -0.69, simulation: 74"
[1] "n sub: 10, n images per sub: 1, sigma^2: 1, beta: -0.69, simulation: 74"
[1] "n sub: 10, n images per sub: 1, sigma^2: 0.5, beta: -0.69, simulation: 74"
[1] "n sub: 10, n images per sub: 1, sigma^2: 2, beta: -0.69, simulation: 75"
[1] "n sub: 10, n images per sub: 1, sigma^2: 1, beta: -0.69, simulation: 75"
[1] "n sub: 10, n images per sub: 1, sigma^2: 0.5, beta: -0.69, simulation: 75"
[1] "n sub: 10, n images per sub: 1, sigma^2: 2, beta: -0.69, simulation: 76"
[1] "n sub: 10, n images per sub: 1, sigma^2: 1, beta: -0.69, simulation: 76"
[1] "n sub: 10, n images per sub: 1, sigma^2: 0.5, beta: -0.69, simulation: 76"
[1] "n sub: 10, n images per sub: 1, sigma^2: 2, beta: -0.69, simulation: 77"
[1] "n sub: 10, n images per sub: 1, sigma^2: 1, beta: -0.69, simulation: 77"
[1] "n sub: 10, n images per sub: 1, sigma^2: 0.5, beta: -0.69, simulation: 77"
[1] "n sub: 10, n images per sub: 1, sigma^2: 2, beta: -0.69, simulation: 78"
[1] "n sub: 10, n images per sub: 1, sigma^2: 1, beta: -0.69, simulation: 78"
[1] "n sub: 10, n images per sub: 1, sigma^2: 0.5, beta: -0.69, simulation: 78"
[1] "n sub: 10, n images per sub: 1, sigma^2: 2, beta: -0.69, simulation: 79"
[1] "n sub: 10, n images per sub: 1, sigma^2: 1, beta: -0.69, simulation: 79"
[1] "n sub: 10, n images per sub: 1, sigma^2: 0.5, beta: -0.69, simulation: 79"
[1] "n sub: 10, n images per sub: 1, sigma^2: 2, beta: -0.69, simulation: 80"
[1] "n sub: 10, n images per sub: 1, sigma^2: 0.5, beta: -0.69, simulation: 80"
[1] "n sub: 10, n images per sub: 1, sigma^2: 1, beta: -0.69, simulation: 80"
