  [1] 676 677 678 679 680 681 682 683 684 685 686 687 688 689 690 691 692 693
 [19] 694 695 696 697 698 699 700 701 702 703 704 705 706 707 708 709 710 711
 [37] 712 713 714 715 716 717 718 719 720 721 722 723 724 725 726 727 728 729
 [55] 730 731 732 733 734 735 736 737 738 739 740 741 742 743 744 745 746 747
 [73] 748 749 750 751 752 753 754 755 756 757 758 759 760 761 762 763 764 765
 [91] 766 767 768 769 770 771 772 773 774 775 776 777 778 779 780 781 782 783
[109] 784 785 786 787 788 789 790 791 792 793 794 795 796 797 798 799 800 801
[127] 802 803 804 805 806 807 808 809 810
[1] "n sub: 10, n images per sub: 1, sigma^2: 0.5, beta: -0.41, simulation: 26"
[1] "n sub: 10, n images per sub: 1, sigma^2: 2, beta: -0.41, simulation: 26"
[1] "n sub: 10, n images per sub: 1, sigma^2: 1, beta: -0.41, simulation: 26"
[1] "n sub: 10, n images per sub: 1, sigma^2: 0.5, beta: -0.41, simulation: 27"
[1] "n sub: 10, n images per sub: 1, sigma^2: 2, beta: -0.41, simulation: 27"
[1] "n sub: 10, n images per sub: 1, sigma^2: 1, beta: -0.41, simulation: 27"
[1] "n sub: 10, n images per sub: 1, sigma^2: 0.5, beta: -0.41, simulation: 28"
[1] "n sub: 10, n images per sub: 1, sigma^2: 2, beta: -0.41, simulation: 28"
[1] "n sub: 10, n images per sub: 1, sigma^2: 1, beta: -0.41, simulation: 28"
[1] "n sub: 10, n images per sub: 1, sigma^2: 0.5, beta: -0.41, simulation: 29"
[1] "n sub: 10, n images per sub: 1, sigma^2: 2, beta: -0.41, simulation: 29"
[1] "n sub: 10, n images per sub: 1, sigma^2: 1, beta: -0.41, simulation: 29"
[1] "n sub: 10, n images per sub: 1, sigma^2: 0.5, beta: -0.41, simulation: 30"
[1] "n sub: 10, n images per sub: 1, sigma^2: 2, beta: -0.41, simulation: 30"
[1] "n sub: 10, n images per sub: 1, sigma^2: 1, beta: -0.41, simulation: 30"
[1] "n sub: 10, n images per sub: 1, sigma^2: 0.5, beta: -0.41, simulation: 31"
[1] "n sub: 10, n images per sub: 1, sigma^2: 2, beta: -0.41, simulation: 31"
[1] "n sub: 10, n images per sub: 1, sigma^2: 1, beta: -0.41, simulation: 31"
[1] "n sub: 10, n images per sub: 1, sigma^2: 0.5, beta: -0.41, simulation: 32"
[1] "n sub: 10, n images per sub: 1, sigma^2: 2, beta: -0.41, simulation: 32"
[1] "n sub: 10, n images per sub: 1, sigma^2: 1, beta: -0.41, simulation: 32"
[1] "n sub: 10, n images per sub: 1, sigma^2: 0.5, beta: -0.41, simulation: 33"
[1] "n sub: 10, n images per sub: 1, sigma^2: 2, beta: -0.41, simulation: 33"
[1] "n sub: 10, n images per sub: 1, sigma^2: 1, beta: -0.41, simulation: 33"
[1] "n sub: 10, n images per sub: 1, sigma^2: 0.5, beta: -0.41, simulation: 34"
[1] "n sub: 10, n images per sub: 1, sigma^2: 2, beta: -0.41, simulation: 34"
[1] "n sub: 10, n images per sub: 1, sigma^2: 1, beta: -0.41, simulation: 34"
[1] "n sub: 10, n images per sub: 1, sigma^2: 0.5, beta: -0.41, simulation: 35"
[1] "n sub: 10, n images per sub: 1, sigma^2: 2, beta: -0.41, simulation: 35"
[1] "n sub: 10, n images per sub: 1, sigma^2: 1, beta: -0.41, simulation: 35"
[1] "n sub: 10, n images per sub: 1, sigma^2: 0.5, beta: -0.41, simulation: 36"
[1] "n sub: 10, n images per sub: 1, sigma^2: 2, beta: -0.41, simulation: 36"
[1] "n sub: 10, n images per sub: 1, sigma^2: 1, beta: -0.41, simulation: 36"
[1] "n sub: 10, n images per sub: 1, sigma^2: 0.5, beta: -0.41, simulation: 37"
[1] "n sub: 10, n images per sub: 1, sigma^2: 2, beta: -0.41, simulation: 37"
[1] "n sub: 10, n images per sub: 1, sigma^2: 1, beta: -0.41, simulation: 37"
[1] "n sub: 10, n images per sub: 1, sigma^2: 0.5, beta: -0.41, simulation: 38"
[1] "n sub: 10, n images per sub: 1, sigma^2: 2, beta: -0.41, simulation: 38"
[1] "n sub: 10, n images per sub: 1, sigma^2: 1, beta: -0.41, simulation: 38"
[1] "n sub: 10, n images per sub: 1, sigma^2: 0.5, beta: -0.41, simulation: 39"
[1] "n sub: 10, n images per sub: 1, sigma^2: 2, beta: -0.41, simulation: 39"
[1] "n sub: 10, n images per sub: 1, sigma^2: 1, beta: -0.41, simulation: 39"
[1] "n sub: 10, n images per sub: 1, sigma^2: 0.5, beta: -0.41, simulation: 40"
[1] "n sub: 10, n images per sub: 1, sigma^2: 2, beta: -0.41, simulation: 40"
[1] "n sub: 10, n images per sub: 1, sigma^2: 1, beta: -0.41, simulation: 40"
[1] "n sub: 10, n images per sub: 1, sigma^2: 0.5, beta: -0.41, simulation: 41"
[1] "n sub: 10, n images per sub: 1, sigma^2: 2, beta: -0.41, simulation: 41"
[1] "n sub: 10, n images per sub: 1, sigma^2: 1, beta: -0.41, simulation: 41"
[1] "n sub: 10, n images per sub: 1, sigma^2: 1, beta: -0.41, simulation: 42"
[1] "n sub: 10, n images per sub: 1, sigma^2: 0.5, beta: -0.41, simulation: 42"
[1] "n sub: 10, n images per sub: 1, sigma^2: 2, beta: -0.41, simulation: 42"
[1] "n sub: 10, n images per sub: 1, sigma^2: 0.5, beta: -0.41, simulation: 43"
[1] "n sub: 10, n images per sub: 1, sigma^2: 1, beta: -0.41, simulation: 43"
[1] "n sub: 10, n images per sub: 1, sigma^2: 2, beta: -0.41, simulation: 43"
[1] "n sub: 10, n images per sub: 1, sigma^2: 0.5, beta: -0.41, simulation: 44"
[1] "n sub: 10, n images per sub: 1, sigma^2: 1, beta: -0.41, simulation: 44"
[1] "n sub: 10, n images per sub: 1, sigma^2: 2, beta: -0.41, simulation: 44"
[1] "n sub: 10, n images per sub: 1, sigma^2: 0.5, beta: -0.41, simulation: 45"
[1] "n sub: 10, n images per sub: 1, sigma^2: 1, beta: -0.41, simulation: 45"
[1] "n sub: 10, n images per sub: 1, sigma^2: 2, beta: -0.41, simulation: 45"
[1] "n sub: 10, n images per sub: 1, sigma^2: 0.5, beta: -0.41, simulation: 46"
[1] "n sub: 10, n images per sub: 1, sigma^2: 1, beta: -0.41, simulation: 46"
[1] "n sub: 10, n images per sub: 1, sigma^2: 2, beta: -0.41, simulation: 46"
[1] "n sub: 10, n images per sub: 1, sigma^2: 0.5, beta: -0.41, simulation: 47"
[1] "n sub: 10, n images per sub: 1, sigma^2: 1, beta: -0.41, simulation: 47"
[1] "n sub: 10, n images per sub: 1, sigma^2: 2, beta: -0.41, simulation: 47"
[1] "n sub: 10, n images per sub: 1, sigma^2: 0.5, beta: -0.41, simulation: 48"
[1] "n sub: 10, n images per sub: 1, sigma^2: 1, beta: -0.41, simulation: 48"
[1] "n sub: 10, n images per sub: 1, sigma^2: 2, beta: -0.41, simulation: 48"
[1] "n sub: 10, n images per sub: 1, sigma^2: 0.5, beta: -0.41, simulation: 49"
[1] "n sub: 10, n images per sub: 1, sigma^2: 1, beta: -0.41, simulation: 49"
[1] "n sub: 10, n images per sub: 1, sigma^2: 2, beta: -0.41, simulation: 49"
[1] "n sub: 10, n images per sub: 1, sigma^2: 0.5, beta: -0.41, simulation: 50"
[1] "n sub: 10, n images per sub: 1, sigma^2: 1, beta: -0.41, simulation: 50"
[1] "n sub: 10, n images per sub: 1, sigma^2: 2, beta: -0.41, simulation: 50"
[1] "n sub: 10, n images per sub: 1, sigma^2: 0.5, beta: -0.41, simulation: 51"
[1] "n sub: 10, n images per sub: 1, sigma^2: 1, beta: -0.41, simulation: 51"
[1] "n sub: 10, n images per sub: 1, sigma^2: 2, beta: -0.41, simulation: 51"
[1] "n sub: 10, n images per sub: 1, sigma^2: 0.5, beta: -0.41, simulation: 52"
[1] "n sub: 10, n images per sub: 1, sigma^2: 2, beta: -0.41, simulation: 52"
[1] "n sub: 10, n images per sub: 1, sigma^2: 1, beta: -0.41, simulation: 52"
[1] "n sub: 10, n images per sub: 1, sigma^2: 0.5, beta: -0.41, simulation: 53"
[1] "n sub: 10, n images per sub: 1, sigma^2: 1, beta: -0.41, simulation: 53"
[1] "n sub: 10, n images per sub: 1, sigma^2: 2, beta: -0.41, simulation: 53"
[1] "n sub: 10, n images per sub: 1, sigma^2: 0.5, beta: -0.41, simulation: 54"
[1] "n sub: 10, n images per sub: 1, sigma^2: 2, beta: -0.41, simulation: 54"
[1] "n sub: 10, n images per sub: 1, sigma^2: 1, beta: -0.41, simulation: 54"
[1] "n sub: 10, n images per sub: 1, sigma^2: 0.5, beta: -0.41, simulation: 55"
[1] "n sub: 10, n images per sub: 1, sigma^2: 1, beta: -0.41, simulation: 55"
[1] "n sub: 10, n images per sub: 1, sigma^2: 2, beta: -0.41, simulation: 55"
[1] "n sub: 10, n images per sub: 1, sigma^2: 0.5, beta: -0.41, simulation: 56"
[1] "n sub: 10, n images per sub: 1, sigma^2: 2, beta: -0.41, simulation: 56"
[1] "n sub: 10, n images per sub: 1, sigma^2: 1, beta: -0.41, simulation: 56"
[1] "n sub: 10, n images per sub: 1, sigma^2: 0.5, beta: -0.41, simulation: 57"
[1] "n sub: 10, n images per sub: 1, sigma^2: 2, beta: -0.41, simulation: 57"
[1] "n sub: 10, n images per sub: 1, sigma^2: 1, beta: -0.41, simulation: 57"
[1] "n sub: 10, n images per sub: 1, sigma^2: 0.5, beta: -0.41, simulation: 58"
[1] "n sub: 10, n images per sub: 1, sigma^2: 2, beta: -0.41, simulation: 58"
[1] "n sub: 10, n images per sub: 1, sigma^2: 1, beta: -0.41, simulation: 58"
[1] "n sub: 10, n images per sub: 1, sigma^2: 0.5, beta: -0.41, simulation: 59"
[1] "n sub: 10, n images per sub: 1, sigma^2: 2, beta: -0.41, simulation: 59"
[1] "n sub: 10, n images per sub: 1, sigma^2: 1, beta: -0.41, simulation: 59"
[1] "n sub: 10, n images per sub: 1, sigma^2: 0.5, beta: -0.41, simulation: 60"
[1] "n sub: 10, n images per sub: 1, sigma^2: 2, beta: -0.41, simulation: 60"
[1] "n sub: 10, n images per sub: 1, sigma^2: 1, beta: -0.41, simulation: 60"
[1] "n sub: 10, n images per sub: 1, sigma^2: 0.5, beta: -0.41, simulation: 61"
[1] "n sub: 10, n images per sub: 1, sigma^2: 2, beta: -0.41, simulation: 61"
[1] "n sub: 10, n images per sub: 1, sigma^2: 1, beta: -0.41, simulation: 61"
[1] "n sub: 10, n images per sub: 1, sigma^2: 0.5, beta: -0.41, simulation: 62"
[1] "n sub: 10, n images per sub: 1, sigma^2: 1, beta: -0.41, simulation: 62"
[1] "n sub: 10, n images per sub: 1, sigma^2: 2, beta: -0.41, simulation: 62"
[1] "n sub: 10, n images per sub: 1, sigma^2: 0.5, beta: -0.41, simulation: 63"
[1] "n sub: 10, n images per sub: 1, sigma^2: 1, beta: -0.41, simulation: 63"
[1] "n sub: 10, n images per sub: 1, sigma^2: 2, beta: -0.41, simulation: 63"
[1] "n sub: 10, n images per sub: 1, sigma^2: 0.5, beta: -0.41, simulation: 64"
[1] "n sub: 10, n images per sub: 1, sigma^2: 1, beta: -0.41, simulation: 64"
[1] "n sub: 10, n images per sub: 1, sigma^2: 2, beta: -0.41, simulation: 64"
[1] "n sub: 10, n images per sub: 1, sigma^2: 0.5, beta: -0.41, simulation: 65"
[1] "n sub: 10, n images per sub: 1, sigma^2: 1, beta: -0.41, simulation: 65"
[1] "n sub: 10, n images per sub: 1, sigma^2: 2, beta: -0.41, simulation: 65"
[1] "n sub: 10, n images per sub: 1, sigma^2: 0.5, beta: -0.41, simulation: 66"
[1] "n sub: 10, n images per sub: 1, sigma^2: 1, beta: -0.41, simulation: 66"
[1] "n sub: 10, n images per sub: 1, sigma^2: 2, beta: -0.41, simulation: 66"
[1] "n sub: 10, n images per sub: 1, sigma^2: 0.5, beta: -0.41, simulation: 67"
[1] "n sub: 10, n images per sub: 1, sigma^2: 1, beta: -0.41, simulation: 67"
[1] "n sub: 10, n images per sub: 1, sigma^2: 2, beta: -0.41, simulation: 67"
[1] "n sub: 10, n images per sub: 1, sigma^2: 0.5, beta: -0.41, simulation: 68"
[1] "n sub: 10, n images per sub: 1, sigma^2: 1, beta: -0.41, simulation: 68"
[1] "n sub: 10, n images per sub: 1, sigma^2: 2, beta: -0.41, simulation: 68"
[1] "n sub: 10, n images per sub: 1, sigma^2: 0.5, beta: -0.41, simulation: 69"
[1] "n sub: 10, n images per sub: 1, sigma^2: 1, beta: -0.41, simulation: 69"
[1] "n sub: 10, n images per sub: 1, sigma^2: 2, beta: -0.41, simulation: 69"
[1] "n sub: 10, n images per sub: 1, sigma^2: 0.5, beta: -0.41, simulation: 70"
[1] "n sub: 10, n images per sub: 1, sigma^2: 1, beta: -0.41, simulation: 70"
[1] "n sub: 10, n images per sub: 1, sigma^2: 2, beta: -0.41, simulation: 70"
