  [1] 6481 6482 6483 6484 6485 6486 6487 6488 6489 6490 6491 6492 6493 6494 6495
 [16] 6496 6497 6498 6499 6500 6501 6502 6503 6504 6505 6506 6507 6508 6509 6510
 [31] 6511 6512 6513 6514 6515 6516 6517 6518 6519 6520 6521 6522 6523 6524 6525
 [46] 6526 6527 6528 6529 6530 6531 6532 6533 6534 6535 6536 6537 6538 6539 6540
 [61] 6541 6542 6543 6544 6545 6546 6547 6548 6549 6550 6551 6552 6553 6554 6555
 [76] 6556 6557 6558 6559 6560 6561 6562 6563 6564 6565 6566 6567 6568 6569 6570
 [91] 6571 6572 6573 6574 6575 6576 6577 6578 6579 6580 6581 6582 6583 6584 6585
[106] 6586 6587 6588 6589 6590 6591 6592 6593 6594 6595 6596 6597 6598 6599 6600
[121] 6601 6602 6603 6604 6605 6606 6607 6608 6609 6610 6611 6612 6613 6614 6615
[1] "n sub: 50, n images per sub: 1, sigma^2: 2, beta: -0.22, simulation: 61"
[1] "n sub: 50, n images per sub: 1, sigma^2: 1, beta: -0.22, simulation: 61"
[1] "n sub: 50, n images per sub: 1, sigma^2: 0.5, beta: -0.22, simulation: 61"
[1] "n sub: 50, n images per sub: 1, sigma^2: 2, beta: -0.22, simulation: 62"
[1] "n sub: 50, n images per sub: 1, sigma^2: 1, beta: -0.22, simulation: 62"
[1] "n sub: 50, n images per sub: 1, sigma^2: 0.5, beta: -0.22, simulation: 62"
[1] "n sub: 50, n images per sub: 1, sigma^2: 2, beta: -0.22, simulation: 63"
[1] "n sub: 50, n images per sub: 1, sigma^2: 1, beta: -0.22, simulation: 63"
[1] "n sub: 50, n images per sub: 1, sigma^2: 0.5, beta: -0.22, simulation: 63"
[1] "n sub: 50, n images per sub: 1, sigma^2: 2, beta: -0.22, simulation: 64"
[1] "n sub: 50, n images per sub: 1, sigma^2: 1, beta: -0.22, simulation: 64"
[1] "n sub: 50, n images per sub: 1, sigma^2: 0.5, beta: -0.22, simulation: 64"
[1] "n sub: 50, n images per sub: 1, sigma^2: 2, beta: -0.22, simulation: 65"
[1] "n sub: 50, n images per sub: 1, sigma^2: 1, beta: -0.22, simulation: 65"
[1] "n sub: 50, n images per sub: 1, sigma^2: 0.5, beta: -0.22, simulation: 65"
[1] "n sub: 50, n images per sub: 1, sigma^2: 2, beta: -0.22, simulation: 66"
[1] "n sub: 50, n images per sub: 1, sigma^2: 1, beta: -0.22, simulation: 66"
[1] "n sub: 50, n images per sub: 1, sigma^2: 0.5, beta: -0.22, simulation: 66"
[1] "n sub: 50, n images per sub: 1, sigma^2: 2, beta: -0.22, simulation: 67"
[1] "n sub: 50, n images per sub: 1, sigma^2: 1, beta: -0.22, simulation: 67"
[1] "n sub: 50, n images per sub: 1, sigma^2: 0.5, beta: -0.22, simulation: 67"
[1] "n sub: 50, n images per sub: 1, sigma^2: 2, beta: -0.22, simulation: 68"
[1] "n sub: 50, n images per sub: 1, sigma^2: 1, beta: -0.22, simulation: 68"
[1] "n sub: 50, n images per sub: 1, sigma^2: 0.5, beta: -0.22, simulation: 68"
[1] "n sub: 50, n images per sub: 1, sigma^2: 2, beta: -0.22, simulation: 69"
[1] "n sub: 50, n images per sub: 1, sigma^2: 1, beta: -0.22, simulation: 69"
[1] "n sub: 50, n images per sub: 1, sigma^2: 0.5, beta: -0.22, simulation: 69"
[1] "n sub: 50, n images per sub: 1, sigma^2: 2, beta: -0.22, simulation: 70"
[1] "n sub: 50, n images per sub: 1, sigma^2: 1, beta: -0.22, simulation: 70"
[1] "n sub: 50, n images per sub: 1, sigma^2: 0.5, beta: -0.22, simulation: 70"
[1] "n sub: 50, n images per sub: 1, sigma^2: 2, beta: -0.22, simulation: 71"
[1] "n sub: 50, n images per sub: 1, sigma^2: 1, beta: -0.22, simulation: 71"
[1] "n sub: 50, n images per sub: 1, sigma^2: 0.5, beta: -0.22, simulation: 71"
[1] "n sub: 50, n images per sub: 1, sigma^2: 2, beta: -0.22, simulation: 72"
[1] "n sub: 50, n images per sub: 1, sigma^2: 1, beta: -0.22, simulation: 72"
[1] "n sub: 50, n images per sub: 1, sigma^2: 0.5, beta: -0.22, simulation: 72"
[1] "n sub: 50, n images per sub: 1, sigma^2: 2, beta: -0.22, simulation: 73"
[1] "n sub: 50, n images per sub: 1, sigma^2: 1, beta: -0.22, simulation: 73"
[1] "n sub: 50, n images per sub: 1, sigma^2: 0.5, beta: -0.22, simulation: 73"
[1] "n sub: 50, n images per sub: 1, sigma^2: 2, beta: -0.22, simulation: 74"
[1] "n sub: 50, n images per sub: 1, sigma^2: 1, beta: -0.22, simulation: 74"
[1] "n sub: 50, n images per sub: 1, sigma^2: 0.5, beta: -0.22, simulation: 74"
[1] "n sub: 50, n images per sub: 1, sigma^2: 2, beta: -0.22, simulation: 75"
[1] "n sub: 50, n images per sub: 1, sigma^2: 1, beta: -0.22, simulation: 75"
[1] "n sub: 50, n images per sub: 1, sigma^2: 0.5, beta: -0.22, simulation: 75"
[1] "n sub: 50, n images per sub: 1, sigma^2: 2, beta: -0.22, simulation: 76"
[1] "n sub: 50, n images per sub: 1, sigma^2: 1, beta: -0.22, simulation: 76"
[1] "n sub: 50, n images per sub: 1, sigma^2: 0.5, beta: -0.22, simulation: 76"
[1] "n sub: 50, n images per sub: 1, sigma^2: 2, beta: -0.22, simulation: 77"
[1] "n sub: 50, n images per sub: 1, sigma^2: 1, beta: -0.22, simulation: 77"
[1] "n sub: 50, n images per sub: 1, sigma^2: 0.5, beta: -0.22, simulation: 77"
[1] "n sub: 50, n images per sub: 1, sigma^2: 2, beta: -0.22, simulation: 78"
[1] "n sub: 50, n images per sub: 1, sigma^2: 1, beta: -0.22, simulation: 78"
[1] "n sub: 50, n images per sub: 1, sigma^2: 0.5, beta: -0.22, simulation: 78"
[1] "n sub: 50, n images per sub: 1, sigma^2: 2, beta: -0.22, simulation: 79"
[1] "n sub: 50, n images per sub: 1, sigma^2: 1, beta: -0.22, simulation: 79"
[1] "n sub: 50, n images per sub: 1, sigma^2: 0.5, beta: -0.22, simulation: 79"
[1] "n sub: 50, n images per sub: 1, sigma^2: 2, beta: -0.22, simulation: 80"
[1] "n sub: 50, n images per sub: 1, sigma^2: 1, beta: -0.22, simulation: 80"
[1] "n sub: 50, n images per sub: 1, sigma^2: 0.5, beta: -0.22, simulation: 80"
[1] "n sub: 50, n images per sub: 1, sigma^2: 2, beta: -0.22, simulation: 81"
[1] "n sub: 50, n images per sub: 1, sigma^2: 1, beta: -0.22, simulation: 81"
[1] "n sub: 50, n images per sub: 1, sigma^2: 0.5, beta: -0.22, simulation: 81"
[1] "n sub: 50, n images per sub: 1, sigma^2: 2, beta: -0.22, simulation: 82"
[1] "n sub: 50, n images per sub: 1, sigma^2: 1, beta: -0.22, simulation: 82"
[1] "n sub: 50, n images per sub: 1, sigma^2: 0.5, beta: -0.22, simulation: 82"
[1] "n sub: 50, n images per sub: 1, sigma^2: 2, beta: -0.22, simulation: 83"
[1] "n sub: 50, n images per sub: 1, sigma^2: 1, beta: -0.22, simulation: 83"
[1] "n sub: 50, n images per sub: 1, sigma^2: 0.5, beta: -0.22, simulation: 83"
[1] "n sub: 50, n images per sub: 1, sigma^2: 2, beta: -0.22, simulation: 84"
[1] "n sub: 50, n images per sub: 1, sigma^2: 1, beta: -0.22, simulation: 84"
[1] "n sub: 50, n images per sub: 1, sigma^2: 0.5, beta: -0.22, simulation: 84"
[1] "n sub: 50, n images per sub: 1, sigma^2: 2, beta: -0.22, simulation: 85"
[1] "n sub: 50, n images per sub: 1, sigma^2: 1, beta: -0.22, simulation: 85"
[1] "n sub: 50, n images per sub: 1, sigma^2: 0.5, beta: -0.22, simulation: 85"
[1] "n sub: 50, n images per sub: 1, sigma^2: 2, beta: -0.22, simulation: 86"
[1] "n sub: 50, n images per sub: 1, sigma^2: 1, beta: -0.22, simulation: 86"
[1] "n sub: 50, n images per sub: 1, sigma^2: 0.5, beta: -0.22, simulation: 86"
[1] "n sub: 50, n images per sub: 1, sigma^2: 2, beta: -0.22, simulation: 87"
[1] "n sub: 50, n images per sub: 1, sigma^2: 1, beta: -0.22, simulation: 87"
[1] "n sub: 50, n images per sub: 1, sigma^2: 0.5, beta: -0.22, simulation: 87"
[1] "n sub: 50, n images per sub: 1, sigma^2: 2, beta: -0.22, simulation: 88"
[1] "n sub: 50, n images per sub: 1, sigma^2: 1, beta: -0.22, simulation: 88"
[1] "n sub: 50, n images per sub: 1, sigma^2: 0.5, beta: -0.22, simulation: 88"
[1] "n sub: 50, n images per sub: 1, sigma^2: 2, beta: -0.22, simulation: 89"
[1] "n sub: 50, n images per sub: 1, sigma^2: 1, beta: -0.22, simulation: 89"
[1] "n sub: 50, n images per sub: 1, sigma^2: 0.5, beta: -0.22, simulation: 89"
[1] "n sub: 50, n images per sub: 1, sigma^2: 2, beta: -0.22, simulation: 90"
[1] "n sub: 50, n images per sub: 1, sigma^2: 1, beta: -0.22, simulation: 90"
[1] "n sub: 50, n images per sub: 1, sigma^2: 0.5, beta: -0.22, simulation: 90"
[1] "n sub: 50, n images per sub: 1, sigma^2: 2, beta: -0.22, simulation: 91"
[1] "n sub: 50, n images per sub: 1, sigma^2: 1, beta: -0.22, simulation: 91"
[1] "n sub: 50, n images per sub: 1, sigma^2: 0.5, beta: -0.22, simulation: 91"
[1] "n sub: 50, n images per sub: 1, sigma^2: 2, beta: -0.22, simulation: 92"
[1] "n sub: 50, n images per sub: 1, sigma^2: 1, beta: -0.22, simulation: 92"
[1] "n sub: 50, n images per sub: 1, sigma^2: 0.5, beta: -0.22, simulation: 92"
[1] "n sub: 50, n images per sub: 1, sigma^2: 2, beta: -0.22, simulation: 93"
[1] "n sub: 50, n images per sub: 1, sigma^2: 1, beta: -0.22, simulation: 93"
[1] "n sub: 50, n images per sub: 1, sigma^2: 0.5, beta: -0.22, simulation: 93"
[1] "n sub: 50, n images per sub: 1, sigma^2: 2, beta: -0.22, simulation: 94"
[1] "n sub: 50, n images per sub: 1, sigma^2: 1, beta: -0.22, simulation: 94"
[1] "n sub: 50, n images per sub: 1, sigma^2: 0.5, beta: -0.22, simulation: 94"
[1] "n sub: 50, n images per sub: 1, sigma^2: 2, beta: -0.22, simulation: 95"
[1] "n sub: 50, n images per sub: 1, sigma^2: 1, beta: -0.22, simulation: 95"
[1] "n sub: 50, n images per sub: 1, sigma^2: 0.5, beta: -0.22, simulation: 95"
[1] "n sub: 50, n images per sub: 1, sigma^2: 2, beta: -0.22, simulation: 96"
[1] "n sub: 50, n images per sub: 1, sigma^2: 1, beta: -0.22, simulation: 96"
[1] "n sub: 50, n images per sub: 1, sigma^2: 0.5, beta: -0.22, simulation: 96"
[1] "n sub: 50, n images per sub: 1, sigma^2: 2, beta: -0.22, simulation: 97"
[1] "n sub: 50, n images per sub: 1, sigma^2: 1, beta: -0.22, simulation: 97"
[1] "n sub: 50, n images per sub: 1, sigma^2: 0.5, beta: -0.22, simulation: 97"
[1] "n sub: 50, n images per sub: 1, sigma^2: 2, beta: -0.22, simulation: 98"
[1] "n sub: 50, n images per sub: 1, sigma^2: 1, beta: -0.22, simulation: 98"
[1] "n sub: 50, n images per sub: 1, sigma^2: 0.5, beta: -0.22, simulation: 98"
[1] "n sub: 50, n images per sub: 1, sigma^2: 2, beta: -0.22, simulation: 99"
[1] "n sub: 50, n images per sub: 1, sigma^2: 1, beta: -0.22, simulation: 99"
[1] "n sub: 50, n images per sub: 1, sigma^2: 0.5, beta: -0.22, simulation: 99"
[1] "n sub: 50, n images per sub: 1, sigma^2: 2, beta: -0.22, simulation: 100"
[1] "n sub: 50, n images per sub: 1, sigma^2: 1, beta: -0.22, simulation: 100"
[1] "n sub: 50, n images per sub: 1, sigma^2: 0.5, beta: -0.22, simulation: 100"
[1] "n sub: 50, n images per sub: 1, sigma^2: 1, beta: 0, simulation: 1"
[1] "n sub: 50, n images per sub: 1, sigma^2: 0.5, beta: 0, simulation: 1"
[1] "n sub: 50, n images per sub: 1, sigma^2: 2, beta: 0, simulation: 1"
[1] "n sub: 50, n images per sub: 1, sigma^2: 1, beta: 0, simulation: 2"
[1] "n sub: 50, n images per sub: 1, sigma^2: 0.5, beta: 0, simulation: 2"
[1] "n sub: 50, n images per sub: 1, sigma^2: 2, beta: 0, simulation: 2"
[1] "n sub: 50, n images per sub: 1, sigma^2: 1, beta: 0, simulation: 3"
[1] "n sub: 50, n images per sub: 1, sigma^2: 0.5, beta: 0, simulation: 3"
[1] "n sub: 50, n images per sub: 1, sigma^2: 2, beta: 0, simulation: 3"
[1] "n sub: 50, n images per sub: 1, sigma^2: 1, beta: 0, simulation: 4"
[1] "n sub: 50, n images per sub: 1, sigma^2: 0.5, beta: 0, simulation: 4"
[1] "n sub: 50, n images per sub: 1, sigma^2: 2, beta: 0, simulation: 4"
[1] "n sub: 50, n images per sub: 1, sigma^2: 0.5, beta: 0, simulation: 5"
[1] "n sub: 50, n images per sub: 1, sigma^2: 1, beta: 0, simulation: 5"
[1] "n sub: 50, n images per sub: 1, sigma^2: 2, beta: 0, simulation: 5"
