 [1] 10963 10964 10965 10966 10967 10968 10969 10970 10971 10972 10973 10974
[13] 10975 10976 10977 10978 10979 10980 10981 10982 10983 10984 10985 10986
[25] 10987 10988 10989 10990 10991 10992 10993 10994 10995 10996 10997 10998
[37] 10999 11000 11001 11002 11003 11004 11005 11006 11007 11008 11009 11010
[49] 11011 11012 11013 11014 11015 11016
[1] "n sub: 30, n images per sub: 5, sigma^2: 2, beta: -1.1, simulation: 55"
[1] "n sub: 30, n images per sub: 5, sigma^2: 1, beta: -1.1, simulation: 55"
[1] "n sub: 30, n images per sub: 5, sigma^2: 0.5, beta: -1.1, simulation: 55"
[1] "n sub: 30, n images per sub: 5, sigma^2: 2, beta: -1.1, simulation: 56"
[1] "n sub: 30, n images per sub: 5, sigma^2: 1, beta: -1.1, simulation: 56"
[1] "n sub: 30, n images per sub: 5, sigma^2: 0.5, beta: -1.1, simulation: 56"
[1] "n sub: 30, n images per sub: 5, sigma^2: 2, beta: -1.1, simulation: 57"
[1] "n sub: 30, n images per sub: 5, sigma^2: 1, beta: -1.1, simulation: 57"
[1] "n sub: 30, n images per sub: 5, sigma^2: 0.5, beta: -1.1, simulation: 57"
[1] "n sub: 30, n images per sub: 5, sigma^2: 2, beta: -1.1, simulation: 58"
[1] "n sub: 30, n images per sub: 5, sigma^2: 1, beta: -1.1, simulation: 58"
[1] "n sub: 30, n images per sub: 5, sigma^2: 0.5, beta: -1.1, simulation: 58"
[1] "n sub: 30, n images per sub: 5, sigma^2: 2, beta: -1.1, simulation: 59"
[1] "n sub: 30, n images per sub: 5, sigma^2: 1, beta: -1.1, simulation: 59"
[1] "n sub: 30, n images per sub: 5, sigma^2: 0.5, beta: -1.1, simulation: 59"
[1] "n sub: 30, n images per sub: 5, sigma^2: 2, beta: -1.1, simulation: 60"
[1] "n sub: 30, n images per sub: 5, sigma^2: 1, beta: -1.1, simulation: 60"
[1] "n sub: 30, n images per sub: 5, sigma^2: 0.5, beta: -1.1, simulation: 60"
[1] "n sub: 30, n images per sub: 5, sigma^2: 2, beta: -1.1, simulation: 61"
[1] "n sub: 30, n images per sub: 5, sigma^2: 1, beta: -1.1, simulation: 61"
[1] "n sub: 30, n images per sub: 5, sigma^2: 0.5, beta: -1.1, simulation: 61"
[1] "n sub: 30, n images per sub: 5, sigma^2: 0.5, beta: -1.1, simulation: 62"
[1] "n sub: 30, n images per sub: 5, sigma^2: 1, beta: -1.1, simulation: 62"
[1] "n sub: 30, n images per sub: 5, sigma^2: 2, beta: -1.1, simulation: 62"
[1] "n sub: 30, n images per sub: 5, sigma^2: 0.5, beta: -1.1, simulation: 63"
[1] "n sub: 30, n images per sub: 5, sigma^2: 1, beta: -1.1, simulation: 63"
[1] "n sub: 30, n images per sub: 5, sigma^2: 2, beta: -1.1, simulation: 63"
[1] "n sub: 30, n images per sub: 5, sigma^2: 0.5, beta: -1.1, simulation: 64"
[1] "n sub: 30, n images per sub: 5, sigma^2: 1, beta: -1.1, simulation: 64"
[1] "n sub: 30, n images per sub: 5, sigma^2: 2, beta: -1.1, simulation: 64"
[1] "n sub: 30, n images per sub: 5, sigma^2: 0.5, beta: -1.1, simulation: 65"
[1] "n sub: 30, n images per sub: 5, sigma^2: 1, beta: -1.1, simulation: 65"
[1] "n sub: 30, n images per sub: 5, sigma^2: 2, beta: -1.1, simulation: 65"
[1] "n sub: 30, n images per sub: 5, sigma^2: 0.5, beta: -1.1, simulation: 66"
[1] "n sub: 30, n images per sub: 5, sigma^2: 1, beta: -1.1, simulation: 66"
[1] "n sub: 30, n images per sub: 5, sigma^2: 2, beta: -1.1, simulation: 66"
[1] "n sub: 30, n images per sub: 5, sigma^2: 0.5, beta: -1.1, simulation: 67"
[1] "n sub: 30, n images per sub: 5, sigma^2: 1, beta: -1.1, simulation: 67"
[1] "n sub: 30, n images per sub: 5, sigma^2: 2, beta: -1.1, simulation: 67"
[1] "n sub: 30, n images per sub: 5, sigma^2: 0.5, beta: -1.1, simulation: 68"
[1] "n sub: 30, n images per sub: 5, sigma^2: 1, beta: -1.1, simulation: 68"
[1] "n sub: 30, n images per sub: 5, sigma^2: 2, beta: -1.1, simulation: 68"
[1] "n sub: 30, n images per sub: 5, sigma^2: 2, beta: -1.1, simulation: 69"
[1] "n sub: 30, n images per sub: 5, sigma^2: 0.5, beta: -1.1, simulation: 69"
[1] "n sub: 30, n images per sub: 5, sigma^2: 1, beta: -1.1, simulation: 69"
[1] "n sub: 30, n images per sub: 5, sigma^2: 2, beta: -1.1, simulation: 70"
[1] "n sub: 30, n images per sub: 5, sigma^2: 1, beta: -1.1, simulation: 70"
[1] "n sub: 30, n images per sub: 5, sigma^2: 0.5, beta: -1.1, simulation: 70"
[1] "n sub: 30, n images per sub: 5, sigma^2: 2, beta: -1.1, simulation: 71"
[1] "n sub: 30, n images per sub: 5, sigma^2: 0.5, beta: -1.1, simulation: 71"
[1] "n sub: 30, n images per sub: 5, sigma^2: 1, beta: -1.1, simulation: 71"
[1] "n sub: 30, n images per sub: 5, sigma^2: 2, beta: -1.1, simulation: 72"
[1] "n sub: 30, n images per sub: 5, sigma^2: 1, beta: -1.1, simulation: 72"
[1] "n sub: 30, n images per sub: 5, sigma^2: 0.5, beta: -1.1, simulation: 72"
