 [1] 11881 11882 11883 11884 11885 11886 11887 11888 11889 11890 11891 11892
[13] 11893 11894 11895 11896 11897 11898 11899 11900 11901 11902 11903 11904
[25] 11905 11906 11907 11908 11909 11910 11911 11912 11913 11914 11915 11916
[37] 11917 11918 11919 11920 11921 11922 11923 11924 11925 11926 11927 11928
[49] 11929 11930 11931 11932 11933 11934
[1] "n sub: 30, n images per sub: 5, sigma^2: 2, beta: -0.22, simulation: 61"
[1] "n sub: 30, n images per sub: 5, sigma^2: 1, beta: -0.22, simulation: 61"
[1] "n sub: 30, n images per sub: 5, sigma^2: 0.5, beta: -0.22, simulation: 61"
[1] "n sub: 30, n images per sub: 5, sigma^2: 2, beta: -0.22, simulation: 62"
[1] "n sub: 30, n images per sub: 5, sigma^2: 1, beta: -0.22, simulation: 62"
[1] "n sub: 30, n images per sub: 5, sigma^2: 0.5, beta: -0.22, simulation: 62"
[1] "n sub: 30, n images per sub: 5, sigma^2: 2, beta: -0.22, simulation: 63"
[1] "n sub: 30, n images per sub: 5, sigma^2: 1, beta: -0.22, simulation: 63"
[1] "n sub: 30, n images per sub: 5, sigma^2: 0.5, beta: -0.22, simulation: 63"
[1] "n sub: 30, n images per sub: 5, sigma^2: 2, beta: -0.22, simulation: 64"
[1] "n sub: 30, n images per sub: 5, sigma^2: 1, beta: -0.22, simulation: 64"
[1] "n sub: 30, n images per sub: 5, sigma^2: 0.5, beta: -0.22, simulation: 64"
[1] "n sub: 30, n images per sub: 5, sigma^2: 2, beta: -0.22, simulation: 65"
[1] "n sub: 30, n images per sub: 5, sigma^2: 1, beta: -0.22, simulation: 65"
[1] "n sub: 30, n images per sub: 5, sigma^2: 0.5, beta: -0.22, simulation: 65"
[1] "n sub: 30, n images per sub: 5, sigma^2: 2, beta: -0.22, simulation: 66"
[1] "n sub: 30, n images per sub: 5, sigma^2: 1, beta: -0.22, simulation: 66"
[1] "n sub: 30, n images per sub: 5, sigma^2: 0.5, beta: -0.22, simulation: 66"
[1] "n sub: 30, n images per sub: 5, sigma^2: 2, beta: -0.22, simulation: 67"
[1] "n sub: 30, n images per sub: 5, sigma^2: 1, beta: -0.22, simulation: 67"
[1] "n sub: 30, n images per sub: 5, sigma^2: 0.5, beta: -0.22, simulation: 67"
[1] "n sub: 30, n images per sub: 5, sigma^2: 2, beta: -0.22, simulation: 68"
[1] "n sub: 30, n images per sub: 5, sigma^2: 1, beta: -0.22, simulation: 68"
[1] "n sub: 30, n images per sub: 5, sigma^2: 0.5, beta: -0.22, simulation: 68"
[1] "n sub: 30, n images per sub: 5, sigma^2: 2, beta: -0.22, simulation: 69"
[1] "n sub: 30, n images per sub: 5, sigma^2: 1, beta: -0.22, simulation: 69"
[1] "n sub: 30, n images per sub: 5, sigma^2: 0.5, beta: -0.22, simulation: 69"
[1] "n sub: 30, n images per sub: 5, sigma^2: 2, beta: -0.22, simulation: 70"
[1] "n sub: 30, n images per sub: 5, sigma^2: 1, beta: -0.22, simulation: 70"
[1] "n sub: 30, n images per sub: 5, sigma^2: 0.5, beta: -0.22, simulation: 70"
[1] "n sub: 30, n images per sub: 5, sigma^2: 2, beta: -0.22, simulation: 71"
[1] "n sub: 30, n images per sub: 5, sigma^2: 1, beta: -0.22, simulation: 71"
[1] "n sub: 30, n images per sub: 5, sigma^2: 0.5, beta: -0.22, simulation: 71"
[1] "n sub: 30, n images per sub: 5, sigma^2: 2, beta: -0.22, simulation: 72"
[1] "n sub: 30, n images per sub: 5, sigma^2: 1, beta: -0.22, simulation: 72"
[1] "n sub: 30, n images per sub: 5, sigma^2: 0.5, beta: -0.22, simulation: 72"
[1] "n sub: 30, n images per sub: 5, sigma^2: 2, beta: -0.22, simulation: 73"
[1] "n sub: 30, n images per sub: 5, sigma^2: 1, beta: -0.22, simulation: 73"
[1] "n sub: 30, n images per sub: 5, sigma^2: 0.5, beta: -0.22, simulation: 73"
[1] "n sub: 30, n images per sub: 5, sigma^2: 2, beta: -0.22, simulation: 74"
[1] "n sub: 30, n images per sub: 5, sigma^2: 1, beta: -0.22, simulation: 74"
[1] "n sub: 30, n images per sub: 5, sigma^2: 0.5, beta: -0.22, simulation: 74"
[1] "n sub: 30, n images per sub: 5, sigma^2: 2, beta: -0.22, simulation: 75"
[1] "n sub: 30, n images per sub: 5, sigma^2: 1, beta: -0.22, simulation: 75"
[1] "n sub: 30, n images per sub: 5, sigma^2: 0.5, beta: -0.22, simulation: 75"
[1] "n sub: 30, n images per sub: 5, sigma^2: 2, beta: -0.22, simulation: 76"
[1] "n sub: 30, n images per sub: 5, sigma^2: 1, beta: -0.22, simulation: 76"
[1] "n sub: 30, n images per sub: 5, sigma^2: 0.5, beta: -0.22, simulation: 76"
[1] "n sub: 30, n images per sub: 5, sigma^2: 2, beta: -0.22, simulation: 77"
[1] "n sub: 30, n images per sub: 5, sigma^2: 1, beta: -0.22, simulation: 77"
[1] "n sub: 30, n images per sub: 5, sigma^2: 0.5, beta: -0.22, simulation: 77"
[1] "n sub: 30, n images per sub: 5, sigma^2: 2, beta: -0.22, simulation: 78"
[1] "n sub: 30, n images per sub: 5, sigma^2: 1, beta: -0.22, simulation: 78"
[1] "n sub: 30, n images per sub: 5, sigma^2: 0.5, beta: -0.22, simulation: 78"
