[1] "n sub: 50, n images per sub: 1, zero distance: 50, sigma^2: 0.5, beta: -1.1, simulation: 134"
[1] "no_corr"
[1] "pc_exp"
[1] "pc_sqexp"
[1] "n sub: 50, n images per sub: 1, zero distance: 50, sigma^2: 1, beta: -1.1, simulation: 134"
[1] "no_corr"
[1] "pc_exp"
[1] "pc_sqexp"
[1] "n sub: 50, n images per sub: 1, zero distance: 50, sigma^2: 2, beta: -1.1, simulation: 135"
[1] "no_corr"
[1] "pc_exp"
[1] "pc_sqexp"
[1] "n sub: 50, n images per sub: 1, zero distance: 50, sigma^2: 0.5, beta: -1.1, simulation: 135"
[1] "no_corr"
[1] "pc_exp"
[1] "pc_sqexp"
[1] "n sub: 50, n images per sub: 1, zero distance: 50, sigma^2: 1, beta: -1.1, simulation: 135"
[1] "no_corr"
[1] "pc_exp"
[1] "pc_sqexp"
[1] "n sub: 50, n images per sub: 1, zero distance: 50, sigma^2: 2, beta: -1.1, simulation: 136"
[1] "no_corr"
[1] "pc_exp"
[1] "pc_sqexp"
[1] "n sub: 50, n images per sub: 1, zero distance: 50, sigma^2: 1, beta: -1.1, simulation: 136"
[1] "no_corr"
[1] "pc_exp"
[1] "pc_sqexp"
[1] "n sub: 50, n images per sub: 1, zero distance: 50, sigma^2: 0.5, beta: -1.1, simulation: 136"
[1] "no_corr"
[1] "pc_exp"
[1] "pc_sqexp"
[1] "n sub: 50, n images per sub: 1, zero distance: 50, sigma^2: 2, beta: -1.1, simulation: 137"
[1] "no_corr"
[1] "pc_exp"
[1] "pc_sqexp"
[1] "n sub: 50, n images per sub: 1, zero distance: 50, sigma^2: 1, beta: -1.1, simulation: 137"
[1] "no_corr"
[1] "pc_exp"
[1] "pc_sqexp"
[1] "n sub: 50, n images per sub: 1, zero distance: 50, sigma^2: 0.5, beta: -1.1, simulation: 137"
[1] "no_corr"
[1] "pc_exp"
[1] "pc_sqexp"
[1] "n sub: 50, n images per sub: 1, zero distance: 50, sigma^2: 2, beta: -1.1, simulation: 138"
[1] "no_corr"
[1] "pc_exp"
[1] "pc_sqexp"
[1] "n sub: 50, n images per sub: 1, zero distance: 50, sigma^2: 1, beta: -1.1, simulation: 138"
[1] "no_corr"
[1] "pc_exp"
[1] "pc_sqexp"
[1] "n sub: 50, n images per sub: 1, zero distance: 50, sigma^2: 0.5, beta: -1.1, simulation: 138"
[1] "no_corr"
[1] "pc_exp"
[1] "pc_sqexp"
[1] "n sub: 50, n images per sub: 1, zero distance: 50, sigma^2: 2, beta: -1.1, simulation: 139"
[1] "no_corr"
[1] "pc_exp"
[1] "pc_sqexp"
[1] "n sub: 50, n images per sub: 1, zero distance: 50, sigma^2: 1, beta: -1.1, simulation: 139"
[1] "no_corr"
[1] "pc_exp"
[1] "pc_sqexp"
[1] "n sub: 50, n images per sub: 1, zero distance: 50, sigma^2: 0.5, beta: -1.1, simulation: 139"
[1] "no_corr"
[1] "pc_exp"
[1] "pc_sqexp"
[1] "n sub: 50, n images per sub: 1, zero distance: 50, sigma^2: 2, beta: -1.1, simulation: 140"
[1] "no_corr"
[1] "pc_exp"
[1] "pc_sqexp"
[1] "n sub: 50, n images per sub: 1, zero distance: 50, sigma^2: 1, beta: -1.1, simulation: 140"
[1] "no_corr"
[1] "pc_exp"
[1] "pc_sqexp"
[1] "n sub: 50, n images per sub: 1, zero distance: 50, sigma^2: 0.5, beta: -1.1, simulation: 140"
[1] "no_corr"
[1] "pc_exp"
[1] "pc_sqexp"
[1] "n sub: 50, n images per sub: 1, zero distance: 50, sigma^2: 2, beta: -1.1, simulation: 141"
[1] "no_corr"
[1] "pc_exp"
[1] "pc_sqexp"
[1] "n sub: 50, n images per sub: 1, zero distance: 50, sigma^2: 1, beta: -1.1, simulation: 141"
[1] "no_corr"
[1] "pc_exp"
[1] "pc_sqexp"
[1] "n sub: 50, n images per sub: 1, zero distance: 50, sigma^2: 0.5, beta: -1.1, simulation: 141"
[1] "no_corr"
[1] "pc_exp"
[1] "pc_sqexp"
[1] "n sub: 50, n images per sub: 1, zero distance: 50, sigma^2: 2, beta: -1.1, simulation: 142"
[1] "no_corr"
[1] "pc_exp"
[1] "pc_sqexp"
[1] "n sub: 50, n images per sub: 1, zero distance: 50, sigma^2: 1, beta: -1.1, simulation: 142"
[1] "no_corr"
[1] "pc_exp"
[1] "pc_sqexp"
[1] "n sub: 50, n images per sub: 1, zero distance: 50, sigma^2: 0.5, beta: -1.1, simulation: 142"
[1] "no_corr"
[1] "pc_exp"
[1] "pc_sqexp"
[1] "n sub: 50, n images per sub: 1, zero distance: 50, sigma^2: 2, beta: -1.1, simulation: 143"
[1] "no_corr"
[1] "pc_exp"
[1] "pc_sqexp"
[1] "n sub: 50, n images per sub: 1, zero distance: 50, sigma^2: 1, beta: -1.1, simulation: 143"
[1] "no_corr"
[1] "pc_exp"
[1] "pc_sqexp"
[1] "n sub: 50, n images per sub: 1, zero distance: 50, sigma^2: 0.5, beta: -1.1, simulation: 143"
[1] "no_corr"
[1] "pc_exp"
[1] "pc_sqexp"
[1] "n sub: 50, n images per sub: 1, zero distance: 50, sigma^2: 2, beta: -1.1, simulation: 144"
[1] "no_corr"
[1] "pc_exp"
[1] "pc_sqexp"
[1] "n sub: 50, n images per sub: 1, zero distance: 50, sigma^2: 1, beta: -1.1, simulation: 144"
[1] "no_corr"
[1] "pc_exp"
[1] "pc_sqexp"
[1] "n sub: 50, n images per sub: 1, zero distance: 50, sigma^2: 0.5, beta: -1.1, simulation: 144"
[1] "no_corr"
[1] "pc_exp"
[1] "pc_sqexp"
[1] "n sub: 50, n images per sub: 1, zero distance: 50, sigma^2: 2, beta: -1.1, simulation: 145"
[1] "no_corr"
[1] "pc_exp"
[1] "pc_sqexp"
[1] "n sub: 50, n images per sub: 1, zero distance: 50, sigma^2: 1, beta: -1.1, simulation: 145"
[1] "no_corr"
[1] "pc_exp"
[1] "pc_sqexp"
[1] "n sub: 50, n images per sub: 1, zero distance: 50, sigma^2: 0.5, beta: -1.1, simulation: 145"
[1] "no_corr"
[1] "pc_exp"
[1] "pc_sqexp"
[1] "n sub: 50, n images per sub: 1, zero distance: 50, sigma^2: 2, beta: -1.1, simulation: 146"
[1] "no_corr"
[1] "pc_exp"
[1] "pc_sqexp"
[1] "n sub: 50, n images per sub: 1, zero distance: 50, sigma^2: 1, beta: -1.1, simulation: 146"
[1] "no_corr"
[1] "pc_exp"
[1] "pc_sqexp"
[1] "n sub: 50, n images per sub: 1, zero distance: 50, sigma^2: 0.5, beta: -1.1, simulation: 146"
[1] "no_corr"
[1] "pc_exp"
[1] "pc_sqexp"
[1] "n sub: 50, n images per sub: 1, zero distance: 50, sigma^2: 2, beta: -1.1, simulation: 147"
[1] "no_corr"
[1] "pc_exp"
[1] "pc_sqexp"
[1] "n sub: 50, n images per sub: 1, zero distance: 50, sigma^2: 1, beta: -1.1, simulation: 147"
[1] "no_corr"
[1] "pc_exp"
[1] "pc_sqexp"
[1] "n sub: 50, n images per sub: 1, zero distance: 50, sigma^2: 0.5, beta: -1.1, simulation: 147"
[1] "no_corr"
[1] "pc_exp"
[1] "pc_sqexp"
[1] "n sub: 50, n images per sub: 1, zero distance: 50, sigma^2: 2, beta: -1.1, simulation: 148"
[1] "no_corr"
[1] "pc_exp"
[1] "pc_sqexp"
[1] "n sub: 50, n images per sub: 1, zero distance: 50, sigma^2: 1, beta: -1.1, simulation: 148"
[1] "no_corr"
[1] "pc_exp"
[1] "pc_sqexp"
[1] "n sub: 50, n images per sub: 1, zero distance: 50, sigma^2: 0.5, beta: -1.1, simulation: 148"
[1] "no_corr"
[1] "pc_exp"
[1] "pc_sqexp"
[1] "n sub: 50, n images per sub: 1, zero distance: 50, sigma^2: 2, beta: -1.1, simulation: 149"
[1] "no_corr"
[1] "pc_exp"
[1] "pc_sqexp"
[1] "n sub: 50, n images per sub: 1, zero distance: 50, sigma^2: 1, beta: -1.1, simulation: 149"
[1] "no_corr"
[1] "pc_exp"
[1] "pc_sqexp"
[1] "n sub: 50, n images per sub: 1, zero distance: 50, sigma^2: 0.5, beta: -1.1, simulation: 149"
[1] "no_corr"
[1] "pc_exp"
[1] "pc_sqexp"
[1] "n sub: 50, n images per sub: 1, zero distance: 50, sigma^2: 2, beta: -1.1, simulation: 150"
[1] "no_corr"
[1] "pc_exp"
[1] "pc_sqexp"
[1] "n sub: 50, n images per sub: 1, zero distance: 50, sigma^2: 1, beta: -1.1, simulation: 150"
[1] "no_corr"
[1] "pc_exp"
[1] "pc_sqexp"
[1] "n sub: 50, n images per sub: 1, zero distance: 50, sigma^2: 0.5, beta: -1.1, simulation: 150"
[1] "no_corr"
[1] "pc_exp"
[1] "pc_sqexp"
[1] "n sub: 50, n images per sub: 1, zero distance: 50, sigma^2: 2, beta: -1.1, simulation: 151"
[1] "no_corr"
[1] "pc_exp"
[1] "pc_sqexp"
[1] "n sub: 50, n images per sub: 1, zero distance: 50, sigma^2: 1, beta: -1.1, simulation: 151"
[1] "no_corr"
[1] "pc_exp"
[1] "pc_sqexp"
[1] "n sub: 50, n images per sub: 1, zero distance: 50, sigma^2: 0.5, beta: -1.1, simulation: 151"
[1] "no_corr"
[1] "pc_exp"
[1] "pc_sqexp"
[1] "n sub: 50, n images per sub: 1, zero distance: 50, sigma^2: 2, beta: -1.1, simulation: 152"
[1] "no_corr"
[1] "pc_exp"
[1] "pc_sqexp"
[1] "n sub: 50, n images per sub: 1, zero distance: 50, sigma^2: 1, beta: -1.1, simulation: 152"
[1] "no_corr"
[1] "pc_exp"
[1] "pc_sqexp"
[1] "n sub: 50, n images per sub: 1, zero distance: 50, sigma^2: 0.5, beta: -1.1, simulation: 152"
[1] "no_corr"
[1] "pc_exp"
[1] "pc_sqexp"
[1] "n sub: 50, n images per sub: 1, zero distance: 50, sigma^2: 0.5, beta: -1.1, simulation: 153"
[1] "no_corr"
[1] "pc_exp"
[1] "pc_sqexp"
[1] "n sub: 50, n images per sub: 1, zero distance: 50, sigma^2: 1, beta: -1.1, simulation: 153"
[1] "no_corr"
[1] "pc_exp"
[1] "pc_sqexp"
[1] "n sub: 50, n images per sub: 1, zero distance: 50, sigma^2: 2, beta: -1.1, simulation: 153"
[1] "no_corr"
[1] "pc_exp"
[1] "pc_sqexp"
[1] "n sub: 50, n images per sub: 1, zero distance: 50, sigma^2: 0.5, beta: -1.1, simulation: 154"
[1] "no_corr"
[1] "pc_exp"
[1] "pc_sqexp"
[1] "n sub: 50, n images per sub: 1, zero distance: 50, sigma^2: 1, beta: -1.1, simulation: 154"
[1] "no_corr"
[1] "pc_exp"
[1] "pc_sqexp"
[1] "n sub: 50, n images per sub: 1, zero distance: 50, sigma^2: 2, beta: -1.1, simulation: 154"
[1] "no_corr"
[1] "pc_exp"
[1] "pc_sqexp"
[1] "n sub: 50, n images per sub: 1, zero distance: 50, sigma^2: 0.5, beta: -1.1, simulation: 155"
[1] "no_corr"
[1] "pc_exp"
[1] "pc_sqexp"
[1] "n sub: 50, n images per sub: 1, zero distance: 50, sigma^2: 1, beta: -1.1, simulation: 155"
[1] "no_corr"
[1] "pc_exp"
[1] "pc_sqexp"
[1] "n sub: 50, n images per sub: 1, zero distance: 50, sigma^2: 2, beta: -1.1, simulation: 155"
[1] "no_corr"
[1] "pc_exp"
[1] "pc_sqexp"
[1] "n sub: 50, n images per sub: 1, zero distance: 50, sigma^2: 2, beta: -1.1, simulation: 156"
[1] "no_corr"
[1] "pc_exp"
[1] "pc_sqexp"
[1] "n sub: 50, n images per sub: 1, zero distance: 50, sigma^2: 0.5, beta: -1.1, simulation: 156"
[1] "no_corr"
[1] "pc_exp"
[1] "pc_sqexp"
[1] "n sub: 50, n images per sub: 1, zero distance: 50, sigma^2: 1, beta: -1.1, simulation: 156"
[1] "no_corr"
[1] "pc_exp"
[1] "pc_sqexp"
[1] "n sub: 50, n images per sub: 1, zero distance: 50, sigma^2: 2, beta: -1.1, simulation: 157"
[1] "no_corr"
[1] "pc_exp"
[1] "pc_sqexp"
[1] "n sub: 50, n images per sub: 1, zero distance: 50, sigma^2: 0.5, beta: -1.1, simulation: 157"
[1] "no_corr"
[1] "pc_exp"
[1] "pc_sqexp"
[1] "n sub: 50, n images per sub: 1, zero distance: 50, sigma^2: 1, beta: -1.1, simulation: 157"
[1] "no_corr"
[1] "pc_exp"
[1] "pc_sqexp"
[1] "n sub: 50, n images per sub: 1, zero distance: 50, sigma^2: 2, beta: -1.1, simulation: 158"
[1] "no_corr"
[1] "pc_exp"
[1] "pc_sqexp"
[1] "n sub: 50, n images per sub: 1, zero distance: 50, sigma^2: 0.5, beta: -1.1, simulation: 158"
[1] "no_corr"
[1] "pc_exp"
[1] "pc_sqexp"
[1] "n sub: 50, n images per sub: 1, zero distance: 50, sigma^2: 1, beta: -1.1, simulation: 158"
[1] "no_corr"
[1] "pc_exp"
[1] "pc_sqexp"
[1] "n sub: 50, n images per sub: 1, zero distance: 50, sigma^2: 2, beta: -1.1, simulation: 159"
[1] "no_corr"
[1] "pc_exp"
[1] "pc_sqexp"
[1] "n sub: 50, n images per sub: 1, zero distance: 50, sigma^2: 0.5, beta: -1.1, simulation: 159"
[1] "no_corr"
[1] "pc_exp"
[1] "pc_sqexp"
[1] "n sub: 50, n images per sub: 1, zero distance: 50, sigma^2: 1, beta: -1.1, simulation: 159"
[1] "no_corr"
[1] "pc_exp"
[1] "pc_sqexp"
[1] "n sub: 50, n images per sub: 1, zero distance: 50, sigma^2: 2, beta: -1.1, simulation: 160"
[1] "no_corr"
[1] "pc_exp"
[1] "pc_sqexp"
[1] "n sub: 50, n images per sub: 1, zero distance: 50, sigma^2: 0.5, beta: -1.1, simulation: 160"
[1] "no_corr"
[1] "pc_exp"
[1] "pc_sqexp"
[1] "n sub: 50, n images per sub: 1, zero distance: 50, sigma^2: 1, beta: -1.1, simulation: 160"
[1] "no_corr"
[1] "pc_exp"
[1] "pc_sqexp"
[1] "n sub: 50, n images per sub: 1, zero distance: 50, sigma^2: 2, beta: -1.1, simulation: 161"
[1] "no_corr"
[1] "pc_exp"
[1] "pc_sqexp"
[1] "n sub: 50, n images per sub: 1, zero distance: 50, sigma^2: 0.5, beta: -1.1, simulation: 161"
[1] "no_corr"
[1] "pc_exp"
[1] "pc_sqexp"
[1] "n sub: 50, n images per sub: 1, zero distance: 50, sigma^2: 1, beta: -1.1, simulation: 161"
[1] "no_corr"
[1] "pc_exp"
[1] "pc_sqexp"
[1] "n sub: 50, n images per sub: 1, zero distance: 50, sigma^2: 2, beta: -1.1, simulation: 162"
[1] "no_corr"
[1] "pc_exp"
[1] "pc_sqexp"
[1] "n sub: 50, n images per sub: 1, zero distance: 50, sigma^2: 0.5, beta: -1.1, simulation: 162"
[1] "no_corr"
[1] "pc_exp"
[1] "pc_sqexp"
[1] "n sub: 50, n images per sub: 1, zero distance: 50, sigma^2: 1, beta: -1.1, simulation: 162"
[1] "no_corr"
[1] "pc_exp"
[1] "pc_sqexp"
[1] "n sub: 50, n images per sub: 1, zero distance: 50, sigma^2: 2, beta: -1.1, simulation: 163"
[1] "no_corr"
[1] "pc_exp"
[1] "pc_sqexp"
[1] "n sub: 50, n images per sub: 1, zero distance: 50, sigma^2: 0.5, beta: -1.1, simulation: 163"
[1] "no_corr"
[1] "pc_exp"
[1] "pc_sqexp"
[1] "n sub: 50, n images per sub: 1, zero distance: 50, sigma^2: 1, beta: -1.1, simulation: 163"
[1] "no_corr"
[1] "pc_exp"
[1] "pc_sqexp"
[1] "n sub: 50, n images per sub: 1, zero distance: 50, sigma^2: 2, beta: -1.1, simulation: 164"
[1] "no_corr"
[1] "pc_exp"
[1] "pc_sqexp"
[1] "n sub: 50, n images per sub: 1, zero distance: 50, sigma^2: 0.5, beta: -1.1, simulation: 164"
[1] "no_corr"
[1] "pc_exp"
[1] "pc_sqexp"
[1] "n sub: 50, n images per sub: 1, zero distance: 50, sigma^2: 1, beta: -1.1, simulation: 164"
[1] "no_corr"
[1] "pc_exp"
[1] "pc_sqexp"
[1] "n sub: 50, n images per sub: 1, zero distance: 50, sigma^2: 2, beta: -1.1, simulation: 165"
[1] "no_corr"
[1] "pc_exp"
[1] "pc_sqexp"
[1] "n sub: 50, n images per sub: 1, zero distance: 50, sigma^2: 0.5, beta: -1.1, simulation: 165"
[1] "no_corr"
[1] "pc_exp"
[1] "pc_sqexp"
[1] "n sub: 50, n images per sub: 1, zero distance: 50, sigma^2: 1, beta: -1.1, simulation: 165"
[1] "no_corr"
[1] "pc_exp"
[1] "pc_sqexp"
[1] "n sub: 50, n images per sub: 1, zero distance: 50, sigma^2: 2, beta: -1.1, simulation: 166"
[1] "no_corr"
[1] "pc_exp"
[1] "pc_sqexp"
[1] "n sub: 50, n images per sub: 1, zero distance: 50, sigma^2: 1, beta: -1.1, simulation: 166"
[1] "no_corr"
[1] "pc_exp"
[1] "pc_sqexp"
[1] "n sub: 50, n images per sub: 1, zero distance: 50, sigma^2: 0.5, beta: -1.1, simulation: 166"
[1] "no_corr"
[1] "pc_exp"
[1] "pc_sqexp"
[1] "n sub: 50, n images per sub: 1, zero distance: 50, sigma^2: 2, beta: -1.1, simulation: 167"
[1] "no_corr"
[1] "pc_exp"
[1] "pc_sqexp"
[1] "n sub: 50, n images per sub: 1, zero distance: 50, sigma^2: 1, beta: -1.1, simulation: 167"
[1] "no_corr"
[1] "pc_exp"
[1] "pc_sqexp"
[1] "n sub: 50, n images per sub: 1, zero distance: 50, sigma^2: 0.5, beta: -1.1, simulation: 167"
[1] "no_corr"
[1] "pc_exp"
[1] "pc_sqexp"
[1] "n sub: 50, n images per sub: 1, zero distance: 50, sigma^2: 2, beta: -1.1, simulation: 168"
[1] "no_corr"
[1] "pc_exp"
[1] "pc_sqexp"
[1] "n sub: 50, n images per sub: 1, zero distance: 50, sigma^2: 1, beta: -1.1, simulation: 168"
[1] "no_corr"
[1] "pc_exp"
[1] "pc_sqexp"
[1] "n sub: 50, n images per sub: 1, zero distance: 50, sigma^2: 0.5, beta: -1.1, simulation: 168"
[1] "no_corr"
[1] "pc_exp"
[1] "pc_sqexp"
[1] "n sub: 50, n images per sub: 1, zero distance: 50, sigma^2: 2, beta: -1.1, simulation: 169"
[1] "no_corr"
[1] "pc_exp"
[1] "pc_sqexp"
[1] "n sub: 50, n images per sub: 1, zero distance: 50, sigma^2: 1, beta: -1.1, simulation: 169"
[1] "no_corr"
[1] "pc_exp"
[1] "pc_sqexp"
[1] "n sub: 50, n images per sub: 1, zero distance: 50, sigma^2: 0.5, beta: -1.1, simulation: 169"
[1] "no_corr"
[1] "pc_exp"
[1] "pc_sqexp"
[1] "n sub: 50, n images per sub: 1, zero distance: 50, sigma^2: 2, beta: -1.1, simulation: 170"
[1] "no_corr"
[1] "pc_exp"
[1] "pc_sqexp"
[1] "n sub: 50, n images per sub: 1, zero distance: 50, sigma^2: 1, beta: -1.1, simulation: 170"
[1] "no_corr"
[1] "pc_exp"
[1] "pc_sqexp"
[1] "n sub: 50, n images per sub: 1, zero distance: 50, sigma^2: 0.5, beta: -1.1, simulation: 170"
[1] "no_corr"
[1] "pc_exp"
[1] "pc_sqexp"
[1] "n sub: 50, n images per sub: 1, zero distance: 50, sigma^2: 2, beta: -1.1, simulation: 171"
[1] "no_corr"
[1] "pc_exp"
[1] "pc_sqexp"
[1] "n sub: 50, n images per sub: 1, zero distance: 50, sigma^2: 1, beta: -1.1, simulation: 171"
[1] "no_corr"
[1] "pc_exp"
[1] "pc_sqexp"
[1] "n sub: 50, n images per sub: 1, zero distance: 50, sigma^2: 0.5, beta: -1.1, simulation: 171"
[1] "no_corr"
[1] "pc_exp"
[1] "pc_sqexp"
[1] "n sub: 50, n images per sub: 1, zero distance: 50, sigma^2: 2, beta: -1.1, simulation: 172"
[1] "no_corr"
[1] "pc_exp"
[1] "pc_sqexp"
[1] "n sub: 50, n images per sub: 1, zero distance: 50, sigma^2: 1, beta: -1.1, simulation: 172"
[1] "no_corr"
[1] "pc_exp"
[1] "pc_sqexp"
[1] "n sub: 50, n images per sub: 1, zero distance: 50, sigma^2: 0.5, beta: -1.1, simulation: 172"
[1] "no_corr"
[1] "pc_exp"
[1] "pc_sqexp"
[1] "n sub: 50, n images per sub: 1, zero distance: 50, sigma^2: 2, beta: -1.1, simulation: 173"
[1] "no_corr"
[1] "pc_exp"
[1] "pc_sqexp"
[1] "n sub: 50, n images per sub: 1, zero distance: 50, sigma^2: 1, beta: -1.1, simulation: 173"
[1] "no_corr"
[1] "pc_exp"
[1] "pc_sqexp"
[1] "n sub: 50, n images per sub: 1, zero distance: 50, sigma^2: 0.5, beta: -1.1, simulation: 173"
[1] "no_corr"
[1] "pc_exp"
[1] "pc_sqexp"
[1] "n sub: 50, n images per sub: 1, zero distance: 50, sigma^2: 2, beta: -1.1, simulation: 174"
[1] "no_corr"
[1] "pc_exp"
[1] "pc_sqexp"
[1] "n sub: 50, n images per sub: 1, zero distance: 50, sigma^2: 1, beta: -1.1, simulation: 174"
[1] "no_corr"
[1] "pc_exp"
[1] "pc_sqexp"
[1] "n sub: 50, n images per sub: 1, zero distance: 50, sigma^2: 0.5, beta: -1.1, simulation: 174"
[1] "no_corr"
[1] "pc_exp"
[1] "pc_sqexp"
[1] "n sub: 50, n images per sub: 1, zero distance: 50, sigma^2: 2, beta: -1.1, simulation: 175"
[1] "no_corr"
[1] "pc_exp"
[1] "pc_sqexp"
[1] "n sub: 50, n images per sub: 1, zero distance: 50, sigma^2: 1, beta: -1.1, simulation: 175"
[1] "no_corr"
[1] "pc_exp"
[1] "pc_sqexp"
[1] "n sub: 50, n images per sub: 1, zero distance: 50, sigma^2: 0.5, beta: -1.1, simulation: 175"
[1] "no_corr"
[1] "pc_exp"
[1] "pc_sqexp"
[1] "n sub: 50, n images per sub: 1, zero distance: 50, sigma^2: 2, beta: -1.1, simulation: 176"
[1] "no_corr"
[1] "pc_exp"
[1] "pc_sqexp"
[1] "n sub: 50, n images per sub: 1, zero distance: 50, sigma^2: 1, beta: -1.1, simulation: 176"
[1] "no_corr"
[1] "pc_exp"
[1] "pc_sqexp"
[1] "n sub: 50, n images per sub: 1, zero distance: 50, sigma^2: 0.5, beta: -1.1, simulation: 176"
[1] "no_corr"
[1] "pc_exp"
[1] "pc_sqexp"
[1] "n sub: 50, n images per sub: 1, zero distance: 50, sigma^2: 2, beta: -1.1, simulation: 177"
[1] "no_corr"
[1] "pc_exp"
[1] "pc_sqexp"
[1] "n sub: 50, n images per sub: 1, zero distance: 50, sigma^2: 1, beta: -1.1, simulation: 177"
[1] "no_corr"
[1] "pc_exp"
[1] "pc_sqexp"
[1] "n sub: 50, n images per sub: 1, zero distance: 50, sigma^2: 0.5, beta: -1.1, simulation: 177"
[1] "no_corr"
[1] "pc_exp"
[1] "pc_sqexp"
[1] "n sub: 50, n images per sub: 1, zero distance: 50, sigma^2: 2, beta: -1.1, simulation: 178"
[1] "no_corr"
[1] "pc_exp"
[1] "pc_sqexp"
[1] "n sub: 50, n images per sub: 1, zero distance: 50, sigma^2: 1, beta: -1.1, simulation: 178"
[1] "no_corr"
[1] "pc_exp"
[1] "pc_sqexp"
[1] "n sub: 50, n images per sub: 1, zero distance: 50, sigma^2: 0.5, beta: -1.1, simulation: 178"
[1] "no_corr"
[1] "pc_exp"
[1] "pc_sqexp"
[1] "n sub: 50, n images per sub: 1, zero distance: 50, sigma^2: 2, beta: -1.1, simulation: 179"
[1] "no_corr"
[1] "pc_exp"
[1] "pc_sqexp"
[1] "n sub: 50, n images per sub: 1, zero distance: 50, sigma^2: 1, beta: -1.1, simulation: 179"
[1] "no_corr"
[1] "pc_exp"
[1] "pc_sqexp"
[1] "n sub: 50, n images per sub: 1, zero distance: 50, sigma^2: 0.5, beta: -1.1, simulation: 179"
[1] "no_corr"
[1] "pc_exp"
[1] "pc_sqexp"
[1] "n sub: 50, n images per sub: 1, zero distance: 50, sigma^2: 2, beta: -1.1, simulation: 180"
[1] "no_corr"
[1] "pc_exp"
[1] "pc_sqexp"
[1] "n sub: 50, n images per sub: 1, zero distance: 50, sigma^2: 1, beta: -1.1, simulation: 180"
[1] "no_corr"
[1] "pc_exp"
[1] "pc_sqexp"
[1] "n sub: 50, n images per sub: 1, zero distance: 50, sigma^2: 0.5, beta: -1.1, simulation: 180"
[1] "no_corr"
[1] "pc_exp"
[1] "pc_sqexp"
[1] "n sub: 50, n images per sub: 1, zero distance: 50, sigma^2: 2, beta: -1.1, simulation: 181"
[1] "no_corr"
[1] "pc_exp"
[1] "pc_sqexp"
[1] "n sub: 50, n images per sub: 1, zero distance: 50, sigma^2: 1, beta: -1.1, simulation: 181"
[1] "no_corr"
[1] "pc_exp"
[1] "pc_sqexp"
[1] "n sub: 50, n images per sub: 1, zero distance: 50, sigma^2: 0.5, beta: -1.1, simulation: 181"
[1] "no_corr"
[1] "pc_exp"
[1] "pc_sqexp"
[1] "n sub: 50, n images per sub: 1, zero distance: 50, sigma^2: 2, beta: -1.1, simulation: 182"
[1] "no_corr"
[1] "pc_exp"
[1] "pc_sqexp"
[1] "n sub: 50, n images per sub: 1, zero distance: 50, sigma^2: 1, beta: -1.1, simulation: 182"
[1] "no_corr"
[1] "pc_exp"
[1] "pc_sqexp"
[1] "n sub: 50, n images per sub: 1, zero distance: 50, sigma^2: 0.5, beta: -1.1, simulation: 182"
[1] "no_corr"
[1] "pc_exp"
[1] "pc_sqexp"
[1] "n sub: 50, n images per sub: 1, zero distance: 50, sigma^2: 2, beta: -1.1, simulation: 183"
[1] "no_corr"
[1] "pc_exp"
[1] "pc_sqexp"
[1] "n sub: 50, n images per sub: 1, zero distance: 50, sigma^2: 1, beta: -1.1, simulation: 183"
[1] "no_corr"
[1] "pc_exp"
[1] "pc_sqexp"
[1] "n sub: 50, n images per sub: 1, zero distance: 50, sigma^2: 0.5, beta: -1.1, simulation: 183"
[1] "no_corr"
[1] "pc_exp"
[1] "pc_sqexp"
[1] "n sub: 50, n images per sub: 1, zero distance: 50, sigma^2: 0.5, beta: -1.1, simulation: 184"
[1] "no_corr"
[1] "pc_exp"
[1] "pc_sqexp"
[1] "n sub: 50, n images per sub: 1, zero distance: 50, sigma^2: 1, beta: -1.1, simulation: 184"
[1] "no_corr"
[1] "pc_exp"
[1] "pc_sqexp"
[1] "n sub: 50, n images per sub: 1, zero distance: 50, sigma^2: 2, beta: -1.1, simulation: 184"
[1] "no_corr"
[1] "pc_exp"
[1] "pc_sqexp"
[1] "n sub: 50, n images per sub: 1, zero distance: 50, sigma^2: 0.5, beta: -1.1, simulation: 185"
[1] "no_corr"
[1] "pc_exp"
[1] "pc_sqexp"
[1] "n sub: 50, n images per sub: 1, zero distance: 50, sigma^2: 1, beta: -1.1, simulation: 185"
[1] "no_corr"
[1] "pc_exp"
[1] "pc_sqexp"
[1] "n sub: 50, n images per sub: 1, zero distance: 50, sigma^2: 2, beta: -1.1, simulation: 185"
[1] "no_corr"
[1] "pc_exp"
[1] "pc_sqexp"
[1] "n sub: 50, n images per sub: 1, zero distance: 50, sigma^2: 0.5, beta: -1.1, simulation: 186"
[1] "no_corr"
[1] "pc_exp"
[1] "pc_sqexp"
[1] "n sub: 50, n images per sub: 1, zero distance: 50, sigma^2: 1, beta: -1.1, simulation: 186"
[1] "no_corr"
[1] "pc_exp"
[1] "pc_sqexp"
[1] "n sub: 50, n images per sub: 1, zero distance: 50, sigma^2: 2, beta: -1.1, simulation: 186"
[1] "no_corr"
[1] "pc_exp"
[1] "pc_sqexp"
[1] "n sub: 50, n images per sub: 1, zero distance: 50, sigma^2: 2, beta: -1.1, simulation: 187"
[1] "no_corr"
[1] "pc_exp"
[1] "pc_sqexp"
[1] "n sub: 50, n images per sub: 1, zero distance: 50, sigma^2: 0.5, beta: -1.1, simulation: 187"
[1] "no_corr"
[1] "pc_exp"
[1] "pc_sqexp"
[1] "n sub: 50, n images per sub: 1, zero distance: 50, sigma^2: 1, beta: -1.1, simulation: 187"
[1] "no_corr"
[1] "pc_exp"
[1] "pc_sqexp"
[1] "n sub: 50, n images per sub: 1, zero distance: 50, sigma^2: 2, beta: -1.1, simulation: 188"
[1] "no_corr"
[1] "pc_exp"
[1] "pc_sqexp"
[1] "n sub: 50, n images per sub: 1, zero distance: 50, sigma^2: 0.5, beta: -1.1, simulation: 188"
[1] "no_corr"
[1] "pc_exp"
[1] "pc_sqexp"
[1] "n sub: 50, n images per sub: 1, zero distance: 50, sigma^2: 1, beta: -1.1, simulation: 188"
[1] "no_corr"
[1] "pc_exp"
[1] "pc_sqexp"
[1] "n sub: 50, n images per sub: 1, zero distance: 50, sigma^2: 2, beta: -1.1, simulation: 189"
[1] "no_corr"
[1] "pc_exp"
[1] "pc_sqexp"
[1] "n sub: 50, n images per sub: 1, zero distance: 50, sigma^2: 0.5, beta: -1.1, simulation: 189"
[1] "no_corr"
[1] "pc_exp"
[1] "pc_sqexp"
[1] "n sub: 50, n images per sub: 1, zero distance: 50, sigma^2: 1, beta: -1.1, simulation: 189"
[1] "no_corr"
[1] "pc_exp"
[1] "pc_sqexp"
[1] "n sub: 50, n images per sub: 1, zero distance: 50, sigma^2: 2, beta: -1.1, simulation: 190"
[1] "no_corr"
[1] "pc_exp"
[1] "pc_sqexp"
[1] "n sub: 50, n images per sub: 1, zero distance: 50, sigma^2: 0.5, beta: -1.1, simulation: 190"
[1] "no_corr"
[1] "pc_exp"
[1] "pc_sqexp"
[1] "n sub: 50, n images per sub: 1, zero distance: 50, sigma^2: 1, beta: -1.1, simulation: 190"
[1] "no_corr"
[1] "pc_exp"
[1] "pc_sqexp"
[1] "n sub: 50, n images per sub: 1, zero distance: 50, sigma^2: 2, beta: -1.1, simulation: 191"
[1] "no_corr"
[1] "pc_exp"
[1] "pc_sqexp"
[1] "n sub: 50, n images per sub: 1, zero distance: 50, sigma^2: 0.5, beta: -1.1, simulation: 191"
[1] "no_corr"
[1] "pc_exp"
[1] "pc_sqexp"
[1] "n sub: 50, n images per sub: 1, zero distance: 50, sigma^2: 1, beta: -1.1, simulation: 191"
[1] "no_corr"
[1] "pc_exp"
[1] "pc_sqexp"
[1] "n sub: 50, n images per sub: 1, zero distance: 50, sigma^2: 2, beta: -1.1, simulation: 192"
[1] "no_corr"
[1] "pc_exp"
[1] "pc_sqexp"
[1] "n sub: 50, n images per sub: 1, zero distance: 50, sigma^2: 0.5, beta: -1.1, simulation: 192"
[1] "no_corr"
[1] "pc_exp"
[1] "pc_sqexp"
[1] "n sub: 50, n images per sub: 1, zero distance: 50, sigma^2: 1, beta: -1.1, simulation: 192"
[1] "no_corr"
[1] "pc_exp"
[1] "pc_sqexp"
[1] "n sub: 50, n images per sub: 1, zero distance: 50, sigma^2: 2, beta: -1.1, simulation: 193"
[1] "no_corr"
[1] "pc_exp"
[1] "pc_sqexp"
[1] "n sub: 50, n images per sub: 1, zero distance: 50, sigma^2: 0.5, beta: -1.1, simulation: 193"
[1] "no_corr"
[1] "pc_exp"
[1] "pc_sqexp"
[1] "n sub: 50, n images per sub: 1, zero distance: 50, sigma^2: 1, beta: -1.1, simulation: 193"
[1] "no_corr"
[1] "pc_exp"
[1] "pc_sqexp"
[1] "n sub: 50, n images per sub: 1, zero distance: 50, sigma^2: 2, beta: -1.1, simulation: 194"
[1] "no_corr"
[1] "pc_exp"
[1] "pc_sqexp"
[1] "n sub: 50, n images per sub: 1, zero distance: 50, sigma^2: 0.5, beta: -1.1, simulation: 194"
[1] "no_corr"
[1] "pc_exp"
[1] "pc_sqexp"
[1] "n sub: 50, n images per sub: 1, zero distance: 50, sigma^2: 1, beta: -1.1, simulation: 194"
[1] "no_corr"
[1] "pc_exp"
[1] "pc_sqexp"
[1] "n sub: 50, n images per sub: 1, zero distance: 50, sigma^2: 2, beta: -1.1, simulation: 195"
[1] "no_corr"
[1] "pc_exp"
[1] "pc_sqexp"
[1] "n sub: 50, n images per sub: 1, zero distance: 50, sigma^2: 0.5, beta: -1.1, simulation: 195"
[1] "no_corr"
[1] "pc_exp"
[1] "pc_sqexp"
[1] "n sub: 50, n images per sub: 1, zero distance: 50, sigma^2: 1, beta: -1.1, simulation: 195"
[1] "no_corr"
[1] "pc_exp"
[1] "pc_sqexp"
[1] "n sub: 50, n images per sub: 1, zero distance: 50, sigma^2: 2, beta: -1.1, simulation: 196"
[1] "no_corr"
[1] "pc_exp"
[1] "pc_sqexp"
[1] "n sub: 50, n images per sub: 1, zero distance: 50, sigma^2: 0.5, beta: -1.1, simulation: 196"
[1] "no_corr"
[1] "pc_exp"
[1] "pc_sqexp"
[1] "n sub: 50, n images per sub: 1, zero distance: 50, sigma^2: 1, beta: -1.1, simulation: 196"
[1] "no_corr"
[1] "pc_exp"
[1] "pc_sqexp"
[1] "n sub: 50, n images per sub: 1, zero distance: 50, sigma^2: 2, beta: -1.1, simulation: 197"
[1] "no_corr"
[1] "pc_exp"
[1] "pc_sqexp"
[1] "n sub: 50, n images per sub: 1, zero distance: 50, sigma^2: 1, beta: -1.1, simulation: 197"
[1] "no_corr"
[1] "pc_exp"
[1] "pc_sqexp"
[1] "n sub: 50, n images per sub: 1, zero distance: 50, sigma^2: 0.5, beta: -1.1, simulation: 197"
[1] "no_corr"
[1] "pc_exp"
[1] "pc_sqexp"
[1] "n sub: 50, n images per sub: 1, zero distance: 50, sigma^2: 2, beta: -1.1, simulation: 198"
[1] "no_corr"
[1] "pc_exp"
[1] "pc_sqexp"
[1] "n sub: 50, n images per sub: 1, zero distance: 50, sigma^2: 1, beta: -1.1, simulation: 198"
[1] "no_corr"
[1] "pc_exp"
[1] "pc_sqexp"
[1] "n sub: 50, n images per sub: 1, zero distance: 50, sigma^2: 0.5, beta: -1.1, simulation: 198"
[1] "no_corr"
[1] "pc_exp"
[1] "pc_sqexp"
[1] "n sub: 50, n images per sub: 1, zero distance: 50, sigma^2: 2, beta: -1.1, simulation: 199"
[1] "no_corr"
[1] "pc_exp"
[1] "pc_sqexp"
[1] "n sub: 50, n images per sub: 1, zero distance: 50, sigma^2: 1, beta: -1.1, simulation: 199"
[1] "no_corr"
[1] "pc_exp"
[1] "pc_sqexp"
[1] "n sub: 50, n images per sub: 1, zero distance: 50, sigma^2: 0.5, beta: -1.1, simulation: 199"
[1] "no_corr"
[1] "pc_exp"
[1] "pc_sqexp"
[1] "n sub: 50, n images per sub: 1, zero distance: 50, sigma^2: 2, beta: -1.1, simulation: 200"
[1] "no_corr"
[1] "pc_exp"
[1] "pc_sqexp"
[1] "n sub: 50, n images per sub: 1, zero distance: 50, sigma^2: 1, beta: -1.1, simulation: 200"
[1] "no_corr"
[1] "pc_exp"
[1] "pc_sqexp"
[1] "n sub: 50, n images per sub: 1, zero distance: 50, sigma^2: 0.5, beta: -1.1, simulation: 200"
[1] "no_corr"
[1] "pc_exp"
[1] "pc_sqexp"
