 [1] 11665 11666 11667 11668 11669 11670 11671 11672 11673 11674 11675 11676
[13] 11677 11678 11679 11680 11681 11682 11683 11684 11685 11686 11687 11688
[25] 11689 11690 11691 11692 11693 11694 11695 11696 11697 11698 11699 11700
[37] 11701 11702 11703 11704 11705 11706 11707 11708 11709 11710 11711 11712
[49] 11713 11714 11715 11716 11717 11718
[1] "n sub: 30, n images per sub: 5, sigma^2: 1, beta: -0.41, simulation: 89"
[1] "n sub: 30, n images per sub: 5, sigma^2: 2, beta: -0.41, simulation: 89"
[1] "n sub: 30, n images per sub: 5, sigma^2: 0.5, beta: -0.41, simulation: 89"
[1] "n sub: 30, n images per sub: 5, sigma^2: 1, beta: -0.41, simulation: 90"
[1] "n sub: 30, n images per sub: 5, sigma^2: 2, beta: -0.41, simulation: 90"
[1] "n sub: 30, n images per sub: 5, sigma^2: 0.5, beta: -0.41, simulation: 90"
[1] "n sub: 30, n images per sub: 5, sigma^2: 1, beta: -0.41, simulation: 91"
[1] "n sub: 30, n images per sub: 5, sigma^2: 2, beta: -0.41, simulation: 91"
[1] "n sub: 30, n images per sub: 5, sigma^2: 0.5, beta: -0.41, simulation: 91"
[1] "n sub: 30, n images per sub: 5, sigma^2: 1, beta: -0.41, simulation: 92"
[1] "n sub: 30, n images per sub: 5, sigma^2: 2, beta: -0.41, simulation: 92"
[1] "n sub: 30, n images per sub: 5, sigma^2: 0.5, beta: -0.41, simulation: 92"
[1] "n sub: 30, n images per sub: 5, sigma^2: 1, beta: -0.41, simulation: 93"
[1] "n sub: 30, n images per sub: 5, sigma^2: 2, beta: -0.41, simulation: 93"
[1] "n sub: 30, n images per sub: 5, sigma^2: 0.5, beta: -0.41, simulation: 93"
[1] "n sub: 30, n images per sub: 5, sigma^2: 1, beta: -0.41, simulation: 94"
[1] "n sub: 30, n images per sub: 5, sigma^2: 2, beta: -0.41, simulation: 94"
[1] "n sub: 30, n images per sub: 5, sigma^2: 0.5, beta: -0.41, simulation: 94"
[1] "n sub: 30, n images per sub: 5, sigma^2: 1, beta: -0.41, simulation: 95"
[1] "n sub: 30, n images per sub: 5, sigma^2: 2, beta: -0.41, simulation: 95"
[1] "n sub: 30, n images per sub: 5, sigma^2: 0.5, beta: -0.41, simulation: 95"
[1] "n sub: 30, n images per sub: 5, sigma^2: 1, beta: -0.41, simulation: 96"
[1] "n sub: 30, n images per sub: 5, sigma^2: 2, beta: -0.41, simulation: 96"
[1] "n sub: 30, n images per sub: 5, sigma^2: 0.5, beta: -0.41, simulation: 96"
[1] "n sub: 30, n images per sub: 5, sigma^2: 1, beta: -0.41, simulation: 97"
[1] "n sub: 30, n images per sub: 5, sigma^2: 2, beta: -0.41, simulation: 97"
[1] "n sub: 30, n images per sub: 5, sigma^2: 0.5, beta: -0.41, simulation: 97"
[1] "n sub: 30, n images per sub: 5, sigma^2: 1, beta: -0.41, simulation: 98"
[1] "n sub: 30, n images per sub: 5, sigma^2: 2, beta: -0.41, simulation: 98"
[1] "n sub: 30, n images per sub: 5, sigma^2: 0.5, beta: -0.41, simulation: 98"
[1] "n sub: 30, n images per sub: 5, sigma^2: 1, beta: -0.41, simulation: 99"
[1] "n sub: 30, n images per sub: 5, sigma^2: 0.5, beta: -0.41, simulation: 99"
[1] "n sub: 30, n images per sub: 5, sigma^2: 2, beta: -0.41, simulation: 99"
[1] "n sub: 30, n images per sub: 5, sigma^2: 1, beta: -0.41, simulation: 100"
[1] "n sub: 30, n images per sub: 5, sigma^2: 2, beta: -0.41, simulation: 100"
[1] "n sub: 30, n images per sub: 5, sigma^2: 0.5, beta: -0.41, simulation: 100"
[1] "n sub: 30, n images per sub: 5, sigma^2: 2, beta: -0.22, simulation: 1"
[1] "n sub: 30, n images per sub: 5, sigma^2: 1, beta: -0.22, simulation: 1"
[1] "n sub: 30, n images per sub: 5, sigma^2: 0.5, beta: -0.22, simulation: 1"
[1] "n sub: 30, n images per sub: 5, sigma^2: 2, beta: -0.22, simulation: 2"
[1] "n sub: 30, n images per sub: 5, sigma^2: 1, beta: -0.22, simulation: 2"
[1] "n sub: 30, n images per sub: 5, sigma^2: 0.5, beta: -0.22, simulation: 2"
[1] "n sub: 30, n images per sub: 5, sigma^2: 2, beta: -0.22, simulation: 3"
[1] "n sub: 30, n images per sub: 5, sigma^2: 1, beta: -0.22, simulation: 3"
[1] "n sub: 30, n images per sub: 5, sigma^2: 0.5, beta: -0.22, simulation: 3"
[1] "n sub: 30, n images per sub: 5, sigma^2: 2, beta: -0.22, simulation: 4"
[1] "n sub: 30, n images per sub: 5, sigma^2: 1, beta: -0.22, simulation: 4"
[1] "n sub: 30, n images per sub: 5, sigma^2: 0.5, beta: -0.22, simulation: 4"
[1] "n sub: 30, n images per sub: 5, sigma^2: 2, beta: -0.22, simulation: 5"
[1] "n sub: 30, n images per sub: 5, sigma^2: 1, beta: -0.22, simulation: 5"
[1] "n sub: 30, n images per sub: 5, sigma^2: 0.5, beta: -0.22, simulation: 5"
[1] "n sub: 30, n images per sub: 5, sigma^2: 2, beta: -0.22, simulation: 6"
[1] "n sub: 30, n images per sub: 5, sigma^2: 1, beta: -0.22, simulation: 6"
[1] "n sub: 30, n images per sub: 5, sigma^2: 0.5, beta: -0.22, simulation: 6"
