  [1] 4996 4997 4998 4999 5000 5001 5002 5003 5004 5005 5006 5007 5008 5009 5010
 [16] 5011 5012 5013 5014 5015 5016 5017 5018 5019 5020 5021 5022 5023 5024 5025
 [31] 5026 5027 5028 5029 5030 5031 5032 5033 5034 5035 5036 5037 5038 5039 5040
 [46] 5041 5042 5043 5044 5045 5046 5047 5048 5049 5050 5051 5052 5053 5054 5055
 [61] 5056 5057 5058 5059 5060 5061 5062 5063 5064 5065 5066 5067 5068 5069 5070
 [76] 5071 5072 5073 5074 5075 5076 5077 5078 5079 5080 5081 5082 5083 5084 5085
 [91] 5086 5087 5088 5089 5090 5091 5092 5093 5094 5095 5096 5097 5098 5099 5100
[106] 5101 5102 5103 5104 5105 5106 5107 5108 5109 5110 5111 5112 5113 5114 5115
[121] 5116 5117 5118 5119 5120 5121 5122 5123 5124 5125 5126 5127 5128 5129 5130
[1] "n sub: 30, n images per sub: 1, sigma^2: 2, beta: 0.69, simulation: 66"
[1] "n sub: 30, n images per sub: 1, sigma^2: 1, beta: 0.69, simulation: 66"
[1] "n sub: 30, n images per sub: 1, sigma^2: 0.5, beta: 0.69, simulation: 66"
[1] "n sub: 30, n images per sub: 1, sigma^2: 2, beta: 0.69, simulation: 67"
[1] "n sub: 30, n images per sub: 1, sigma^2: 1, beta: 0.69, simulation: 67"
[1] "n sub: 30, n images per sub: 1, sigma^2: 0.5, beta: 0.69, simulation: 67"
[1] "n sub: 30, n images per sub: 1, sigma^2: 2, beta: 0.69, simulation: 68"
[1] "n sub: 30, n images per sub: 1, sigma^2: 1, beta: 0.69, simulation: 68"
[1] "n sub: 30, n images per sub: 1, sigma^2: 0.5, beta: 0.69, simulation: 68"
[1] "n sub: 30, n images per sub: 1, sigma^2: 2, beta: 0.69, simulation: 69"
[1] "n sub: 30, n images per sub: 1, sigma^2: 1, beta: 0.69, simulation: 69"
[1] "n sub: 30, n images per sub: 1, sigma^2: 0.5, beta: 0.69, simulation: 69"
[1] "n sub: 30, n images per sub: 1, sigma^2: 2, beta: 0.69, simulation: 70"
[1] "n sub: 30, n images per sub: 1, sigma^2: 1, beta: 0.69, simulation: 70"
[1] "n sub: 30, n images per sub: 1, sigma^2: 0.5, beta: 0.69, simulation: 70"
[1] "n sub: 30, n images per sub: 1, sigma^2: 2, beta: 0.69, simulation: 71"
[1] "n sub: 30, n images per sub: 1, sigma^2: 1, beta: 0.69, simulation: 71"
[1] "n sub: 30, n images per sub: 1, sigma^2: 0.5, beta: 0.69, simulation: 71"
[1] "n sub: 30, n images per sub: 1, sigma^2: 2, beta: 0.69, simulation: 72"
[1] "n sub: 30, n images per sub: 1, sigma^2: 1, beta: 0.69, simulation: 72"
[1] "n sub: 30, n images per sub: 1, sigma^2: 0.5, beta: 0.69, simulation: 72"
[1] "n sub: 30, n images per sub: 1, sigma^2: 2, beta: 0.69, simulation: 73"
[1] "n sub: 30, n images per sub: 1, sigma^2: 1, beta: 0.69, simulation: 73"
[1] "n sub: 30, n images per sub: 1, sigma^2: 0.5, beta: 0.69, simulation: 73"
[1] "n sub: 30, n images per sub: 1, sigma^2: 2, beta: 0.69, simulation: 74"
[1] "n sub: 30, n images per sub: 1, sigma^2: 1, beta: 0.69, simulation: 74"
[1] "n sub: 30, n images per sub: 1, sigma^2: 0.5, beta: 0.69, simulation: 74"
[1] "n sub: 30, n images per sub: 1, sigma^2: 2, beta: 0.69, simulation: 75"
[1] "n sub: 30, n images per sub: 1, sigma^2: 1, beta: 0.69, simulation: 75"
[1] "n sub: 30, n images per sub: 1, sigma^2: 0.5, beta: 0.69, simulation: 75"
[1] "n sub: 30, n images per sub: 1, sigma^2: 2, beta: 0.69, simulation: 76"
[1] "n sub: 30, n images per sub: 1, sigma^2: 1, beta: 0.69, simulation: 76"
[1] "n sub: 30, n images per sub: 1, sigma^2: 0.5, beta: 0.69, simulation: 76"
[1] "n sub: 30, n images per sub: 1, sigma^2: 2, beta: 0.69, simulation: 77"
[1] "n sub: 30, n images per sub: 1, sigma^2: 1, beta: 0.69, simulation: 77"
[1] "n sub: 30, n images per sub: 1, sigma^2: 0.5, beta: 0.69, simulation: 77"
[1] "n sub: 30, n images per sub: 1, sigma^2: 2, beta: 0.69, simulation: 78"
[1] "n sub: 30, n images per sub: 1, sigma^2: 1, beta: 0.69, simulation: 78"
[1] "n sub: 30, n images per sub: 1, sigma^2: 0.5, beta: 0.69, simulation: 78"
[1] "n sub: 30, n images per sub: 1, sigma^2: 2, beta: 0.69, simulation: 79"
[1] "n sub: 30, n images per sub: 1, sigma^2: 1, beta: 0.69, simulation: 79"
[1] "n sub: 30, n images per sub: 1, sigma^2: 0.5, beta: 0.69, simulation: 79"
[1] "n sub: 30, n images per sub: 1, sigma^2: 2, beta: 0.69, simulation: 80"
[1] "n sub: 30, n images per sub: 1, sigma^2: 1, beta: 0.69, simulation: 80"
[1] "n sub: 30, n images per sub: 1, sigma^2: 0.5, beta: 0.69, simulation: 80"
[1] "n sub: 30, n images per sub: 1, sigma^2: 2, beta: 0.69, simulation: 81"
[1] "n sub: 30, n images per sub: 1, sigma^2: 1, beta: 0.69, simulation: 81"
[1] "n sub: 30, n images per sub: 1, sigma^2: 0.5, beta: 0.69, simulation: 81"
[1] "n sub: 30, n images per sub: 1, sigma^2: 1, beta: 0.69, simulation: 82"
[1] "n sub: 30, n images per sub: 1, sigma^2: 2, beta: 0.69, simulation: 82"
[1] "n sub: 30, n images per sub: 1, sigma^2: 0.5, beta: 0.69, simulation: 82"
[1] "n sub: 30, n images per sub: 1, sigma^2: 1, beta: 0.69, simulation: 83"
[1] "n sub: 30, n images per sub: 1, sigma^2: 2, beta: 0.69, simulation: 83"
[1] "n sub: 30, n images per sub: 1, sigma^2: 0.5, beta: 0.69, simulation: 83"
[1] "n sub: 30, n images per sub: 1, sigma^2: 2, beta: 0.69, simulation: 84"
[1] "n sub: 30, n images per sub: 1, sigma^2: 1, beta: 0.69, simulation: 84"
[1] "n sub: 30, n images per sub: 1, sigma^2: 0.5, beta: 0.69, simulation: 84"
[1] "n sub: 30, n images per sub: 1, sigma^2: 2, beta: 0.69, simulation: 85"
[1] "n sub: 30, n images per sub: 1, sigma^2: 1, beta: 0.69, simulation: 85"
[1] "n sub: 30, n images per sub: 1, sigma^2: 0.5, beta: 0.69, simulation: 85"
[1] "n sub: 30, n images per sub: 1, sigma^2: 2, beta: 0.69, simulation: 86"
[1] "n sub: 30, n images per sub: 1, sigma^2: 1, beta: 0.69, simulation: 86"
[1] "n sub: 30, n images per sub: 1, sigma^2: 0.5, beta: 0.69, simulation: 86"
[1] "n sub: 30, n images per sub: 1, sigma^2: 2, beta: 0.69, simulation: 87"
[1] "n sub: 30, n images per sub: 1, sigma^2: 1, beta: 0.69, simulation: 87"
[1] "n sub: 30, n images per sub: 1, sigma^2: 0.5, beta: 0.69, simulation: 87"
[1] "n sub: 30, n images per sub: 1, sigma^2: 2, beta: 0.69, simulation: 88"
[1] "n sub: 30, n images per sub: 1, sigma^2: 1, beta: 0.69, simulation: 88"
[1] "n sub: 30, n images per sub: 1, sigma^2: 0.5, beta: 0.69, simulation: 88"
[1] "n sub: 30, n images per sub: 1, sigma^2: 2, beta: 0.69, simulation: 89"
[1] "n sub: 30, n images per sub: 1, sigma^2: 1, beta: 0.69, simulation: 89"
[1] "n sub: 30, n images per sub: 1, sigma^2: 0.5, beta: 0.69, simulation: 89"
[1] "n sub: 30, n images per sub: 1, sigma^2: 2, beta: 0.69, simulation: 90"
[1] "n sub: 30, n images per sub: 1, sigma^2: 1, beta: 0.69, simulation: 90"
[1] "n sub: 30, n images per sub: 1, sigma^2: 0.5, beta: 0.69, simulation: 90"
[1] "n sub: 30, n images per sub: 1, sigma^2: 2, beta: 0.69, simulation: 91"
[1] "n sub: 30, n images per sub: 1, sigma^2: 1, beta: 0.69, simulation: 91"
[1] "n sub: 30, n images per sub: 1, sigma^2: 0.5, beta: 0.69, simulation: 91"
[1] "n sub: 30, n images per sub: 1, sigma^2: 2, beta: 0.69, simulation: 92"
[1] "n sub: 30, n images per sub: 1, sigma^2: 1, beta: 0.69, simulation: 92"
[1] "n sub: 30, n images per sub: 1, sigma^2: 0.5, beta: 0.69, simulation: 92"
[1] "n sub: 30, n images per sub: 1, sigma^2: 2, beta: 0.69, simulation: 93"
[1] "n sub: 30, n images per sub: 1, sigma^2: 1, beta: 0.69, simulation: 93"
[1] "n sub: 30, n images per sub: 1, sigma^2: 0.5, beta: 0.69, simulation: 93"
[1] "n sub: 30, n images per sub: 1, sigma^2: 2, beta: 0.69, simulation: 94"
[1] "n sub: 30, n images per sub: 1, sigma^2: 1, beta: 0.69, simulation: 94"
[1] "n sub: 30, n images per sub: 1, sigma^2: 0.5, beta: 0.69, simulation: 94"
[1] "n sub: 30, n images per sub: 1, sigma^2: 2, beta: 0.69, simulation: 95"
[1] "n sub: 30, n images per sub: 1, sigma^2: 1, beta: 0.69, simulation: 95"
[1] "n sub: 30, n images per sub: 1, sigma^2: 0.5, beta: 0.69, simulation: 95"
[1] "n sub: 30, n images per sub: 1, sigma^2: 2, beta: 0.69, simulation: 96"
[1] "n sub: 30, n images per sub: 1, sigma^2: 1, beta: 0.69, simulation: 96"
[1] "n sub: 30, n images per sub: 1, sigma^2: 0.5, beta: 0.69, simulation: 96"
[1] "n sub: 30, n images per sub: 1, sigma^2: 2, beta: 0.69, simulation: 97"
[1] "n sub: 30, n images per sub: 1, sigma^2: 1, beta: 0.69, simulation: 97"
[1] "n sub: 30, n images per sub: 1, sigma^2: 0.5, beta: 0.69, simulation: 97"
[1] "n sub: 30, n images per sub: 1, sigma^2: 2, beta: 0.69, simulation: 98"
[1] "n sub: 30, n images per sub: 1, sigma^2: 1, beta: 0.69, simulation: 98"
[1] "n sub: 30, n images per sub: 1, sigma^2: 0.5, beta: 0.69, simulation: 98"
[1] "n sub: 30, n images per sub: 1, sigma^2: 2, beta: 0.69, simulation: 99"
[1] "n sub: 30, n images per sub: 1, sigma^2: 1, beta: 0.69, simulation: 99"
[1] "n sub: 30, n images per sub: 1, sigma^2: 0.5, beta: 0.69, simulation: 99"
[1] "n sub: 30, n images per sub: 1, sigma^2: 2, beta: 0.69, simulation: 100"
[1] "n sub: 30, n images per sub: 1, sigma^2: 1, beta: 0.69, simulation: 100"
[1] "n sub: 30, n images per sub: 1, sigma^2: 0.5, beta: 0.69, simulation: 100"
[1] "n sub: 30, n images per sub: 1, sigma^2: 2, beta: 1.1, simulation: 1"
[1] "n sub: 30, n images per sub: 1, sigma^2: 0.5, beta: 1.1, simulation: 1"
[1] "n sub: 30, n images per sub: 1, sigma^2: 1, beta: 1.1, simulation: 1"
[1] "n sub: 30, n images per sub: 1, sigma^2: 2, beta: 1.1, simulation: 2"
[1] "n sub: 30, n images per sub: 1, sigma^2: 0.5, beta: 1.1, simulation: 2"
[1] "n sub: 30, n images per sub: 1, sigma^2: 1, beta: 1.1, simulation: 2"
[1] "n sub: 30, n images per sub: 1, sigma^2: 2, beta: 1.1, simulation: 3"
[1] "n sub: 30, n images per sub: 1, sigma^2: 0.5, beta: 1.1, simulation: 3"
[1] "n sub: 30, n images per sub: 1, sigma^2: 1, beta: 1.1, simulation: 3"
[1] "n sub: 30, n images per sub: 1, sigma^2: 2, beta: 1.1, simulation: 4"
[1] "n sub: 30, n images per sub: 1, sigma^2: 0.5, beta: 1.1, simulation: 4"
[1] "n sub: 30, n images per sub: 1, sigma^2: 1, beta: 1.1, simulation: 4"
[1] "n sub: 30, n images per sub: 1, sigma^2: 2, beta: 1.1, simulation: 5"
[1] "n sub: 30, n images per sub: 1, sigma^2: 0.5, beta: 1.1, simulation: 5"
[1] "n sub: 30, n images per sub: 1, sigma^2: 1, beta: 1.1, simulation: 5"
[1] "n sub: 30, n images per sub: 1, sigma^2: 2, beta: 1.1, simulation: 6"
[1] "n sub: 30, n images per sub: 1, sigma^2: 0.5, beta: 1.1, simulation: 6"
[1] "n sub: 30, n images per sub: 1, sigma^2: 1, beta: 1.1, simulation: 6"
[1] "n sub: 30, n images per sub: 1, sigma^2: 2, beta: 1.1, simulation: 7"
[1] "n sub: 30, n images per sub: 1, sigma^2: 0.5, beta: 1.1, simulation: 7"
[1] "n sub: 30, n images per sub: 1, sigma^2: 1, beta: 1.1, simulation: 7"
[1] "n sub: 30, n images per sub: 1, sigma^2: 2, beta: 1.1, simulation: 8"
[1] "n sub: 30, n images per sub: 1, sigma^2: 0.5, beta: 1.1, simulation: 8"
[1] "n sub: 30, n images per sub: 1, sigma^2: 1, beta: 1.1, simulation: 8"
[1] "n sub: 30, n images per sub: 1, sigma^2: 2, beta: 1.1, simulation: 9"
[1] "n sub: 30, n images per sub: 1, sigma^2: 0.5, beta: 1.1, simulation: 9"
[1] "n sub: 30, n images per sub: 1, sigma^2: 1, beta: 1.1, simulation: 9"
[1] "n sub: 30, n images per sub: 1, sigma^2: 2, beta: 1.1, simulation: 10"
[1] "n sub: 30, n images per sub: 1, sigma^2: 0.5, beta: 1.1, simulation: 10"
[1] "n sub: 30, n images per sub: 1, sigma^2: 1, beta: 1.1, simulation: 10"
