 [1] 14851 14852 14853 14854 14855 14856 14857 14858 14859 14860 14861 14862
[13] 14863 14864 14865 14866 14867 14868 14869 14870 14871 14872 14873 14874
[25] 14875 14876 14877
[1] "n sub: 50, n images per sub: 5, sigma^2: 0.5, beta: 0, simulation: 51"
[1] "n sub: 50, n images per sub: 5, sigma^2: 2, beta: 0, simulation: 51"
[1] "n sub: 50, n images per sub: 5, sigma^2: 1, beta: 0, simulation: 51"
[1] "n sub: 50, n images per sub: 5, sigma^2: 0.5, beta: 0, simulation: 52"
[1] "n sub: 50, n images per sub: 5, sigma^2: 1, beta: 0, simulation: 52"
[1] "n sub: 50, n images per sub: 5, sigma^2: 2, beta: 0, simulation: 52"
[1] "n sub: 50, n images per sub: 5, sigma^2: 0.5, beta: 0, simulation: 53"
[1] "n sub: 50, n images per sub: 5, sigma^2: 2, beta: 0, simulation: 53"
[1] "n sub: 50, n images per sub: 5, sigma^2: 1, beta: 0, simulation: 53"
[1] "n sub: 50, n images per sub: 5, sigma^2: 0.5, beta: 0, simulation: 54"
[1] "n sub: 50, n images per sub: 5, sigma^2: 1, beta: 0, simulation: 54"
[1] "n sub: 50, n images per sub: 5, sigma^2: 2, beta: 0, simulation: 54"
[1] "n sub: 50, n images per sub: 5, sigma^2: 0.5, beta: 0, simulation: 55"
[1] "n sub: 50, n images per sub: 5, sigma^2: 1, beta: 0, simulation: 55"
[1] "n sub: 50, n images per sub: 5, sigma^2: 2, beta: 0, simulation: 55"
[1] "n sub: 50, n images per sub: 5, sigma^2: 0.5, beta: 0, simulation: 56"
[1] "n sub: 50, n images per sub: 5, sigma^2: 1, beta: 0, simulation: 56"
[1] "n sub: 50, n images per sub: 5, sigma^2: 2, beta: 0, simulation: 56"
[1] "n sub: 50, n images per sub: 5, sigma^2: 0.5, beta: 0, simulation: 57"
[1] "n sub: 50, n images per sub: 5, sigma^2: 1, beta: 0, simulation: 57"
[1] "n sub: 50, n images per sub: 5, sigma^2: 2, beta: 0, simulation: 57"
[1] "n sub: 50, n images per sub: 5, sigma^2: 0.5, beta: 0, simulation: 58"
[1] "n sub: 50, n images per sub: 5, sigma^2: 1, beta: 0, simulation: 58"
[1] "n sub: 50, n images per sub: 5, sigma^2: 2, beta: 0, simulation: 58"
[1] "n sub: 50, n images per sub: 5, sigma^2: 0.5, beta: 0, simulation: 59"
[1] "n sub: 50, n images per sub: 5, sigma^2: 1, beta: 0, simulation: 59"
[1] "n sub: 50, n images per sub: 5, sigma^2: 2, beta: 0, simulation: 59"
