 [1] 14392 14393 14394 14395 14396 14397 14398 14399 14400 14401 14402 14403
[13] 14404 14405 14406 14407 14408 14409 14410 14411 14412 14413 14414 14415
[25] 14416 14417 14418
[1] "n sub: 50, n images per sub: 5, sigma^2: 2, beta: -0.41, simulation: 98"
[1] "n sub: 50, n images per sub: 5, sigma^2: 1, beta: -0.41, simulation: 98"
[1] "n sub: 50, n images per sub: 5, sigma^2: 0.5, beta: -0.41, simulation: 98"
[1] "n sub: 50, n images per sub: 5, sigma^2: 2, beta: -0.41, simulation: 99"
[1] "n sub: 50, n images per sub: 5, sigma^2: 1, beta: -0.41, simulation: 99"
[1] "n sub: 50, n images per sub: 5, sigma^2: 0.5, beta: -0.41, simulation: 99"
[1] "n sub: 50, n images per sub: 5, sigma^2: 2, beta: -0.41, simulation: 100"
[1] "n sub: 50, n images per sub: 5, sigma^2: 1, beta: -0.41, simulation: 100"
[1] "n sub: 50, n images per sub: 5, sigma^2: 0.5, beta: -0.41, simulation: 100"
[1] "n sub: 50, n images per sub: 5, sigma^2: 2, beta: -0.22, simulation: 1"
[1] "n sub: 50, n images per sub: 5, sigma^2: 1, beta: -0.22, simulation: 1"
[1] "n sub: 50, n images per sub: 5, sigma^2: 0.5, beta: -0.22, simulation: 1"
[1] "n sub: 50, n images per sub: 5, sigma^2: 2, beta: -0.22, simulation: 2"
[1] "n sub: 50, n images per sub: 5, sigma^2: 1, beta: -0.22, simulation: 2"
[1] "n sub: 50, n images per sub: 5, sigma^2: 0.5, beta: -0.22, simulation: 2"
[1] "n sub: 50, n images per sub: 5, sigma^2: 2, beta: -0.22, simulation: 3"
[1] "n sub: 50, n images per sub: 5, sigma^2: 1, beta: -0.22, simulation: 3"
[1] "n sub: 50, n images per sub: 5, sigma^2: 0.5, beta: -0.22, simulation: 3"
[1] "n sub: 50, n images per sub: 5, sigma^2: 2, beta: -0.22, simulation: 4"
[1] "n sub: 50, n images per sub: 5, sigma^2: 1, beta: -0.22, simulation: 4"
[1] "n sub: 50, n images per sub: 5, sigma^2: 0.5, beta: -0.22, simulation: 4"
[1] "n sub: 50, n images per sub: 5, sigma^2: 2, beta: -0.22, simulation: 5"
[1] "n sub: 50, n images per sub: 5, sigma^2: 1, beta: -0.22, simulation: 5"
[1] "n sub: 50, n images per sub: 5, sigma^2: 0.5, beta: -0.22, simulation: 5"
[1] "n sub: 50, n images per sub: 5, sigma^2: 2, beta: -0.22, simulation: 6"
[1] "n sub: 50, n images per sub: 5, sigma^2: 1, beta: -0.22, simulation: 6"
[1] "n sub: 50, n images per sub: 5, sigma^2: 0.5, beta: -0.22, simulation: 6"
