 [1] 13177 13178 13179 13180 13181 13182 13183 13184 13185 13186 13187 13188
[13] 13189 13190 13191 13192 13193 13194 13195 13196 13197 13198 13199 13200
[25] 13201 13202 13203 13204 13205 13206 13207 13208 13209 13210 13211 13212
[37] 13213 13214 13215 13216 13217 13218 13219 13220 13221 13222 13223 13224
[49] 13225 13226 13227 13228 13229 13230
[1] "n sub: 30, n images per sub: 5, sigma^2: 2, beta: 0.69, simulation: 93"
[1] "n sub: 30, n images per sub: 5, sigma^2: 1, beta: 0.69, simulation: 93"
[1] "n sub: 30, n images per sub: 5, sigma^2: 0.5, beta: 0.69, simulation: 93"
[1] "n sub: 30, n images per sub: 5, sigma^2: 2, beta: 0.69, simulation: 94"
[1] "n sub: 30, n images per sub: 5, sigma^2: 1, beta: 0.69, simulation: 94"
[1] "n sub: 30, n images per sub: 5, sigma^2: 0.5, beta: 0.69, simulation: 94"
[1] "n sub: 30, n images per sub: 5, sigma^2: 2, beta: 0.69, simulation: 95"
[1] "n sub: 30, n images per sub: 5, sigma^2: 1, beta: 0.69, simulation: 95"
[1] "n sub: 30, n images per sub: 5, sigma^2: 0.5, beta: 0.69, simulation: 95"
[1] "n sub: 30, n images per sub: 5, sigma^2: 2, beta: 0.69, simulation: 96"
[1] "n sub: 30, n images per sub: 5, sigma^2: 1, beta: 0.69, simulation: 96"
[1] "n sub: 30, n images per sub: 5, sigma^2: 0.5, beta: 0.69, simulation: 96"
[1] "n sub: 30, n images per sub: 5, sigma^2: 1, beta: 0.69, simulation: 97"
[1] "n sub: 30, n images per sub: 5, sigma^2: 2, beta: 0.69, simulation: 97"
[1] "n sub: 30, n images per sub: 5, sigma^2: 0.5, beta: 0.69, simulation: 97"
[1] "n sub: 30, n images per sub: 5, sigma^2: 2, beta: 0.69, simulation: 98"
[1] "n sub: 30, n images per sub: 5, sigma^2: 1, beta: 0.69, simulation: 98"
[1] "n sub: 30, n images per sub: 5, sigma^2: 0.5, beta: 0.69, simulation: 98"
[1] "n sub: 30, n images per sub: 5, sigma^2: 1, beta: 0.69, simulation: 99"
[1] "n sub: 30, n images per sub: 5, sigma^2: 2, beta: 0.69, simulation: 99"
[1] "n sub: 30, n images per sub: 5, sigma^2: 0.5, beta: 0.69, simulation: 99"
[1] "n sub: 30, n images per sub: 5, sigma^2: 1, beta: 0.69, simulation: 100"
[1] "n sub: 30, n images per sub: 5, sigma^2: 2, beta: 0.69, simulation: 100"
[1] "n sub: 30, n images per sub: 5, sigma^2: 0.5, beta: 0.69, simulation: 100"
[1] "n sub: 30, n images per sub: 5, sigma^2: 2, beta: 1.1, simulation: 1"
[1] "n sub: 30, n images per sub: 5, sigma^2: 1, beta: 1.1, simulation: 1"
[1] "n sub: 30, n images per sub: 5, sigma^2: 0.5, beta: 1.1, simulation: 1"
[1] "n sub: 30, n images per sub: 5, sigma^2: 2, beta: 1.1, simulation: 2"
[1] "n sub: 30, n images per sub: 5, sigma^2: 1, beta: 1.1, simulation: 2"
[1] "n sub: 30, n images per sub: 5, sigma^2: 0.5, beta: 1.1, simulation: 2"
[1] "n sub: 30, n images per sub: 5, sigma^2: 2, beta: 1.1, simulation: 3"
[1] "n sub: 30, n images per sub: 5, sigma^2: 1, beta: 1.1, simulation: 3"
[1] "n sub: 30, n images per sub: 5, sigma^2: 0.5, beta: 1.1, simulation: 3"
[1] "n sub: 30, n images per sub: 5, sigma^2: 2, beta: 1.1, simulation: 4"
[1] "n sub: 30, n images per sub: 5, sigma^2: 1, beta: 1.1, simulation: 4"
[1] "n sub: 30, n images per sub: 5, sigma^2: 0.5, beta: 1.1, simulation: 4"
[1] "n sub: 30, n images per sub: 5, sigma^2: 2, beta: 1.1, simulation: 5"
[1] "n sub: 30, n images per sub: 5, sigma^2: 1, beta: 1.1, simulation: 5"
[1] "n sub: 30, n images per sub: 5, sigma^2: 0.5, beta: 1.1, simulation: 5"
[1] "n sub: 30, n images per sub: 5, sigma^2: 2, beta: 1.1, simulation: 6"
[1] "n sub: 30, n images per sub: 5, sigma^2: 1, beta: 1.1, simulation: 6"
[1] "n sub: 30, n images per sub: 5, sigma^2: 0.5, beta: 1.1, simulation: 6"
[1] "n sub: 30, n images per sub: 5, sigma^2: 2, beta: 1.1, simulation: 7"
[1] "n sub: 30, n images per sub: 5, sigma^2: 1, beta: 1.1, simulation: 7"
[1] "n sub: 30, n images per sub: 5, sigma^2: 0.5, beta: 1.1, simulation: 7"
[1] "n sub: 30, n images per sub: 5, sigma^2: 2, beta: 1.1, simulation: 8"
[1] "n sub: 30, n images per sub: 5, sigma^2: 1, beta: 1.1, simulation: 8"
[1] "n sub: 30, n images per sub: 5, sigma^2: 0.5, beta: 1.1, simulation: 8"
[1] "n sub: 30, n images per sub: 5, sigma^2: 2, beta: 1.1, simulation: 9"
[1] "n sub: 30, n images per sub: 5, sigma^2: 1, beta: 1.1, simulation: 9"
[1] "n sub: 30, n images per sub: 5, sigma^2: 0.5, beta: 1.1, simulation: 9"
[1] "n sub: 30, n images per sub: 5, sigma^2: 2, beta: 1.1, simulation: 10"
[1] "n sub: 30, n images per sub: 5, sigma^2: 1, beta: 1.1, simulation: 10"
[1] "n sub: 30, n images per sub: 5, sigma^2: 0.5, beta: 1.1, simulation: 10"
