 [1] 15202 15203 15204 15205 15206 15207 15208 15209 15210 15211 15212 15213
[13] 15214 15215 15216 15217 15218 15219 15220 15221 15222 15223 15224 15225
[25] 15226 15227 15228
[1] "n sub: 50, n images per sub: 5, sigma^2: 2, beta: 0.22, simulation: 68"
[1] "n sub: 50, n images per sub: 5, sigma^2: 1, beta: 0.22, simulation: 68"
[1] "n sub: 50, n images per sub: 5, sigma^2: 0.5, beta: 0.22, simulation: 68"
[1] "n sub: 50, n images per sub: 5, sigma^2: 2, beta: 0.22, simulation: 69"
[1] "n sub: 50, n images per sub: 5, sigma^2: 1, beta: 0.22, simulation: 69"
[1] "n sub: 50, n images per sub: 5, sigma^2: 0.5, beta: 0.22, simulation: 69"
[1] "n sub: 50, n images per sub: 5, sigma^2: 2, beta: 0.22, simulation: 70"
[1] "n sub: 50, n images per sub: 5, sigma^2: 1, beta: 0.22, simulation: 70"
[1] "n sub: 50, n images per sub: 5, sigma^2: 0.5, beta: 0.22, simulation: 70"
[1] "n sub: 50, n images per sub: 5, sigma^2: 2, beta: 0.22, simulation: 71"
[1] "n sub: 50, n images per sub: 5, sigma^2: 1, beta: 0.22, simulation: 71"
[1] "n sub: 50, n images per sub: 5, sigma^2: 0.5, beta: 0.22, simulation: 71"
[1] "n sub: 50, n images per sub: 5, sigma^2: 2, beta: 0.22, simulation: 72"
[1] "n sub: 50, n images per sub: 5, sigma^2: 1, beta: 0.22, simulation: 72"
[1] "n sub: 50, n images per sub: 5, sigma^2: 0.5, beta: 0.22, simulation: 72"
[1] "n sub: 50, n images per sub: 5, sigma^2: 2, beta: 0.22, simulation: 73"
[1] "n sub: 50, n images per sub: 5, sigma^2: 1, beta: 0.22, simulation: 73"
[1] "n sub: 50, n images per sub: 5, sigma^2: 0.5, beta: 0.22, simulation: 73"
[1] "n sub: 50, n images per sub: 5, sigma^2: 2, beta: 0.22, simulation: 74"
[1] "n sub: 50, n images per sub: 5, sigma^2: 1, beta: 0.22, simulation: 74"
[1] "n sub: 50, n images per sub: 5, sigma^2: 0.5, beta: 0.22, simulation: 74"
[1] "n sub: 50, n images per sub: 5, sigma^2: 2, beta: 0.22, simulation: 75"
[1] "n sub: 50, n images per sub: 5, sigma^2: 1, beta: 0.22, simulation: 75"
[1] "n sub: 50, n images per sub: 5, sigma^2: 0.5, beta: 0.22, simulation: 75"
[1] "n sub: 50, n images per sub: 5, sigma^2: 2, beta: 0.22, simulation: 76"
[1] "n sub: 50, n images per sub: 5, sigma^2: 1, beta: 0.22, simulation: 76"
[1] "n sub: 50, n images per sub: 5, sigma^2: 0.5, beta: 0.22, simulation: 76"
