 [1] 13609 13610 13611 13612 13613 13614 13615 13616 13617 13618 13619 13620
[13] 13621 13622 13623 13624 13625 13626 13627 13628 13629 13630 13631 13632
[25] 13633 13634 13635
[1] "n sub: 50, n images per sub: 5, sigma^2: 2, beta: -1.1, simulation: 37"
[1] "n sub: 50, n images per sub: 5, sigma^2: 1, beta: -1.1, simulation: 37"
[1] "n sub: 50, n images per sub: 5, sigma^2: 0.5, beta: -1.1, simulation: 37"
[1] "n sub: 50, n images per sub: 5, sigma^2: 2, beta: -1.1, simulation: 38"
[1] "n sub: 50, n images per sub: 5, sigma^2: 1, beta: -1.1, simulation: 38"
[1] "n sub: 50, n images per sub: 5, sigma^2: 0.5, beta: -1.1, simulation: 38"
[1] "n sub: 50, n images per sub: 5, sigma^2: 2, beta: -1.1, simulation: 39"
[1] "n sub: 50, n images per sub: 5, sigma^2: 1, beta: -1.1, simulation: 39"
[1] "n sub: 50, n images per sub: 5, sigma^2: 0.5, beta: -1.1, simulation: 39"
[1] "n sub: 50, n images per sub: 5, sigma^2: 2, beta: -1.1, simulation: 40"
[1] "n sub: 50, n images per sub: 5, sigma^2: 1, beta: -1.1, simulation: 40"
[1] "n sub: 50, n images per sub: 5, sigma^2: 0.5, beta: -1.1, simulation: 40"
[1] "n sub: 50, n images per sub: 5, sigma^2: 2, beta: -1.1, simulation: 41"
[1] "n sub: 50, n images per sub: 5, sigma^2: 1, beta: -1.1, simulation: 41"
[1] "n sub: 50, n images per sub: 5, sigma^2: 0.5, beta: -1.1, simulation: 41"
[1] "n sub: 50, n images per sub: 5, sigma^2: 0.5, beta: -1.1, simulation: 42"
[1] "n sub: 50, n images per sub: 5, sigma^2: 1, beta: -1.1, simulation: 42"
[1] "n sub: 50, n images per sub: 5, sigma^2: 2, beta: -1.1, simulation: 42"
[1] "n sub: 50, n images per sub: 5, sigma^2: 0.5, beta: -1.1, simulation: 43"
[1] "n sub: 50, n images per sub: 5, sigma^2: 1, beta: -1.1, simulation: 43"
[1] "n sub: 50, n images per sub: 5, sigma^2: 2, beta: -1.1, simulation: 43"
[1] "n sub: 50, n images per sub: 5, sigma^2: 0.5, beta: -1.1, simulation: 44"
[1] "n sub: 50, n images per sub: 5, sigma^2: 1, beta: -1.1, simulation: 44"
[1] "n sub: 50, n images per sub: 5, sigma^2: 2, beta: -1.1, simulation: 44"
[1] "n sub: 50, n images per sub: 5, sigma^2: 0.5, beta: -1.1, simulation: 45"
[1] "n sub: 50, n images per sub: 5, sigma^2: 1, beta: -1.1, simulation: 45"
[1] "n sub: 50, n images per sub: 5, sigma^2: 2, beta: -1.1, simulation: 45"
