[1] "n sub: 30, n images per sub: 5, zero distance: 50, sigma^2: 2, beta: -1.1, simulation: 667"
[1] "no_corr"
[1] "pc_exp"
[1] "pc_sqexp"
[1] "n sub: 30, n images per sub: 5, zero distance: 50, sigma^2: 0.5, beta: -1.1, simulation: 668"
[1] "no_corr"
[1] "pc_exp"
[1] "pc_sqexp"
[1] "n sub: 30, n images per sub: 5, zero distance: 50, sigma^2: 1, beta: -1.1, simulation: 668"
[1] "no_corr"
[1] "pc_exp"
[1] "pc_sqexp"
[1] "n sub: 30, n images per sub: 5, zero distance: 50, sigma^2: 2, beta: -1.1, simulation: 668"
[1] "no_corr"
[1] "pc_exp"
[1] "pc_sqexp"
[1] "n sub: 30, n images per sub: 5, zero distance: 50, sigma^2: 0.5, beta: -1.1, simulation: 669"
[1] "no_corr"
[1] "pc_exp"
[1] "pc_sqexp"
[1] "n sub: 30, n images per sub: 5, zero distance: 50, sigma^2: 1, beta: -1.1, simulation: 669"
[1] "no_corr"
[1] "pc_exp"
[1] "pc_sqexp"
[1] "n sub: 30, n images per sub: 5, zero distance: 50, sigma^2: 2, beta: -1.1, simulation: 669"
[1] "no_corr"
[1] "pc_exp"
[1] "pc_sqexp"
[1] "n sub: 30, n images per sub: 5, zero distance: 50, sigma^2: 0.5, beta: -1.1, simulation: 670"
[1] "no_corr"
[1] "pc_exp"
[1] "pc_sqexp"
[1] "n sub: 30, n images per sub: 5, zero distance: 50, sigma^2: 1, beta: -1.1, simulation: 670"
[1] "no_corr"
[1] "pc_exp"
[1] "pc_sqexp"
[1] "n sub: 30, n images per sub: 5, zero distance: 50, sigma^2: 2, beta: -1.1, simulation: 670"
[1] "no_corr"
[1] "pc_exp"
[1] "pc_sqexp"
[1] "n sub: 30, n images per sub: 5, zero distance: 50, sigma^2: 0.5, beta: -1.1, simulation: 671"
[1] "no_corr"
[1] "pc_exp"
[1] "pc_sqexp"
[1] "n sub: 30, n images per sub: 5, zero distance: 50, sigma^2: 1, beta: -1.1, simulation: 671"
[1] "no_corr"
[1] "pc_exp"
[1] "pc_sqexp"
[1] "n sub: 30, n images per sub: 5, zero distance: 50, sigma^2: 2, beta: -1.1, simulation: 671"
[1] "no_corr"
[1] "pc_exp"
[1] "pc_sqexp"
[1] "n sub: 30, n images per sub: 5, zero distance: 50, sigma^2: 0.5, beta: -1.1, simulation: 672"
[1] "no_corr"
[1] "pc_exp"
[1] "pc_sqexp"
[1] "n sub: 30, n images per sub: 5, zero distance: 50, sigma^2: 1, beta: -1.1, simulation: 672"
[1] "no_corr"
[1] "pc_exp"
[1] "pc_sqexp"
[1] "n sub: 30, n images per sub: 5, zero distance: 50, sigma^2: 2, beta: -1.1, simulation: 672"
[1] "no_corr"
[1] "pc_exp"
[1] "pc_sqexp"
[1] "n sub: 30, n images per sub: 5, zero distance: 50, sigma^2: 0.5, beta: -1.1, simulation: 673"
[1] "no_corr"
[1] "pc_exp"
[1] "pc_sqexp"
[1] "n sub: 30, n images per sub: 5, zero distance: 50, sigma^2: 1, beta: -1.1, simulation: 673"
[1] "no_corr"
[1] "pc_exp"
[1] "pc_sqexp"
[1] "n sub: 30, n images per sub: 5, zero distance: 50, sigma^2: 2, beta: -1.1, simulation: 673"
[1] "no_corr"
[1] "pc_exp"
[1] "pc_sqexp"
[1] "n sub: 30, n images per sub: 5, zero distance: 50, sigma^2: 0.5, beta: -1.1, simulation: 674"
[1] "no_corr"
[1] "pc_exp"
[1] "pc_sqexp"
[1] "n sub: 30, n images per sub: 5, zero distance: 50, sigma^2: 1, beta: -1.1, simulation: 674"
[1] "no_corr"
[1] "pc_exp"
[1] "pc_sqexp"
[1] "n sub: 30, n images per sub: 5, zero distance: 50, sigma^2: 2, beta: -1.1, simulation: 674"
[1] "no_corr"
[1] "pc_exp"
[1] "pc_sqexp"
[1] "n sub: 30, n images per sub: 5, zero distance: 50, sigma^2: 0.5, beta: -1.1, simulation: 675"
[1] "no_corr"
[1] "pc_exp"
[1] "pc_sqexp"
[1] "n sub: 30, n images per sub: 5, zero distance: 50, sigma^2: 1, beta: -1.1, simulation: 675"
[1] "no_corr"
[1] "pc_exp"
[1] "pc_sqexp"
[1] "n sub: 30, n images per sub: 5, zero distance: 50, sigma^2: 2, beta: -1.1, simulation: 675"
[1] "no_corr"
[1] "pc_exp"
[1] "pc_sqexp"
[1] "n sub: 30, n images per sub: 5, zero distance: 50, sigma^2: 0.5, beta: -1.1, simulation: 676"
[1] "no_corr"
[1] "pc_exp"
[1] "pc_sqexp"
[1] "n sub: 30, n images per sub: 5, zero distance: 50, sigma^2: 1, beta: -1.1, simulation: 676"
[1] "no_corr"
[1] "pc_exp"
[1] "pc_sqexp"
[1] "n sub: 30, n images per sub: 5, zero distance: 50, sigma^2: 2, beta: -1.1, simulation: 676"
[1] "no_corr"
[1] "pc_exp"
[1] "pc_sqexp"
[1] "n sub: 30, n images per sub: 5, zero distance: 50, sigma^2: 0.5, beta: -1.1, simulation: 677"
[1] "no_corr"
[1] "pc_exp"
[1] "pc_sqexp"
[1] "n sub: 30, n images per sub: 5, zero distance: 50, sigma^2: 1, beta: -1.1, simulation: 677"
[1] "no_corr"
[1] "pc_exp"
[1] "pc_sqexp"
[1] "n sub: 30, n images per sub: 5, zero distance: 50, sigma^2: 2, beta: -1.1, simulation: 677"
[1] "no_corr"
[1] "pc_exp"
[1] "pc_sqexp"
[1] "n sub: 30, n images per sub: 5, zero distance: 50, sigma^2: 0.5, beta: -1.1, simulation: 678"
[1] "no_corr"
[1] "pc_exp"
[1] "pc_sqexp"
[1] "n sub: 30, n images per sub: 5, zero distance: 50, sigma^2: 1, beta: -1.1, simulation: 678"
[1] "no_corr"
[1] "pc_exp"
[1] "pc_sqexp"
[1] "n sub: 30, n images per sub: 5, zero distance: 50, sigma^2: 2, beta: -1.1, simulation: 678"
[1] "no_corr"
[1] "pc_exp"
[1] "pc_sqexp"
[1] "n sub: 30, n images per sub: 5, zero distance: 50, sigma^2: 0.5, beta: -1.1, simulation: 679"
[1] "no_corr"
[1] "pc_exp"
[1] "pc_sqexp"
[1] "n sub: 30, n images per sub: 5, zero distance: 50, sigma^2: 1, beta: -1.1, simulation: 679"
[1] "no_corr"
[1] "pc_exp"
[1] "pc_sqexp"
[1] "n sub: 30, n images per sub: 5, zero distance: 50, sigma^2: 2, beta: -1.1, simulation: 679"
[1] "no_corr"
[1] "pc_exp"
[1] "pc_sqexp"
[1] "n sub: 30, n images per sub: 5, zero distance: 50, sigma^2: 0.5, beta: -1.1, simulation: 680"
[1] "no_corr"
[1] "pc_exp"
[1] "pc_sqexp"
[1] "n sub: 30, n images per sub: 5, zero distance: 50, sigma^2: 1, beta: -1.1, simulation: 680"
[1] "no_corr"
[1] "pc_exp"
[1] "pc_sqexp"
[1] "n sub: 30, n images per sub: 5, zero distance: 50, sigma^2: 2, beta: -1.1, simulation: 680"
[1] "no_corr"
[1] "pc_exp"
[1] "pc_sqexp"
[1] "n sub: 30, n images per sub: 5, zero distance: 50, sigma^2: 0.5, beta: -1.1, simulation: 681"
[1] "no_corr"
[1] "pc_exp"
[1] "pc_sqexp"
[1] "n sub: 30, n images per sub: 5, zero distance: 50, sigma^2: 1, beta: -1.1, simulation: 681"
[1] "no_corr"
[1] "pc_exp"
[1] "pc_sqexp"
[1] "n sub: 30, n images per sub: 5, zero distance: 50, sigma^2: 2, beta: -1.1, simulation: 681"
[1] "no_corr"
[1] "pc_exp"
[1] "pc_sqexp"
[1] "n sub: 30, n images per sub: 5, zero distance: 50, sigma^2: 0.5, beta: -1.1, simulation: 682"
[1] "no_corr"
[1] "pc_exp"
[1] "pc_sqexp"
[1] "n sub: 30, n images per sub: 5, zero distance: 50, sigma^2: 1, beta: -1.1, simulation: 682"
[1] "no_corr"
[1] "pc_exp"
[1] "pc_sqexp"
[1] "n sub: 30, n images per sub: 5, zero distance: 50, sigma^2: 2, beta: -1.1, simulation: 682"
[1] "no_corr"
[1] "pc_exp"
[1] "pc_sqexp"
[1] "n sub: 30, n images per sub: 5, zero distance: 50, sigma^2: 0.5, beta: -1.1, simulation: 683"
[1] "no_corr"
[1] "pc_exp"
[1] "pc_sqexp"
[1] "n sub: 30, n images per sub: 5, zero distance: 50, sigma^2: 1, beta: -1.1, simulation: 683"
[1] "no_corr"
[1] "pc_exp"
[1] "pc_sqexp"
[1] "n sub: 30, n images per sub: 5, zero distance: 50, sigma^2: 2, beta: -1.1, simulation: 683"
[1] "no_corr"
[1] "pc_exp"
[1] "pc_sqexp"
[1] "n sub: 30, n images per sub: 5, zero distance: 50, sigma^2: 0.5, beta: -1.1, simulation: 684"
[1] "no_corr"
[1] "pc_exp"
[1] "pc_sqexp"
[1] "n sub: 30, n images per sub: 5, zero distance: 50, sigma^2: 1, beta: -1.1, simulation: 684"
[1] "no_corr"
[1] "pc_exp"
[1] "pc_sqexp"
[1] "n sub: 30, n images per sub: 5, zero distance: 50, sigma^2: 2, beta: -1.1, simulation: 684"
[1] "no_corr"
[1] "pc_exp"
[1] "pc_sqexp"
[1] "n sub: 30, n images per sub: 5, zero distance: 50, sigma^2: 0.5, beta: -1.1, simulation: 685"
[1] "no_corr"
[1] "pc_exp"
[1] "pc_sqexp"
[1] "n sub: 30, n images per sub: 5, zero distance: 50, sigma^2: 1, beta: -1.1, simulation: 685"
[1] "no_corr"
[1] "pc_exp"
[1] "pc_sqexp"
[1] "n sub: 30, n images per sub: 5, zero distance: 50, sigma^2: 2, beta: -1.1, simulation: 685"
[1] "no_corr"
[1] "pc_exp"
[1] "pc_sqexp"
[1] "n sub: 30, n images per sub: 5, zero distance: 50, sigma^2: 0.5, beta: -1.1, simulation: 686"
[1] "no_corr"
[1] "pc_exp"
[1] "pc_sqexp"
[1] "n sub: 30, n images per sub: 5, zero distance: 50, sigma^2: 1, beta: -1.1, simulation: 686"
[1] "no_corr"
[1] "pc_exp"
[1] "pc_sqexp"
[1] "n sub: 30, n images per sub: 5, zero distance: 50, sigma^2: 2, beta: -1.1, simulation: 686"
[1] "no_corr"
[1] "pc_exp"
[1] "pc_sqexp"
[1] "n sub: 30, n images per sub: 5, zero distance: 50, sigma^2: 0.5, beta: -1.1, simulation: 687"
[1] "no_corr"
[1] "pc_exp"
[1] "pc_sqexp"
[1] "n sub: 30, n images per sub: 5, zero distance: 50, sigma^2: 1, beta: -1.1, simulation: 687"
[1] "no_corr"
[1] "pc_exp"
[1] "pc_sqexp"
[1] "n sub: 30, n images per sub: 5, zero distance: 50, sigma^2: 2, beta: -1.1, simulation: 687"
[1] "no_corr"
[1] "pc_exp"
[1] "pc_sqexp"
[1] "n sub: 30, n images per sub: 5, zero distance: 50, sigma^2: 0.5, beta: -1.1, simulation: 688"
[1] "no_corr"
[1] "pc_exp"
[1] "pc_sqexp"
[1] "n sub: 30, n images per sub: 5, zero distance: 50, sigma^2: 1, beta: -1.1, simulation: 688"
[1] "no_corr"
[1] "pc_exp"
[1] "pc_sqexp"
[1] "n sub: 30, n images per sub: 5, zero distance: 50, sigma^2: 2, beta: -1.1, simulation: 688"
[1] "no_corr"
[1] "pc_exp"
[1] "pc_sqexp"
[1] "n sub: 30, n images per sub: 5, zero distance: 50, sigma^2: 0.5, beta: -1.1, simulation: 689"
[1] "no_corr"
[1] "pc_exp"
[1] "pc_sqexp"
[1] "n sub: 30, n images per sub: 5, zero distance: 50, sigma^2: 1, beta: -1.1, simulation: 689"
[1] "no_corr"
[1] "pc_exp"
[1] "pc_sqexp"
[1] "n sub: 30, n images per sub: 5, zero distance: 50, sigma^2: 2, beta: -1.1, simulation: 689"
[1] "no_corr"
[1] "pc_exp"
[1] "pc_sqexp"
[1] "n sub: 30, n images per sub: 5, zero distance: 50, sigma^2: 0.5, beta: -1.1, simulation: 690"
[1] "no_corr"
[1] "pc_exp"
[1] "pc_sqexp"
[1] "n sub: 30, n images per sub: 5, zero distance: 50, sigma^2: 1, beta: -1.1, simulation: 690"
[1] "no_corr"
[1] "pc_exp"
[1] "pc_sqexp"
[1] "n sub: 30, n images per sub: 5, zero distance: 50, sigma^2: 2, beta: -1.1, simulation: 690"
[1] "no_corr"
[1] "pc_exp"
[1] "pc_sqexp"
[1] "n sub: 30, n images per sub: 5, zero distance: 50, sigma^2: 0.5, beta: -1.1, simulation: 691"
[1] "no_corr"
[1] "pc_exp"
[1] "pc_sqexp"
[1] "n sub: 30, n images per sub: 5, zero distance: 50, sigma^2: 1, beta: -1.1, simulation: 691"
[1] "no_corr"
[1] "pc_exp"
[1] "pc_sqexp"
[1] "n sub: 30, n images per sub: 5, zero distance: 50, sigma^2: 2, beta: -1.1, simulation: 691"
[1] "no_corr"
[1] "pc_exp"
[1] "pc_sqexp"
[1] "n sub: 30, n images per sub: 5, zero distance: 50, sigma^2: 0.5, beta: -1.1, simulation: 692"
[1] "no_corr"
[1] "pc_exp"
[1] "pc_sqexp"
[1] "n sub: 30, n images per sub: 5, zero distance: 50, sigma^2: 1, beta: -1.1, simulation: 692"
[1] "no_corr"
[1] "pc_exp"
[1] "pc_sqexp"
[1] "n sub: 30, n images per sub: 5, zero distance: 50, sigma^2: 2, beta: -1.1, simulation: 692"
[1] "no_corr"
[1] "pc_exp"
[1] "pc_sqexp"
[1] "n sub: 30, n images per sub: 5, zero distance: 50, sigma^2: 0.5, beta: -1.1, simulation: 693"
[1] "no_corr"
[1] "pc_exp"
[1] "pc_sqexp"
[1] "n sub: 30, n images per sub: 5, zero distance: 50, sigma^2: 1, beta: -1.1, simulation: 693"
[1] "no_corr"
[1] "pc_exp"
[1] "pc_sqexp"
[1] "n sub: 30, n images per sub: 5, zero distance: 50, sigma^2: 2, beta: -1.1, simulation: 693"
[1] "no_corr"
[1] "pc_exp"
[1] "pc_sqexp"
[1] "n sub: 30, n images per sub: 5, zero distance: 50, sigma^2: 0.5, beta: -1.1, simulation: 694"
[1] "no_corr"
[1] "pc_exp"
[1] "pc_sqexp"
[1] "n sub: 30, n images per sub: 5, zero distance: 50, sigma^2: 1, beta: -1.1, simulation: 694"
[1] "no_corr"
[1] "pc_exp"
[1] "pc_sqexp"
[1] "n sub: 30, n images per sub: 5, zero distance: 50, sigma^2: 2, beta: -1.1, simulation: 694"
[1] "no_corr"
[1] "pc_exp"
[1] "pc_sqexp"
[1] "n sub: 30, n images per sub: 5, zero distance: 50, sigma^2: 0.5, beta: -1.1, simulation: 695"
[1] "no_corr"
[1] "pc_exp"
[1] "pc_sqexp"
[1] "n sub: 30, n images per sub: 5, zero distance: 50, sigma^2: 1, beta: -1.1, simulation: 695"
[1] "no_corr"
[1] "pc_exp"
[1] "pc_sqexp"
[1] "n sub: 30, n images per sub: 5, zero distance: 50, sigma^2: 2, beta: -1.1, simulation: 695"
[1] "no_corr"
[1] "pc_exp"
[1] "pc_sqexp"
[1] "n sub: 30, n images per sub: 5, zero distance: 50, sigma^2: 0.5, beta: -1.1, simulation: 696"
[1] "no_corr"
[1] "pc_exp"
[1] "pc_sqexp"
[1] "n sub: 30, n images per sub: 5, zero distance: 50, sigma^2: 1, beta: -1.1, simulation: 696"
[1] "no_corr"
[1] "pc_exp"
[1] "pc_sqexp"
[1] "n sub: 30, n images per sub: 5, zero distance: 50, sigma^2: 2, beta: -1.1, simulation: 696"
[1] "no_corr"
[1] "pc_exp"
[1] "pc_sqexp"
[1] "n sub: 30, n images per sub: 5, zero distance: 50, sigma^2: 0.5, beta: -1.1, simulation: 697"
[1] "no_corr"
[1] "pc_exp"
[1] "pc_sqexp"
[1] "n sub: 30, n images per sub: 5, zero distance: 50, sigma^2: 1, beta: -1.1, simulation: 697"
[1] "no_corr"
[1] "pc_exp"
[1] "pc_sqexp"
[1] "n sub: 30, n images per sub: 5, zero distance: 50, sigma^2: 2, beta: -1.1, simulation: 697"
[1] "no_corr"
[1] "pc_exp"
[1] "pc_sqexp"
[1] "n sub: 30, n images per sub: 5, zero distance: 50, sigma^2: 0.5, beta: -1.1, simulation: 698"
[1] "no_corr"
[1] "pc_exp"
[1] "pc_sqexp"
[1] "n sub: 30, n images per sub: 5, zero distance: 50, sigma^2: 1, beta: -1.1, simulation: 698"
[1] "no_corr"
[1] "pc_exp"
[1] "pc_sqexp"
[1] "n sub: 30, n images per sub: 5, zero distance: 50, sigma^2: 2, beta: -1.1, simulation: 698"
[1] "no_corr"
[1] "pc_exp"
[1] "pc_sqexp"
[1] "n sub: 30, n images per sub: 5, zero distance: 50, sigma^2: 0.5, beta: -1.1, simulation: 699"
[1] "no_corr"
[1] "pc_exp"
[1] "pc_sqexp"
[1] "n sub: 30, n images per sub: 5, zero distance: 50, sigma^2: 1, beta: -1.1, simulation: 699"
[1] "no_corr"
[1] "pc_exp"
[1] "pc_sqexp"
[1] "n sub: 30, n images per sub: 5, zero distance: 50, sigma^2: 2, beta: -1.1, simulation: 699"
[1] "no_corr"
[1] "pc_exp"
[1] "pc_sqexp"
[1] "n sub: 30, n images per sub: 5, zero distance: 50, sigma^2: 0.5, beta: -1.1, simulation: 700"
[1] "no_corr"
[1] "pc_exp"
[1] "pc_sqexp"
[1] "n sub: 30, n images per sub: 5, zero distance: 50, sigma^2: 1, beta: -1.1, simulation: 700"
[1] "no_corr"
[1] "pc_exp"
[1] "pc_sqexp"
[1] "n sub: 30, n images per sub: 5, zero distance: 50, sigma^2: 2, beta: -1.1, simulation: 700"
[1] "no_corr"
[1] "pc_exp"
[1] "pc_sqexp"
[1] "n sub: 30, n images per sub: 5, zero distance: 50, sigma^2: 0.5, beta: -1.1, simulation: 701"
[1] "no_corr"
[1] "pc_exp"
[1] "pc_sqexp"
[1] "n sub: 30, n images per sub: 5, zero distance: 50, sigma^2: 1, beta: -1.1, simulation: 701"
[1] "no_corr"
[1] "pc_exp"
[1] "pc_sqexp"
[1] "n sub: 30, n images per sub: 5, zero distance: 50, sigma^2: 2, beta: -1.1, simulation: 701"
[1] "no_corr"
[1] "pc_exp"
[1] "pc_sqexp"
[1] "n sub: 30, n images per sub: 5, zero distance: 50, sigma^2: 0.5, beta: -1.1, simulation: 702"
[1] "no_corr"
[1] "pc_exp"
[1] "pc_sqexp"
[1] "n sub: 30, n images per sub: 5, zero distance: 50, sigma^2: 1, beta: -1.1, simulation: 702"
[1] "no_corr"
[1] "pc_exp"
[1] "pc_sqexp"
[1] "n sub: 30, n images per sub: 5, zero distance: 50, sigma^2: 2, beta: -1.1, simulation: 702"
[1] "no_corr"
[1] "pc_exp"
[1] "pc_sqexp"
[1] "n sub: 30, n images per sub: 5, zero distance: 50, sigma^2: 0.5, beta: -1.1, simulation: 703"
[1] "no_corr"
[1] "pc_exp"
[1] "pc_sqexp"
[1] "n sub: 30, n images per sub: 5, zero distance: 50, sigma^2: 1, beta: -1.1, simulation: 703"
[1] "no_corr"
[1] "pc_exp"
[1] "pc_sqexp"
[1] "n sub: 30, n images per sub: 5, zero distance: 50, sigma^2: 2, beta: -1.1, simulation: 703"
[1] "no_corr"
[1] "pc_exp"
[1] "pc_sqexp"
[1] "n sub: 30, n images per sub: 5, zero distance: 50, sigma^2: 0.5, beta: -1.1, simulation: 704"
[1] "no_corr"
[1] "pc_exp"
[1] "pc_sqexp"
[1] "n sub: 30, n images per sub: 5, zero distance: 50, sigma^2: 1, beta: -1.1, simulation: 704"
[1] "no_corr"
[1] "pc_exp"
[1] "pc_sqexp"
[1] "n sub: 30, n images per sub: 5, zero distance: 50, sigma^2: 2, beta: -1.1, simulation: 704"
[1] "no_corr"
[1] "pc_exp"
[1] "pc_sqexp"
[1] "n sub: 30, n images per sub: 5, zero distance: 50, sigma^2: 0.5, beta: -1.1, simulation: 705"
[1] "no_corr"
[1] "pc_exp"
[1] "pc_sqexp"
[1] "n sub: 30, n images per sub: 5, zero distance: 50, sigma^2: 1, beta: -1.1, simulation: 705"
[1] "no_corr"
[1] "pc_exp"
[1] "pc_sqexp"
[1] "n sub: 30, n images per sub: 5, zero distance: 50, sigma^2: 2, beta: -1.1, simulation: 705"
[1] "no_corr"
[1] "pc_exp"
[1] "pc_sqexp"
[1] "n sub: 30, n images per sub: 5, zero distance: 50, sigma^2: 0.5, beta: -1.1, simulation: 706"
[1] "no_corr"
[1] "pc_exp"
[1] "pc_sqexp"
[1] "n sub: 30, n images per sub: 5, zero distance: 50, sigma^2: 1, beta: -1.1, simulation: 706"
[1] "no_corr"
[1] "pc_exp"
[1] "pc_sqexp"
[1] "n sub: 30, n images per sub: 5, zero distance: 50, sigma^2: 2, beta: -1.1, simulation: 706"
[1] "no_corr"
[1] "pc_exp"
[1] "pc_sqexp"
[1] "n sub: 30, n images per sub: 5, zero distance: 50, sigma^2: 0.5, beta: -1.1, simulation: 707"
[1] "no_corr"
[1] "pc_exp"
[1] "pc_sqexp"
[1] "n sub: 30, n images per sub: 5, zero distance: 50, sigma^2: 1, beta: -1.1, simulation: 707"
[1] "no_corr"
[1] "pc_exp"
[1] "pc_sqexp"
[1] "n sub: 30, n images per sub: 5, zero distance: 50, sigma^2: 2, beta: -1.1, simulation: 707"
[1] "no_corr"
[1] "pc_exp"
[1] "pc_sqexp"
[1] "n sub: 30, n images per sub: 5, zero distance: 50, sigma^2: 0.5, beta: -1.1, simulation: 708"
[1] "no_corr"
[1] "pc_exp"
[1] "pc_sqexp"
[1] "n sub: 30, n images per sub: 5, zero distance: 50, sigma^2: 1, beta: -1.1, simulation: 708"
[1] "no_corr"
[1] "pc_exp"
[1] "pc_sqexp"
[1] "n sub: 30, n images per sub: 5, zero distance: 50, sigma^2: 2, beta: -1.1, simulation: 708"
[1] "no_corr"
[1] "pc_exp"
[1] "pc_sqexp"
[1] "n sub: 30, n images per sub: 5, zero distance: 50, sigma^2: 0.5, beta: -1.1, simulation: 709"
[1] "no_corr"
[1] "pc_exp"
[1] "pc_sqexp"
[1] "n sub: 30, n images per sub: 5, zero distance: 50, sigma^2: 1, beta: -1.1, simulation: 709"
[1] "no_corr"
[1] "pc_exp"
[1] "pc_sqexp"
[1] "n sub: 30, n images per sub: 5, zero distance: 50, sigma^2: 2, beta: -1.1, simulation: 709"
[1] "no_corr"
[1] "pc_exp"
[1] "pc_sqexp"
[1] "n sub: 30, n images per sub: 5, zero distance: 50, sigma^2: 0.5, beta: -1.1, simulation: 710"
[1] "no_corr"
[1] "pc_exp"
[1] "pc_sqexp"
[1] "n sub: 30, n images per sub: 5, zero distance: 50, sigma^2: 1, beta: -1.1, simulation: 710"
[1] "no_corr"
[1] "pc_exp"
[1] "pc_sqexp"
[1] "n sub: 30, n images per sub: 5, zero distance: 50, sigma^2: 2, beta: -1.1, simulation: 710"
[1] "no_corr"
[1] "pc_exp"
[1] "pc_sqexp"
[1] "n sub: 30, n images per sub: 5, zero distance: 50, sigma^2: 0.5, beta: -1.1, simulation: 711"
[1] "no_corr"
[1] "pc_exp"
[1] "pc_sqexp"
[1] "n sub: 30, n images per sub: 5, zero distance: 50, sigma^2: 1, beta: -1.1, simulation: 711"
[1] "no_corr"
[1] "pc_exp"
[1] "pc_sqexp"
[1] "n sub: 30, n images per sub: 5, zero distance: 50, sigma^2: 2, beta: -1.1, simulation: 711"
[1] "no_corr"
[1] "pc_exp"
[1] "pc_sqexp"
[1] "n sub: 30, n images per sub: 5, zero distance: 50, sigma^2: 0.5, beta: -1.1, simulation: 712"
[1] "no_corr"
[1] "pc_exp"
[1] "pc_sqexp"
[1] "n sub: 30, n images per sub: 5, zero distance: 50, sigma^2: 1, beta: -1.1, simulation: 712"
[1] "no_corr"
[1] "pc_exp"
[1] "pc_sqexp"
[1] "n sub: 30, n images per sub: 5, zero distance: 50, sigma^2: 2, beta: -1.1, simulation: 712"
[1] "no_corr"
[1] "pc_exp"
[1] "pc_sqexp"
[1] "n sub: 30, n images per sub: 5, zero distance: 50, sigma^2: 0.5, beta: -1.1, simulation: 713"
[1] "no_corr"
[1] "pc_exp"
[1] "pc_sqexp"
[1] "n sub: 30, n images per sub: 5, zero distance: 50, sigma^2: 1, beta: -1.1, simulation: 713"
[1] "no_corr"
[1] "pc_exp"
[1] "pc_sqexp"
[1] "n sub: 30, n images per sub: 5, zero distance: 50, sigma^2: 2, beta: -1.1, simulation: 713"
[1] "no_corr"
[1] "pc_exp"
[1] "pc_sqexp"
[1] "n sub: 30, n images per sub: 5, zero distance: 50, sigma^2: 0.5, beta: -1.1, simulation: 714"
[1] "no_corr"
[1] "pc_exp"
[1] "pc_sqexp"
[1] "n sub: 30, n images per sub: 5, zero distance: 50, sigma^2: 1, beta: -1.1, simulation: 714"
[1] "no_corr"
[1] "pc_exp"
[1] "pc_sqexp"
[1] "n sub: 30, n images per sub: 5, zero distance: 50, sigma^2: 2, beta: -1.1, simulation: 714"
[1] "no_corr"
[1] "pc_exp"
[1] "pc_sqexp"
[1] "n sub: 30, n images per sub: 5, zero distance: 50, sigma^2: 0.5, beta: -1.1, simulation: 715"
[1] "no_corr"
[1] "pc_exp"
[1] "pc_sqexp"
[1] "n sub: 30, n images per sub: 5, zero distance: 50, sigma^2: 1, beta: -1.1, simulation: 715"
[1] "no_corr"
[1] "pc_exp"
[1] "pc_sqexp"
[1] "n sub: 30, n images per sub: 5, zero distance: 50, sigma^2: 2, beta: -1.1, simulation: 715"
[1] "no_corr"
[1] "pc_exp"
[1] "pc_sqexp"
[1] "n sub: 30, n images per sub: 5, zero distance: 50, sigma^2: 0.5, beta: -1.1, simulation: 716"
[1] "no_corr"
[1] "pc_exp"
[1] "pc_sqexp"
[1] "n sub: 30, n images per sub: 5, zero distance: 50, sigma^2: 1, beta: -1.1, simulation: 716"
[1] "no_corr"
[1] "pc_exp"
[1] "pc_sqexp"
[1] "n sub: 30, n images per sub: 5, zero distance: 50, sigma^2: 2, beta: -1.1, simulation: 716"
[1] "no_corr"
[1] "pc_exp"
[1] "pc_sqexp"
[1] "n sub: 30, n images per sub: 5, zero distance: 50, sigma^2: 0.5, beta: -1.1, simulation: 717"
[1] "no_corr"
[1] "pc_exp"
[1] "pc_sqexp"
[1] "n sub: 30, n images per sub: 5, zero distance: 50, sigma^2: 1, beta: -1.1, simulation: 717"
[1] "no_corr"
[1] "pc_exp"
[1] "pc_sqexp"
[1] "n sub: 30, n images per sub: 5, zero distance: 50, sigma^2: 2, beta: -1.1, simulation: 717"
[1] "no_corr"
[1] "pc_exp"
[1] "pc_sqexp"
[1] "n sub: 30, n images per sub: 5, zero distance: 50, sigma^2: 0.5, beta: -1.1, simulation: 718"
[1] "no_corr"
[1] "pc_exp"
[1] "pc_sqexp"
[1] "n sub: 30, n images per sub: 5, zero distance: 50, sigma^2: 1, beta: -1.1, simulation: 718"
[1] "no_corr"
[1] "pc_exp"
[1] "pc_sqexp"
[1] "n sub: 30, n images per sub: 5, zero distance: 50, sigma^2: 2, beta: -1.1, simulation: 718"
[1] "no_corr"
[1] "pc_exp"
[1] "pc_sqexp"
[1] "n sub: 30, n images per sub: 5, zero distance: 50, sigma^2: 0.5, beta: -1.1, simulation: 719"
[1] "no_corr"
[1] "pc_exp"
[1] "pc_sqexp"
[1] "n sub: 30, n images per sub: 5, zero distance: 50, sigma^2: 1, beta: -1.1, simulation: 719"
[1] "no_corr"
[1] "pc_exp"
[1] "pc_sqexp"
[1] "n sub: 30, n images per sub: 5, zero distance: 50, sigma^2: 2, beta: -1.1, simulation: 719"
[1] "no_corr"
[1] "pc_exp"
[1] "pc_sqexp"
[1] "n sub: 30, n images per sub: 5, zero distance: 50, sigma^2: 0.5, beta: -1.1, simulation: 720"
[1] "no_corr"
[1] "pc_exp"
[1] "pc_sqexp"
[1] "n sub: 30, n images per sub: 5, zero distance: 50, sigma^2: 1, beta: -1.1, simulation: 720"
[1] "no_corr"
[1] "pc_exp"
[1] "pc_sqexp"
[1] "n sub: 30, n images per sub: 5, zero distance: 50, sigma^2: 2, beta: -1.1, simulation: 720"
[1] "no_corr"
[1] "pc_exp"
[1] "pc_sqexp"
[1] "n sub: 30, n images per sub: 5, zero distance: 50, sigma^2: 0.5, beta: -1.1, simulation: 721"
[1] "no_corr"
[1] "pc_exp"
[1] "pc_sqexp"
[1] "n sub: 30, n images per sub: 5, zero distance: 50, sigma^2: 1, beta: -1.1, simulation: 721"
[1] "no_corr"
[1] "pc_exp"
[1] "pc_sqexp"
[1] "n sub: 30, n images per sub: 5, zero distance: 50, sigma^2: 2, beta: -1.1, simulation: 721"
[1] "no_corr"
[1] "pc_exp"
[1] "pc_sqexp"
[1] "n sub: 30, n images per sub: 5, zero distance: 50, sigma^2: 0.5, beta: -1.1, simulation: 722"
[1] "no_corr"
[1] "pc_exp"
[1] "pc_sqexp"
[1] "n sub: 30, n images per sub: 5, zero distance: 50, sigma^2: 1, beta: -1.1, simulation: 722"
[1] "no_corr"
[1] "pc_exp"
[1] "pc_sqexp"
[1] "n sub: 30, n images per sub: 5, zero distance: 50, sigma^2: 2, beta: -1.1, simulation: 722"
[1] "no_corr"
[1] "pc_exp"
[1] "pc_sqexp"
[1] "n sub: 30, n images per sub: 5, zero distance: 50, sigma^2: 0.5, beta: -1.1, simulation: 723"
[1] "no_corr"
[1] "pc_exp"
[1] "pc_sqexp"
[1] "n sub: 30, n images per sub: 5, zero distance: 50, sigma^2: 1, beta: -1.1, simulation: 723"
[1] "no_corr"
[1] "pc_exp"
[1] "pc_sqexp"
[1] "n sub: 30, n images per sub: 5, zero distance: 50, sigma^2: 2, beta: -1.1, simulation: 723"
[1] "no_corr"
[1] "pc_exp"
[1] "pc_sqexp"
[1] "n sub: 30, n images per sub: 5, zero distance: 50, sigma^2: 0.5, beta: -1.1, simulation: 724"
[1] "no_corr"
[1] "pc_exp"
[1] "pc_sqexp"
[1] "n sub: 30, n images per sub: 5, zero distance: 50, sigma^2: 1, beta: -1.1, simulation: 724"
[1] "no_corr"
[1] "pc_exp"
[1] "pc_sqexp"
[1] "n sub: 30, n images per sub: 5, zero distance: 50, sigma^2: 2, beta: -1.1, simulation: 724"
[1] "no_corr"
[1] "pc_exp"
[1] "pc_sqexp"
[1] "n sub: 30, n images per sub: 5, zero distance: 50, sigma^2: 0.5, beta: -1.1, simulation: 725"
[1] "no_corr"
[1] "pc_exp"
[1] "pc_sqexp"
[1] "n sub: 30, n images per sub: 5, zero distance: 50, sigma^2: 1, beta: -1.1, simulation: 725"
[1] "no_corr"
[1] "pc_exp"
[1] "pc_sqexp"
[1] "n sub: 30, n images per sub: 5, zero distance: 50, sigma^2: 2, beta: -1.1, simulation: 725"
[1] "no_corr"
[1] "pc_exp"
[1] "pc_sqexp"
[1] "n sub: 30, n images per sub: 5, zero distance: 50, sigma^2: 0.5, beta: -1.1, simulation: 726"
[1] "no_corr"
[1] "pc_exp"
[1] "pc_sqexp"
[1] "n sub: 30, n images per sub: 5, zero distance: 50, sigma^2: 1, beta: -1.1, simulation: 726"
[1] "no_corr"
[1] "pc_exp"
[1] "pc_sqexp"
[1] "n sub: 30, n images per sub: 5, zero distance: 50, sigma^2: 2, beta: -1.1, simulation: 726"
[1] "no_corr"
[1] "pc_exp"
[1] "pc_sqexp"
[1] "n sub: 30, n images per sub: 5, zero distance: 50, sigma^2: 2, beta: -1.1, simulation: 727"
[1] "no_corr"
[1] "pc_exp"
[1] "pc_sqexp"
[1] "n sub: 30, n images per sub: 5, zero distance: 50, sigma^2: 0.5, beta: -1.1, simulation: 727"
[1] "no_corr"
[1] "pc_exp"
[1] "pc_sqexp"
[1] "n sub: 30, n images per sub: 5, zero distance: 50, sigma^2: 1, beta: -1.1, simulation: 727"
[1] "no_corr"
[1] "pc_exp"
[1] "pc_sqexp"
[1] "n sub: 30, n images per sub: 5, zero distance: 50, sigma^2: 2, beta: -1.1, simulation: 728"
[1] "no_corr"
[1] "pc_exp"
[1] "pc_sqexp"
[1] "n sub: 30, n images per sub: 5, zero distance: 50, sigma^2: 0.5, beta: -1.1, simulation: 728"
[1] "no_corr"
[1] "pc_exp"
[1] "pc_sqexp"
[1] "n sub: 30, n images per sub: 5, zero distance: 50, sigma^2: 1, beta: -1.1, simulation: 728"
[1] "no_corr"
[1] "pc_exp"
[1] "pc_sqexp"
[1] "n sub: 30, n images per sub: 5, zero distance: 50, sigma^2: 2, beta: -1.1, simulation: 729"
[1] "no_corr"
[1] "pc_exp"
[1] "pc_sqexp"
[1] "n sub: 30, n images per sub: 5, zero distance: 50, sigma^2: 0.5, beta: -1.1, simulation: 729"
[1] "no_corr"
[1] "pc_exp"
[1] "pc_sqexp"
[1] "n sub: 30, n images per sub: 5, zero distance: 50, sigma^2: 1, beta: -1.1, simulation: 729"
[1] "no_corr"
[1] "pc_exp"
[1] "pc_sqexp"
[1] "n sub: 30, n images per sub: 5, zero distance: 50, sigma^2: 2, beta: -1.1, simulation: 730"
[1] "no_corr"
[1] "pc_exp"
[1] "pc_sqexp"
[1] "n sub: 30, n images per sub: 5, zero distance: 50, sigma^2: 0.5, beta: -1.1, simulation: 730"
[1] "no_corr"
[1] "pc_exp"
[1] "pc_sqexp"
[1] "n sub: 30, n images per sub: 5, zero distance: 50, sigma^2: 1, beta: -1.1, simulation: 730"
[1] "no_corr"
[1] "pc_exp"
[1] "pc_sqexp"
[1] "n sub: 30, n images per sub: 5, zero distance: 50, sigma^2: 2, beta: -1.1, simulation: 731"
[1] "no_corr"
[1] "pc_exp"
[1] "pc_sqexp"
[1] "n sub: 30, n images per sub: 5, zero distance: 50, sigma^2: 0.5, beta: -1.1, simulation: 731"
[1] "no_corr"
[1] "pc_exp"
[1] "pc_sqexp"
[1] "n sub: 30, n images per sub: 5, zero distance: 50, sigma^2: 1, beta: -1.1, simulation: 731"
[1] "no_corr"
[1] "pc_exp"
[1] "pc_sqexp"
[1] "n sub: 30, n images per sub: 5, zero distance: 50, sigma^2: 2, beta: -1.1, simulation: 732"
[1] "no_corr"
[1] "pc_exp"
[1] "pc_sqexp"
[1] "n sub: 30, n images per sub: 5, zero distance: 50, sigma^2: 0.5, beta: -1.1, simulation: 732"
[1] "no_corr"
[1] "pc_exp"
[1] "pc_sqexp"
[1] "n sub: 30, n images per sub: 5, zero distance: 50, sigma^2: 1, beta: -1.1, simulation: 732"
[1] "no_corr"
[1] "pc_exp"
[1] "pc_sqexp"
[1] "n sub: 30, n images per sub: 5, zero distance: 50, sigma^2: 2, beta: -1.1, simulation: 733"
[1] "no_corr"
[1] "pc_exp"
[1] "pc_sqexp"
[1] "n sub: 30, n images per sub: 5, zero distance: 50, sigma^2: 0.5, beta: -1.1, simulation: 733"
[1] "no_corr"
[1] "pc_exp"
[1] "pc_sqexp"
[1] "n sub: 30, n images per sub: 5, zero distance: 50, sigma^2: 1, beta: -1.1, simulation: 733"
[1] "no_corr"
[1] "pc_exp"
[1] "pc_sqexp"
[1] "n sub: 30, n images per sub: 5, zero distance: 50, sigma^2: 2, beta: -1.1, simulation: 734"
[1] "no_corr"
[1] "pc_exp"
[1] "pc_sqexp"
