 [1] 11503 11504 11505 11506 11507 11508 11509 11510 11511 11512 11513 11514
[13] 11515 11516 11517 11518 11519 11520 11521 11522 11523 11524 11525 11526
[25] 11527 11528 11529 11530 11531 11532 11533 11534 11535 11536 11537 11538
[37] 11539 11540 11541 11542 11543 11544 11545 11546 11547 11548 11549 11550
[49] 11551 11552 11553 11554 11555 11556
[1] "n sub: 30, n images per sub: 5, sigma^2: 1, beta: -0.41, simulation: 35"
[1] "n sub: 30, n images per sub: 5, sigma^2: 2, beta: -0.41, simulation: 35"
[1] "n sub: 30, n images per sub: 5, sigma^2: 0.5, beta: -0.41, simulation: 35"
[1] "n sub: 30, n images per sub: 5, sigma^2: 1, beta: -0.41, simulation: 36"
[1] "n sub: 30, n images per sub: 5, sigma^2: 2, beta: -0.41, simulation: 36"
[1] "n sub: 30, n images per sub: 5, sigma^2: 0.5, beta: -0.41, simulation: 36"
[1] "n sub: 30, n images per sub: 5, sigma^2: 2, beta: -0.41, simulation: 37"
[1] "n sub: 30, n images per sub: 5, sigma^2: 1, beta: -0.41, simulation: 37"
[1] "n sub: 30, n images per sub: 5, sigma^2: 0.5, beta: -0.41, simulation: 37"
[1] "n sub: 30, n images per sub: 5, sigma^2: 2, beta: -0.41, simulation: 38"
[1] "n sub: 30, n images per sub: 5, sigma^2: 1, beta: -0.41, simulation: 38"
[1] "n sub: 30, n images per sub: 5, sigma^2: 0.5, beta: -0.41, simulation: 38"
[1] "n sub: 30, n images per sub: 5, sigma^2: 1, beta: -0.41, simulation: 39"
[1] "n sub: 30, n images per sub: 5, sigma^2: 2, beta: -0.41, simulation: 39"
[1] "n sub: 30, n images per sub: 5, sigma^2: 0.5, beta: -0.41, simulation: 39"
[1] "n sub: 30, n images per sub: 5, sigma^2: 2, beta: -0.41, simulation: 40"
[1] "n sub: 30, n images per sub: 5, sigma^2: 1, beta: -0.41, simulation: 40"
[1] "n sub: 30, n images per sub: 5, sigma^2: 0.5, beta: -0.41, simulation: 40"
[1] "n sub: 30, n images per sub: 5, sigma^2: 2, beta: -0.41, simulation: 41"
[1] "n sub: 30, n images per sub: 5, sigma^2: 1, beta: -0.41, simulation: 41"
[1] "n sub: 30, n images per sub: 5, sigma^2: 0.5, beta: -0.41, simulation: 41"
[1] "n sub: 30, n images per sub: 5, sigma^2: 0.5, beta: -0.41, simulation: 42"
[1] "n sub: 30, n images per sub: 5, sigma^2: 1, beta: -0.41, simulation: 42"
[1] "n sub: 30, n images per sub: 5, sigma^2: 2, beta: -0.41, simulation: 42"
[1] "n sub: 30, n images per sub: 5, sigma^2: 0.5, beta: -0.41, simulation: 43"
[1] "n sub: 30, n images per sub: 5, sigma^2: 1, beta: -0.41, simulation: 43"
[1] "n sub: 30, n images per sub: 5, sigma^2: 2, beta: -0.41, simulation: 43"
[1] "n sub: 30, n images per sub: 5, sigma^2: 0.5, beta: -0.41, simulation: 44"
[1] "n sub: 30, n images per sub: 5, sigma^2: 1, beta: -0.41, simulation: 44"
[1] "n sub: 30, n images per sub: 5, sigma^2: 2, beta: -0.41, simulation: 44"
[1] "n sub: 30, n images per sub: 5, sigma^2: 0.5, beta: -0.41, simulation: 45"
[1] "n sub: 30, n images per sub: 5, sigma^2: 1, beta: -0.41, simulation: 45"
[1] "n sub: 30, n images per sub: 5, sigma^2: 2, beta: -0.41, simulation: 45"
[1] "n sub: 30, n images per sub: 5, sigma^2: 0.5, beta: -0.41, simulation: 46"
[1] "n sub: 30, n images per sub: 5, sigma^2: 1, beta: -0.41, simulation: 46"
[1] "n sub: 30, n images per sub: 5, sigma^2: 2, beta: -0.41, simulation: 46"
[1] "n sub: 30, n images per sub: 5, sigma^2: 0.5, beta: -0.41, simulation: 47"
[1] "n sub: 30, n images per sub: 5, sigma^2: 1, beta: -0.41, simulation: 47"
[1] "n sub: 30, n images per sub: 5, sigma^2: 2, beta: -0.41, simulation: 47"
[1] "n sub: 30, n images per sub: 5, sigma^2: 0.5, beta: -0.41, simulation: 48"
[1] "n sub: 30, n images per sub: 5, sigma^2: 1, beta: -0.41, simulation: 48"
[1] "n sub: 30, n images per sub: 5, sigma^2: 2, beta: -0.41, simulation: 48"
[1] "n sub: 30, n images per sub: 5, sigma^2: 0.5, beta: -0.41, simulation: 49"
[1] "n sub: 30, n images per sub: 5, sigma^2: 1, beta: -0.41, simulation: 49"
[1] "n sub: 30, n images per sub: 5, sigma^2: 2, beta: -0.41, simulation: 49"
[1] "n sub: 30, n images per sub: 5, sigma^2: 0.5, beta: -0.41, simulation: 50"
[1] "n sub: 30, n images per sub: 5, sigma^2: 1, beta: -0.41, simulation: 50"
[1] "n sub: 30, n images per sub: 5, sigma^2: 2, beta: -0.41, simulation: 50"
[1] "n sub: 30, n images per sub: 5, sigma^2: 0.5, beta: -0.41, simulation: 51"
[1] "n sub: 30, n images per sub: 5, sigma^2: 1, beta: -0.41, simulation: 51"
[1] "n sub: 30, n images per sub: 5, sigma^2: 2, beta: -0.41, simulation: 51"
[1] "n sub: 30, n images per sub: 5, sigma^2: 1, beta: -0.41, simulation: 52"
[1] "n sub: 30, n images per sub: 5, sigma^2: 2, beta: -0.41, simulation: 52"
[1] "n sub: 30, n images per sub: 5, sigma^2: 0.5, beta: -0.41, simulation: 52"
