 [1] 13744 13745 13746 13747 13748 13749 13750 13751 13752 13753 13754 13755
[13] 13756 13757 13758 13759 13760 13761 13762 13763 13764 13765 13766 13767
[25] 13768 13769 13770
[1] "n sub: 50, n images per sub: 5, sigma^2: 2, beta: -1.1, simulation: 82"
[1] "n sub: 50, n images per sub: 5, sigma^2: 1, beta: -1.1, simulation: 82"
[1] "n sub: 50, n images per sub: 5, sigma^2: 0.5, beta: -1.1, simulation: 82"
[1] "n sub: 50, n images per sub: 5, sigma^2: 2, beta: -1.1, simulation: 83"
[1] "n sub: 50, n images per sub: 5, sigma^2: 1, beta: -1.1, simulation: 83"
[1] "n sub: 50, n images per sub: 5, sigma^2: 0.5, beta: -1.1, simulation: 83"
[1] "n sub: 50, n images per sub: 5, sigma^2: 1, beta: -1.1, simulation: 84"
[1] "n sub: 50, n images per sub: 5, sigma^2: 2, beta: -1.1, simulation: 84"
[1] "n sub: 50, n images per sub: 5, sigma^2: 0.5, beta: -1.1, simulation: 84"
[1] "n sub: 50, n images per sub: 5, sigma^2: 1, beta: -1.1, simulation: 85"
[1] "n sub: 50, n images per sub: 5, sigma^2: 2, beta: -1.1, simulation: 85"
[1] "n sub: 50, n images per sub: 5, sigma^2: 0.5, beta: -1.1, simulation: 85"
[1] "n sub: 50, n images per sub: 5, sigma^2: 1, beta: -1.1, simulation: 86"
[1] "n sub: 50, n images per sub: 5, sigma^2: 2, beta: -1.1, simulation: 86"
[1] "n sub: 50, n images per sub: 5, sigma^2: 0.5, beta: -1.1, simulation: 86"
[1] "n sub: 50, n images per sub: 5, sigma^2: 1, beta: -1.1, simulation: 87"
[1] "n sub: 50, n images per sub: 5, sigma^2: 2, beta: -1.1, simulation: 87"
[1] "n sub: 50, n images per sub: 5, sigma^2: 0.5, beta: -1.1, simulation: 87"
[1] "n sub: 50, n images per sub: 5, sigma^2: 1, beta: -1.1, simulation: 88"
[1] "n sub: 50, n images per sub: 5, sigma^2: 2, beta: -1.1, simulation: 88"
[1] "n sub: 50, n images per sub: 5, sigma^2: 0.5, beta: -1.1, simulation: 88"
[1] "n sub: 50, n images per sub: 5, sigma^2: 2, beta: -1.1, simulation: 89"
[1] "n sub: 50, n images per sub: 5, sigma^2: 1, beta: -1.1, simulation: 89"
[1] "n sub: 50, n images per sub: 5, sigma^2: 0.5, beta: -1.1, simulation: 89"
[1] "n sub: 50, n images per sub: 5, sigma^2: 2, beta: -1.1, simulation: 90"
[1] "n sub: 50, n images per sub: 5, sigma^2: 1, beta: -1.1, simulation: 90"
[1] "n sub: 50, n images per sub: 5, sigma^2: 0.5, beta: -1.1, simulation: 90"
