  [1] 4726 4727 4728 4729 4730 4731 4732 4733 4734 4735 4736 4737 4738 4739 4740
 [16] 4741 4742 4743 4744 4745 4746 4747 4748 4749 4750 4751 4752 4753 4754 4755
 [31] 4756 4757 4758 4759 4760 4761 4762 4763 4764 4765 4766 4767 4768 4769 4770
 [46] 4771 4772 4773 4774 4775 4776 4777 4778 4779 4780 4781 4782 4783 4784 4785
 [61] 4786 4787 4788 4789 4790 4791 4792 4793 4794 4795 4796 4797 4798 4799 4800
 [76] 4801 4802 4803 4804 4805 4806 4807 4808 4809 4810 4811 4812 4813 4814 4815
 [91] 4816 4817 4818 4819 4820 4821 4822 4823 4824 4825 4826 4827 4828 4829 4830
[106] 4831 4832 4833 4834 4835 4836 4837 4838 4839 4840 4841 4842 4843 4844 4845
[121] 4846 4847 4848 4849 4850 4851 4852 4853 4854 4855 4856 4857 4858 4859 4860
[1] "n sub: 30, n images per sub: 1, sigma^2: 1, beta: 0.41, simulation: 76"
[1] "n sub: 30, n images per sub: 1, sigma^2: 0.5, beta: 0.41, simulation: 76"
[1] "n sub: 30, n images per sub: 1, sigma^2: 2, beta: 0.41, simulation: 76"
[1] "n sub: 30, n images per sub: 1, sigma^2: 1, beta: 0.41, simulation: 77"
[1] "n sub: 30, n images per sub: 1, sigma^2: 0.5, beta: 0.41, simulation: 77"
[1] "n sub: 30, n images per sub: 1, sigma^2: 2, beta: 0.41, simulation: 77"
[1] "n sub: 30, n images per sub: 1, sigma^2: 1, beta: 0.41, simulation: 78"
[1] "n sub: 30, n images per sub: 1, sigma^2: 0.5, beta: 0.41, simulation: 78"
[1] "n sub: 30, n images per sub: 1, sigma^2: 2, beta: 0.41, simulation: 78"
[1] "n sub: 30, n images per sub: 1, sigma^2: 1, beta: 0.41, simulation: 79"
[1] "n sub: 30, n images per sub: 1, sigma^2: 0.5, beta: 0.41, simulation: 79"
[1] "n sub: 30, n images per sub: 1, sigma^2: 2, beta: 0.41, simulation: 79"
[1] "n sub: 30, n images per sub: 1, sigma^2: 1, beta: 0.41, simulation: 80"
[1] "n sub: 30, n images per sub: 1, sigma^2: 0.5, beta: 0.41, simulation: 80"
[1] "n sub: 30, n images per sub: 1, sigma^2: 2, beta: 0.41, simulation: 80"
[1] "n sub: 30, n images per sub: 1, sigma^2: 1, beta: 0.41, simulation: 81"
[1] "n sub: 30, n images per sub: 1, sigma^2: 0.5, beta: 0.41, simulation: 81"
[1] "n sub: 30, n images per sub: 1, sigma^2: 2, beta: 0.41, simulation: 81"
[1] "n sub: 30, n images per sub: 1, sigma^2: 1, beta: 0.41, simulation: 82"
[1] "n sub: 30, n images per sub: 1, sigma^2: 0.5, beta: 0.41, simulation: 82"
[1] "n sub: 30, n images per sub: 1, sigma^2: 2, beta: 0.41, simulation: 82"
[1] "n sub: 30, n images per sub: 1, sigma^2: 1, beta: 0.41, simulation: 83"
[1] "n sub: 30, n images per sub: 1, sigma^2: 0.5, beta: 0.41, simulation: 83"
[1] "n sub: 30, n images per sub: 1, sigma^2: 2, beta: 0.41, simulation: 83"
[1] "n sub: 30, n images per sub: 1, sigma^2: 1, beta: 0.41, simulation: 84"
[1] "n sub: 30, n images per sub: 1, sigma^2: 0.5, beta: 0.41, simulation: 84"
[1] "n sub: 30, n images per sub: 1, sigma^2: 2, beta: 0.41, simulation: 84"
[1] "n sub: 30, n images per sub: 1, sigma^2: 1, beta: 0.41, simulation: 85"
[1] "n sub: 30, n images per sub: 1, sigma^2: 0.5, beta: 0.41, simulation: 85"
[1] "n sub: 30, n images per sub: 1, sigma^2: 2, beta: 0.41, simulation: 85"
[1] "n sub: 30, n images per sub: 1, sigma^2: 1, beta: 0.41, simulation: 86"
[1] "n sub: 30, n images per sub: 1, sigma^2: 0.5, beta: 0.41, simulation: 86"
[1] "n sub: 30, n images per sub: 1, sigma^2: 2, beta: 0.41, simulation: 86"
[1] "n sub: 30, n images per sub: 1, sigma^2: 1, beta: 0.41, simulation: 87"
[1] "n sub: 30, n images per sub: 1, sigma^2: 0.5, beta: 0.41, simulation: 87"
[1] "n sub: 30, n images per sub: 1, sigma^2: 2, beta: 0.41, simulation: 87"
[1] "n sub: 30, n images per sub: 1, sigma^2: 1, beta: 0.41, simulation: 88"
[1] "n sub: 30, n images per sub: 1, sigma^2: 0.5, beta: 0.41, simulation: 88"
[1] "n sub: 30, n images per sub: 1, sigma^2: 2, beta: 0.41, simulation: 88"
[1] "n sub: 30, n images per sub: 1, sigma^2: 1, beta: 0.41, simulation: 89"
[1] "n sub: 30, n images per sub: 1, sigma^2: 0.5, beta: 0.41, simulation: 89"
[1] "n sub: 30, n images per sub: 1, sigma^2: 2, beta: 0.41, simulation: 89"
[1] "n sub: 30, n images per sub: 1, sigma^2: 1, beta: 0.41, simulation: 90"
[1] "n sub: 30, n images per sub: 1, sigma^2: 0.5, beta: 0.41, simulation: 90"
[1] "n sub: 30, n images per sub: 1, sigma^2: 2, beta: 0.41, simulation: 90"
[1] "n sub: 30, n images per sub: 1, sigma^2: 1, beta: 0.41, simulation: 91"
[1] "n sub: 30, n images per sub: 1, sigma^2: 0.5, beta: 0.41, simulation: 91"
[1] "n sub: 30, n images per sub: 1, sigma^2: 2, beta: 0.41, simulation: 91"
[1] "n sub: 30, n images per sub: 1, sigma^2: 1, beta: 0.41, simulation: 92"
[1] "n sub: 30, n images per sub: 1, sigma^2: 0.5, beta: 0.41, simulation: 92"
[1] "n sub: 30, n images per sub: 1, sigma^2: 2, beta: 0.41, simulation: 92"
[1] "n sub: 30, n images per sub: 1, sigma^2: 1, beta: 0.41, simulation: 93"
[1] "n sub: 30, n images per sub: 1, sigma^2: 0.5, beta: 0.41, simulation: 93"
[1] "n sub: 30, n images per sub: 1, sigma^2: 2, beta: 0.41, simulation: 93"
[1] "n sub: 30, n images per sub: 1, sigma^2: 1, beta: 0.41, simulation: 94"
[1] "n sub: 30, n images per sub: 1, sigma^2: 0.5, beta: 0.41, simulation: 94"
[1] "n sub: 30, n images per sub: 1, sigma^2: 2, beta: 0.41, simulation: 94"
[1] "n sub: 30, n images per sub: 1, sigma^2: 1, beta: 0.41, simulation: 95"
[1] "n sub: 30, n images per sub: 1, sigma^2: 0.5, beta: 0.41, simulation: 95"
[1] "n sub: 30, n images per sub: 1, sigma^2: 2, beta: 0.41, simulation: 95"
[1] "n sub: 30, n images per sub: 1, sigma^2: 0.5, beta: 0.41, simulation: 96"
[1] "n sub: 30, n images per sub: 1, sigma^2: 1, beta: 0.41, simulation: 96"
[1] "n sub: 30, n images per sub: 1, sigma^2: 2, beta: 0.41, simulation: 96"
[1] "n sub: 30, n images per sub: 1, sigma^2: 0.5, beta: 0.41, simulation: 97"
[1] "n sub: 30, n images per sub: 1, sigma^2: 1, beta: 0.41, simulation: 97"
[1] "n sub: 30, n images per sub: 1, sigma^2: 2, beta: 0.41, simulation: 97"
[1] "n sub: 30, n images per sub: 1, sigma^2: 0.5, beta: 0.41, simulation: 98"
[1] "n sub: 30, n images per sub: 1, sigma^2: 1, beta: 0.41, simulation: 98"
[1] "n sub: 30, n images per sub: 1, sigma^2: 2, beta: 0.41, simulation: 98"
[1] "n sub: 30, n images per sub: 1, sigma^2: 0.5, beta: 0.41, simulation: 99"
[1] "n sub: 30, n images per sub: 1, sigma^2: 1, beta: 0.41, simulation: 99"
[1] "n sub: 30, n images per sub: 1, sigma^2: 2, beta: 0.41, simulation: 99"
[1] "n sub: 30, n images per sub: 1, sigma^2: 0.5, beta: 0.41, simulation: 100"
[1] "n sub: 30, n images per sub: 1, sigma^2: 1, beta: 0.41, simulation: 100"
[1] "n sub: 30, n images per sub: 1, sigma^2: 2, beta: 0.41, simulation: 100"
[1] "n sub: 30, n images per sub: 1, sigma^2: 2, beta: 0.69, simulation: 1"
[1] "n sub: 30, n images per sub: 1, sigma^2: 1, beta: 0.69, simulation: 1"
[1] "n sub: 30, n images per sub: 1, sigma^2: 0.5, beta: 0.69, simulation: 1"
[1] "n sub: 30, n images per sub: 1, sigma^2: 2, beta: 0.69, simulation: 2"
[1] "n sub: 30, n images per sub: 1, sigma^2: 1, beta: 0.69, simulation: 2"
[1] "n sub: 30, n images per sub: 1, sigma^2: 0.5, beta: 0.69, simulation: 2"
[1] "n sub: 30, n images per sub: 1, sigma^2: 2, beta: 0.69, simulation: 3"
[1] "n sub: 30, n images per sub: 1, sigma^2: 1, beta: 0.69, simulation: 3"
[1] "n sub: 30, n images per sub: 1, sigma^2: 0.5, beta: 0.69, simulation: 3"
[1] "n sub: 30, n images per sub: 1, sigma^2: 2, beta: 0.69, simulation: 4"
[1] "n sub: 30, n images per sub: 1, sigma^2: 1, beta: 0.69, simulation: 4"
[1] "n sub: 30, n images per sub: 1, sigma^2: 0.5, beta: 0.69, simulation: 4"
[1] "n sub: 30, n images per sub: 1, sigma^2: 2, beta: 0.69, simulation: 5"
[1] "n sub: 30, n images per sub: 1, sigma^2: 1, beta: 0.69, simulation: 5"
[1] "n sub: 30, n images per sub: 1, sigma^2: 0.5, beta: 0.69, simulation: 5"
[1] "n sub: 30, n images per sub: 1, sigma^2: 2, beta: 0.69, simulation: 6"
[1] "n sub: 30, n images per sub: 1, sigma^2: 1, beta: 0.69, simulation: 6"
[1] "n sub: 30, n images per sub: 1, sigma^2: 0.5, beta: 0.69, simulation: 6"
[1] "n sub: 30, n images per sub: 1, sigma^2: 2, beta: 0.69, simulation: 7"
[1] "n sub: 30, n images per sub: 1, sigma^2: 1, beta: 0.69, simulation: 7"
[1] "n sub: 30, n images per sub: 1, sigma^2: 0.5, beta: 0.69, simulation: 7"
[1] "n sub: 30, n images per sub: 1, sigma^2: 2, beta: 0.69, simulation: 8"
[1] "n sub: 30, n images per sub: 1, sigma^2: 1, beta: 0.69, simulation: 8"
[1] "n sub: 30, n images per sub: 1, sigma^2: 0.5, beta: 0.69, simulation: 8"
[1] "n sub: 30, n images per sub: 1, sigma^2: 2, beta: 0.69, simulation: 9"
[1] "n sub: 30, n images per sub: 1, sigma^2: 1, beta: 0.69, simulation: 9"
[1] "n sub: 30, n images per sub: 1, sigma^2: 0.5, beta: 0.69, simulation: 9"
[1] "n sub: 30, n images per sub: 1, sigma^2: 2, beta: 0.69, simulation: 10"
[1] "n sub: 30, n images per sub: 1, sigma^2: 1, beta: 0.69, simulation: 10"
[1] "n sub: 30, n images per sub: 1, sigma^2: 0.5, beta: 0.69, simulation: 10"
[1] "n sub: 30, n images per sub: 1, sigma^2: 2, beta: 0.69, simulation: 11"
[1] "n sub: 30, n images per sub: 1, sigma^2: 1, beta: 0.69, simulation: 11"
[1] "n sub: 30, n images per sub: 1, sigma^2: 0.5, beta: 0.69, simulation: 11"
[1] "n sub: 30, n images per sub: 1, sigma^2: 2, beta: 0.69, simulation: 12"
[1] "n sub: 30, n images per sub: 1, sigma^2: 1, beta: 0.69, simulation: 12"
[1] "n sub: 30, n images per sub: 1, sigma^2: 0.5, beta: 0.69, simulation: 12"
[1] "n sub: 30, n images per sub: 1, sigma^2: 2, beta: 0.69, simulation: 13"
[1] "n sub: 30, n images per sub: 1, sigma^2: 1, beta: 0.69, simulation: 13"
[1] "n sub: 30, n images per sub: 1, sigma^2: 0.5, beta: 0.69, simulation: 13"
[1] "n sub: 30, n images per sub: 1, sigma^2: 2, beta: 0.69, simulation: 14"
[1] "n sub: 30, n images per sub: 1, sigma^2: 1, beta: 0.69, simulation: 14"
[1] "n sub: 30, n images per sub: 1, sigma^2: 0.5, beta: 0.69, simulation: 14"
[1] "n sub: 30, n images per sub: 1, sigma^2: 2, beta: 0.69, simulation: 15"
[1] "n sub: 30, n images per sub: 1, sigma^2: 1, beta: 0.69, simulation: 15"
[1] "n sub: 30, n images per sub: 1, sigma^2: 0.5, beta: 0.69, simulation: 15"
[1] "n sub: 30, n images per sub: 1, sigma^2: 2, beta: 0.69, simulation: 16"
[1] "n sub: 30, n images per sub: 1, sigma^2: 1, beta: 0.69, simulation: 16"
[1] "n sub: 30, n images per sub: 1, sigma^2: 0.5, beta: 0.69, simulation: 16"
[1] "n sub: 30, n images per sub: 1, sigma^2: 2, beta: 0.69, simulation: 17"
[1] "n sub: 30, n images per sub: 1, sigma^2: 1, beta: 0.69, simulation: 17"
[1] "n sub: 30, n images per sub: 1, sigma^2: 0.5, beta: 0.69, simulation: 17"
[1] "n sub: 30, n images per sub: 1, sigma^2: 2, beta: 0.69, simulation: 18"
[1] "n sub: 30, n images per sub: 1, sigma^2: 1, beta: 0.69, simulation: 18"
[1] "n sub: 30, n images per sub: 1, sigma^2: 0.5, beta: 0.69, simulation: 18"
[1] "n sub: 30, n images per sub: 1, sigma^2: 2, beta: 0.69, simulation: 19"
[1] "n sub: 30, n images per sub: 1, sigma^2: 1, beta: 0.69, simulation: 19"
[1] "n sub: 30, n images per sub: 1, sigma^2: 0.5, beta: 0.69, simulation: 19"
[1] "n sub: 30, n images per sub: 1, sigma^2: 2, beta: 0.69, simulation: 20"
[1] "n sub: 30, n images per sub: 1, sigma^2: 1, beta: 0.69, simulation: 20"
[1] "n sub: 30, n images per sub: 1, sigma^2: 0.5, beta: 0.69, simulation: 20"
