 [1] 14662 14663 14664 14665 14666 14667 14668 14669 14670 14671 14672 14673
[13] 14674 14675 14676 14677 14678 14679 14680 14681 14682 14683 14684 14685
[25] 14686 14687 14688
[1] "n sub: 50, n images per sub: 5, sigma^2: 2, beta: -0.22, simulation: 88"
[1] "n sub: 50, n images per sub: 5, sigma^2: 1, beta: -0.22, simulation: 88"
[1] "n sub: 50, n images per sub: 5, sigma^2: 0.5, beta: -0.22, simulation: 88"
[1] "n sub: 50, n images per sub: 5, sigma^2: 2, beta: -0.22, simulation: 89"
[1] "n sub: 50, n images per sub: 5, sigma^2: 1, beta: -0.22, simulation: 89"
[1] "n sub: 50, n images per sub: 5, sigma^2: 0.5, beta: -0.22, simulation: 89"
[1] "n sub: 50, n images per sub: 5, sigma^2: 2, beta: -0.22, simulation: 90"
[1] "n sub: 50, n images per sub: 5, sigma^2: 1, beta: -0.22, simulation: 90"
[1] "n sub: 50, n images per sub: 5, sigma^2: 0.5, beta: -0.22, simulation: 90"
[1] "n sub: 50, n images per sub: 5, sigma^2: 2, beta: -0.22, simulation: 91"
[1] "n sub: 50, n images per sub: 5, sigma^2: 1, beta: -0.22, simulation: 91"
[1] "n sub: 50, n images per sub: 5, sigma^2: 0.5, beta: -0.22, simulation: 91"
[1] "n sub: 50, n images per sub: 5, sigma^2: 2, beta: -0.22, simulation: 92"
[1] "n sub: 50, n images per sub: 5, sigma^2: 1, beta: -0.22, simulation: 92"
[1] "n sub: 50, n images per sub: 5, sigma^2: 0.5, beta: -0.22, simulation: 92"
[1] "n sub: 50, n images per sub: 5, sigma^2: 2, beta: -0.22, simulation: 93"
[1] "n sub: 50, n images per sub: 5, sigma^2: 1, beta: -0.22, simulation: 93"
[1] "n sub: 50, n images per sub: 5, sigma^2: 0.5, beta: -0.22, simulation: 93"
[1] "n sub: 50, n images per sub: 5, sigma^2: 1, beta: -0.22, simulation: 94"
[1] "n sub: 50, n images per sub: 5, sigma^2: 2, beta: -0.22, simulation: 94"
[1] "n sub: 50, n images per sub: 5, sigma^2: 0.5, beta: -0.22, simulation: 94"
[1] "n sub: 50, n images per sub: 5, sigma^2: 1, beta: -0.22, simulation: 95"
[1] "n sub: 50, n images per sub: 5, sigma^2: 2, beta: -0.22, simulation: 95"
[1] "n sub: 50, n images per sub: 5, sigma^2: 0.5, beta: -0.22, simulation: 95"
[1] "n sub: 50, n images per sub: 5, sigma^2: 2, beta: -0.22, simulation: 96"
[1] "n sub: 50, n images per sub: 5, sigma^2: 1, beta: -0.22, simulation: 96"
[1] "n sub: 50, n images per sub: 5, sigma^2: 0.5, beta: -0.22, simulation: 96"
