  [1] 5266 5267 5268 5269 5270 5271 5272 5273 5274 5275 5276 5277 5278 5279 5280
 [16] 5281 5282 5283 5284 5285 5286 5287 5288 5289 5290 5291 5292 5293 5294 5295
 [31] 5296 5297 5298 5299 5300 5301 5302 5303 5304 5305 5306 5307 5308 5309 5310
 [46] 5311 5312 5313 5314 5315 5316 5317 5318 5319 5320 5321 5322 5323 5324 5325
 [61] 5326 5327 5328 5329 5330 5331 5332 5333 5334 5335 5336 5337 5338 5339 5340
 [76] 5341 5342 5343 5344 5345 5346 5347 5348 5349 5350 5351 5352 5353 5354 5355
 [91] 5356 5357 5358 5359 5360 5361 5362 5363 5364 5365 5366 5367 5368 5369 5370
[106] 5371 5372 5373 5374 5375 5376 5377 5378 5379 5380 5381 5382 5383 5384 5385
[121] 5386 5387 5388 5389 5390 5391 5392 5393 5394 5395 5396 5397 5398 5399 5400
[1] "n sub: 30, n images per sub: 1, sigma^2: 0.5, beta: 1.1, simulation: 56"
[1] "n sub: 30, n images per sub: 1, sigma^2: 1, beta: 1.1, simulation: 56"
[1] "n sub: 30, n images per sub: 1, sigma^2: 2, beta: 1.1, simulation: 56"
[1] "n sub: 30, n images per sub: 1, sigma^2: 0.5, beta: 1.1, simulation: 57"
[1] "n sub: 30, n images per sub: 1, sigma^2: 1, beta: 1.1, simulation: 57"
[1] "n sub: 30, n images per sub: 1, sigma^2: 2, beta: 1.1, simulation: 57"
[1] "n sub: 30, n images per sub: 1, sigma^2: 0.5, beta: 1.1, simulation: 58"
[1] "n sub: 30, n images per sub: 1, sigma^2: 1, beta: 1.1, simulation: 58"
[1] "n sub: 30, n images per sub: 1, sigma^2: 2, beta: 1.1, simulation: 58"
[1] "n sub: 30, n images per sub: 1, sigma^2: 0.5, beta: 1.1, simulation: 59"
[1] "n sub: 30, n images per sub: 1, sigma^2: 1, beta: 1.1, simulation: 59"
[1] "n sub: 30, n images per sub: 1, sigma^2: 2, beta: 1.1, simulation: 59"
[1] "n sub: 30, n images per sub: 1, sigma^2: 2, beta: 1.1, simulation: 60"
[1] "n sub: 30, n images per sub: 1, sigma^2: 1, beta: 1.1, simulation: 60"
[1] "n sub: 30, n images per sub: 1, sigma^2: 0.5, beta: 1.1, simulation: 60"
[1] "n sub: 30, n images per sub: 1, sigma^2: 2, beta: 1.1, simulation: 61"
[1] "n sub: 30, n images per sub: 1, sigma^2: 1, beta: 1.1, simulation: 61"
[1] "n sub: 30, n images per sub: 1, sigma^2: 0.5, beta: 1.1, simulation: 61"
[1] "n sub: 30, n images per sub: 1, sigma^2: 2, beta: 1.1, simulation: 62"
[1] "n sub: 30, n images per sub: 1, sigma^2: 1, beta: 1.1, simulation: 62"
[1] "n sub: 30, n images per sub: 1, sigma^2: 0.5, beta: 1.1, simulation: 62"
[1] "n sub: 30, n images per sub: 1, sigma^2: 2, beta: 1.1, simulation: 63"
[1] "n sub: 30, n images per sub: 1, sigma^2: 1, beta: 1.1, simulation: 63"
[1] "n sub: 30, n images per sub: 1, sigma^2: 0.5, beta: 1.1, simulation: 63"
[1] "n sub: 30, n images per sub: 1, sigma^2: 2, beta: 1.1, simulation: 64"
[1] "n sub: 30, n images per sub: 1, sigma^2: 1, beta: 1.1, simulation: 64"
[1] "n sub: 30, n images per sub: 1, sigma^2: 0.5, beta: 1.1, simulation: 64"
[1] "n sub: 30, n images per sub: 1, sigma^2: 2, beta: 1.1, simulation: 65"
[1] "n sub: 30, n images per sub: 1, sigma^2: 1, beta: 1.1, simulation: 65"
[1] "n sub: 30, n images per sub: 1, sigma^2: 0.5, beta: 1.1, simulation: 65"
[1] "n sub: 30, n images per sub: 1, sigma^2: 2, beta: 1.1, simulation: 66"
[1] "n sub: 30, n images per sub: 1, sigma^2: 1, beta: 1.1, simulation: 66"
[1] "n sub: 30, n images per sub: 1, sigma^2: 0.5, beta: 1.1, simulation: 66"
[1] "n sub: 30, n images per sub: 1, sigma^2: 2, beta: 1.1, simulation: 67"
[1] "n sub: 30, n images per sub: 1, sigma^2: 1, beta: 1.1, simulation: 67"
[1] "n sub: 30, n images per sub: 1, sigma^2: 0.5, beta: 1.1, simulation: 67"
[1] "n sub: 30, n images per sub: 1, sigma^2: 2, beta: 1.1, simulation: 68"
[1] "n sub: 30, n images per sub: 1, sigma^2: 1, beta: 1.1, simulation: 68"
[1] "n sub: 30, n images per sub: 1, sigma^2: 0.5, beta: 1.1, simulation: 68"
[1] "n sub: 30, n images per sub: 1, sigma^2: 2, beta: 1.1, simulation: 69"
[1] "n sub: 30, n images per sub: 1, sigma^2: 1, beta: 1.1, simulation: 69"
[1] "n sub: 30, n images per sub: 1, sigma^2: 0.5, beta: 1.1, simulation: 69"
[1] "n sub: 30, n images per sub: 1, sigma^2: 1, beta: 1.1, simulation: 70"
[1] "n sub: 30, n images per sub: 1, sigma^2: 2, beta: 1.1, simulation: 70"
[1] "n sub: 30, n images per sub: 1, sigma^2: 0.5, beta: 1.1, simulation: 70"
[1] "n sub: 30, n images per sub: 1, sigma^2: 2, beta: 1.1, simulation: 71"
[1] "n sub: 30, n images per sub: 1, sigma^2: 1, beta: 1.1, simulation: 71"
[1] "n sub: 30, n images per sub: 1, sigma^2: 0.5, beta: 1.1, simulation: 71"
[1] "n sub: 30, n images per sub: 1, sigma^2: 1, beta: 1.1, simulation: 72"
[1] "n sub: 30, n images per sub: 1, sigma^2: 2, beta: 1.1, simulation: 72"
[1] "n sub: 30, n images per sub: 1, sigma^2: 0.5, beta: 1.1, simulation: 72"
[1] "n sub: 30, n images per sub: 1, sigma^2: 0.5, beta: 1.1, simulation: 73"
[1] "n sub: 30, n images per sub: 1, sigma^2: 1, beta: 1.1, simulation: 73"
[1] "n sub: 30, n images per sub: 1, sigma^2: 2, beta: 1.1, simulation: 73"
[1] "n sub: 30, n images per sub: 1, sigma^2: 0.5, beta: 1.1, simulation: 74"
[1] "n sub: 30, n images per sub: 1, sigma^2: 1, beta: 1.1, simulation: 74"
[1] "n sub: 30, n images per sub: 1, sigma^2: 2, beta: 1.1, simulation: 74"
[1] "n sub: 30, n images per sub: 1, sigma^2: 0.5, beta: 1.1, simulation: 75"
[1] "n sub: 30, n images per sub: 1, sigma^2: 1, beta: 1.1, simulation: 75"
[1] "n sub: 30, n images per sub: 1, sigma^2: 2, beta: 1.1, simulation: 75"
[1] "n sub: 30, n images per sub: 1, sigma^2: 0.5, beta: 1.1, simulation: 76"
[1] "n sub: 30, n images per sub: 1, sigma^2: 1, beta: 1.1, simulation: 76"
[1] "n sub: 30, n images per sub: 1, sigma^2: 2, beta: 1.1, simulation: 76"
[1] "n sub: 30, n images per sub: 1, sigma^2: 0.5, beta: 1.1, simulation: 77"
[1] "n sub: 30, n images per sub: 1, sigma^2: 1, beta: 1.1, simulation: 77"
[1] "n sub: 30, n images per sub: 1, sigma^2: 2, beta: 1.1, simulation: 77"
[1] "n sub: 30, n images per sub: 1, sigma^2: 0.5, beta: 1.1, simulation: 78"
[1] "n sub: 30, n images per sub: 1, sigma^2: 1, beta: 1.1, simulation: 78"
[1] "n sub: 30, n images per sub: 1, sigma^2: 2, beta: 1.1, simulation: 78"
[1] "n sub: 30, n images per sub: 1, sigma^2: 0.5, beta: 1.1, simulation: 79"
[1] "n sub: 30, n images per sub: 1, sigma^2: 1, beta: 1.1, simulation: 79"
[1] "n sub: 30, n images per sub: 1, sigma^2: 2, beta: 1.1, simulation: 79"
[1] "n sub: 30, n images per sub: 1, sigma^2: 2, beta: 1.1, simulation: 80"
[1] "n sub: 30, n images per sub: 1, sigma^2: 1, beta: 1.1, simulation: 80"
[1] "n sub: 30, n images per sub: 1, sigma^2: 0.5, beta: 1.1, simulation: 80"
[1] "n sub: 30, n images per sub: 1, sigma^2: 2, beta: 1.1, simulation: 81"
[1] "n sub: 30, n images per sub: 1, sigma^2: 1, beta: 1.1, simulation: 81"
[1] "n sub: 30, n images per sub: 1, sigma^2: 0.5, beta: 1.1, simulation: 81"
[1] "n sub: 30, n images per sub: 1, sigma^2: 2, beta: 1.1, simulation: 82"
[1] "n sub: 30, n images per sub: 1, sigma^2: 1, beta: 1.1, simulation: 82"
[1] "n sub: 30, n images per sub: 1, sigma^2: 0.5, beta: 1.1, simulation: 82"
[1] "n sub: 30, n images per sub: 1, sigma^2: 2, beta: 1.1, simulation: 83"
[1] "n sub: 30, n images per sub: 1, sigma^2: 1, beta: 1.1, simulation: 83"
[1] "n sub: 30, n images per sub: 1, sigma^2: 0.5, beta: 1.1, simulation: 83"
[1] "n sub: 30, n images per sub: 1, sigma^2: 2, beta: 1.1, simulation: 84"
[1] "n sub: 30, n images per sub: 1, sigma^2: 1, beta: 1.1, simulation: 84"
[1] "n sub: 30, n images per sub: 1, sigma^2: 0.5, beta: 1.1, simulation: 84"
[1] "n sub: 30, n images per sub: 1, sigma^2: 2, beta: 1.1, simulation: 85"
[1] "n sub: 30, n images per sub: 1, sigma^2: 1, beta: 1.1, simulation: 85"
[1] "n sub: 30, n images per sub: 1, sigma^2: 0.5, beta: 1.1, simulation: 85"
[1] "n sub: 30, n images per sub: 1, sigma^2: 2, beta: 1.1, simulation: 86"
[1] "n sub: 30, n images per sub: 1, sigma^2: 1, beta: 1.1, simulation: 86"
[1] "n sub: 30, n images per sub: 1, sigma^2: 0.5, beta: 1.1, simulation: 86"
[1] "n sub: 30, n images per sub: 1, sigma^2: 2, beta: 1.1, simulation: 87"
[1] "n sub: 30, n images per sub: 1, sigma^2: 1, beta: 1.1, simulation: 87"
[1] "n sub: 30, n images per sub: 1, sigma^2: 0.5, beta: 1.1, simulation: 87"
[1] "n sub: 30, n images per sub: 1, sigma^2: 2, beta: 1.1, simulation: 88"
[1] "n sub: 30, n images per sub: 1, sigma^2: 1, beta: 1.1, simulation: 88"
[1] "n sub: 30, n images per sub: 1, sigma^2: 0.5, beta: 1.1, simulation: 88"
[1] "n sub: 30, n images per sub: 1, sigma^2: 2, beta: 1.1, simulation: 89"
[1] "n sub: 30, n images per sub: 1, sigma^2: 1, beta: 1.1, simulation: 89"
[1] "n sub: 30, n images per sub: 1, sigma^2: 0.5, beta: 1.1, simulation: 89"
[1] "n sub: 30, n images per sub: 1, sigma^2: 1, beta: 1.1, simulation: 90"
[1] "n sub: 30, n images per sub: 1, sigma^2: 2, beta: 1.1, simulation: 90"
[1] "n sub: 30, n images per sub: 1, sigma^2: 0.5, beta: 1.1, simulation: 90"
[1] "n sub: 30, n images per sub: 1, sigma^2: 2, beta: 1.1, simulation: 91"
[1] "n sub: 30, n images per sub: 1, sigma^2: 1, beta: 1.1, simulation: 91"
[1] "n sub: 30, n images per sub: 1, sigma^2: 0.5, beta: 1.1, simulation: 91"
[1] "n sub: 30, n images per sub: 1, sigma^2: 1, beta: 1.1, simulation: 92"
[1] "n sub: 30, n images per sub: 1, sigma^2: 2, beta: 1.1, simulation: 92"
[1] "n sub: 30, n images per sub: 1, sigma^2: 0.5, beta: 1.1, simulation: 92"
[1] "n sub: 30, n images per sub: 1, sigma^2: 0.5, beta: 1.1, simulation: 93"
[1] "n sub: 30, n images per sub: 1, sigma^2: 1, beta: 1.1, simulation: 93"
[1] "n sub: 30, n images per sub: 1, sigma^2: 2, beta: 1.1, simulation: 93"
[1] "n sub: 30, n images per sub: 1, sigma^2: 0.5, beta: 1.1, simulation: 94"
[1] "n sub: 30, n images per sub: 1, sigma^2: 1, beta: 1.1, simulation: 94"
[1] "n sub: 30, n images per sub: 1, sigma^2: 2, beta: 1.1, simulation: 94"
[1] "n sub: 30, n images per sub: 1, sigma^2: 0.5, beta: 1.1, simulation: 95"
[1] "n sub: 30, n images per sub: 1, sigma^2: 1, beta: 1.1, simulation: 95"
[1] "n sub: 30, n images per sub: 1, sigma^2: 2, beta: 1.1, simulation: 95"
[1] "n sub: 30, n images per sub: 1, sigma^2: 0.5, beta: 1.1, simulation: 96"
[1] "n sub: 30, n images per sub: 1, sigma^2: 1, beta: 1.1, simulation: 96"
[1] "n sub: 30, n images per sub: 1, sigma^2: 2, beta: 1.1, simulation: 96"
[1] "n sub: 30, n images per sub: 1, sigma^2: 0.5, beta: 1.1, simulation: 97"
[1] "n sub: 30, n images per sub: 1, sigma^2: 1, beta: 1.1, simulation: 97"
[1] "n sub: 30, n images per sub: 1, sigma^2: 2, beta: 1.1, simulation: 97"
[1] "n sub: 30, n images per sub: 1, sigma^2: 0.5, beta: 1.1, simulation: 98"
[1] "n sub: 30, n images per sub: 1, sigma^2: 1, beta: 1.1, simulation: 98"
[1] "n sub: 30, n images per sub: 1, sigma^2: 2, beta: 1.1, simulation: 98"
[1] "n sub: 30, n images per sub: 1, sigma^2: 0.5, beta: 1.1, simulation: 99"
[1] "n sub: 30, n images per sub: 1, sigma^2: 1, beta: 1.1, simulation: 99"
[1] "n sub: 30, n images per sub: 1, sigma^2: 2, beta: 1.1, simulation: 99"
[1] "n sub: 30, n images per sub: 1, sigma^2: 0.5, beta: 1.1, simulation: 100"
[1] "n sub: 30, n images per sub: 1, sigma^2: 1, beta: 1.1, simulation: 100"
[1] "n sub: 30, n images per sub: 1, sigma^2: 2, beta: 1.1, simulation: 100"
