 [1] 13069 13070 13071 13072 13073 13074 13075 13076 13077 13078 13079 13080
[13] 13081 13082 13083 13084 13085 13086 13087 13088 13089 13090 13091 13092
[25] 13093 13094 13095 13096 13097 13098 13099 13100 13101 13102 13103 13104
[37] 13105 13106 13107 13108 13109 13110 13111 13112 13113 13114 13115 13116
[49] 13117 13118 13119 13120 13121 13122
[1] "n sub: 30, n images per sub: 5, sigma^2: 2, beta: 0.69, simulation: 57"
[1] "n sub: 30, n images per sub: 5, sigma^2: 1, beta: 0.69, simulation: 57"
[1] "n sub: 30, n images per sub: 5, sigma^2: 0.5, beta: 0.69, simulation: 57"
[1] "n sub: 30, n images per sub: 5, sigma^2: 2, beta: 0.69, simulation: 58"
[1] "n sub: 30, n images per sub: 5, sigma^2: 1, beta: 0.69, simulation: 58"
[1] "n sub: 30, n images per sub: 5, sigma^2: 0.5, beta: 0.69, simulation: 58"
[1] "n sub: 30, n images per sub: 5, sigma^2: 2, beta: 0.69, simulation: 59"
[1] "n sub: 30, n images per sub: 5, sigma^2: 1, beta: 0.69, simulation: 59"
[1] "n sub: 30, n images per sub: 5, sigma^2: 0.5, beta: 0.69, simulation: 59"
[1] "n sub: 30, n images per sub: 5, sigma^2: 1, beta: 0.69, simulation: 60"
[1] "n sub: 30, n images per sub: 5, sigma^2: 2, beta: 0.69, simulation: 60"
[1] "n sub: 30, n images per sub: 5, sigma^2: 0.5, beta: 0.69, simulation: 60"
[1] "n sub: 30, n images per sub: 5, sigma^2: 1, beta: 0.69, simulation: 61"
[1] "n sub: 30, n images per sub: 5, sigma^2: 2, beta: 0.69, simulation: 61"
[1] "n sub: 30, n images per sub: 5, sigma^2: 0.5, beta: 0.69, simulation: 61"
[1] "n sub: 30, n images per sub: 5, sigma^2: 2, beta: 0.69, simulation: 62"
[1] "n sub: 30, n images per sub: 5, sigma^2: 1, beta: 0.69, simulation: 62"
[1] "n sub: 30, n images per sub: 5, sigma^2: 0.5, beta: 0.69, simulation: 62"
[1] "n sub: 30, n images per sub: 5, sigma^2: 2, beta: 0.69, simulation: 63"
[1] "n sub: 30, n images per sub: 5, sigma^2: 1, beta: 0.69, simulation: 63"
[1] "n sub: 30, n images per sub: 5, sigma^2: 0.5, beta: 0.69, simulation: 63"
[1] "n sub: 30, n images per sub: 5, sigma^2: 2, beta: 0.69, simulation: 64"
[1] "n sub: 30, n images per sub: 5, sigma^2: 1, beta: 0.69, simulation: 64"
[1] "n sub: 30, n images per sub: 5, sigma^2: 0.5, beta: 0.69, simulation: 64"
[1] "n sub: 30, n images per sub: 5, sigma^2: 2, beta: 0.69, simulation: 65"
[1] "n sub: 30, n images per sub: 5, sigma^2: 1, beta: 0.69, simulation: 65"
[1] "n sub: 30, n images per sub: 5, sigma^2: 0.5, beta: 0.69, simulation: 65"
[1] "n sub: 30, n images per sub: 5, sigma^2: 2, beta: 0.69, simulation: 66"
[1] "n sub: 30, n images per sub: 5, sigma^2: 1, beta: 0.69, simulation: 66"
[1] "n sub: 30, n images per sub: 5, sigma^2: 0.5, beta: 0.69, simulation: 66"
[1] "n sub: 30, n images per sub: 5, sigma^2: 2, beta: 0.69, simulation: 67"
[1] "n sub: 30, n images per sub: 5, sigma^2: 1, beta: 0.69, simulation: 67"
[1] "n sub: 30, n images per sub: 5, sigma^2: 0.5, beta: 0.69, simulation: 67"
[1] "n sub: 30, n images per sub: 5, sigma^2: 2, beta: 0.69, simulation: 68"
[1] "n sub: 30, n images per sub: 5, sigma^2: 1, beta: 0.69, simulation: 68"
[1] "n sub: 30, n images per sub: 5, sigma^2: 0.5, beta: 0.69, simulation: 68"
[1] "n sub: 30, n images per sub: 5, sigma^2: 2, beta: 0.69, simulation: 69"
[1] "n sub: 30, n images per sub: 5, sigma^2: 1, beta: 0.69, simulation: 69"
[1] "n sub: 30, n images per sub: 5, sigma^2: 0.5, beta: 0.69, simulation: 69"
[1] "n sub: 30, n images per sub: 5, sigma^2: 2, beta: 0.69, simulation: 70"
[1] "n sub: 30, n images per sub: 5, sigma^2: 1, beta: 0.69, simulation: 70"
[1] "n sub: 30, n images per sub: 5, sigma^2: 0.5, beta: 0.69, simulation: 70"
[1] "n sub: 30, n images per sub: 5, sigma^2: 2, beta: 0.69, simulation: 71"
[1] "n sub: 30, n images per sub: 5, sigma^2: 1, beta: 0.69, simulation: 71"
[1] "n sub: 30, n images per sub: 5, sigma^2: 0.5, beta: 0.69, simulation: 71"
[1] "n sub: 30, n images per sub: 5, sigma^2: 2, beta: 0.69, simulation: 72"
[1] "n sub: 30, n images per sub: 5, sigma^2: 1, beta: 0.69, simulation: 72"
[1] "n sub: 30, n images per sub: 5, sigma^2: 0.5, beta: 0.69, simulation: 72"
[1] "n sub: 30, n images per sub: 5, sigma^2: 2, beta: 0.69, simulation: 73"
[1] "n sub: 30, n images per sub: 5, sigma^2: 1, beta: 0.69, simulation: 73"
[1] "n sub: 30, n images per sub: 5, sigma^2: 0.5, beta: 0.69, simulation: 73"
[1] "n sub: 30, n images per sub: 5, sigma^2: 2, beta: 0.69, simulation: 74"
[1] "n sub: 30, n images per sub: 5, sigma^2: 1, beta: 0.69, simulation: 74"
[1] "n sub: 30, n images per sub: 5, sigma^2: 0.5, beta: 0.69, simulation: 74"
