  [1] 9505 9506 9507 9508 9509 9510 9511 9512 9513 9514 9515 9516 9517 9518 9519
 [16] 9520 9521 9522 9523 9524 9525 9526 9527 9528 9529 9530 9531 9532 9533 9534
 [31] 9535 9536 9537 9538 9539 9540 9541 9542 9543 9544 9545 9546 9547 9548 9549
 [46] 9550 9551 9552 9553 9554 9555 9556 9557 9558 9559 9560 9561 9562 9563 9564
 [61] 9565 9566 9567 9568 9569 9570 9571 9572 9573 9574 9575 9576 9577 9578 9579
 [76] 9580 9581 9582 9583 9584 9585 9586 9587 9588 9589 9590 9591 9592 9593 9594
 [91] 9595 9596 9597 9598 9599 9600 9601 9602 9603 9604 9605 9606 9607 9608 9609
[106] 9610 9611 9612
[1] "n sub: 10, n images per sub: 5, sigma^2: 1, beta: 0, simulation: 69"
[1] "n sub: 10, n images per sub: 5, sigma^2: 0.5, beta: 0, simulation: 69"
[1] "n sub: 10, n images per sub: 5, sigma^2: 2, beta: 0, simulation: 69"
[1] "n sub: 10, n images per sub: 5, sigma^2: 0.5, beta: 0, simulation: 70"
[1] "n sub: 10, n images per sub: 5, sigma^2: 1, beta: 0, simulation: 70"
[1] "n sub: 10, n images per sub: 5, sigma^2: 2, beta: 0, simulation: 70"
[1] "n sub: 10, n images per sub: 5, sigma^2: 0.5, beta: 0, simulation: 71"
[1] "n sub: 10, n images per sub: 5, sigma^2: 1, beta: 0, simulation: 71"
[1] "n sub: 10, n images per sub: 5, sigma^2: 2, beta: 0, simulation: 71"
[1] "n sub: 10, n images per sub: 5, sigma^2: 0.5, beta: 0, simulation: 72"
[1] "n sub: 10, n images per sub: 5, sigma^2: 1, beta: 0, simulation: 72"
[1] "n sub: 10, n images per sub: 5, sigma^2: 2, beta: 0, simulation: 72"
[1] "n sub: 10, n images per sub: 5, sigma^2: 0.5, beta: 0, simulation: 73"
[1] "n sub: 10, n images per sub: 5, sigma^2: 2, beta: 0, simulation: 73"
[1] "n sub: 10, n images per sub: 5, sigma^2: 1, beta: 0, simulation: 73"
[1] "n sub: 10, n images per sub: 5, sigma^2: 0.5, beta: 0, simulation: 74"
[1] "n sub: 10, n images per sub: 5, sigma^2: 1, beta: 0, simulation: 74"
[1] "n sub: 10, n images per sub: 5, sigma^2: 2, beta: 0, simulation: 74"
[1] "n sub: 10, n images per sub: 5, sigma^2: 0.5, beta: 0, simulation: 75"
[1] "n sub: 10, n images per sub: 5, sigma^2: 1, beta: 0, simulation: 75"
[1] "n sub: 10, n images per sub: 5, sigma^2: 2, beta: 0, simulation: 75"
[1] "n sub: 10, n images per sub: 5, sigma^2: 0.5, beta: 0, simulation: 76"
[1] "n sub: 10, n images per sub: 5, sigma^2: 2, beta: 0, simulation: 76"
[1] "n sub: 10, n images per sub: 5, sigma^2: 1, beta: 0, simulation: 76"
[1] "n sub: 10, n images per sub: 5, sigma^2: 0.5, beta: 0, simulation: 77"
[1] "n sub: 10, n images per sub: 5, sigma^2: 2, beta: 0, simulation: 77"
[1] "n sub: 10, n images per sub: 5, sigma^2: 1, beta: 0, simulation: 77"
[1] "n sub: 10, n images per sub: 5, sigma^2: 0.5, beta: 0, simulation: 78"
[1] "n sub: 10, n images per sub: 5, sigma^2: 1, beta: 0, simulation: 78"
[1] "n sub: 10, n images per sub: 5, sigma^2: 2, beta: 0, simulation: 78"
[1] "n sub: 10, n images per sub: 5, sigma^2: 0.5, beta: 0, simulation: 79"
[1] "n sub: 10, n images per sub: 5, sigma^2: 2, beta: 0, simulation: 79"
[1] "n sub: 10, n images per sub: 5, sigma^2: 1, beta: 0, simulation: 79"
[1] "n sub: 10, n images per sub: 5, sigma^2: 0.5, beta: 0, simulation: 80"
[1] "n sub: 10, n images per sub: 5, sigma^2: 2, beta: 0, simulation: 80"
[1] "n sub: 10, n images per sub: 5, sigma^2: 1, beta: 0, simulation: 80"
[1] "n sub: 10, n images per sub: 5, sigma^2: 0.5, beta: 0, simulation: 81"
[1] "n sub: 10, n images per sub: 5, sigma^2: 2, beta: 0, simulation: 81"
[1] "n sub: 10, n images per sub: 5, sigma^2: 1, beta: 0, simulation: 81"
[1] "n sub: 10, n images per sub: 5, sigma^2: 0.5, beta: 0, simulation: 82"
[1] "n sub: 10, n images per sub: 5, sigma^2: 2, beta: 0, simulation: 82"
[1] "n sub: 10, n images per sub: 5, sigma^2: 1, beta: 0, simulation: 82"
[1] "n sub: 10, n images per sub: 5, sigma^2: 0.5, beta: 0, simulation: 83"
[1] "n sub: 10, n images per sub: 5, sigma^2: 2, beta: 0, simulation: 83"
[1] "n sub: 10, n images per sub: 5, sigma^2: 1, beta: 0, simulation: 83"
[1] "n sub: 10, n images per sub: 5, sigma^2: 0.5, beta: 0, simulation: 84"
[1] "n sub: 10, n images per sub: 5, sigma^2: 2, beta: 0, simulation: 84"
[1] "n sub: 10, n images per sub: 5, sigma^2: 1, beta: 0, simulation: 84"
[1] "n sub: 10, n images per sub: 5, sigma^2: 0.5, beta: 0, simulation: 85"
[1] "n sub: 10, n images per sub: 5, sigma^2: 2, beta: 0, simulation: 85"
[1] "n sub: 10, n images per sub: 5, sigma^2: 1, beta: 0, simulation: 85"
[1] "n sub: 10, n images per sub: 5, sigma^2: 0.5, beta: 0, simulation: 86"
[1] "n sub: 10, n images per sub: 5, sigma^2: 2, beta: 0, simulation: 86"
[1] "n sub: 10, n images per sub: 5, sigma^2: 1, beta: 0, simulation: 86"
[1] "n sub: 10, n images per sub: 5, sigma^2: 0.5, beta: 0, simulation: 87"
[1] "n sub: 10, n images per sub: 5, sigma^2: 1, beta: 0, simulation: 87"
[1] "n sub: 10, n images per sub: 5, sigma^2: 2, beta: 0, simulation: 87"
[1] "n sub: 10, n images per sub: 5, sigma^2: 0.5, beta: 0, simulation: 88"
[1] "n sub: 10, n images per sub: 5, sigma^2: 1, beta: 0, simulation: 88"
[1] "n sub: 10, n images per sub: 5, sigma^2: 2, beta: 0, simulation: 88"
[1] "n sub: 10, n images per sub: 5, sigma^2: 0.5, beta: 0, simulation: 89"
[1] "n sub: 10, n images per sub: 5, sigma^2: 2, beta: 0, simulation: 89"
[1] "n sub: 10, n images per sub: 5, sigma^2: 1, beta: 0, simulation: 89"
[1] "n sub: 10, n images per sub: 5, sigma^2: 0.5, beta: 0, simulation: 90"
[1] "n sub: 10, n images per sub: 5, sigma^2: 2, beta: 0, simulation: 90"
[1] "n sub: 10, n images per sub: 5, sigma^2: 1, beta: 0, simulation: 90"
[1] "n sub: 10, n images per sub: 5, sigma^2: 0.5, beta: 0, simulation: 91"
[1] "n sub: 10, n images per sub: 5, sigma^2: 2, beta: 0, simulation: 91"
[1] "n sub: 10, n images per sub: 5, sigma^2: 1, beta: 0, simulation: 91"
[1] "n sub: 10, n images per sub: 5, sigma^2: 0.5, beta: 0, simulation: 92"
[1] "n sub: 10, n images per sub: 5, sigma^2: 2, beta: 0, simulation: 92"
[1] "n sub: 10, n images per sub: 5, sigma^2: 1, beta: 0, simulation: 92"
[1] "n sub: 10, n images per sub: 5, sigma^2: 0.5, beta: 0, simulation: 93"
[1] "n sub: 10, n images per sub: 5, sigma^2: 2, beta: 0, simulation: 93"
[1] "n sub: 10, n images per sub: 5, sigma^2: 1, beta: 0, simulation: 93"
[1] "n sub: 10, n images per sub: 5, sigma^2: 0.5, beta: 0, simulation: 94"
[1] "n sub: 10, n images per sub: 5, sigma^2: 2, beta: 0, simulation: 94"
[1] "n sub: 10, n images per sub: 5, sigma^2: 1, beta: 0, simulation: 94"
[1] "n sub: 10, n images per sub: 5, sigma^2: 0.5, beta: 0, simulation: 95"
[1] "n sub: 10, n images per sub: 5, sigma^2: 2, beta: 0, simulation: 95"
[1] "n sub: 10, n images per sub: 5, sigma^2: 1, beta: 0, simulation: 95"
[1] "n sub: 10, n images per sub: 5, sigma^2: 0.5, beta: 0, simulation: 96"
[1] "n sub: 10, n images per sub: 5, sigma^2: 1, beta: 0, simulation: 96"
[1] "n sub: 10, n images per sub: 5, sigma^2: 2, beta: 0, simulation: 96"
[1] "n sub: 10, n images per sub: 5, sigma^2: 0.5, beta: 0, simulation: 97"
[1] "n sub: 10, n images per sub: 5, sigma^2: 2, beta: 0, simulation: 97"
[1] "n sub: 10, n images per sub: 5, sigma^2: 1, beta: 0, simulation: 97"
[1] "n sub: 10, n images per sub: 5, sigma^2: 0.5, beta: 0, simulation: 98"
[1] "n sub: 10, n images per sub: 5, sigma^2: 2, beta: 0, simulation: 98"
[1] "n sub: 10, n images per sub: 5, sigma^2: 1, beta: 0, simulation: 98"
[1] "n sub: 10, n images per sub: 5, sigma^2: 0.5, beta: 0, simulation: 99"
[1] "n sub: 10, n images per sub: 5, sigma^2: 2, beta: 0, simulation: 99"
[1] "n sub: 10, n images per sub: 5, sigma^2: 1, beta: 0, simulation: 99"
[1] "n sub: 10, n images per sub: 5, sigma^2: 0.5, beta: 0, simulation: 100"
[1] "n sub: 10, n images per sub: 5, sigma^2: 2, beta: 0, simulation: 100"
[1] "n sub: 10, n images per sub: 5, sigma^2: 1, beta: 0, simulation: 100"
[1] "n sub: 10, n images per sub: 5, sigma^2: 2, beta: 0.22, simulation: 1"
[1] "n sub: 10, n images per sub: 5, sigma^2: 1, beta: 0.22, simulation: 1"
[1] "n sub: 10, n images per sub: 5, sigma^2: 0.5, beta: 0.22, simulation: 1"
[1] "n sub: 10, n images per sub: 5, sigma^2: 2, beta: 0.22, simulation: 2"
[1] "n sub: 10, n images per sub: 5, sigma^2: 1, beta: 0.22, simulation: 2"
[1] "n sub: 10, n images per sub: 5, sigma^2: 0.5, beta: 0.22, simulation: 2"
[1] "n sub: 10, n images per sub: 5, sigma^2: 2, beta: 0.22, simulation: 3"
[1] "n sub: 10, n images per sub: 5, sigma^2: 1, beta: 0.22, simulation: 3"
[1] "n sub: 10, n images per sub: 5, sigma^2: 0.5, beta: 0.22, simulation: 3"
[1] "n sub: 10, n images per sub: 5, sigma^2: 2, beta: 0.22, simulation: 4"
[1] "n sub: 10, n images per sub: 5, sigma^2: 1, beta: 0.22, simulation: 4"
[1] "n sub: 10, n images per sub: 5, sigma^2: 0.5, beta: 0.22, simulation: 4"
