 [1] 15310 15311 15312 15313 15314 15315 15316 15317 15318 15319 15320 15321
[13] 15322 15323 15324 15325 15326 15327 15328 15329 15330 15331 15332 15333
[25] 15334 15335 15336
[1] "n sub: 50, n images per sub: 5, sigma^2: 1, beta: 0.41, simulation: 4"
[1] "n sub: 50, n images per sub: 5, sigma^2: 0.5, beta: 0.41, simulation: 4"
[1] "n sub: 50, n images per sub: 5, sigma^2: 2, beta: 0.41, simulation: 4"
[1] "n sub: 50, n images per sub: 5, sigma^2: 1, beta: 0.41, simulation: 5"
[1] "n sub: 50, n images per sub: 5, sigma^2: 0.5, beta: 0.41, simulation: 5"
[1] "n sub: 50, n images per sub: 5, sigma^2: 2, beta: 0.41, simulation: 5"
[1] "n sub: 50, n images per sub: 5, sigma^2: 1, beta: 0.41, simulation: 6"
[1] "n sub: 50, n images per sub: 5, sigma^2: 0.5, beta: 0.41, simulation: 6"
[1] "n sub: 50, n images per sub: 5, sigma^2: 2, beta: 0.41, simulation: 6"
[1] "n sub: 50, n images per sub: 5, sigma^2: 1, beta: 0.41, simulation: 7"
[1] "n sub: 50, n images per sub: 5, sigma^2: 0.5, beta: 0.41, simulation: 7"
[1] "n sub: 50, n images per sub: 5, sigma^2: 2, beta: 0.41, simulation: 7"
[1] "n sub: 50, n images per sub: 5, sigma^2: 1, beta: 0.41, simulation: 8"
[1] "n sub: 50, n images per sub: 5, sigma^2: 0.5, beta: 0.41, simulation: 8"
[1] "n sub: 50, n images per sub: 5, sigma^2: 2, beta: 0.41, simulation: 8"
[1] "n sub: 50, n images per sub: 5, sigma^2: 1, beta: 0.41, simulation: 9"
[1] "n sub: 50, n images per sub: 5, sigma^2: 0.5, beta: 0.41, simulation: 9"
[1] "n sub: 50, n images per sub: 5, sigma^2: 2, beta: 0.41, simulation: 9"
[1] "n sub: 50, n images per sub: 5, sigma^2: 1, beta: 0.41, simulation: 10"
[1] "n sub: 50, n images per sub: 5, sigma^2: 0.5, beta: 0.41, simulation: 10"
[1] "n sub: 50, n images per sub: 5, sigma^2: 2, beta: 0.41, simulation: 10"
[1] "n sub: 50, n images per sub: 5, sigma^2: 1, beta: 0.41, simulation: 11"
[1] "n sub: 50, n images per sub: 5, sigma^2: 0.5, beta: 0.41, simulation: 11"
[1] "n sub: 50, n images per sub: 5, sigma^2: 2, beta: 0.41, simulation: 11"
[1] "n sub: 50, n images per sub: 5, sigma^2: 1, beta: 0.41, simulation: 12"
[1] "n sub: 50, n images per sub: 5, sigma^2: 0.5, beta: 0.41, simulation: 12"
[1] "n sub: 50, n images per sub: 5, sigma^2: 2, beta: 0.41, simulation: 12"
