  [1] 3511 3512 3513 3514 3515 3516 3517 3518 3519 3520 3521 3522 3523 3524 3525
 [16] 3526 3527 3528 3529 3530 3531 3532 3533 3534 3535 3536 3537 3538 3539 3540
 [31] 3541 3542 3543 3544 3545 3546 3547 3548 3549 3550 3551 3552 3553 3554 3555
 [46] 3556 3557 3558 3559 3560 3561 3562 3563 3564 3565 3566 3567 3568 3569 3570
 [61] 3571 3572 3573 3574 3575 3576 3577 3578 3579 3580 3581 3582 3583 3584 3585
 [76] 3586 3587 3588 3589 3590 3591 3592 3593 3594 3595 3596 3597 3598 3599 3600
 [91] 3601 3602 3603 3604 3605 3606 3607 3608 3609 3610 3611 3612 3613 3614 3615
[106] 3616 3617 3618 3619 3620 3621 3622 3623 3624 3625 3626 3627 3628 3629 3630
[121] 3631 3632 3633 3634 3635 3636 3637 3638 3639 3640 3641 3642 3643 3644 3645
[1] "n sub: 30, n images per sub: 1, sigma^2: 0.5, beta: -0.41, simulation: 71"
[1] "n sub: 30, n images per sub: 1, sigma^2: 1, beta: -0.41, simulation: 71"
[1] "n sub: 30, n images per sub: 1, sigma^2: 2, beta: -0.41, simulation: 71"
[1] "n sub: 30, n images per sub: 1, sigma^2: 0.5, beta: -0.41, simulation: 72"
[1] "n sub: 30, n images per sub: 1, sigma^2: 2, beta: -0.41, simulation: 72"
[1] "n sub: 30, n images per sub: 1, sigma^2: 1, beta: -0.41, simulation: 72"
[1] "n sub: 30, n images per sub: 1, sigma^2: 0.5, beta: -0.41, simulation: 73"
[1] "n sub: 30, n images per sub: 1, sigma^2: 1, beta: -0.41, simulation: 73"
[1] "n sub: 30, n images per sub: 1, sigma^2: 2, beta: -0.41, simulation: 73"
[1] "n sub: 30, n images per sub: 1, sigma^2: 0.5, beta: -0.41, simulation: 74"
[1] "n sub: 30, n images per sub: 1, sigma^2: 2, beta: -0.41, simulation: 74"
[1] "n sub: 30, n images per sub: 1, sigma^2: 1, beta: -0.41, simulation: 74"
[1] "n sub: 30, n images per sub: 1, sigma^2: 0.5, beta: -0.41, simulation: 75"
[1] "n sub: 30, n images per sub: 1, sigma^2: 2, beta: -0.41, simulation: 75"
[1] "n sub: 30, n images per sub: 1, sigma^2: 1, beta: -0.41, simulation: 75"
[1] "n sub: 30, n images per sub: 1, sigma^2: 0.5, beta: -0.41, simulation: 76"
[1] "n sub: 30, n images per sub: 1, sigma^2: 2, beta: -0.41, simulation: 76"
[1] "n sub: 30, n images per sub: 1, sigma^2: 1, beta: -0.41, simulation: 76"
[1] "n sub: 30, n images per sub: 1, sigma^2: 0.5, beta: -0.41, simulation: 77"
[1] "n sub: 30, n images per sub: 1, sigma^2: 2, beta: -0.41, simulation: 77"
[1] "n sub: 30, n images per sub: 1, sigma^2: 1, beta: -0.41, simulation: 77"
[1] "n sub: 30, n images per sub: 1, sigma^2: 0.5, beta: -0.41, simulation: 78"
[1] "n sub: 30, n images per sub: 1, sigma^2: 2, beta: -0.41, simulation: 78"
[1] "n sub: 30, n images per sub: 1, sigma^2: 1, beta: -0.41, simulation: 78"
[1] "n sub: 30, n images per sub: 1, sigma^2: 0.5, beta: -0.41, simulation: 79"
[1] "n sub: 30, n images per sub: 1, sigma^2: 2, beta: -0.41, simulation: 79"
[1] "n sub: 30, n images per sub: 1, sigma^2: 1, beta: -0.41, simulation: 79"
[1] "n sub: 30, n images per sub: 1, sigma^2: 0.5, beta: -0.41, simulation: 80"
[1] "n sub: 30, n images per sub: 1, sigma^2: 2, beta: -0.41, simulation: 80"
[1] "n sub: 30, n images per sub: 1, sigma^2: 1, beta: -0.41, simulation: 80"
[1] "n sub: 30, n images per sub: 1, sigma^2: 0.5, beta: -0.41, simulation: 81"
[1] "n sub: 30, n images per sub: 1, sigma^2: 2, beta: -0.41, simulation: 81"
[1] "n sub: 30, n images per sub: 1, sigma^2: 1, beta: -0.41, simulation: 81"
[1] "n sub: 30, n images per sub: 1, sigma^2: 0.5, beta: -0.41, simulation: 82"
[1] "n sub: 30, n images per sub: 1, sigma^2: 2, beta: -0.41, simulation: 82"
[1] "n sub: 30, n images per sub: 1, sigma^2: 1, beta: -0.41, simulation: 82"
[1] "n sub: 30, n images per sub: 1, sigma^2: 0.5, beta: -0.41, simulation: 83"
[1] "n sub: 30, n images per sub: 1, sigma^2: 2, beta: -0.41, simulation: 83"
[1] "n sub: 30, n images per sub: 1, sigma^2: 1, beta: -0.41, simulation: 83"
[1] "n sub: 30, n images per sub: 1, sigma^2: 0.5, beta: -0.41, simulation: 84"
[1] "n sub: 30, n images per sub: 1, sigma^2: 2, beta: -0.41, simulation: 84"
[1] "n sub: 30, n images per sub: 1, sigma^2: 1, beta: -0.41, simulation: 84"
[1] "n sub: 30, n images per sub: 1, sigma^2: 0.5, beta: -0.41, simulation: 85"
[1] "n sub: 30, n images per sub: 1, sigma^2: 2, beta: -0.41, simulation: 85"
[1] "n sub: 30, n images per sub: 1, sigma^2: 1, beta: -0.41, simulation: 85"
[1] "n sub: 30, n images per sub: 1, sigma^2: 0.5, beta: -0.41, simulation: 86"
[1] "n sub: 30, n images per sub: 1, sigma^2: 2, beta: -0.41, simulation: 86"
[1] "n sub: 30, n images per sub: 1, sigma^2: 1, beta: -0.41, simulation: 86"
[1] "n sub: 30, n images per sub: 1, sigma^2: 0.5, beta: -0.41, simulation: 87"
[1] "n sub: 30, n images per sub: 1, sigma^2: 2, beta: -0.41, simulation: 87"
[1] "n sub: 30, n images per sub: 1, sigma^2: 1, beta: -0.41, simulation: 87"
[1] "n sub: 30, n images per sub: 1, sigma^2: 0.5, beta: -0.41, simulation: 88"
[1] "n sub: 30, n images per sub: 1, sigma^2: 2, beta: -0.41, simulation: 88"
[1] "n sub: 30, n images per sub: 1, sigma^2: 1, beta: -0.41, simulation: 88"
[1] "n sub: 30, n images per sub: 1, sigma^2: 0.5, beta: -0.41, simulation: 89"
[1] "n sub: 30, n images per sub: 1, sigma^2: 2, beta: -0.41, simulation: 89"
[1] "n sub: 30, n images per sub: 1, sigma^2: 1, beta: -0.41, simulation: 89"
[1] "n sub: 30, n images per sub: 1, sigma^2: 0.5, beta: -0.41, simulation: 90"
[1] "n sub: 30, n images per sub: 1, sigma^2: 2, beta: -0.41, simulation: 90"
[1] "n sub: 30, n images per sub: 1, sigma^2: 1, beta: -0.41, simulation: 90"
[1] "n sub: 30, n images per sub: 1, sigma^2: 0.5, beta: -0.41, simulation: 91"
[1] "n sub: 30, n images per sub: 1, sigma^2: 2, beta: -0.41, simulation: 91"
[1] "n sub: 30, n images per sub: 1, sigma^2: 1, beta: -0.41, simulation: 91"
[1] "n sub: 30, n images per sub: 1, sigma^2: 0.5, beta: -0.41, simulation: 92"
[1] "n sub: 30, n images per sub: 1, sigma^2: 2, beta: -0.41, simulation: 92"
[1] "n sub: 30, n images per sub: 1, sigma^2: 1, beta: -0.41, simulation: 92"
[1] "n sub: 30, n images per sub: 1, sigma^2: 0.5, beta: -0.41, simulation: 93"
[1] "n sub: 30, n images per sub: 1, sigma^2: 2, beta: -0.41, simulation: 93"
[1] "n sub: 30, n images per sub: 1, sigma^2: 1, beta: -0.41, simulation: 93"
[1] "n sub: 30, n images per sub: 1, sigma^2: 0.5, beta: -0.41, simulation: 94"
[1] "n sub: 30, n images per sub: 1, sigma^2: 2, beta: -0.41, simulation: 94"
[1] "n sub: 30, n images per sub: 1, sigma^2: 1, beta: -0.41, simulation: 94"
[1] "n sub: 30, n images per sub: 1, sigma^2: 2, beta: -0.41, simulation: 95"
[1] "n sub: 30, n images per sub: 1, sigma^2: 0.5, beta: -0.41, simulation: 95"
[1] "n sub: 30, n images per sub: 1, sigma^2: 1, beta: -0.41, simulation: 95"
[1] "n sub: 30, n images per sub: 1, sigma^2: 0.5, beta: -0.41, simulation: 96"
[1] "n sub: 30, n images per sub: 1, sigma^2: 2, beta: -0.41, simulation: 96"
[1] "n sub: 30, n images per sub: 1, sigma^2: 1, beta: -0.41, simulation: 96"
[1] "n sub: 30, n images per sub: 1, sigma^2: 0.5, beta: -0.41, simulation: 97"
[1] "n sub: 30, n images per sub: 1, sigma^2: 2, beta: -0.41, simulation: 97"
[1] "n sub: 30, n images per sub: 1, sigma^2: 1, beta: -0.41, simulation: 97"
[1] "n sub: 30, n images per sub: 1, sigma^2: 0.5, beta: -0.41, simulation: 98"
[1] "n sub: 30, n images per sub: 1, sigma^2: 2, beta: -0.41, simulation: 98"
[1] "n sub: 30, n images per sub: 1, sigma^2: 1, beta: -0.41, simulation: 98"
[1] "n sub: 30, n images per sub: 1, sigma^2: 0.5, beta: -0.41, simulation: 99"
[1] "n sub: 30, n images per sub: 1, sigma^2: 2, beta: -0.41, simulation: 99"
[1] "n sub: 30, n images per sub: 1, sigma^2: 1, beta: -0.41, simulation: 99"
[1] "n sub: 30, n images per sub: 1, sigma^2: 0.5, beta: -0.41, simulation: 100"
[1] "n sub: 30, n images per sub: 1, sigma^2: 2, beta: -0.41, simulation: 100"
[1] "n sub: 30, n images per sub: 1, sigma^2: 1, beta: -0.41, simulation: 100"
[1] "n sub: 30, n images per sub: 1, sigma^2: 2, beta: -0.22, simulation: 1"
[1] "n sub: 30, n images per sub: 1, sigma^2: 0.5, beta: -0.22, simulation: 1"
[1] "n sub: 30, n images per sub: 1, sigma^2: 1, beta: -0.22, simulation: 1"
[1] "n sub: 30, n images per sub: 1, sigma^2: 2, beta: -0.22, simulation: 2"
[1] "n sub: 30, n images per sub: 1, sigma^2: 1, beta: -0.22, simulation: 2"
[1] "n sub: 30, n images per sub: 1, sigma^2: 0.5, beta: -0.22, simulation: 2"
[1] "n sub: 30, n images per sub: 1, sigma^2: 2, beta: -0.22, simulation: 3"
[1] "n sub: 30, n images per sub: 1, sigma^2: 0.5, beta: -0.22, simulation: 3"
[1] "n sub: 30, n images per sub: 1, sigma^2: 1, beta: -0.22, simulation: 3"
[1] "n sub: 30, n images per sub: 1, sigma^2: 2, beta: -0.22, simulation: 4"
[1] "n sub: 30, n images per sub: 1, sigma^2: 1, beta: -0.22, simulation: 4"
[1] "n sub: 30, n images per sub: 1, sigma^2: 0.5, beta: -0.22, simulation: 4"
[1] "n sub: 30, n images per sub: 1, sigma^2: 2, beta: -0.22, simulation: 5"
[1] "n sub: 30, n images per sub: 1, sigma^2: 1, beta: -0.22, simulation: 5"
[1] "n sub: 30, n images per sub: 1, sigma^2: 0.5, beta: -0.22, simulation: 5"
[1] "n sub: 30, n images per sub: 1, sigma^2: 2, beta: -0.22, simulation: 6"
[1] "n sub: 30, n images per sub: 1, sigma^2: 1, beta: -0.22, simulation: 6"
[1] "n sub: 30, n images per sub: 1, sigma^2: 0.5, beta: -0.22, simulation: 6"
[1] "n sub: 30, n images per sub: 1, sigma^2: 2, beta: -0.22, simulation: 7"
[1] "n sub: 30, n images per sub: 1, sigma^2: 1, beta: -0.22, simulation: 7"
[1] "n sub: 30, n images per sub: 1, sigma^2: 0.5, beta: -0.22, simulation: 7"
[1] "n sub: 30, n images per sub: 1, sigma^2: 2, beta: -0.22, simulation: 8"
[1] "n sub: 30, n images per sub: 1, sigma^2: 1, beta: -0.22, simulation: 8"
[1] "n sub: 30, n images per sub: 1, sigma^2: 0.5, beta: -0.22, simulation: 8"
[1] "n sub: 30, n images per sub: 1, sigma^2: 2, beta: -0.22, simulation: 9"
[1] "n sub: 30, n images per sub: 1, sigma^2: 1, beta: -0.22, simulation: 9"
[1] "n sub: 30, n images per sub: 1, sigma^2: 0.5, beta: -0.22, simulation: 9"
[1] "n sub: 30, n images per sub: 1, sigma^2: 2, beta: -0.22, simulation: 10"
[1] "n sub: 30, n images per sub: 1, sigma^2: 1, beta: -0.22, simulation: 10"
[1] "n sub: 30, n images per sub: 1, sigma^2: 0.5, beta: -0.22, simulation: 10"
[1] "n sub: 30, n images per sub: 1, sigma^2: 2, beta: -0.22, simulation: 11"
[1] "n sub: 30, n images per sub: 1, sigma^2: 1, beta: -0.22, simulation: 11"
[1] "n sub: 30, n images per sub: 1, sigma^2: 0.5, beta: -0.22, simulation: 11"
[1] "n sub: 30, n images per sub: 1, sigma^2: 2, beta: -0.22, simulation: 12"
[1] "n sub: 30, n images per sub: 1, sigma^2: 1, beta: -0.22, simulation: 12"
[1] "n sub: 30, n images per sub: 1, sigma^2: 0.5, beta: -0.22, simulation: 12"
[1] "n sub: 30, n images per sub: 1, sigma^2: 2, beta: -0.22, simulation: 13"
[1] "n sub: 30, n images per sub: 1, sigma^2: 1, beta: -0.22, simulation: 13"
[1] "n sub: 30, n images per sub: 1, sigma^2: 0.5, beta: -0.22, simulation: 13"
[1] "n sub: 30, n images per sub: 1, sigma^2: 2, beta: -0.22, simulation: 14"
[1] "n sub: 30, n images per sub: 1, sigma^2: 1, beta: -0.22, simulation: 14"
[1] "n sub: 30, n images per sub: 1, sigma^2: 0.5, beta: -0.22, simulation: 14"
[1] "n sub: 30, n images per sub: 1, sigma^2: 2, beta: -0.22, simulation: 15"
[1] "n sub: 30, n images per sub: 1, sigma^2: 1, beta: -0.22, simulation: 15"
[1] "n sub: 30, n images per sub: 1, sigma^2: 0.5, beta: -0.22, simulation: 15"
