  [1] 2296 2297 2298 2299 2300 2301 2302 2303 2304 2305 2306 2307 2308 2309 2310
 [16] 2311 2312 2313 2314 2315 2316 2317 2318 2319 2320 2321 2322 2323 2324 2325
 [31] 2326 2327 2328 2329 2330 2331 2332 2333 2334 2335 2336 2337 2338 2339 2340
 [46] 2341 2342 2343 2344 2345 2346 2347 2348 2349 2350 2351 2352 2353 2354 2355
 [61] 2356 2357 2358 2359 2360 2361 2362 2363 2364 2365 2366 2367 2368 2369 2370
 [76] 2371 2372 2373 2374 2375 2376 2377 2378 2379 2380 2381 2382 2383 2384 2385
 [91] 2386 2387 2388 2389 2390 2391 2392 2393 2394 2395 2396 2397 2398 2399 2400
[106] 2401 2402 2403 2404 2405 2406 2407 2408 2409 2410 2411 2412 2413 2414 2415
[121] 2416 2417 2418 2419 2420 2421 2422 2423 2424 2425 2426 2427 2428 2429 2430
[1] "n sub: 10, n images per sub: 1, sigma^2: 2, beta: 0.69, simulation: 66"
[1] "n sub: 10, n images per sub: 1, sigma^2: 1, beta: 0.69, simulation: 66"
[1] "n sub: 10, n images per sub: 1, sigma^2: 0.5, beta: 0.69, simulation: 66"
[1] "n sub: 10, n images per sub: 1, sigma^2: 2, beta: 0.69, simulation: 67"
[1] "n sub: 10, n images per sub: 1, sigma^2: 1, beta: 0.69, simulation: 67"
[1] "n sub: 10, n images per sub: 1, sigma^2: 0.5, beta: 0.69, simulation: 67"
[1] "n sub: 10, n images per sub: 1, sigma^2: 2, beta: 0.69, simulation: 68"
[1] "n sub: 10, n images per sub: 1, sigma^2: 1, beta: 0.69, simulation: 68"
[1] "n sub: 10, n images per sub: 1, sigma^2: 0.5, beta: 0.69, simulation: 68"
[1] "n sub: 10, n images per sub: 1, sigma^2: 2, beta: 0.69, simulation: 69"
[1] "n sub: 10, n images per sub: 1, sigma^2: 1, beta: 0.69, simulation: 69"
[1] "n sub: 10, n images per sub: 1, sigma^2: 0.5, beta: 0.69, simulation: 69"
[1] "n sub: 10, n images per sub: 1, sigma^2: 2, beta: 0.69, simulation: 70"
[1] "n sub: 10, n images per sub: 1, sigma^2: 1, beta: 0.69, simulation: 70"
[1] "n sub: 10, n images per sub: 1, sigma^2: 0.5, beta: 0.69, simulation: 70"
[1] "n sub: 10, n images per sub: 1, sigma^2: 2, beta: 0.69, simulation: 71"
[1] "n sub: 10, n images per sub: 1, sigma^2: 1, beta: 0.69, simulation: 71"
[1] "n sub: 10, n images per sub: 1, sigma^2: 0.5, beta: 0.69, simulation: 71"
[1] "n sub: 10, n images per sub: 1, sigma^2: 2, beta: 0.69, simulation: 72"
[1] "n sub: 10, n images per sub: 1, sigma^2: 1, beta: 0.69, simulation: 72"
[1] "n sub: 10, n images per sub: 1, sigma^2: 0.5, beta: 0.69, simulation: 72"
[1] "n sub: 10, n images per sub: 1, sigma^2: 2, beta: 0.69, simulation: 73"
[1] "n sub: 10, n images per sub: 1, sigma^2: 1, beta: 0.69, simulation: 73"
[1] "n sub: 10, n images per sub: 1, sigma^2: 0.5, beta: 0.69, simulation: 73"
[1] "n sub: 10, n images per sub: 1, sigma^2: 2, beta: 0.69, simulation: 74"
[1] "n sub: 10, n images per sub: 1, sigma^2: 1, beta: 0.69, simulation: 74"
[1] "n sub: 10, n images per sub: 1, sigma^2: 0.5, beta: 0.69, simulation: 74"
[1] "n sub: 10, n images per sub: 1, sigma^2: 2, beta: 0.69, simulation: 75"
[1] "n sub: 10, n images per sub: 1, sigma^2: 1, beta: 0.69, simulation: 75"
[1] "n sub: 10, n images per sub: 1, sigma^2: 0.5, beta: 0.69, simulation: 75"
[1] "n sub: 10, n images per sub: 1, sigma^2: 2, beta: 0.69, simulation: 76"
[1] "n sub: 10, n images per sub: 1, sigma^2: 1, beta: 0.69, simulation: 76"
[1] "n sub: 10, n images per sub: 1, sigma^2: 0.5, beta: 0.69, simulation: 76"
[1] "n sub: 10, n images per sub: 1, sigma^2: 2, beta: 0.69, simulation: 77"
[1] "n sub: 10, n images per sub: 1, sigma^2: 1, beta: 0.69, simulation: 77"
[1] "n sub: 10, n images per sub: 1, sigma^2: 0.5, beta: 0.69, simulation: 77"
[1] "n sub: 10, n images per sub: 1, sigma^2: 2, beta: 0.69, simulation: 78"
[1] "n sub: 10, n images per sub: 1, sigma^2: 1, beta: 0.69, simulation: 78"
[1] "n sub: 10, n images per sub: 1, sigma^2: 0.5, beta: 0.69, simulation: 78"
[1] "n sub: 10, n images per sub: 1, sigma^2: 2, beta: 0.69, simulation: 79"
[1] "n sub: 10, n images per sub: 1, sigma^2: 1, beta: 0.69, simulation: 79"
[1] "n sub: 10, n images per sub: 1, sigma^2: 0.5, beta: 0.69, simulation: 79"
[1] "n sub: 10, n images per sub: 1, sigma^2: 2, beta: 0.69, simulation: 80"
[1] "n sub: 10, n images per sub: 1, sigma^2: 1, beta: 0.69, simulation: 80"
[1] "n sub: 10, n images per sub: 1, sigma^2: 0.5, beta: 0.69, simulation: 80"
[1] "n sub: 10, n images per sub: 1, sigma^2: 2, beta: 0.69, simulation: 81"
[1] "n sub: 10, n images per sub: 1, sigma^2: 1, beta: 0.69, simulation: 81"
[1] "n sub: 10, n images per sub: 1, sigma^2: 0.5, beta: 0.69, simulation: 81"
[1] "n sub: 10, n images per sub: 1, sigma^2: 1, beta: 0.69, simulation: 82"
[1] "n sub: 10, n images per sub: 1, sigma^2: 2, beta: 0.69, simulation: 82"
[1] "n sub: 10, n images per sub: 1, sigma^2: 0.5, beta: 0.69, simulation: 82"
[1] "n sub: 10, n images per sub: 1, sigma^2: 1, beta: 0.69, simulation: 83"
[1] "n sub: 10, n images per sub: 1, sigma^2: 2, beta: 0.69, simulation: 83"
[1] "n sub: 10, n images per sub: 1, sigma^2: 0.5, beta: 0.69, simulation: 83"
[1] "n sub: 10, n images per sub: 1, sigma^2: 2, beta: 0.69, simulation: 84"
[1] "n sub: 10, n images per sub: 1, sigma^2: 1, beta: 0.69, simulation: 84"
[1] "n sub: 10, n images per sub: 1, sigma^2: 0.5, beta: 0.69, simulation: 84"
[1] "n sub: 10, n images per sub: 1, sigma^2: 2, beta: 0.69, simulation: 85"
[1] "n sub: 10, n images per sub: 1, sigma^2: 1, beta: 0.69, simulation: 85"
[1] "n sub: 10, n images per sub: 1, sigma^2: 0.5, beta: 0.69, simulation: 85"
[1] "n sub: 10, n images per sub: 1, sigma^2: 2, beta: 0.69, simulation: 86"
[1] "n sub: 10, n images per sub: 1, sigma^2: 1, beta: 0.69, simulation: 86"
[1] "n sub: 10, n images per sub: 1, sigma^2: 0.5, beta: 0.69, simulation: 86"
[1] "n sub: 10, n images per sub: 1, sigma^2: 2, beta: 0.69, simulation: 87"
[1] "n sub: 10, n images per sub: 1, sigma^2: 1, beta: 0.69, simulation: 87"
[1] "n sub: 10, n images per sub: 1, sigma^2: 0.5, beta: 0.69, simulation: 87"
[1] "n sub: 10, n images per sub: 1, sigma^2: 2, beta: 0.69, simulation: 88"
[1] "n sub: 10, n images per sub: 1, sigma^2: 1, beta: 0.69, simulation: 88"
[1] "n sub: 10, n images per sub: 1, sigma^2: 0.5, beta: 0.69, simulation: 88"
[1] "n sub: 10, n images per sub: 1, sigma^2: 2, beta: 0.69, simulation: 89"
[1] "n sub: 10, n images per sub: 1, sigma^2: 1, beta: 0.69, simulation: 89"
[1] "n sub: 10, n images per sub: 1, sigma^2: 0.5, beta: 0.69, simulation: 89"
[1] "n sub: 10, n images per sub: 1, sigma^2: 2, beta: 0.69, simulation: 90"
[1] "n sub: 10, n images per sub: 1, sigma^2: 1, beta: 0.69, simulation: 90"
[1] "n sub: 10, n images per sub: 1, sigma^2: 0.5, beta: 0.69, simulation: 90"
[1] "n sub: 10, n images per sub: 1, sigma^2: 2, beta: 0.69, simulation: 91"
[1] "n sub: 10, n images per sub: 1, sigma^2: 1, beta: 0.69, simulation: 91"
[1] "n sub: 10, n images per sub: 1, sigma^2: 0.5, beta: 0.69, simulation: 91"
[1] "n sub: 10, n images per sub: 1, sigma^2: 2, beta: 0.69, simulation: 92"
[1] "n sub: 10, n images per sub: 1, sigma^2: 1, beta: 0.69, simulation: 92"
[1] "n sub: 10, n images per sub: 1, sigma^2: 0.5, beta: 0.69, simulation: 92"
[1] "n sub: 10, n images per sub: 1, sigma^2: 2, beta: 0.69, simulation: 93"
[1] "n sub: 10, n images per sub: 1, sigma^2: 1, beta: 0.69, simulation: 93"
[1] "n sub: 10, n images per sub: 1, sigma^2: 0.5, beta: 0.69, simulation: 93"
[1] "n sub: 10, n images per sub: 1, sigma^2: 2, beta: 0.69, simulation: 94"
[1] "n sub: 10, n images per sub: 1, sigma^2: 1, beta: 0.69, simulation: 94"
[1] "n sub: 10, n images per sub: 1, sigma^2: 0.5, beta: 0.69, simulation: 94"
[1] "n sub: 10, n images per sub: 1, sigma^2: 2, beta: 0.69, simulation: 95"
[1] "n sub: 10, n images per sub: 1, sigma^2: 1, beta: 0.69, simulation: 95"
[1] "n sub: 10, n images per sub: 1, sigma^2: 0.5, beta: 0.69, simulation: 95"
[1] "n sub: 10, n images per sub: 1, sigma^2: 2, beta: 0.69, simulation: 96"
[1] "n sub: 10, n images per sub: 1, sigma^2: 1, beta: 0.69, simulation: 96"
[1] "n sub: 10, n images per sub: 1, sigma^2: 0.5, beta: 0.69, simulation: 96"
[1] "n sub: 10, n images per sub: 1, sigma^2: 2, beta: 0.69, simulation: 97"
[1] "n sub: 10, n images per sub: 1, sigma^2: 1, beta: 0.69, simulation: 97"
[1] "n sub: 10, n images per sub: 1, sigma^2: 0.5, beta: 0.69, simulation: 97"
[1] "n sub: 10, n images per sub: 1, sigma^2: 2, beta: 0.69, simulation: 98"
[1] "n sub: 10, n images per sub: 1, sigma^2: 1, beta: 0.69, simulation: 98"
[1] "n sub: 10, n images per sub: 1, sigma^2: 0.5, beta: 0.69, simulation: 98"
[1] "n sub: 10, n images per sub: 1, sigma^2: 2, beta: 0.69, simulation: 99"
[1] "n sub: 10, n images per sub: 1, sigma^2: 1, beta: 0.69, simulation: 99"
[1] "n sub: 10, n images per sub: 1, sigma^2: 0.5, beta: 0.69, simulation: 99"
[1] "n sub: 10, n images per sub: 1, sigma^2: 2, beta: 0.69, simulation: 100"
[1] "n sub: 10, n images per sub: 1, sigma^2: 1, beta: 0.69, simulation: 100"
[1] "n sub: 10, n images per sub: 1, sigma^2: 0.5, beta: 0.69, simulation: 100"
[1] "n sub: 10, n images per sub: 1, sigma^2: 2, beta: 1.1, simulation: 1"
[1] "n sub: 10, n images per sub: 1, sigma^2: 1, beta: 1.1, simulation: 1"
[1] "n sub: 10, n images per sub: 1, sigma^2: 0.5, beta: 1.1, simulation: 1"
[1] "n sub: 10, n images per sub: 1, sigma^2: 2, beta: 1.1, simulation: 2"
[1] "n sub: 10, n images per sub: 1, sigma^2: 0.5, beta: 1.1, simulation: 2"
[1] "n sub: 10, n images per sub: 1, sigma^2: 1, beta: 1.1, simulation: 2"
[1] "n sub: 10, n images per sub: 1, sigma^2: 2, beta: 1.1, simulation: 3"
[1] "n sub: 10, n images per sub: 1, sigma^2: 1, beta: 1.1, simulation: 3"
[1] "n sub: 10, n images per sub: 1, sigma^2: 0.5, beta: 1.1, simulation: 3"
[1] "n sub: 10, n images per sub: 1, sigma^2: 2, beta: 1.1, simulation: 4"
[1] "n sub: 10, n images per sub: 1, sigma^2: 1, beta: 1.1, simulation: 4"
[1] "n sub: 10, n images per sub: 1, sigma^2: 0.5, beta: 1.1, simulation: 4"
[1] "n sub: 10, n images per sub: 1, sigma^2: 2, beta: 1.1, simulation: 5"
[1] "n sub: 10, n images per sub: 1, sigma^2: 1, beta: 1.1, simulation: 5"
[1] "n sub: 10, n images per sub: 1, sigma^2: 0.5, beta: 1.1, simulation: 5"
[1] "n sub: 10, n images per sub: 1, sigma^2: 2, beta: 1.1, simulation: 6"
[1] "n sub: 10, n images per sub: 1, sigma^2: 0.5, beta: 1.1, simulation: 6"
[1] "n sub: 10, n images per sub: 1, sigma^2: 1, beta: 1.1, simulation: 6"
[1] "n sub: 10, n images per sub: 1, sigma^2: 2, beta: 1.1, simulation: 7"
[1] "n sub: 10, n images per sub: 1, sigma^2: 1, beta: 1.1, simulation: 7"
[1] "n sub: 10, n images per sub: 1, sigma^2: 0.5, beta: 1.1, simulation: 7"
[1] "n sub: 10, n images per sub: 1, sigma^2: 2, beta: 1.1, simulation: 8"
[1] "n sub: 10, n images per sub: 1, sigma^2: 0.5, beta: 1.1, simulation: 8"
[1] "n sub: 10, n images per sub: 1, sigma^2: 1, beta: 1.1, simulation: 8"
[1] "n sub: 10, n images per sub: 1, sigma^2: 2, beta: 1.1, simulation: 9"
[1] "n sub: 10, n images per sub: 1, sigma^2: 0.5, beta: 1.1, simulation: 9"
[1] "n sub: 10, n images per sub: 1, sigma^2: 1, beta: 1.1, simulation: 9"
[1] "n sub: 10, n images per sub: 1, sigma^2: 2, beta: 1.1, simulation: 10"
[1] "n sub: 10, n images per sub: 1, sigma^2: 1, beta: 1.1, simulation: 10"
[1] "n sub: 10, n images per sub: 1, sigma^2: 0.5, beta: 1.1, simulation: 10"
