 [1] 15229 15230 15231 15232 15233 15234 15235 15236 15237 15238 15239 15240
[13] 15241 15242 15243 15244 15245 15246 15247 15248 15249 15250 15251 15252
[25] 15253 15254 15255
[1] "n sub: 50, n images per sub: 5, sigma^2: 2, beta: 0.22, simulation: 77"
[1] "n sub: 50, n images per sub: 5, sigma^2: 1, beta: 0.22, simulation: 77"
[1] "n sub: 50, n images per sub: 5, sigma^2: 0.5, beta: 0.22, simulation: 77"
[1] "n sub: 50, n images per sub: 5, sigma^2: 2, beta: 0.22, simulation: 78"
[1] "n sub: 50, n images per sub: 5, sigma^2: 1, beta: 0.22, simulation: 78"
[1] "n sub: 50, n images per sub: 5, sigma^2: 0.5, beta: 0.22, simulation: 78"
[1] "n sub: 50, n images per sub: 5, sigma^2: 2, beta: 0.22, simulation: 79"
[1] "n sub: 50, n images per sub: 5, sigma^2: 1, beta: 0.22, simulation: 79"
[1] "n sub: 50, n images per sub: 5, sigma^2: 0.5, beta: 0.22, simulation: 79"
[1] "n sub: 50, n images per sub: 5, sigma^2: 2, beta: 0.22, simulation: 80"
[1] "n sub: 50, n images per sub: 5, sigma^2: 1, beta: 0.22, simulation: 80"
[1] "n sub: 50, n images per sub: 5, sigma^2: 0.5, beta: 0.22, simulation: 80"
[1] "n sub: 50, n images per sub: 5, sigma^2: 2, beta: 0.22, simulation: 81"
[1] "n sub: 50, n images per sub: 5, sigma^2: 1, beta: 0.22, simulation: 81"
[1] "n sub: 50, n images per sub: 5, sigma^2: 0.5, beta: 0.22, simulation: 81"
[1] "n sub: 50, n images per sub: 5, sigma^2: 2, beta: 0.22, simulation: 82"
[1] "n sub: 50, n images per sub: 5, sigma^2: 1, beta: 0.22, simulation: 82"
[1] "n sub: 50, n images per sub: 5, sigma^2: 0.5, beta: 0.22, simulation: 82"
[1] "n sub: 50, n images per sub: 5, sigma^2: 2, beta: 0.22, simulation: 83"
[1] "n sub: 50, n images per sub: 5, sigma^2: 1, beta: 0.22, simulation: 83"
[1] "n sub: 50, n images per sub: 5, sigma^2: 0.5, beta: 0.22, simulation: 83"
[1] "n sub: 50, n images per sub: 5, sigma^2: 2, beta: 0.22, simulation: 84"
[1] "n sub: 50, n images per sub: 5, sigma^2: 1, beta: 0.22, simulation: 84"
[1] "n sub: 50, n images per sub: 5, sigma^2: 0.5, beta: 0.22, simulation: 84"
[1] "n sub: 50, n images per sub: 5, sigma^2: 2, beta: 0.22, simulation: 85"
[1] "n sub: 50, n images per sub: 5, sigma^2: 1, beta: 0.22, simulation: 85"
[1] "n sub: 50, n images per sub: 5, sigma^2: 0.5, beta: 0.22, simulation: 85"
