  [1] 9289 9290 9291 9292 9293 9294 9295 9296 9297 9298 9299 9300 9301 9302 9303
 [16] 9304 9305 9306 9307 9308 9309 9310 9311 9312 9313 9314 9315 9316 9317 9318
 [31] 9319 9320 9321 9322 9323 9324 9325 9326 9327 9328 9329 9330 9331 9332 9333
 [46] 9334 9335 9336 9337 9338 9339 9340 9341 9342 9343 9344 9345 9346 9347 9348
 [61] 9349 9350 9351 9352 9353 9354 9355 9356 9357 9358 9359 9360 9361 9362 9363
 [76] 9364 9365 9366 9367 9368 9369 9370 9371 9372 9373 9374 9375 9376 9377 9378
 [91] 9379 9380 9381 9382 9383 9384 9385 9386 9387 9388 9389 9390 9391 9392 9393
[106] 9394 9395 9396
[1] "n sub: 10, n images per sub: 5, sigma^2: 2, beta: -0.22, simulation: 97"
[1] "n sub: 10, n images per sub: 5, sigma^2: 1, beta: -0.22, simulation: 97"
[1] "n sub: 10, n images per sub: 5, sigma^2: 0.5, beta: -0.22, simulation: 97"
[1] "n sub: 10, n images per sub: 5, sigma^2: 2, beta: -0.22, simulation: 98"
[1] "n sub: 10, n images per sub: 5, sigma^2: 1, beta: -0.22, simulation: 98"
[1] "n sub: 10, n images per sub: 5, sigma^2: 0.5, beta: -0.22, simulation: 98"
[1] "n sub: 10, n images per sub: 5, sigma^2: 2, beta: -0.22, simulation: 99"
[1] "n sub: 10, n images per sub: 5, sigma^2: 1, beta: -0.22, simulation: 99"
[1] "n sub: 10, n images per sub: 5, sigma^2: 0.5, beta: -0.22, simulation: 99"
[1] "n sub: 10, n images per sub: 5, sigma^2: 2, beta: -0.22, simulation: 100"
[1] "n sub: 10, n images per sub: 5, sigma^2: 1, beta: -0.22, simulation: 100"
[1] "n sub: 10, n images per sub: 5, sigma^2: 0.5, beta: -0.22, simulation: 100"
[1] "n sub: 10, n images per sub: 5, sigma^2: 0.5, beta: 0, simulation: 1"
[1] "n sub: 10, n images per sub: 5, sigma^2: 1, beta: 0, simulation: 1"
[1] "n sub: 10, n images per sub: 5, sigma^2: 2, beta: 0, simulation: 1"
[1] "n sub: 10, n images per sub: 5, sigma^2: 0.5, beta: 0, simulation: 2"
[1] "n sub: 10, n images per sub: 5, sigma^2: 1, beta: 0, simulation: 2"
[1] "n sub: 10, n images per sub: 5, sigma^2: 2, beta: 0, simulation: 2"
[1] "n sub: 10, n images per sub: 5, sigma^2: 0.5, beta: 0, simulation: 3"
[1] "n sub: 10, n images per sub: 5, sigma^2: 1, beta: 0, simulation: 3"
[1] "n sub: 10, n images per sub: 5, sigma^2: 2, beta: 0, simulation: 3"
[1] "n sub: 10, n images per sub: 5, sigma^2: 0.5, beta: 0, simulation: 4"
[1] "n sub: 10, n images per sub: 5, sigma^2: 1, beta: 0, simulation: 4"
[1] "n sub: 10, n images per sub: 5, sigma^2: 2, beta: 0, simulation: 4"
[1] "n sub: 10, n images per sub: 5, sigma^2: 0.5, beta: 0, simulation: 5"
[1] "n sub: 10, n images per sub: 5, sigma^2: 1, beta: 0, simulation: 5"
[1] "n sub: 10, n images per sub: 5, sigma^2: 2, beta: 0, simulation: 5"
[1] "n sub: 10, n images per sub: 5, sigma^2: 0.5, beta: 0, simulation: 6"
[1] "n sub: 10, n images per sub: 5, sigma^2: 1, beta: 0, simulation: 6"
[1] "n sub: 10, n images per sub: 5, sigma^2: 2, beta: 0, simulation: 6"
[1] "n sub: 10, n images per sub: 5, sigma^2: 0.5, beta: 0, simulation: 7"
[1] "n sub: 10, n images per sub: 5, sigma^2: 1, beta: 0, simulation: 7"
[1] "n sub: 10, n images per sub: 5, sigma^2: 2, beta: 0, simulation: 7"
[1] "n sub: 10, n images per sub: 5, sigma^2: 1, beta: 0, simulation: 8"
[1] "n sub: 10, n images per sub: 5, sigma^2: 0.5, beta: 0, simulation: 8"
[1] "n sub: 10, n images per sub: 5, sigma^2: 2, beta: 0, simulation: 8"
[1] "n sub: 10, n images per sub: 5, sigma^2: 1, beta: 0, simulation: 9"
[1] "n sub: 10, n images per sub: 5, sigma^2: 0.5, beta: 0, simulation: 9"
[1] "n sub: 10, n images per sub: 5, sigma^2: 2, beta: 0, simulation: 9"
[1] "n sub: 10, n images per sub: 5, sigma^2: 1, beta: 0, simulation: 10"
[1] "n sub: 10, n images per sub: 5, sigma^2: 0.5, beta: 0, simulation: 10"
[1] "n sub: 10, n images per sub: 5, sigma^2: 2, beta: 0, simulation: 10"
[1] "n sub: 10, n images per sub: 5, sigma^2: 1, beta: 0, simulation: 11"
[1] "n sub: 10, n images per sub: 5, sigma^2: 0.5, beta: 0, simulation: 11"
[1] "n sub: 10, n images per sub: 5, sigma^2: 2, beta: 0, simulation: 11"
[1] "n sub: 10, n images per sub: 5, sigma^2: 1, beta: 0, simulation: 12"
[1] "n sub: 10, n images per sub: 5, sigma^2: 0.5, beta: 0, simulation: 12"
[1] "n sub: 10, n images per sub: 5, sigma^2: 2, beta: 0, simulation: 12"
[1] "n sub: 10, n images per sub: 5, sigma^2: 1, beta: 0, simulation: 13"
[1] "n sub: 10, n images per sub: 5, sigma^2: 0.5, beta: 0, simulation: 13"
[1] "n sub: 10, n images per sub: 5, sigma^2: 2, beta: 0, simulation: 13"
[1] "n sub: 10, n images per sub: 5, sigma^2: 1, beta: 0, simulation: 14"
[1] "n sub: 10, n images per sub: 5, sigma^2: 0.5, beta: 0, simulation: 14"
[1] "n sub: 10, n images per sub: 5, sigma^2: 2, beta: 0, simulation: 14"
[1] "n sub: 10, n images per sub: 5, sigma^2: 1, beta: 0, simulation: 15"
[1] "n sub: 10, n images per sub: 5, sigma^2: 0.5, beta: 0, simulation: 15"
[1] "n sub: 10, n images per sub: 5, sigma^2: 2, beta: 0, simulation: 15"
[1] "n sub: 10, n images per sub: 5, sigma^2: 1, beta: 0, simulation: 16"
[1] "n sub: 10, n images per sub: 5, sigma^2: 0.5, beta: 0, simulation: 16"
[1] "n sub: 10, n images per sub: 5, sigma^2: 2, beta: 0, simulation: 16"
[1] "n sub: 10, n images per sub: 5, sigma^2: 1, beta: 0, simulation: 17"
[1] "n sub: 10, n images per sub: 5, sigma^2: 0.5, beta: 0, simulation: 17"
[1] "n sub: 10, n images per sub: 5, sigma^2: 2, beta: 0, simulation: 17"
[1] "n sub: 10, n images per sub: 5, sigma^2: 1, beta: 0, simulation: 18"
[1] "n sub: 10, n images per sub: 5, sigma^2: 0.5, beta: 0, simulation: 18"
[1] "n sub: 10, n images per sub: 5, sigma^2: 2, beta: 0, simulation: 18"
[1] "n sub: 10, n images per sub: 5, sigma^2: 1, beta: 0, simulation: 19"
[1] "n sub: 10, n images per sub: 5, sigma^2: 0.5, beta: 0, simulation: 19"
[1] "n sub: 10, n images per sub: 5, sigma^2: 2, beta: 0, simulation: 19"
[1] "n sub: 10, n images per sub: 5, sigma^2: 1, beta: 0, simulation: 20"
[1] "n sub: 10, n images per sub: 5, sigma^2: 0.5, beta: 0, simulation: 20"
[1] "n sub: 10, n images per sub: 5, sigma^2: 2, beta: 0, simulation: 20"
[1] "n sub: 10, n images per sub: 5, sigma^2: 1, beta: 0, simulation: 21"
[1] "n sub: 10, n images per sub: 5, sigma^2: 0.5, beta: 0, simulation: 21"
[1] "n sub: 10, n images per sub: 5, sigma^2: 2, beta: 0, simulation: 21"
[1] "n sub: 10, n images per sub: 5, sigma^2: 1, beta: 0, simulation: 22"
[1] "n sub: 10, n images per sub: 5, sigma^2: 0.5, beta: 0, simulation: 22"
[1] "n sub: 10, n images per sub: 5, sigma^2: 2, beta: 0, simulation: 22"
[1] "n sub: 10, n images per sub: 5, sigma^2: 0.5, beta: 0, simulation: 23"
[1] "n sub: 10, n images per sub: 5, sigma^2: 1, beta: 0, simulation: 23"
[1] "n sub: 10, n images per sub: 5, sigma^2: 2, beta: 0, simulation: 23"
[1] "n sub: 10, n images per sub: 5, sigma^2: 1, beta: 0, simulation: 24"
[1] "n sub: 10, n images per sub: 5, sigma^2: 0.5, beta: 0, simulation: 24"
[1] "n sub: 10, n images per sub: 5, sigma^2: 2, beta: 0, simulation: 24"
[1] "n sub: 10, n images per sub: 5, sigma^2: 1, beta: 0, simulation: 25"
[1] "n sub: 10, n images per sub: 5, sigma^2: 0.5, beta: 0, simulation: 25"
[1] "n sub: 10, n images per sub: 5, sigma^2: 2, beta: 0, simulation: 25"
[1] "n sub: 10, n images per sub: 5, sigma^2: 1, beta: 0, simulation: 26"
[1] "n sub: 10, n images per sub: 5, sigma^2: 0.5, beta: 0, simulation: 26"
[1] "n sub: 10, n images per sub: 5, sigma^2: 2, beta: 0, simulation: 26"
[1] "n sub: 10, n images per sub: 5, sigma^2: 0.5, beta: 0, simulation: 27"
[1] "n sub: 10, n images per sub: 5, sigma^2: 1, beta: 0, simulation: 27"
[1] "n sub: 10, n images per sub: 5, sigma^2: 2, beta: 0, simulation: 27"
[1] "n sub: 10, n images per sub: 5, sigma^2: 1, beta: 0, simulation: 28"
[1] "n sub: 10, n images per sub: 5, sigma^2: 0.5, beta: 0, simulation: 28"
[1] "n sub: 10, n images per sub: 5, sigma^2: 2, beta: 0, simulation: 28"
[1] "n sub: 10, n images per sub: 5, sigma^2: 0.5, beta: 0, simulation: 29"
[1] "n sub: 10, n images per sub: 5, sigma^2: 1, beta: 0, simulation: 29"
[1] "n sub: 10, n images per sub: 5, sigma^2: 2, beta: 0, simulation: 29"
[1] "n sub: 10, n images per sub: 5, sigma^2: 0.5, beta: 0, simulation: 30"
[1] "n sub: 10, n images per sub: 5, sigma^2: 1, beta: 0, simulation: 30"
[1] "n sub: 10, n images per sub: 5, sigma^2: 2, beta: 0, simulation: 30"
[1] "n sub: 10, n images per sub: 5, sigma^2: 0.5, beta: 0, simulation: 31"
[1] "n sub: 10, n images per sub: 5, sigma^2: 1, beta: 0, simulation: 31"
[1] "n sub: 10, n images per sub: 5, sigma^2: 2, beta: 0, simulation: 31"
[1] "n sub: 10, n images per sub: 5, sigma^2: 0.5, beta: 0, simulation: 32"
[1] "n sub: 10, n images per sub: 5, sigma^2: 2, beta: 0, simulation: 32"
[1] "n sub: 10, n images per sub: 5, sigma^2: 1, beta: 0, simulation: 32"
