 [1] 15337 15338 15339 15340 15341 15342 15343 15344 15345 15346 15347 15348
[13] 15349 15350 15351 15352 15353 15354 15355 15356 15357 15358 15359 15360
[25] 15361 15362 15363
[1] "n sub: 50, n images per sub: 5, sigma^2: 1, beta: 0.41, simulation: 13"
[1] "n sub: 50, n images per sub: 5, sigma^2: 0.5, beta: 0.41, simulation: 13"
[1] "n sub: 50, n images per sub: 5, sigma^2: 2, beta: 0.41, simulation: 13"
[1] "n sub: 50, n images per sub: 5, sigma^2: 1, beta: 0.41, simulation: 14"
[1] "n sub: 50, n images per sub: 5, sigma^2: 0.5, beta: 0.41, simulation: 14"
[1] "n sub: 50, n images per sub: 5, sigma^2: 2, beta: 0.41, simulation: 14"
[1] "n sub: 50, n images per sub: 5, sigma^2: 1, beta: 0.41, simulation: 15"
[1] "n sub: 50, n images per sub: 5, sigma^2: 0.5, beta: 0.41, simulation: 15"
[1] "n sub: 50, n images per sub: 5, sigma^2: 2, beta: 0.41, simulation: 15"
[1] "n sub: 50, n images per sub: 5, sigma^2: 1, beta: 0.41, simulation: 16"
[1] "n sub: 50, n images per sub: 5, sigma^2: 0.5, beta: 0.41, simulation: 16"
[1] "n sub: 50, n images per sub: 5, sigma^2: 2, beta: 0.41, simulation: 16"
[1] "n sub: 50, n images per sub: 5, sigma^2: 1, beta: 0.41, simulation: 17"
[1] "n sub: 50, n images per sub: 5, sigma^2: 0.5, beta: 0.41, simulation: 17"
[1] "n sub: 50, n images per sub: 5, sigma^2: 2, beta: 0.41, simulation: 17"
[1] "n sub: 50, n images per sub: 5, sigma^2: 1, beta: 0.41, simulation: 18"
[1] "n sub: 50, n images per sub: 5, sigma^2: 0.5, beta: 0.41, simulation: 18"
[1] "n sub: 50, n images per sub: 5, sigma^2: 2, beta: 0.41, simulation: 18"
[1] "n sub: 50, n images per sub: 5, sigma^2: 1, beta: 0.41, simulation: 19"
[1] "n sub: 50, n images per sub: 5, sigma^2: 0.5, beta: 0.41, simulation: 19"
[1] "n sub: 50, n images per sub: 5, sigma^2: 2, beta: 0.41, simulation: 19"
[1] "n sub: 50, n images per sub: 5, sigma^2: 1, beta: 0.41, simulation: 20"
[1] "n sub: 50, n images per sub: 5, sigma^2: 0.5, beta: 0.41, simulation: 20"
[1] "n sub: 50, n images per sub: 5, sigma^2: 2, beta: 0.41, simulation: 20"
[1] "n sub: 50, n images per sub: 5, sigma^2: 1, beta: 0.41, simulation: 21"
[1] "n sub: 50, n images per sub: 5, sigma^2: 0.5, beta: 0.41, simulation: 21"
[1] "n sub: 50, n images per sub: 5, sigma^2: 2, beta: 0.41, simulation: 21"
