 [1] 14095 14096 14097 14098 14099 14100 14101 14102 14103 14104 14105 14106
[13] 14107 14108 14109 14110 14111 14112 14113 14114 14115 14116 14117 14118
[25] 14119 14120 14121
[1] "n sub: 50, n images per sub: 5, sigma^2: 2, beta: -0.69, simulation: 99"
[1] "n sub: 50, n images per sub: 5, sigma^2: 1, beta: -0.69, simulation: 99"
[1] "n sub: 50, n images per sub: 5, sigma^2: 0.5, beta: -0.69, simulation: 99"
[1] "n sub: 50, n images per sub: 5, sigma^2: 2, beta: -0.69, simulation: 100"
[1] "n sub: 50, n images per sub: 5, sigma^2: 1, beta: -0.69, simulation: 100"
[1] "n sub: 50, n images per sub: 5, sigma^2: 0.5, beta: -0.69, simulation: 100"
[1] "n sub: 50, n images per sub: 5, sigma^2: 0.5, beta: -0.41, simulation: 1"
[1] "n sub: 50, n images per sub: 5, sigma^2: 1, beta: -0.41, simulation: 1"
[1] "n sub: 50, n images per sub: 5, sigma^2: 2, beta: -0.41, simulation: 1"
[1] "n sub: 50, n images per sub: 5, sigma^2: 0.5, beta: -0.41, simulation: 2"
[1] "n sub: 50, n images per sub: 5, sigma^2: 1, beta: -0.41, simulation: 2"
[1] "n sub: 50, n images per sub: 5, sigma^2: 2, beta: -0.41, simulation: 2"
[1] "n sub: 50, n images per sub: 5, sigma^2: 0.5, beta: -0.41, simulation: 3"
[1] "n sub: 50, n images per sub: 5, sigma^2: 1, beta: -0.41, simulation: 3"
[1] "n sub: 50, n images per sub: 5, sigma^2: 2, beta: -0.41, simulation: 3"
[1] "n sub: 50, n images per sub: 5, sigma^2: 0.5, beta: -0.41, simulation: 4"
[1] "n sub: 50, n images per sub: 5, sigma^2: 1, beta: -0.41, simulation: 4"
[1] "n sub: 50, n images per sub: 5, sigma^2: 2, beta: -0.41, simulation: 4"
[1] "n sub: 50, n images per sub: 5, sigma^2: 0.5, beta: -0.41, simulation: 5"
[1] "n sub: 50, n images per sub: 5, sigma^2: 1, beta: -0.41, simulation: 5"
[1] "n sub: 50, n images per sub: 5, sigma^2: 2, beta: -0.41, simulation: 5"
[1] "n sub: 50, n images per sub: 5, sigma^2: 0.5, beta: -0.41, simulation: 6"
[1] "n sub: 50, n images per sub: 5, sigma^2: 2, beta: -0.41, simulation: 6"
[1] "n sub: 50, n images per sub: 5, sigma^2: 1, beta: -0.41, simulation: 6"
[1] "n sub: 50, n images per sub: 5, sigma^2: 0.5, beta: -0.41, simulation: 7"
[1] "n sub: 50, n images per sub: 5, sigma^2: 2, beta: -0.41, simulation: 7"
[1] "n sub: 50, n images per sub: 5, sigma^2: 1, beta: -0.41, simulation: 7"
