  [1] 2836 2837 2838 2839 2840 2841 2842 2843 2844 2845 2846 2847 2848 2849 2850
 [16] 2851 2852 2853 2854 2855 2856 2857 2858 2859 2860 2861 2862 2863 2864 2865
 [31] 2866 2867 2868 2869 2870 2871 2872 2873 2874 2875 2876 2877 2878 2879 2880
 [46] 2881 2882 2883 2884 2885 2886 2887 2888 2889 2890 2891 2892 2893 2894 2895
 [61] 2896 2897 2898 2899 2900 2901 2902 2903 2904 2905 2906 2907 2908 2909 2910
 [76] 2911 2912 2913 2914 2915 2916 2917 2918 2919 2920 2921 2922 2923 2924 2925
 [91] 2926 2927 2928 2929 2930 2931 2932 2933 2934 2935 2936 2937 2938 2939 2940
[106] 2941 2942 2943 2944 2945 2946 2947 2948 2949 2950 2951 2952 2953 2954 2955
[121] 2956 2957 2958 2959 2960 2961 2962 2963 2964 2965 2966 2967 2968 2969 2970
[1] "n sub: 30, n images per sub: 1, sigma^2: 0.5, beta: -1.1, simulation: 46"
[1] "n sub: 30, n images per sub: 1, sigma^2: 1, beta: -1.1, simulation: 46"
[1] "n sub: 30, n images per sub: 1, sigma^2: 2, beta: -1.1, simulation: 46"
[1] "n sub: 30, n images per sub: 1, sigma^2: 0.5, beta: -1.1, simulation: 47"
[1] "n sub: 30, n images per sub: 1, sigma^2: 1, beta: -1.1, simulation: 47"
[1] "n sub: 30, n images per sub: 1, sigma^2: 2, beta: -1.1, simulation: 47"
[1] "n sub: 30, n images per sub: 1, sigma^2: 0.5, beta: -1.1, simulation: 48"
[1] "n sub: 30, n images per sub: 1, sigma^2: 1, beta: -1.1, simulation: 48"
[1] "n sub: 30, n images per sub: 1, sigma^2: 2, beta: -1.1, simulation: 48"
[1] "n sub: 30, n images per sub: 1, sigma^2: 0.5, beta: -1.1, simulation: 49"
[1] "n sub: 30, n images per sub: 1, sigma^2: 1, beta: -1.1, simulation: 49"
[1] "n sub: 30, n images per sub: 1, sigma^2: 2, beta: -1.1, simulation: 49"
[1] "n sub: 30, n images per sub: 1, sigma^2: 0.5, beta: -1.1, simulation: 50"
[1] "n sub: 30, n images per sub: 1, sigma^2: 1, beta: -1.1, simulation: 50"
[1] "n sub: 30, n images per sub: 1, sigma^2: 2, beta: -1.1, simulation: 50"
[1] "n sub: 30, n images per sub: 1, sigma^2: 2, beta: -1.1, simulation: 51"
[1] "n sub: 30, n images per sub: 1, sigma^2: 1, beta: -1.1, simulation: 51"
[1] "n sub: 30, n images per sub: 1, sigma^2: 0.5, beta: -1.1, simulation: 51"
[1] "n sub: 30, n images per sub: 1, sigma^2: 2, beta: -1.1, simulation: 52"
[1] "n sub: 30, n images per sub: 1, sigma^2: 0.5, beta: -1.1, simulation: 52"
[1] "n sub: 30, n images per sub: 1, sigma^2: 1, beta: -1.1, simulation: 52"
[1] "n sub: 30, n images per sub: 1, sigma^2: 2, beta: -1.1, simulation: 53"
[1] "n sub: 30, n images per sub: 1, sigma^2: 1, beta: -1.1, simulation: 53"
[1] "n sub: 30, n images per sub: 1, sigma^2: 0.5, beta: -1.1, simulation: 53"
[1] "n sub: 30, n images per sub: 1, sigma^2: 2, beta: -1.1, simulation: 54"
[1] "n sub: 30, n images per sub: 1, sigma^2: 1, beta: -1.1, simulation: 54"
[1] "n sub: 30, n images per sub: 1, sigma^2: 0.5, beta: -1.1, simulation: 54"
[1] "n sub: 30, n images per sub: 1, sigma^2: 2, beta: -1.1, simulation: 55"
[1] "n sub: 30, n images per sub: 1, sigma^2: 1, beta: -1.1, simulation: 55"
[1] "n sub: 30, n images per sub: 1, sigma^2: 0.5, beta: -1.1, simulation: 55"
[1] "n sub: 30, n images per sub: 1, sigma^2: 2, beta: -1.1, simulation: 56"
[1] "n sub: 30, n images per sub: 1, sigma^2: 1, beta: -1.1, simulation: 56"
[1] "n sub: 30, n images per sub: 1, sigma^2: 0.5, beta: -1.1, simulation: 56"
[1] "n sub: 30, n images per sub: 1, sigma^2: 2, beta: -1.1, simulation: 57"
[1] "n sub: 30, n images per sub: 1, sigma^2: 1, beta: -1.1, simulation: 57"
[1] "n sub: 30, n images per sub: 1, sigma^2: 0.5, beta: -1.1, simulation: 57"
[1] "n sub: 30, n images per sub: 1, sigma^2: 2, beta: -1.1, simulation: 58"
[1] "n sub: 30, n images per sub: 1, sigma^2: 1, beta: -1.1, simulation: 58"
[1] "n sub: 30, n images per sub: 1, sigma^2: 0.5, beta: -1.1, simulation: 58"
[1] "n sub: 30, n images per sub: 1, sigma^2: 2, beta: -1.1, simulation: 59"
[1] "n sub: 30, n images per sub: 1, sigma^2: 1, beta: -1.1, simulation: 59"
[1] "n sub: 30, n images per sub: 1, sigma^2: 0.5, beta: -1.1, simulation: 59"
[1] "n sub: 30, n images per sub: 1, sigma^2: 2, beta: -1.1, simulation: 60"
[1] "n sub: 30, n images per sub: 1, sigma^2: 1, beta: -1.1, simulation: 60"
[1] "n sub: 30, n images per sub: 1, sigma^2: 0.5, beta: -1.1, simulation: 60"
[1] "n sub: 30, n images per sub: 1, sigma^2: 2, beta: -1.1, simulation: 61"
[1] "n sub: 30, n images per sub: 1, sigma^2: 1, beta: -1.1, simulation: 61"
[1] "n sub: 30, n images per sub: 1, sigma^2: 0.5, beta: -1.1, simulation: 61"
[1] "n sub: 30, n images per sub: 1, sigma^2: 0.5, beta: -1.1, simulation: 62"
[1] "n sub: 30, n images per sub: 1, sigma^2: 1, beta: -1.1, simulation: 62"
[1] "n sub: 30, n images per sub: 1, sigma^2: 2, beta: -1.1, simulation: 62"
[1] "n sub: 30, n images per sub: 1, sigma^2: 0.5, beta: -1.1, simulation: 63"
[1] "n sub: 30, n images per sub: 1, sigma^2: 1, beta: -1.1, simulation: 63"
[1] "n sub: 30, n images per sub: 1, sigma^2: 2, beta: -1.1, simulation: 63"
[1] "n sub: 30, n images per sub: 1, sigma^2: 0.5, beta: -1.1, simulation: 64"
[1] "n sub: 30, n images per sub: 1, sigma^2: 1, beta: -1.1, simulation: 64"
[1] "n sub: 30, n images per sub: 1, sigma^2: 2, beta: -1.1, simulation: 64"
[1] "n sub: 30, n images per sub: 1, sigma^2: 0.5, beta: -1.1, simulation: 65"
[1] "n sub: 30, n images per sub: 1, sigma^2: 1, beta: -1.1, simulation: 65"
[1] "n sub: 30, n images per sub: 1, sigma^2: 2, beta: -1.1, simulation: 65"
[1] "n sub: 30, n images per sub: 1, sigma^2: 0.5, beta: -1.1, simulation: 66"
[1] "n sub: 30, n images per sub: 1, sigma^2: 1, beta: -1.1, simulation: 66"
[1] "n sub: 30, n images per sub: 1, sigma^2: 2, beta: -1.1, simulation: 66"
[1] "n sub: 30, n images per sub: 1, sigma^2: 0.5, beta: -1.1, simulation: 67"
[1] "n sub: 30, n images per sub: 1, sigma^2: 1, beta: -1.1, simulation: 67"
[1] "n sub: 30, n images per sub: 1, sigma^2: 2, beta: -1.1, simulation: 67"
[1] "n sub: 30, n images per sub: 1, sigma^2: 0.5, beta: -1.1, simulation: 68"
[1] "n sub: 30, n images per sub: 1, sigma^2: 1, beta: -1.1, simulation: 68"
[1] "n sub: 30, n images per sub: 1, sigma^2: 2, beta: -1.1, simulation: 68"
[1] "n sub: 30, n images per sub: 1, sigma^2: 0.5, beta: -1.1, simulation: 69"
[1] "n sub: 30, n images per sub: 1, sigma^2: 1, beta: -1.1, simulation: 69"
[1] "n sub: 30, n images per sub: 1, sigma^2: 2, beta: -1.1, simulation: 69"
[1] "n sub: 30, n images per sub: 1, sigma^2: 0.5, beta: -1.1, simulation: 70"
[1] "n sub: 30, n images per sub: 1, sigma^2: 1, beta: -1.1, simulation: 70"
[1] "n sub: 30, n images per sub: 1, sigma^2: 2, beta: -1.1, simulation: 70"
[1] "n sub: 30, n images per sub: 1, sigma^2: 2, beta: -1.1, simulation: 71"
[1] "n sub: 30, n images per sub: 1, sigma^2: 1, beta: -1.1, simulation: 71"
[1] "n sub: 30, n images per sub: 1, sigma^2: 0.5, beta: -1.1, simulation: 71"
[1] "n sub: 30, n images per sub: 1, sigma^2: 2, beta: -1.1, simulation: 72"
[1] "n sub: 30, n images per sub: 1, sigma^2: 0.5, beta: -1.1, simulation: 72"
[1] "n sub: 30, n images per sub: 1, sigma^2: 1, beta: -1.1, simulation: 72"
[1] "n sub: 30, n images per sub: 1, sigma^2: 2, beta: -1.1, simulation: 73"
[1] "n sub: 30, n images per sub: 1, sigma^2: 0.5, beta: -1.1, simulation: 73"
[1] "n sub: 30, n images per sub: 1, sigma^2: 1, beta: -1.1, simulation: 73"
[1] "n sub: 30, n images per sub: 1, sigma^2: 2, beta: -1.1, simulation: 74"
[1] "n sub: 30, n images per sub: 1, sigma^2: 1, beta: -1.1, simulation: 74"
[1] "n sub: 30, n images per sub: 1, sigma^2: 0.5, beta: -1.1, simulation: 74"
[1] "n sub: 30, n images per sub: 1, sigma^2: 2, beta: -1.1, simulation: 75"
[1] "n sub: 30, n images per sub: 1, sigma^2: 1, beta: -1.1, simulation: 75"
[1] "n sub: 30, n images per sub: 1, sigma^2: 0.5, beta: -1.1, simulation: 75"
[1] "n sub: 30, n images per sub: 1, sigma^2: 2, beta: -1.1, simulation: 76"
[1] "n sub: 30, n images per sub: 1, sigma^2: 1, beta: -1.1, simulation: 76"
[1] "n sub: 30, n images per sub: 1, sigma^2: 0.5, beta: -1.1, simulation: 76"
[1] "n sub: 30, n images per sub: 1, sigma^2: 2, beta: -1.1, simulation: 77"
[1] "n sub: 30, n images per sub: 1, sigma^2: 1, beta: -1.1, simulation: 77"
[1] "n sub: 30, n images per sub: 1, sigma^2: 0.5, beta: -1.1, simulation: 77"
[1] "n sub: 30, n images per sub: 1, sigma^2: 2, beta: -1.1, simulation: 78"
[1] "n sub: 30, n images per sub: 1, sigma^2: 1, beta: -1.1, simulation: 78"
[1] "n sub: 30, n images per sub: 1, sigma^2: 0.5, beta: -1.1, simulation: 78"
[1] "n sub: 30, n images per sub: 1, sigma^2: 2, beta: -1.1, simulation: 79"
[1] "n sub: 30, n images per sub: 1, sigma^2: 1, beta: -1.1, simulation: 79"
[1] "n sub: 30, n images per sub: 1, sigma^2: 0.5, beta: -1.1, simulation: 79"
[1] "n sub: 30, n images per sub: 1, sigma^2: 2, beta: -1.1, simulation: 80"
[1] "n sub: 30, n images per sub: 1, sigma^2: 1, beta: -1.1, simulation: 80"
[1] "n sub: 30, n images per sub: 1, sigma^2: 0.5, beta: -1.1, simulation: 80"
[1] "n sub: 30, n images per sub: 1, sigma^2: 2, beta: -1.1, simulation: 81"
[1] "n sub: 30, n images per sub: 1, sigma^2: 1, beta: -1.1, simulation: 81"
[1] "n sub: 30, n images per sub: 1, sigma^2: 0.5, beta: -1.1, simulation: 81"
[1] "n sub: 30, n images per sub: 1, sigma^2: 2, beta: -1.1, simulation: 82"
[1] "n sub: 30, n images per sub: 1, sigma^2: 1, beta: -1.1, simulation: 82"
[1] "n sub: 30, n images per sub: 1, sigma^2: 0.5, beta: -1.1, simulation: 82"
[1] "n sub: 30, n images per sub: 1, sigma^2: 2, beta: -1.1, simulation: 83"
[1] "n sub: 30, n images per sub: 1, sigma^2: 1, beta: -1.1, simulation: 83"
[1] "n sub: 30, n images per sub: 1, sigma^2: 0.5, beta: -1.1, simulation: 83"
[1] "n sub: 30, n images per sub: 1, sigma^2: 2, beta: -1.1, simulation: 84"
[1] "n sub: 30, n images per sub: 1, sigma^2: 1, beta: -1.1, simulation: 84"
[1] "n sub: 30, n images per sub: 1, sigma^2: 0.5, beta: -1.1, simulation: 84"
[1] "n sub: 30, n images per sub: 1, sigma^2: 2, beta: -1.1, simulation: 85"
[1] "n sub: 30, n images per sub: 1, sigma^2: 1, beta: -1.1, simulation: 85"
[1] "n sub: 30, n images per sub: 1, sigma^2: 0.5, beta: -1.1, simulation: 85"
[1] "n sub: 30, n images per sub: 1, sigma^2: 2, beta: -1.1, simulation: 86"
[1] "n sub: 30, n images per sub: 1, sigma^2: 1, beta: -1.1, simulation: 86"
[1] "n sub: 30, n images per sub: 1, sigma^2: 0.5, beta: -1.1, simulation: 86"
[1] "n sub: 30, n images per sub: 1, sigma^2: 2, beta: -1.1, simulation: 87"
[1] "n sub: 30, n images per sub: 1, sigma^2: 1, beta: -1.1, simulation: 87"
[1] "n sub: 30, n images per sub: 1, sigma^2: 0.5, beta: -1.1, simulation: 87"
[1] "n sub: 30, n images per sub: 1, sigma^2: 2, beta: -1.1, simulation: 88"
[1] "n sub: 30, n images per sub: 1, sigma^2: 1, beta: -1.1, simulation: 88"
[1] "n sub: 30, n images per sub: 1, sigma^2: 0.5, beta: -1.1, simulation: 88"
[1] "n sub: 30, n images per sub: 1, sigma^2: 2, beta: -1.1, simulation: 89"
[1] "n sub: 30, n images per sub: 1, sigma^2: 1, beta: -1.1, simulation: 89"
[1] "n sub: 30, n images per sub: 1, sigma^2: 0.5, beta: -1.1, simulation: 89"
[1] "n sub: 30, n images per sub: 1, sigma^2: 2, beta: -1.1, simulation: 90"
[1] "n sub: 30, n images per sub: 1, sigma^2: 1, beta: -1.1, simulation: 90"
[1] "n sub: 30, n images per sub: 1, sigma^2: 0.5, beta: -1.1, simulation: 90"
