  [1] 7426 7427 7428 7429 7430 7431 7432 7433 7434 7435 7436 7437 7438 7439 7440
 [16] 7441 7442 7443 7444 7445 7446 7447 7448 7449 7450 7451 7452 7453 7454 7455
 [31] 7456 7457 7458 7459 7460 7461 7462 7463 7464 7465 7466 7467 7468 7469 7470
 [46] 7471 7472 7473 7474 7475 7476 7477 7478 7479 7480 7481 7482 7483 7484 7485
 [61] 7486 7487 7488 7489 7490 7491 7492 7493 7494 7495 7496 7497 7498 7499 7500
 [76] 7501 7502 7503 7504 7505 7506 7507 7508 7509 7510 7511 7512 7513 7514 7515
 [91] 7516 7517 7518 7519 7520 7521 7522 7523 7524 7525 7526 7527 7528 7529 7530
[106] 7531 7532 7533 7534 7535 7536 7537 7538 7539 7540 7541 7542 7543 7544 7545
[121] 7546 7547 7548 7549 7550 7551 7552 7553 7554 7555 7556 7557 7558 7559 7560
[1] "n sub: 50, n images per sub: 1, sigma^2: 1, beta: 0.41, simulation: 76"
[1] "n sub: 50, n images per sub: 1, sigma^2: 0.5, beta: 0.41, simulation: 76"
[1] "n sub: 50, n images per sub: 1, sigma^2: 2, beta: 0.41, simulation: 76"
[1] "n sub: 50, n images per sub: 1, sigma^2: 1, beta: 0.41, simulation: 77"
[1] "n sub: 50, n images per sub: 1, sigma^2: 0.5, beta: 0.41, simulation: 77"
[1] "n sub: 50, n images per sub: 1, sigma^2: 2, beta: 0.41, simulation: 77"
[1] "n sub: 50, n images per sub: 1, sigma^2: 1, beta: 0.41, simulation: 78"
[1] "n sub: 50, n images per sub: 1, sigma^2: 0.5, beta: 0.41, simulation: 78"
[1] "n sub: 50, n images per sub: 1, sigma^2: 2, beta: 0.41, simulation: 78"
[1] "n sub: 50, n images per sub: 1, sigma^2: 1, beta: 0.41, simulation: 79"
[1] "n sub: 50, n images per sub: 1, sigma^2: 0.5, beta: 0.41, simulation: 79"
[1] "n sub: 50, n images per sub: 1, sigma^2: 2, beta: 0.41, simulation: 79"
[1] "n sub: 50, n images per sub: 1, sigma^2: 1, beta: 0.41, simulation: 80"
[1] "n sub: 50, n images per sub: 1, sigma^2: 0.5, beta: 0.41, simulation: 80"
[1] "n sub: 50, n images per sub: 1, sigma^2: 2, beta: 0.41, simulation: 80"
[1] "n sub: 50, n images per sub: 1, sigma^2: 1, beta: 0.41, simulation: 81"
[1] "n sub: 50, n images per sub: 1, sigma^2: 0.5, beta: 0.41, simulation: 81"
[1] "n sub: 50, n images per sub: 1, sigma^2: 2, beta: 0.41, simulation: 81"
[1] "n sub: 50, n images per sub: 1, sigma^2: 1, beta: 0.41, simulation: 82"
[1] "n sub: 50, n images per sub: 1, sigma^2: 0.5, beta: 0.41, simulation: 82"
[1] "n sub: 50, n images per sub: 1, sigma^2: 2, beta: 0.41, simulation: 82"
[1] "n sub: 50, n images per sub: 1, sigma^2: 1, beta: 0.41, simulation: 83"
[1] "n sub: 50, n images per sub: 1, sigma^2: 0.5, beta: 0.41, simulation: 83"
[1] "n sub: 50, n images per sub: 1, sigma^2: 2, beta: 0.41, simulation: 83"
[1] "n sub: 50, n images per sub: 1, sigma^2: 1, beta: 0.41, simulation: 84"
[1] "n sub: 50, n images per sub: 1, sigma^2: 0.5, beta: 0.41, simulation: 84"
[1] "n sub: 50, n images per sub: 1, sigma^2: 2, beta: 0.41, simulation: 84"
[1] "n sub: 50, n images per sub: 1, sigma^2: 1, beta: 0.41, simulation: 85"
[1] "n sub: 50, n images per sub: 1, sigma^2: 0.5, beta: 0.41, simulation: 85"
[1] "n sub: 50, n images per sub: 1, sigma^2: 2, beta: 0.41, simulation: 85"
[1] "n sub: 50, n images per sub: 1, sigma^2: 1, beta: 0.41, simulation: 86"
[1] "n sub: 50, n images per sub: 1, sigma^2: 0.5, beta: 0.41, simulation: 86"
[1] "n sub: 50, n images per sub: 1, sigma^2: 2, beta: 0.41, simulation: 86"
[1] "n sub: 50, n images per sub: 1, sigma^2: 1, beta: 0.41, simulation: 87"
[1] "n sub: 50, n images per sub: 1, sigma^2: 0.5, beta: 0.41, simulation: 87"
[1] "n sub: 50, n images per sub: 1, sigma^2: 2, beta: 0.41, simulation: 87"
[1] "n sub: 50, n images per sub: 1, sigma^2: 1, beta: 0.41, simulation: 88"
[1] "n sub: 50, n images per sub: 1, sigma^2: 0.5, beta: 0.41, simulation: 88"
[1] "n sub: 50, n images per sub: 1, sigma^2: 2, beta: 0.41, simulation: 88"
[1] "n sub: 50, n images per sub: 1, sigma^2: 1, beta: 0.41, simulation: 89"
[1] "n sub: 50, n images per sub: 1, sigma^2: 0.5, beta: 0.41, simulation: 89"
[1] "n sub: 50, n images per sub: 1, sigma^2: 2, beta: 0.41, simulation: 89"
[1] "n sub: 50, n images per sub: 1, sigma^2: 1, beta: 0.41, simulation: 90"
[1] "n sub: 50, n images per sub: 1, sigma^2: 0.5, beta: 0.41, simulation: 90"
[1] "n sub: 50, n images per sub: 1, sigma^2: 2, beta: 0.41, simulation: 90"
[1] "n sub: 50, n images per sub: 1, sigma^2: 1, beta: 0.41, simulation: 91"
[1] "n sub: 50, n images per sub: 1, sigma^2: 0.5, beta: 0.41, simulation: 91"
[1] "n sub: 50, n images per sub: 1, sigma^2: 2, beta: 0.41, simulation: 91"
[1] "n sub: 50, n images per sub: 1, sigma^2: 1, beta: 0.41, simulation: 92"
[1] "n sub: 50, n images per sub: 1, sigma^2: 0.5, beta: 0.41, simulation: 92"
[1] "n sub: 50, n images per sub: 1, sigma^2: 2, beta: 0.41, simulation: 92"
[1] "n sub: 50, n images per sub: 1, sigma^2: 1, beta: 0.41, simulation: 93"
[1] "n sub: 50, n images per sub: 1, sigma^2: 0.5, beta: 0.41, simulation: 93"
[1] "n sub: 50, n images per sub: 1, sigma^2: 2, beta: 0.41, simulation: 93"
[1] "n sub: 50, n images per sub: 1, sigma^2: 1, beta: 0.41, simulation: 94"
[1] "n sub: 50, n images per sub: 1, sigma^2: 0.5, beta: 0.41, simulation: 94"
[1] "n sub: 50, n images per sub: 1, sigma^2: 2, beta: 0.41, simulation: 94"
[1] "n sub: 50, n images per sub: 1, sigma^2: 1, beta: 0.41, simulation: 95"
[1] "n sub: 50, n images per sub: 1, sigma^2: 0.5, beta: 0.41, simulation: 95"
[1] "n sub: 50, n images per sub: 1, sigma^2: 2, beta: 0.41, simulation: 95"
[1] "n sub: 50, n images per sub: 1, sigma^2: 0.5, beta: 0.41, simulation: 96"
[1] "n sub: 50, n images per sub: 1, sigma^2: 1, beta: 0.41, simulation: 96"
[1] "n sub: 50, n images per sub: 1, sigma^2: 2, beta: 0.41, simulation: 96"
[1] "n sub: 50, n images per sub: 1, sigma^2: 0.5, beta: 0.41, simulation: 97"
[1] "n sub: 50, n images per sub: 1, sigma^2: 1, beta: 0.41, simulation: 97"
[1] "n sub: 50, n images per sub: 1, sigma^2: 2, beta: 0.41, simulation: 97"
[1] "n sub: 50, n images per sub: 1, sigma^2: 0.5, beta: 0.41, simulation: 98"
[1] "n sub: 50, n images per sub: 1, sigma^2: 1, beta: 0.41, simulation: 98"
[1] "n sub: 50, n images per sub: 1, sigma^2: 2, beta: 0.41, simulation: 98"
[1] "n sub: 50, n images per sub: 1, sigma^2: 0.5, beta: 0.41, simulation: 99"
[1] "n sub: 50, n images per sub: 1, sigma^2: 1, beta: 0.41, simulation: 99"
[1] "n sub: 50, n images per sub: 1, sigma^2: 2, beta: 0.41, simulation: 99"
[1] "n sub: 50, n images per sub: 1, sigma^2: 0.5, beta: 0.41, simulation: 100"
[1] "n sub: 50, n images per sub: 1, sigma^2: 1, beta: 0.41, simulation: 100"
[1] "n sub: 50, n images per sub: 1, sigma^2: 2, beta: 0.41, simulation: 100"
[1] "n sub: 50, n images per sub: 1, sigma^2: 2, beta: 0.69, simulation: 1"
[1] "n sub: 50, n images per sub: 1, sigma^2: 1, beta: 0.69, simulation: 1"
[1] "n sub: 50, n images per sub: 1, sigma^2: 0.5, beta: 0.69, simulation: 1"
[1] "n sub: 50, n images per sub: 1, sigma^2: 2, beta: 0.69, simulation: 2"
[1] "n sub: 50, n images per sub: 1, sigma^2: 1, beta: 0.69, simulation: 2"
[1] "n sub: 50, n images per sub: 1, sigma^2: 0.5, beta: 0.69, simulation: 2"
[1] "n sub: 50, n images per sub: 1, sigma^2: 2, beta: 0.69, simulation: 3"
[1] "n sub: 50, n images per sub: 1, sigma^2: 1, beta: 0.69, simulation: 3"
[1] "n sub: 50, n images per sub: 1, sigma^2: 0.5, beta: 0.69, simulation: 3"
[1] "n sub: 50, n images per sub: 1, sigma^2: 2, beta: 0.69, simulation: 4"
[1] "n sub: 50, n images per sub: 1, sigma^2: 1, beta: 0.69, simulation: 4"
[1] "n sub: 50, n images per sub: 1, sigma^2: 0.5, beta: 0.69, simulation: 4"
[1] "n sub: 50, n images per sub: 1, sigma^2: 2, beta: 0.69, simulation: 5"
[1] "n sub: 50, n images per sub: 1, sigma^2: 1, beta: 0.69, simulation: 5"
[1] "n sub: 50, n images per sub: 1, sigma^2: 0.5, beta: 0.69, simulation: 5"
[1] "n sub: 50, n images per sub: 1, sigma^2: 2, beta: 0.69, simulation: 6"
[1] "n sub: 50, n images per sub: 1, sigma^2: 1, beta: 0.69, simulation: 6"
[1] "n sub: 50, n images per sub: 1, sigma^2: 0.5, beta: 0.69, simulation: 6"
[1] "n sub: 50, n images per sub: 1, sigma^2: 2, beta: 0.69, simulation: 7"
[1] "n sub: 50, n images per sub: 1, sigma^2: 1, beta: 0.69, simulation: 7"
[1] "n sub: 50, n images per sub: 1, sigma^2: 0.5, beta: 0.69, simulation: 7"
[1] "n sub: 50, n images per sub: 1, sigma^2: 2, beta: 0.69, simulation: 8"
[1] "n sub: 50, n images per sub: 1, sigma^2: 1, beta: 0.69, simulation: 8"
[1] "n sub: 50, n images per sub: 1, sigma^2: 0.5, beta: 0.69, simulation: 8"
[1] "n sub: 50, n images per sub: 1, sigma^2: 2, beta: 0.69, simulation: 9"
[1] "n sub: 50, n images per sub: 1, sigma^2: 1, beta: 0.69, simulation: 9"
[1] "n sub: 50, n images per sub: 1, sigma^2: 0.5, beta: 0.69, simulation: 9"
[1] "n sub: 50, n images per sub: 1, sigma^2: 2, beta: 0.69, simulation: 10"
[1] "n sub: 50, n images per sub: 1, sigma^2: 1, beta: 0.69, simulation: 10"
[1] "n sub: 50, n images per sub: 1, sigma^2: 0.5, beta: 0.69, simulation: 10"
[1] "n sub: 50, n images per sub: 1, sigma^2: 2, beta: 0.69, simulation: 11"
[1] "n sub: 50, n images per sub: 1, sigma^2: 1, beta: 0.69, simulation: 11"
[1] "n sub: 50, n images per sub: 1, sigma^2: 0.5, beta: 0.69, simulation: 11"
[1] "n sub: 50, n images per sub: 1, sigma^2: 2, beta: 0.69, simulation: 12"
[1] "n sub: 50, n images per sub: 1, sigma^2: 1, beta: 0.69, simulation: 12"
[1] "n sub: 50, n images per sub: 1, sigma^2: 0.5, beta: 0.69, simulation: 12"
[1] "n sub: 50, n images per sub: 1, sigma^2: 2, beta: 0.69, simulation: 13"
[1] "n sub: 50, n images per sub: 1, sigma^2: 1, beta: 0.69, simulation: 13"
[1] "n sub: 50, n images per sub: 1, sigma^2: 0.5, beta: 0.69, simulation: 13"
[1] "n sub: 50, n images per sub: 1, sigma^2: 2, beta: 0.69, simulation: 14"
[1] "n sub: 50, n images per sub: 1, sigma^2: 1, beta: 0.69, simulation: 14"
[1] "n sub: 50, n images per sub: 1, sigma^2: 0.5, beta: 0.69, simulation: 14"
[1] "n sub: 50, n images per sub: 1, sigma^2: 2, beta: 0.69, simulation: 15"
[1] "n sub: 50, n images per sub: 1, sigma^2: 1, beta: 0.69, simulation: 15"
[1] "n sub: 50, n images per sub: 1, sigma^2: 0.5, beta: 0.69, simulation: 15"
[1] "n sub: 50, n images per sub: 1, sigma^2: 2, beta: 0.69, simulation: 16"
[1] "n sub: 50, n images per sub: 1, sigma^2: 1, beta: 0.69, simulation: 16"
[1] "n sub: 50, n images per sub: 1, sigma^2: 0.5, beta: 0.69, simulation: 16"
[1] "n sub: 50, n images per sub: 1, sigma^2: 2, beta: 0.69, simulation: 17"
[1] "n sub: 50, n images per sub: 1, sigma^2: 1, beta: 0.69, simulation: 17"
[1] "n sub: 50, n images per sub: 1, sigma^2: 0.5, beta: 0.69, simulation: 17"
[1] "n sub: 50, n images per sub: 1, sigma^2: 2, beta: 0.69, simulation: 18"
[1] "n sub: 50, n images per sub: 1, sigma^2: 1, beta: 0.69, simulation: 18"
[1] "n sub: 50, n images per sub: 1, sigma^2: 0.5, beta: 0.69, simulation: 18"
[1] "n sub: 50, n images per sub: 1, sigma^2: 2, beta: 0.69, simulation: 19"
[1] "n sub: 50, n images per sub: 1, sigma^2: 1, beta: 0.69, simulation: 19"
[1] "n sub: 50, n images per sub: 1, sigma^2: 0.5, beta: 0.69, simulation: 19"
[1] "n sub: 50, n images per sub: 1, sigma^2: 2, beta: 0.69, simulation: 20"
[1] "n sub: 50, n images per sub: 1, sigma^2: 1, beta: 0.69, simulation: 20"
[1] "n sub: 50, n images per sub: 1, sigma^2: 0.5, beta: 0.69, simulation: 20"
