  [1] 8965 8966 8967 8968 8969 8970 8971 8972 8973 8974 8975 8976 8977 8978 8979
 [16] 8980 8981 8982 8983 8984 8985 8986 8987 8988 8989 8990 8991 8992 8993 8994
 [31] 8995 8996 8997 8998 8999 9000 9001 9002 9003 9004 9005 9006 9007 9008 9009
 [46] 9010 9011 9012 9013 9014 9015 9016 9017 9018 9019 9020 9021 9022 9023 9024
 [61] 9025 9026 9027 9028 9029 9030 9031 9032 9033 9034 9035 9036 9037 9038 9039
 [76] 9040 9041 9042 9043 9044 9045 9046 9047 9048 9049 9050 9051 9052 9053 9054
 [91] 9055 9056 9057 9058 9059 9060 9061 9062 9063 9064 9065 9066 9067 9068 9069
[106] 9070 9071 9072
[1] "n sub: 10, n images per sub: 5, sigma^2: 0.5, beta: -0.41, simulation: 89"
[1] "n sub: 10, n images per sub: 5, sigma^2: 2, beta: -0.41, simulation: 89"
[1] "n sub: 10, n images per sub: 5, sigma^2: 1, beta: -0.41, simulation: 89"
[1] "n sub: 10, n images per sub: 5, sigma^2: 2, beta: -0.41, simulation: 90"
[1] "n sub: 10, n images per sub: 5, sigma^2: 1, beta: -0.41, simulation: 90"
[1] "n sub: 10, n images per sub: 5, sigma^2: 0.5, beta: -0.41, simulation: 90"
[1] "n sub: 10, n images per sub: 5, sigma^2: 2, beta: -0.41, simulation: 91"
[1] "n sub: 10, n images per sub: 5, sigma^2: 1, beta: -0.41, simulation: 91"
[1] "n sub: 10, n images per sub: 5, sigma^2: 0.5, beta: -0.41, simulation: 91"
[1] "n sub: 10, n images per sub: 5, sigma^2: 2, beta: -0.41, simulation: 92"
[1] "n sub: 10, n images per sub: 5, sigma^2: 1, beta: -0.41, simulation: 92"
[1] "n sub: 10, n images per sub: 5, sigma^2: 0.5, beta: -0.41, simulation: 92"
[1] "n sub: 10, n images per sub: 5, sigma^2: 2, beta: -0.41, simulation: 93"
[1] "n sub: 10, n images per sub: 5, sigma^2: 1, beta: -0.41, simulation: 93"
[1] "n sub: 10, n images per sub: 5, sigma^2: 0.5, beta: -0.41, simulation: 93"
[1] "n sub: 10, n images per sub: 5, sigma^2: 2, beta: -0.41, simulation: 94"
[1] "n sub: 10, n images per sub: 5, sigma^2: 1, beta: -0.41, simulation: 94"
[1] "n sub: 10, n images per sub: 5, sigma^2: 0.5, beta: -0.41, simulation: 94"
[1] "n sub: 10, n images per sub: 5, sigma^2: 2, beta: -0.41, simulation: 95"
[1] "n sub: 10, n images per sub: 5, sigma^2: 1, beta: -0.41, simulation: 95"
[1] "n sub: 10, n images per sub: 5, sigma^2: 0.5, beta: -0.41, simulation: 95"
[1] "n sub: 10, n images per sub: 5, sigma^2: 1, beta: -0.41, simulation: 96"
[1] "n sub: 10, n images per sub: 5, sigma^2: 2, beta: -0.41, simulation: 96"
[1] "n sub: 10, n images per sub: 5, sigma^2: 0.5, beta: -0.41, simulation: 96"
[1] "n sub: 10, n images per sub: 5, sigma^2: 1, beta: -0.41, simulation: 97"
[1] "n sub: 10, n images per sub: 5, sigma^2: 2, beta: -0.41, simulation: 97"
[1] "n sub: 10, n images per sub: 5, sigma^2: 0.5, beta: -0.41, simulation: 97"
[1] "n sub: 10, n images per sub: 5, sigma^2: 1, beta: -0.41, simulation: 98"
[1] "n sub: 10, n images per sub: 5, sigma^2: 2, beta: -0.41, simulation: 98"
[1] "n sub: 10, n images per sub: 5, sigma^2: 0.5, beta: -0.41, simulation: 98"
[1] "n sub: 10, n images per sub: 5, sigma^2: 1, beta: -0.41, simulation: 99"
[1] "n sub: 10, n images per sub: 5, sigma^2: 2, beta: -0.41, simulation: 99"
[1] "n sub: 10, n images per sub: 5, sigma^2: 0.5, beta: -0.41, simulation: 99"
[1] "n sub: 10, n images per sub: 5, sigma^2: 1, beta: -0.41, simulation: 100"
[1] "n sub: 10, n images per sub: 5, sigma^2: 2, beta: -0.41, simulation: 100"
[1] "n sub: 10, n images per sub: 5, sigma^2: 0.5, beta: -0.41, simulation: 100"
[1] "n sub: 10, n images per sub: 5, sigma^2: 2, beta: -0.22, simulation: 1"
[1] "n sub: 10, n images per sub: 5, sigma^2: 1, beta: -0.22, simulation: 1"
[1] "n sub: 10, n images per sub: 5, sigma^2: 0.5, beta: -0.22, simulation: 1"
[1] "n sub: 10, n images per sub: 5, sigma^2: 2, beta: -0.22, simulation: 2"
[1] "n sub: 10, n images per sub: 5, sigma^2: 1, beta: -0.22, simulation: 2"
[1] "n sub: 10, n images per sub: 5, sigma^2: 0.5, beta: -0.22, simulation: 2"
[1] "n sub: 10, n images per sub: 5, sigma^2: 2, beta: -0.22, simulation: 3"
[1] "n sub: 10, n images per sub: 5, sigma^2: 1, beta: -0.22, simulation: 3"
[1] "n sub: 10, n images per sub: 5, sigma^2: 0.5, beta: -0.22, simulation: 3"
[1] "n sub: 10, n images per sub: 5, sigma^2: 2, beta: -0.22, simulation: 4"
[1] "n sub: 10, n images per sub: 5, sigma^2: 1, beta: -0.22, simulation: 4"
[1] "n sub: 10, n images per sub: 5, sigma^2: 0.5, beta: -0.22, simulation: 4"
[1] "n sub: 10, n images per sub: 5, sigma^2: 2, beta: -0.22, simulation: 5"
[1] "n sub: 10, n images per sub: 5, sigma^2: 1, beta: -0.22, simulation: 5"
[1] "n sub: 10, n images per sub: 5, sigma^2: 0.5, beta: -0.22, simulation: 5"
[1] "n sub: 10, n images per sub: 5, sigma^2: 2, beta: -0.22, simulation: 6"
[1] "n sub: 10, n images per sub: 5, sigma^2: 1, beta: -0.22, simulation: 6"
[1] "n sub: 10, n images per sub: 5, sigma^2: 0.5, beta: -0.22, simulation: 6"
[1] "n sub: 10, n images per sub: 5, sigma^2: 2, beta: -0.22, simulation: 7"
[1] "n sub: 10, n images per sub: 5, sigma^2: 1, beta: -0.22, simulation: 7"
[1] "n sub: 10, n images per sub: 5, sigma^2: 0.5, beta: -0.22, simulation: 7"
[1] "n sub: 10, n images per sub: 5, sigma^2: 2, beta: -0.22, simulation: 8"
[1] "n sub: 10, n images per sub: 5, sigma^2: 1, beta: -0.22, simulation: 8"
[1] "n sub: 10, n images per sub: 5, sigma^2: 0.5, beta: -0.22, simulation: 8"
[1] "n sub: 10, n images per sub: 5, sigma^2: 2, beta: -0.22, simulation: 9"
[1] "n sub: 10, n images per sub: 5, sigma^2: 1, beta: -0.22, simulation: 9"
[1] "n sub: 10, n images per sub: 5, sigma^2: 0.5, beta: -0.22, simulation: 9"
[1] "n sub: 10, n images per sub: 5, sigma^2: 2, beta: -0.22, simulation: 10"
[1] "n sub: 10, n images per sub: 5, sigma^2: 1, beta: -0.22, simulation: 10"
[1] "n sub: 10, n images per sub: 5, sigma^2: 0.5, beta: -0.22, simulation: 10"
[1] "n sub: 10, n images per sub: 5, sigma^2: 2, beta: -0.22, simulation: 11"
[1] "n sub: 10, n images per sub: 5, sigma^2: 1, beta: -0.22, simulation: 11"
[1] "n sub: 10, n images per sub: 5, sigma^2: 0.5, beta: -0.22, simulation: 11"
[1] "n sub: 10, n images per sub: 5, sigma^2: 2, beta: -0.22, simulation: 12"
[1] "n sub: 10, n images per sub: 5, sigma^2: 1, beta: -0.22, simulation: 12"
[1] "n sub: 10, n images per sub: 5, sigma^2: 0.5, beta: -0.22, simulation: 12"
[1] "n sub: 10, n images per sub: 5, sigma^2: 2, beta: -0.22, simulation: 13"
[1] "n sub: 10, n images per sub: 5, sigma^2: 1, beta: -0.22, simulation: 13"
[1] "n sub: 10, n images per sub: 5, sigma^2: 0.5, beta: -0.22, simulation: 13"
[1] "n sub: 10, n images per sub: 5, sigma^2: 2, beta: -0.22, simulation: 14"
[1] "n sub: 10, n images per sub: 5, sigma^2: 1, beta: -0.22, simulation: 14"
[1] "n sub: 10, n images per sub: 5, sigma^2: 0.5, beta: -0.22, simulation: 14"
[1] "n sub: 10, n images per sub: 5, sigma^2: 2, beta: -0.22, simulation: 15"
[1] "n sub: 10, n images per sub: 5, sigma^2: 1, beta: -0.22, simulation: 15"
[1] "n sub: 10, n images per sub: 5, sigma^2: 0.5, beta: -0.22, simulation: 15"
[1] "n sub: 10, n images per sub: 5, sigma^2: 2, beta: -0.22, simulation: 16"
[1] "n sub: 10, n images per sub: 5, sigma^2: 1, beta: -0.22, simulation: 16"
[1] "n sub: 10, n images per sub: 5, sigma^2: 0.5, beta: -0.22, simulation: 16"
[1] "n sub: 10, n images per sub: 5, sigma^2: 2, beta: -0.22, simulation: 17"
[1] "n sub: 10, n images per sub: 5, sigma^2: 1, beta: -0.22, simulation: 17"
[1] "n sub: 10, n images per sub: 5, sigma^2: 0.5, beta: -0.22, simulation: 17"
[1] "n sub: 10, n images per sub: 5, sigma^2: 2, beta: -0.22, simulation: 18"
[1] "n sub: 10, n images per sub: 5, sigma^2: 1, beta: -0.22, simulation: 18"
[1] "n sub: 10, n images per sub: 5, sigma^2: 0.5, beta: -0.22, simulation: 18"
[1] "n sub: 10, n images per sub: 5, sigma^2: 2, beta: -0.22, simulation: 19"
[1] "n sub: 10, n images per sub: 5, sigma^2: 1, beta: -0.22, simulation: 19"
[1] "n sub: 10, n images per sub: 5, sigma^2: 0.5, beta: -0.22, simulation: 19"
[1] "n sub: 10, n images per sub: 5, sigma^2: 2, beta: -0.22, simulation: 20"
[1] "n sub: 10, n images per sub: 5, sigma^2: 1, beta: -0.22, simulation: 20"
[1] "n sub: 10, n images per sub: 5, sigma^2: 0.5, beta: -0.22, simulation: 20"
[1] "n sub: 10, n images per sub: 5, sigma^2: 2, beta: -0.22, simulation: 21"
[1] "n sub: 10, n images per sub: 5, sigma^2: 1, beta: -0.22, simulation: 21"
[1] "n sub: 10, n images per sub: 5, sigma^2: 0.5, beta: -0.22, simulation: 21"
[1] "n sub: 10, n images per sub: 5, sigma^2: 2, beta: -0.22, simulation: 22"
[1] "n sub: 10, n images per sub: 5, sigma^2: 1, beta: -0.22, simulation: 22"
[1] "n sub: 10, n images per sub: 5, sigma^2: 0.5, beta: -0.22, simulation: 22"
[1] "n sub: 10, n images per sub: 5, sigma^2: 2, beta: -0.22, simulation: 23"
[1] "n sub: 10, n images per sub: 5, sigma^2: 1, beta: -0.22, simulation: 23"
[1] "n sub: 10, n images per sub: 5, sigma^2: 0.5, beta: -0.22, simulation: 23"
[1] "n sub: 10, n images per sub: 5, sigma^2: 2, beta: -0.22, simulation: 24"
[1] "n sub: 10, n images per sub: 5, sigma^2: 1, beta: -0.22, simulation: 24"
[1] "n sub: 10, n images per sub: 5, sigma^2: 0.5, beta: -0.22, simulation: 24"
