 [1] 12367 12368 12369 12370 12371 12372 12373 12374 12375 12376 12377 12378
[13] 12379 12380 12381 12382 12383 12384 12385 12386 12387 12388 12389 12390
[25] 12391 12392 12393 12394 12395 12396 12397 12398 12399 12400 12401 12402
[37] 12403 12404 12405 12406 12407 12408 12409 12410 12411 12412 12413 12414
[49] 12415 12416 12417 12418 12419 12420
[1] "n sub: 30, n images per sub: 5, sigma^2: 2, beta: 0.22, simulation: 23"
[1] "n sub: 30, n images per sub: 5, sigma^2: 1, beta: 0.22, simulation: 23"
[1] "n sub: 30, n images per sub: 5, sigma^2: 0.5, beta: 0.22, simulation: 23"
[1] "n sub: 30, n images per sub: 5, sigma^2: 2, beta: 0.22, simulation: 24"
[1] "n sub: 30, n images per sub: 5, sigma^2: 1, beta: 0.22, simulation: 24"
[1] "n sub: 30, n images per sub: 5, sigma^2: 0.5, beta: 0.22, simulation: 24"
[1] "n sub: 30, n images per sub: 5, sigma^2: 2, beta: 0.22, simulation: 25"
[1] "n sub: 30, n images per sub: 5, sigma^2: 1, beta: 0.22, simulation: 25"
[1] "n sub: 30, n images per sub: 5, sigma^2: 0.5, beta: 0.22, simulation: 25"
[1] "n sub: 30, n images per sub: 5, sigma^2: 2, beta: 0.22, simulation: 26"
[1] "n sub: 30, n images per sub: 5, sigma^2: 1, beta: 0.22, simulation: 26"
[1] "n sub: 30, n images per sub: 5, sigma^2: 0.5, beta: 0.22, simulation: 26"
[1] "n sub: 30, n images per sub: 5, sigma^2: 2, beta: 0.22, simulation: 27"
[1] "n sub: 30, n images per sub: 5, sigma^2: 1, beta: 0.22, simulation: 27"
[1] "n sub: 30, n images per sub: 5, sigma^2: 0.5, beta: 0.22, simulation: 27"
[1] "n sub: 30, n images per sub: 5, sigma^2: 2, beta: 0.22, simulation: 28"
[1] "n sub: 30, n images per sub: 5, sigma^2: 1, beta: 0.22, simulation: 28"
[1] "n sub: 30, n images per sub: 5, sigma^2: 0.5, beta: 0.22, simulation: 28"
[1] "n sub: 30, n images per sub: 5, sigma^2: 2, beta: 0.22, simulation: 29"
[1] "n sub: 30, n images per sub: 5, sigma^2: 1, beta: 0.22, simulation: 29"
[1] "n sub: 30, n images per sub: 5, sigma^2: 0.5, beta: 0.22, simulation: 29"
[1] "n sub: 30, n images per sub: 5, sigma^2: 2, beta: 0.22, simulation: 30"
[1] "n sub: 30, n images per sub: 5, sigma^2: 1, beta: 0.22, simulation: 30"
[1] "n sub: 30, n images per sub: 5, sigma^2: 0.5, beta: 0.22, simulation: 30"
[1] "n sub: 30, n images per sub: 5, sigma^2: 2, beta: 0.22, simulation: 31"
[1] "n sub: 30, n images per sub: 5, sigma^2: 1, beta: 0.22, simulation: 31"
[1] "n sub: 30, n images per sub: 5, sigma^2: 0.5, beta: 0.22, simulation: 31"
[1] "n sub: 30, n images per sub: 5, sigma^2: 2, beta: 0.22, simulation: 32"
[1] "n sub: 30, n images per sub: 5, sigma^2: 1, beta: 0.22, simulation: 32"
[1] "n sub: 30, n images per sub: 5, sigma^2: 0.5, beta: 0.22, simulation: 32"
[1] "n sub: 30, n images per sub: 5, sigma^2: 2, beta: 0.22, simulation: 33"
[1] "n sub: 30, n images per sub: 5, sigma^2: 1, beta: 0.22, simulation: 33"
[1] "n sub: 30, n images per sub: 5, sigma^2: 0.5, beta: 0.22, simulation: 33"
[1] "n sub: 30, n images per sub: 5, sigma^2: 2, beta: 0.22, simulation: 34"
[1] "n sub: 30, n images per sub: 5, sigma^2: 1, beta: 0.22, simulation: 34"
[1] "n sub: 30, n images per sub: 5, sigma^2: 0.5, beta: 0.22, simulation: 34"
[1] "n sub: 30, n images per sub: 5, sigma^2: 2, beta: 0.22, simulation: 35"
[1] "n sub: 30, n images per sub: 5, sigma^2: 1, beta: 0.22, simulation: 35"
[1] "n sub: 30, n images per sub: 5, sigma^2: 0.5, beta: 0.22, simulation: 35"
[1] "n sub: 30, n images per sub: 5, sigma^2: 2, beta: 0.22, simulation: 36"
[1] "n sub: 30, n images per sub: 5, sigma^2: 1, beta: 0.22, simulation: 36"
[1] "n sub: 30, n images per sub: 5, sigma^2: 0.5, beta: 0.22, simulation: 36"
[1] "n sub: 30, n images per sub: 5, sigma^2: 2, beta: 0.22, simulation: 37"
[1] "n sub: 30, n images per sub: 5, sigma^2: 1, beta: 0.22, simulation: 37"
[1] "n sub: 30, n images per sub: 5, sigma^2: 0.5, beta: 0.22, simulation: 37"
[1] "n sub: 30, n images per sub: 5, sigma^2: 2, beta: 0.22, simulation: 38"
[1] "n sub: 30, n images per sub: 5, sigma^2: 1, beta: 0.22, simulation: 38"
[1] "n sub: 30, n images per sub: 5, sigma^2: 0.5, beta: 0.22, simulation: 38"
[1] "n sub: 30, n images per sub: 5, sigma^2: 2, beta: 0.22, simulation: 39"
[1] "n sub: 30, n images per sub: 5, sigma^2: 1, beta: 0.22, simulation: 39"
[1] "n sub: 30, n images per sub: 5, sigma^2: 0.5, beta: 0.22, simulation: 39"
[1] "n sub: 30, n images per sub: 5, sigma^2: 2, beta: 0.22, simulation: 40"
[1] "n sub: 30, n images per sub: 5, sigma^2: 1, beta: 0.22, simulation: 40"
[1] "n sub: 30, n images per sub: 5, sigma^2: 0.5, beta: 0.22, simulation: 40"
