 [1] 13636 13637 13638 13639 13640 13641 13642 13643 13644 13645 13646 13647
[13] 13648 13649 13650 13651 13652 13653 13654 13655 13656 13657 13658 13659
[25] 13660 13661 13662
[1] "n sub: 50, n images per sub: 5, sigma^2: 0.5, beta: -1.1, simulation: 46"
[1] "n sub: 50, n images per sub: 5, sigma^2: 1, beta: -1.1, simulation: 46"
[1] "n sub: 50, n images per sub: 5, sigma^2: 2, beta: -1.1, simulation: 46"
[1] "n sub: 50, n images per sub: 5, sigma^2: 0.5, beta: -1.1, simulation: 47"
[1] "n sub: 50, n images per sub: 5, sigma^2: 1, beta: -1.1, simulation: 47"
[1] "n sub: 50, n images per sub: 5, sigma^2: 2, beta: -1.1, simulation: 47"
[1] "n sub: 50, n images per sub: 5, sigma^2: 0.5, beta: -1.1, simulation: 48"
[1] "n sub: 50, n images per sub: 5, sigma^2: 1, beta: -1.1, simulation: 48"
[1] "n sub: 50, n images per sub: 5, sigma^2: 2, beta: -1.1, simulation: 48"
[1] "n sub: 50, n images per sub: 5, sigma^2: 2, beta: -1.1, simulation: 49"
[1] "n sub: 50, n images per sub: 5, sigma^2: 0.5, beta: -1.1, simulation: 49"
[1] "n sub: 50, n images per sub: 5, sigma^2: 1, beta: -1.1, simulation: 49"
[1] "n sub: 50, n images per sub: 5, sigma^2: 2, beta: -1.1, simulation: 50"
[1] "n sub: 50, n images per sub: 5, sigma^2: 1, beta: -1.1, simulation: 50"
[1] "n sub: 50, n images per sub: 5, sigma^2: 0.5, beta: -1.1, simulation: 50"
[1] "n sub: 50, n images per sub: 5, sigma^2: 2, beta: -1.1, simulation: 51"
[1] "n sub: 50, n images per sub: 5, sigma^2: 0.5, beta: -1.1, simulation: 51"
[1] "n sub: 50, n images per sub: 5, sigma^2: 1, beta: -1.1, simulation: 51"
[1] "n sub: 50, n images per sub: 5, sigma^2: 2, beta: -1.1, simulation: 52"
[1] "n sub: 50, n images per sub: 5, sigma^2: 1, beta: -1.1, simulation: 52"
[1] "n sub: 50, n images per sub: 5, sigma^2: 0.5, beta: -1.1, simulation: 52"
[1] "n sub: 50, n images per sub: 5, sigma^2: 2, beta: -1.1, simulation: 53"
[1] "n sub: 50, n images per sub: 5, sigma^2: 1, beta: -1.1, simulation: 53"
[1] "n sub: 50, n images per sub: 5, sigma^2: 0.5, beta: -1.1, simulation: 53"
[1] "n sub: 50, n images per sub: 5, sigma^2: 2, beta: -1.1, simulation: 54"
[1] "n sub: 50, n images per sub: 5, sigma^2: 1, beta: -1.1, simulation: 54"
[1] "n sub: 50, n images per sub: 5, sigma^2: 0.5, beta: -1.1, simulation: 54"
