[1] "n sub: 10, n images per sub: 1, zero distance: 50, sigma^2: 2, beta: -1.1, simulation: 401"
[1] "no_corr"
[1] "pc_exp"
[1] "pc_exp_raw_image_sigma"
[1] "pc_exp_raw_overall_1"
[1] "pc_exp_raw_overall_sigma"
[1] "pc_exp_norm_image_sigma"
[1] "pc_exp_norm_overall_1"
[1] "pc_exp_norm_overall_sigma"
[1] "pc_sqexp"
[1] "pc_sqexp_raw_image_sigma"
[1] "pc_sqexp_raw_overall_1"
[1] "pc_sqexp_raw_overall_sigma"
[1] "pc_sqexp_norm_image_sigma"
[1] "pc_sqexp_norm_overall_1"
[1] "pc_sqexp_norm_overall_sigma"
[1] "n sub: 10, n images per sub: 1, zero distance: 50, sigma^2: 0.5, beta: -1.1, simulation: 401"
[1] "no_corr"
[1] "pc_exp"
[1] "pc_exp_raw_image_sigma"
[1] "pc_exp_raw_overall_1"
[1] "pc_exp_raw_overall_sigma"
[1] "pc_exp_norm_image_sigma"
[1] "pc_exp_norm_overall_1"
[1] "pc_exp_norm_overall_sigma"
[1] "pc_sqexp"
[1] "pc_sqexp_raw_image_sigma"
[1] "pc_sqexp_raw_overall_1"
[1] "pc_sqexp_raw_overall_sigma"
[1] "pc_sqexp_norm_image_sigma"
[1] "pc_sqexp_norm_overall_1"
[1] "pc_sqexp_norm_overall_sigma"
[1] "n sub: 10, n images per sub: 1, zero distance: 50, sigma^2: 1, beta: -1.1, simulation: 401"
[1] "no_corr"
[1] "pc_exp"
[1] "pc_exp_raw_image_sigma"
[1] "pc_exp_raw_overall_1"
[1] "pc_exp_raw_overall_sigma"
[1] "pc_exp_norm_image_sigma"
[1] "pc_exp_norm_overall_1"
[1] "pc_exp_norm_overall_sigma"
[1] "pc_sqexp"
[1] "pc_sqexp_raw_image_sigma"
[1] "pc_sqexp_raw_overall_1"
[1] "pc_sqexp_raw_overall_sigma"
[1] "pc_sqexp_norm_image_sigma"
[1] "pc_sqexp_norm_overall_1"
[1] "pc_sqexp_norm_overall_sigma"
[1] "n sub: 10, n images per sub: 1, zero distance: 50, sigma^2: 2, beta: -1.1, simulation: 402"
[1] "no_corr"
[1] "pc_exp"
[1] "pc_exp_raw_image_sigma"
[1] "pc_exp_raw_overall_1"
[1] "pc_exp_raw_overall_sigma"
[1] "pc_exp_norm_image_sigma"
[1] "pc_exp_norm_overall_1"
[1] "pc_exp_norm_overall_sigma"
[1] "pc_sqexp"
[1] "pc_sqexp_raw_image_sigma"
[1] "pc_sqexp_raw_overall_1"
[1] "pc_sqexp_raw_overall_sigma"
[1] "pc_sqexp_norm_image_sigma"
[1] "pc_sqexp_norm_overall_1"
[1] "pc_sqexp_norm_overall_sigma"
[1] "n sub: 10, n images per sub: 1, zero distance: 50, sigma^2: 0.5, beta: -1.1, simulation: 402"
[1] "no_corr"
[1] "pc_exp"
[1] "pc_exp_raw_image_sigma"
[1] "pc_exp_raw_overall_1"
[1] "pc_exp_raw_overall_sigma"
[1] "pc_exp_norm_image_sigma"
[1] "pc_exp_norm_overall_1"
[1] "pc_exp_norm_overall_sigma"
[1] "pc_sqexp"
[1] "pc_sqexp_raw_image_sigma"
[1] "pc_sqexp_raw_overall_1"
[1] "pc_sqexp_raw_overall_sigma"
[1] "pc_sqexp_norm_image_sigma"
[1] "pc_sqexp_norm_overall_1"
[1] "pc_sqexp_norm_overall_sigma"
[1] "n sub: 10, n images per sub: 1, zero distance: 50, sigma^2: 1, beta: -1.1, simulation: 402"
[1] "no_corr"
[1] "pc_exp"
[1] "pc_exp_raw_image_sigma"
[1] "pc_exp_raw_overall_1"
[1] "pc_exp_raw_overall_sigma"
[1] "pc_exp_norm_image_sigma"
[1] "pc_exp_norm_overall_1"
[1] "pc_exp_norm_overall_sigma"
[1] "pc_sqexp"
[1] "pc_sqexp_raw_image_sigma"
[1] "pc_sqexp_raw_overall_1"
[1] "pc_sqexp_raw_overall_sigma"
[1] "pc_sqexp_norm_image_sigma"
[1] "pc_sqexp_norm_overall_1"
[1] "pc_sqexp_norm_overall_sigma"
[1] "n sub: 10, n images per sub: 1, zero distance: 50, sigma^2: 2, beta: -1.1, simulation: 403"
[1] "no_corr"
[1] "pc_exp"
[1] "pc_exp_raw_image_sigma"
[1] "pc_exp_raw_overall_1"
[1] "pc_exp_raw_overall_sigma"
[1] "pc_exp_norm_image_sigma"
[1] "pc_exp_norm_overall_1"
[1] "pc_exp_norm_overall_sigma"
[1] "pc_sqexp"
[1] "pc_sqexp_raw_image_sigma"
[1] "pc_sqexp_raw_overall_1"
[1] "pc_sqexp_raw_overall_sigma"
[1] "pc_sqexp_norm_image_sigma"
[1] "pc_sqexp_norm_overall_1"
[1] "pc_sqexp_norm_overall_sigma"
[1] "n sub: 10, n images per sub: 1, zero distance: 50, sigma^2: 0.5, beta: -1.1, simulation: 403"
[1] "no_corr"
[1] "pc_exp"
[1] "pc_exp_raw_image_sigma"
[1] "pc_exp_raw_overall_1"
[1] "pc_exp_raw_overall_sigma"
[1] "pc_exp_norm_image_sigma"
[1] "pc_exp_norm_overall_1"
[1] "pc_exp_norm_overall_sigma"
[1] "pc_sqexp"
[1] "pc_sqexp_raw_image_sigma"
[1] "pc_sqexp_raw_overall_1"
[1] "pc_sqexp_raw_overall_sigma"
[1] "pc_sqexp_norm_image_sigma"
[1] "pc_sqexp_norm_overall_1"
[1] "pc_sqexp_norm_overall_sigma"
[1] "n sub: 10, n images per sub: 1, zero distance: 50, sigma^2: 1, beta: -1.1, simulation: 403"
[1] "no_corr"
[1] "pc_exp"
[1] "pc_exp_raw_image_sigma"
[1] "pc_exp_raw_overall_1"
[1] "pc_exp_raw_overall_sigma"
[1] "pc_exp_norm_image_sigma"
[1] "pc_exp_norm_overall_1"
[1] "pc_exp_norm_overall_sigma"
[1] "pc_sqexp"
[1] "pc_sqexp_raw_image_sigma"
[1] "pc_sqexp_raw_overall_1"
[1] "pc_sqexp_raw_overall_sigma"
[1] "pc_sqexp_norm_image_sigma"
[1] "pc_sqexp_norm_overall_1"
[1] "pc_sqexp_norm_overall_sigma"
[1] "n sub: 10, n images per sub: 1, zero distance: 50, sigma^2: 2, beta: -1.1, simulation: 404"
[1] "no_corr"
[1] "pc_exp"
[1] "pc_exp_raw_image_sigma"
[1] "pc_exp_raw_overall_1"
[1] "pc_exp_raw_overall_sigma"
[1] "pc_exp_norm_image_sigma"
[1] "pc_exp_norm_overall_1"
[1] "pc_exp_norm_overall_sigma"
[1] "pc_sqexp"
[1] "pc_sqexp_raw_image_sigma"
[1] "pc_sqexp_raw_overall_1"
[1] "pc_sqexp_raw_overall_sigma"
[1] "pc_sqexp_norm_image_sigma"
[1] "pc_sqexp_norm_overall_1"
[1] "pc_sqexp_norm_overall_sigma"
[1] "n sub: 10, n images per sub: 1, zero distance: 50, sigma^2: 0.5, beta: -1.1, simulation: 404"
[1] "no_corr"
[1] "pc_exp"
[1] "pc_exp_raw_image_sigma"
[1] "pc_exp_raw_overall_1"
[1] "pc_exp_raw_overall_sigma"
[1] "pc_exp_norm_image_sigma"
[1] "pc_exp_norm_overall_1"
[1] "pc_exp_norm_overall_sigma"
[1] "pc_sqexp"
[1] "pc_sqexp_raw_image_sigma"
[1] "pc_sqexp_raw_overall_1"
[1] "pc_sqexp_raw_overall_sigma"
[1] "pc_sqexp_norm_image_sigma"
[1] "pc_sqexp_norm_overall_1"
[1] "pc_sqexp_norm_overall_sigma"
[1] "n sub: 10, n images per sub: 1, zero distance: 50, sigma^2: 1, beta: -1.1, simulation: 404"
[1] "no_corr"
[1] "pc_exp"
[1] "pc_exp_raw_image_sigma"
[1] "pc_exp_raw_overall_1"
[1] "pc_exp_raw_overall_sigma"
[1] "pc_exp_norm_image_sigma"
[1] "pc_exp_norm_overall_1"
[1] "pc_exp_norm_overall_sigma"
[1] "pc_sqexp"
[1] "pc_sqexp_raw_image_sigma"
[1] "pc_sqexp_raw_overall_1"
[1] "pc_sqexp_raw_overall_sigma"
[1] "pc_sqexp_norm_image_sigma"
[1] "pc_sqexp_norm_overall_1"
[1] "pc_sqexp_norm_overall_sigma"
[1] "n sub: 10, n images per sub: 1, zero distance: 50, sigma^2: 2, beta: -1.1, simulation: 405"
[1] "no_corr"
[1] "pc_exp"
[1] "pc_exp_raw_image_sigma"
[1] "pc_exp_raw_overall_1"
[1] "pc_exp_raw_overall_sigma"
[1] "pc_exp_norm_image_sigma"
[1] "pc_exp_norm_overall_1"
[1] "pc_exp_norm_overall_sigma"
[1] "pc_sqexp"
[1] "pc_sqexp_raw_image_sigma"
[1] "pc_sqexp_raw_overall_1"
[1] "pc_sqexp_raw_overall_sigma"
[1] "pc_sqexp_norm_image_sigma"
[1] "pc_sqexp_norm_overall_1"
[1] "pc_sqexp_norm_overall_sigma"
[1] "n sub: 10, n images per sub: 1, zero distance: 50, sigma^2: 0.5, beta: -1.1, simulation: 405"
[1] "no_corr"
[1] "pc_exp"
[1] "pc_exp_raw_image_sigma"
[1] "pc_exp_raw_overall_1"
[1] "pc_exp_raw_overall_sigma"
[1] "pc_exp_norm_image_sigma"
[1] "pc_exp_norm_overall_1"
[1] "pc_exp_norm_overall_sigma"
[1] "pc_sqexp"
[1] "pc_sqexp_raw_image_sigma"
[1] "pc_sqexp_raw_overall_1"
[1] "pc_sqexp_raw_overall_sigma"
[1] "pc_sqexp_norm_image_sigma"
[1] "pc_sqexp_norm_overall_1"
[1] "pc_sqexp_norm_overall_sigma"
[1] "n sub: 10, n images per sub: 1, zero distance: 50, sigma^2: 1, beta: -1.1, simulation: 405"
[1] "no_corr"
[1] "pc_exp"
[1] "pc_exp_raw_image_sigma"
[1] "pc_exp_raw_overall_1"
[1] "pc_exp_raw_overall_sigma"
[1] "pc_exp_norm_image_sigma"
[1] "pc_exp_norm_overall_1"
[1] "pc_exp_norm_overall_sigma"
[1] "pc_sqexp"
[1] "pc_sqexp_raw_image_sigma"
[1] "pc_sqexp_raw_overall_1"
[1] "pc_sqexp_raw_overall_sigma"
[1] "pc_sqexp_norm_image_sigma"
[1] "pc_sqexp_norm_overall_1"
[1] "pc_sqexp_norm_overall_sigma"
[1] "n sub: 10, n images per sub: 1, zero distance: 50, sigma^2: 2, beta: -1.1, simulation: 406"
[1] "no_corr"
[1] "pc_exp"
[1] "pc_exp_raw_image_sigma"
[1] "pc_exp_raw_overall_1"
[1] "pc_exp_raw_overall_sigma"
[1] "pc_exp_norm_image_sigma"
[1] "pc_exp_norm_overall_1"
[1] "pc_exp_norm_overall_sigma"
[1] "pc_sqexp"
[1] "pc_sqexp_raw_image_sigma"
[1] "pc_sqexp_raw_overall_1"
[1] "pc_sqexp_raw_overall_sigma"
[1] "pc_sqexp_norm_image_sigma"
[1] "pc_sqexp_norm_overall_1"
[1] "pc_sqexp_norm_overall_sigma"
[1] "n sub: 10, n images per sub: 1, zero distance: 50, sigma^2: 0.5, beta: -1.1, simulation: 406"
[1] "no_corr"
[1] "pc_exp"
[1] "pc_exp_raw_image_sigma"
[1] "pc_exp_raw_overall_1"
[1] "pc_exp_raw_overall_sigma"
[1] "pc_exp_norm_image_sigma"
[1] "pc_exp_norm_overall_1"
[1] "pc_exp_norm_overall_sigma"
[1] "pc_sqexp"
[1] "pc_sqexp_raw_image_sigma"
[1] "pc_sqexp_raw_overall_1"
[1] "pc_sqexp_raw_overall_sigma"
[1] "pc_sqexp_norm_image_sigma"
[1] "pc_sqexp_norm_overall_1"
[1] "pc_sqexp_norm_overall_sigma"
[1] "n sub: 10, n images per sub: 1, zero distance: 50, sigma^2: 1, beta: -1.1, simulation: 406"
[1] "no_corr"
[1] "pc_exp"
