 [1] 13528 13529 13530 13531 13532 13533 13534 13535 13536 13537 13538 13539
[13] 13540 13541 13542 13543 13544 13545 13546 13547 13548 13549 13550 13551
[25] 13552 13553 13554
[1] "n sub: 50, n images per sub: 5, sigma^2: 2, beta: -1.1, simulation: 10"
[1] "n sub: 50, n images per sub: 5, sigma^2: 1, beta: -1.1, simulation: 10"
[1] "n sub: 50, n images per sub: 5, sigma^2: 0.5, beta: -1.1, simulation: 10"
[1] "n sub: 50, n images per sub: 5, sigma^2: 2, beta: -1.1, simulation: 11"
[1] "n sub: 50, n images per sub: 5, sigma^2: 0.5, beta: -1.1, simulation: 11"
[1] "n sub: 50, n images per sub: 5, sigma^2: 1, beta: -1.1, simulation: 11"
[1] "n sub: 50, n images per sub: 5, sigma^2: 2, beta: -1.1, simulation: 12"
[1] "n sub: 50, n images per sub: 5, sigma^2: 1, beta: -1.1, simulation: 12"
[1] "n sub: 50, n images per sub: 5, sigma^2: 0.5, beta: -1.1, simulation: 12"
[1] "n sub: 50, n images per sub: 5, sigma^2: 2, beta: -1.1, simulation: 13"
[1] "n sub: 50, n images per sub: 5, sigma^2: 1, beta: -1.1, simulation: 13"
[1] "n sub: 50, n images per sub: 5, sigma^2: 0.5, beta: -1.1, simulation: 13"
[1] "n sub: 50, n images per sub: 5, sigma^2: 2, beta: -1.1, simulation: 14"
[1] "n sub: 50, n images per sub: 5, sigma^2: 1, beta: -1.1, simulation: 14"
[1] "n sub: 50, n images per sub: 5, sigma^2: 0.5, beta: -1.1, simulation: 14"
[1] "n sub: 50, n images per sub: 5, sigma^2: 2, beta: -1.1, simulation: 15"
[1] "n sub: 50, n images per sub: 5, sigma^2: 1, beta: -1.1, simulation: 15"
[1] "n sub: 50, n images per sub: 5, sigma^2: 0.5, beta: -1.1, simulation: 15"
[1] "n sub: 50, n images per sub: 5, sigma^2: 2, beta: -1.1, simulation: 16"
[1] "n sub: 50, n images per sub: 5, sigma^2: 1, beta: -1.1, simulation: 16"
[1] "n sub: 50, n images per sub: 5, sigma^2: 0.5, beta: -1.1, simulation: 16"
[1] "n sub: 50, n images per sub: 5, sigma^2: 2, beta: -1.1, simulation: 17"
[1] "n sub: 50, n images per sub: 5, sigma^2: 1, beta: -1.1, simulation: 17"
[1] "n sub: 50, n images per sub: 5, sigma^2: 0.5, beta: -1.1, simulation: 17"
[1] "n sub: 50, n images per sub: 5, sigma^2: 2, beta: -1.1, simulation: 18"
[1] "n sub: 50, n images per sub: 5, sigma^2: 1, beta: -1.1, simulation: 18"
[1] "n sub: 50, n images per sub: 5, sigma^2: 0.5, beta: -1.1, simulation: 18"
