 [1] 14986 14987 14988 14989 14990 14991 14992 14993 14994 14995 14996 14997
[13] 14998 14999 15000 15001 15002 15003 15004 15005 15006 15007 15008 15009
[25] 15010 15011 15012
[1] "n sub: 50, n images per sub: 5, sigma^2: 0.5, beta: 0, simulation: 96"
[1] "n sub: 50, n images per sub: 5, sigma^2: 2, beta: 0, simulation: 96"
[1] "n sub: 50, n images per sub: 5, sigma^2: 1, beta: 0, simulation: 96"
[1] "n sub: 50, n images per sub: 5, sigma^2: 0.5, beta: 0, simulation: 97"
[1] "n sub: 50, n images per sub: 5, sigma^2: 2, beta: 0, simulation: 97"
[1] "n sub: 50, n images per sub: 5, sigma^2: 1, beta: 0, simulation: 97"
[1] "n sub: 50, n images per sub: 5, sigma^2: 0.5, beta: 0, simulation: 98"
[1] "n sub: 50, n images per sub: 5, sigma^2: 2, beta: 0, simulation: 98"
[1] "n sub: 50, n images per sub: 5, sigma^2: 1, beta: 0, simulation: 98"
[1] "n sub: 50, n images per sub: 5, sigma^2: 0.5, beta: 0, simulation: 99"
[1] "n sub: 50, n images per sub: 5, sigma^2: 1, beta: 0, simulation: 99"
[1] "n sub: 50, n images per sub: 5, sigma^2: 2, beta: 0, simulation: 99"
[1] "n sub: 50, n images per sub: 5, sigma^2: 0.5, beta: 0, simulation: 100"
[1] "n sub: 50, n images per sub: 5, sigma^2: 2, beta: 0, simulation: 100"
[1] "n sub: 50, n images per sub: 5, sigma^2: 1, beta: 0, simulation: 100"
[1] "n sub: 50, n images per sub: 5, sigma^2: 2, beta: 0.22, simulation: 1"
[1] "n sub: 50, n images per sub: 5, sigma^2: 1, beta: 0.22, simulation: 1"
[1] "n sub: 50, n images per sub: 5, sigma^2: 0.5, beta: 0.22, simulation: 1"
[1] "n sub: 50, n images per sub: 5, sigma^2: 2, beta: 0.22, simulation: 2"
[1] "n sub: 50, n images per sub: 5, sigma^2: 1, beta: 0.22, simulation: 2"
[1] "n sub: 50, n images per sub: 5, sigma^2: 0.5, beta: 0.22, simulation: 2"
[1] "n sub: 50, n images per sub: 5, sigma^2: 2, beta: 0.22, simulation: 3"
[1] "n sub: 50, n images per sub: 5, sigma^2: 1, beta: 0.22, simulation: 3"
[1] "n sub: 50, n images per sub: 5, sigma^2: 0.5, beta: 0.22, simulation: 3"
[1] "n sub: 50, n images per sub: 5, sigma^2: 2, beta: 0.22, simulation: 4"
[1] "n sub: 50, n images per sub: 5, sigma^2: 1, beta: 0.22, simulation: 4"
[1] "n sub: 50, n images per sub: 5, sigma^2: 0.5, beta: 0.22, simulation: 4"
