  [1] 8101 8102 8103 8104 8105 8106 8107 8108 8109 8110 8111 8112 8113 8114 8115
 [16] 8116 8117 8118 8119 8120 8121 8122 8123 8124 8125 8126 8127 8128 8129 8130
 [31] 8131 8132 8133 8134 8135 8136 8137 8138 8139 8140 8141 8142 8143 8144 8145
 [46] 8146 8147 8148 8149 8150 8151 8152 8153 8154 8155 8156 8157 8158 8159 8160
 [61] 8161 8162 8163 8164 8165 8166 8167 8168 8169 8170 8171 8172 8173 8174 8175
 [76] 8176 8177 8178 8179 8180 8181 8182 8183 8184 8185 8186 8187 8188 8189 8190
 [91] 8191 8192 8193 8194 8195 8196 8197 8198 8199 8200 8201 8202 8203 8204 8205
[106] 8206 8207 8208
[1] "n sub: 10, n images per sub: 5, sigma^2: 0.5, beta: -1.1, simulation: 1"
[1] "n sub: 10, n images per sub: 5, sigma^2: 1, beta: -1.1, simulation: 1"
[1] "n sub: 10, n images per sub: 5, sigma^2: 2, beta: -1.1, simulation: 1"
[1] "n sub: 10, n images per sub: 5, sigma^2: 0.5, beta: -1.1, simulation: 2"
[1] "n sub: 10, n images per sub: 5, sigma^2: 1, beta: -1.1, simulation: 2"
[1] "n sub: 10, n images per sub: 5, sigma^2: 2, beta: -1.1, simulation: 2"
[1] "n sub: 10, n images per sub: 5, sigma^2: 0.5, beta: -1.1, simulation: 3"
[1] "n sub: 10, n images per sub: 5, sigma^2: 1, beta: -1.1, simulation: 3"
[1] "n sub: 10, n images per sub: 5, sigma^2: 2, beta: -1.1, simulation: 3"
[1] "n sub: 10, n images per sub: 5, sigma^2: 0.5, beta: -1.1, simulation: 4"
[1] "n sub: 10, n images per sub: 5, sigma^2: 1, beta: -1.1, simulation: 4"
[1] "n sub: 10, n images per sub: 5, sigma^2: 2, beta: -1.1, simulation: 4"
[1] "n sub: 10, n images per sub: 5, sigma^2: 0.5, beta: -1.1, simulation: 5"
[1] "n sub: 10, n images per sub: 5, sigma^2: 1, beta: -1.1, simulation: 5"
[1] "n sub: 10, n images per sub: 5, sigma^2: 2, beta: -1.1, simulation: 5"
[1] "n sub: 10, n images per sub: 5, sigma^2: 0.5, beta: -1.1, simulation: 6"
[1] "n sub: 10, n images per sub: 5, sigma^2: 1, beta: -1.1, simulation: 6"
[1] "n sub: 10, n images per sub: 5, sigma^2: 2, beta: -1.1, simulation: 6"
[1] "n sub: 10, n images per sub: 5, sigma^2: 0.5, beta: -1.1, simulation: 7"
[1] "n sub: 10, n images per sub: 5, sigma^2: 1, beta: -1.1, simulation: 7"
[1] "n sub: 10, n images per sub: 5, sigma^2: 2, beta: -1.1, simulation: 7"
[1] "n sub: 10, n images per sub: 5, sigma^2: 0.5, beta: -1.1, simulation: 8"
[1] "n sub: 10, n images per sub: 5, sigma^2: 1, beta: -1.1, simulation: 8"
[1] "n sub: 10, n images per sub: 5, sigma^2: 2, beta: -1.1, simulation: 8"
[1] "n sub: 10, n images per sub: 5, sigma^2: 0.5, beta: -1.1, simulation: 9"
[1] "n sub: 10, n images per sub: 5, sigma^2: 1, beta: -1.1, simulation: 9"
[1] "n sub: 10, n images per sub: 5, sigma^2: 2, beta: -1.1, simulation: 9"
[1] "n sub: 10, n images per sub: 5, sigma^2: 2, beta: -1.1, simulation: 10"
[1] "n sub: 10, n images per sub: 5, sigma^2: 1, beta: -1.1, simulation: 10"
[1] "n sub: 10, n images per sub: 5, sigma^2: 0.5, beta: -1.1, simulation: 10"
[1] "n sub: 10, n images per sub: 5, sigma^2: 2, beta: -1.1, simulation: 11"
[1] "n sub: 10, n images per sub: 5, sigma^2: 0.5, beta: -1.1, simulation: 11"
[1] "n sub: 10, n images per sub: 5, sigma^2: 1, beta: -1.1, simulation: 11"
[1] "n sub: 10, n images per sub: 5, sigma^2: 2, beta: -1.1, simulation: 12"
[1] "n sub: 10, n images per sub: 5, sigma^2: 1, beta: -1.1, simulation: 12"
[1] "n sub: 10, n images per sub: 5, sigma^2: 0.5, beta: -1.1, simulation: 12"
[1] "n sub: 10, n images per sub: 5, sigma^2: 2, beta: -1.1, simulation: 13"
[1] "n sub: 10, n images per sub: 5, sigma^2: 1, beta: -1.1, simulation: 13"
[1] "n sub: 10, n images per sub: 5, sigma^2: 0.5, beta: -1.1, simulation: 13"
[1] "n sub: 10, n images per sub: 5, sigma^2: 2, beta: -1.1, simulation: 14"
[1] "n sub: 10, n images per sub: 5, sigma^2: 1, beta: -1.1, simulation: 14"
[1] "n sub: 10, n images per sub: 5, sigma^2: 0.5, beta: -1.1, simulation: 14"
[1] "n sub: 10, n images per sub: 5, sigma^2: 2, beta: -1.1, simulation: 15"
[1] "n sub: 10, n images per sub: 5, sigma^2: 1, beta: -1.1, simulation: 15"
[1] "n sub: 10, n images per sub: 5, sigma^2: 0.5, beta: -1.1, simulation: 15"
[1] "n sub: 10, n images per sub: 5, sigma^2: 2, beta: -1.1, simulation: 16"
[1] "n sub: 10, n images per sub: 5, sigma^2: 1, beta: -1.1, simulation: 16"
[1] "n sub: 10, n images per sub: 5, sigma^2: 0.5, beta: -1.1, simulation: 16"
[1] "n sub: 10, n images per sub: 5, sigma^2: 2, beta: -1.1, simulation: 17"
[1] "n sub: 10, n images per sub: 5, sigma^2: 1, beta: -1.1, simulation: 17"
[1] "n sub: 10, n images per sub: 5, sigma^2: 0.5, beta: -1.1, simulation: 17"
[1] "n sub: 10, n images per sub: 5, sigma^2: 2, beta: -1.1, simulation: 18"
[1] "n sub: 10, n images per sub: 5, sigma^2: 1, beta: -1.1, simulation: 18"
[1] "n sub: 10, n images per sub: 5, sigma^2: 0.5, beta: -1.1, simulation: 18"
[1] "n sub: 10, n images per sub: 5, sigma^2: 2, beta: -1.1, simulation: 19"
[1] "n sub: 10, n images per sub: 5, sigma^2: 1, beta: -1.1, simulation: 19"
[1] "n sub: 10, n images per sub: 5, sigma^2: 0.5, beta: -1.1, simulation: 19"
[1] "n sub: 10, n images per sub: 5, sigma^2: 2, beta: -1.1, simulation: 20"
[1] "n sub: 10, n images per sub: 5, sigma^2: 1, beta: -1.1, simulation: 20"
[1] "n sub: 10, n images per sub: 5, sigma^2: 0.5, beta: -1.1, simulation: 20"
[1] "n sub: 10, n images per sub: 5, sigma^2: 2, beta: -1.1, simulation: 21"
[1] "n sub: 10, n images per sub: 5, sigma^2: 1, beta: -1.1, simulation: 21"
[1] "n sub: 10, n images per sub: 5, sigma^2: 0.5, beta: -1.1, simulation: 21"
[1] "n sub: 10, n images per sub: 5, sigma^2: 0.5, beta: -1.1, simulation: 22"
[1] "n sub: 10, n images per sub: 5, sigma^2: 1, beta: -1.1, simulation: 22"
[1] "n sub: 10, n images per sub: 5, sigma^2: 2, beta: -1.1, simulation: 22"
[1] "n sub: 10, n images per sub: 5, sigma^2: 0.5, beta: -1.1, simulation: 23"
[1] "n sub: 10, n images per sub: 5, sigma^2: 1, beta: -1.1, simulation: 23"
[1] "n sub: 10, n images per sub: 5, sigma^2: 2, beta: -1.1, simulation: 23"
[1] "n sub: 10, n images per sub: 5, sigma^2: 0.5, beta: -1.1, simulation: 24"
[1] "n sub: 10, n images per sub: 5, sigma^2: 1, beta: -1.1, simulation: 24"
[1] "n sub: 10, n images per sub: 5, sigma^2: 2, beta: -1.1, simulation: 24"
[1] "n sub: 10, n images per sub: 5, sigma^2: 0.5, beta: -1.1, simulation: 25"
[1] "n sub: 10, n images per sub: 5, sigma^2: 1, beta: -1.1, simulation: 25"
[1] "n sub: 10, n images per sub: 5, sigma^2: 2, beta: -1.1, simulation: 25"
[1] "n sub: 10, n images per sub: 5, sigma^2: 0.5, beta: -1.1, simulation: 26"
[1] "n sub: 10, n images per sub: 5, sigma^2: 1, beta: -1.1, simulation: 26"
[1] "n sub: 10, n images per sub: 5, sigma^2: 2, beta: -1.1, simulation: 26"
[1] "n sub: 10, n images per sub: 5, sigma^2: 0.5, beta: -1.1, simulation: 27"
[1] "n sub: 10, n images per sub: 5, sigma^2: 1, beta: -1.1, simulation: 27"
[1] "n sub: 10, n images per sub: 5, sigma^2: 2, beta: -1.1, simulation: 27"
[1] "n sub: 10, n images per sub: 5, sigma^2: 0.5, beta: -1.1, simulation: 28"
[1] "n sub: 10, n images per sub: 5, sigma^2: 1, beta: -1.1, simulation: 28"
[1] "n sub: 10, n images per sub: 5, sigma^2: 2, beta: -1.1, simulation: 28"
[1] "n sub: 10, n images per sub: 5, sigma^2: 0.5, beta: -1.1, simulation: 29"
[1] "n sub: 10, n images per sub: 5, sigma^2: 1, beta: -1.1, simulation: 29"
[1] "n sub: 10, n images per sub: 5, sigma^2: 2, beta: -1.1, simulation: 29"
[1] "n sub: 10, n images per sub: 5, sigma^2: 2, beta: -1.1, simulation: 30"
[1] "n sub: 10, n images per sub: 5, sigma^2: 1, beta: -1.1, simulation: 30"
[1] "n sub: 10, n images per sub: 5, sigma^2: 0.5, beta: -1.1, simulation: 30"
[1] "n sub: 10, n images per sub: 5, sigma^2: 2, beta: -1.1, simulation: 31"
[1] "n sub: 10, n images per sub: 5, sigma^2: 1, beta: -1.1, simulation: 31"
[1] "n sub: 10, n images per sub: 5, sigma^2: 0.5, beta: -1.1, simulation: 31"
[1] "n sub: 10, n images per sub: 5, sigma^2: 2, beta: -1.1, simulation: 32"
[1] "n sub: 10, n images per sub: 5, sigma^2: 1, beta: -1.1, simulation: 32"
[1] "n sub: 10, n images per sub: 5, sigma^2: 0.5, beta: -1.1, simulation: 32"
[1] "n sub: 10, n images per sub: 5, sigma^2: 2, beta: -1.1, simulation: 33"
[1] "n sub: 10, n images per sub: 5, sigma^2: 1, beta: -1.1, simulation: 33"
[1] "n sub: 10, n images per sub: 5, sigma^2: 0.5, beta: -1.1, simulation: 33"
[1] "n sub: 10, n images per sub: 5, sigma^2: 2, beta: -1.1, simulation: 34"
[1] "n sub: 10, n images per sub: 5, sigma^2: 1, beta: -1.1, simulation: 34"
[1] "n sub: 10, n images per sub: 5, sigma^2: 0.5, beta: -1.1, simulation: 34"
[1] "n sub: 10, n images per sub: 5, sigma^2: 2, beta: -1.1, simulation: 35"
[1] "n sub: 10, n images per sub: 5, sigma^2: 1, beta: -1.1, simulation: 35"
[1] "n sub: 10, n images per sub: 5, sigma^2: 0.5, beta: -1.1, simulation: 35"
[1] "n sub: 10, n images per sub: 5, sigma^2: 2, beta: -1.1, simulation: 36"
[1] "n sub: 10, n images per sub: 5, sigma^2: 1, beta: -1.1, simulation: 36"
[1] "n sub: 10, n images per sub: 5, sigma^2: 0.5, beta: -1.1, simulation: 36"
