 [1] 14743 14744 14745 14746 14747 14748 14749 14750 14751 14752 14753 14754
[13] 14755 14756 14757 14758 14759 14760 14761 14762 14763 14764 14765 14766
[25] 14767 14768 14769
[1] "n sub: 50, n images per sub: 5, sigma^2: 0.5, beta: 0, simulation: 15"
[1] "n sub: 50, n images per sub: 5, sigma^2: 2, beta: 0, simulation: 15"
[1] "n sub: 50, n images per sub: 5, sigma^2: 1, beta: 0, simulation: 15"
[1] "n sub: 50, n images per sub: 5, sigma^2: 0.5, beta: 0, simulation: 16"
[1] "n sub: 50, n images per sub: 5, sigma^2: 2, beta: 0, simulation: 16"
[1] "n sub: 50, n images per sub: 5, sigma^2: 1, beta: 0, simulation: 16"
[1] "n sub: 50, n images per sub: 5, sigma^2: 0.5, beta: 0, simulation: 17"
[1] "n sub: 50, n images per sub: 5, sigma^2: 1, beta: 0, simulation: 17"
[1] "n sub: 50, n images per sub: 5, sigma^2: 2, beta: 0, simulation: 17"
[1] "n sub: 50, n images per sub: 5, sigma^2: 0.5, beta: 0, simulation: 18"
[1] "n sub: 50, n images per sub: 5, sigma^2: 2, beta: 0, simulation: 18"
[1] "n sub: 50, n images per sub: 5, sigma^2: 1, beta: 0, simulation: 18"
[1] "n sub: 50, n images per sub: 5, sigma^2: 0.5, beta: 0, simulation: 19"
[1] "n sub: 50, n images per sub: 5, sigma^2: 2, beta: 0, simulation: 19"
[1] "n sub: 50, n images per sub: 5, sigma^2: 1, beta: 0, simulation: 19"
[1] "n sub: 50, n images per sub: 5, sigma^2: 0.5, beta: 0, simulation: 20"
[1] "n sub: 50, n images per sub: 5, sigma^2: 2, beta: 0, simulation: 20"
[1] "n sub: 50, n images per sub: 5, sigma^2: 1, beta: 0, simulation: 20"
[1] "n sub: 50, n images per sub: 5, sigma^2: 0.5, beta: 0, simulation: 21"
[1] "n sub: 50, n images per sub: 5, sigma^2: 2, beta: 0, simulation: 21"
[1] "n sub: 50, n images per sub: 5, sigma^2: 1, beta: 0, simulation: 21"
[1] "n sub: 50, n images per sub: 5, sigma^2: 0.5, beta: 0, simulation: 22"
[1] "n sub: 50, n images per sub: 5, sigma^2: 2, beta: 0, simulation: 22"
[1] "n sub: 50, n images per sub: 5, sigma^2: 1, beta: 0, simulation: 22"
[1] "n sub: 50, n images per sub: 5, sigma^2: 0.5, beta: 0, simulation: 23"
[1] "n sub: 50, n images per sub: 5, sigma^2: 2, beta: 0, simulation: 23"
[1] "n sub: 50, n images per sub: 5, sigma^2: 1, beta: 0, simulation: 23"
