 [1] 15121 15122 15123 15124 15125 15126 15127 15128 15129 15130 15131 15132
[13] 15133 15134 15135 15136 15137 15138 15139 15140 15141 15142 15143 15144
[25] 15145 15146 15147
[1] "n sub: 50, n images per sub: 5, sigma^2: 2, beta: 0.22, simulation: 41"
[1] "n sub: 50, n images per sub: 5, sigma^2: 1, beta: 0.22, simulation: 41"
[1] "n sub: 50, n images per sub: 5, sigma^2: 0.5, beta: 0.22, simulation: 41"
[1] "n sub: 50, n images per sub: 5, sigma^2: 2, beta: 0.22, simulation: 42"
[1] "n sub: 50, n images per sub: 5, sigma^2: 1, beta: 0.22, simulation: 42"
[1] "n sub: 50, n images per sub: 5, sigma^2: 0.5, beta: 0.22, simulation: 42"
[1] "n sub: 50, n images per sub: 5, sigma^2: 2, beta: 0.22, simulation: 43"
[1] "n sub: 50, n images per sub: 5, sigma^2: 1, beta: 0.22, simulation: 43"
[1] "n sub: 50, n images per sub: 5, sigma^2: 0.5, beta: 0.22, simulation: 43"
[1] "n sub: 50, n images per sub: 5, sigma^2: 2, beta: 0.22, simulation: 44"
[1] "n sub: 50, n images per sub: 5, sigma^2: 1, beta: 0.22, simulation: 44"
[1] "n sub: 50, n images per sub: 5, sigma^2: 0.5, beta: 0.22, simulation: 44"
[1] "n sub: 50, n images per sub: 5, sigma^2: 2, beta: 0.22, simulation: 45"
[1] "n sub: 50, n images per sub: 5, sigma^2: 1, beta: 0.22, simulation: 45"
[1] "n sub: 50, n images per sub: 5, sigma^2: 0.5, beta: 0.22, simulation: 45"
[1] "n sub: 50, n images per sub: 5, sigma^2: 2, beta: 0.22, simulation: 46"
[1] "n sub: 50, n images per sub: 5, sigma^2: 1, beta: 0.22, simulation: 46"
[1] "n sub: 50, n images per sub: 5, sigma^2: 0.5, beta: 0.22, simulation: 46"
[1] "n sub: 50, n images per sub: 5, sigma^2: 2, beta: 0.22, simulation: 47"
[1] "n sub: 50, n images per sub: 5, sigma^2: 1, beta: 0.22, simulation: 47"
[1] "n sub: 50, n images per sub: 5, sigma^2: 0.5, beta: 0.22, simulation: 47"
[1] "n sub: 50, n images per sub: 5, sigma^2: 2, beta: 0.22, simulation: 48"
[1] "n sub: 50, n images per sub: 5, sigma^2: 1, beta: 0.22, simulation: 48"
[1] "n sub: 50, n images per sub: 5, sigma^2: 0.5, beta: 0.22, simulation: 48"
[1] "n sub: 50, n images per sub: 5, sigma^2: 2, beta: 0.22, simulation: 49"
[1] "n sub: 50, n images per sub: 5, sigma^2: 1, beta: 0.22, simulation: 49"
[1] "n sub: 50, n images per sub: 5, sigma^2: 0.5, beta: 0.22, simulation: 49"
