 [1] 12853 12854 12855 12856 12857 12858 12859 12860 12861 12862 12863 12864
[13] 12865 12866 12867 12868 12869 12870 12871 12872 12873 12874 12875 12876
[25] 12877 12878 12879 12880 12881 12882 12883 12884 12885 12886 12887 12888
[37] 12889 12890 12891 12892 12893 12894 12895 12896 12897 12898 12899 12900
[49] 12901 12902 12903 12904 12905 12906
[1] "n sub: 30, n images per sub: 5, sigma^2: 1, beta: 0.41, simulation: 85"
[1] "n sub: 30, n images per sub: 5, sigma^2: 0.5, beta: 0.41, simulation: 85"
[1] "n sub: 30, n images per sub: 5, sigma^2: 2, beta: 0.41, simulation: 85"
[1] "n sub: 30, n images per sub: 5, sigma^2: 1, beta: 0.41, simulation: 86"
[1] "n sub: 30, n images per sub: 5, sigma^2: 0.5, beta: 0.41, simulation: 86"
[1] "n sub: 30, n images per sub: 5, sigma^2: 2, beta: 0.41, simulation: 86"
[1] "n sub: 30, n images per sub: 5, sigma^2: 1, beta: 0.41, simulation: 87"
[1] "n sub: 30, n images per sub: 5, sigma^2: 0.5, beta: 0.41, simulation: 87"
[1] "n sub: 30, n images per sub: 5, sigma^2: 2, beta: 0.41, simulation: 87"
[1] "n sub: 30, n images per sub: 5, sigma^2: 1, beta: 0.41, simulation: 88"
[1] "n sub: 30, n images per sub: 5, sigma^2: 0.5, beta: 0.41, simulation: 88"
[1] "n sub: 30, n images per sub: 5, sigma^2: 2, beta: 0.41, simulation: 88"
[1] "n sub: 30, n images per sub: 5, sigma^2: 1, beta: 0.41, simulation: 89"
[1] "n sub: 30, n images per sub: 5, sigma^2: 0.5, beta: 0.41, simulation: 89"
[1] "n sub: 30, n images per sub: 5, sigma^2: 2, beta: 0.41, simulation: 89"
[1] "n sub: 30, n images per sub: 5, sigma^2: 1, beta: 0.41, simulation: 90"
[1] "n sub: 30, n images per sub: 5, sigma^2: 0.5, beta: 0.41, simulation: 90"
[1] "n sub: 30, n images per sub: 5, sigma^2: 2, beta: 0.41, simulation: 90"
[1] "n sub: 30, n images per sub: 5, sigma^2: 1, beta: 0.41, simulation: 91"
[1] "n sub: 30, n images per sub: 5, sigma^2: 0.5, beta: 0.41, simulation: 91"
[1] "n sub: 30, n images per sub: 5, sigma^2: 2, beta: 0.41, simulation: 91"
[1] "n sub: 30, n images per sub: 5, sigma^2: 1, beta: 0.41, simulation: 92"
[1] "n sub: 30, n images per sub: 5, sigma^2: 0.5, beta: 0.41, simulation: 92"
[1] "n sub: 30, n images per sub: 5, sigma^2: 2, beta: 0.41, simulation: 92"
[1] "n sub: 30, n images per sub: 5, sigma^2: 0.5, beta: 0.41, simulation: 93"
[1] "n sub: 30, n images per sub: 5, sigma^2: 1, beta: 0.41, simulation: 93"
[1] "n sub: 30, n images per sub: 5, sigma^2: 2, beta: 0.41, simulation: 93"
[1] "n sub: 30, n images per sub: 5, sigma^2: 1, beta: 0.41, simulation: 94"
[1] "n sub: 30, n images per sub: 5, sigma^2: 0.5, beta: 0.41, simulation: 94"
[1] "n sub: 30, n images per sub: 5, sigma^2: 2, beta: 0.41, simulation: 94"
[1] "n sub: 30, n images per sub: 5, sigma^2: 0.5, beta: 0.41, simulation: 95"
[1] "n sub: 30, n images per sub: 5, sigma^2: 1, beta: 0.41, simulation: 95"
[1] "n sub: 30, n images per sub: 5, sigma^2: 2, beta: 0.41, simulation: 95"
[1] "n sub: 30, n images per sub: 5, sigma^2: 1, beta: 0.41, simulation: 96"
[1] "n sub: 30, n images per sub: 5, sigma^2: 0.5, beta: 0.41, simulation: 96"
[1] "n sub: 30, n images per sub: 5, sigma^2: 2, beta: 0.41, simulation: 96"
[1] "n sub: 30, n images per sub: 5, sigma^2: 0.5, beta: 0.41, simulation: 97"
[1] "n sub: 30, n images per sub: 5, sigma^2: 1, beta: 0.41, simulation: 97"
[1] "n sub: 30, n images per sub: 5, sigma^2: 2, beta: 0.41, simulation: 97"
[1] "n sub: 30, n images per sub: 5, sigma^2: 0.5, beta: 0.41, simulation: 98"
[1] "n sub: 30, n images per sub: 5, sigma^2: 1, beta: 0.41, simulation: 98"
[1] "n sub: 30, n images per sub: 5, sigma^2: 2, beta: 0.41, simulation: 98"
[1] "n sub: 30, n images per sub: 5, sigma^2: 0.5, beta: 0.41, simulation: 99"
[1] "n sub: 30, n images per sub: 5, sigma^2: 1, beta: 0.41, simulation: 99"
[1] "n sub: 30, n images per sub: 5, sigma^2: 2, beta: 0.41, simulation: 99"
[1] "n sub: 30, n images per sub: 5, sigma^2: 0.5, beta: 0.41, simulation: 100"
[1] "n sub: 30, n images per sub: 5, sigma^2: 1, beta: 0.41, simulation: 100"
[1] "n sub: 30, n images per sub: 5, sigma^2: 2, beta: 0.41, simulation: 100"
[1] "n sub: 30, n images per sub: 5, sigma^2: 2, beta: 0.69, simulation: 1"
[1] "n sub: 30, n images per sub: 5, sigma^2: 1, beta: 0.69, simulation: 1"
[1] "n sub: 30, n images per sub: 5, sigma^2: 0.5, beta: 0.69, simulation: 1"
[1] "n sub: 30, n images per sub: 5, sigma^2: 2, beta: 0.69, simulation: 2"
[1] "n sub: 30, n images per sub: 5, sigma^2: 1, beta: 0.69, simulation: 2"
[1] "n sub: 30, n images per sub: 5, sigma^2: 0.5, beta: 0.69, simulation: 2"
