 [1] 13582 13583 13584 13585 13586 13587 13588 13589 13590 13591 13592 13593
[13] 13594 13595 13596 13597 13598 13599 13600 13601 13602 13603 13604 13605
[25] 13606 13607 13608
[1] "n sub: 50, n images per sub: 5, sigma^2: 0.5, beta: -1.1, simulation: 28"
[1] "n sub: 50, n images per sub: 5, sigma^2: 1, beta: -1.1, simulation: 28"
[1] "n sub: 50, n images per sub: 5, sigma^2: 2, beta: -1.1, simulation: 28"
[1] "n sub: 50, n images per sub: 5, sigma^2: 2, beta: -1.1, simulation: 29"
[1] "n sub: 50, n images per sub: 5, sigma^2: 0.5, beta: -1.1, simulation: 29"
[1] "n sub: 50, n images per sub: 5, sigma^2: 1, beta: -1.1, simulation: 29"
[1] "n sub: 50, n images per sub: 5, sigma^2: 2, beta: -1.1, simulation: 30"
[1] "n sub: 50, n images per sub: 5, sigma^2: 1, beta: -1.1, simulation: 30"
[1] "n sub: 50, n images per sub: 5, sigma^2: 0.5, beta: -1.1, simulation: 30"
[1] "n sub: 50, n images per sub: 5, sigma^2: 2, beta: -1.1, simulation: 31"
[1] "n sub: 50, n images per sub: 5, sigma^2: 0.5, beta: -1.1, simulation: 31"
[1] "n sub: 50, n images per sub: 5, sigma^2: 1, beta: -1.1, simulation: 31"
[1] "n sub: 50, n images per sub: 5, sigma^2: 2, beta: -1.1, simulation: 32"
[1] "n sub: 50, n images per sub: 5, sigma^2: 1, beta: -1.1, simulation: 32"
[1] "n sub: 50, n images per sub: 5, sigma^2: 0.5, beta: -1.1, simulation: 32"
[1] "n sub: 50, n images per sub: 5, sigma^2: 2, beta: -1.1, simulation: 33"
[1] "n sub: 50, n images per sub: 5, sigma^2: 1, beta: -1.1, simulation: 33"
[1] "n sub: 50, n images per sub: 5, sigma^2: 0.5, beta: -1.1, simulation: 33"
[1] "n sub: 50, n images per sub: 5, sigma^2: 2, beta: -1.1, simulation: 34"
[1] "n sub: 50, n images per sub: 5, sigma^2: 1, beta: -1.1, simulation: 34"
[1] "n sub: 50, n images per sub: 5, sigma^2: 0.5, beta: -1.1, simulation: 34"
[1] "n sub: 50, n images per sub: 5, sigma^2: 2, beta: -1.1, simulation: 35"
[1] "n sub: 50, n images per sub: 5, sigma^2: 1, beta: -1.1, simulation: 35"
[1] "n sub: 50, n images per sub: 5, sigma^2: 0.5, beta: -1.1, simulation: 35"
[1] "n sub: 50, n images per sub: 5, sigma^2: 2, beta: -1.1, simulation: 36"
[1] "n sub: 50, n images per sub: 5, sigma^2: 1, beta: -1.1, simulation: 36"
[1] "n sub: 50, n images per sub: 5, sigma^2: 0.5, beta: -1.1, simulation: 36"
