 [1] 14473 14474 14475 14476 14477 14478 14479 14480 14481 14482 14483 14484
[13] 14485 14486 14487 14488 14489 14490 14491 14492 14493 14494 14495 14496
[25] 14497 14498 14499
[1] "n sub: 50, n images per sub: 5, sigma^2: 2, beta: -0.22, simulation: 25"
[1] "n sub: 50, n images per sub: 5, sigma^2: 1, beta: -0.22, simulation: 25"
[1] "n sub: 50, n images per sub: 5, sigma^2: 0.5, beta: -0.22, simulation: 25"
[1] "n sub: 50, n images per sub: 5, sigma^2: 2, beta: -0.22, simulation: 26"
[1] "n sub: 50, n images per sub: 5, sigma^2: 1, beta: -0.22, simulation: 26"
[1] "n sub: 50, n images per sub: 5, sigma^2: 0.5, beta: -0.22, simulation: 26"
[1] "n sub: 50, n images per sub: 5, sigma^2: 2, beta: -0.22, simulation: 27"
[1] "n sub: 50, n images per sub: 5, sigma^2: 1, beta: -0.22, simulation: 27"
[1] "n sub: 50, n images per sub: 5, sigma^2: 0.5, beta: -0.22, simulation: 27"
[1] "n sub: 50, n images per sub: 5, sigma^2: 2, beta: -0.22, simulation: 28"
[1] "n sub: 50, n images per sub: 5, sigma^2: 1, beta: -0.22, simulation: 28"
[1] "n sub: 50, n images per sub: 5, sigma^2: 0.5, beta: -0.22, simulation: 28"
[1] "n sub: 50, n images per sub: 5, sigma^2: 2, beta: -0.22, simulation: 29"
[1] "n sub: 50, n images per sub: 5, sigma^2: 1, beta: -0.22, simulation: 29"
[1] "n sub: 50, n images per sub: 5, sigma^2: 0.5, beta: -0.22, simulation: 29"
[1] "n sub: 50, n images per sub: 5, sigma^2: 2, beta: -0.22, simulation: 30"
[1] "n sub: 50, n images per sub: 5, sigma^2: 1, beta: -0.22, simulation: 30"
[1] "n sub: 50, n images per sub: 5, sigma^2: 0.5, beta: -0.22, simulation: 30"
[1] "n sub: 50, n images per sub: 5, sigma^2: 2, beta: -0.22, simulation: 31"
[1] "n sub: 50, n images per sub: 5, sigma^2: 1, beta: -0.22, simulation: 31"
[1] "n sub: 50, n images per sub: 5, sigma^2: 0.5, beta: -0.22, simulation: 31"
[1] "n sub: 50, n images per sub: 5, sigma^2: 2, beta: -0.22, simulation: 32"
[1] "n sub: 50, n images per sub: 5, sigma^2: 1, beta: -0.22, simulation: 32"
[1] "n sub: 50, n images per sub: 5, sigma^2: 0.5, beta: -0.22, simulation: 32"
[1] "n sub: 50, n images per sub: 5, sigma^2: 1, beta: -0.22, simulation: 33"
[1] "n sub: 50, n images per sub: 5, sigma^2: 2, beta: -0.22, simulation: 33"
[1] "n sub: 50, n images per sub: 5, sigma^2: 0.5, beta: -0.22, simulation: 33"
