[1] "n sub: 10, n images per sub: 1, zero distance: 100, sigma^2: 1, beta: 0.69, simulation: 734"
[1] "no_corr"
[1] "pc_exp"
[1] "pc_sqexp"
[1] "n sub: 10, n images per sub: 1, zero distance: 100, sigma^2: 0.5, beta: 0.69, simulation: 734"
[1] "no_corr"
[1] "pc_exp"
[1] "pc_sqexp"
[1] "n sub: 10, n images per sub: 1, zero distance: 100, sigma^2: 2, beta: 0.69, simulation: 735"
[1] "no_corr"
[1] "pc_exp"
[1] "pc_sqexp"
[1] "n sub: 10, n images per sub: 1, zero distance: 100, sigma^2: 1, beta: 0.69, simulation: 735"
[1] "no_corr"
[1] "pc_exp"
[1] "pc_sqexp"
[1] "n sub: 10, n images per sub: 1, zero distance: 100, sigma^2: 0.5, beta: 0.69, simulation: 735"
[1] "no_corr"
[1] "pc_exp"
[1] "pc_sqexp"
[1] "n sub: 10, n images per sub: 1, zero distance: 100, sigma^2: 2, beta: 0.69, simulation: 736"
[1] "no_corr"
[1] "pc_exp"
[1] "pc_sqexp"
[1] "n sub: 10, n images per sub: 1, zero distance: 100, sigma^2: 1, beta: 0.69, simulation: 736"
[1] "no_corr"
[1] "pc_exp"
[1] "pc_sqexp"
[1] "n sub: 10, n images per sub: 1, zero distance: 100, sigma^2: 0.5, beta: 0.69, simulation: 736"
[1] "no_corr"
[1] "pc_exp"
[1] "pc_sqexp"
[1] "n sub: 10, n images per sub: 1, zero distance: 100, sigma^2: 2, beta: 0.69, simulation: 737"
[1] "no_corr"
[1] "pc_exp"
[1] "pc_sqexp"
[1] "n sub: 10, n images per sub: 1, zero distance: 100, sigma^2: 1, beta: 0.69, simulation: 737"
[1] "no_corr"
[1] "pc_exp"
[1] "pc_sqexp"
[1] "n sub: 10, n images per sub: 1, zero distance: 100, sigma^2: 0.5, beta: 0.69, simulation: 737"
[1] "no_corr"
[1] "pc_exp"
[1] "pc_sqexp"
[1] "n sub: 10, n images per sub: 1, zero distance: 100, sigma^2: 2, beta: 0.69, simulation: 738"
[1] "no_corr"
[1] "pc_exp"
[1] "pc_sqexp"
[1] "n sub: 10, n images per sub: 1, zero distance: 100, sigma^2: 1, beta: 0.69, simulation: 738"
[1] "no_corr"
[1] "pc_exp"
[1] "pc_sqexp"
[1] "n sub: 10, n images per sub: 1, zero distance: 100, sigma^2: 0.5, beta: 0.69, simulation: 738"
[1] "no_corr"
[1] "pc_exp"
[1] "pc_sqexp"
[1] "n sub: 10, n images per sub: 1, zero distance: 100, sigma^2: 2, beta: 0.69, simulation: 739"
[1] "no_corr"
[1] "pc_exp"
[1] "pc_sqexp"
[1] "n sub: 10, n images per sub: 1, zero distance: 100, sigma^2: 1, beta: 0.69, simulation: 739"
[1] "no_corr"
[1] "pc_exp"
[1] "pc_sqexp"
[1] "n sub: 10, n images per sub: 1, zero distance: 100, sigma^2: 0.5, beta: 0.69, simulation: 739"
[1] "no_corr"
[1] "pc_exp"
[1] "pc_sqexp"
[1] "n sub: 10, n images per sub: 1, zero distance: 100, sigma^2: 2, beta: 0.69, simulation: 740"
[1] "no_corr"
[1] "pc_exp"
[1] "pc_sqexp"
[1] "n sub: 10, n images per sub: 1, zero distance: 100, sigma^2: 1, beta: 0.69, simulation: 740"
[1] "no_corr"
[1] "pc_exp"
[1] "pc_sqexp"
[1] "n sub: 10, n images per sub: 1, zero distance: 100, sigma^2: 0.5, beta: 0.69, simulation: 740"
[1] "no_corr"
[1] "pc_exp"
[1] "pc_sqexp"
[1] "n sub: 10, n images per sub: 1, zero distance: 100, sigma^2: 2, beta: 0.69, simulation: 741"
[1] "no_corr"
[1] "pc_exp"
[1] "pc_sqexp"
[1] "n sub: 10, n images per sub: 1, zero distance: 100, sigma^2: 1, beta: 0.69, simulation: 741"
[1] "no_corr"
[1] "pc_exp"
[1] "pc_sqexp"
[1] "n sub: 10, n images per sub: 1, zero distance: 100, sigma^2: 0.5, beta: 0.69, simulation: 741"
[1] "no_corr"
[1] "pc_exp"
[1] "pc_sqexp"
[1] "n sub: 10, n images per sub: 1, zero distance: 100, sigma^2: 2, beta: 0.69, simulation: 742"
[1] "no_corr"
[1] "pc_exp"
[1] "pc_sqexp"
[1] "n sub: 10, n images per sub: 1, zero distance: 100, sigma^2: 1, beta: 0.69, simulation: 742"
[1] "no_corr"
[1] "pc_exp"
[1] "pc_sqexp"
[1] "n sub: 10, n images per sub: 1, zero distance: 100, sigma^2: 0.5, beta: 0.69, simulation: 742"
[1] "no_corr"
[1] "pc_exp"
[1] "pc_sqexp"
[1] "n sub: 10, n images per sub: 1, zero distance: 100, sigma^2: 2, beta: 0.69, simulation: 743"
[1] "no_corr"
[1] "pc_exp"
[1] "pc_sqexp"
[1] "n sub: 10, n images per sub: 1, zero distance: 100, sigma^2: 1, beta: 0.69, simulation: 743"
[1] "no_corr"
[1] "pc_exp"
[1] "pc_sqexp"
[1] "n sub: 10, n images per sub: 1, zero distance: 100, sigma^2: 0.5, beta: 0.69, simulation: 743"
[1] "no_corr"
[1] "pc_exp"
[1] "pc_sqexp"
[1] "n sub: 10, n images per sub: 1, zero distance: 100, sigma^2: 2, beta: 0.69, simulation: 744"
[1] "no_corr"
[1] "pc_exp"
[1] "pc_sqexp"
[1] "n sub: 10, n images per sub: 1, zero distance: 100, sigma^2: 1, beta: 0.69, simulation: 744"
[1] "no_corr"
[1] "pc_exp"
[1] "pc_sqexp"
[1] "n sub: 10, n images per sub: 1, zero distance: 100, sigma^2: 0.5, beta: 0.69, simulation: 744"
[1] "no_corr"
[1] "pc_exp"
[1] "pc_sqexp"
[1] "n sub: 10, n images per sub: 1, zero distance: 100, sigma^2: 2, beta: 0.69, simulation: 745"
[1] "no_corr"
[1] "pc_exp"
[1] "pc_sqexp"
[1] "n sub: 10, n images per sub: 1, zero distance: 100, sigma^2: 1, beta: 0.69, simulation: 745"
[1] "no_corr"
[1] "pc_exp"
[1] "pc_sqexp"
[1] "n sub: 10, n images per sub: 1, zero distance: 100, sigma^2: 0.5, beta: 0.69, simulation: 745"
[1] "no_corr"
[1] "pc_exp"
[1] "pc_sqexp"
[1] "n sub: 10, n images per sub: 1, zero distance: 100, sigma^2: 2, beta: 0.69, simulation: 746"
[1] "no_corr"
[1] "pc_exp"
[1] "pc_sqexp"
[1] "n sub: 10, n images per sub: 1, zero distance: 100, sigma^2: 1, beta: 0.69, simulation: 746"
[1] "no_corr"
[1] "pc_exp"
[1] "pc_sqexp"
[1] "n sub: 10, n images per sub: 1, zero distance: 100, sigma^2: 0.5, beta: 0.69, simulation: 746"
[1] "no_corr"
[1] "pc_exp"
[1] "pc_sqexp"
[1] "n sub: 10, n images per sub: 1, zero distance: 100, sigma^2: 2, beta: 0.69, simulation: 747"
[1] "no_corr"
[1] "pc_exp"
[1] "pc_sqexp"
[1] "n sub: 10, n images per sub: 1, zero distance: 100, sigma^2: 1, beta: 0.69, simulation: 747"
[1] "no_corr"
[1] "pc_exp"
[1] "pc_sqexp"
[1] "n sub: 10, n images per sub: 1, zero distance: 100, sigma^2: 0.5, beta: 0.69, simulation: 747"
[1] "no_corr"
[1] "pc_exp"
[1] "pc_sqexp"
[1] "n sub: 10, n images per sub: 1, zero distance: 100, sigma^2: 2, beta: 0.69, simulation: 748"
[1] "no_corr"
[1] "pc_exp"
[1] "pc_sqexp"
[1] "n sub: 10, n images per sub: 1, zero distance: 100, sigma^2: 1, beta: 0.69, simulation: 748"
[1] "no_corr"
[1] "pc_exp"
[1] "pc_sqexp"
[1] "n sub: 10, n images per sub: 1, zero distance: 100, sigma^2: 0.5, beta: 0.69, simulation: 748"
[1] "no_corr"
[1] "pc_exp"
[1] "pc_sqexp"
[1] "n sub: 10, n images per sub: 1, zero distance: 100, sigma^2: 2, beta: 0.69, simulation: 749"
[1] "no_corr"
[1] "pc_exp"
[1] "pc_sqexp"
[1] "n sub: 10, n images per sub: 1, zero distance: 100, sigma^2: 1, beta: 0.69, simulation: 749"
[1] "no_corr"
[1] "pc_exp"
[1] "pc_sqexp"
[1] "n sub: 10, n images per sub: 1, zero distance: 100, sigma^2: 0.5, beta: 0.69, simulation: 749"
[1] "no_corr"
[1] "pc_exp"
[1] "pc_sqexp"
[1] "n sub: 10, n images per sub: 1, zero distance: 100, sigma^2: 2, beta: 0.69, simulation: 750"
[1] "no_corr"
[1] "pc_exp"
[1] "pc_sqexp"
[1] "n sub: 10, n images per sub: 1, zero distance: 100, sigma^2: 1, beta: 0.69, simulation: 750"
[1] "no_corr"
[1] "pc_exp"
[1] "pc_sqexp"
[1] "n sub: 10, n images per sub: 1, zero distance: 100, sigma^2: 0.5, beta: 0.69, simulation: 750"
[1] "no_corr"
[1] "pc_exp"
[1] "pc_sqexp"
[1] "n sub: 10, n images per sub: 1, zero distance: 100, sigma^2: 2, beta: 0.69, simulation: 751"
[1] "no_corr"
[1] "pc_exp"
[1] "pc_sqexp"
[1] "n sub: 10, n images per sub: 1, zero distance: 100, sigma^2: 1, beta: 0.69, simulation: 751"
[1] "no_corr"
[1] "pc_exp"
[1] "pc_sqexp"
[1] "n sub: 10, n images per sub: 1, zero distance: 100, sigma^2: 0.5, beta: 0.69, simulation: 751"
[1] "no_corr"
[1] "pc_exp"
[1] "pc_sqexp"
[1] "n sub: 10, n images per sub: 1, zero distance: 100, sigma^2: 2, beta: 0.69, simulation: 752"
[1] "no_corr"
[1] "pc_exp"
[1] "pc_sqexp"
[1] "n sub: 10, n images per sub: 1, zero distance: 100, sigma^2: 1, beta: 0.69, simulation: 752"
[1] "no_corr"
[1] "pc_exp"
[1] "pc_sqexp"
[1] "n sub: 10, n images per sub: 1, zero distance: 100, sigma^2: 0.5, beta: 0.69, simulation: 752"
[1] "no_corr"
[1] "pc_exp"
[1] "pc_sqexp"
[1] "n sub: 10, n images per sub: 1, zero distance: 100, sigma^2: 2, beta: 0.69, simulation: 753"
[1] "no_corr"
[1] "pc_exp"
[1] "pc_sqexp"
[1] "n sub: 10, n images per sub: 1, zero distance: 100, sigma^2: 1, beta: 0.69, simulation: 753"
[1] "no_corr"
[1] "pc_exp"
[1] "pc_sqexp"
[1] "n sub: 10, n images per sub: 1, zero distance: 100, sigma^2: 0.5, beta: 0.69, simulation: 753"
[1] "no_corr"
[1] "pc_exp"
[1] "pc_sqexp"
[1] "n sub: 10, n images per sub: 1, zero distance: 100, sigma^2: 1, beta: 0.69, simulation: 754"
[1] "no_corr"
[1] "pc_exp"
[1] "pc_sqexp"
[1] "n sub: 10, n images per sub: 1, zero distance: 100, sigma^2: 2, beta: 0.69, simulation: 754"
[1] "no_corr"
[1] "pc_exp"
[1] "pc_sqexp"
[1] "n sub: 10, n images per sub: 1, zero distance: 100, sigma^2: 0.5, beta: 0.69, simulation: 754"
[1] "no_corr"
[1] "pc_exp"
[1] "pc_sqexp"
[1] "n sub: 10, n images per sub: 1, zero distance: 100, sigma^2: 1, beta: 0.69, simulation: 755"
[1] "no_corr"
[1] "pc_exp"
[1] "pc_sqexp"
[1] "n sub: 10, n images per sub: 1, zero distance: 100, sigma^2: 2, beta: 0.69, simulation: 755"
[1] "no_corr"
[1] "pc_exp"
[1] "pc_sqexp"
[1] "n sub: 10, n images per sub: 1, zero distance: 100, sigma^2: 0.5, beta: 0.69, simulation: 755"
[1] "no_corr"
[1] "pc_exp"
[1] "pc_sqexp"
[1] "n sub: 10, n images per sub: 1, zero distance: 100, sigma^2: 1, beta: 0.69, simulation: 756"
[1] "no_corr"
[1] "pc_exp"
[1] "pc_sqexp"
[1] "n sub: 10, n images per sub: 1, zero distance: 100, sigma^2: 2, beta: 0.69, simulation: 756"
[1] "no_corr"
[1] "pc_exp"
[1] "pc_sqexp"
[1] "n sub: 10, n images per sub: 1, zero distance: 100, sigma^2: 0.5, beta: 0.69, simulation: 756"
[1] "no_corr"
[1] "pc_exp"
[1] "pc_sqexp"
[1] "n sub: 10, n images per sub: 1, zero distance: 100, sigma^2: 1, beta: 0.69, simulation: 757"
[1] "no_corr"
[1] "pc_exp"
[1] "pc_sqexp"
[1] "n sub: 10, n images per sub: 1, zero distance: 100, sigma^2: 2, beta: 0.69, simulation: 757"
[1] "no_corr"
[1] "pc_exp"
[1] "pc_sqexp"
[1] "n sub: 10, n images per sub: 1, zero distance: 100, sigma^2: 0.5, beta: 0.69, simulation: 757"
[1] "no_corr"
[1] "pc_exp"
[1] "pc_sqexp"
[1] "n sub: 10, n images per sub: 1, zero distance: 100, sigma^2: 1, beta: 0.69, simulation: 758"
[1] "no_corr"
[1] "pc_exp"
[1] "pc_sqexp"
[1] "n sub: 10, n images per sub: 1, zero distance: 100, sigma^2: 2, beta: 0.69, simulation: 758"
[1] "no_corr"
[1] "pc_exp"
[1] "pc_sqexp"
[1] "n sub: 10, n images per sub: 1, zero distance: 100, sigma^2: 0.5, beta: 0.69, simulation: 758"
[1] "no_corr"
[1] "pc_exp"
[1] "pc_sqexp"
[1] "n sub: 10, n images per sub: 1, zero distance: 100, sigma^2: 1, beta: 0.69, simulation: 759"
[1] "no_corr"
[1] "pc_exp"
[1] "pc_sqexp"
[1] "n sub: 10, n images per sub: 1, zero distance: 100, sigma^2: 2, beta: 0.69, simulation: 759"
[1] "no_corr"
[1] "pc_exp"
[1] "pc_sqexp"
[1] "n sub: 10, n images per sub: 1, zero distance: 100, sigma^2: 0.5, beta: 0.69, simulation: 759"
[1] "no_corr"
[1] "pc_exp"
[1] "pc_sqexp"
[1] "n sub: 10, n images per sub: 1, zero distance: 100, sigma^2: 1, beta: 0.69, simulation: 760"
[1] "no_corr"
[1] "pc_exp"
[1] "pc_sqexp"
[1] "n sub: 10, n images per sub: 1, zero distance: 100, sigma^2: 2, beta: 0.69, simulation: 760"
[1] "no_corr"
[1] "pc_exp"
[1] "pc_sqexp"
[1] "n sub: 10, n images per sub: 1, zero distance: 100, sigma^2: 0.5, beta: 0.69, simulation: 760"
[1] "no_corr"
[1] "pc_exp"
[1] "pc_sqexp"
[1] "n sub: 10, n images per sub: 1, zero distance: 100, sigma^2: 1, beta: 0.69, simulation: 761"
[1] "no_corr"
[1] "pc_exp"
[1] "pc_sqexp"
[1] "n sub: 10, n images per sub: 1, zero distance: 100, sigma^2: 2, beta: 0.69, simulation: 761"
[1] "no_corr"
[1] "pc_exp"
[1] "pc_sqexp"
[1] "n sub: 10, n images per sub: 1, zero distance: 100, sigma^2: 0.5, beta: 0.69, simulation: 761"
[1] "no_corr"
[1] "pc_exp"
[1] "pc_sqexp"
[1] "n sub: 10, n images per sub: 1, zero distance: 100, sigma^2: 1, beta: 0.69, simulation: 762"
[1] "no_corr"
[1] "pc_exp"
[1] "pc_sqexp"
[1] "n sub: 10, n images per sub: 1, zero distance: 100, sigma^2: 2, beta: 0.69, simulation: 762"
[1] "no_corr"
[1] "pc_exp"
[1] "pc_sqexp"
[1] "n sub: 10, n images per sub: 1, zero distance: 100, sigma^2: 0.5, beta: 0.69, simulation: 762"
[1] "no_corr"
[1] "pc_exp"
[1] "pc_sqexp"
[1] "n sub: 10, n images per sub: 1, zero distance: 100, sigma^2: 1, beta: 0.69, simulation: 763"
[1] "no_corr"
[1] "pc_exp"
[1] "pc_sqexp"
[1] "n sub: 10, n images per sub: 1, zero distance: 100, sigma^2: 2, beta: 0.69, simulation: 763"
[1] "no_corr"
[1] "pc_exp"
[1] "pc_sqexp"
[1] "n sub: 10, n images per sub: 1, zero distance: 100, sigma^2: 0.5, beta: 0.69, simulation: 763"
[1] "no_corr"
[1] "pc_exp"
[1] "pc_sqexp"
[1] "n sub: 10, n images per sub: 1, zero distance: 100, sigma^2: 1, beta: 0.69, simulation: 764"
[1] "no_corr"
[1] "pc_exp"
[1] "pc_sqexp"
[1] "n sub: 10, n images per sub: 1, zero distance: 100, sigma^2: 2, beta: 0.69, simulation: 764"
[1] "no_corr"
[1] "pc_exp"
[1] "pc_sqexp"
[1] "n sub: 10, n images per sub: 1, zero distance: 100, sigma^2: 0.5, beta: 0.69, simulation: 764"
[1] "no_corr"
[1] "pc_exp"
[1] "pc_sqexp"
[1] "n sub: 10, n images per sub: 1, zero distance: 100, sigma^2: 1, beta: 0.69, simulation: 765"
[1] "no_corr"
[1] "pc_exp"
[1] "pc_sqexp"
[1] "n sub: 10, n images per sub: 1, zero distance: 100, sigma^2: 2, beta: 0.69, simulation: 765"
[1] "no_corr"
[1] "pc_exp"
[1] "pc_sqexp"
[1] "n sub: 10, n images per sub: 1, zero distance: 100, sigma^2: 0.5, beta: 0.69, simulation: 765"
[1] "no_corr"
[1] "pc_exp"
[1] "pc_sqexp"
[1] "n sub: 10, n images per sub: 1, zero distance: 100, sigma^2: 1, beta: 0.69, simulation: 766"
[1] "no_corr"
[1] "pc_exp"
[1] "pc_sqexp"
[1] "n sub: 10, n images per sub: 1, zero distance: 100, sigma^2: 2, beta: 0.69, simulation: 766"
[1] "no_corr"
[1] "pc_exp"
[1] "pc_sqexp"
[1] "n sub: 10, n images per sub: 1, zero distance: 100, sigma^2: 0.5, beta: 0.69, simulation: 766"
[1] "no_corr"
[1] "pc_exp"
[1] "pc_sqexp"
[1] "n sub: 10, n images per sub: 1, zero distance: 100, sigma^2: 1, beta: 0.69, simulation: 767"
[1] "no_corr"
[1] "pc_exp"
[1] "pc_sqexp"
[1] "n sub: 10, n images per sub: 1, zero distance: 100, sigma^2: 2, beta: 0.69, simulation: 767"
[1] "no_corr"
[1] "pc_exp"
[1] "pc_sqexp"
[1] "n sub: 10, n images per sub: 1, zero distance: 100, sigma^2: 0.5, beta: 0.69, simulation: 767"
[1] "no_corr"
[1] "pc_exp"
[1] "pc_sqexp"
[1] "n sub: 10, n images per sub: 1, zero distance: 100, sigma^2: 1, beta: 0.69, simulation: 768"
[1] "no_corr"
[1] "pc_exp"
[1] "pc_sqexp"
[1] "n sub: 10, n images per sub: 1, zero distance: 100, sigma^2: 2, beta: 0.69, simulation: 768"
[1] "no_corr"
[1] "pc_exp"
[1] "pc_sqexp"
[1] "n sub: 10, n images per sub: 1, zero distance: 100, sigma^2: 0.5, beta: 0.69, simulation: 768"
[1] "no_corr"
[1] "pc_exp"
[1] "pc_sqexp"
[1] "n sub: 10, n images per sub: 1, zero distance: 100, sigma^2: 1, beta: 0.69, simulation: 769"
[1] "no_corr"
[1] "pc_exp"
[1] "pc_sqexp"
[1] "n sub: 10, n images per sub: 1, zero distance: 100, sigma^2: 2, beta: 0.69, simulation: 769"
[1] "no_corr"
[1] "pc_exp"
[1] "pc_sqexp"
[1] "n sub: 10, n images per sub: 1, zero distance: 100, sigma^2: 0.5, beta: 0.69, simulation: 769"
[1] "no_corr"
[1] "pc_exp"
[1] "pc_sqexp"
[1] "n sub: 10, n images per sub: 1, zero distance: 100, sigma^2: 1, beta: 0.69, simulation: 770"
[1] "no_corr"
[1] "pc_exp"
[1] "pc_sqexp"
[1] "n sub: 10, n images per sub: 1, zero distance: 100, sigma^2: 2, beta: 0.69, simulation: 770"
[1] "no_corr"
[1] "pc_exp"
[1] "pc_sqexp"
[1] "n sub: 10, n images per sub: 1, zero distance: 100, sigma^2: 0.5, beta: 0.69, simulation: 770"
[1] "no_corr"
[1] "pc_exp"
[1] "pc_sqexp"
[1] "n sub: 10, n images per sub: 1, zero distance: 100, sigma^2: 1, beta: 0.69, simulation: 771"
[1] "no_corr"
[1] "pc_exp"
[1] "pc_sqexp"
[1] "n sub: 10, n images per sub: 1, zero distance: 100, sigma^2: 2, beta: 0.69, simulation: 771"
[1] "no_corr"
[1] "pc_exp"
[1] "pc_sqexp"
[1] "n sub: 10, n images per sub: 1, zero distance: 100, sigma^2: 0.5, beta: 0.69, simulation: 771"
[1] "no_corr"
[1] "pc_exp"
[1] "pc_sqexp"
[1] "n sub: 10, n images per sub: 1, zero distance: 100, sigma^2: 1, beta: 0.69, simulation: 772"
[1] "no_corr"
[1] "pc_exp"
[1] "pc_sqexp"
[1] "n sub: 10, n images per sub: 1, zero distance: 100, sigma^2: 2, beta: 0.69, simulation: 772"
[1] "no_corr"
[1] "pc_exp"
[1] "pc_sqexp"
[1] "n sub: 10, n images per sub: 1, zero distance: 100, sigma^2: 0.5, beta: 0.69, simulation: 772"
[1] "no_corr"
[1] "pc_exp"
[1] "pc_sqexp"
[1] "n sub: 10, n images per sub: 1, zero distance: 100, sigma^2: 1, beta: 0.69, simulation: 773"
[1] "no_corr"
[1] "pc_exp"
[1] "pc_sqexp"
[1] "n sub: 10, n images per sub: 1, zero distance: 100, sigma^2: 2, beta: 0.69, simulation: 773"
[1] "no_corr"
[1] "pc_exp"
[1] "pc_sqexp"
[1] "n sub: 10, n images per sub: 1, zero distance: 100, sigma^2: 0.5, beta: 0.69, simulation: 773"
[1] "no_corr"
[1] "pc_exp"
[1] "pc_sqexp"
[1] "n sub: 10, n images per sub: 1, zero distance: 100, sigma^2: 1, beta: 0.69, simulation: 774"
[1] "no_corr"
[1] "pc_exp"
[1] "pc_sqexp"
[1] "n sub: 10, n images per sub: 1, zero distance: 100, sigma^2: 2, beta: 0.69, simulation: 774"
[1] "no_corr"
[1] "pc_exp"
[1] "pc_sqexp"
[1] "n sub: 10, n images per sub: 1, zero distance: 100, sigma^2: 0.5, beta: 0.69, simulation: 774"
[1] "no_corr"
[1] "pc_exp"
[1] "pc_sqexp"
[1] "n sub: 10, n images per sub: 1, zero distance: 100, sigma^2: 1, beta: 0.69, simulation: 775"
[1] "no_corr"
[1] "pc_exp"
[1] "pc_sqexp"
[1] "n sub: 10, n images per sub: 1, zero distance: 100, sigma^2: 2, beta: 0.69, simulation: 775"
[1] "no_corr"
[1] "pc_exp"
[1] "pc_sqexp"
[1] "n sub: 10, n images per sub: 1, zero distance: 100, sigma^2: 0.5, beta: 0.69, simulation: 775"
[1] "no_corr"
[1] "pc_exp"
[1] "pc_sqexp"
[1] "n sub: 10, n images per sub: 1, zero distance: 100, sigma^2: 1, beta: 0.69, simulation: 776"
[1] "no_corr"
[1] "pc_exp"
[1] "pc_sqexp"
[1] "n sub: 10, n images per sub: 1, zero distance: 100, sigma^2: 2, beta: 0.69, simulation: 776"
[1] "no_corr"
[1] "pc_exp"
[1] "pc_sqexp"
[1] "n sub: 10, n images per sub: 1, zero distance: 100, sigma^2: 0.5, beta: 0.69, simulation: 776"
[1] "no_corr"
[1] "pc_exp"
[1] "pc_sqexp"
[1] "n sub: 10, n images per sub: 1, zero distance: 100, sigma^2: 1, beta: 0.69, simulation: 777"
[1] "no_corr"
[1] "pc_exp"
[1] "pc_sqexp"
[1] "n sub: 10, n images per sub: 1, zero distance: 100, sigma^2: 2, beta: 0.69, simulation: 777"
[1] "no_corr"
[1] "pc_exp"
[1] "pc_sqexp"
[1] "n sub: 10, n images per sub: 1, zero distance: 100, sigma^2: 0.5, beta: 0.69, simulation: 777"
[1] "no_corr"
[1] "pc_exp"
[1] "pc_sqexp"
[1] "n sub: 10, n images per sub: 1, zero distance: 100, sigma^2: 0.5, beta: 0.69, simulation: 778"
[1] "no_corr"
[1] "pc_exp"
[1] "pc_sqexp"
[1] "n sub: 10, n images per sub: 1, zero distance: 100, sigma^2: 1, beta: 0.69, simulation: 778"
[1] "no_corr"
[1] "pc_exp"
[1] "pc_sqexp"
[1] "n sub: 10, n images per sub: 1, zero distance: 100, sigma^2: 2, beta: 0.69, simulation: 778"
[1] "no_corr"
[1] "pc_exp"
[1] "pc_sqexp"
[1] "n sub: 10, n images per sub: 1, zero distance: 100, sigma^2: 0.5, beta: 0.69, simulation: 779"
[1] "no_corr"
[1] "pc_exp"
[1] "pc_sqexp"
[1] "n sub: 10, n images per sub: 1, zero distance: 100, sigma^2: 1, beta: 0.69, simulation: 779"
[1] "no_corr"
[1] "pc_exp"
[1] "pc_sqexp"
[1] "n sub: 10, n images per sub: 1, zero distance: 100, sigma^2: 2, beta: 0.69, simulation: 779"
[1] "no_corr"
[1] "pc_exp"
[1] "pc_sqexp"
[1] "n sub: 10, n images per sub: 1, zero distance: 100, sigma^2: 0.5, beta: 0.69, simulation: 780"
[1] "no_corr"
[1] "pc_exp"
[1] "pc_sqexp"
[1] "n sub: 10, n images per sub: 1, zero distance: 100, sigma^2: 1, beta: 0.69, simulation: 780"
[1] "no_corr"
[1] "pc_exp"
[1] "pc_sqexp"
[1] "n sub: 10, n images per sub: 1, zero distance: 100, sigma^2: 2, beta: 0.69, simulation: 780"
[1] "no_corr"
[1] "pc_exp"
[1] "pc_sqexp"
[1] "n sub: 10, n images per sub: 1, zero distance: 100, sigma^2: 0.5, beta: 0.69, simulation: 781"
[1] "no_corr"
[1] "pc_exp"
[1] "pc_sqexp"
[1] "n sub: 10, n images per sub: 1, zero distance: 100, sigma^2: 1, beta: 0.69, simulation: 781"
[1] "no_corr"
[1] "pc_exp"
[1] "pc_sqexp"
[1] "n sub: 10, n images per sub: 1, zero distance: 100, sigma^2: 2, beta: 0.69, simulation: 781"
[1] "no_corr"
[1] "pc_exp"
[1] "pc_sqexp"
[1] "n sub: 10, n images per sub: 1, zero distance: 100, sigma^2: 0.5, beta: 0.69, simulation: 782"
[1] "no_corr"
[1] "pc_exp"
[1] "pc_sqexp"
[1] "n sub: 10, n images per sub: 1, zero distance: 100, sigma^2: 1, beta: 0.69, simulation: 782"
[1] "no_corr"
[1] "pc_exp"
[1] "pc_sqexp"
[1] "n sub: 10, n images per sub: 1, zero distance: 100, sigma^2: 2, beta: 0.69, simulation: 782"
[1] "no_corr"
[1] "pc_exp"
[1] "pc_sqexp"
[1] "n sub: 10, n images per sub: 1, zero distance: 100, sigma^2: 0.5, beta: 0.69, simulation: 783"
[1] "no_corr"
[1] "pc_exp"
[1] "pc_sqexp"
[1] "n sub: 10, n images per sub: 1, zero distance: 100, sigma^2: 1, beta: 0.69, simulation: 783"
[1] "no_corr"
[1] "pc_exp"
[1] "pc_sqexp"
[1] "n sub: 10, n images per sub: 1, zero distance: 100, sigma^2: 2, beta: 0.69, simulation: 783"
[1] "no_corr"
[1] "pc_exp"
[1] "pc_sqexp"
[1] "n sub: 10, n images per sub: 1, zero distance: 100, sigma^2: 0.5, beta: 0.69, simulation: 784"
[1] "no_corr"
[1] "pc_exp"
[1] "pc_sqexp"
[1] "n sub: 10, n images per sub: 1, zero distance: 100, sigma^2: 1, beta: 0.69, simulation: 784"
[1] "no_corr"
[1] "pc_exp"
[1] "pc_sqexp"
[1] "n sub: 10, n images per sub: 1, zero distance: 100, sigma^2: 2, beta: 0.69, simulation: 784"
[1] "no_corr"
[1] "pc_exp"
[1] "pc_sqexp"
[1] "n sub: 10, n images per sub: 1, zero distance: 100, sigma^2: 0.5, beta: 0.69, simulation: 785"
[1] "no_corr"
[1] "pc_exp"
[1] "pc_sqexp"
[1] "n sub: 10, n images per sub: 1, zero distance: 100, sigma^2: 1, beta: 0.69, simulation: 785"
[1] "no_corr"
[1] "pc_exp"
[1] "pc_sqexp"
[1] "n sub: 10, n images per sub: 1, zero distance: 100, sigma^2: 2, beta: 0.69, simulation: 785"
[1] "no_corr"
[1] "pc_exp"
[1] "pc_sqexp"
[1] "n sub: 10, n images per sub: 1, zero distance: 100, sigma^2: 0.5, beta: 0.69, simulation: 786"
[1] "no_corr"
[1] "pc_exp"
[1] "pc_sqexp"
[1] "n sub: 10, n images per sub: 1, zero distance: 100, sigma^2: 1, beta: 0.69, simulation: 786"
[1] "no_corr"
[1] "pc_exp"
[1] "pc_sqexp"
[1] "n sub: 10, n images per sub: 1, zero distance: 100, sigma^2: 2, beta: 0.69, simulation: 786"
[1] "no_corr"
[1] "pc_exp"
[1] "pc_sqexp"
[1] "n sub: 10, n images per sub: 1, zero distance: 100, sigma^2: 0.5, beta: 0.69, simulation: 787"
[1] "no_corr"
[1] "pc_exp"
[1] "pc_sqexp"
[1] "n sub: 10, n images per sub: 1, zero distance: 100, sigma^2: 1, beta: 0.69, simulation: 787"
[1] "no_corr"
[1] "pc_exp"
[1] "pc_sqexp"
[1] "n sub: 10, n images per sub: 1, zero distance: 100, sigma^2: 2, beta: 0.69, simulation: 787"
[1] "no_corr"
[1] "pc_exp"
[1] "pc_sqexp"
[1] "n sub: 10, n images per sub: 1, zero distance: 100, sigma^2: 1, beta: 0.69, simulation: 788"
[1] "no_corr"
[1] "pc_exp"
[1] "pc_sqexp"
[1] "n sub: 10, n images per sub: 1, zero distance: 100, sigma^2: 2, beta: 0.69, simulation: 788"
[1] "no_corr"
[1] "pc_exp"
[1] "pc_sqexp"
[1] "n sub: 10, n images per sub: 1, zero distance: 100, sigma^2: 0.5, beta: 0.69, simulation: 788"
[1] "no_corr"
[1] "pc_exp"
[1] "pc_sqexp"
[1] "n sub: 10, n images per sub: 1, zero distance: 100, sigma^2: 1, beta: 0.69, simulation: 789"
[1] "no_corr"
[1] "pc_exp"
[1] "pc_sqexp"
[1] "n sub: 10, n images per sub: 1, zero distance: 100, sigma^2: 2, beta: 0.69, simulation: 789"
[1] "no_corr"
[1] "pc_exp"
[1] "pc_sqexp"
[1] "n sub: 10, n images per sub: 1, zero distance: 100, sigma^2: 0.5, beta: 0.69, simulation: 789"
[1] "no_corr"
[1] "pc_exp"
[1] "pc_sqexp"
[1] "n sub: 10, n images per sub: 1, zero distance: 100, sigma^2: 1, beta: 0.69, simulation: 790"
[1] "no_corr"
[1] "pc_exp"
[1] "pc_sqexp"
[1] "n sub: 10, n images per sub: 1, zero distance: 100, sigma^2: 2, beta: 0.69, simulation: 790"
[1] "no_corr"
[1] "pc_exp"
[1] "pc_sqexp"
[1] "n sub: 10, n images per sub: 1, zero distance: 100, sigma^2: 0.5, beta: 0.69, simulation: 790"
[1] "no_corr"
[1] "pc_exp"
[1] "pc_sqexp"
[1] "n sub: 10, n images per sub: 1, zero distance: 100, sigma^2: 1, beta: 0.69, simulation: 791"
[1] "no_corr"
[1] "pc_exp"
[1] "pc_sqexp"
[1] "n sub: 10, n images per sub: 1, zero distance: 100, sigma^2: 2, beta: 0.69, simulation: 791"
[1] "no_corr"
[1] "pc_exp"
[1] "pc_sqexp"
[1] "n sub: 10, n images per sub: 1, zero distance: 100, sigma^2: 0.5, beta: 0.69, simulation: 791"
[1] "no_corr"
[1] "pc_exp"
[1] "pc_sqexp"
[1] "n sub: 10, n images per sub: 1, zero distance: 100, sigma^2: 1, beta: 0.69, simulation: 792"
[1] "no_corr"
[1] "pc_exp"
[1] "pc_sqexp"
[1] "n sub: 10, n images per sub: 1, zero distance: 100, sigma^2: 2, beta: 0.69, simulation: 792"
[1] "no_corr"
[1] "pc_exp"
[1] "pc_sqexp"
[1] "n sub: 10, n images per sub: 1, zero distance: 100, sigma^2: 0.5, beta: 0.69, simulation: 792"
[1] "no_corr"
[1] "pc_exp"
[1] "pc_sqexp"
[1] "n sub: 10, n images per sub: 1, zero distance: 100, sigma^2: 1, beta: 0.69, simulation: 793"
[1] "no_corr"
[1] "pc_exp"
[1] "pc_sqexp"
[1] "n sub: 10, n images per sub: 1, zero distance: 100, sigma^2: 2, beta: 0.69, simulation: 793"
[1] "no_corr"
[1] "pc_exp"
[1] "pc_sqexp"
[1] "n sub: 10, n images per sub: 1, zero distance: 100, sigma^2: 0.5, beta: 0.69, simulation: 793"
[1] "no_corr"
[1] "pc_exp"
[1] "pc_sqexp"
[1] "n sub: 10, n images per sub: 1, zero distance: 100, sigma^2: 1, beta: 0.69, simulation: 794"
[1] "no_corr"
[1] "pc_exp"
[1] "pc_sqexp"
[1] "n sub: 10, n images per sub: 1, zero distance: 100, sigma^2: 2, beta: 0.69, simulation: 794"
[1] "no_corr"
[1] "pc_exp"
[1] "pc_sqexp"
[1] "n sub: 10, n images per sub: 1, zero distance: 100, sigma^2: 0.5, beta: 0.69, simulation: 794"
[1] "no_corr"
[1] "pc_exp"
[1] "pc_sqexp"
[1] "n sub: 10, n images per sub: 1, zero distance: 100, sigma^2: 1, beta: 0.69, simulation: 795"
[1] "no_corr"
[1] "pc_exp"
[1] "pc_sqexp"
[1] "n sub: 10, n images per sub: 1, zero distance: 100, sigma^2: 2, beta: 0.69, simulation: 795"
[1] "no_corr"
[1] "pc_exp"
[1] "pc_sqexp"
[1] "n sub: 10, n images per sub: 1, zero distance: 100, sigma^2: 0.5, beta: 0.69, simulation: 795"
[1] "no_corr"
[1] "pc_exp"
[1] "pc_sqexp"
[1] "n sub: 10, n images per sub: 1, zero distance: 100, sigma^2: 1, beta: 0.69, simulation: 796"
[1] "no_corr"
[1] "pc_exp"
[1] "pc_sqexp"
[1] "n sub: 10, n images per sub: 1, zero distance: 100, sigma^2: 2, beta: 0.69, simulation: 796"
[1] "no_corr"
[1] "pc_exp"
[1] "pc_sqexp"
[1] "n sub: 10, n images per sub: 1, zero distance: 100, sigma^2: 0.5, beta: 0.69, simulation: 796"
[1] "no_corr"
[1] "pc_exp"
[1] "pc_sqexp"
[1] "n sub: 10, n images per sub: 1, zero distance: 100, sigma^2: 1, beta: 0.69, simulation: 797"
[1] "no_corr"
[1] "pc_exp"
[1] "pc_sqexp"
[1] "n sub: 10, n images per sub: 1, zero distance: 100, sigma^2: 2, beta: 0.69, simulation: 797"
[1] "no_corr"
[1] "pc_exp"
[1] "pc_sqexp"
[1] "n sub: 10, n images per sub: 1, zero distance: 100, sigma^2: 0.5, beta: 0.69, simulation: 797"
[1] "no_corr"
[1] "pc_exp"
[1] "pc_sqexp"
[1] "n sub: 10, n images per sub: 1, zero distance: 100, sigma^2: 1, beta: 0.69, simulation: 798"
[1] "no_corr"
[1] "pc_exp"
[1] "pc_sqexp"
[1] "n sub: 10, n images per sub: 1, zero distance: 100, sigma^2: 2, beta: 0.69, simulation: 798"
[1] "no_corr"
[1] "pc_exp"
[1] "pc_sqexp"
[1] "n sub: 10, n images per sub: 1, zero distance: 100, sigma^2: 0.5, beta: 0.69, simulation: 798"
[1] "no_corr"
[1] "pc_exp"
[1] "pc_sqexp"
[1] "n sub: 10, n images per sub: 1, zero distance: 100, sigma^2: 1, beta: 0.69, simulation: 799"
[1] "no_corr"
[1] "pc_exp"
[1] "pc_sqexp"
[1] "n sub: 10, n images per sub: 1, zero distance: 100, sigma^2: 2, beta: 0.69, simulation: 799"
[1] "no_corr"
[1] "pc_exp"
[1] "pc_sqexp"
[1] "n sub: 10, n images per sub: 1, zero distance: 100, sigma^2: 0.5, beta: 0.69, simulation: 799"
[1] "no_corr"
[1] "pc_exp"
[1] "pc_sqexp"
[1] "n sub: 10, n images per sub: 1, zero distance: 100, sigma^2: 1, beta: 0.69, simulation: 800"
[1] "no_corr"
[1] "pc_exp"
[1] "pc_sqexp"
[1] "n sub: 10, n images per sub: 1, zero distance: 100, sigma^2: 2, beta: 0.69, simulation: 800"
[1] "no_corr"
[1] "pc_exp"
[1] "pc_sqexp"
[1] "n sub: 10, n images per sub: 1, zero distance: 100, sigma^2: 0.5, beta: 0.69, simulation: 800"
[1] "no_corr"
[1] "pc_exp"
[1] "pc_sqexp"
