 [1] 14041 14042 14043 14044 14045 14046 14047 14048 14049 14050 14051 14052
[13] 14053 14054 14055 14056 14057 14058 14059 14060 14061 14062 14063 14064
[25] 14065 14066 14067
[1] "n sub: 50, n images per sub: 5, sigma^2: 2, beta: -0.69, simulation: 81"
[1] "n sub: 50, n images per sub: 5, sigma^2: 1, beta: -0.69, simulation: 81"
[1] "n sub: 50, n images per sub: 5, sigma^2: 0.5, beta: -0.69, simulation: 81"
[1] "n sub: 50, n images per sub: 5, sigma^2: 2, beta: -0.69, simulation: 82"
[1] "n sub: 50, n images per sub: 5, sigma^2: 1, beta: -0.69, simulation: 82"
[1] "n sub: 50, n images per sub: 5, sigma^2: 0.5, beta: -0.69, simulation: 82"
[1] "n sub: 50, n images per sub: 5, sigma^2: 2, beta: -0.69, simulation: 83"
[1] "n sub: 50, n images per sub: 5, sigma^2: 1, beta: -0.69, simulation: 83"
[1] "n sub: 50, n images per sub: 5, sigma^2: 0.5, beta: -0.69, simulation: 83"
[1] "n sub: 50, n images per sub: 5, sigma^2: 2, beta: -0.69, simulation: 84"
[1] "n sub: 50, n images per sub: 5, sigma^2: 1, beta: -0.69, simulation: 84"
[1] "n sub: 50, n images per sub: 5, sigma^2: 0.5, beta: -0.69, simulation: 84"
[1] "n sub: 50, n images per sub: 5, sigma^2: 2, beta: -0.69, simulation: 85"
[1] "n sub: 50, n images per sub: 5, sigma^2: 1, beta: -0.69, simulation: 85"
[1] "n sub: 50, n images per sub: 5, sigma^2: 0.5, beta: -0.69, simulation: 85"
[1] "n sub: 50, n images per sub: 5, sigma^2: 2, beta: -0.69, simulation: 86"
[1] "n sub: 50, n images per sub: 5, sigma^2: 1, beta: -0.69, simulation: 86"
[1] "n sub: 50, n images per sub: 5, sigma^2: 0.5, beta: -0.69, simulation: 86"
[1] "n sub: 50, n images per sub: 5, sigma^2: 2, beta: -0.69, simulation: 87"
[1] "n sub: 50, n images per sub: 5, sigma^2: 1, beta: -0.69, simulation: 87"
[1] "n sub: 50, n images per sub: 5, sigma^2: 0.5, beta: -0.69, simulation: 87"
[1] "n sub: 50, n images per sub: 5, sigma^2: 2, beta: -0.69, simulation: 88"
[1] "n sub: 50, n images per sub: 5, sigma^2: 1, beta: -0.69, simulation: 88"
[1] "n sub: 50, n images per sub: 5, sigma^2: 0.5, beta: -0.69, simulation: 88"
[1] "n sub: 50, n images per sub: 5, sigma^2: 2, beta: -0.69, simulation: 89"
[1] "n sub: 50, n images per sub: 5, sigma^2: 1, beta: -0.69, simulation: 89"
[1] "n sub: 50, n images per sub: 5, sigma^2: 0.5, beta: -0.69, simulation: 89"
