 [1] 12583 12584 12585 12586 12587 12588 12589 12590 12591 12592 12593 12594
[13] 12595 12596 12597 12598 12599 12600 12601 12602 12603 12604 12605 12606
[25] 12607 12608 12609 12610 12611 12612 12613 12614 12615 12616 12617 12618
[37] 12619 12620 12621 12622 12623 12624 12625 12626 12627 12628 12629 12630
[49] 12631 12632 12633 12634 12635 12636
[1] "n sub: 30, n images per sub: 5, sigma^2: 2, beta: 0.22, simulation: 95"
[1] "n sub: 30, n images per sub: 5, sigma^2: 1, beta: 0.22, simulation: 95"
[1] "n sub: 30, n images per sub: 5, sigma^2: 0.5, beta: 0.22, simulation: 95"
[1] "n sub: 30, n images per sub: 5, sigma^2: 2, beta: 0.22, simulation: 96"
[1] "n sub: 30, n images per sub: 5, sigma^2: 1, beta: 0.22, simulation: 96"
[1] "n sub: 30, n images per sub: 5, sigma^2: 0.5, beta: 0.22, simulation: 96"
[1] "n sub: 30, n images per sub: 5, sigma^2: 2, beta: 0.22, simulation: 97"
[1] "n sub: 30, n images per sub: 5, sigma^2: 1, beta: 0.22, simulation: 97"
[1] "n sub: 30, n images per sub: 5, sigma^2: 0.5, beta: 0.22, simulation: 97"
[1] "n sub: 30, n images per sub: 5, sigma^2: 1, beta: 0.22, simulation: 98"
[1] "n sub: 30, n images per sub: 5, sigma^2: 2, beta: 0.22, simulation: 98"
[1] "n sub: 30, n images per sub: 5, sigma^2: 0.5, beta: 0.22, simulation: 98"
[1] "n sub: 30, n images per sub: 5, sigma^2: 2, beta: 0.22, simulation: 99"
[1] "n sub: 30, n images per sub: 5, sigma^2: 1, beta: 0.22, simulation: 99"
[1] "n sub: 30, n images per sub: 5, sigma^2: 0.5, beta: 0.22, simulation: 99"
[1] "n sub: 30, n images per sub: 5, sigma^2: 1, beta: 0.22, simulation: 100"
[1] "n sub: 30, n images per sub: 5, sigma^2: 2, beta: 0.22, simulation: 100"
[1] "n sub: 30, n images per sub: 5, sigma^2: 0.5, beta: 0.22, simulation: 100"
[1] "n sub: 30, n images per sub: 5, sigma^2: 1, beta: 0.41, simulation: 1"
[1] "n sub: 30, n images per sub: 5, sigma^2: 0.5, beta: 0.41, simulation: 1"
[1] "n sub: 30, n images per sub: 5, sigma^2: 2, beta: 0.41, simulation: 1"
[1] "n sub: 30, n images per sub: 5, sigma^2: 1, beta: 0.41, simulation: 2"
[1] "n sub: 30, n images per sub: 5, sigma^2: 0.5, beta: 0.41, simulation: 2"
[1] "n sub: 30, n images per sub: 5, sigma^2: 2, beta: 0.41, simulation: 2"
[1] "n sub: 30, n images per sub: 5, sigma^2: 1, beta: 0.41, simulation: 3"
[1] "n sub: 30, n images per sub: 5, sigma^2: 0.5, beta: 0.41, simulation: 3"
[1] "n sub: 30, n images per sub: 5, sigma^2: 2, beta: 0.41, simulation: 3"
[1] "n sub: 30, n images per sub: 5, sigma^2: 1, beta: 0.41, simulation: 4"
[1] "n sub: 30, n images per sub: 5, sigma^2: 0.5, beta: 0.41, simulation: 4"
[1] "n sub: 30, n images per sub: 5, sigma^2: 2, beta: 0.41, simulation: 4"
[1] "n sub: 30, n images per sub: 5, sigma^2: 1, beta: 0.41, simulation: 5"
[1] "n sub: 30, n images per sub: 5, sigma^2: 0.5, beta: 0.41, simulation: 5"
[1] "n sub: 30, n images per sub: 5, sigma^2: 2, beta: 0.41, simulation: 5"
[1] "n sub: 30, n images per sub: 5, sigma^2: 1, beta: 0.41, simulation: 6"
[1] "n sub: 30, n images per sub: 5, sigma^2: 2, beta: 0.41, simulation: 6"
[1] "n sub: 30, n images per sub: 5, sigma^2: 0.5, beta: 0.41, simulation: 6"
[1] "n sub: 30, n images per sub: 5, sigma^2: 1, beta: 0.41, simulation: 7"
[1] "n sub: 30, n images per sub: 5, sigma^2: 0.5, beta: 0.41, simulation: 7"
[1] "n sub: 30, n images per sub: 5, sigma^2: 2, beta: 0.41, simulation: 7"
[1] "n sub: 30, n images per sub: 5, sigma^2: 1, beta: 0.41, simulation: 8"
[1] "n sub: 30, n images per sub: 5, sigma^2: 0.5, beta: 0.41, simulation: 8"
[1] "n sub: 30, n images per sub: 5, sigma^2: 2, beta: 0.41, simulation: 8"
[1] "n sub: 30, n images per sub: 5, sigma^2: 1, beta: 0.41, simulation: 9"
[1] "n sub: 30, n images per sub: 5, sigma^2: 0.5, beta: 0.41, simulation: 9"
[1] "n sub: 30, n images per sub: 5, sigma^2: 2, beta: 0.41, simulation: 9"
[1] "n sub: 30, n images per sub: 5, sigma^2: 1, beta: 0.41, simulation: 10"
[1] "n sub: 30, n images per sub: 5, sigma^2: 0.5, beta: 0.41, simulation: 10"
[1] "n sub: 30, n images per sub: 5, sigma^2: 2, beta: 0.41, simulation: 10"
[1] "n sub: 30, n images per sub: 5, sigma^2: 1, beta: 0.41, simulation: 11"
[1] "n sub: 30, n images per sub: 5, sigma^2: 0.5, beta: 0.41, simulation: 11"
[1] "n sub: 30, n images per sub: 5, sigma^2: 2, beta: 0.41, simulation: 11"
[1] "n sub: 30, n images per sub: 5, sigma^2: 1, beta: 0.41, simulation: 12"
[1] "n sub: 30, n images per sub: 5, sigma^2: 0.5, beta: 0.41, simulation: 12"
[1] "n sub: 30, n images per sub: 5, sigma^2: 2, beta: 0.41, simulation: 12"
