  [1] 9397 9398 9399 9400 9401 9402 9403 9404 9405 9406 9407 9408 9409 9410 9411
 [16] 9412 9413 9414 9415 9416 9417 9418 9419 9420 9421 9422 9423 9424 9425 9426
 [31] 9427 9428 9429 9430 9431 9432 9433 9434 9435 9436 9437 9438 9439 9440 9441
 [46] 9442 9443 9444 9445 9446 9447 9448 9449 9450 9451 9452 9453 9454 9455 9456
 [61] 9457 9458 9459 9460 9461 9462 9463 9464 9465 9466 9467 9468 9469 9470 9471
 [76] 9472 9473 9474 9475 9476 9477 9478 9479 9480 9481 9482 9483 9484 9485 9486
 [91] 9487 9488 9489 9490 9491 9492 9493 9494 9495 9496 9497 9498 9499 9500 9501
[106] 9502 9503 9504
[1] "n sub: 10, n images per sub: 5, sigma^2: 0.5, beta: 0, simulation: 33"
[1] "n sub: 10, n images per sub: 5, sigma^2: 2, beta: 0, simulation: 33"
[1] "n sub: 10, n images per sub: 5, sigma^2: 1, beta: 0, simulation: 33"
[1] "n sub: 10, n images per sub: 5, sigma^2: 0.5, beta: 0, simulation: 34"
[1] "n sub: 10, n images per sub: 5, sigma^2: 2, beta: 0, simulation: 34"
[1] "n sub: 10, n images per sub: 5, sigma^2: 1, beta: 0, simulation: 34"
[1] "n sub: 10, n images per sub: 5, sigma^2: 0.5, beta: 0, simulation: 35"
[1] "n sub: 10, n images per sub: 5, sigma^2: 2, beta: 0, simulation: 35"
[1] "n sub: 10, n images per sub: 5, sigma^2: 1, beta: 0, simulation: 35"
[1] "n sub: 10, n images per sub: 5, sigma^2: 0.5, beta: 0, simulation: 36"
[1] "n sub: 10, n images per sub: 5, sigma^2: 2, beta: 0, simulation: 36"
[1] "n sub: 10, n images per sub: 5, sigma^2: 1, beta: 0, simulation: 36"
[1] "n sub: 10, n images per sub: 5, sigma^2: 0.5, beta: 0, simulation: 37"
[1] "n sub: 10, n images per sub: 5, sigma^2: 2, beta: 0, simulation: 37"
[1] "n sub: 10, n images per sub: 5, sigma^2: 1, beta: 0, simulation: 37"
[1] "n sub: 10, n images per sub: 5, sigma^2: 0.5, beta: 0, simulation: 38"
[1] "n sub: 10, n images per sub: 5, sigma^2: 2, beta: 0, simulation: 38"
[1] "n sub: 10, n images per sub: 5, sigma^2: 1, beta: 0, simulation: 38"
[1] "n sub: 10, n images per sub: 5, sigma^2: 0.5, beta: 0, simulation: 39"
[1] "n sub: 10, n images per sub: 5, sigma^2: 2, beta: 0, simulation: 39"
[1] "n sub: 10, n images per sub: 5, sigma^2: 1, beta: 0, simulation: 39"
[1] "n sub: 10, n images per sub: 5, sigma^2: 1, beta: 0, simulation: 40"
[1] "n sub: 10, n images per sub: 5, sigma^2: 0.5, beta: 0, simulation: 40"
[1] "n sub: 10, n images per sub: 5, sigma^2: 2, beta: 0, simulation: 40"
[1] "n sub: 10, n images per sub: 5, sigma^2: 1, beta: 0, simulation: 41"
[1] "n sub: 10, n images per sub: 5, sigma^2: 0.5, beta: 0, simulation: 41"
[1] "n sub: 10, n images per sub: 5, sigma^2: 2, beta: 0, simulation: 41"
[1] "n sub: 10, n images per sub: 5, sigma^2: 1, beta: 0, simulation: 42"
[1] "n sub: 10, n images per sub: 5, sigma^2: 0.5, beta: 0, simulation: 42"
[1] "n sub: 10, n images per sub: 5, sigma^2: 2, beta: 0, simulation: 42"
[1] "n sub: 10, n images per sub: 5, sigma^2: 1, beta: 0, simulation: 43"
[1] "n sub: 10, n images per sub: 5, sigma^2: 0.5, beta: 0, simulation: 43"
[1] "n sub: 10, n images per sub: 5, sigma^2: 2, beta: 0, simulation: 43"
[1] "n sub: 10, n images per sub: 5, sigma^2: 1, beta: 0, simulation: 44"
[1] "n sub: 10, n images per sub: 5, sigma^2: 0.5, beta: 0, simulation: 44"
[1] "n sub: 10, n images per sub: 5, sigma^2: 2, beta: 0, simulation: 44"
[1] "n sub: 10, n images per sub: 5, sigma^2: 1, beta: 0, simulation: 45"
[1] "n sub: 10, n images per sub: 5, sigma^2: 0.5, beta: 0, simulation: 45"
[1] "n sub: 10, n images per sub: 5, sigma^2: 2, beta: 0, simulation: 45"
[1] "n sub: 10, n images per sub: 5, sigma^2: 1, beta: 0, simulation: 46"
[1] "n sub: 10, n images per sub: 5, sigma^2: 0.5, beta: 0, simulation: 46"
[1] "n sub: 10, n images per sub: 5, sigma^2: 2, beta: 0, simulation: 46"
[1] "n sub: 10, n images per sub: 5, sigma^2: 1, beta: 0, simulation: 47"
[1] "n sub: 10, n images per sub: 5, sigma^2: 0.5, beta: 0, simulation: 47"
[1] "n sub: 10, n images per sub: 5, sigma^2: 2, beta: 0, simulation: 47"
[1] "n sub: 10, n images per sub: 5, sigma^2: 1, beta: 0, simulation: 48"
[1] "n sub: 10, n images per sub: 5, sigma^2: 0.5, beta: 0, simulation: 48"
[1] "n sub: 10, n images per sub: 5, sigma^2: 2, beta: 0, simulation: 48"
[1] "n sub: 10, n images per sub: 5, sigma^2: 1, beta: 0, simulation: 49"
[1] "n sub: 10, n images per sub: 5, sigma^2: 0.5, beta: 0, simulation: 49"
[1] "n sub: 10, n images per sub: 5, sigma^2: 2, beta: 0, simulation: 49"
[1] "n sub: 10, n images per sub: 5, sigma^2: 0.5, beta: 0, simulation: 50"
[1] "n sub: 10, n images per sub: 5, sigma^2: 1, beta: 0, simulation: 50"
[1] "n sub: 10, n images per sub: 5, sigma^2: 2, beta: 0, simulation: 50"
[1] "n sub: 10, n images per sub: 5, sigma^2: 0.5, beta: 0, simulation: 51"
[1] "n sub: 10, n images per sub: 5, sigma^2: 1, beta: 0, simulation: 51"
[1] "n sub: 10, n images per sub: 5, sigma^2: 2, beta: 0, simulation: 51"
[1] "n sub: 10, n images per sub: 5, sigma^2: 0.5, beta: 0, simulation: 52"
[1] "n sub: 10, n images per sub: 5, sigma^2: 2, beta: 0, simulation: 52"
[1] "n sub: 10, n images per sub: 5, sigma^2: 1, beta: 0, simulation: 52"
[1] "n sub: 10, n images per sub: 5, sigma^2: 0.5, beta: 0, simulation: 53"
[1] "n sub: 10, n images per sub: 5, sigma^2: 2, beta: 0, simulation: 53"
[1] "n sub: 10, n images per sub: 5, sigma^2: 1, beta: 0, simulation: 53"
[1] "n sub: 10, n images per sub: 5, sigma^2: 0.5, beta: 0, simulation: 54"
[1] "n sub: 10, n images per sub: 5, sigma^2: 2, beta: 0, simulation: 54"
[1] "n sub: 10, n images per sub: 5, sigma^2: 1, beta: 0, simulation: 54"
[1] "n sub: 10, n images per sub: 5, sigma^2: 0.5, beta: 0, simulation: 55"
[1] "n sub: 10, n images per sub: 5, sigma^2: 2, beta: 0, simulation: 55"
[1] "n sub: 10, n images per sub: 5, sigma^2: 1, beta: 0, simulation: 55"
[1] "n sub: 10, n images per sub: 5, sigma^2: 0.5, beta: 0, simulation: 56"
[1] "n sub: 10, n images per sub: 5, sigma^2: 2, beta: 0, simulation: 56"
[1] "n sub: 10, n images per sub: 5, sigma^2: 1, beta: 0, simulation: 56"
[1] "n sub: 10, n images per sub: 5, sigma^2: 0.5, beta: 0, simulation: 57"
[1] "n sub: 10, n images per sub: 5, sigma^2: 2, beta: 0, simulation: 57"
[1] "n sub: 10, n images per sub: 5, sigma^2: 1, beta: 0, simulation: 57"
[1] "n sub: 10, n images per sub: 5, sigma^2: 0.5, beta: 0, simulation: 58"
[1] "n sub: 10, n images per sub: 5, sigma^2: 2, beta: 0, simulation: 58"
[1] "n sub: 10, n images per sub: 5, sigma^2: 1, beta: 0, simulation: 58"
[1] "n sub: 10, n images per sub: 5, sigma^2: 0.5, beta: 0, simulation: 59"
[1] "n sub: 10, n images per sub: 5, sigma^2: 2, beta: 0, simulation: 59"
[1] "n sub: 10, n images per sub: 5, sigma^2: 1, beta: 0, simulation: 59"
[1] "n sub: 10, n images per sub: 5, sigma^2: 0.5, beta: 0, simulation: 60"
[1] "n sub: 10, n images per sub: 5, sigma^2: 2, beta: 0, simulation: 60"
[1] "n sub: 10, n images per sub: 5, sigma^2: 1, beta: 0, simulation: 60"
[1] "n sub: 10, n images per sub: 5, sigma^2: 0.5, beta: 0, simulation: 61"
[1] "n sub: 10, n images per sub: 5, sigma^2: 2, beta: 0, simulation: 61"
[1] "n sub: 10, n images per sub: 5, sigma^2: 1, beta: 0, simulation: 61"
[1] "n sub: 10, n images per sub: 5, sigma^2: 1, beta: 0, simulation: 62"
[1] "n sub: 10, n images per sub: 5, sigma^2: 0.5, beta: 0, simulation: 62"
[1] "n sub: 10, n images per sub: 5, sigma^2: 2, beta: 0, simulation: 62"
[1] "n sub: 10, n images per sub: 5, sigma^2: 1, beta: 0, simulation: 63"
[1] "n sub: 10, n images per sub: 5, sigma^2: 0.5, beta: 0, simulation: 63"
[1] "n sub: 10, n images per sub: 5, sigma^2: 2, beta: 0, simulation: 63"
[1] "n sub: 10, n images per sub: 5, sigma^2: 1, beta: 0, simulation: 64"
[1] "n sub: 10, n images per sub: 5, sigma^2: 0.5, beta: 0, simulation: 64"
[1] "n sub: 10, n images per sub: 5, sigma^2: 2, beta: 0, simulation: 64"
[1] "n sub: 10, n images per sub: 5, sigma^2: 1, beta: 0, simulation: 65"
[1] "n sub: 10, n images per sub: 5, sigma^2: 0.5, beta: 0, simulation: 65"
[1] "n sub: 10, n images per sub: 5, sigma^2: 2, beta: 0, simulation: 65"
[1] "n sub: 10, n images per sub: 5, sigma^2: 1, beta: 0, simulation: 66"
[1] "n sub: 10, n images per sub: 5, sigma^2: 0.5, beta: 0, simulation: 66"
[1] "n sub: 10, n images per sub: 5, sigma^2: 2, beta: 0, simulation: 66"
[1] "n sub: 10, n images per sub: 5, sigma^2: 1, beta: 0, simulation: 67"
[1] "n sub: 10, n images per sub: 5, sigma^2: 0.5, beta: 0, simulation: 67"
[1] "n sub: 10, n images per sub: 5, sigma^2: 2, beta: 0, simulation: 67"
[1] "n sub: 10, n images per sub: 5, sigma^2: 1, beta: 0, simulation: 68"
[1] "n sub: 10, n images per sub: 5, sigma^2: 0.5, beta: 0, simulation: 68"
[1] "n sub: 10, n images per sub: 5, sigma^2: 2, beta: 0, simulation: 68"
