 [1] 11989 11990 11991 11992 11993 11994 11995 11996 11997 11998 11999 12000
[13] 12001 12002 12003 12004 12005 12006 12007 12008 12009 12010 12011 12012
[25] 12013 12014 12015 12016 12017 12018 12019 12020 12021 12022 12023 12024
[37] 12025 12026 12027 12028 12029 12030 12031 12032 12033 12034 12035 12036
[49] 12037 12038 12039 12040 12041 12042
[1] "n sub: 30, n images per sub: 5, sigma^2: 2, beta: -0.22, simulation: 97"
[1] "n sub: 30, n images per sub: 5, sigma^2: 1, beta: -0.22, simulation: 97"
[1] "n sub: 30, n images per sub: 5, sigma^2: 0.5, beta: -0.22, simulation: 97"
[1] "n sub: 30, n images per sub: 5, sigma^2: 2, beta: -0.22, simulation: 98"
[1] "n sub: 30, n images per sub: 5, sigma^2: 1, beta: -0.22, simulation: 98"
[1] "n sub: 30, n images per sub: 5, sigma^2: 0.5, beta: -0.22, simulation: 98"
[1] "n sub: 30, n images per sub: 5, sigma^2: 2, beta: -0.22, simulation: 99"
[1] "n sub: 30, n images per sub: 5, sigma^2: 1, beta: -0.22, simulation: 99"
[1] "n sub: 30, n images per sub: 5, sigma^2: 0.5, beta: -0.22, simulation: 99"
[1] "n sub: 30, n images per sub: 5, sigma^2: 1, beta: -0.22, simulation: 100"
[1] "n sub: 30, n images per sub: 5, sigma^2: 2, beta: -0.22, simulation: 100"
[1] "n sub: 30, n images per sub: 5, sigma^2: 0.5, beta: -0.22, simulation: 100"
[1] "n sub: 30, n images per sub: 5, sigma^2: 1, beta: 0, simulation: 1"
[1] "n sub: 30, n images per sub: 5, sigma^2: 0.5, beta: 0, simulation: 1"
[1] "n sub: 30, n images per sub: 5, sigma^2: 2, beta: 0, simulation: 1"
[1] "n sub: 30, n images per sub: 5, sigma^2: 1, beta: 0, simulation: 2"
[1] "n sub: 30, n images per sub: 5, sigma^2: 0.5, beta: 0, simulation: 2"
[1] "n sub: 30, n images per sub: 5, sigma^2: 2, beta: 0, simulation: 2"
[1] "n sub: 30, n images per sub: 5, sigma^2: 1, beta: 0, simulation: 3"
[1] "n sub: 30, n images per sub: 5, sigma^2: 0.5, beta: 0, simulation: 3"
[1] "n sub: 30, n images per sub: 5, sigma^2: 2, beta: 0, simulation: 3"
[1] "n sub: 30, n images per sub: 5, sigma^2: 1, beta: 0, simulation: 4"
[1] "n sub: 30, n images per sub: 5, sigma^2: 0.5, beta: 0, simulation: 4"
[1] "n sub: 30, n images per sub: 5, sigma^2: 2, beta: 0, simulation: 4"
[1] "n sub: 30, n images per sub: 5, sigma^2: 1, beta: 0, simulation: 5"
[1] "n sub: 30, n images per sub: 5, sigma^2: 0.5, beta: 0, simulation: 5"
[1] "n sub: 30, n images per sub: 5, sigma^2: 2, beta: 0, simulation: 5"
[1] "n sub: 30, n images per sub: 5, sigma^2: 1, beta: 0, simulation: 6"
[1] "n sub: 30, n images per sub: 5, sigma^2: 0.5, beta: 0, simulation: 6"
[1] "n sub: 30, n images per sub: 5, sigma^2: 2, beta: 0, simulation: 6"
[1] "n sub: 30, n images per sub: 5, sigma^2: 1, beta: 0, simulation: 7"
[1] "n sub: 30, n images per sub: 5, sigma^2: 0.5, beta: 0, simulation: 7"
[1] "n sub: 30, n images per sub: 5, sigma^2: 2, beta: 0, simulation: 7"
[1] "n sub: 30, n images per sub: 5, sigma^2: 0.5, beta: 0, simulation: 8"
[1] "n sub: 30, n images per sub: 5, sigma^2: 1, beta: 0, simulation: 8"
[1] "n sub: 30, n images per sub: 5, sigma^2: 2, beta: 0, simulation: 8"
[1] "n sub: 30, n images per sub: 5, sigma^2: 0.5, beta: 0, simulation: 9"
[1] "n sub: 30, n images per sub: 5, sigma^2: 1, beta: 0, simulation: 9"
[1] "n sub: 30, n images per sub: 5, sigma^2: 2, beta: 0, simulation: 9"
[1] "n sub: 30, n images per sub: 5, sigma^2: 0.5, beta: 0, simulation: 10"
[1] "n sub: 30, n images per sub: 5, sigma^2: 1, beta: 0, simulation: 10"
[1] "n sub: 30, n images per sub: 5, sigma^2: 2, beta: 0, simulation: 10"
[1] "n sub: 30, n images per sub: 5, sigma^2: 0.5, beta: 0, simulation: 11"
[1] "n sub: 30, n images per sub: 5, sigma^2: 1, beta: 0, simulation: 11"
[1] "n sub: 30, n images per sub: 5, sigma^2: 2, beta: 0, simulation: 11"
[1] "n sub: 30, n images per sub: 5, sigma^2: 0.5, beta: 0, simulation: 12"
[1] "n sub: 30, n images per sub: 5, sigma^2: 1, beta: 0, simulation: 12"
[1] "n sub: 30, n images per sub: 5, sigma^2: 2, beta: 0, simulation: 12"
[1] "n sub: 30, n images per sub: 5, sigma^2: 0.5, beta: 0, simulation: 13"
[1] "n sub: 30, n images per sub: 5, sigma^2: 1, beta: 0, simulation: 13"
[1] "n sub: 30, n images per sub: 5, sigma^2: 2, beta: 0, simulation: 13"
[1] "n sub: 30, n images per sub: 5, sigma^2: 0.5, beta: 0, simulation: 14"
[1] "n sub: 30, n images per sub: 5, sigma^2: 1, beta: 0, simulation: 14"
[1] "n sub: 30, n images per sub: 5, sigma^2: 2, beta: 0, simulation: 14"
