 [1] 14716 14717 14718 14719 14720 14721 14722 14723 14724 14725 14726 14727
[13] 14728 14729 14730 14731 14732 14733 14734 14735 14736 14737 14738 14739
[25] 14740 14741 14742
[1] "n sub: 50, n images per sub: 5, sigma^2: 0.5, beta: 0, simulation: 6"
[1] "n sub: 50, n images per sub: 5, sigma^2: 1, beta: 0, simulation: 6"
[1] "n sub: 50, n images per sub: 5, sigma^2: 2, beta: 0, simulation: 6"
[1] "n sub: 50, n images per sub: 5, sigma^2: 0.5, beta: 0, simulation: 7"
[1] "n sub: 50, n images per sub: 5, sigma^2: 2, beta: 0, simulation: 7"
[1] "n sub: 50, n images per sub: 5, sigma^2: 1, beta: 0, simulation: 7"
[1] "n sub: 50, n images per sub: 5, sigma^2: 0.5, beta: 0, simulation: 8"
[1] "n sub: 50, n images per sub: 5, sigma^2: 2, beta: 0, simulation: 8"
[1] "n sub: 50, n images per sub: 5, sigma^2: 1, beta: 0, simulation: 8"
[1] "n sub: 50, n images per sub: 5, sigma^2: 0.5, beta: 0, simulation: 9"
[1] "n sub: 50, n images per sub: 5, sigma^2: 2, beta: 0, simulation: 9"
[1] "n sub: 50, n images per sub: 5, sigma^2: 1, beta: 0, simulation: 9"
[1] "n sub: 50, n images per sub: 5, sigma^2: 0.5, beta: 0, simulation: 10"
[1] "n sub: 50, n images per sub: 5, sigma^2: 1, beta: 0, simulation: 10"
[1] "n sub: 50, n images per sub: 5, sigma^2: 2, beta: 0, simulation: 10"
[1] "n sub: 50, n images per sub: 5, sigma^2: 0.5, beta: 0, simulation: 11"
[1] "n sub: 50, n images per sub: 5, sigma^2: 2, beta: 0, simulation: 11"
[1] "n sub: 50, n images per sub: 5, sigma^2: 1, beta: 0, simulation: 11"
[1] "n sub: 50, n images per sub: 5, sigma^2: 0.5, beta: 0, simulation: 12"
[1] "n sub: 50, n images per sub: 5, sigma^2: 2, beta: 0, simulation: 12"
[1] "n sub: 50, n images per sub: 5, sigma^2: 1, beta: 0, simulation: 12"
[1] "n sub: 50, n images per sub: 5, sigma^2: 0.5, beta: 0, simulation: 13"
[1] "n sub: 50, n images per sub: 5, sigma^2: 1, beta: 0, simulation: 13"
[1] "n sub: 50, n images per sub: 5, sigma^2: 2, beta: 0, simulation: 13"
[1] "n sub: 50, n images per sub: 5, sigma^2: 0.5, beta: 0, simulation: 14"
[1] "n sub: 50, n images per sub: 5, sigma^2: 2, beta: 0, simulation: 14"
[1] "n sub: 50, n images per sub: 5, sigma^2: 1, beta: 0, simulation: 14"
