 [1] 13771 13772 13773 13774 13775 13776 13777 13778 13779 13780 13781 13782
[13] 13783 13784 13785 13786 13787 13788 13789 13790 13791 13792 13793 13794
[25] 13795 13796 13797
[1] "n sub: 50, n images per sub: 5, sigma^2: 2, beta: -1.1, simulation: 91"
[1] "n sub: 50, n images per sub: 5, sigma^2: 1, beta: -1.1, simulation: 91"
[1] "n sub: 50, n images per sub: 5, sigma^2: 0.5, beta: -1.1, simulation: 91"
[1] "n sub: 50, n images per sub: 5, sigma^2: 1, beta: -1.1, simulation: 92"
[1] "n sub: 50, n images per sub: 5, sigma^2: 2, beta: -1.1, simulation: 92"
[1] "n sub: 50, n images per sub: 5, sigma^2: 0.5, beta: -1.1, simulation: 92"
[1] "n sub: 50, n images per sub: 5, sigma^2: 1, beta: -1.1, simulation: 93"
[1] "n sub: 50, n images per sub: 5, sigma^2: 2, beta: -1.1, simulation: 93"
[1] "n sub: 50, n images per sub: 5, sigma^2: 0.5, beta: -1.1, simulation: 93"
[1] "n sub: 50, n images per sub: 5, sigma^2: 2, beta: -1.1, simulation: 94"
[1] "n sub: 50, n images per sub: 5, sigma^2: 1, beta: -1.1, simulation: 94"
[1] "n sub: 50, n images per sub: 5, sigma^2: 0.5, beta: -1.1, simulation: 94"
[1] "n sub: 50, n images per sub: 5, sigma^2: 1, beta: -1.1, simulation: 95"
[1] "n sub: 50, n images per sub: 5, sigma^2: 2, beta: -1.1, simulation: 95"
[1] "n sub: 50, n images per sub: 5, sigma^2: 0.5, beta: -1.1, simulation: 95"
[1] "n sub: 50, n images per sub: 5, sigma^2: 2, beta: -1.1, simulation: 96"
[1] "n sub: 50, n images per sub: 5, sigma^2: 1, beta: -1.1, simulation: 96"
[1] "n sub: 50, n images per sub: 5, sigma^2: 0.5, beta: -1.1, simulation: 96"
[1] "n sub: 50, n images per sub: 5, sigma^2: 2, beta: -1.1, simulation: 97"
[1] "n sub: 50, n images per sub: 5, sigma^2: 1, beta: -1.1, simulation: 97"
[1] "n sub: 50, n images per sub: 5, sigma^2: 0.5, beta: -1.1, simulation: 97"
[1] "n sub: 50, n images per sub: 5, sigma^2: 2, beta: -1.1, simulation: 98"
[1] "n sub: 50, n images per sub: 5, sigma^2: 1, beta: -1.1, simulation: 98"
[1] "n sub: 50, n images per sub: 5, sigma^2: 0.5, beta: -1.1, simulation: 98"
[1] "n sub: 50, n images per sub: 5, sigma^2: 1, beta: -1.1, simulation: 99"
[1] "n sub: 50, n images per sub: 5, sigma^2: 2, beta: -1.1, simulation: 99"
[1] "n sub: 50, n images per sub: 5, sigma^2: 0.5, beta: -1.1, simulation: 99"
