  [1] 3241 3242 3243 3244 3245 3246 3247 3248 3249 3250 3251 3252 3253 3254 3255
 [16] 3256 3257 3258 3259 3260 3261 3262 3263 3264 3265 3266 3267 3268 3269 3270
 [31] 3271 3272 3273 3274 3275 3276 3277 3278 3279 3280 3281 3282 3283 3284 3285
 [46] 3286 3287 3288 3289 3290 3291 3292 3293 3294 3295 3296 3297 3298 3299 3300
 [61] 3301 3302 3303 3304 3305 3306 3307 3308 3309 3310 3311 3312 3313 3314 3315
 [76] 3316 3317 3318 3319 3320 3321 3322 3323 3324 3325 3326 3327 3328 3329 3330
 [91] 3331 3332 3333 3334 3335 3336 3337 3338 3339 3340 3341 3342 3343 3344 3345
[106] 3346 3347 3348 3349 3350 3351 3352 3353 3354 3355 3356 3357 3358 3359 3360
[121] 3361 3362 3363 3364 3365 3366 3367 3368 3369 3370 3371 3372 3373 3374 3375
[1] "n sub: 30, n images per sub: 1, sigma^2: 2, beta: -0.69, simulation: 81"
[1] "n sub: 30, n images per sub: 1, sigma^2: 0.5, beta: -0.69, simulation: 81"
[1] "n sub: 30, n images per sub: 1, sigma^2: 1, beta: -0.69, simulation: 81"
[1] "n sub: 30, n images per sub: 1, sigma^2: 2, beta: -0.69, simulation: 82"
[1] "n sub: 30, n images per sub: 1, sigma^2: 1, beta: -0.69, simulation: 82"
[1] "n sub: 30, n images per sub: 1, sigma^2: 0.5, beta: -0.69, simulation: 82"
[1] "n sub: 30, n images per sub: 1, sigma^2: 2, beta: -0.69, simulation: 83"
[1] "n sub: 30, n images per sub: 1, sigma^2: 1, beta: -0.69, simulation: 83"
[1] "n sub: 30, n images per sub: 1, sigma^2: 0.5, beta: -0.69, simulation: 83"
[1] "n sub: 30, n images per sub: 1, sigma^2: 2, beta: -0.69, simulation: 84"
[1] "n sub: 30, n images per sub: 1, sigma^2: 1, beta: -0.69, simulation: 84"
[1] "n sub: 30, n images per sub: 1, sigma^2: 0.5, beta: -0.69, simulation: 84"
[1] "n sub: 30, n images per sub: 1, sigma^2: 2, beta: -0.69, simulation: 85"
[1] "n sub: 30, n images per sub: 1, sigma^2: 1, beta: -0.69, simulation: 85"
[1] "n sub: 30, n images per sub: 1, sigma^2: 0.5, beta: -0.69, simulation: 85"
[1] "n sub: 30, n images per sub: 1, sigma^2: 2, beta: -0.69, simulation: 86"
[1] "n sub: 30, n images per sub: 1, sigma^2: 1, beta: -0.69, simulation: 86"
[1] "n sub: 30, n images per sub: 1, sigma^2: 0.5, beta: -0.69, simulation: 86"
[1] "n sub: 30, n images per sub: 1, sigma^2: 2, beta: -0.69, simulation: 87"
[1] "n sub: 30, n images per sub: 1, sigma^2: 1, beta: -0.69, simulation: 87"
[1] "n sub: 30, n images per sub: 1, sigma^2: 0.5, beta: -0.69, simulation: 87"
[1] "n sub: 30, n images per sub: 1, sigma^2: 2, beta: -0.69, simulation: 88"
[1] "n sub: 30, n images per sub: 1, sigma^2: 1, beta: -0.69, simulation: 88"
[1] "n sub: 30, n images per sub: 1, sigma^2: 0.5, beta: -0.69, simulation: 88"
[1] "n sub: 30, n images per sub: 1, sigma^2: 2, beta: -0.69, simulation: 89"
[1] "n sub: 30, n images per sub: 1, sigma^2: 1, beta: -0.69, simulation: 89"
[1] "n sub: 30, n images per sub: 1, sigma^2: 0.5, beta: -0.69, simulation: 89"
[1] "n sub: 30, n images per sub: 1, sigma^2: 2, beta: -0.69, simulation: 90"
[1] "n sub: 30, n images per sub: 1, sigma^2: 1, beta: -0.69, simulation: 90"
[1] "n sub: 30, n images per sub: 1, sigma^2: 0.5, beta: -0.69, simulation: 90"
[1] "n sub: 30, n images per sub: 1, sigma^2: 2, beta: -0.69, simulation: 91"
[1] "n sub: 30, n images per sub: 1, sigma^2: 1, beta: -0.69, simulation: 91"
[1] "n sub: 30, n images per sub: 1, sigma^2: 0.5, beta: -0.69, simulation: 91"
[1] "n sub: 30, n images per sub: 1, sigma^2: 2, beta: -0.69, simulation: 92"
[1] "n sub: 30, n images per sub: 1, sigma^2: 1, beta: -0.69, simulation: 92"
[1] "n sub: 30, n images per sub: 1, sigma^2: 0.5, beta: -0.69, simulation: 92"
[1] "n sub: 30, n images per sub: 1, sigma^2: 2, beta: -0.69, simulation: 93"
[1] "n sub: 30, n images per sub: 1, sigma^2: 1, beta: -0.69, simulation: 93"
[1] "n sub: 30, n images per sub: 1, sigma^2: 0.5, beta: -0.69, simulation: 93"
[1] "n sub: 30, n images per sub: 1, sigma^2: 2, beta: -0.69, simulation: 94"
[1] "n sub: 30, n images per sub: 1, sigma^2: 1, beta: -0.69, simulation: 94"
[1] "n sub: 30, n images per sub: 1, sigma^2: 0.5, beta: -0.69, simulation: 94"
[1] "n sub: 30, n images per sub: 1, sigma^2: 2, beta: -0.69, simulation: 95"
[1] "n sub: 30, n images per sub: 1, sigma^2: 1, beta: -0.69, simulation: 95"
[1] "n sub: 30, n images per sub: 1, sigma^2: 0.5, beta: -0.69, simulation: 95"
[1] "n sub: 30, n images per sub: 1, sigma^2: 2, beta: -0.69, simulation: 96"
[1] "n sub: 30, n images per sub: 1, sigma^2: 1, beta: -0.69, simulation: 96"
[1] "n sub: 30, n images per sub: 1, sigma^2: 0.5, beta: -0.69, simulation: 96"
[1] "n sub: 30, n images per sub: 1, sigma^2: 2, beta: -0.69, simulation: 97"
[1] "n sub: 30, n images per sub: 1, sigma^2: 1, beta: -0.69, simulation: 97"
[1] "n sub: 30, n images per sub: 1, sigma^2: 0.5, beta: -0.69, simulation: 97"
[1] "n sub: 30, n images per sub: 1, sigma^2: 2, beta: -0.69, simulation: 98"
[1] "n sub: 30, n images per sub: 1, sigma^2: 1, beta: -0.69, simulation: 98"
[1] "n sub: 30, n images per sub: 1, sigma^2: 0.5, beta: -0.69, simulation: 98"
[1] "n sub: 30, n images per sub: 1, sigma^2: 2, beta: -0.69, simulation: 99"
[1] "n sub: 30, n images per sub: 1, sigma^2: 1, beta: -0.69, simulation: 99"
[1] "n sub: 30, n images per sub: 1, sigma^2: 0.5, beta: -0.69, simulation: 99"
[1] "n sub: 30, n images per sub: 1, sigma^2: 2, beta: -0.69, simulation: 100"
[1] "n sub: 30, n images per sub: 1, sigma^2: 1, beta: -0.69, simulation: 100"
[1] "n sub: 30, n images per sub: 1, sigma^2: 0.5, beta: -0.69, simulation: 100"
[1] "n sub: 30, n images per sub: 1, sigma^2: 0.5, beta: -0.41, simulation: 1"
[1] "n sub: 30, n images per sub: 1, sigma^2: 1, beta: -0.41, simulation: 1"
[1] "n sub: 30, n images per sub: 1, sigma^2: 2, beta: -0.41, simulation: 1"
[1] "n sub: 30, n images per sub: 1, sigma^2: 0.5, beta: -0.41, simulation: 2"
[1] "n sub: 30, n images per sub: 1, sigma^2: 1, beta: -0.41, simulation: 2"
[1] "n sub: 30, n images per sub: 1, sigma^2: 2, beta: -0.41, simulation: 2"
[1] "n sub: 30, n images per sub: 1, sigma^2: 0.5, beta: -0.41, simulation: 3"
[1] "n sub: 30, n images per sub: 1, sigma^2: 1, beta: -0.41, simulation: 3"
[1] "n sub: 30, n images per sub: 1, sigma^2: 2, beta: -0.41, simulation: 3"
[1] "n sub: 30, n images per sub: 1, sigma^2: 0.5, beta: -0.41, simulation: 4"
[1] "n sub: 30, n images per sub: 1, sigma^2: 1, beta: -0.41, simulation: 4"
[1] "n sub: 30, n images per sub: 1, sigma^2: 2, beta: -0.41, simulation: 4"
[1] "n sub: 30, n images per sub: 1, sigma^2: 0.5, beta: -0.41, simulation: 5"
[1] "n sub: 30, n images per sub: 1, sigma^2: 2, beta: -0.41, simulation: 5"
[1] "n sub: 30, n images per sub: 1, sigma^2: 1, beta: -0.41, simulation: 5"
[1] "n sub: 30, n images per sub: 1, sigma^2: 0.5, beta: -0.41, simulation: 6"
[1] "n sub: 30, n images per sub: 1, sigma^2: 1, beta: -0.41, simulation: 6"
[1] "n sub: 30, n images per sub: 1, sigma^2: 2, beta: -0.41, simulation: 6"
[1] "n sub: 30, n images per sub: 1, sigma^2: 0.5, beta: -0.41, simulation: 7"
[1] "n sub: 30, n images per sub: 1, sigma^2: 2, beta: -0.41, simulation: 7"
[1] "n sub: 30, n images per sub: 1, sigma^2: 1, beta: -0.41, simulation: 7"
[1] "n sub: 30, n images per sub: 1, sigma^2: 0.5, beta: -0.41, simulation: 8"
[1] "n sub: 30, n images per sub: 1, sigma^2: 1, beta: -0.41, simulation: 8"
[1] "n sub: 30, n images per sub: 1, sigma^2: 2, beta: -0.41, simulation: 8"
[1] "n sub: 30, n images per sub: 1, sigma^2: 0.5, beta: -0.41, simulation: 9"
[1] "n sub: 30, n images per sub: 1, sigma^2: 2, beta: -0.41, simulation: 9"
[1] "n sub: 30, n images per sub: 1, sigma^2: 1, beta: -0.41, simulation: 9"
[1] "n sub: 30, n images per sub: 1, sigma^2: 0.5, beta: -0.41, simulation: 10"
[1] "n sub: 30, n images per sub: 1, sigma^2: 2, beta: -0.41, simulation: 10"
[1] "n sub: 30, n images per sub: 1, sigma^2: 1, beta: -0.41, simulation: 10"
[1] "n sub: 30, n images per sub: 1, sigma^2: 0.5, beta: -0.41, simulation: 11"
[1] "n sub: 30, n images per sub: 1, sigma^2: 2, beta: -0.41, simulation: 11"
[1] "n sub: 30, n images per sub: 1, sigma^2: 1, beta: -0.41, simulation: 11"
[1] "n sub: 30, n images per sub: 1, sigma^2: 0.5, beta: -0.41, simulation: 12"
[1] "n sub: 30, n images per sub: 1, sigma^2: 2, beta: -0.41, simulation: 12"
[1] "n sub: 30, n images per sub: 1, sigma^2: 1, beta: -0.41, simulation: 12"
[1] "n sub: 30, n images per sub: 1, sigma^2: 0.5, beta: -0.41, simulation: 13"
[1] "n sub: 30, n images per sub: 1, sigma^2: 2, beta: -0.41, simulation: 13"
[1] "n sub: 30, n images per sub: 1, sigma^2: 1, beta: -0.41, simulation: 13"
[1] "n sub: 30, n images per sub: 1, sigma^2: 0.5, beta: -0.41, simulation: 14"
[1] "n sub: 30, n images per sub: 1, sigma^2: 2, beta: -0.41, simulation: 14"
[1] "n sub: 30, n images per sub: 1, sigma^2: 1, beta: -0.41, simulation: 14"
[1] "n sub: 30, n images per sub: 1, sigma^2: 0.5, beta: -0.41, simulation: 15"
[1] "n sub: 30, n images per sub: 1, sigma^2: 2, beta: -0.41, simulation: 15"
[1] "n sub: 30, n images per sub: 1, sigma^2: 1, beta: -0.41, simulation: 15"
[1] "n sub: 30, n images per sub: 1, sigma^2: 0.5, beta: -0.41, simulation: 16"
[1] "n sub: 30, n images per sub: 1, sigma^2: 2, beta: -0.41, simulation: 16"
[1] "n sub: 30, n images per sub: 1, sigma^2: 1, beta: -0.41, simulation: 16"
[1] "n sub: 30, n images per sub: 1, sigma^2: 0.5, beta: -0.41, simulation: 17"
[1] "n sub: 30, n images per sub: 1, sigma^2: 2, beta: -0.41, simulation: 17"
[1] "n sub: 30, n images per sub: 1, sigma^2: 1, beta: -0.41, simulation: 17"
[1] "n sub: 30, n images per sub: 1, sigma^2: 0.5, beta: -0.41, simulation: 18"
[1] "n sub: 30, n images per sub: 1, sigma^2: 2, beta: -0.41, simulation: 18"
[1] "n sub: 30, n images per sub: 1, sigma^2: 1, beta: -0.41, simulation: 18"
[1] "n sub: 30, n images per sub: 1, sigma^2: 0.5, beta: -0.41, simulation: 19"
[1] "n sub: 30, n images per sub: 1, sigma^2: 2, beta: -0.41, simulation: 19"
[1] "n sub: 30, n images per sub: 1, sigma^2: 1, beta: -0.41, simulation: 19"
[1] "n sub: 30, n images per sub: 1, sigma^2: 0.5, beta: -0.41, simulation: 20"
[1] "n sub: 30, n images per sub: 1, sigma^2: 2, beta: -0.41, simulation: 20"
[1] "n sub: 30, n images per sub: 1, sigma^2: 1, beta: -0.41, simulation: 20"
[1] "n sub: 30, n images per sub: 1, sigma^2: 0.5, beta: -0.41, simulation: 21"
[1] "n sub: 30, n images per sub: 1, sigma^2: 2, beta: -0.41, simulation: 21"
[1] "n sub: 30, n images per sub: 1, sigma^2: 1, beta: -0.41, simulation: 21"
[1] "n sub: 30, n images per sub: 1, sigma^2: 0.5, beta: -0.41, simulation: 22"
[1] "n sub: 30, n images per sub: 1, sigma^2: 2, beta: -0.41, simulation: 22"
[1] "n sub: 30, n images per sub: 1, sigma^2: 1, beta: -0.41, simulation: 22"
[1] "n sub: 30, n images per sub: 1, sigma^2: 0.5, beta: -0.41, simulation: 23"
[1] "n sub: 30, n images per sub: 1, sigma^2: 2, beta: -0.41, simulation: 23"
[1] "n sub: 30, n images per sub: 1, sigma^2: 1, beta: -0.41, simulation: 23"
[1] "n sub: 30, n images per sub: 1, sigma^2: 0.5, beta: -0.41, simulation: 24"
[1] "n sub: 30, n images per sub: 1, sigma^2: 2, beta: -0.41, simulation: 24"
[1] "n sub: 30, n images per sub: 1, sigma^2: 1, beta: -0.41, simulation: 24"
[1] "n sub: 30, n images per sub: 1, sigma^2: 0.5, beta: -0.41, simulation: 25"
[1] "n sub: 30, n images per sub: 1, sigma^2: 2, beta: -0.41, simulation: 25"
[1] "n sub: 30, n images per sub: 1, sigma^2: 1, beta: -0.41, simulation: 25"
