 [1] 15985 15986 15987 15988 15989 15990 15991 15992 15993 15994 15995 15996
[13] 15997 15998 15999 16000 16001 16002 16003 16004 16005 16006 16007 16008
[25] 16009 16010 16011
[1] "n sub: 50, n images per sub: 5, sigma^2: 1, beta: 1.1, simulation: 29"
[1] "n sub: 50, n images per sub: 5, sigma^2: 2, beta: 1.1, simulation: 29"
[1] "n sub: 50, n images per sub: 5, sigma^2: 0.5, beta: 1.1, simulation: 29"
[1] "n sub: 50, n images per sub: 5, sigma^2: 2, beta: 1.1, simulation: 30"
[1] "n sub: 50, n images per sub: 5, sigma^2: 1, beta: 1.1, simulation: 30"
[1] "n sub: 50, n images per sub: 5, sigma^2: 0.5, beta: 1.1, simulation: 30"
[1] "n sub: 50, n images per sub: 5, sigma^2: 0.5, beta: 1.1, simulation: 31"
[1] "n sub: 50, n images per sub: 5, sigma^2: 1, beta: 1.1, simulation: 31"
[1] "n sub: 50, n images per sub: 5, sigma^2: 2, beta: 1.1, simulation: 31"
[1] "n sub: 50, n images per sub: 5, sigma^2: 0.5, beta: 1.1, simulation: 32"
[1] "n sub: 50, n images per sub: 5, sigma^2: 1, beta: 1.1, simulation: 32"
[1] "n sub: 50, n images per sub: 5, sigma^2: 2, beta: 1.1, simulation: 32"
[1] "n sub: 50, n images per sub: 5, sigma^2: 0.5, beta: 1.1, simulation: 33"
[1] "n sub: 50, n images per sub: 5, sigma^2: 1, beta: 1.1, simulation: 33"
[1] "n sub: 50, n images per sub: 5, sigma^2: 2, beta: 1.1, simulation: 33"
[1] "n sub: 50, n images per sub: 5, sigma^2: 0.5, beta: 1.1, simulation: 34"
[1] "n sub: 50, n images per sub: 5, sigma^2: 1, beta: 1.1, simulation: 34"
[1] "n sub: 50, n images per sub: 5, sigma^2: 2, beta: 1.1, simulation: 34"
[1] "n sub: 50, n images per sub: 5, sigma^2: 0.5, beta: 1.1, simulation: 35"
[1] "n sub: 50, n images per sub: 5, sigma^2: 1, beta: 1.1, simulation: 35"
[1] "n sub: 50, n images per sub: 5, sigma^2: 2, beta: 1.1, simulation: 35"
[1] "n sub: 50, n images per sub: 5, sigma^2: 0.5, beta: 1.1, simulation: 36"
[1] "n sub: 50, n images per sub: 5, sigma^2: 1, beta: 1.1, simulation: 36"
[1] "n sub: 50, n images per sub: 5, sigma^2: 2, beta: 1.1, simulation: 36"
[1] "n sub: 50, n images per sub: 5, sigma^2: 0.5, beta: 1.1, simulation: 37"
[1] "n sub: 50, n images per sub: 5, sigma^2: 1, beta: 1.1, simulation: 37"
[1] "n sub: 50, n images per sub: 5, sigma^2: 2, beta: 1.1, simulation: 37"
