 [1] 11071 11072 11073 11074 11075 11076 11077 11078 11079 11080 11081 11082
[13] 11083 11084 11085 11086 11087 11088 11089 11090 11091 11092 11093 11094
[25] 11095 11096 11097 11098 11099 11100 11101 11102 11103 11104 11105 11106
[37] 11107 11108 11109 11110 11111 11112 11113 11114 11115 11116 11117 11118
[49] 11119 11120 11121 11122 11123 11124
[1] "n sub: 30, n images per sub: 5, sigma^2: 1, beta: -1.1, simulation: 91"
[1] "n sub: 30, n images per sub: 5, sigma^2: 2, beta: -1.1, simulation: 91"
[1] "n sub: 30, n images per sub: 5, sigma^2: 0.5, beta: -1.1, simulation: 91"
[1] "n sub: 30, n images per sub: 5, sigma^2: 1, beta: -1.1, simulation: 92"
[1] "n sub: 30, n images per sub: 5, sigma^2: 2, beta: -1.1, simulation: 92"
[1] "n sub: 30, n images per sub: 5, sigma^2: 0.5, beta: -1.1, simulation: 92"
[1] "n sub: 30, n images per sub: 5, sigma^2: 1, beta: -1.1, simulation: 93"
[1] "n sub: 30, n images per sub: 5, sigma^2: 2, beta: -1.1, simulation: 93"
[1] "n sub: 30, n images per sub: 5, sigma^2: 0.5, beta: -1.1, simulation: 93"
[1] "n sub: 30, n images per sub: 5, sigma^2: 1, beta: -1.1, simulation: 94"
[1] "n sub: 30, n images per sub: 5, sigma^2: 2, beta: -1.1, simulation: 94"
[1] "n sub: 30, n images per sub: 5, sigma^2: 0.5, beta: -1.1, simulation: 94"
[1] "n sub: 30, n images per sub: 5, sigma^2: 1, beta: -1.1, simulation: 95"
[1] "n sub: 30, n images per sub: 5, sigma^2: 2, beta: -1.1, simulation: 95"
[1] "n sub: 30, n images per sub: 5, sigma^2: 0.5, beta: -1.1, simulation: 95"
[1] "n sub: 30, n images per sub: 5, sigma^2: 1, beta: -1.1, simulation: 96"
[1] "n sub: 30, n images per sub: 5, sigma^2: 2, beta: -1.1, simulation: 96"
[1] "n sub: 30, n images per sub: 5, sigma^2: 0.5, beta: -1.1, simulation: 96"
[1] "n sub: 30, n images per sub: 5, sigma^2: 1, beta: -1.1, simulation: 97"
[1] "n sub: 30, n images per sub: 5, sigma^2: 2, beta: -1.1, simulation: 97"
[1] "n sub: 30, n images per sub: 5, sigma^2: 0.5, beta: -1.1, simulation: 97"
[1] "n sub: 30, n images per sub: 5, sigma^2: 1, beta: -1.1, simulation: 98"
[1] "n sub: 30, n images per sub: 5, sigma^2: 2, beta: -1.1, simulation: 98"
[1] "n sub: 30, n images per sub: 5, sigma^2: 0.5, beta: -1.1, simulation: 98"
[1] "n sub: 30, n images per sub: 5, sigma^2: 1, beta: -1.1, simulation: 99"
[1] "n sub: 30, n images per sub: 5, sigma^2: 2, beta: -1.1, simulation: 99"
[1] "n sub: 30, n images per sub: 5, sigma^2: 0.5, beta: -1.1, simulation: 99"
[1] "n sub: 30, n images per sub: 5, sigma^2: 1, beta: -1.1, simulation: 100"
[1] "n sub: 30, n images per sub: 5, sigma^2: 2, beta: -1.1, simulation: 100"
[1] "n sub: 30, n images per sub: 5, sigma^2: 0.5, beta: -1.1, simulation: 100"
[1] "n sub: 30, n images per sub: 5, sigma^2: 2, beta: -0.69, simulation: 1"
[1] "n sub: 30, n images per sub: 5, sigma^2: 1, beta: -0.69, simulation: 1"
[1] "n sub: 30, n images per sub: 5, sigma^2: 0.5, beta: -0.69, simulation: 1"
[1] "n sub: 30, n images per sub: 5, sigma^2: 2, beta: -0.69, simulation: 2"
[1] "n sub: 30, n images per sub: 5, sigma^2: 1, beta: -0.69, simulation: 2"
[1] "n sub: 30, n images per sub: 5, sigma^2: 0.5, beta: -0.69, simulation: 2"
[1] "n sub: 30, n images per sub: 5, sigma^2: 2, beta: -0.69, simulation: 3"
[1] "n sub: 30, n images per sub: 5, sigma^2: 1, beta: -0.69, simulation: 3"
[1] "n sub: 30, n images per sub: 5, sigma^2: 0.5, beta: -0.69, simulation: 3"
[1] "n sub: 30, n images per sub: 5, sigma^2: 2, beta: -0.69, simulation: 4"
[1] "n sub: 30, n images per sub: 5, sigma^2: 1, beta: -0.69, simulation: 4"
[1] "n sub: 30, n images per sub: 5, sigma^2: 0.5, beta: -0.69, simulation: 4"
[1] "n sub: 30, n images per sub: 5, sigma^2: 2, beta: -0.69, simulation: 5"
[1] "n sub: 30, n images per sub: 5, sigma^2: 1, beta: -0.69, simulation: 5"
[1] "n sub: 30, n images per sub: 5, sigma^2: 0.5, beta: -0.69, simulation: 5"
[1] "n sub: 30, n images per sub: 5, sigma^2: 2, beta: -0.69, simulation: 6"
[1] "n sub: 30, n images per sub: 5, sigma^2: 1, beta: -0.69, simulation: 6"
[1] "n sub: 30, n images per sub: 5, sigma^2: 0.5, beta: -0.69, simulation: 6"
[1] "n sub: 30, n images per sub: 5, sigma^2: 2, beta: -0.69, simulation: 7"
[1] "n sub: 30, n images per sub: 5, sigma^2: 1, beta: -0.69, simulation: 7"
[1] "n sub: 30, n images per sub: 5, sigma^2: 0.5, beta: -0.69, simulation: 7"
[1] "n sub: 30, n images per sub: 5, sigma^2: 2, beta: -0.69, simulation: 8"
[1] "n sub: 30, n images per sub: 5, sigma^2: 1, beta: -0.69, simulation: 8"
[1] "n sub: 30, n images per sub: 5, sigma^2: 0.5, beta: -0.69, simulation: 8"
