 [1] 11287 11288 11289 11290 11291 11292 11293 11294 11295 11296 11297 11298
[13] 11299 11300 11301 11302 11303 11304 11305 11306 11307 11308 11309 11310
[25] 11311 11312 11313 11314 11315 11316 11317 11318 11319 11320 11321 11322
[37] 11323 11324 11325 11326 11327 11328 11329 11330 11331 11332 11333 11334
[49] 11335 11336 11337 11338 11339 11340
[1] "n sub: 30, n images per sub: 5, sigma^2: 2, beta: -0.69, simulation: 63"
[1] "n sub: 30, n images per sub: 5, sigma^2: 1, beta: -0.69, simulation: 63"
[1] "n sub: 30, n images per sub: 5, sigma^2: 0.5, beta: -0.69, simulation: 63"
[1] "n sub: 30, n images per sub: 5, sigma^2: 2, beta: -0.69, simulation: 64"
[1] "n sub: 30, n images per sub: 5, sigma^2: 1, beta: -0.69, simulation: 64"
[1] "n sub: 30, n images per sub: 5, sigma^2: 0.5, beta: -0.69, simulation: 64"
[1] "n sub: 30, n images per sub: 5, sigma^2: 2, beta: -0.69, simulation: 65"
[1] "n sub: 30, n images per sub: 5, sigma^2: 1, beta: -0.69, simulation: 65"
[1] "n sub: 30, n images per sub: 5, sigma^2: 0.5, beta: -0.69, simulation: 65"
[1] "n sub: 30, n images per sub: 5, sigma^2: 2, beta: -0.69, simulation: 66"
[1] "n sub: 30, n images per sub: 5, sigma^2: 1, beta: -0.69, simulation: 66"
[1] "n sub: 30, n images per sub: 5, sigma^2: 0.5, beta: -0.69, simulation: 66"
[1] "n sub: 30, n images per sub: 5, sigma^2: 2, beta: -0.69, simulation: 67"
[1] "n sub: 30, n images per sub: 5, sigma^2: 1, beta: -0.69, simulation: 67"
[1] "n sub: 30, n images per sub: 5, sigma^2: 0.5, beta: -0.69, simulation: 67"
[1] "n sub: 30, n images per sub: 5, sigma^2: 2, beta: -0.69, simulation: 68"
[1] "n sub: 30, n images per sub: 5, sigma^2: 1, beta: -0.69, simulation: 68"
[1] "n sub: 30, n images per sub: 5, sigma^2: 0.5, beta: -0.69, simulation: 68"
[1] "n sub: 30, n images per sub: 5, sigma^2: 2, beta: -0.69, simulation: 69"
[1] "n sub: 30, n images per sub: 5, sigma^2: 1, beta: -0.69, simulation: 69"
[1] "n sub: 30, n images per sub: 5, sigma^2: 0.5, beta: -0.69, simulation: 69"
[1] "n sub: 30, n images per sub: 5, sigma^2: 2, beta: -0.69, simulation: 70"
[1] "n sub: 30, n images per sub: 5, sigma^2: 1, beta: -0.69, simulation: 70"
[1] "n sub: 30, n images per sub: 5, sigma^2: 0.5, beta: -0.69, simulation: 70"
[1] "n sub: 30, n images per sub: 5, sigma^2: 2, beta: -0.69, simulation: 71"
[1] "n sub: 30, n images per sub: 5, sigma^2: 1, beta: -0.69, simulation: 71"
[1] "n sub: 30, n images per sub: 5, sigma^2: 0.5, beta: -0.69, simulation: 71"
[1] "n sub: 30, n images per sub: 5, sigma^2: 2, beta: -0.69, simulation: 72"
[1] "n sub: 30, n images per sub: 5, sigma^2: 1, beta: -0.69, simulation: 72"
[1] "n sub: 30, n images per sub: 5, sigma^2: 0.5, beta: -0.69, simulation: 72"
[1] "n sub: 30, n images per sub: 5, sigma^2: 2, beta: -0.69, simulation: 73"
[1] "n sub: 30, n images per sub: 5, sigma^2: 1, beta: -0.69, simulation: 73"
[1] "n sub: 30, n images per sub: 5, sigma^2: 0.5, beta: -0.69, simulation: 73"
[1] "n sub: 30, n images per sub: 5, sigma^2: 2, beta: -0.69, simulation: 74"
[1] "n sub: 30, n images per sub: 5, sigma^2: 1, beta: -0.69, simulation: 74"
[1] "n sub: 30, n images per sub: 5, sigma^2: 0.5, beta: -0.69, simulation: 74"
[1] "n sub: 30, n images per sub: 5, sigma^2: 2, beta: -0.69, simulation: 75"
[1] "n sub: 30, n images per sub: 5, sigma^2: 1, beta: -0.69, simulation: 75"
[1] "n sub: 30, n images per sub: 5, sigma^2: 0.5, beta: -0.69, simulation: 75"
[1] "n sub: 30, n images per sub: 5, sigma^2: 2, beta: -0.69, simulation: 76"
[1] "n sub: 30, n images per sub: 5, sigma^2: 1, beta: -0.69, simulation: 76"
[1] "n sub: 30, n images per sub: 5, sigma^2: 0.5, beta: -0.69, simulation: 76"
[1] "n sub: 30, n images per sub: 5, sigma^2: 2, beta: -0.69, simulation: 77"
[1] "n sub: 30, n images per sub: 5, sigma^2: 1, beta: -0.69, simulation: 77"
[1] "n sub: 30, n images per sub: 5, sigma^2: 0.5, beta: -0.69, simulation: 77"
[1] "n sub: 30, n images per sub: 5, sigma^2: 2, beta: -0.69, simulation: 78"
[1] "n sub: 30, n images per sub: 5, sigma^2: 0.5, beta: -0.69, simulation: 78"
[1] "n sub: 30, n images per sub: 5, sigma^2: 1, beta: -0.69, simulation: 78"
[1] "n sub: 30, n images per sub: 5, sigma^2: 2, beta: -0.69, simulation: 79"
[1] "n sub: 30, n images per sub: 5, sigma^2: 0.5, beta: -0.69, simulation: 79"
[1] "n sub: 30, n images per sub: 5, sigma^2: 1, beta: -0.69, simulation: 79"
[1] "n sub: 30, n images per sub: 5, sigma^2: 2, beta: -0.69, simulation: 80"
[1] "n sub: 30, n images per sub: 5, sigma^2: 1, beta: -0.69, simulation: 80"
[1] "n sub: 30, n images per sub: 5, sigma^2: 0.5, beta: -0.69, simulation: 80"
