 [1] 11341 11342 11343 11344 11345 11346 11347 11348 11349 11350 11351 11352
[13] 11353 11354 11355 11356 11357 11358 11359 11360 11361 11362 11363 11364
[25] 11365 11366 11367 11368 11369 11370 11371 11372 11373 11374 11375 11376
[37] 11377 11378 11379 11380 11381 11382 11383 11384 11385 11386 11387 11388
[49] 11389 11390 11391 11392 11393 11394
[1] "n sub: 30, n images per sub: 5, sigma^2: 2, beta: -0.69, simulation: 81"
[1] "n sub: 30, n images per sub: 5, sigma^2: 1, beta: -0.69, simulation: 81"
[1] "n sub: 30, n images per sub: 5, sigma^2: 0.5, beta: -0.69, simulation: 81"
[1] "n sub: 30, n images per sub: 5, sigma^2: 2, beta: -0.69, simulation: 82"
[1] "n sub: 30, n images per sub: 5, sigma^2: 1, beta: -0.69, simulation: 82"
[1] "n sub: 30, n images per sub: 5, sigma^2: 0.5, beta: -0.69, simulation: 82"
[1] "n sub: 30, n images per sub: 5, sigma^2: 2, beta: -0.69, simulation: 83"
[1] "n sub: 30, n images per sub: 5, sigma^2: 1, beta: -0.69, simulation: 83"
[1] "n sub: 30, n images per sub: 5, sigma^2: 0.5, beta: -0.69, simulation: 83"
[1] "n sub: 30, n images per sub: 5, sigma^2: 2, beta: -0.69, simulation: 84"
[1] "n sub: 30, n images per sub: 5, sigma^2: 1, beta: -0.69, simulation: 84"
[1] "n sub: 30, n images per sub: 5, sigma^2: 0.5, beta: -0.69, simulation: 84"
[1] "n sub: 30, n images per sub: 5, sigma^2: 2, beta: -0.69, simulation: 85"
[1] "n sub: 30, n images per sub: 5, sigma^2: 1, beta: -0.69, simulation: 85"
[1] "n sub: 30, n images per sub: 5, sigma^2: 0.5, beta: -0.69, simulation: 85"
[1] "n sub: 30, n images per sub: 5, sigma^2: 2, beta: -0.69, simulation: 86"
[1] "n sub: 30, n images per sub: 5, sigma^2: 1, beta: -0.69, simulation: 86"
[1] "n sub: 30, n images per sub: 5, sigma^2: 0.5, beta: -0.69, simulation: 86"
[1] "n sub: 30, n images per sub: 5, sigma^2: 2, beta: -0.69, simulation: 87"
[1] "n sub: 30, n images per sub: 5, sigma^2: 1, beta: -0.69, simulation: 87"
[1] "n sub: 30, n images per sub: 5, sigma^2: 0.5, beta: -0.69, simulation: 87"
[1] "n sub: 30, n images per sub: 5, sigma^2: 2, beta: -0.69, simulation: 88"
[1] "n sub: 30, n images per sub: 5, sigma^2: 1, beta: -0.69, simulation: 88"
[1] "n sub: 30, n images per sub: 5, sigma^2: 0.5, beta: -0.69, simulation: 88"
[1] "n sub: 30, n images per sub: 5, sigma^2: 2, beta: -0.69, simulation: 89"
[1] "n sub: 30, n images per sub: 5, sigma^2: 1, beta: -0.69, simulation: 89"
[1] "n sub: 30, n images per sub: 5, sigma^2: 0.5, beta: -0.69, simulation: 89"
[1] "n sub: 30, n images per sub: 5, sigma^2: 2, beta: -0.69, simulation: 90"
[1] "n sub: 30, n images per sub: 5, sigma^2: 1, beta: -0.69, simulation: 90"
[1] "n sub: 30, n images per sub: 5, sigma^2: 0.5, beta: -0.69, simulation: 90"
[1] "n sub: 30, n images per sub: 5, sigma^2: 2, beta: -0.69, simulation: 91"
[1] "n sub: 30, n images per sub: 5, sigma^2: 1, beta: -0.69, simulation: 91"
[1] "n sub: 30, n images per sub: 5, sigma^2: 0.5, beta: -0.69, simulation: 91"
[1] "n sub: 30, n images per sub: 5, sigma^2: 2, beta: -0.69, simulation: 92"
[1] "n sub: 30, n images per sub: 5, sigma^2: 1, beta: -0.69, simulation: 92"
[1] "n sub: 30, n images per sub: 5, sigma^2: 0.5, beta: -0.69, simulation: 92"
[1] "n sub: 30, n images per sub: 5, sigma^2: 2, beta: -0.69, simulation: 93"
[1] "n sub: 30, n images per sub: 5, sigma^2: 1, beta: -0.69, simulation: 93"
[1] "n sub: 30, n images per sub: 5, sigma^2: 0.5, beta: -0.69, simulation: 93"
[1] "n sub: 30, n images per sub: 5, sigma^2: 2, beta: -0.69, simulation: 94"
[1] "n sub: 30, n images per sub: 5, sigma^2: 1, beta: -0.69, simulation: 94"
[1] "n sub: 30, n images per sub: 5, sigma^2: 0.5, beta: -0.69, simulation: 94"
[1] "n sub: 30, n images per sub: 5, sigma^2: 2, beta: -0.69, simulation: 95"
[1] "n sub: 30, n images per sub: 5, sigma^2: 1, beta: -0.69, simulation: 95"
[1] "n sub: 30, n images per sub: 5, sigma^2: 0.5, beta: -0.69, simulation: 95"
[1] "n sub: 30, n images per sub: 5, sigma^2: 2, beta: -0.69, simulation: 96"
[1] "n sub: 30, n images per sub: 5, sigma^2: 1, beta: -0.69, simulation: 96"
[1] "n sub: 30, n images per sub: 5, sigma^2: 0.5, beta: -0.69, simulation: 96"
[1] "n sub: 30, n images per sub: 5, sigma^2: 2, beta: -0.69, simulation: 97"
[1] "n sub: 30, n images per sub: 5, sigma^2: 1, beta: -0.69, simulation: 97"
[1] "n sub: 30, n images per sub: 5, sigma^2: 0.5, beta: -0.69, simulation: 97"
[1] "n sub: 30, n images per sub: 5, sigma^2: 2, beta: -0.69, simulation: 98"
[1] "n sub: 30, n images per sub: 5, sigma^2: 1, beta: -0.69, simulation: 98"
[1] "n sub: 30, n images per sub: 5, sigma^2: 0.5, beta: -0.69, simulation: 98"
