  [1] 4591 4592 4593 4594 4595 4596 4597 4598 4599 4600 4601 4602 4603 4604 4605
 [16] 4606 4607 4608 4609 4610 4611 4612 4613 4614 4615 4616 4617 4618 4619 4620
 [31] 4621 4622 4623 4624 4625 4626 4627 4628 4629 4630 4631 4632 4633 4634 4635
 [46] 4636 4637 4638 4639 4640 4641 4642 4643 4644 4645 4646 4647 4648 4649 4650
 [61] 4651 4652 4653 4654 4655 4656 4657 4658 4659 4660 4661 4662 4663 4664 4665
 [76] 4666 4667 4668 4669 4670 4671 4672 4673 4674 4675 4676 4677 4678 4679 4680
 [91] 4681 4682 4683 4684 4685 4686 4687 4688 4689 4690 4691 4692 4693 4694 4695
[106] 4696 4697 4698 4699 4700 4701 4702 4703 4704 4705 4706 4707 4708 4709 4710
[121] 4711 4712 4713 4714 4715 4716 4717 4718 4719 4720 4721 4722 4723 4724 4725
[1] "n sub: 30, n images per sub: 1, sigma^2: 0.5, beta: 0.41, simulation: 31"
[1] "n sub: 30, n images per sub: 1, sigma^2: 1, beta: 0.41, simulation: 31"
[1] "n sub: 30, n images per sub: 1, sigma^2: 2, beta: 0.41, simulation: 31"
[1] "n sub: 30, n images per sub: 1, sigma^2: 0.5, beta: 0.41, simulation: 32"
[1] "n sub: 30, n images per sub: 1, sigma^2: 1, beta: 0.41, simulation: 32"
[1] "n sub: 30, n images per sub: 1, sigma^2: 2, beta: 0.41, simulation: 32"
[1] "n sub: 30, n images per sub: 1, sigma^2: 0.5, beta: 0.41, simulation: 33"
[1] "n sub: 30, n images per sub: 1, sigma^2: 1, beta: 0.41, simulation: 33"
[1] "n sub: 30, n images per sub: 1, sigma^2: 2, beta: 0.41, simulation: 33"
[1] "n sub: 30, n images per sub: 1, sigma^2: 0.5, beta: 0.41, simulation: 34"
[1] "n sub: 30, n images per sub: 1, sigma^2: 1, beta: 0.41, simulation: 34"
[1] "n sub: 30, n images per sub: 1, sigma^2: 2, beta: 0.41, simulation: 34"
[1] "n sub: 30, n images per sub: 1, sigma^2: 0.5, beta: 0.41, simulation: 35"
[1] "n sub: 30, n images per sub: 1, sigma^2: 1, beta: 0.41, simulation: 35"
[1] "n sub: 30, n images per sub: 1, sigma^2: 2, beta: 0.41, simulation: 35"
[1] "n sub: 30, n images per sub: 1, sigma^2: 1, beta: 0.41, simulation: 36"
[1] "n sub: 30, n images per sub: 1, sigma^2: 0.5, beta: 0.41, simulation: 36"
[1] "n sub: 30, n images per sub: 1, sigma^2: 2, beta: 0.41, simulation: 36"
[1] "n sub: 30, n images per sub: 1, sigma^2: 0.5, beta: 0.41, simulation: 37"
[1] "n sub: 30, n images per sub: 1, sigma^2: 1, beta: 0.41, simulation: 37"
[1] "n sub: 30, n images per sub: 1, sigma^2: 2, beta: 0.41, simulation: 37"
[1] "n sub: 30, n images per sub: 1, sigma^2: 0.5, beta: 0.41, simulation: 38"
[1] "n sub: 30, n images per sub: 1, sigma^2: 1, beta: 0.41, simulation: 38"
[1] "n sub: 30, n images per sub: 1, sigma^2: 2, beta: 0.41, simulation: 38"
[1] "n sub: 30, n images per sub: 1, sigma^2: 0.5, beta: 0.41, simulation: 39"
[1] "n sub: 30, n images per sub: 1, sigma^2: 1, beta: 0.41, simulation: 39"
[1] "n sub: 30, n images per sub: 1, sigma^2: 2, beta: 0.41, simulation: 39"
[1] "n sub: 30, n images per sub: 1, sigma^2: 2, beta: 0.41, simulation: 40"
[1] "n sub: 30, n images per sub: 1, sigma^2: 1, beta: 0.41, simulation: 40"
[1] "n sub: 30, n images per sub: 1, sigma^2: 0.5, beta: 0.41, simulation: 40"
[1] "n sub: 30, n images per sub: 1, sigma^2: 2, beta: 0.41, simulation: 41"
[1] "n sub: 30, n images per sub: 1, sigma^2: 1, beta: 0.41, simulation: 41"
[1] "n sub: 30, n images per sub: 1, sigma^2: 0.5, beta: 0.41, simulation: 41"
[1] "n sub: 30, n images per sub: 1, sigma^2: 2, beta: 0.41, simulation: 42"
[1] "n sub: 30, n images per sub: 1, sigma^2: 1, beta: 0.41, simulation: 42"
[1] "n sub: 30, n images per sub: 1, sigma^2: 0.5, beta: 0.41, simulation: 42"
[1] "n sub: 30, n images per sub: 1, sigma^2: 2, beta: 0.41, simulation: 43"
[1] "n sub: 30, n images per sub: 1, sigma^2: 1, beta: 0.41, simulation: 43"
[1] "n sub: 30, n images per sub: 1, sigma^2: 0.5, beta: 0.41, simulation: 43"
[1] "n sub: 30, n images per sub: 1, sigma^2: 2, beta: 0.41, simulation: 44"
[1] "n sub: 30, n images per sub: 1, sigma^2: 1, beta: 0.41, simulation: 44"
[1] "n sub: 30, n images per sub: 1, sigma^2: 0.5, beta: 0.41, simulation: 44"
[1] "n sub: 30, n images per sub: 1, sigma^2: 2, beta: 0.41, simulation: 45"
[1] "n sub: 30, n images per sub: 1, sigma^2: 1, beta: 0.41, simulation: 45"
[1] "n sub: 30, n images per sub: 1, sigma^2: 0.5, beta: 0.41, simulation: 45"
[1] "n sub: 30, n images per sub: 1, sigma^2: 1, beta: 0.41, simulation: 46"
[1] "n sub: 30, n images per sub: 1, sigma^2: 2, beta: 0.41, simulation: 46"
[1] "n sub: 30, n images per sub: 1, sigma^2: 0.5, beta: 0.41, simulation: 46"
[1] "n sub: 30, n images per sub: 1, sigma^2: 2, beta: 0.41, simulation: 47"
[1] "n sub: 30, n images per sub: 1, sigma^2: 1, beta: 0.41, simulation: 47"
[1] "n sub: 30, n images per sub: 1, sigma^2: 0.5, beta: 0.41, simulation: 47"
[1] "n sub: 30, n images per sub: 1, sigma^2: 1, beta: 0.41, simulation: 48"
[1] "n sub: 30, n images per sub: 1, sigma^2: 0.5, beta: 0.41, simulation: 48"
[1] "n sub: 30, n images per sub: 1, sigma^2: 2, beta: 0.41, simulation: 48"
[1] "n sub: 30, n images per sub: 1, sigma^2: 2, beta: 0.41, simulation: 49"
[1] "n sub: 30, n images per sub: 1, sigma^2: 0.5, beta: 0.41, simulation: 49"
[1] "n sub: 30, n images per sub: 1, sigma^2: 1, beta: 0.41, simulation: 49"
[1] "n sub: 30, n images per sub: 1, sigma^2: 0.5, beta: 0.41, simulation: 50"
[1] "n sub: 30, n images per sub: 1, sigma^2: 1, beta: 0.41, simulation: 50"
[1] "n sub: 30, n images per sub: 1, sigma^2: 2, beta: 0.41, simulation: 50"
[1] "n sub: 30, n images per sub: 1, sigma^2: 0.5, beta: 0.41, simulation: 51"
[1] "n sub: 30, n images per sub: 1, sigma^2: 1, beta: 0.41, simulation: 51"
[1] "n sub: 30, n images per sub: 1, sigma^2: 2, beta: 0.41, simulation: 51"
[1] "n sub: 30, n images per sub: 1, sigma^2: 0.5, beta: 0.41, simulation: 52"
[1] "n sub: 30, n images per sub: 1, sigma^2: 1, beta: 0.41, simulation: 52"
[1] "n sub: 30, n images per sub: 1, sigma^2: 2, beta: 0.41, simulation: 52"
[1] "n sub: 30, n images per sub: 1, sigma^2: 0.5, beta: 0.41, simulation: 53"
[1] "n sub: 30, n images per sub: 1, sigma^2: 1, beta: 0.41, simulation: 53"
[1] "n sub: 30, n images per sub: 1, sigma^2: 2, beta: 0.41, simulation: 53"
[1] "n sub: 30, n images per sub: 1, sigma^2: 0.5, beta: 0.41, simulation: 54"
[1] "n sub: 30, n images per sub: 1, sigma^2: 1, beta: 0.41, simulation: 54"
[1] "n sub: 30, n images per sub: 1, sigma^2: 2, beta: 0.41, simulation: 54"
[1] "n sub: 30, n images per sub: 1, sigma^2: 0.5, beta: 0.41, simulation: 55"
[1] "n sub: 30, n images per sub: 1, sigma^2: 1, beta: 0.41, simulation: 55"
[1] "n sub: 30, n images per sub: 1, sigma^2: 2, beta: 0.41, simulation: 55"
[1] "n sub: 30, n images per sub: 1, sigma^2: 0.5, beta: 0.41, simulation: 56"
[1] "n sub: 30, n images per sub: 1, sigma^2: 1, beta: 0.41, simulation: 56"
[1] "n sub: 30, n images per sub: 1, sigma^2: 2, beta: 0.41, simulation: 56"
[1] "n sub: 30, n images per sub: 1, sigma^2: 0.5, beta: 0.41, simulation: 57"
[1] "n sub: 30, n images per sub: 1, sigma^2: 1, beta: 0.41, simulation: 57"
[1] "n sub: 30, n images per sub: 1, sigma^2: 2, beta: 0.41, simulation: 57"
[1] "n sub: 30, n images per sub: 1, sigma^2: 0.5, beta: 0.41, simulation: 58"
[1] "n sub: 30, n images per sub: 1, sigma^2: 1, beta: 0.41, simulation: 58"
[1] "n sub: 30, n images per sub: 1, sigma^2: 2, beta: 0.41, simulation: 58"
[1] "n sub: 30, n images per sub: 1, sigma^2: 0.5, beta: 0.41, simulation: 59"
[1] "n sub: 30, n images per sub: 1, sigma^2: 1, beta: 0.41, simulation: 59"
[1] "n sub: 30, n images per sub: 1, sigma^2: 2, beta: 0.41, simulation: 59"
[1] "n sub: 30, n images per sub: 1, sigma^2: 2, beta: 0.41, simulation: 60"
[1] "n sub: 30, n images per sub: 1, sigma^2: 1, beta: 0.41, simulation: 60"
[1] "n sub: 30, n images per sub: 1, sigma^2: 0.5, beta: 0.41, simulation: 60"
[1] "n sub: 30, n images per sub: 1, sigma^2: 2, beta: 0.41, simulation: 61"
[1] "n sub: 30, n images per sub: 1, sigma^2: 1, beta: 0.41, simulation: 61"
[1] "n sub: 30, n images per sub: 1, sigma^2: 0.5, beta: 0.41, simulation: 61"
[1] "n sub: 30, n images per sub: 1, sigma^2: 2, beta: 0.41, simulation: 62"
[1] "n sub: 30, n images per sub: 1, sigma^2: 0.5, beta: 0.41, simulation: 62"
[1] "n sub: 30, n images per sub: 1, sigma^2: 1, beta: 0.41, simulation: 62"
[1] "n sub: 30, n images per sub: 1, sigma^2: 2, beta: 0.41, simulation: 63"
[1] "n sub: 30, n images per sub: 1, sigma^2: 1, beta: 0.41, simulation: 63"
[1] "n sub: 30, n images per sub: 1, sigma^2: 0.5, beta: 0.41, simulation: 63"
[1] "n sub: 30, n images per sub: 1, sigma^2: 2, beta: 0.41, simulation: 64"
[1] "n sub: 30, n images per sub: 1, sigma^2: 1, beta: 0.41, simulation: 64"
[1] "n sub: 30, n images per sub: 1, sigma^2: 0.5, beta: 0.41, simulation: 64"
[1] "n sub: 30, n images per sub: 1, sigma^2: 2, beta: 0.41, simulation: 65"
[1] "n sub: 30, n images per sub: 1, sigma^2: 0.5, beta: 0.41, simulation: 65"
[1] "n sub: 30, n images per sub: 1, sigma^2: 1, beta: 0.41, simulation: 65"
[1] "n sub: 30, n images per sub: 1, sigma^2: 2, beta: 0.41, simulation: 66"
[1] "n sub: 30, n images per sub: 1, sigma^2: 0.5, beta: 0.41, simulation: 66"
[1] "n sub: 30, n images per sub: 1, sigma^2: 1, beta: 0.41, simulation: 66"
[1] "n sub: 30, n images per sub: 1, sigma^2: 2, beta: 0.41, simulation: 67"
[1] "n sub: 30, n images per sub: 1, sigma^2: 1, beta: 0.41, simulation: 67"
[1] "n sub: 30, n images per sub: 1, sigma^2: 0.5, beta: 0.41, simulation: 67"
[1] "n sub: 30, n images per sub: 1, sigma^2: 2, beta: 0.41, simulation: 68"
[1] "n sub: 30, n images per sub: 1, sigma^2: 0.5, beta: 0.41, simulation: 68"
[1] "n sub: 30, n images per sub: 1, sigma^2: 1, beta: 0.41, simulation: 68"
[1] "n sub: 30, n images per sub: 1, sigma^2: 2, beta: 0.41, simulation: 69"
[1] "n sub: 30, n images per sub: 1, sigma^2: 0.5, beta: 0.41, simulation: 69"
[1] "n sub: 30, n images per sub: 1, sigma^2: 1, beta: 0.41, simulation: 69"
[1] "n sub: 30, n images per sub: 1, sigma^2: 2, beta: 0.41, simulation: 70"
[1] "n sub: 30, n images per sub: 1, sigma^2: 0.5, beta: 0.41, simulation: 70"
[1] "n sub: 30, n images per sub: 1, sigma^2: 1, beta: 0.41, simulation: 70"
[1] "n sub: 30, n images per sub: 1, sigma^2: 2, beta: 0.41, simulation: 71"
[1] "n sub: 30, n images per sub: 1, sigma^2: 1, beta: 0.41, simulation: 71"
[1] "n sub: 30, n images per sub: 1, sigma^2: 0.5, beta: 0.41, simulation: 71"
[1] "n sub: 30, n images per sub: 1, sigma^2: 2, beta: 0.41, simulation: 72"
[1] "n sub: 30, n images per sub: 1, sigma^2: 1, beta: 0.41, simulation: 72"
[1] "n sub: 30, n images per sub: 1, sigma^2: 0.5, beta: 0.41, simulation: 72"
[1] "n sub: 30, n images per sub: 1, sigma^2: 2, beta: 0.41, simulation: 73"
[1] "n sub: 30, n images per sub: 1, sigma^2: 1, beta: 0.41, simulation: 73"
[1] "n sub: 30, n images per sub: 1, sigma^2: 0.5, beta: 0.41, simulation: 73"
[1] "n sub: 30, n images per sub: 1, sigma^2: 1, beta: 0.41, simulation: 74"
[1] "n sub: 30, n images per sub: 1, sigma^2: 2, beta: 0.41, simulation: 74"
[1] "n sub: 30, n images per sub: 1, sigma^2: 0.5, beta: 0.41, simulation: 74"
[1] "n sub: 30, n images per sub: 1, sigma^2: 1, beta: 0.41, simulation: 75"
[1] "n sub: 30, n images per sub: 1, sigma^2: 0.5, beta: 0.41, simulation: 75"
[1] "n sub: 30, n images per sub: 1, sigma^2: 2, beta: 0.41, simulation: 75"
