 [1] 15607 15608 15609 15610 15611 15612 15613 15614 15615 15616 15617 15618
[13] 15619 15620 15621 15622 15623 15624 15625 15626 15627 15628 15629 15630
[25] 15631 15632 15633
[1] "n sub: 50, n images per sub: 5, sigma^2: 2, beta: 0.69, simulation: 3"
[1] "n sub: 50, n images per sub: 5, sigma^2: 1, beta: 0.69, simulation: 3"
[1] "n sub: 50, n images per sub: 5, sigma^2: 0.5, beta: 0.69, simulation: 3"
[1] "n sub: 50, n images per sub: 5, sigma^2: 2, beta: 0.69, simulation: 4"
[1] "n sub: 50, n images per sub: 5, sigma^2: 1, beta: 0.69, simulation: 4"
[1] "n sub: 50, n images per sub: 5, sigma^2: 0.5, beta: 0.69, simulation: 4"
[1] "n sub: 50, n images per sub: 5, sigma^2: 2, beta: 0.69, simulation: 5"
[1] "n sub: 50, n images per sub: 5, sigma^2: 1, beta: 0.69, simulation: 5"
[1] "n sub: 50, n images per sub: 5, sigma^2: 0.5, beta: 0.69, simulation: 5"
[1] "n sub: 50, n images per sub: 5, sigma^2: 2, beta: 0.69, simulation: 6"
[1] "n sub: 50, n images per sub: 5, sigma^2: 1, beta: 0.69, simulation: 6"
[1] "n sub: 50, n images per sub: 5, sigma^2: 0.5, beta: 0.69, simulation: 6"
[1] "n sub: 50, n images per sub: 5, sigma^2: 2, beta: 0.69, simulation: 7"
[1] "n sub: 50, n images per sub: 5, sigma^2: 1, beta: 0.69, simulation: 7"
[1] "n sub: 50, n images per sub: 5, sigma^2: 0.5, beta: 0.69, simulation: 7"
[1] "n sub: 50, n images per sub: 5, sigma^2: 2, beta: 0.69, simulation: 8"
[1] "n sub: 50, n images per sub: 5, sigma^2: 1, beta: 0.69, simulation: 8"
[1] "n sub: 50, n images per sub: 5, sigma^2: 0.5, beta: 0.69, simulation: 8"
[1] "n sub: 50, n images per sub: 5, sigma^2: 2, beta: 0.69, simulation: 9"
[1] "n sub: 50, n images per sub: 5, sigma^2: 1, beta: 0.69, simulation: 9"
[1] "n sub: 50, n images per sub: 5, sigma^2: 0.5, beta: 0.69, simulation: 9"
[1] "n sub: 50, n images per sub: 5, sigma^2: 2, beta: 0.69, simulation: 10"
[1] "n sub: 50, n images per sub: 5, sigma^2: 1, beta: 0.69, simulation: 10"
[1] "n sub: 50, n images per sub: 5, sigma^2: 0.5, beta: 0.69, simulation: 10"
[1] "n sub: 50, n images per sub: 5, sigma^2: 2, beta: 0.69, simulation: 11"
[1] "n sub: 50, n images per sub: 5, sigma^2: 1, beta: 0.69, simulation: 11"
[1] "n sub: 50, n images per sub: 5, sigma^2: 0.5, beta: 0.69, simulation: 11"
