  [1] 5671 5672 5673 5674 5675 5676 5677 5678 5679 5680 5681 5682 5683 5684 5685
 [16] 5686 5687 5688 5689 5690 5691 5692 5693 5694 5695 5696 5697 5698 5699 5700
 [31] 5701 5702 5703 5704 5705 5706 5707 5708 5709 5710 5711 5712 5713 5714 5715
 [46] 5716 5717 5718 5719 5720 5721 5722 5723 5724 5725 5726 5727 5728 5729 5730
 [61] 5731 5732 5733 5734 5735 5736 5737 5738 5739 5740 5741 5742 5743 5744 5745
 [76] 5746 5747 5748 5749 5750 5751 5752 5753 5754 5755 5756 5757 5758 5759 5760
 [91] 5761 5762 5763 5764 5765 5766 5767 5768 5769 5770 5771 5772 5773 5774 5775
[106] 5776 5777 5778 5779 5780 5781 5782 5783 5784 5785 5786 5787 5788 5789 5790
[121] 5791 5792 5793 5794 5795 5796 5797 5798 5799 5800 5801 5802 5803 5804 5805
[1] "n sub: 50, n images per sub: 1, sigma^2: 2, beta: -1.1, simulation: 91"
[1] "n sub: 50, n images per sub: 1, sigma^2: 1, beta: -1.1, simulation: 91"
[1] "n sub: 50, n images per sub: 1, sigma^2: 0.5, beta: -1.1, simulation: 91"
[1] "n sub: 50, n images per sub: 1, sigma^2: 2, beta: -1.1, simulation: 92"
[1] "n sub: 50, n images per sub: 1, sigma^2: 1, beta: -1.1, simulation: 92"
[1] "n sub: 50, n images per sub: 1, sigma^2: 0.5, beta: -1.1, simulation: 92"
[1] "n sub: 50, n images per sub: 1, sigma^2: 2, beta: -1.1, simulation: 93"
[1] "n sub: 50, n images per sub: 1, sigma^2: 1, beta: -1.1, simulation: 93"
[1] "n sub: 50, n images per sub: 1, sigma^2: 0.5, beta: -1.1, simulation: 93"
[1] "n sub: 50, n images per sub: 1, sigma^2: 2, beta: -1.1, simulation: 94"
[1] "n sub: 50, n images per sub: 1, sigma^2: 1, beta: -1.1, simulation: 94"
[1] "n sub: 50, n images per sub: 1, sigma^2: 0.5, beta: -1.1, simulation: 94"
[1] "n sub: 50, n images per sub: 1, sigma^2: 2, beta: -1.1, simulation: 95"
[1] "n sub: 50, n images per sub: 1, sigma^2: 1, beta: -1.1, simulation: 95"
[1] "n sub: 50, n images per sub: 1, sigma^2: 0.5, beta: -1.1, simulation: 95"
[1] "n sub: 50, n images per sub: 1, sigma^2: 2, beta: -1.1, simulation: 96"
[1] "n sub: 50, n images per sub: 1, sigma^2: 1, beta: -1.1, simulation: 96"
[1] "n sub: 50, n images per sub: 1, sigma^2: 0.5, beta: -1.1, simulation: 96"
[1] "n sub: 50, n images per sub: 1, sigma^2: 2, beta: -1.1, simulation: 97"
[1] "n sub: 50, n images per sub: 1, sigma^2: 1, beta: -1.1, simulation: 97"
[1] "n sub: 50, n images per sub: 1, sigma^2: 0.5, beta: -1.1, simulation: 97"
[1] "n sub: 50, n images per sub: 1, sigma^2: 2, beta: -1.1, simulation: 98"
[1] "n sub: 50, n images per sub: 1, sigma^2: 1, beta: -1.1, simulation: 98"
[1] "n sub: 50, n images per sub: 1, sigma^2: 0.5, beta: -1.1, simulation: 98"
[1] "n sub: 50, n images per sub: 1, sigma^2: 2, beta: -1.1, simulation: 99"
[1] "n sub: 50, n images per sub: 1, sigma^2: 1, beta: -1.1, simulation: 99"
[1] "n sub: 50, n images per sub: 1, sigma^2: 0.5, beta: -1.1, simulation: 99"
[1] "n sub: 50, n images per sub: 1, sigma^2: 2, beta: -1.1, simulation: 100"
[1] "n sub: 50, n images per sub: 1, sigma^2: 1, beta: -1.1, simulation: 100"
[1] "n sub: 50, n images per sub: 1, sigma^2: 0.5, beta: -1.1, simulation: 100"
[1] "n sub: 50, n images per sub: 1, sigma^2: 2, beta: -0.69, simulation: 1"
[1] "n sub: 50, n images per sub: 1, sigma^2: 1, beta: -0.69, simulation: 1"
[1] "n sub: 50, n images per sub: 1, sigma^2: 0.5, beta: -0.69, simulation: 1"
[1] "n sub: 50, n images per sub: 1, sigma^2: 2, beta: -0.69, simulation: 2"
[1] "n sub: 50, n images per sub: 1, sigma^2: 1, beta: -0.69, simulation: 2"
[1] "n sub: 50, n images per sub: 1, sigma^2: 0.5, beta: -0.69, simulation: 2"
[1] "n sub: 50, n images per sub: 1, sigma^2: 2, beta: -0.69, simulation: 3"
[1] "n sub: 50, n images per sub: 1, sigma^2: 1, beta: -0.69, simulation: 3"
[1] "n sub: 50, n images per sub: 1, sigma^2: 0.5, beta: -0.69, simulation: 3"
[1] "n sub: 50, n images per sub: 1, sigma^2: 2, beta: -0.69, simulation: 4"
[1] "n sub: 50, n images per sub: 1, sigma^2: 1, beta: -0.69, simulation: 4"
[1] "n sub: 50, n images per sub: 1, sigma^2: 0.5, beta: -0.69, simulation: 4"
[1] "n sub: 50, n images per sub: 1, sigma^2: 2, beta: -0.69, simulation: 5"
[1] "n sub: 50, n images per sub: 1, sigma^2: 1, beta: -0.69, simulation: 5"
[1] "n sub: 50, n images per sub: 1, sigma^2: 0.5, beta: -0.69, simulation: 5"
[1] "n sub: 50, n images per sub: 1, sigma^2: 2, beta: -0.69, simulation: 6"
[1] "n sub: 50, n images per sub: 1, sigma^2: 1, beta: -0.69, simulation: 6"
[1] "n sub: 50, n images per sub: 1, sigma^2: 0.5, beta: -0.69, simulation: 6"
[1] "n sub: 50, n images per sub: 1, sigma^2: 2, beta: -0.69, simulation: 7"
[1] "n sub: 50, n images per sub: 1, sigma^2: 1, beta: -0.69, simulation: 7"
[1] "n sub: 50, n images per sub: 1, sigma^2: 0.5, beta: -0.69, simulation: 7"
[1] "n sub: 50, n images per sub: 1, sigma^2: 2, beta: -0.69, simulation: 8"
[1] "n sub: 50, n images per sub: 1, sigma^2: 1, beta: -0.69, simulation: 8"
[1] "n sub: 50, n images per sub: 1, sigma^2: 0.5, beta: -0.69, simulation: 8"
[1] "n sub: 50, n images per sub: 1, sigma^2: 2, beta: -0.69, simulation: 9"
[1] "n sub: 50, n images per sub: 1, sigma^2: 1, beta: -0.69, simulation: 9"
[1] "n sub: 50, n images per sub: 1, sigma^2: 0.5, beta: -0.69, simulation: 9"
[1] "n sub: 50, n images per sub: 1, sigma^2: 2, beta: -0.69, simulation: 10"
[1] "n sub: 50, n images per sub: 1, sigma^2: 1, beta: -0.69, simulation: 10"
[1] "n sub: 50, n images per sub: 1, sigma^2: 0.5, beta: -0.69, simulation: 10"
[1] "n sub: 50, n images per sub: 1, sigma^2: 2, beta: -0.69, simulation: 11"
[1] "n sub: 50, n images per sub: 1, sigma^2: 1, beta: -0.69, simulation: 11"
[1] "n sub: 50, n images per sub: 1, sigma^2: 0.5, beta: -0.69, simulation: 11"
[1] "n sub: 50, n images per sub: 1, sigma^2: 2, beta: -0.69, simulation: 12"
[1] "n sub: 50, n images per sub: 1, sigma^2: 1, beta: -0.69, simulation: 12"
[1] "n sub: 50, n images per sub: 1, sigma^2: 0.5, beta: -0.69, simulation: 12"
[1] "n sub: 50, n images per sub: 1, sigma^2: 2, beta: -0.69, simulation: 13"
[1] "n sub: 50, n images per sub: 1, sigma^2: 1, beta: -0.69, simulation: 13"
[1] "n sub: 50, n images per sub: 1, sigma^2: 0.5, beta: -0.69, simulation: 13"
[1] "n sub: 50, n images per sub: 1, sigma^2: 2, beta: -0.69, simulation: 14"
[1] "n sub: 50, n images per sub: 1, sigma^2: 1, beta: -0.69, simulation: 14"
[1] "n sub: 50, n images per sub: 1, sigma^2: 0.5, beta: -0.69, simulation: 14"
[1] "n sub: 50, n images per sub: 1, sigma^2: 2, beta: -0.69, simulation: 15"
[1] "n sub: 50, n images per sub: 1, sigma^2: 1, beta: -0.69, simulation: 15"
[1] "n sub: 50, n images per sub: 1, sigma^2: 0.5, beta: -0.69, simulation: 15"
[1] "n sub: 50, n images per sub: 1, sigma^2: 2, beta: -0.69, simulation: 16"
[1] "n sub: 50, n images per sub: 1, sigma^2: 1, beta: -0.69, simulation: 16"
[1] "n sub: 50, n images per sub: 1, sigma^2: 0.5, beta: -0.69, simulation: 16"
[1] "n sub: 50, n images per sub: 1, sigma^2: 2, beta: -0.69, simulation: 17"
[1] "n sub: 50, n images per sub: 1, sigma^2: 1, beta: -0.69, simulation: 17"
[1] "n sub: 50, n images per sub: 1, sigma^2: 0.5, beta: -0.69, simulation: 17"
[1] "n sub: 50, n images per sub: 1, sigma^2: 2, beta: -0.69, simulation: 18"
[1] "n sub: 50, n images per sub: 1, sigma^2: 1, beta: -0.69, simulation: 18"
[1] "n sub: 50, n images per sub: 1, sigma^2: 0.5, beta: -0.69, simulation: 18"
[1] "n sub: 50, n images per sub: 1, sigma^2: 2, beta: -0.69, simulation: 19"
[1] "n sub: 50, n images per sub: 1, sigma^2: 0.5, beta: -0.69, simulation: 19"
[1] "n sub: 50, n images per sub: 1, sigma^2: 1, beta: -0.69, simulation: 19"
[1] "n sub: 50, n images per sub: 1, sigma^2: 2, beta: -0.69, simulation: 20"
[1] "n sub: 50, n images per sub: 1, sigma^2: 0.5, beta: -0.69, simulation: 20"
[1] "n sub: 50, n images per sub: 1, sigma^2: 1, beta: -0.69, simulation: 20"
[1] "n sub: 50, n images per sub: 1, sigma^2: 2, beta: -0.69, simulation: 21"
[1] "n sub: 50, n images per sub: 1, sigma^2: 1, beta: -0.69, simulation: 21"
[1] "n sub: 50, n images per sub: 1, sigma^2: 0.5, beta: -0.69, simulation: 21"
[1] "n sub: 50, n images per sub: 1, sigma^2: 2, beta: -0.69, simulation: 22"
[1] "n sub: 50, n images per sub: 1, sigma^2: 1, beta: -0.69, simulation: 22"
[1] "n sub: 50, n images per sub: 1, sigma^2: 0.5, beta: -0.69, simulation: 22"
[1] "n sub: 50, n images per sub: 1, sigma^2: 2, beta: -0.69, simulation: 23"
[1] "n sub: 50, n images per sub: 1, sigma^2: 1, beta: -0.69, simulation: 23"
[1] "n sub: 50, n images per sub: 1, sigma^2: 0.5, beta: -0.69, simulation: 23"
[1] "n sub: 50, n images per sub: 1, sigma^2: 2, beta: -0.69, simulation: 24"
[1] "n sub: 50, n images per sub: 1, sigma^2: 1, beta: -0.69, simulation: 24"
[1] "n sub: 50, n images per sub: 1, sigma^2: 0.5, beta: -0.69, simulation: 24"
[1] "n sub: 50, n images per sub: 1, sigma^2: 2, beta: -0.69, simulation: 25"
[1] "n sub: 50, n images per sub: 1, sigma^2: 1, beta: -0.69, simulation: 25"
[1] "n sub: 50, n images per sub: 1, sigma^2: 0.5, beta: -0.69, simulation: 25"
[1] "n sub: 50, n images per sub: 1, sigma^2: 2, beta: -0.69, simulation: 26"
[1] "n sub: 50, n images per sub: 1, sigma^2: 1, beta: -0.69, simulation: 26"
[1] "n sub: 50, n images per sub: 1, sigma^2: 0.5, beta: -0.69, simulation: 26"
[1] "n sub: 50, n images per sub: 1, sigma^2: 2, beta: -0.69, simulation: 27"
[1] "n sub: 50, n images per sub: 1, sigma^2: 1, beta: -0.69, simulation: 27"
[1] "n sub: 50, n images per sub: 1, sigma^2: 0.5, beta: -0.69, simulation: 27"
[1] "n sub: 50, n images per sub: 1, sigma^2: 2, beta: -0.69, simulation: 28"
[1] "n sub: 50, n images per sub: 1, sigma^2: 1, beta: -0.69, simulation: 28"
[1] "n sub: 50, n images per sub: 1, sigma^2: 0.5, beta: -0.69, simulation: 28"
[1] "n sub: 50, n images per sub: 1, sigma^2: 2, beta: -0.69, simulation: 29"
[1] "n sub: 50, n images per sub: 1, sigma^2: 1, beta: -0.69, simulation: 29"
[1] "n sub: 50, n images per sub: 1, sigma^2: 0.5, beta: -0.69, simulation: 29"
[1] "n sub: 50, n images per sub: 1, sigma^2: 2, beta: -0.69, simulation: 30"
[1] "n sub: 50, n images per sub: 1, sigma^2: 1, beta: -0.69, simulation: 30"
[1] "n sub: 50, n images per sub: 1, sigma^2: 0.5, beta: -0.69, simulation: 30"
[1] "n sub: 50, n images per sub: 1, sigma^2: 2, beta: -0.69, simulation: 31"
[1] "n sub: 50, n images per sub: 1, sigma^2: 1, beta: -0.69, simulation: 31"
[1] "n sub: 50, n images per sub: 1, sigma^2: 0.5, beta: -0.69, simulation: 31"
[1] "n sub: 50, n images per sub: 1, sigma^2: 2, beta: -0.69, simulation: 32"
[1] "n sub: 50, n images per sub: 1, sigma^2: 1, beta: -0.69, simulation: 32"
[1] "n sub: 50, n images per sub: 1, sigma^2: 0.5, beta: -0.69, simulation: 32"
[1] "n sub: 50, n images per sub: 1, sigma^2: 2, beta: -0.69, simulation: 33"
[1] "n sub: 50, n images per sub: 1, sigma^2: 1, beta: -0.69, simulation: 33"
[1] "n sub: 50, n images per sub: 1, sigma^2: 0.5, beta: -0.69, simulation: 33"
[1] "n sub: 50, n images per sub: 1, sigma^2: 2, beta: -0.69, simulation: 34"
[1] "n sub: 50, n images per sub: 1, sigma^2: 1, beta: -0.69, simulation: 34"
[1] "n sub: 50, n images per sub: 1, sigma^2: 0.5, beta: -0.69, simulation: 34"
[1] "n sub: 50, n images per sub: 1, sigma^2: 2, beta: -0.69, simulation: 35"
[1] "n sub: 50, n images per sub: 1, sigma^2: 1, beta: -0.69, simulation: 35"
[1] "n sub: 50, n images per sub: 1, sigma^2: 0.5, beta: -0.69, simulation: 35"
