  [1] 9181 9182 9183 9184 9185 9186 9187 9188 9189 9190 9191 9192 9193 9194 9195
 [16] 9196 9197 9198 9199 9200 9201 9202 9203 9204 9205 9206 9207 9208 9209 9210
 [31] 9211 9212 9213 9214 9215 9216 9217 9218 9219 9220 9221 9222 9223 9224 9225
 [46] 9226 9227 9228 9229 9230 9231 9232 9233 9234 9235 9236 9237 9238 9239 9240
 [61] 9241 9242 9243 9244 9245 9246 9247 9248 9249 9250 9251 9252 9253 9254 9255
 [76] 9256 9257 9258 9259 9260 9261 9262 9263 9264 9265 9266 9267 9268 9269 9270
 [91] 9271 9272 9273 9274 9275 9276 9277 9278 9279 9280 9281 9282 9283 9284 9285
[106] 9286 9287 9288
[1] "n sub: 10, n images per sub: 5, sigma^2: 2, beta: -0.22, simulation: 61"
[1] "n sub: 10, n images per sub: 5, sigma^2: 1, beta: -0.22, simulation: 61"
[1] "n sub: 10, n images per sub: 5, sigma^2: 0.5, beta: -0.22, simulation: 61"
[1] "n sub: 10, n images per sub: 5, sigma^2: 2, beta: -0.22, simulation: 62"
[1] "n sub: 10, n images per sub: 5, sigma^2: 1, beta: -0.22, simulation: 62"
[1] "n sub: 10, n images per sub: 5, sigma^2: 0.5, beta: -0.22, simulation: 62"
[1] "n sub: 10, n images per sub: 5, sigma^2: 2, beta: -0.22, simulation: 63"
[1] "n sub: 10, n images per sub: 5, sigma^2: 1, beta: -0.22, simulation: 63"
[1] "n sub: 10, n images per sub: 5, sigma^2: 0.5, beta: -0.22, simulation: 63"
[1] "n sub: 10, n images per sub: 5, sigma^2: 2, beta: -0.22, simulation: 64"
[1] "n sub: 10, n images per sub: 5, sigma^2: 1, beta: -0.22, simulation: 64"
[1] "n sub: 10, n images per sub: 5, sigma^2: 0.5, beta: -0.22, simulation: 64"
[1] "n sub: 10, n images per sub: 5, sigma^2: 2, beta: -0.22, simulation: 65"
[1] "n sub: 10, n images per sub: 5, sigma^2: 1, beta: -0.22, simulation: 65"
[1] "n sub: 10, n images per sub: 5, sigma^2: 0.5, beta: -0.22, simulation: 65"
[1] "n sub: 10, n images per sub: 5, sigma^2: 2, beta: -0.22, simulation: 66"
[1] "n sub: 10, n images per sub: 5, sigma^2: 1, beta: -0.22, simulation: 66"
[1] "n sub: 10, n images per sub: 5, sigma^2: 0.5, beta: -0.22, simulation: 66"
[1] "n sub: 10, n images per sub: 5, sigma^2: 2, beta: -0.22, simulation: 67"
[1] "n sub: 10, n images per sub: 5, sigma^2: 1, beta: -0.22, simulation: 67"
[1] "n sub: 10, n images per sub: 5, sigma^2: 0.5, beta: -0.22, simulation: 67"
[1] "n sub: 10, n images per sub: 5, sigma^2: 2, beta: -0.22, simulation: 68"
[1] "n sub: 10, n images per sub: 5, sigma^2: 1, beta: -0.22, simulation: 68"
[1] "n sub: 10, n images per sub: 5, sigma^2: 0.5, beta: -0.22, simulation: 68"
[1] "n sub: 10, n images per sub: 5, sigma^2: 2, beta: -0.22, simulation: 69"
[1] "n sub: 10, n images per sub: 5, sigma^2: 1, beta: -0.22, simulation: 69"
[1] "n sub: 10, n images per sub: 5, sigma^2: 0.5, beta: -0.22, simulation: 69"
[1] "n sub: 10, n images per sub: 5, sigma^2: 2, beta: -0.22, simulation: 70"
[1] "n sub: 10, n images per sub: 5, sigma^2: 1, beta: -0.22, simulation: 70"
[1] "n sub: 10, n images per sub: 5, sigma^2: 0.5, beta: -0.22, simulation: 70"
[1] "n sub: 10, n images per sub: 5, sigma^2: 2, beta: -0.22, simulation: 71"
[1] "n sub: 10, n images per sub: 5, sigma^2: 1, beta: -0.22, simulation: 71"
[1] "n sub: 10, n images per sub: 5, sigma^2: 0.5, beta: -0.22, simulation: 71"
[1] "n sub: 10, n images per sub: 5, sigma^2: 2, beta: -0.22, simulation: 72"
[1] "n sub: 10, n images per sub: 5, sigma^2: 1, beta: -0.22, simulation: 72"
[1] "n sub: 10, n images per sub: 5, sigma^2: 0.5, beta: -0.22, simulation: 72"
[1] "n sub: 10, n images per sub: 5, sigma^2: 2, beta: -0.22, simulation: 73"
[1] "n sub: 10, n images per sub: 5, sigma^2: 1, beta: -0.22, simulation: 73"
[1] "n sub: 10, n images per sub: 5, sigma^2: 0.5, beta: -0.22, simulation: 73"
[1] "n sub: 10, n images per sub: 5, sigma^2: 2, beta: -0.22, simulation: 74"
[1] "n sub: 10, n images per sub: 5, sigma^2: 1, beta: -0.22, simulation: 74"
[1] "n sub: 10, n images per sub: 5, sigma^2: 0.5, beta: -0.22, simulation: 74"
[1] "n sub: 10, n images per sub: 5, sigma^2: 2, beta: -0.22, simulation: 75"
[1] "n sub: 10, n images per sub: 5, sigma^2: 1, beta: -0.22, simulation: 75"
[1] "n sub: 10, n images per sub: 5, sigma^2: 0.5, beta: -0.22, simulation: 75"
[1] "n sub: 10, n images per sub: 5, sigma^2: 2, beta: -0.22, simulation: 76"
[1] "n sub: 10, n images per sub: 5, sigma^2: 1, beta: -0.22, simulation: 76"
[1] "n sub: 10, n images per sub: 5, sigma^2: 0.5, beta: -0.22, simulation: 76"
[1] "n sub: 10, n images per sub: 5, sigma^2: 2, beta: -0.22, simulation: 77"
[1] "n sub: 10, n images per sub: 5, sigma^2: 1, beta: -0.22, simulation: 77"
[1] "n sub: 10, n images per sub: 5, sigma^2: 0.5, beta: -0.22, simulation: 77"
[1] "n sub: 10, n images per sub: 5, sigma^2: 2, beta: -0.22, simulation: 78"
[1] "n sub: 10, n images per sub: 5, sigma^2: 1, beta: -0.22, simulation: 78"
[1] "n sub: 10, n images per sub: 5, sigma^2: 0.5, beta: -0.22, simulation: 78"
[1] "n sub: 10, n images per sub: 5, sigma^2: 2, beta: -0.22, simulation: 79"
[1] "n sub: 10, n images per sub: 5, sigma^2: 1, beta: -0.22, simulation: 79"
[1] "n sub: 10, n images per sub: 5, sigma^2: 0.5, beta: -0.22, simulation: 79"
[1] "n sub: 10, n images per sub: 5, sigma^2: 2, beta: -0.22, simulation: 80"
[1] "n sub: 10, n images per sub: 5, sigma^2: 1, beta: -0.22, simulation: 80"
[1] "n sub: 10, n images per sub: 5, sigma^2: 0.5, beta: -0.22, simulation: 80"
[1] "n sub: 10, n images per sub: 5, sigma^2: 2, beta: -0.22, simulation: 81"
[1] "n sub: 10, n images per sub: 5, sigma^2: 1, beta: -0.22, simulation: 81"
[1] "n sub: 10, n images per sub: 5, sigma^2: 0.5, beta: -0.22, simulation: 81"
[1] "n sub: 10, n images per sub: 5, sigma^2: 2, beta: -0.22, simulation: 82"
[1] "n sub: 10, n images per sub: 5, sigma^2: 1, beta: -0.22, simulation: 82"
[1] "n sub: 10, n images per sub: 5, sigma^2: 0.5, beta: -0.22, simulation: 82"
[1] "n sub: 10, n images per sub: 5, sigma^2: 2, beta: -0.22, simulation: 83"
[1] "n sub: 10, n images per sub: 5, sigma^2: 1, beta: -0.22, simulation: 83"
[1] "n sub: 10, n images per sub: 5, sigma^2: 0.5, beta: -0.22, simulation: 83"
[1] "n sub: 10, n images per sub: 5, sigma^2: 2, beta: -0.22, simulation: 84"
[1] "n sub: 10, n images per sub: 5, sigma^2: 1, beta: -0.22, simulation: 84"
[1] "n sub: 10, n images per sub: 5, sigma^2: 0.5, beta: -0.22, simulation: 84"
[1] "n sub: 10, n images per sub: 5, sigma^2: 2, beta: -0.22, simulation: 85"
[1] "n sub: 10, n images per sub: 5, sigma^2: 1, beta: -0.22, simulation: 85"
[1] "n sub: 10, n images per sub: 5, sigma^2: 0.5, beta: -0.22, simulation: 85"
[1] "n sub: 10, n images per sub: 5, sigma^2: 2, beta: -0.22, simulation: 86"
[1] "n sub: 10, n images per sub: 5, sigma^2: 1, beta: -0.22, simulation: 86"
[1] "n sub: 10, n images per sub: 5, sigma^2: 0.5, beta: -0.22, simulation: 86"
[1] "n sub: 10, n images per sub: 5, sigma^2: 2, beta: -0.22, simulation: 87"
[1] "n sub: 10, n images per sub: 5, sigma^2: 1, beta: -0.22, simulation: 87"
[1] "n sub: 10, n images per sub: 5, sigma^2: 0.5, beta: -0.22, simulation: 87"
[1] "n sub: 10, n images per sub: 5, sigma^2: 2, beta: -0.22, simulation: 88"
[1] "n sub: 10, n images per sub: 5, sigma^2: 1, beta: -0.22, simulation: 88"
[1] "n sub: 10, n images per sub: 5, sigma^2: 0.5, beta: -0.22, simulation: 88"
[1] "n sub: 10, n images per sub: 5, sigma^2: 2, beta: -0.22, simulation: 89"
[1] "n sub: 10, n images per sub: 5, sigma^2: 1, beta: -0.22, simulation: 89"
[1] "n sub: 10, n images per sub: 5, sigma^2: 0.5, beta: -0.22, simulation: 89"
[1] "n sub: 10, n images per sub: 5, sigma^2: 2, beta: -0.22, simulation: 90"
[1] "n sub: 10, n images per sub: 5, sigma^2: 1, beta: -0.22, simulation: 90"
[1] "n sub: 10, n images per sub: 5, sigma^2: 0.5, beta: -0.22, simulation: 90"
[1] "n sub: 10, n images per sub: 5, sigma^2: 2, beta: -0.22, simulation: 91"
[1] "n sub: 10, n images per sub: 5, sigma^2: 1, beta: -0.22, simulation: 91"
[1] "n sub: 10, n images per sub: 5, sigma^2: 0.5, beta: -0.22, simulation: 91"
[1] "n sub: 10, n images per sub: 5, sigma^2: 2, beta: -0.22, simulation: 92"
[1] "n sub: 10, n images per sub: 5, sigma^2: 1, beta: -0.22, simulation: 92"
[1] "n sub: 10, n images per sub: 5, sigma^2: 0.5, beta: -0.22, simulation: 92"
[1] "n sub: 10, n images per sub: 5, sigma^2: 2, beta: -0.22, simulation: 93"
[1] "n sub: 10, n images per sub: 5, sigma^2: 1, beta: -0.22, simulation: 93"
[1] "n sub: 10, n images per sub: 5, sigma^2: 0.5, beta: -0.22, simulation: 93"
[1] "n sub: 10, n images per sub: 5, sigma^2: 2, beta: -0.22, simulation: 94"
[1] "n sub: 10, n images per sub: 5, sigma^2: 1, beta: -0.22, simulation: 94"
[1] "n sub: 10, n images per sub: 5, sigma^2: 0.5, beta: -0.22, simulation: 94"
[1] "n sub: 10, n images per sub: 5, sigma^2: 2, beta: -0.22, simulation: 95"
[1] "n sub: 10, n images per sub: 5, sigma^2: 1, beta: -0.22, simulation: 95"
[1] "n sub: 10, n images per sub: 5, sigma^2: 0.5, beta: -0.22, simulation: 95"
[1] "n sub: 10, n images per sub: 5, sigma^2: 2, beta: -0.22, simulation: 96"
[1] "n sub: 10, n images per sub: 5, sigma^2: 1, beta: -0.22, simulation: 96"
[1] "n sub: 10, n images per sub: 5, sigma^2: 0.5, beta: -0.22, simulation: 96"
