 [1] 12691 12692 12693 12694 12695 12696 12697 12698 12699 12700 12701 12702
[13] 12703 12704 12705 12706 12707 12708 12709 12710 12711 12712 12713 12714
[25] 12715 12716 12717 12718 12719 12720 12721 12722 12723 12724 12725 12726
[37] 12727 12728 12729 12730 12731 12732 12733 12734 12735 12736 12737 12738
[49] 12739 12740 12741 12742 12743 12744
[1] "n sub: 30, n images per sub: 5, sigma^2: 0.5, beta: 0.41, simulation: 31"
[1] "n sub: 30, n images per sub: 5, sigma^2: 1, beta: 0.41, simulation: 31"
[1] "n sub: 30, n images per sub: 5, sigma^2: 2, beta: 0.41, simulation: 31"
[1] "n sub: 30, n images per sub: 5, sigma^2: 0.5, beta: 0.41, simulation: 32"
[1] "n sub: 30, n images per sub: 5, sigma^2: 1, beta: 0.41, simulation: 32"
[1] "n sub: 30, n images per sub: 5, sigma^2: 2, beta: 0.41, simulation: 32"
[1] "n sub: 30, n images per sub: 5, sigma^2: 0.5, beta: 0.41, simulation: 33"
[1] "n sub: 30, n images per sub: 5, sigma^2: 1, beta: 0.41, simulation: 33"
[1] "n sub: 30, n images per sub: 5, sigma^2: 2, beta: 0.41, simulation: 33"
[1] "n sub: 30, n images per sub: 5, sigma^2: 0.5, beta: 0.41, simulation: 34"
[1] "n sub: 30, n images per sub: 5, sigma^2: 1, beta: 0.41, simulation: 34"
[1] "n sub: 30, n images per sub: 5, sigma^2: 2, beta: 0.41, simulation: 34"
[1] "n sub: 30, n images per sub: 5, sigma^2: 0.5, beta: 0.41, simulation: 35"
[1] "n sub: 30, n images per sub: 5, sigma^2: 1, beta: 0.41, simulation: 35"
[1] "n sub: 30, n images per sub: 5, sigma^2: 2, beta: 0.41, simulation: 35"
[1] "n sub: 30, n images per sub: 5, sigma^2: 1, beta: 0.41, simulation: 36"
[1] "n sub: 30, n images per sub: 5, sigma^2: 0.5, beta: 0.41, simulation: 36"
[1] "n sub: 30, n images per sub: 5, sigma^2: 2, beta: 0.41, simulation: 36"
[1] "n sub: 30, n images per sub: 5, sigma^2: 0.5, beta: 0.41, simulation: 37"
[1] "n sub: 30, n images per sub: 5, sigma^2: 1, beta: 0.41, simulation: 37"
[1] "n sub: 30, n images per sub: 5, sigma^2: 2, beta: 0.41, simulation: 37"
[1] "n sub: 30, n images per sub: 5, sigma^2: 0.5, beta: 0.41, simulation: 38"
[1] "n sub: 30, n images per sub: 5, sigma^2: 1, beta: 0.41, simulation: 38"
[1] "n sub: 30, n images per sub: 5, sigma^2: 2, beta: 0.41, simulation: 38"
[1] "n sub: 30, n images per sub: 5, sigma^2: 0.5, beta: 0.41, simulation: 39"
[1] "n sub: 30, n images per sub: 5, sigma^2: 1, beta: 0.41, simulation: 39"
[1] "n sub: 30, n images per sub: 5, sigma^2: 2, beta: 0.41, simulation: 39"
[1] "n sub: 30, n images per sub: 5, sigma^2: 1, beta: 0.41, simulation: 40"
[1] "n sub: 30, n images per sub: 5, sigma^2: 0.5, beta: 0.41, simulation: 40"
[1] "n sub: 30, n images per sub: 5, sigma^2: 2, beta: 0.41, simulation: 40"
[1] "n sub: 30, n images per sub: 5, sigma^2: 1, beta: 0.41, simulation: 41"
[1] "n sub: 30, n images per sub: 5, sigma^2: 0.5, beta: 0.41, simulation: 41"
[1] "n sub: 30, n images per sub: 5, sigma^2: 2, beta: 0.41, simulation: 41"
[1] "n sub: 30, n images per sub: 5, sigma^2: 1, beta: 0.41, simulation: 42"
[1] "n sub: 30, n images per sub: 5, sigma^2: 0.5, beta: 0.41, simulation: 42"
[1] "n sub: 30, n images per sub: 5, sigma^2: 2, beta: 0.41, simulation: 42"
[1] "n sub: 30, n images per sub: 5, sigma^2: 1, beta: 0.41, simulation: 43"
[1] "n sub: 30, n images per sub: 5, sigma^2: 0.5, beta: 0.41, simulation: 43"
[1] "n sub: 30, n images per sub: 5, sigma^2: 2, beta: 0.41, simulation: 43"
[1] "n sub: 30, n images per sub: 5, sigma^2: 1, beta: 0.41, simulation: 44"
[1] "n sub: 30, n images per sub: 5, sigma^2: 0.5, beta: 0.41, simulation: 44"
[1] "n sub: 30, n images per sub: 5, sigma^2: 2, beta: 0.41, simulation: 44"
[1] "n sub: 30, n images per sub: 5, sigma^2: 1, beta: 0.41, simulation: 45"
[1] "n sub: 30, n images per sub: 5, sigma^2: 0.5, beta: 0.41, simulation: 45"
[1] "n sub: 30, n images per sub: 5, sigma^2: 2, beta: 0.41, simulation: 45"
[1] "n sub: 30, n images per sub: 5, sigma^2: 1, beta: 0.41, simulation: 46"
[1] "n sub: 30, n images per sub: 5, sigma^2: 0.5, beta: 0.41, simulation: 46"
[1] "n sub: 30, n images per sub: 5, sigma^2: 2, beta: 0.41, simulation: 46"
[1] "n sub: 30, n images per sub: 5, sigma^2: 1, beta: 0.41, simulation: 47"
[1] "n sub: 30, n images per sub: 5, sigma^2: 0.5, beta: 0.41, simulation: 47"
[1] "n sub: 30, n images per sub: 5, sigma^2: 2, beta: 0.41, simulation: 47"
[1] "n sub: 30, n images per sub: 5, sigma^2: 0.5, beta: 0.41, simulation: 48"
[1] "n sub: 30, n images per sub: 5, sigma^2: 1, beta: 0.41, simulation: 48"
[1] "n sub: 30, n images per sub: 5, sigma^2: 2, beta: 0.41, simulation: 48"
