[1] "n sub: 10, n images per sub: 1, zero distance: 100, sigma^2: 1, beta: 1.1, simulation: 1"
[1] "no_corr"
[1] "pc_exp"
[1] "pc_sqexp"
[1] "n sub: 10, n images per sub: 1, zero distance: 100, sigma^2: 2, beta: 1.1, simulation: 1"
[1] "no_corr"
[1] "pc_exp"
[1] "pc_sqexp"
[1] "n sub: 10, n images per sub: 1, zero distance: 100, sigma^2: 0.5, beta: 1.1, simulation: 1"
[1] "no_corr"
[1] "pc_exp"
[1] "pc_sqexp"
[1] "n sub: 10, n images per sub: 1, zero distance: 100, sigma^2: 1, beta: 1.1, simulation: 2"
[1] "no_corr"
[1] "pc_exp"
[1] "pc_sqexp"
[1] "n sub: 10, n images per sub: 1, zero distance: 100, sigma^2: 2, beta: 1.1, simulation: 2"
[1] "no_corr"
[1] "pc_exp"
[1] "pc_sqexp"
[1] "n sub: 10, n images per sub: 1, zero distance: 100, sigma^2: 0.5, beta: 1.1, simulation: 2"
[1] "no_corr"
[1] "pc_exp"
[1] "pc_sqexp"
[1] "n sub: 10, n images per sub: 1, zero distance: 100, sigma^2: 1, beta: 1.1, simulation: 3"
[1] "no_corr"
[1] "pc_exp"
[1] "pc_sqexp"
[1] "n sub: 10, n images per sub: 1, zero distance: 100, sigma^2: 2, beta: 1.1, simulation: 3"
[1] "no_corr"
[1] "pc_exp"
[1] "pc_sqexp"
[1] "n sub: 10, n images per sub: 1, zero distance: 100, sigma^2: 0.5, beta: 1.1, simulation: 3"
[1] "no_corr"
[1] "pc_exp"
[1] "pc_sqexp"
[1] "n sub: 10, n images per sub: 1, zero distance: 100, sigma^2: 1, beta: 1.1, simulation: 4"
[1] "no_corr"
[1] "pc_exp"
[1] "pc_sqexp"
[1] "n sub: 10, n images per sub: 1, zero distance: 100, sigma^2: 2, beta: 1.1, simulation: 4"
[1] "no_corr"
[1] "pc_exp"
[1] "pc_sqexp"
[1] "n sub: 10, n images per sub: 1, zero distance: 100, sigma^2: 0.5, beta: 1.1, simulation: 4"
[1] "no_corr"
[1] "pc_exp"
[1] "pc_sqexp"
[1] "n sub: 10, n images per sub: 1, zero distance: 100, sigma^2: 1, beta: 1.1, simulation: 5"
[1] "no_corr"
[1] "pc_exp"
[1] "pc_sqexp"
[1] "n sub: 10, n images per sub: 1, zero distance: 100, sigma^2: 2, beta: 1.1, simulation: 5"
[1] "no_corr"
[1] "pc_exp"
[1] "pc_sqexp"
[1] "n sub: 10, n images per sub: 1, zero distance: 100, sigma^2: 0.5, beta: 1.1, simulation: 5"
[1] "no_corr"
[1] "pc_exp"
[1] "pc_sqexp"
[1] "n sub: 10, n images per sub: 1, zero distance: 100, sigma^2: 1, beta: 1.1, simulation: 6"
[1] "no_corr"
[1] "pc_exp"
[1] "pc_sqexp"
[1] "n sub: 10, n images per sub: 1, zero distance: 100, sigma^2: 2, beta: 1.1, simulation: 6"
[1] "no_corr"
[1] "pc_exp"
[1] "pc_sqexp"
[1] "n sub: 10, n images per sub: 1, zero distance: 100, sigma^2: 0.5, beta: 1.1, simulation: 6"
[1] "no_corr"
[1] "pc_exp"
[1] "pc_sqexp"
[1] "n sub: 10, n images per sub: 1, zero distance: 100, sigma^2: 1, beta: 1.1, simulation: 7"
[1] "no_corr"
[1] "pc_exp"
[1] "pc_sqexp"
[1] "n sub: 10, n images per sub: 1, zero distance: 100, sigma^2: 2, beta: 1.1, simulation: 7"
[1] "no_corr"
[1] "pc_exp"
[1] "pc_sqexp"
[1] "n sub: 10, n images per sub: 1, zero distance: 100, sigma^2: 0.5, beta: 1.1, simulation: 7"
[1] "no_corr"
[1] "pc_exp"
[1] "pc_sqexp"
[1] "n sub: 10, n images per sub: 1, zero distance: 100, sigma^2: 1, beta: 1.1, simulation: 8"
[1] "no_corr"
[1] "pc_exp"
[1] "pc_sqexp"
[1] "n sub: 10, n images per sub: 1, zero distance: 100, sigma^2: 2, beta: 1.1, simulation: 8"
[1] "no_corr"
[1] "pc_exp"
[1] "pc_sqexp"
[1] "n sub: 10, n images per sub: 1, zero distance: 100, sigma^2: 0.5, beta: 1.1, simulation: 8"
[1] "no_corr"
[1] "pc_exp"
[1] "pc_sqexp"
[1] "n sub: 10, n images per sub: 1, zero distance: 100, sigma^2: 1, beta: 1.1, simulation: 9"
[1] "no_corr"
[1] "pc_exp"
[1] "pc_sqexp"
[1] "n sub: 10, n images per sub: 1, zero distance: 100, sigma^2: 2, beta: 1.1, simulation: 9"
[1] "no_corr"
[1] "pc_exp"
[1] "pc_sqexp"
[1] "n sub: 10, n images per sub: 1, zero distance: 100, sigma^2: 0.5, beta: 1.1, simulation: 9"
[1] "no_corr"
[1] "pc_exp"
[1] "pc_sqexp"
[1] "n sub: 10, n images per sub: 1, zero distance: 100, sigma^2: 1, beta: 1.1, simulation: 10"
[1] "no_corr"
[1] "pc_exp"
[1] "pc_sqexp"
[1] "n sub: 10, n images per sub: 1, zero distance: 100, sigma^2: 2, beta: 1.1, simulation: 10"
[1] "no_corr"
[1] "pc_exp"
[1] "pc_sqexp"
[1] "n sub: 10, n images per sub: 1, zero distance: 100, sigma^2: 0.5, beta: 1.1, simulation: 10"
[1] "no_corr"
[1] "pc_exp"
[1] "pc_sqexp"
[1] "n sub: 10, n images per sub: 1, zero distance: 100, sigma^2: 1, beta: 1.1, simulation: 11"
[1] "no_corr"
[1] "pc_exp"
[1] "pc_sqexp"
[1] "n sub: 10, n images per sub: 1, zero distance: 100, sigma^2: 2, beta: 1.1, simulation: 11"
[1] "no_corr"
[1] "pc_exp"
[1] "pc_sqexp"
[1] "n sub: 10, n images per sub: 1, zero distance: 100, sigma^2: 0.5, beta: 1.1, simulation: 11"
[1] "no_corr"
[1] "pc_exp"
[1] "pc_sqexp"
[1] "n sub: 10, n images per sub: 1, zero distance: 100, sigma^2: 1, beta: 1.1, simulation: 12"
[1] "no_corr"
[1] "pc_exp"
[1] "pc_sqexp"
[1] "n sub: 10, n images per sub: 1, zero distance: 100, sigma^2: 2, beta: 1.1, simulation: 12"
[1] "no_corr"
[1] "pc_exp"
[1] "pc_sqexp"
[1] "n sub: 10, n images per sub: 1, zero distance: 100, sigma^2: 0.5, beta: 1.1, simulation: 12"
[1] "no_corr"
[1] "pc_exp"
[1] "pc_sqexp"
[1] "n sub: 10, n images per sub: 1, zero distance: 100, sigma^2: 1, beta: 1.1, simulation: 13"
[1] "no_corr"
[1] "pc_exp"
[1] "pc_sqexp"
[1] "n sub: 10, n images per sub: 1, zero distance: 100, sigma^2: 2, beta: 1.1, simulation: 13"
[1] "no_corr"
[1] "pc_exp"
[1] "pc_sqexp"
[1] "n sub: 10, n images per sub: 1, zero distance: 100, sigma^2: 0.5, beta: 1.1, simulation: 13"
[1] "no_corr"
[1] "pc_exp"
[1] "pc_sqexp"
[1] "n sub: 10, n images per sub: 1, zero distance: 100, sigma^2: 1, beta: 1.1, simulation: 14"
[1] "no_corr"
[1] "pc_exp"
[1] "pc_sqexp"
[1] "n sub: 10, n images per sub: 1, zero distance: 100, sigma^2: 2, beta: 1.1, simulation: 14"
[1] "no_corr"
[1] "pc_exp"
[1] "pc_sqexp"
[1] "n sub: 10, n images per sub: 1, zero distance: 100, sigma^2: 0.5, beta: 1.1, simulation: 14"
[1] "no_corr"
[1] "pc_exp"
[1] "pc_sqexp"
[1] "n sub: 10, n images per sub: 1, zero distance: 100, sigma^2: 1, beta: 1.1, simulation: 15"
[1] "no_corr"
[1] "pc_exp"
[1] "pc_sqexp"
[1] "n sub: 10, n images per sub: 1, zero distance: 100, sigma^2: 2, beta: 1.1, simulation: 15"
[1] "no_corr"
[1] "pc_exp"
[1] "pc_sqexp"
[1] "n sub: 10, n images per sub: 1, zero distance: 100, sigma^2: 0.5, beta: 1.1, simulation: 15"
[1] "no_corr"
[1] "pc_exp"
[1] "pc_sqexp"
[1] "n sub: 10, n images per sub: 1, zero distance: 100, sigma^2: 1, beta: 1.1, simulation: 16"
[1] "no_corr"
[1] "pc_exp"
[1] "pc_sqexp"
[1] "n sub: 10, n images per sub: 1, zero distance: 100, sigma^2: 2, beta: 1.1, simulation: 16"
[1] "no_corr"
[1] "pc_exp"
[1] "pc_sqexp"
[1] "n sub: 10, n images per sub: 1, zero distance: 100, sigma^2: 0.5, beta: 1.1, simulation: 16"
[1] "no_corr"
[1] "pc_exp"
[1] "pc_sqexp"
[1] "n sub: 10, n images per sub: 1, zero distance: 100, sigma^2: 1, beta: 1.1, simulation: 17"
[1] "no_corr"
[1] "pc_exp"
[1] "pc_sqexp"
[1] "n sub: 10, n images per sub: 1, zero distance: 100, sigma^2: 2, beta: 1.1, simulation: 17"
[1] "no_corr"
[1] "pc_exp"
[1] "pc_sqexp"
[1] "n sub: 10, n images per sub: 1, zero distance: 100, sigma^2: 0.5, beta: 1.1, simulation: 17"
[1] "no_corr"
[1] "pc_exp"
[1] "pc_sqexp"
[1] "n sub: 10, n images per sub: 1, zero distance: 100, sigma^2: 1, beta: 1.1, simulation: 18"
[1] "no_corr"
[1] "pc_exp"
[1] "pc_sqexp"
[1] "n sub: 10, n images per sub: 1, zero distance: 100, sigma^2: 2, beta: 1.1, simulation: 18"
[1] "no_corr"
[1] "pc_exp"
[1] "pc_sqexp"
[1] "n sub: 10, n images per sub: 1, zero distance: 100, sigma^2: 0.5, beta: 1.1, simulation: 18"
[1] "no_corr"
[1] "pc_exp"
[1] "pc_sqexp"
[1] "n sub: 10, n images per sub: 1, zero distance: 100, sigma^2: 1, beta: 1.1, simulation: 19"
[1] "no_corr"
[1] "pc_exp"
[1] "pc_sqexp"
[1] "n sub: 10, n images per sub: 1, zero distance: 100, sigma^2: 2, beta: 1.1, simulation: 19"
[1] "no_corr"
[1] "pc_exp"
[1] "pc_sqexp"
[1] "n sub: 10, n images per sub: 1, zero distance: 100, sigma^2: 0.5, beta: 1.1, simulation: 19"
[1] "no_corr"
[1] "pc_exp"
[1] "pc_sqexp"
[1] "n sub: 10, n images per sub: 1, zero distance: 100, sigma^2: 1, beta: 1.1, simulation: 20"
[1] "no_corr"
[1] "pc_exp"
[1] "pc_sqexp"
[1] "n sub: 10, n images per sub: 1, zero distance: 100, sigma^2: 2, beta: 1.1, simulation: 20"
[1] "no_corr"
[1] "pc_exp"
[1] "pc_sqexp"
[1] "n sub: 10, n images per sub: 1, zero distance: 100, sigma^2: 0.5, beta: 1.1, simulation: 20"
[1] "no_corr"
[1] "pc_exp"
[1] "pc_sqexp"
[1] "n sub: 10, n images per sub: 1, zero distance: 100, sigma^2: 1, beta: 1.1, simulation: 21"
[1] "no_corr"
[1] "pc_exp"
[1] "pc_sqexp"
[1] "n sub: 10, n images per sub: 1, zero distance: 100, sigma^2: 2, beta: 1.1, simulation: 21"
[1] "no_corr"
[1] "pc_exp"
[1] "pc_sqexp"
[1] "n sub: 10, n images per sub: 1, zero distance: 100, sigma^2: 0.5, beta: 1.1, simulation: 21"
[1] "no_corr"
[1] "pc_exp"
[1] "pc_sqexp"
[1] "n sub: 10, n images per sub: 1, zero distance: 100, sigma^2: 0.5, beta: 1.1, simulation: 22"
[1] "no_corr"
[1] "pc_exp"
[1] "pc_sqexp"
[1] "n sub: 10, n images per sub: 1, zero distance: 100, sigma^2: 1, beta: 1.1, simulation: 22"
[1] "no_corr"
[1] "pc_exp"
[1] "pc_sqexp"
[1] "n sub: 10, n images per sub: 1, zero distance: 100, sigma^2: 2, beta: 1.1, simulation: 22"
[1] "no_corr"
[1] "pc_exp"
[1] "pc_sqexp"
[1] "n sub: 10, n images per sub: 1, zero distance: 100, sigma^2: 0.5, beta: 1.1, simulation: 23"
[1] "no_corr"
[1] "pc_exp"
[1] "pc_sqexp"
[1] "n sub: 10, n images per sub: 1, zero distance: 100, sigma^2: 1, beta: 1.1, simulation: 23"
[1] "no_corr"
[1] "pc_exp"
[1] "pc_sqexp"
[1] "n sub: 10, n images per sub: 1, zero distance: 100, sigma^2: 2, beta: 1.1, simulation: 23"
[1] "no_corr"
[1] "pc_exp"
[1] "pc_sqexp"
[1] "n sub: 10, n images per sub: 1, zero distance: 100, sigma^2: 0.5, beta: 1.1, simulation: 24"
[1] "no_corr"
[1] "pc_exp"
[1] "pc_sqexp"
[1] "n sub: 10, n images per sub: 1, zero distance: 100, sigma^2: 1, beta: 1.1, simulation: 24"
[1] "no_corr"
[1] "pc_exp"
[1] "pc_sqexp"
[1] "n sub: 10, n images per sub: 1, zero distance: 100, sigma^2: 2, beta: 1.1, simulation: 24"
[1] "no_corr"
[1] "pc_exp"
[1] "pc_sqexp"
[1] "n sub: 10, n images per sub: 1, zero distance: 100, sigma^2: 0.5, beta: 1.1, simulation: 25"
[1] "no_corr"
[1] "pc_exp"
[1] "pc_sqexp"
[1] "n sub: 10, n images per sub: 1, zero distance: 100, sigma^2: 1, beta: 1.1, simulation: 25"
[1] "no_corr"
[1] "pc_exp"
[1] "pc_sqexp"
[1] "n sub: 10, n images per sub: 1, zero distance: 100, sigma^2: 2, beta: 1.1, simulation: 25"
[1] "no_corr"
[1] "pc_exp"
[1] "pc_sqexp"
[1] "n sub: 10, n images per sub: 1, zero distance: 100, sigma^2: 0.5, beta: 1.1, simulation: 26"
[1] "no_corr"
[1] "pc_exp"
[1] "pc_sqexp"
[1] "n sub: 10, n images per sub: 1, zero distance: 100, sigma^2: 1, beta: 1.1, simulation: 26"
[1] "no_corr"
[1] "pc_exp"
[1] "pc_sqexp"
[1] "n sub: 10, n images per sub: 1, zero distance: 100, sigma^2: 2, beta: 1.1, simulation: 26"
[1] "no_corr"
[1] "pc_exp"
[1] "pc_sqexp"
[1] "n sub: 10, n images per sub: 1, zero distance: 100, sigma^2: 0.5, beta: 1.1, simulation: 27"
[1] "no_corr"
[1] "pc_exp"
[1] "pc_sqexp"
[1] "n sub: 10, n images per sub: 1, zero distance: 100, sigma^2: 1, beta: 1.1, simulation: 27"
[1] "no_corr"
[1] "pc_exp"
[1] "pc_sqexp"
[1] "n sub: 10, n images per sub: 1, zero distance: 100, sigma^2: 2, beta: 1.1, simulation: 27"
[1] "no_corr"
[1] "pc_exp"
[1] "pc_sqexp"
[1] "n sub: 10, n images per sub: 1, zero distance: 100, sigma^2: 0.5, beta: 1.1, simulation: 28"
[1] "no_corr"
[1] "pc_exp"
[1] "pc_sqexp"
[1] "n sub: 10, n images per sub: 1, zero distance: 100, sigma^2: 1, beta: 1.1, simulation: 28"
[1] "no_corr"
[1] "pc_exp"
[1] "pc_sqexp"
[1] "n sub: 10, n images per sub: 1, zero distance: 100, sigma^2: 2, beta: 1.1, simulation: 28"
[1] "no_corr"
[1] "pc_exp"
[1] "pc_sqexp"
[1] "n sub: 10, n images per sub: 1, zero distance: 100, sigma^2: 0.5, beta: 1.1, simulation: 29"
[1] "no_corr"
[1] "pc_exp"
[1] "pc_sqexp"
[1] "n sub: 10, n images per sub: 1, zero distance: 100, sigma^2: 1, beta: 1.1, simulation: 29"
[1] "no_corr"
[1] "pc_exp"
[1] "pc_sqexp"
[1] "n sub: 10, n images per sub: 1, zero distance: 100, sigma^2: 2, beta: 1.1, simulation: 29"
[1] "no_corr"
[1] "pc_exp"
[1] "pc_sqexp"
[1] "n sub: 10, n images per sub: 1, zero distance: 100, sigma^2: 0.5, beta: 1.1, simulation: 30"
[1] "no_corr"
[1] "pc_exp"
[1] "pc_sqexp"
[1] "n sub: 10, n images per sub: 1, zero distance: 100, sigma^2: 1, beta: 1.1, simulation: 30"
[1] "no_corr"
[1] "pc_exp"
[1] "pc_sqexp"
[1] "n sub: 10, n images per sub: 1, zero distance: 100, sigma^2: 2, beta: 1.1, simulation: 30"
[1] "no_corr"
[1] "pc_exp"
[1] "pc_sqexp"
[1] "n sub: 10, n images per sub: 1, zero distance: 100, sigma^2: 0.5, beta: 1.1, simulation: 31"
[1] "no_corr"
[1] "pc_exp"
[1] "pc_sqexp"
[1] "n sub: 10, n images per sub: 1, zero distance: 100, sigma^2: 1, beta: 1.1, simulation: 31"
[1] "no_corr"
[1] "pc_exp"
[1] "pc_sqexp"
[1] "n sub: 10, n images per sub: 1, zero distance: 100, sigma^2: 2, beta: 1.1, simulation: 31"
[1] "no_corr"
[1] "pc_exp"
[1] "pc_sqexp"
[1] "n sub: 10, n images per sub: 1, zero distance: 100, sigma^2: 0.5, beta: 1.1, simulation: 32"
[1] "no_corr"
[1] "pc_exp"
[1] "pc_sqexp"
[1] "n sub: 10, n images per sub: 1, zero distance: 100, sigma^2: 1, beta: 1.1, simulation: 32"
[1] "no_corr"
[1] "pc_exp"
[1] "pc_sqexp"
[1] "n sub: 10, n images per sub: 1, zero distance: 100, sigma^2: 2, beta: 1.1, simulation: 32"
[1] "no_corr"
[1] "pc_exp"
[1] "pc_sqexp"
[1] "n sub: 10, n images per sub: 1, zero distance: 100, sigma^2: 0.5, beta: 1.1, simulation: 33"
[1] "no_corr"
[1] "pc_exp"
[1] "pc_sqexp"
[1] "n sub: 10, n images per sub: 1, zero distance: 100, sigma^2: 1, beta: 1.1, simulation: 33"
[1] "no_corr"
[1] "pc_exp"
[1] "pc_sqexp"
[1] "n sub: 10, n images per sub: 1, zero distance: 100, sigma^2: 2, beta: 1.1, simulation: 33"
[1] "no_corr"
[1] "pc_exp"
[1] "pc_sqexp"
[1] "n sub: 10, n images per sub: 1, zero distance: 100, sigma^2: 0.5, beta: 1.1, simulation: 34"
[1] "no_corr"
[1] "pc_exp"
[1] "pc_sqexp"
[1] "n sub: 10, n images per sub: 1, zero distance: 100, sigma^2: 1, beta: 1.1, simulation: 34"
[1] "no_corr"
[1] "pc_exp"
[1] "pc_sqexp"
[1] "n sub: 10, n images per sub: 1, zero distance: 100, sigma^2: 2, beta: 1.1, simulation: 34"
[1] "no_corr"
[1] "pc_exp"
[1] "pc_sqexp"
[1] "n sub: 10, n images per sub: 1, zero distance: 100, sigma^2: 0.5, beta: 1.1, simulation: 35"
[1] "no_corr"
[1] "pc_exp"
[1] "pc_sqexp"
[1] "n sub: 10, n images per sub: 1, zero distance: 100, sigma^2: 1, beta: 1.1, simulation: 35"
[1] "no_corr"
[1] "pc_exp"
[1] "pc_sqexp"
[1] "n sub: 10, n images per sub: 1, zero distance: 100, sigma^2: 2, beta: 1.1, simulation: 35"
[1] "no_corr"
[1] "pc_exp"
[1] "pc_sqexp"
[1] "n sub: 10, n images per sub: 1, zero distance: 100, sigma^2: 0.5, beta: 1.1, simulation: 36"
[1] "no_corr"
[1] "pc_exp"
[1] "pc_sqexp"
[1] "n sub: 10, n images per sub: 1, zero distance: 100, sigma^2: 1, beta: 1.1, simulation: 36"
[1] "no_corr"
[1] "pc_exp"
[1] "pc_sqexp"
[1] "n sub: 10, n images per sub: 1, zero distance: 100, sigma^2: 2, beta: 1.1, simulation: 36"
[1] "no_corr"
[1] "pc_exp"
[1] "pc_sqexp"
[1] "n sub: 10, n images per sub: 1, zero distance: 100, sigma^2: 0.5, beta: 1.1, simulation: 37"
[1] "no_corr"
[1] "pc_exp"
[1] "pc_sqexp"
[1] "n sub: 10, n images per sub: 1, zero distance: 100, sigma^2: 1, beta: 1.1, simulation: 37"
[1] "no_corr"
[1] "pc_exp"
[1] "pc_sqexp"
[1] "n sub: 10, n images per sub: 1, zero distance: 100, sigma^2: 2, beta: 1.1, simulation: 37"
[1] "no_corr"
[1] "pc_exp"
[1] "pc_sqexp"
[1] "n sub: 10, n images per sub: 1, zero distance: 100, sigma^2: 0.5, beta: 1.1, simulation: 38"
[1] "no_corr"
[1] "pc_exp"
[1] "pc_sqexp"
[1] "n sub: 10, n images per sub: 1, zero distance: 100, sigma^2: 1, beta: 1.1, simulation: 38"
[1] "no_corr"
[1] "pc_exp"
[1] "pc_sqexp"
[1] "n sub: 10, n images per sub: 1, zero distance: 100, sigma^2: 2, beta: 1.1, simulation: 38"
[1] "no_corr"
[1] "pc_exp"
[1] "pc_sqexp"
[1] "n sub: 10, n images per sub: 1, zero distance: 100, sigma^2: 0.5, beta: 1.1, simulation: 39"
[1] "no_corr"
[1] "pc_exp"
[1] "pc_sqexp"
[1] "n sub: 10, n images per sub: 1, zero distance: 100, sigma^2: 1, beta: 1.1, simulation: 39"
[1] "no_corr"
[1] "pc_exp"
[1] "pc_sqexp"
[1] "n sub: 10, n images per sub: 1, zero distance: 100, sigma^2: 2, beta: 1.1, simulation: 39"
[1] "no_corr"
[1] "pc_exp"
[1] "pc_sqexp"
[1] "n sub: 10, n images per sub: 1, zero distance: 100, sigma^2: 0.5, beta: 1.1, simulation: 40"
[1] "no_corr"
[1] "pc_exp"
[1] "pc_sqexp"
[1] "n sub: 10, n images per sub: 1, zero distance: 100, sigma^2: 1, beta: 1.1, simulation: 40"
[1] "no_corr"
[1] "pc_exp"
[1] "pc_sqexp"
[1] "n sub: 10, n images per sub: 1, zero distance: 100, sigma^2: 2, beta: 1.1, simulation: 40"
[1] "no_corr"
[1] "pc_exp"
[1] "pc_sqexp"
[1] "n sub: 10, n images per sub: 1, zero distance: 100, sigma^2: 0.5, beta: 1.1, simulation: 41"
[1] "no_corr"
[1] "pc_exp"
[1] "pc_sqexp"
[1] "n sub: 10, n images per sub: 1, zero distance: 100, sigma^2: 1, beta: 1.1, simulation: 41"
[1] "no_corr"
[1] "pc_exp"
[1] "pc_sqexp"
[1] "n sub: 10, n images per sub: 1, zero distance: 100, sigma^2: 2, beta: 1.1, simulation: 41"
[1] "no_corr"
[1] "pc_exp"
[1] "pc_sqexp"
[1] "n sub: 10, n images per sub: 1, zero distance: 100, sigma^2: 0.5, beta: 1.1, simulation: 42"
[1] "no_corr"
[1] "pc_exp"
[1] "pc_sqexp"
[1] "n sub: 10, n images per sub: 1, zero distance: 100, sigma^2: 1, beta: 1.1, simulation: 42"
[1] "no_corr"
[1] "pc_exp"
[1] "pc_sqexp"
[1] "n sub: 10, n images per sub: 1, zero distance: 100, sigma^2: 2, beta: 1.1, simulation: 42"
[1] "no_corr"
[1] "pc_exp"
[1] "pc_sqexp"
[1] "n sub: 10, n images per sub: 1, zero distance: 100, sigma^2: 0.5, beta: 1.1, simulation: 43"
[1] "no_corr"
[1] "pc_exp"
[1] "pc_sqexp"
[1] "n sub: 10, n images per sub: 1, zero distance: 100, sigma^2: 1, beta: 1.1, simulation: 43"
[1] "no_corr"
[1] "pc_exp"
[1] "pc_sqexp"
[1] "n sub: 10, n images per sub: 1, zero distance: 100, sigma^2: 2, beta: 1.1, simulation: 43"
[1] "no_corr"
[1] "pc_exp"
[1] "pc_sqexp"
[1] "n sub: 10, n images per sub: 1, zero distance: 100, sigma^2: 0.5, beta: 1.1, simulation: 44"
[1] "no_corr"
[1] "pc_exp"
[1] "pc_sqexp"
[1] "n sub: 10, n images per sub: 1, zero distance: 100, sigma^2: 1, beta: 1.1, simulation: 44"
[1] "no_corr"
[1] "pc_exp"
[1] "pc_sqexp"
[1] "n sub: 10, n images per sub: 1, zero distance: 100, sigma^2: 2, beta: 1.1, simulation: 44"
[1] "no_corr"
[1] "pc_exp"
[1] "pc_sqexp"
[1] "n sub: 10, n images per sub: 1, zero distance: 100, sigma^2: 0.5, beta: 1.1, simulation: 45"
[1] "no_corr"
[1] "pc_exp"
[1] "pc_sqexp"
[1] "n sub: 10, n images per sub: 1, zero distance: 100, sigma^2: 1, beta: 1.1, simulation: 45"
[1] "no_corr"
[1] "pc_exp"
[1] "pc_sqexp"
[1] "n sub: 10, n images per sub: 1, zero distance: 100, sigma^2: 2, beta: 1.1, simulation: 45"
[1] "no_corr"
[1] "pc_exp"
[1] "pc_sqexp"
[1] "n sub: 10, n images per sub: 1, zero distance: 100, sigma^2: 0.5, beta: 1.1, simulation: 46"
[1] "no_corr"
[1] "pc_exp"
[1] "pc_sqexp"
[1] "n sub: 10, n images per sub: 1, zero distance: 100, sigma^2: 1, beta: 1.1, simulation: 46"
[1] "no_corr"
[1] "pc_exp"
[1] "pc_sqexp"
[1] "n sub: 10, n images per sub: 1, zero distance: 100, sigma^2: 2, beta: 1.1, simulation: 46"
[1] "no_corr"
[1] "pc_exp"
[1] "pc_sqexp"
[1] "n sub: 10, n images per sub: 1, zero distance: 100, sigma^2: 0.5, beta: 1.1, simulation: 47"
[1] "no_corr"
[1] "pc_exp"
[1] "pc_sqexp"
[1] "n sub: 10, n images per sub: 1, zero distance: 100, sigma^2: 1, beta: 1.1, simulation: 47"
[1] "no_corr"
[1] "pc_exp"
[1] "pc_sqexp"
[1] "n sub: 10, n images per sub: 1, zero distance: 100, sigma^2: 2, beta: 1.1, simulation: 47"
[1] "no_corr"
[1] "pc_exp"
[1] "pc_sqexp"
[1] "n sub: 10, n images per sub: 1, zero distance: 100, sigma^2: 0.5, beta: 1.1, simulation: 48"
[1] "no_corr"
[1] "pc_exp"
[1] "pc_sqexp"
[1] "n sub: 10, n images per sub: 1, zero distance: 100, sigma^2: 1, beta: 1.1, simulation: 48"
[1] "no_corr"
[1] "pc_exp"
[1] "pc_sqexp"
[1] "n sub: 10, n images per sub: 1, zero distance: 100, sigma^2: 2, beta: 1.1, simulation: 48"
[1] "no_corr"
[1] "pc_exp"
[1] "pc_sqexp"
[1] "n sub: 10, n images per sub: 1, zero distance: 100, sigma^2: 0.5, beta: 1.1, simulation: 49"
[1] "no_corr"
[1] "pc_exp"
[1] "pc_sqexp"
[1] "n sub: 10, n images per sub: 1, zero distance: 100, sigma^2: 1, beta: 1.1, simulation: 49"
[1] "no_corr"
[1] "pc_exp"
[1] "pc_sqexp"
[1] "n sub: 10, n images per sub: 1, zero distance: 100, sigma^2: 2, beta: 1.1, simulation: 49"
[1] "no_corr"
[1] "pc_exp"
[1] "pc_sqexp"
[1] "n sub: 10, n images per sub: 1, zero distance: 100, sigma^2: 0.5, beta: 1.1, simulation: 50"
[1] "no_corr"
[1] "pc_exp"
[1] "pc_sqexp"
[1] "n sub: 10, n images per sub: 1, zero distance: 100, sigma^2: 1, beta: 1.1, simulation: 50"
[1] "no_corr"
[1] "pc_exp"
[1] "pc_sqexp"
[1] "n sub: 10, n images per sub: 1, zero distance: 100, sigma^2: 2, beta: 1.1, simulation: 50"
[1] "no_corr"
[1] "pc_exp"
[1] "pc_sqexp"
[1] "n sub: 10, n images per sub: 1, zero distance: 100, sigma^2: 0.5, beta: 1.1, simulation: 51"
[1] "no_corr"
[1] "pc_exp"
[1] "pc_sqexp"
[1] "n sub: 10, n images per sub: 1, zero distance: 100, sigma^2: 1, beta: 1.1, simulation: 51"
[1] "no_corr"
[1] "pc_exp"
[1] "pc_sqexp"
[1] "n sub: 10, n images per sub: 1, zero distance: 100, sigma^2: 2, beta: 1.1, simulation: 51"
[1] "no_corr"
[1] "pc_exp"
[1] "pc_sqexp"
[1] "n sub: 10, n images per sub: 1, zero distance: 100, sigma^2: 0.5, beta: 1.1, simulation: 52"
[1] "no_corr"
[1] "pc_exp"
[1] "pc_sqexp"
[1] "n sub: 10, n images per sub: 1, zero distance: 100, sigma^2: 1, beta: 1.1, simulation: 52"
[1] "no_corr"
[1] "pc_exp"
[1] "pc_sqexp"
[1] "n sub: 10, n images per sub: 1, zero distance: 100, sigma^2: 2, beta: 1.1, simulation: 52"
[1] "no_corr"
[1] "pc_exp"
[1] "pc_sqexp"
[1] "n sub: 10, n images per sub: 1, zero distance: 100, sigma^2: 0.5, beta: 1.1, simulation: 53"
[1] "no_corr"
[1] "pc_exp"
[1] "pc_sqexp"
[1] "n sub: 10, n images per sub: 1, zero distance: 100, sigma^2: 1, beta: 1.1, simulation: 53"
[1] "no_corr"
[1] "pc_exp"
[1] "pc_sqexp"
[1] "n sub: 10, n images per sub: 1, zero distance: 100, sigma^2: 2, beta: 1.1, simulation: 53"
[1] "no_corr"
[1] "pc_exp"
[1] "pc_sqexp"
[1] "n sub: 10, n images per sub: 1, zero distance: 100, sigma^2: 0.5, beta: 1.1, simulation: 54"
[1] "no_corr"
[1] "pc_exp"
[1] "pc_sqexp"
[1] "n sub: 10, n images per sub: 1, zero distance: 100, sigma^2: 1, beta: 1.1, simulation: 54"
[1] "no_corr"
[1] "pc_exp"
[1] "pc_sqexp"
[1] "n sub: 10, n images per sub: 1, zero distance: 100, sigma^2: 2, beta: 1.1, simulation: 54"
[1] "no_corr"
[1] "pc_exp"
[1] "pc_sqexp"
[1] "n sub: 10, n images per sub: 1, zero distance: 100, sigma^2: 0.5, beta: 1.1, simulation: 55"
[1] "no_corr"
[1] "pc_exp"
[1] "pc_sqexp"
[1] "n sub: 10, n images per sub: 1, zero distance: 100, sigma^2: 1, beta: 1.1, simulation: 55"
[1] "no_corr"
[1] "pc_exp"
[1] "pc_sqexp"
[1] "n sub: 10, n images per sub: 1, zero distance: 100, sigma^2: 2, beta: 1.1, simulation: 55"
[1] "no_corr"
[1] "pc_exp"
[1] "pc_sqexp"
[1] "n sub: 10, n images per sub: 1, zero distance: 100, sigma^2: 0.5, beta: 1.1, simulation: 56"
[1] "no_corr"
[1] "pc_exp"
[1] "pc_sqexp"
[1] "n sub: 10, n images per sub: 1, zero distance: 100, sigma^2: 1, beta: 1.1, simulation: 56"
[1] "no_corr"
[1] "pc_exp"
[1] "pc_sqexp"
[1] "n sub: 10, n images per sub: 1, zero distance: 100, sigma^2: 2, beta: 1.1, simulation: 56"
[1] "no_corr"
[1] "pc_exp"
[1] "pc_sqexp"
[1] "n sub: 10, n images per sub: 1, zero distance: 100, sigma^2: 0.5, beta: 1.1, simulation: 57"
[1] "no_corr"
[1] "pc_exp"
[1] "pc_sqexp"
[1] "n sub: 10, n images per sub: 1, zero distance: 100, sigma^2: 1, beta: 1.1, simulation: 57"
[1] "no_corr"
[1] "pc_exp"
[1] "pc_sqexp"
[1] "n sub: 10, n images per sub: 1, zero distance: 100, sigma^2: 2, beta: 1.1, simulation: 57"
[1] "no_corr"
[1] "pc_exp"
[1] "pc_sqexp"
[1] "n sub: 10, n images per sub: 1, zero distance: 100, sigma^2: 0.5, beta: 1.1, simulation: 58"
[1] "no_corr"
[1] "pc_exp"
[1] "pc_sqexp"
[1] "n sub: 10, n images per sub: 1, zero distance: 100, sigma^2: 1, beta: 1.1, simulation: 58"
[1] "no_corr"
[1] "pc_exp"
[1] "pc_sqexp"
[1] "n sub: 10, n images per sub: 1, zero distance: 100, sigma^2: 2, beta: 1.1, simulation: 58"
[1] "no_corr"
[1] "pc_exp"
[1] "pc_sqexp"
[1] "n sub: 10, n images per sub: 1, zero distance: 100, sigma^2: 0.5, beta: 1.1, simulation: 59"
[1] "no_corr"
[1] "pc_exp"
[1] "pc_sqexp"
[1] "n sub: 10, n images per sub: 1, zero distance: 100, sigma^2: 1, beta: 1.1, simulation: 59"
[1] "no_corr"
[1] "pc_exp"
[1] "pc_sqexp"
[1] "n sub: 10, n images per sub: 1, zero distance: 100, sigma^2: 2, beta: 1.1, simulation: 59"
[1] "no_corr"
[1] "pc_exp"
[1] "pc_sqexp"
[1] "n sub: 10, n images per sub: 1, zero distance: 100, sigma^2: 0.5, beta: 1.1, simulation: 60"
[1] "no_corr"
[1] "pc_exp"
[1] "pc_sqexp"
[1] "n sub: 10, n images per sub: 1, zero distance: 100, sigma^2: 1, beta: 1.1, simulation: 60"
[1] "no_corr"
[1] "pc_exp"
[1] "pc_sqexp"
[1] "n sub: 10, n images per sub: 1, zero distance: 100, sigma^2: 2, beta: 1.1, simulation: 60"
[1] "no_corr"
[1] "pc_exp"
[1] "pc_sqexp"
[1] "n sub: 10, n images per sub: 1, zero distance: 100, sigma^2: 0.5, beta: 1.1, simulation: 61"
[1] "no_corr"
[1] "pc_exp"
[1] "pc_sqexp"
[1] "n sub: 10, n images per sub: 1, zero distance: 100, sigma^2: 1, beta: 1.1, simulation: 61"
[1] "no_corr"
[1] "pc_exp"
[1] "pc_sqexp"
[1] "n sub: 10, n images per sub: 1, zero distance: 100, sigma^2: 2, beta: 1.1, simulation: 61"
[1] "no_corr"
[1] "pc_exp"
[1] "pc_sqexp"
[1] "n sub: 10, n images per sub: 1, zero distance: 100, sigma^2: 0.5, beta: 1.1, simulation: 62"
[1] "no_corr"
[1] "pc_exp"
[1] "pc_sqexp"
[1] "n sub: 10, n images per sub: 1, zero distance: 100, sigma^2: 1, beta: 1.1, simulation: 62"
[1] "no_corr"
[1] "pc_exp"
[1] "pc_sqexp"
[1] "n sub: 10, n images per sub: 1, zero distance: 100, sigma^2: 2, beta: 1.1, simulation: 62"
[1] "no_corr"
[1] "pc_exp"
[1] "pc_sqexp"
[1] "n sub: 10, n images per sub: 1, zero distance: 100, sigma^2: 0.5, beta: 1.1, simulation: 63"
[1] "no_corr"
[1] "pc_exp"
[1] "pc_sqexp"
[1] "n sub: 10, n images per sub: 1, zero distance: 100, sigma^2: 1, beta: 1.1, simulation: 63"
[1] "no_corr"
[1] "pc_exp"
[1] "pc_sqexp"
[1] "n sub: 10, n images per sub: 1, zero distance: 100, sigma^2: 2, beta: 1.1, simulation: 63"
[1] "no_corr"
[1] "pc_exp"
[1] "pc_sqexp"
[1] "n sub: 10, n images per sub: 1, zero distance: 100, sigma^2: 0.5, beta: 1.1, simulation: 64"
[1] "no_corr"
[1] "pc_exp"
[1] "pc_sqexp"
[1] "n sub: 10, n images per sub: 1, zero distance: 100, sigma^2: 1, beta: 1.1, simulation: 64"
[1] "no_corr"
[1] "pc_exp"
[1] "pc_sqexp"
[1] "n sub: 10, n images per sub: 1, zero distance: 100, sigma^2: 2, beta: 1.1, simulation: 64"
[1] "no_corr"
[1] "pc_exp"
[1] "pc_sqexp"
[1] "n sub: 10, n images per sub: 1, zero distance: 100, sigma^2: 0.5, beta: 1.1, simulation: 65"
[1] "no_corr"
[1] "pc_exp"
[1] "pc_sqexp"
[1] "n sub: 10, n images per sub: 1, zero distance: 100, sigma^2: 1, beta: 1.1, simulation: 65"
[1] "no_corr"
[1] "pc_exp"
[1] "pc_sqexp"
[1] "n sub: 10, n images per sub: 1, zero distance: 100, sigma^2: 2, beta: 1.1, simulation: 65"
[1] "no_corr"
[1] "pc_exp"
[1] "pc_sqexp"
[1] "n sub: 10, n images per sub: 1, zero distance: 100, sigma^2: 0.5, beta: 1.1, simulation: 66"
[1] "no_corr"
[1] "pc_exp"
[1] "pc_sqexp"
[1] "n sub: 10, n images per sub: 1, zero distance: 100, sigma^2: 1, beta: 1.1, simulation: 66"
[1] "no_corr"
[1] "pc_exp"
[1] "pc_sqexp"
[1] "n sub: 10, n images per sub: 1, zero distance: 100, sigma^2: 2, beta: 1.1, simulation: 66"
[1] "no_corr"
[1] "pc_exp"
[1] "pc_sqexp"
[1] "n sub: 10, n images per sub: 1, zero distance: 100, sigma^2: 0.5, beta: 1.1, simulation: 67"
[1] "no_corr"
[1] "pc_exp"
[1] "pc_sqexp"
[1] "n sub: 10, n images per sub: 1, zero distance: 100, sigma^2: 1, beta: 1.1, simulation: 67"
[1] "no_corr"
[1] "pc_exp"
[1] "pc_sqexp"
