 [1] 14635 14636 14637 14638 14639 14640 14641 14642 14643 14644 14645 14646
[13] 14647 14648 14649 14650 14651 14652 14653 14654 14655 14656 14657 14658
[25] 14659 14660 14661
[1] "n sub: 50, n images per sub: 5, sigma^2: 2, beta: -0.22, simulation: 79"
[1] "n sub: 50, n images per sub: 5, sigma^2: 1, beta: -0.22, simulation: 79"
[1] "n sub: 50, n images per sub: 5, sigma^2: 0.5, beta: -0.22, simulation: 79"
[1] "n sub: 50, n images per sub: 5, sigma^2: 2, beta: -0.22, simulation: 80"
[1] "n sub: 50, n images per sub: 5, sigma^2: 1, beta: -0.22, simulation: 80"
[1] "n sub: 50, n images per sub: 5, sigma^2: 0.5, beta: -0.22, simulation: 80"
[1] "n sub: 50, n images per sub: 5, sigma^2: 2, beta: -0.22, simulation: 81"
[1] "n sub: 50, n images per sub: 5, sigma^2: 1, beta: -0.22, simulation: 81"
[1] "n sub: 50, n images per sub: 5, sigma^2: 0.5, beta: -0.22, simulation: 81"
[1] "n sub: 50, n images per sub: 5, sigma^2: 2, beta: -0.22, simulation: 82"
[1] "n sub: 50, n images per sub: 5, sigma^2: 1, beta: -0.22, simulation: 82"
[1] "n sub: 50, n images per sub: 5, sigma^2: 0.5, beta: -0.22, simulation: 82"
[1] "n sub: 50, n images per sub: 5, sigma^2: 2, beta: -0.22, simulation: 83"
[1] "n sub: 50, n images per sub: 5, sigma^2: 1, beta: -0.22, simulation: 83"
[1] "n sub: 50, n images per sub: 5, sigma^2: 0.5, beta: -0.22, simulation: 83"
[1] "n sub: 50, n images per sub: 5, sigma^2: 2, beta: -0.22, simulation: 84"
[1] "n sub: 50, n images per sub: 5, sigma^2: 1, beta: -0.22, simulation: 84"
[1] "n sub: 50, n images per sub: 5, sigma^2: 0.5, beta: -0.22, simulation: 84"
[1] "n sub: 50, n images per sub: 5, sigma^2: 2, beta: -0.22, simulation: 85"
[1] "n sub: 50, n images per sub: 5, sigma^2: 1, beta: -0.22, simulation: 85"
[1] "n sub: 50, n images per sub: 5, sigma^2: 0.5, beta: -0.22, simulation: 85"
[1] "n sub: 50, n images per sub: 5, sigma^2: 2, beta: -0.22, simulation: 86"
[1] "n sub: 50, n images per sub: 5, sigma^2: 1, beta: -0.22, simulation: 86"
[1] "n sub: 50, n images per sub: 5, sigma^2: 0.5, beta: -0.22, simulation: 86"
[1] "n sub: 50, n images per sub: 5, sigma^2: 1, beta: -0.22, simulation: 87"
[1] "n sub: 50, n images per sub: 5, sigma^2: 2, beta: -0.22, simulation: 87"
[1] "n sub: 50, n images per sub: 5, sigma^2: 0.5, beta: -0.22, simulation: 87"
