 [1] 11017 11018 11019 11020 11021 11022 11023 11024 11025 11026 11027 11028
[13] 11029 11030 11031 11032 11033 11034 11035 11036 11037 11038 11039 11040
[25] 11041 11042 11043 11044 11045 11046 11047 11048 11049 11050 11051 11052
[37] 11053 11054 11055 11056 11057 11058 11059 11060 11061 11062 11063 11064
[49] 11065 11066 11067 11068 11069 11070
[1] "n sub: 30, n images per sub: 5, sigma^2: 2, beta: -1.1, simulation: 73"
[1] "n sub: 30, n images per sub: 5, sigma^2: 1, beta: -1.1, simulation: 73"
[1] "n sub: 30, n images per sub: 5, sigma^2: 0.5, beta: -1.1, simulation: 73"
[1] "n sub: 30, n images per sub: 5, sigma^2: 2, beta: -1.1, simulation: 74"
[1] "n sub: 30, n images per sub: 5, sigma^2: 1, beta: -1.1, simulation: 74"
[1] "n sub: 30, n images per sub: 5, sigma^2: 0.5, beta: -1.1, simulation: 74"
[1] "n sub: 30, n images per sub: 5, sigma^2: 2, beta: -1.1, simulation: 75"
[1] "n sub: 30, n images per sub: 5, sigma^2: 1, beta: -1.1, simulation: 75"
[1] "n sub: 30, n images per sub: 5, sigma^2: 0.5, beta: -1.1, simulation: 75"
[1] "n sub: 30, n images per sub: 5, sigma^2: 1, beta: -1.1, simulation: 76"
[1] "n sub: 30, n images per sub: 5, sigma^2: 2, beta: -1.1, simulation: 76"
[1] "n sub: 30, n images per sub: 5, sigma^2: 0.5, beta: -1.1, simulation: 76"
[1] "n sub: 30, n images per sub: 5, sigma^2: 1, beta: -1.1, simulation: 77"
[1] "n sub: 30, n images per sub: 5, sigma^2: 2, beta: -1.1, simulation: 77"
[1] "n sub: 30, n images per sub: 5, sigma^2: 0.5, beta: -1.1, simulation: 77"
[1] "n sub: 30, n images per sub: 5, sigma^2: 2, beta: -1.1, simulation: 78"
[1] "n sub: 30, n images per sub: 5, sigma^2: 1, beta: -1.1, simulation: 78"
[1] "n sub: 30, n images per sub: 5, sigma^2: 0.5, beta: -1.1, simulation: 78"
[1] "n sub: 30, n images per sub: 5, sigma^2: 2, beta: -1.1, simulation: 79"
[1] "n sub: 30, n images per sub: 5, sigma^2: 1, beta: -1.1, simulation: 79"
[1] "n sub: 30, n images per sub: 5, sigma^2: 0.5, beta: -1.1, simulation: 79"
[1] "n sub: 30, n images per sub: 5, sigma^2: 1, beta: -1.1, simulation: 80"
[1] "n sub: 30, n images per sub: 5, sigma^2: 2, beta: -1.1, simulation: 80"
[1] "n sub: 30, n images per sub: 5, sigma^2: 0.5, beta: -1.1, simulation: 80"
[1] "n sub: 30, n images per sub: 5, sigma^2: 2, beta: -1.1, simulation: 81"
[1] "n sub: 30, n images per sub: 5, sigma^2: 1, beta: -1.1, simulation: 81"
[1] "n sub: 30, n images per sub: 5, sigma^2: 0.5, beta: -1.1, simulation: 81"
[1] "n sub: 30, n images per sub: 5, sigma^2: 2, beta: -1.1, simulation: 82"
[1] "n sub: 30, n images per sub: 5, sigma^2: 1, beta: -1.1, simulation: 82"
[1] "n sub: 30, n images per sub: 5, sigma^2: 0.5, beta: -1.1, simulation: 82"
[1] "n sub: 30, n images per sub: 5, sigma^2: 2, beta: -1.1, simulation: 83"
[1] "n sub: 30, n images per sub: 5, sigma^2: 1, beta: -1.1, simulation: 83"
[1] "n sub: 30, n images per sub: 5, sigma^2: 0.5, beta: -1.1, simulation: 83"
[1] "n sub: 30, n images per sub: 5, sigma^2: 1, beta: -1.1, simulation: 84"
[1] "n sub: 30, n images per sub: 5, sigma^2: 2, beta: -1.1, simulation: 84"
[1] "n sub: 30, n images per sub: 5, sigma^2: 0.5, beta: -1.1, simulation: 84"
[1] "n sub: 30, n images per sub: 5, sigma^2: 1, beta: -1.1, simulation: 85"
[1] "n sub: 30, n images per sub: 5, sigma^2: 2, beta: -1.1, simulation: 85"
[1] "n sub: 30, n images per sub: 5, sigma^2: 0.5, beta: -1.1, simulation: 85"
[1] "n sub: 30, n images per sub: 5, sigma^2: 1, beta: -1.1, simulation: 86"
[1] "n sub: 30, n images per sub: 5, sigma^2: 2, beta: -1.1, simulation: 86"
[1] "n sub: 30, n images per sub: 5, sigma^2: 0.5, beta: -1.1, simulation: 86"
[1] "n sub: 30, n images per sub: 5, sigma^2: 1, beta: -1.1, simulation: 87"
[1] "n sub: 30, n images per sub: 5, sigma^2: 2, beta: -1.1, simulation: 87"
[1] "n sub: 30, n images per sub: 5, sigma^2: 0.5, beta: -1.1, simulation: 87"
[1] "n sub: 30, n images per sub: 5, sigma^2: 1, beta: -1.1, simulation: 88"
[1] "n sub: 30, n images per sub: 5, sigma^2: 2, beta: -1.1, simulation: 88"
[1] "n sub: 30, n images per sub: 5, sigma^2: 0.5, beta: -1.1, simulation: 88"
[1] "n sub: 30, n images per sub: 5, sigma^2: 1, beta: -1.1, simulation: 89"
[1] "n sub: 30, n images per sub: 5, sigma^2: 2, beta: -1.1, simulation: 89"
[1] "n sub: 30, n images per sub: 5, sigma^2: 0.5, beta: -1.1, simulation: 89"
[1] "n sub: 30, n images per sub: 5, sigma^2: 1, beta: -1.1, simulation: 90"
[1] "n sub: 30, n images per sub: 5, sigma^2: 2, beta: -1.1, simulation: 90"
[1] "n sub: 30, n images per sub: 5, sigma^2: 0.5, beta: -1.1, simulation: 90"
