 [1] 15418 15419 15420 15421 15422 15423 15424 15425 15426 15427 15428 15429
[13] 15430 15431 15432 15433 15434 15435 15436 15437 15438 15439 15440 15441
[25] 15442 15443 15444
[1] "n sub: 50, n images per sub: 5, sigma^2: 1, beta: 0.41, simulation: 40"
[1] "n sub: 50, n images per sub: 5, sigma^2: 0.5, beta: 0.41, simulation: 40"
[1] "n sub: 50, n images per sub: 5, sigma^2: 2, beta: 0.41, simulation: 40"
[1] "n sub: 50, n images per sub: 5, sigma^2: 1, beta: 0.41, simulation: 41"
[1] "n sub: 50, n images per sub: 5, sigma^2: 0.5, beta: 0.41, simulation: 41"
[1] "n sub: 50, n images per sub: 5, sigma^2: 2, beta: 0.41, simulation: 41"
[1] "n sub: 50, n images per sub: 5, sigma^2: 1, beta: 0.41, simulation: 42"
[1] "n sub: 50, n images per sub: 5, sigma^2: 0.5, beta: 0.41, simulation: 42"
[1] "n sub: 50, n images per sub: 5, sigma^2: 2, beta: 0.41, simulation: 42"
[1] "n sub: 50, n images per sub: 5, sigma^2: 1, beta: 0.41, simulation: 43"
[1] "n sub: 50, n images per sub: 5, sigma^2: 0.5, beta: 0.41, simulation: 43"
[1] "n sub: 50, n images per sub: 5, sigma^2: 2, beta: 0.41, simulation: 43"
[1] "n sub: 50, n images per sub: 5, sigma^2: 1, beta: 0.41, simulation: 44"
[1] "n sub: 50, n images per sub: 5, sigma^2: 0.5, beta: 0.41, simulation: 44"
[1] "n sub: 50, n images per sub: 5, sigma^2: 2, beta: 0.41, simulation: 44"
[1] "n sub: 50, n images per sub: 5, sigma^2: 1, beta: 0.41, simulation: 45"
[1] "n sub: 50, n images per sub: 5, sigma^2: 0.5, beta: 0.41, simulation: 45"
[1] "n sub: 50, n images per sub: 5, sigma^2: 2, beta: 0.41, simulation: 45"
[1] "n sub: 50, n images per sub: 5, sigma^2: 0.5, beta: 0.41, simulation: 46"
[1] "n sub: 50, n images per sub: 5, sigma^2: 1, beta: 0.41, simulation: 46"
[1] "n sub: 50, n images per sub: 5, sigma^2: 2, beta: 0.41, simulation: 46"
[1] "n sub: 50, n images per sub: 5, sigma^2: 1, beta: 0.41, simulation: 47"
[1] "n sub: 50, n images per sub: 5, sigma^2: 0.5, beta: 0.41, simulation: 47"
[1] "n sub: 50, n images per sub: 5, sigma^2: 2, beta: 0.41, simulation: 47"
[1] "n sub: 50, n images per sub: 5, sigma^2: 0.5, beta: 0.41, simulation: 48"
[1] "n sub: 50, n images per sub: 5, sigma^2: 1, beta: 0.41, simulation: 48"
[1] "n sub: 50, n images per sub: 5, sigma^2: 2, beta: 0.41, simulation: 48"
