  [1] 1621 1622 1623 1624 1625 1626 1627 1628 1629 1630 1631 1632 1633 1634 1635
 [16] 1636 1637 1638 1639 1640 1641 1642 1643 1644 1645 1646 1647 1648 1649 1650
 [31] 1651 1652 1653 1654 1655 1656 1657 1658 1659 1660 1661 1662 1663 1664 1665
 [46] 1666 1667 1668 1669 1670 1671 1672 1673 1674 1675 1676 1677 1678 1679 1680
 [61] 1681 1682 1683 1684 1685 1686 1687 1688 1689 1690 1691 1692 1693 1694 1695
 [76] 1696 1697 1698 1699 1700 1701 1702 1703 1704 1705 1706 1707 1708 1709 1710
 [91] 1711 1712 1713 1714 1715 1716 1717 1718 1719 1720 1721 1722 1723 1724 1725
[106] 1726 1727 1728 1729 1730 1731 1732 1733 1734 1735 1736 1737 1738 1739 1740
[121] 1741 1742 1743 1744 1745 1746 1747 1748 1749 1750 1751 1752 1753 1754 1755
[1] "n sub: 10, n images per sub: 1, sigma^2: 2, beta: 0.22, simulation: 41"
[1] "n sub: 10, n images per sub: 1, sigma^2: 1, beta: 0.22, simulation: 41"
[1] "n sub: 10, n images per sub: 1, sigma^2: 0.5, beta: 0.22, simulation: 41"
[1] "n sub: 10, n images per sub: 1, sigma^2: 2, beta: 0.22, simulation: 42"
[1] "n sub: 10, n images per sub: 1, sigma^2: 1, beta: 0.22, simulation: 42"
[1] "n sub: 10, n images per sub: 1, sigma^2: 0.5, beta: 0.22, simulation: 42"
[1] "n sub: 10, n images per sub: 1, sigma^2: 2, beta: 0.22, simulation: 43"
[1] "n sub: 10, n images per sub: 1, sigma^2: 1, beta: 0.22, simulation: 43"
[1] "n sub: 10, n images per sub: 1, sigma^2: 0.5, beta: 0.22, simulation: 43"
[1] "n sub: 10, n images per sub: 1, sigma^2: 2, beta: 0.22, simulation: 44"
[1] "n sub: 10, n images per sub: 1, sigma^2: 1, beta: 0.22, simulation: 44"
[1] "n sub: 10, n images per sub: 1, sigma^2: 0.5, beta: 0.22, simulation: 44"
[1] "n sub: 10, n images per sub: 1, sigma^2: 2, beta: 0.22, simulation: 45"
[1] "n sub: 10, n images per sub: 1, sigma^2: 1, beta: 0.22, simulation: 45"
[1] "n sub: 10, n images per sub: 1, sigma^2: 0.5, beta: 0.22, simulation: 45"
[1] "n sub: 10, n images per sub: 1, sigma^2: 2, beta: 0.22, simulation: 46"
[1] "n sub: 10, n images per sub: 1, sigma^2: 1, beta: 0.22, simulation: 46"
[1] "n sub: 10, n images per sub: 1, sigma^2: 0.5, beta: 0.22, simulation: 46"
[1] "n sub: 10, n images per sub: 1, sigma^2: 2, beta: 0.22, simulation: 47"
[1] "n sub: 10, n images per sub: 1, sigma^2: 1, beta: 0.22, simulation: 47"
[1] "n sub: 10, n images per sub: 1, sigma^2: 0.5, beta: 0.22, simulation: 47"
[1] "n sub: 10, n images per sub: 1, sigma^2: 2, beta: 0.22, simulation: 48"
[1] "n sub: 10, n images per sub: 1, sigma^2: 1, beta: 0.22, simulation: 48"
[1] "n sub: 10, n images per sub: 1, sigma^2: 0.5, beta: 0.22, simulation: 48"
[1] "n sub: 10, n images per sub: 1, sigma^2: 2, beta: 0.22, simulation: 49"
[1] "n sub: 10, n images per sub: 1, sigma^2: 1, beta: 0.22, simulation: 49"
[1] "n sub: 10, n images per sub: 1, sigma^2: 0.5, beta: 0.22, simulation: 49"
[1] "n sub: 10, n images per sub: 1, sigma^2: 2, beta: 0.22, simulation: 50"
[1] "n sub: 10, n images per sub: 1, sigma^2: 1, beta: 0.22, simulation: 50"
[1] "n sub: 10, n images per sub: 1, sigma^2: 0.5, beta: 0.22, simulation: 50"
[1] "n sub: 10, n images per sub: 1, sigma^2: 2, beta: 0.22, simulation: 51"
[1] "n sub: 10, n images per sub: 1, sigma^2: 1, beta: 0.22, simulation: 51"
[1] "n sub: 10, n images per sub: 1, sigma^2: 0.5, beta: 0.22, simulation: 51"
[1] "n sub: 10, n images per sub: 1, sigma^2: 2, beta: 0.22, simulation: 52"
[1] "n sub: 10, n images per sub: 1, sigma^2: 1, beta: 0.22, simulation: 52"
[1] "n sub: 10, n images per sub: 1, sigma^2: 0.5, beta: 0.22, simulation: 52"
[1] "n sub: 10, n images per sub: 1, sigma^2: 2, beta: 0.22, simulation: 53"
[1] "n sub: 10, n images per sub: 1, sigma^2: 1, beta: 0.22, simulation: 53"
[1] "n sub: 10, n images per sub: 1, sigma^2: 0.5, beta: 0.22, simulation: 53"
[1] "n sub: 10, n images per sub: 1, sigma^2: 2, beta: 0.22, simulation: 54"
[1] "n sub: 10, n images per sub: 1, sigma^2: 1, beta: 0.22, simulation: 54"
[1] "n sub: 10, n images per sub: 1, sigma^2: 0.5, beta: 0.22, simulation: 54"
[1] "n sub: 10, n images per sub: 1, sigma^2: 2, beta: 0.22, simulation: 55"
[1] "n sub: 10, n images per sub: 1, sigma^2: 1, beta: 0.22, simulation: 55"
[1] "n sub: 10, n images per sub: 1, sigma^2: 0.5, beta: 0.22, simulation: 55"
[1] "n sub: 10, n images per sub: 1, sigma^2: 2, beta: 0.22, simulation: 56"
[1] "n sub: 10, n images per sub: 1, sigma^2: 1, beta: 0.22, simulation: 56"
[1] "n sub: 10, n images per sub: 1, sigma^2: 0.5, beta: 0.22, simulation: 56"
[1] "n sub: 10, n images per sub: 1, sigma^2: 2, beta: 0.22, simulation: 57"
[1] "n sub: 10, n images per sub: 1, sigma^2: 1, beta: 0.22, simulation: 57"
[1] "n sub: 10, n images per sub: 1, sigma^2: 0.5, beta: 0.22, simulation: 57"
[1] "n sub: 10, n images per sub: 1, sigma^2: 2, beta: 0.22, simulation: 58"
[1] "n sub: 10, n images per sub: 1, sigma^2: 1, beta: 0.22, simulation: 58"
[1] "n sub: 10, n images per sub: 1, sigma^2: 0.5, beta: 0.22, simulation: 58"
[1] "n sub: 10, n images per sub: 1, sigma^2: 2, beta: 0.22, simulation: 59"
[1] "n sub: 10, n images per sub: 1, sigma^2: 1, beta: 0.22, simulation: 59"
[1] "n sub: 10, n images per sub: 1, sigma^2: 0.5, beta: 0.22, simulation: 59"
[1] "n sub: 10, n images per sub: 1, sigma^2: 2, beta: 0.22, simulation: 60"
[1] "n sub: 10, n images per sub: 1, sigma^2: 1, beta: 0.22, simulation: 60"
[1] "n sub: 10, n images per sub: 1, sigma^2: 0.5, beta: 0.22, simulation: 60"
[1] "n sub: 10, n images per sub: 1, sigma^2: 2, beta: 0.22, simulation: 61"
[1] "n sub: 10, n images per sub: 1, sigma^2: 1, beta: 0.22, simulation: 61"
[1] "n sub: 10, n images per sub: 1, sigma^2: 0.5, beta: 0.22, simulation: 61"
[1] "n sub: 10, n images per sub: 1, sigma^2: 2, beta: 0.22, simulation: 62"
[1] "n sub: 10, n images per sub: 1, sigma^2: 0.5, beta: 0.22, simulation: 62"
[1] "n sub: 10, n images per sub: 1, sigma^2: 1, beta: 0.22, simulation: 62"
[1] "n sub: 10, n images per sub: 1, sigma^2: 2, beta: 0.22, simulation: 63"
[1] "n sub: 10, n images per sub: 1, sigma^2: 0.5, beta: 0.22, simulation: 63"
[1] "n sub: 10, n images per sub: 1, sigma^2: 1, beta: 0.22, simulation: 63"
[1] "n sub: 10, n images per sub: 1, sigma^2: 2, beta: 0.22, simulation: 64"
[1] "n sub: 10, n images per sub: 1, sigma^2: 0.5, beta: 0.22, simulation: 64"
[1] "n sub: 10, n images per sub: 1, sigma^2: 1, beta: 0.22, simulation: 64"
[1] "n sub: 10, n images per sub: 1, sigma^2: 2, beta: 0.22, simulation: 65"
[1] "n sub: 10, n images per sub: 1, sigma^2: 0.5, beta: 0.22, simulation: 65"
[1] "n sub: 10, n images per sub: 1, sigma^2: 1, beta: 0.22, simulation: 65"
[1] "n sub: 10, n images per sub: 1, sigma^2: 2, beta: 0.22, simulation: 66"
[1] "n sub: 10, n images per sub: 1, sigma^2: 0.5, beta: 0.22, simulation: 66"
[1] "n sub: 10, n images per sub: 1, sigma^2: 1, beta: 0.22, simulation: 66"
[1] "n sub: 10, n images per sub: 1, sigma^2: 2, beta: 0.22, simulation: 67"
[1] "n sub: 10, n images per sub: 1, sigma^2: 0.5, beta: 0.22, simulation: 67"
[1] "n sub: 10, n images per sub: 1, sigma^2: 1, beta: 0.22, simulation: 67"
[1] "n sub: 10, n images per sub: 1, sigma^2: 2, beta: 0.22, simulation: 68"
[1] "n sub: 10, n images per sub: 1, sigma^2: 0.5, beta: 0.22, simulation: 68"
[1] "n sub: 10, n images per sub: 1, sigma^2: 1, beta: 0.22, simulation: 68"
[1] "n sub: 10, n images per sub: 1, sigma^2: 2, beta: 0.22, simulation: 69"
[1] "n sub: 10, n images per sub: 1, sigma^2: 1, beta: 0.22, simulation: 69"
[1] "n sub: 10, n images per sub: 1, sigma^2: 0.5, beta: 0.22, simulation: 69"
[1] "n sub: 10, n images per sub: 1, sigma^2: 2, beta: 0.22, simulation: 70"
[1] "n sub: 10, n images per sub: 1, sigma^2: 1, beta: 0.22, simulation: 70"
[1] "n sub: 10, n images per sub: 1, sigma^2: 0.5, beta: 0.22, simulation: 70"
[1] "n sub: 10, n images per sub: 1, sigma^2: 2, beta: 0.22, simulation: 71"
[1] "n sub: 10, n images per sub: 1, sigma^2: 1, beta: 0.22, simulation: 71"
[1] "n sub: 10, n images per sub: 1, sigma^2: 0.5, beta: 0.22, simulation: 71"
[1] "n sub: 10, n images per sub: 1, sigma^2: 2, beta: 0.22, simulation: 72"
[1] "n sub: 10, n images per sub: 1, sigma^2: 1, beta: 0.22, simulation: 72"
[1] "n sub: 10, n images per sub: 1, sigma^2: 0.5, beta: 0.22, simulation: 72"
[1] "n sub: 10, n images per sub: 1, sigma^2: 2, beta: 0.22, simulation: 73"
[1] "n sub: 10, n images per sub: 1, sigma^2: 1, beta: 0.22, simulation: 73"
[1] "n sub: 10, n images per sub: 1, sigma^2: 0.5, beta: 0.22, simulation: 73"
[1] "n sub: 10, n images per sub: 1, sigma^2: 2, beta: 0.22, simulation: 74"
[1] "n sub: 10, n images per sub: 1, sigma^2: 1, beta: 0.22, simulation: 74"
[1] "n sub: 10, n images per sub: 1, sigma^2: 0.5, beta: 0.22, simulation: 74"
[1] "n sub: 10, n images per sub: 1, sigma^2: 2, beta: 0.22, simulation: 75"
[1] "n sub: 10, n images per sub: 1, sigma^2: 1, beta: 0.22, simulation: 75"
[1] "n sub: 10, n images per sub: 1, sigma^2: 0.5, beta: 0.22, simulation: 75"
[1] "n sub: 10, n images per sub: 1, sigma^2: 2, beta: 0.22, simulation: 76"
[1] "n sub: 10, n images per sub: 1, sigma^2: 1, beta: 0.22, simulation: 76"
[1] "n sub: 10, n images per sub: 1, sigma^2: 0.5, beta: 0.22, simulation: 76"
[1] "n sub: 10, n images per sub: 1, sigma^2: 2, beta: 0.22, simulation: 77"
[1] "n sub: 10, n images per sub: 1, sigma^2: 1, beta: 0.22, simulation: 77"
[1] "n sub: 10, n images per sub: 1, sigma^2: 0.5, beta: 0.22, simulation: 77"
[1] "n sub: 10, n images per sub: 1, sigma^2: 2, beta: 0.22, simulation: 78"
[1] "n sub: 10, n images per sub: 1, sigma^2: 1, beta: 0.22, simulation: 78"
[1] "n sub: 10, n images per sub: 1, sigma^2: 0.5, beta: 0.22, simulation: 78"
[1] "n sub: 10, n images per sub: 1, sigma^2: 2, beta: 0.22, simulation: 79"
[1] "n sub: 10, n images per sub: 1, sigma^2: 1, beta: 0.22, simulation: 79"
[1] "n sub: 10, n images per sub: 1, sigma^2: 0.5, beta: 0.22, simulation: 79"
[1] "n sub: 10, n images per sub: 1, sigma^2: 2, beta: 0.22, simulation: 80"
[1] "n sub: 10, n images per sub: 1, sigma^2: 1, beta: 0.22, simulation: 80"
[1] "n sub: 10, n images per sub: 1, sigma^2: 0.5, beta: 0.22, simulation: 80"
[1] "n sub: 10, n images per sub: 1, sigma^2: 2, beta: 0.22, simulation: 81"
[1] "n sub: 10, n images per sub: 1, sigma^2: 1, beta: 0.22, simulation: 81"
[1] "n sub: 10, n images per sub: 1, sigma^2: 0.5, beta: 0.22, simulation: 81"
[1] "n sub: 10, n images per sub: 1, sigma^2: 2, beta: 0.22, simulation: 82"
[1] "n sub: 10, n images per sub: 1, sigma^2: 1, beta: 0.22, simulation: 82"
[1] "n sub: 10, n images per sub: 1, sigma^2: 0.5, beta: 0.22, simulation: 82"
[1] "n sub: 10, n images per sub: 1, sigma^2: 2, beta: 0.22, simulation: 83"
[1] "n sub: 10, n images per sub: 1, sigma^2: 1, beta: 0.22, simulation: 83"
[1] "n sub: 10, n images per sub: 1, sigma^2: 0.5, beta: 0.22, simulation: 83"
[1] "n sub: 10, n images per sub: 1, sigma^2: 2, beta: 0.22, simulation: 84"
[1] "n sub: 10, n images per sub: 1, sigma^2: 1, beta: 0.22, simulation: 84"
[1] "n sub: 10, n images per sub: 1, sigma^2: 0.5, beta: 0.22, simulation: 84"
[1] "n sub: 10, n images per sub: 1, sigma^2: 2, beta: 0.22, simulation: 85"
[1] "n sub: 10, n images per sub: 1, sigma^2: 1, beta: 0.22, simulation: 85"
[1] "n sub: 10, n images per sub: 1, sigma^2: 0.5, beta: 0.22, simulation: 85"
