 [1] 14959 14960 14961 14962 14963 14964 14965 14966 14967 14968 14969 14970
[13] 14971 14972 14973 14974 14975 14976 14977 14978 14979 14980 14981 14982
[25] 14983 14984 14985
[1] "n sub: 50, n images per sub: 5, sigma^2: 0.5, beta: 0, simulation: 87"
[1] "n sub: 50, n images per sub: 5, sigma^2: 1, beta: 0, simulation: 87"
[1] "n sub: 50, n images per sub: 5, sigma^2: 2, beta: 0, simulation: 87"
[1] "n sub: 50, n images per sub: 5, sigma^2: 0.5, beta: 0, simulation: 88"
[1] "n sub: 50, n images per sub: 5, sigma^2: 1, beta: 0, simulation: 88"
[1] "n sub: 50, n images per sub: 5, sigma^2: 2, beta: 0, simulation: 88"
[1] "n sub: 50, n images per sub: 5, sigma^2: 0.5, beta: 0, simulation: 89"
[1] "n sub: 50, n images per sub: 5, sigma^2: 2, beta: 0, simulation: 89"
[1] "n sub: 50, n images per sub: 5, sigma^2: 1, beta: 0, simulation: 89"
[1] "n sub: 50, n images per sub: 5, sigma^2: 0.5, beta: 0, simulation: 90"
[1] "n sub: 50, n images per sub: 5, sigma^2: 2, beta: 0, simulation: 90"
[1] "n sub: 50, n images per sub: 5, sigma^2: 1, beta: 0, simulation: 90"
[1] "n sub: 50, n images per sub: 5, sigma^2: 0.5, beta: 0, simulation: 91"
[1] "n sub: 50, n images per sub: 5, sigma^2: 2, beta: 0, simulation: 91"
[1] "n sub: 50, n images per sub: 5, sigma^2: 1, beta: 0, simulation: 91"
[1] "n sub: 50, n images per sub: 5, sigma^2: 0.5, beta: 0, simulation: 92"
[1] "n sub: 50, n images per sub: 5, sigma^2: 2, beta: 0, simulation: 92"
[1] "n sub: 50, n images per sub: 5, sigma^2: 1, beta: 0, simulation: 92"
[1] "n sub: 50, n images per sub: 5, sigma^2: 0.5, beta: 0, simulation: 93"
[1] "n sub: 50, n images per sub: 5, sigma^2: 2, beta: 0, simulation: 93"
[1] "n sub: 50, n images per sub: 5, sigma^2: 1, beta: 0, simulation: 93"
[1] "n sub: 50, n images per sub: 5, sigma^2: 0.5, beta: 0, simulation: 94"
[1] "n sub: 50, n images per sub: 5, sigma^2: 2, beta: 0, simulation: 94"
[1] "n sub: 50, n images per sub: 5, sigma^2: 1, beta: 0, simulation: 94"
[1] "n sub: 50, n images per sub: 5, sigma^2: 0.5, beta: 0, simulation: 95"
[1] "n sub: 50, n images per sub: 5, sigma^2: 2, beta: 0, simulation: 95"
[1] "n sub: 50, n images per sub: 5, sigma^2: 1, beta: 0, simulation: 95"
