  [1] 2701 2702 2703 2704 2705 2706 2707 2708 2709 2710 2711 2712 2713 2714 2715
 [16] 2716 2717 2718 2719 2720 2721 2722 2723 2724 2725 2726 2727 2728 2729 2730
 [31] 2731 2732 2733 2734 2735 2736 2737 2738 2739 2740 2741 2742 2743 2744 2745
 [46] 2746 2747 2748 2749 2750 2751 2752 2753 2754 2755 2756 2757 2758 2759 2760
 [61] 2761 2762 2763 2764 2765 2766 2767 2768 2769 2770 2771 2772 2773 2774 2775
 [76] 2776 2777 2778 2779 2780 2781 2782 2783 2784 2785 2786 2787 2788 2789 2790
 [91] 2791 2792 2793 2794 2795 2796 2797 2798 2799 2800 2801 2802 2803 2804 2805
[106] 2806 2807 2808 2809 2810 2811 2812 2813 2814 2815 2816 2817 2818 2819 2820
[121] 2821 2822 2823 2824 2825 2826 2827 2828 2829 2830 2831 2832 2833 2834 2835
[1] "n sub: 30, n images per sub: 1, sigma^2: 0.5, beta: -1.1, simulation: 1"
[1] "n sub: 30, n images per sub: 1, sigma^2: 1, beta: -1.1, simulation: 1"
[1] "n sub: 30, n images per sub: 1, sigma^2: 2, beta: -1.1, simulation: 1"
[1] "n sub: 30, n images per sub: 1, sigma^2: 0.5, beta: -1.1, simulation: 2"
[1] "n sub: 30, n images per sub: 1, sigma^2: 1, beta: -1.1, simulation: 2"
[1] "n sub: 30, n images per sub: 1, sigma^2: 2, beta: -1.1, simulation: 2"
[1] "n sub: 30, n images per sub: 1, sigma^2: 0.5, beta: -1.1, simulation: 3"
[1] "n sub: 30, n images per sub: 1, sigma^2: 1, beta: -1.1, simulation: 3"
[1] "n sub: 30, n images per sub: 1, sigma^2: 2, beta: -1.1, simulation: 3"
[1] "n sub: 30, n images per sub: 1, sigma^2: 0.5, beta: -1.1, simulation: 4"
[1] "n sub: 30, n images per sub: 1, sigma^2: 1, beta: -1.1, simulation: 4"
[1] "n sub: 30, n images per sub: 1, sigma^2: 2, beta: -1.1, simulation: 4"
[1] "n sub: 30, n images per sub: 1, sigma^2: 0.5, beta: -1.1, simulation: 5"
[1] "n sub: 30, n images per sub: 1, sigma^2: 1, beta: -1.1, simulation: 5"
[1] "n sub: 30, n images per sub: 1, sigma^2: 2, beta: -1.1, simulation: 5"
[1] "n sub: 30, n images per sub: 1, sigma^2: 0.5, beta: -1.1, simulation: 6"
[1] "n sub: 30, n images per sub: 1, sigma^2: 1, beta: -1.1, simulation: 6"
[1] "n sub: 30, n images per sub: 1, sigma^2: 2, beta: -1.1, simulation: 6"
[1] "n sub: 30, n images per sub: 1, sigma^2: 0.5, beta: -1.1, simulation: 7"
[1] "n sub: 30, n images per sub: 1, sigma^2: 1, beta: -1.1, simulation: 7"
[1] "n sub: 30, n images per sub: 1, sigma^2: 2, beta: -1.1, simulation: 7"
[1] "n sub: 30, n images per sub: 1, sigma^2: 0.5, beta: -1.1, simulation: 8"
[1] "n sub: 30, n images per sub: 1, sigma^2: 1, beta: -1.1, simulation: 8"
[1] "n sub: 30, n images per sub: 1, sigma^2: 2, beta: -1.1, simulation: 8"
[1] "n sub: 30, n images per sub: 1, sigma^2: 2, beta: -1.1, simulation: 9"
[1] "n sub: 30, n images per sub: 1, sigma^2: 0.5, beta: -1.1, simulation: 9"
[1] "n sub: 30, n images per sub: 1, sigma^2: 1, beta: -1.1, simulation: 9"
[1] "n sub: 30, n images per sub: 1, sigma^2: 1, beta: -1.1, simulation: 10"
[1] "n sub: 30, n images per sub: 1, sigma^2: 2, beta: -1.1, simulation: 10"
[1] "n sub: 30, n images per sub: 1, sigma^2: 0.5, beta: -1.1, simulation: 10"
[1] "n sub: 30, n images per sub: 1, sigma^2: 2, beta: -1.1, simulation: 11"
[1] "n sub: 30, n images per sub: 1, sigma^2: 1, beta: -1.1, simulation: 11"
[1] "n sub: 30, n images per sub: 1, sigma^2: 0.5, beta: -1.1, simulation: 11"
[1] "n sub: 30, n images per sub: 1, sigma^2: 2, beta: -1.1, simulation: 12"
[1] "n sub: 30, n images per sub: 1, sigma^2: 1, beta: -1.1, simulation: 12"
[1] "n sub: 30, n images per sub: 1, sigma^2: 0.5, beta: -1.1, simulation: 12"
[1] "n sub: 30, n images per sub: 1, sigma^2: 2, beta: -1.1, simulation: 13"
[1] "n sub: 30, n images per sub: 1, sigma^2: 0.5, beta: -1.1, simulation: 13"
[1] "n sub: 30, n images per sub: 1, sigma^2: 1, beta: -1.1, simulation: 13"
[1] "n sub: 30, n images per sub: 1, sigma^2: 2, beta: -1.1, simulation: 14"
[1] "n sub: 30, n images per sub: 1, sigma^2: 1, beta: -1.1, simulation: 14"
[1] "n sub: 30, n images per sub: 1, sigma^2: 0.5, beta: -1.1, simulation: 14"
[1] "n sub: 30, n images per sub: 1, sigma^2: 2, beta: -1.1, simulation: 15"
[1] "n sub: 30, n images per sub: 1, sigma^2: 1, beta: -1.1, simulation: 15"
[1] "n sub: 30, n images per sub: 1, sigma^2: 0.5, beta: -1.1, simulation: 15"
[1] "n sub: 30, n images per sub: 1, sigma^2: 2, beta: -1.1, simulation: 16"
[1] "n sub: 30, n images per sub: 1, sigma^2: 1, beta: -1.1, simulation: 16"
[1] "n sub: 30, n images per sub: 1, sigma^2: 0.5, beta: -1.1, simulation: 16"
[1] "n sub: 30, n images per sub: 1, sigma^2: 2, beta: -1.1, simulation: 17"
[1] "n sub: 30, n images per sub: 1, sigma^2: 1, beta: -1.1, simulation: 17"
[1] "n sub: 30, n images per sub: 1, sigma^2: 0.5, beta: -1.1, simulation: 17"
[1] "n sub: 30, n images per sub: 1, sigma^2: 2, beta: -1.1, simulation: 18"
[1] "n sub: 30, n images per sub: 1, sigma^2: 1, beta: -1.1, simulation: 18"
[1] "n sub: 30, n images per sub: 1, sigma^2: 0.5, beta: -1.1, simulation: 18"
[1] "n sub: 30, n images per sub: 1, sigma^2: 2, beta: -1.1, simulation: 19"
[1] "n sub: 30, n images per sub: 1, sigma^2: 1, beta: -1.1, simulation: 19"
[1] "n sub: 30, n images per sub: 1, sigma^2: 0.5, beta: -1.1, simulation: 19"
[1] "n sub: 30, n images per sub: 1, sigma^2: 2, beta: -1.1, simulation: 20"
[1] "n sub: 30, n images per sub: 1, sigma^2: 1, beta: -1.1, simulation: 20"
[1] "n sub: 30, n images per sub: 1, sigma^2: 0.5, beta: -1.1, simulation: 20"
[1] "n sub: 30, n images per sub: 1, sigma^2: 2, beta: -1.1, simulation: 21"
[1] "n sub: 30, n images per sub: 1, sigma^2: 1, beta: -1.1, simulation: 21"
[1] "n sub: 30, n images per sub: 1, sigma^2: 0.5, beta: -1.1, simulation: 21"
[1] "n sub: 30, n images per sub: 1, sigma^2: 0.5, beta: -1.1, simulation: 22"
[1] "n sub: 30, n images per sub: 1, sigma^2: 1, beta: -1.1, simulation: 22"
[1] "n sub: 30, n images per sub: 1, sigma^2: 2, beta: -1.1, simulation: 22"
[1] "n sub: 30, n images per sub: 1, sigma^2: 0.5, beta: -1.1, simulation: 23"
[1] "n sub: 30, n images per sub: 1, sigma^2: 1, beta: -1.1, simulation: 23"
[1] "n sub: 30, n images per sub: 1, sigma^2: 2, beta: -1.1, simulation: 23"
[1] "n sub: 30, n images per sub: 1, sigma^2: 0.5, beta: -1.1, simulation: 24"
[1] "n sub: 30, n images per sub: 1, sigma^2: 1, beta: -1.1, simulation: 24"
[1] "n sub: 30, n images per sub: 1, sigma^2: 2, beta: -1.1, simulation: 24"
[1] "n sub: 30, n images per sub: 1, sigma^2: 0.5, beta: -1.1, simulation: 25"
[1] "n sub: 30, n images per sub: 1, sigma^2: 1, beta: -1.1, simulation: 25"
[1] "n sub: 30, n images per sub: 1, sigma^2: 2, beta: -1.1, simulation: 25"
[1] "n sub: 30, n images per sub: 1, sigma^2: 0.5, beta: -1.1, simulation: 26"
[1] "n sub: 30, n images per sub: 1, sigma^2: 1, beta: -1.1, simulation: 26"
[1] "n sub: 30, n images per sub: 1, sigma^2: 2, beta: -1.1, simulation: 26"
[1] "n sub: 30, n images per sub: 1, sigma^2: 0.5, beta: -1.1, simulation: 27"
[1] "n sub: 30, n images per sub: 1, sigma^2: 1, beta: -1.1, simulation: 27"
[1] "n sub: 30, n images per sub: 1, sigma^2: 2, beta: -1.1, simulation: 27"
[1] "n sub: 30, n images per sub: 1, sigma^2: 0.5, beta: -1.1, simulation: 28"
[1] "n sub: 30, n images per sub: 1, sigma^2: 1, beta: -1.1, simulation: 28"
[1] "n sub: 30, n images per sub: 1, sigma^2: 2, beta: -1.1, simulation: 28"
[1] "n sub: 30, n images per sub: 1, sigma^2: 0.5, beta: -1.1, simulation: 29"
[1] "n sub: 30, n images per sub: 1, sigma^2: 1, beta: -1.1, simulation: 29"
[1] "n sub: 30, n images per sub: 1, sigma^2: 2, beta: -1.1, simulation: 29"
[1] "n sub: 30, n images per sub: 1, sigma^2: 0.5, beta: -1.1, simulation: 30"
[1] "n sub: 30, n images per sub: 1, sigma^2: 1, beta: -1.1, simulation: 30"
[1] "n sub: 30, n images per sub: 1, sigma^2: 2, beta: -1.1, simulation: 30"
[1] "n sub: 30, n images per sub: 1, sigma^2: 2, beta: -1.1, simulation: 31"
[1] "n sub: 30, n images per sub: 1, sigma^2: 1, beta: -1.1, simulation: 31"
[1] "n sub: 30, n images per sub: 1, sigma^2: 0.5, beta: -1.1, simulation: 31"
[1] "n sub: 30, n images per sub: 1, sigma^2: 2, beta: -1.1, simulation: 32"
[1] "n sub: 30, n images per sub: 1, sigma^2: 0.5, beta: -1.1, simulation: 32"
[1] "n sub: 30, n images per sub: 1, sigma^2: 1, beta: -1.1, simulation: 32"
[1] "n sub: 30, n images per sub: 1, sigma^2: 2, beta: -1.1, simulation: 33"
[1] "n sub: 30, n images per sub: 1, sigma^2: 1, beta: -1.1, simulation: 33"
[1] "n sub: 30, n images per sub: 1, sigma^2: 0.5, beta: -1.1, simulation: 33"
[1] "n sub: 30, n images per sub: 1, sigma^2: 2, beta: -1.1, simulation: 34"
[1] "n sub: 30, n images per sub: 1, sigma^2: 1, beta: -1.1, simulation: 34"
[1] "n sub: 30, n images per sub: 1, sigma^2: 0.5, beta: -1.1, simulation: 34"
[1] "n sub: 30, n images per sub: 1, sigma^2: 2, beta: -1.1, simulation: 35"
[1] "n sub: 30, n images per sub: 1, sigma^2: 1, beta: -1.1, simulation: 35"
[1] "n sub: 30, n images per sub: 1, sigma^2: 0.5, beta: -1.1, simulation: 35"
[1] "n sub: 30, n images per sub: 1, sigma^2: 2, beta: -1.1, simulation: 36"
[1] "n sub: 30, n images per sub: 1, sigma^2: 1, beta: -1.1, simulation: 36"
[1] "n sub: 30, n images per sub: 1, sigma^2: 0.5, beta: -1.1, simulation: 36"
[1] "n sub: 30, n images per sub: 1, sigma^2: 2, beta: -1.1, simulation: 37"
[1] "n sub: 30, n images per sub: 1, sigma^2: 1, beta: -1.1, simulation: 37"
[1] "n sub: 30, n images per sub: 1, sigma^2: 0.5, beta: -1.1, simulation: 37"
[1] "n sub: 30, n images per sub: 1, sigma^2: 2, beta: -1.1, simulation: 38"
[1] "n sub: 30, n images per sub: 1, sigma^2: 1, beta: -1.1, simulation: 38"
[1] "n sub: 30, n images per sub: 1, sigma^2: 0.5, beta: -1.1, simulation: 38"
[1] "n sub: 30, n images per sub: 1, sigma^2: 2, beta: -1.1, simulation: 39"
[1] "n sub: 30, n images per sub: 1, sigma^2: 1, beta: -1.1, simulation: 39"
[1] "n sub: 30, n images per sub: 1, sigma^2: 0.5, beta: -1.1, simulation: 39"
[1] "n sub: 30, n images per sub: 1, sigma^2: 2, beta: -1.1, simulation: 40"
[1] "n sub: 30, n images per sub: 1, sigma^2: 1, beta: -1.1, simulation: 40"
[1] "n sub: 30, n images per sub: 1, sigma^2: 0.5, beta: -1.1, simulation: 40"
[1] "n sub: 30, n images per sub: 1, sigma^2: 2, beta: -1.1, simulation: 41"
[1] "n sub: 30, n images per sub: 1, sigma^2: 1, beta: -1.1, simulation: 41"
[1] "n sub: 30, n images per sub: 1, sigma^2: 0.5, beta: -1.1, simulation: 41"
[1] "n sub: 30, n images per sub: 1, sigma^2: 0.5, beta: -1.1, simulation: 42"
[1] "n sub: 30, n images per sub: 1, sigma^2: 1, beta: -1.1, simulation: 42"
[1] "n sub: 30, n images per sub: 1, sigma^2: 2, beta: -1.1, simulation: 42"
[1] "n sub: 30, n images per sub: 1, sigma^2: 0.5, beta: -1.1, simulation: 43"
[1] "n sub: 30, n images per sub: 1, sigma^2: 1, beta: -1.1, simulation: 43"
[1] "n sub: 30, n images per sub: 1, sigma^2: 2, beta: -1.1, simulation: 43"
[1] "n sub: 30, n images per sub: 1, sigma^2: 0.5, beta: -1.1, simulation: 44"
[1] "n sub: 30, n images per sub: 1, sigma^2: 1, beta: -1.1, simulation: 44"
[1] "n sub: 30, n images per sub: 1, sigma^2: 2, beta: -1.1, simulation: 44"
[1] "n sub: 30, n images per sub: 1, sigma^2: 0.5, beta: -1.1, simulation: 45"
[1] "n sub: 30, n images per sub: 1, sigma^2: 1, beta: -1.1, simulation: 45"
[1] "n sub: 30, n images per sub: 1, sigma^2: 2, beta: -1.1, simulation: 45"
