 [1] 13879 13880 13881 13882 13883 13884 13885 13886 13887 13888 13889 13890
[13] 13891 13892 13893 13894 13895 13896 13897 13898 13899 13900 13901 13902
[25] 13903 13904 13905
[1] "n sub: 50, n images per sub: 5, sigma^2: 2, beta: -0.69, simulation: 27"
[1] "n sub: 50, n images per sub: 5, sigma^2: 1, beta: -0.69, simulation: 27"
[1] "n sub: 50, n images per sub: 5, sigma^2: 0.5, beta: -0.69, simulation: 27"
[1] "n sub: 50, n images per sub: 5, sigma^2: 2, beta: -0.69, simulation: 28"
[1] "n sub: 50, n images per sub: 5, sigma^2: 1, beta: -0.69, simulation: 28"
[1] "n sub: 50, n images per sub: 5, sigma^2: 0.5, beta: -0.69, simulation: 28"
[1] "n sub: 50, n images per sub: 5, sigma^2: 2, beta: -0.69, simulation: 29"
[1] "n sub: 50, n images per sub: 5, sigma^2: 1, beta: -0.69, simulation: 29"
[1] "n sub: 50, n images per sub: 5, sigma^2: 0.5, beta: -0.69, simulation: 29"
[1] "n sub: 50, n images per sub: 5, sigma^2: 2, beta: -0.69, simulation: 30"
[1] "n sub: 50, n images per sub: 5, sigma^2: 1, beta: -0.69, simulation: 30"
[1] "n sub: 50, n images per sub: 5, sigma^2: 0.5, beta: -0.69, simulation: 30"
[1] "n sub: 50, n images per sub: 5, sigma^2: 2, beta: -0.69, simulation: 31"
[1] "n sub: 50, n images per sub: 5, sigma^2: 1, beta: -0.69, simulation: 31"
[1] "n sub: 50, n images per sub: 5, sigma^2: 0.5, beta: -0.69, simulation: 31"
[1] "n sub: 50, n images per sub: 5, sigma^2: 2, beta: -0.69, simulation: 32"
[1] "n sub: 50, n images per sub: 5, sigma^2: 1, beta: -0.69, simulation: 32"
[1] "n sub: 50, n images per sub: 5, sigma^2: 0.5, beta: -0.69, simulation: 32"
[1] "n sub: 50, n images per sub: 5, sigma^2: 2, beta: -0.69, simulation: 33"
[1] "n sub: 50, n images per sub: 5, sigma^2: 1, beta: -0.69, simulation: 33"
[1] "n sub: 50, n images per sub: 5, sigma^2: 0.5, beta: -0.69, simulation: 33"
[1] "n sub: 50, n images per sub: 5, sigma^2: 2, beta: -0.69, simulation: 34"
[1] "n sub: 50, n images per sub: 5, sigma^2: 1, beta: -0.69, simulation: 34"
[1] "n sub: 50, n images per sub: 5, sigma^2: 0.5, beta: -0.69, simulation: 34"
[1] "n sub: 50, n images per sub: 5, sigma^2: 2, beta: -0.69, simulation: 35"
[1] "n sub: 50, n images per sub: 5, sigma^2: 1, beta: -0.69, simulation: 35"
[1] "n sub: 50, n images per sub: 5, sigma^2: 0.5, beta: -0.69, simulation: 35"
