[1] "n sub: 50, n images per sub: 5, zero distance: 50, sigma^2: 2, beta: 0.41, simulation: 267"
[1] "no_corr"
[1] "pc_exp"
[1] "pc_sqexp"
[1] "n sub: 50, n images per sub: 5, zero distance: 50, sigma^2: 0.5, beta: 0.41, simulation: 268"
[1] "no_corr"
[1] "pc_exp"
[1] "pc_sqexp"
[1] "n sub: 50, n images per sub: 5, zero distance: 50, sigma^2: 1, beta: 0.41, simulation: 268"
[1] "no_corr"
[1] "pc_exp"
[1] "pc_sqexp"
[1] "n sub: 50, n images per sub: 5, zero distance: 50, sigma^2: 2, beta: 0.41, simulation: 268"
[1] "no_corr"
[1] "pc_exp"
[1] "pc_sqexp"
[1] "n sub: 50, n images per sub: 5, zero distance: 50, sigma^2: 0.5, beta: 0.41, simulation: 269"
[1] "no_corr"
[1] "pc_exp"
[1] "pc_sqexp"
[1] "n sub: 50, n images per sub: 5, zero distance: 50, sigma^2: 1, beta: 0.41, simulation: 269"
[1] "no_corr"
[1] "pc_exp"
[1] "pc_sqexp"
[1] "n sub: 50, n images per sub: 5, zero distance: 50, sigma^2: 2, beta: 0.41, simulation: 269"
[1] "no_corr"
[1] "pc_exp"
[1] "pc_sqexp"
[1] "n sub: 50, n images per sub: 5, zero distance: 50, sigma^2: 0.5, beta: 0.41, simulation: 270"
[1] "no_corr"
[1] "pc_exp"
[1] "pc_sqexp"
[1] "n sub: 50, n images per sub: 5, zero distance: 50, sigma^2: 1, beta: 0.41, simulation: 270"
[1] "no_corr"
[1] "pc_exp"
[1] "pc_sqexp"
[1] "n sub: 50, n images per sub: 5, zero distance: 50, sigma^2: 2, beta: 0.41, simulation: 270"
[1] "no_corr"
[1] "pc_exp"
[1] "pc_sqexp"
[1] "n sub: 50, n images per sub: 5, zero distance: 50, sigma^2: 0.5, beta: 0.41, simulation: 271"
[1] "no_corr"
[1] "pc_exp"
[1] "pc_sqexp"
[1] "n sub: 50, n images per sub: 5, zero distance: 50, sigma^2: 1, beta: 0.41, simulation: 271"
[1] "no_corr"
[1] "pc_exp"
[1] "pc_sqexp"
[1] "n sub: 50, n images per sub: 5, zero distance: 50, sigma^2: 2, beta: 0.41, simulation: 271"
[1] "no_corr"
[1] "pc_exp"
[1] "pc_sqexp"
[1] "n sub: 50, n images per sub: 5, zero distance: 50, sigma^2: 0.5, beta: 0.41, simulation: 272"
[1] "no_corr"
[1] "pc_exp"
[1] "pc_sqexp"
[1] "n sub: 50, n images per sub: 5, zero distance: 50, sigma^2: 1, beta: 0.41, simulation: 272"
[1] "no_corr"
[1] "pc_exp"
[1] "pc_sqexp"
[1] "n sub: 50, n images per sub: 5, zero distance: 50, sigma^2: 2, beta: 0.41, simulation: 272"
[1] "no_corr"
[1] "pc_exp"
[1] "pc_sqexp"
[1] "n sub: 50, n images per sub: 5, zero distance: 50, sigma^2: 0.5, beta: 0.41, simulation: 273"
[1] "no_corr"
[1] "pc_exp"
[1] "pc_sqexp"
[1] "n sub: 50, n images per sub: 5, zero distance: 50, sigma^2: 1, beta: 0.41, simulation: 273"
[1] "no_corr"
[1] "pc_exp"
[1] "pc_sqexp"
[1] "n sub: 50, n images per sub: 5, zero distance: 50, sigma^2: 2, beta: 0.41, simulation: 273"
[1] "no_corr"
[1] "pc_exp"
[1] "pc_sqexp"
[1] "n sub: 50, n images per sub: 5, zero distance: 50, sigma^2: 0.5, beta: 0.41, simulation: 274"
[1] "no_corr"
[1] "pc_exp"
[1] "pc_sqexp"
[1] "n sub: 50, n images per sub: 5, zero distance: 50, sigma^2: 1, beta: 0.41, simulation: 274"
[1] "no_corr"
[1] "pc_exp"
[1] "pc_sqexp"
[1] "n sub: 50, n images per sub: 5, zero distance: 50, sigma^2: 2, beta: 0.41, simulation: 274"
[1] "no_corr"
[1] "pc_exp"
[1] "pc_sqexp"
[1] "n sub: 50, n images per sub: 5, zero distance: 50, sigma^2: 0.5, beta: 0.41, simulation: 275"
[1] "no_corr"
[1] "pc_exp"
[1] "pc_sqexp"
[1] "n sub: 50, n images per sub: 5, zero distance: 50, sigma^2: 1, beta: 0.41, simulation: 275"
[1] "no_corr"
[1] "pc_exp"
[1] "pc_sqexp"
[1] "n sub: 50, n images per sub: 5, zero distance: 50, sigma^2: 2, beta: 0.41, simulation: 275"
[1] "no_corr"
[1] "pc_exp"
[1] "pc_sqexp"
[1] "n sub: 50, n images per sub: 5, zero distance: 50, sigma^2: 0.5, beta: 0.41, simulation: 276"
[1] "no_corr"
[1] "pc_exp"
[1] "pc_sqexp"
[1] "n sub: 50, n images per sub: 5, zero distance: 50, sigma^2: 1, beta: 0.41, simulation: 276"
[1] "no_corr"
[1] "pc_exp"
[1] "pc_sqexp"
[1] "n sub: 50, n images per sub: 5, zero distance: 50, sigma^2: 2, beta: 0.41, simulation: 276"
[1] "no_corr"
[1] "pc_exp"
[1] "pc_sqexp"
[1] "n sub: 50, n images per sub: 5, zero distance: 50, sigma^2: 0.5, beta: 0.41, simulation: 277"
[1] "no_corr"
[1] "pc_exp"
[1] "pc_sqexp"
[1] "n sub: 50, n images per sub: 5, zero distance: 50, sigma^2: 1, beta: 0.41, simulation: 277"
[1] "no_corr"
[1] "pc_exp"
[1] "pc_sqexp"
[1] "n sub: 50, n images per sub: 5, zero distance: 50, sigma^2: 2, beta: 0.41, simulation: 277"
[1] "no_corr"
[1] "pc_exp"
[1] "pc_sqexp"
[1] "n sub: 50, n images per sub: 5, zero distance: 50, sigma^2: 0.5, beta: 0.41, simulation: 278"
[1] "no_corr"
[1] "pc_exp"
[1] "pc_sqexp"
[1] "n sub: 50, n images per sub: 5, zero distance: 50, sigma^2: 1, beta: 0.41, simulation: 278"
[1] "no_corr"
[1] "pc_exp"
[1] "pc_sqexp"
[1] "n sub: 50, n images per sub: 5, zero distance: 50, sigma^2: 2, beta: 0.41, simulation: 278"
[1] "no_corr"
[1] "pc_exp"
[1] "pc_sqexp"
[1] "n sub: 50, n images per sub: 5, zero distance: 50, sigma^2: 0.5, beta: 0.41, simulation: 279"
[1] "no_corr"
[1] "pc_exp"
[1] "pc_sqexp"
[1] "n sub: 50, n images per sub: 5, zero distance: 50, sigma^2: 1, beta: 0.41, simulation: 279"
[1] "no_corr"
[1] "pc_exp"
[1] "pc_sqexp"
[1] "n sub: 50, n images per sub: 5, zero distance: 50, sigma^2: 2, beta: 0.41, simulation: 279"
[1] "no_corr"
[1] "pc_exp"
[1] "pc_sqexp"
[1] "n sub: 50, n images per sub: 5, zero distance: 50, sigma^2: 0.5, beta: 0.41, simulation: 280"
[1] "no_corr"
[1] "pc_exp"
[1] "pc_sqexp"
[1] "n sub: 50, n images per sub: 5, zero distance: 50, sigma^2: 1, beta: 0.41, simulation: 280"
[1] "no_corr"
[1] "pc_exp"
[1] "pc_sqexp"
[1] "n sub: 50, n images per sub: 5, zero distance: 50, sigma^2: 2, beta: 0.41, simulation: 280"
[1] "no_corr"
[1] "pc_exp"
[1] "pc_sqexp"
[1] "n sub: 50, n images per sub: 5, zero distance: 50, sigma^2: 0.5, beta: 0.41, simulation: 281"
[1] "no_corr"
[1] "pc_exp"
[1] "pc_sqexp"
[1] "n sub: 50, n images per sub: 5, zero distance: 50, sigma^2: 1, beta: 0.41, simulation: 281"
[1] "no_corr"
[1] "pc_exp"
[1] "pc_sqexp"
[1] "n sub: 50, n images per sub: 5, zero distance: 50, sigma^2: 2, beta: 0.41, simulation: 281"
[1] "no_corr"
[1] "pc_exp"
[1] "pc_sqexp"
[1] "n sub: 50, n images per sub: 5, zero distance: 50, sigma^2: 0.5, beta: 0.41, simulation: 282"
[1] "no_corr"
[1] "pc_exp"
[1] "pc_sqexp"
[1] "n sub: 50, n images per sub: 5, zero distance: 50, sigma^2: 1, beta: 0.41, simulation: 282"
[1] "no_corr"
[1] "pc_exp"
[1] "pc_sqexp"
[1] "n sub: 50, n images per sub: 5, zero distance: 50, sigma^2: 2, beta: 0.41, simulation: 282"
[1] "no_corr"
[1] "pc_exp"
[1] "pc_sqexp"
[1] "n sub: 50, n images per sub: 5, zero distance: 50, sigma^2: 0.5, beta: 0.41, simulation: 283"
[1] "no_corr"
[1] "pc_exp"
[1] "pc_sqexp"
[1] "n sub: 50, n images per sub: 5, zero distance: 50, sigma^2: 1, beta: 0.41, simulation: 283"
[1] "no_corr"
[1] "pc_exp"
[1] "pc_sqexp"
[1] "n sub: 50, n images per sub: 5, zero distance: 50, sigma^2: 2, beta: 0.41, simulation: 283"
[1] "no_corr"
[1] "pc_exp"
[1] "pc_sqexp"
[1] "n sub: 50, n images per sub: 5, zero distance: 50, sigma^2: 0.5, beta: 0.41, simulation: 284"
[1] "no_corr"
[1] "pc_exp"
[1] "pc_sqexp"
[1] "n sub: 50, n images per sub: 5, zero distance: 50, sigma^2: 1, beta: 0.41, simulation: 284"
[1] "no_corr"
[1] "pc_exp"
[1] "pc_sqexp"
[1] "n sub: 50, n images per sub: 5, zero distance: 50, sigma^2: 2, beta: 0.41, simulation: 284"
[1] "no_corr"
[1] "pc_exp"
[1] "pc_sqexp"
[1] "n sub: 50, n images per sub: 5, zero distance: 50, sigma^2: 0.5, beta: 0.41, simulation: 285"
[1] "no_corr"
[1] "pc_exp"
[1] "pc_sqexp"
[1] "n sub: 50, n images per sub: 5, zero distance: 50, sigma^2: 1, beta: 0.41, simulation: 285"
[1] "no_corr"
[1] "pc_exp"
[1] "pc_sqexp"
[1] "n sub: 50, n images per sub: 5, zero distance: 50, sigma^2: 2, beta: 0.41, simulation: 285"
[1] "no_corr"
[1] "pc_exp"
[1] "pc_sqexp"
[1] "n sub: 50, n images per sub: 5, zero distance: 50, sigma^2: 0.5, beta: 0.41, simulation: 286"
[1] "no_corr"
[1] "pc_exp"
[1] "pc_sqexp"
[1] "n sub: 50, n images per sub: 5, zero distance: 50, sigma^2: 1, beta: 0.41, simulation: 286"
[1] "no_corr"
[1] "pc_exp"
[1] "pc_sqexp"
[1] "n sub: 50, n images per sub: 5, zero distance: 50, sigma^2: 2, beta: 0.41, simulation: 286"
[1] "no_corr"
[1] "pc_exp"
[1] "pc_sqexp"
[1] "n sub: 50, n images per sub: 5, zero distance: 50, sigma^2: 0.5, beta: 0.41, simulation: 287"
[1] "no_corr"
[1] "pc_exp"
[1] "pc_sqexp"
[1] "n sub: 50, n images per sub: 5, zero distance: 50, sigma^2: 1, beta: 0.41, simulation: 287"
[1] "no_corr"
[1] "pc_exp"
[1] "pc_sqexp"
[1] "n sub: 50, n images per sub: 5, zero distance: 50, sigma^2: 2, beta: 0.41, simulation: 287"
[1] "no_corr"
[1] "pc_exp"
[1] "pc_sqexp"
[1] "n sub: 50, n images per sub: 5, zero distance: 50, sigma^2: 0.5, beta: 0.41, simulation: 288"
[1] "no_corr"
[1] "pc_exp"
[1] "pc_sqexp"
[1] "n sub: 50, n images per sub: 5, zero distance: 50, sigma^2: 1, beta: 0.41, simulation: 288"
[1] "no_corr"
[1] "pc_exp"
[1] "pc_sqexp"
[1] "n sub: 50, n images per sub: 5, zero distance: 50, sigma^2: 2, beta: 0.41, simulation: 288"
[1] "no_corr"
[1] "pc_exp"
[1] "pc_sqexp"
[1] "n sub: 50, n images per sub: 5, zero distance: 50, sigma^2: 0.5, beta: 0.41, simulation: 289"
[1] "no_corr"
[1] "pc_exp"
[1] "pc_sqexp"
[1] "n sub: 50, n images per sub: 5, zero distance: 50, sigma^2: 1, beta: 0.41, simulation: 289"
[1] "no_corr"
[1] "pc_exp"
[1] "pc_sqexp"
[1] "n sub: 50, n images per sub: 5, zero distance: 50, sigma^2: 2, beta: 0.41, simulation: 289"
[1] "no_corr"
[1] "pc_exp"
[1] "pc_sqexp"
[1] "n sub: 50, n images per sub: 5, zero distance: 50, sigma^2: 0.5, beta: 0.41, simulation: 290"
[1] "no_corr"
[1] "pc_exp"
[1] "pc_sqexp"
[1] "n sub: 50, n images per sub: 5, zero distance: 50, sigma^2: 1, beta: 0.41, simulation: 290"
[1] "no_corr"
[1] "pc_exp"
[1] "pc_sqexp"
[1] "n sub: 50, n images per sub: 5, zero distance: 50, sigma^2: 2, beta: 0.41, simulation: 290"
[1] "no_corr"
[1] "pc_exp"
[1] "pc_sqexp"
[1] "n sub: 50, n images per sub: 5, zero distance: 50, sigma^2: 0.5, beta: 0.41, simulation: 291"
[1] "no_corr"
[1] "pc_exp"
[1] "pc_sqexp"
[1] "n sub: 50, n images per sub: 5, zero distance: 50, sigma^2: 1, beta: 0.41, simulation: 291"
[1] "no_corr"
[1] "pc_exp"
[1] "pc_sqexp"
[1] "n sub: 50, n images per sub: 5, zero distance: 50, sigma^2: 2, beta: 0.41, simulation: 291"
[1] "no_corr"
[1] "pc_exp"
[1] "pc_sqexp"
[1] "n sub: 50, n images per sub: 5, zero distance: 50, sigma^2: 0.5, beta: 0.41, simulation: 292"
[1] "no_corr"
[1] "pc_exp"
[1] "pc_sqexp"
[1] "n sub: 50, n images per sub: 5, zero distance: 50, sigma^2: 1, beta: 0.41, simulation: 292"
[1] "no_corr"
[1] "pc_exp"
[1] "pc_sqexp"
[1] "n sub: 50, n images per sub: 5, zero distance: 50, sigma^2: 2, beta: 0.41, simulation: 292"
[1] "no_corr"
[1] "pc_exp"
[1] "pc_sqexp"
[1] "n sub: 50, n images per sub: 5, zero distance: 50, sigma^2: 0.5, beta: 0.41, simulation: 293"
[1] "no_corr"
[1] "pc_exp"
[1] "pc_sqexp"
[1] "n sub: 50, n images per sub: 5, zero distance: 50, sigma^2: 1, beta: 0.41, simulation: 293"
[1] "no_corr"
[1] "pc_exp"
[1] "pc_sqexp"
[1] "n sub: 50, n images per sub: 5, zero distance: 50, sigma^2: 2, beta: 0.41, simulation: 293"
[1] "no_corr"
[1] "pc_exp"
[1] "pc_sqexp"
[1] "n sub: 50, n images per sub: 5, zero distance: 50, sigma^2: 0.5, beta: 0.41, simulation: 294"
[1] "no_corr"
[1] "pc_exp"
[1] "pc_sqexp"
[1] "n sub: 50, n images per sub: 5, zero distance: 50, sigma^2: 1, beta: 0.41, simulation: 294"
[1] "no_corr"
[1] "pc_exp"
[1] "pc_sqexp"
[1] "n sub: 50, n images per sub: 5, zero distance: 50, sigma^2: 2, beta: 0.41, simulation: 294"
[1] "no_corr"
[1] "pc_exp"
[1] "pc_sqexp"
[1] "n sub: 50, n images per sub: 5, zero distance: 50, sigma^2: 0.5, beta: 0.41, simulation: 295"
[1] "no_corr"
[1] "pc_exp"
[1] "pc_sqexp"
[1] "n sub: 50, n images per sub: 5, zero distance: 50, sigma^2: 1, beta: 0.41, simulation: 295"
[1] "no_corr"
[1] "pc_exp"
[1] "pc_sqexp"
[1] "n sub: 50, n images per sub: 5, zero distance: 50, sigma^2: 2, beta: 0.41, simulation: 295"
[1] "no_corr"
[1] "pc_exp"
[1] "pc_sqexp"
[1] "n sub: 50, n images per sub: 5, zero distance: 50, sigma^2: 0.5, beta: 0.41, simulation: 296"
[1] "no_corr"
[1] "pc_exp"
[1] "pc_sqexp"
[1] "n sub: 50, n images per sub: 5, zero distance: 50, sigma^2: 1, beta: 0.41, simulation: 296"
[1] "no_corr"
[1] "pc_exp"
[1] "pc_sqexp"
[1] "n sub: 50, n images per sub: 5, zero distance: 50, sigma^2: 2, beta: 0.41, simulation: 296"
[1] "no_corr"
[1] "pc_exp"
[1] "pc_sqexp"
[1] "n sub: 50, n images per sub: 5, zero distance: 50, sigma^2: 0.5, beta: 0.41, simulation: 297"
[1] "no_corr"
[1] "pc_exp"
[1] "pc_sqexp"
[1] "n sub: 50, n images per sub: 5, zero distance: 50, sigma^2: 1, beta: 0.41, simulation: 297"
[1] "no_corr"
[1] "pc_exp"
[1] "pc_sqexp"
[1] "n sub: 50, n images per sub: 5, zero distance: 50, sigma^2: 2, beta: 0.41, simulation: 297"
[1] "no_corr"
[1] "pc_exp"
[1] "pc_sqexp"
[1] "n sub: 50, n images per sub: 5, zero distance: 50, sigma^2: 0.5, beta: 0.41, simulation: 298"
[1] "no_corr"
[1] "pc_exp"
[1] "pc_sqexp"
[1] "n sub: 50, n images per sub: 5, zero distance: 50, sigma^2: 1, beta: 0.41, simulation: 298"
[1] "no_corr"
[1] "pc_exp"
[1] "pc_sqexp"
[1] "n sub: 50, n images per sub: 5, zero distance: 50, sigma^2: 2, beta: 0.41, simulation: 298"
[1] "no_corr"
[1] "pc_exp"
[1] "pc_sqexp"
[1] "n sub: 50, n images per sub: 5, zero distance: 50, sigma^2: 0.5, beta: 0.41, simulation: 299"
[1] "no_corr"
[1] "pc_exp"
[1] "pc_sqexp"
[1] "n sub: 50, n images per sub: 5, zero distance: 50, sigma^2: 1, beta: 0.41, simulation: 299"
[1] "no_corr"
[1] "pc_exp"
[1] "pc_sqexp"
[1] "n sub: 50, n images per sub: 5, zero distance: 50, sigma^2: 2, beta: 0.41, simulation: 299"
[1] "no_corr"
[1] "pc_exp"
[1] "pc_sqexp"
[1] "n sub: 50, n images per sub: 5, zero distance: 50, sigma^2: 0.5, beta: 0.41, simulation: 300"
[1] "no_corr"
[1] "pc_exp"
[1] "pc_sqexp"
[1] "n sub: 50, n images per sub: 5, zero distance: 50, sigma^2: 1, beta: 0.41, simulation: 300"
[1] "no_corr"
[1] "pc_exp"
[1] "pc_sqexp"
[1] "n sub: 50, n images per sub: 5, zero distance: 50, sigma^2: 2, beta: 0.41, simulation: 300"
[1] "no_corr"
[1] "pc_exp"
[1] "pc_sqexp"
[1] "n sub: 50, n images per sub: 5, zero distance: 50, sigma^2: 0.5, beta: 0.41, simulation: 301"
[1] "no_corr"
[1] "pc_exp"
[1] "pc_sqexp"
[1] "n sub: 50, n images per sub: 5, zero distance: 50, sigma^2: 1, beta: 0.41, simulation: 301"
[1] "no_corr"
[1] "pc_exp"
[1] "pc_sqexp"
[1] "n sub: 50, n images per sub: 5, zero distance: 50, sigma^2: 2, beta: 0.41, simulation: 301"
[1] "no_corr"
[1] "pc_exp"
[1] "pc_sqexp"
[1] "n sub: 50, n images per sub: 5, zero distance: 50, sigma^2: 0.5, beta: 0.41, simulation: 302"
[1] "no_corr"
[1] "pc_exp"
[1] "pc_sqexp"
[1] "n sub: 50, n images per sub: 5, zero distance: 50, sigma^2: 1, beta: 0.41, simulation: 302"
[1] "no_corr"
[1] "pc_exp"
[1] "pc_sqexp"
[1] "n sub: 50, n images per sub: 5, zero distance: 50, sigma^2: 2, beta: 0.41, simulation: 302"
[1] "no_corr"
[1] "pc_exp"
[1] "pc_sqexp"
[1] "n sub: 50, n images per sub: 5, zero distance: 50, sigma^2: 0.5, beta: 0.41, simulation: 303"
[1] "no_corr"
[1] "pc_exp"
[1] "pc_sqexp"
[1] "n sub: 50, n images per sub: 5, zero distance: 50, sigma^2: 1, beta: 0.41, simulation: 303"
[1] "no_corr"
[1] "pc_exp"
[1] "pc_sqexp"
[1] "n sub: 50, n images per sub: 5, zero distance: 50, sigma^2: 2, beta: 0.41, simulation: 303"
[1] "no_corr"
[1] "pc_exp"
[1] "pc_sqexp"
[1] "n sub: 50, n images per sub: 5, zero distance: 50, sigma^2: 0.5, beta: 0.41, simulation: 304"
[1] "no_corr"
[1] "pc_exp"
[1] "pc_sqexp"
[1] "n sub: 50, n images per sub: 5, zero distance: 50, sigma^2: 1, beta: 0.41, simulation: 304"
[1] "no_corr"
[1] "pc_exp"
[1] "pc_sqexp"
[1] "n sub: 50, n images per sub: 5, zero distance: 50, sigma^2: 2, beta: 0.41, simulation: 304"
[1] "no_corr"
[1] "pc_exp"
[1] "pc_sqexp"
[1] "n sub: 50, n images per sub: 5, zero distance: 50, sigma^2: 0.5, beta: 0.41, simulation: 305"
[1] "no_corr"
[1] "pc_exp"
[1] "pc_sqexp"
[1] "n sub: 50, n images per sub: 5, zero distance: 50, sigma^2: 1, beta: 0.41, simulation: 305"
[1] "no_corr"
[1] "pc_exp"
[1] "pc_sqexp"
[1] "n sub: 50, n images per sub: 5, zero distance: 50, sigma^2: 2, beta: 0.41, simulation: 305"
[1] "no_corr"
[1] "pc_exp"
[1] "pc_sqexp"
[1] "n sub: 50, n images per sub: 5, zero distance: 50, sigma^2: 0.5, beta: 0.41, simulation: 306"
[1] "no_corr"
[1] "pc_exp"
[1] "pc_sqexp"
[1] "n sub: 50, n images per sub: 5, zero distance: 50, sigma^2: 1, beta: 0.41, simulation: 306"
[1] "no_corr"
[1] "pc_exp"
[1] "pc_sqexp"
[1] "n sub: 50, n images per sub: 5, zero distance: 50, sigma^2: 2, beta: 0.41, simulation: 306"
[1] "no_corr"
[1] "pc_exp"
[1] "pc_sqexp"
[1] "n sub: 50, n images per sub: 5, zero distance: 50, sigma^2: 0.5, beta: 0.41, simulation: 307"
[1] "no_corr"
[1] "pc_exp"
[1] "pc_sqexp"
[1] "n sub: 50, n images per sub: 5, zero distance: 50, sigma^2: 1, beta: 0.41, simulation: 307"
[1] "no_corr"
[1] "pc_exp"
[1] "pc_sqexp"
[1] "n sub: 50, n images per sub: 5, zero distance: 50, sigma^2: 2, beta: 0.41, simulation: 307"
[1] "no_corr"
[1] "pc_exp"
[1] "pc_sqexp"
[1] "n sub: 50, n images per sub: 5, zero distance: 50, sigma^2: 0.5, beta: 0.41, simulation: 308"
[1] "no_corr"
[1] "pc_exp"
[1] "pc_sqexp"
[1] "n sub: 50, n images per sub: 5, zero distance: 50, sigma^2: 1, beta: 0.41, simulation: 308"
[1] "no_corr"
[1] "pc_exp"
[1] "pc_sqexp"
[1] "n sub: 50, n images per sub: 5, zero distance: 50, sigma^2: 2, beta: 0.41, simulation: 308"
[1] "no_corr"
[1] "pc_exp"
[1] "pc_sqexp"
[1] "n sub: 50, n images per sub: 5, zero distance: 50, sigma^2: 0.5, beta: 0.41, simulation: 309"
[1] "no_corr"
[1] "pc_exp"
[1] "pc_sqexp"
[1] "n sub: 50, n images per sub: 5, zero distance: 50, sigma^2: 1, beta: 0.41, simulation: 309"
[1] "no_corr"
[1] "pc_exp"
[1] "pc_sqexp"
[1] "n sub: 50, n images per sub: 5, zero distance: 50, sigma^2: 2, beta: 0.41, simulation: 309"
[1] "no_corr"
[1] "pc_exp"
[1] "pc_sqexp"
[1] "n sub: 50, n images per sub: 5, zero distance: 50, sigma^2: 0.5, beta: 0.41, simulation: 310"
[1] "no_corr"
[1] "pc_exp"
[1] "pc_sqexp"
[1] "n sub: 50, n images per sub: 5, zero distance: 50, sigma^2: 1, beta: 0.41, simulation: 310"
[1] "no_corr"
[1] "pc_exp"
[1] "pc_sqexp"
[1] "n sub: 50, n images per sub: 5, zero distance: 50, sigma^2: 2, beta: 0.41, simulation: 310"
[1] "no_corr"
[1] "pc_exp"
[1] "pc_sqexp"
[1] "n sub: 50, n images per sub: 5, zero distance: 50, sigma^2: 0.5, beta: 0.41, simulation: 311"
[1] "no_corr"
[1] "pc_exp"
[1] "pc_sqexp"
[1] "n sub: 50, n images per sub: 5, zero distance: 50, sigma^2: 1, beta: 0.41, simulation: 311"
[1] "no_corr"
[1] "pc_exp"
[1] "pc_sqexp"
[1] "n sub: 50, n images per sub: 5, zero distance: 50, sigma^2: 2, beta: 0.41, simulation: 311"
[1] "no_corr"
[1] "pc_exp"
[1] "pc_sqexp"
[1] "n sub: 50, n images per sub: 5, zero distance: 50, sigma^2: 0.5, beta: 0.41, simulation: 312"
[1] "no_corr"
[1] "pc_exp"
[1] "pc_sqexp"
[1] "n sub: 50, n images per sub: 5, zero distance: 50, sigma^2: 1, beta: 0.41, simulation: 312"
[1] "no_corr"
[1] "pc_exp"
[1] "pc_sqexp"
[1] "n sub: 50, n images per sub: 5, zero distance: 50, sigma^2: 2, beta: 0.41, simulation: 312"
[1] "no_corr"
[1] "pc_exp"
[1] "pc_sqexp"
[1] "n sub: 50, n images per sub: 5, zero distance: 50, sigma^2: 0.5, beta: 0.41, simulation: 313"
[1] "no_corr"
[1] "pc_exp"
[1] "pc_sqexp"
[1] "n sub: 50, n images per sub: 5, zero distance: 50, sigma^2: 1, beta: 0.41, simulation: 313"
[1] "no_corr"
[1] "pc_exp"
[1] "pc_sqexp"
[1] "n sub: 50, n images per sub: 5, zero distance: 50, sigma^2: 2, beta: 0.41, simulation: 313"
[1] "no_corr"
[1] "pc_exp"
[1] "pc_sqexp"
[1] "n sub: 50, n images per sub: 5, zero distance: 50, sigma^2: 0.5, beta: 0.41, simulation: 314"
[1] "no_corr"
[1] "pc_exp"
[1] "pc_sqexp"
[1] "n sub: 50, n images per sub: 5, zero distance: 50, sigma^2: 1, beta: 0.41, simulation: 314"
[1] "no_corr"
[1] "pc_exp"
[1] "pc_sqexp"
[1] "n sub: 50, n images per sub: 5, zero distance: 50, sigma^2: 2, beta: 0.41, simulation: 314"
[1] "no_corr"
[1] "pc_exp"
[1] "pc_sqexp"
[1] "n sub: 50, n images per sub: 5, zero distance: 50, sigma^2: 0.5, beta: 0.41, simulation: 315"
[1] "no_corr"
[1] "pc_exp"
[1] "pc_sqexp"
[1] "n sub: 50, n images per sub: 5, zero distance: 50, sigma^2: 1, beta: 0.41, simulation: 315"
[1] "no_corr"
[1] "pc_exp"
[1] "pc_sqexp"
[1] "n sub: 50, n images per sub: 5, zero distance: 50, sigma^2: 2, beta: 0.41, simulation: 315"
[1] "no_corr"
[1] "pc_exp"
[1] "pc_sqexp"
[1] "n sub: 50, n images per sub: 5, zero distance: 50, sigma^2: 0.5, beta: 0.41, simulation: 316"
[1] "no_corr"
[1] "pc_exp"
[1] "pc_sqexp"
[1] "n sub: 50, n images per sub: 5, zero distance: 50, sigma^2: 1, beta: 0.41, simulation: 316"
[1] "no_corr"
[1] "pc_exp"
[1] "pc_sqexp"
[1] "n sub: 50, n images per sub: 5, zero distance: 50, sigma^2: 2, beta: 0.41, simulation: 316"
[1] "no_corr"
[1] "pc_exp"
[1] "pc_sqexp"
[1] "n sub: 50, n images per sub: 5, zero distance: 50, sigma^2: 0.5, beta: 0.41, simulation: 317"
[1] "no_corr"
[1] "pc_exp"
[1] "pc_sqexp"
[1] "n sub: 50, n images per sub: 5, zero distance: 50, sigma^2: 1, beta: 0.41, simulation: 317"
[1] "no_corr"
[1] "pc_exp"
[1] "pc_sqexp"
[1] "n sub: 50, n images per sub: 5, zero distance: 50, sigma^2: 2, beta: 0.41, simulation: 317"
[1] "no_corr"
[1] "pc_exp"
[1] "pc_sqexp"
[1] "n sub: 50, n images per sub: 5, zero distance: 50, sigma^2: 0.5, beta: 0.41, simulation: 318"
[1] "no_corr"
[1] "pc_exp"
[1] "pc_sqexp"
[1] "n sub: 50, n images per sub: 5, zero distance: 50, sigma^2: 1, beta: 0.41, simulation: 318"
[1] "no_corr"
[1] "pc_exp"
[1] "pc_sqexp"
[1] "n sub: 50, n images per sub: 5, zero distance: 50, sigma^2: 2, beta: 0.41, simulation: 318"
[1] "no_corr"
[1] "pc_exp"
[1] "pc_sqexp"
[1] "n sub: 50, n images per sub: 5, zero distance: 50, sigma^2: 0.5, beta: 0.41, simulation: 319"
[1] "no_corr"
[1] "pc_exp"
[1] "pc_sqexp"
[1] "n sub: 50, n images per sub: 5, zero distance: 50, sigma^2: 1, beta: 0.41, simulation: 319"
[1] "no_corr"
[1] "pc_exp"
[1] "pc_sqexp"
[1] "n sub: 50, n images per sub: 5, zero distance: 50, sigma^2: 2, beta: 0.41, simulation: 319"
[1] "no_corr"
[1] "pc_exp"
[1] "pc_sqexp"
[1] "n sub: 50, n images per sub: 5, zero distance: 50, sigma^2: 0.5, beta: 0.41, simulation: 320"
[1] "no_corr"
[1] "pc_exp"
[1] "pc_sqexp"
[1] "n sub: 50, n images per sub: 5, zero distance: 50, sigma^2: 1, beta: 0.41, simulation: 320"
[1] "no_corr"
[1] "pc_exp"
[1] "pc_sqexp"
[1] "n sub: 50, n images per sub: 5, zero distance: 50, sigma^2: 2, beta: 0.41, simulation: 320"
[1] "no_corr"
[1] "pc_exp"
[1] "pc_sqexp"
[1] "n sub: 50, n images per sub: 5, zero distance: 50, sigma^2: 0.5, beta: 0.41, simulation: 321"
[1] "no_corr"
[1] "pc_exp"
[1] "pc_sqexp"
[1] "n sub: 50, n images per sub: 5, zero distance: 50, sigma^2: 1, beta: 0.41, simulation: 321"
[1] "no_corr"
[1] "pc_exp"
[1] "pc_sqexp"
[1] "n sub: 50, n images per sub: 5, zero distance: 50, sigma^2: 2, beta: 0.41, simulation: 321"
[1] "no_corr"
[1] "pc_exp"
[1] "pc_sqexp"
[1] "n sub: 50, n images per sub: 5, zero distance: 50, sigma^2: 0.5, beta: 0.41, simulation: 322"
[1] "no_corr"
[1] "pc_exp"
[1] "pc_sqexp"
[1] "n sub: 50, n images per sub: 5, zero distance: 50, sigma^2: 1, beta: 0.41, simulation: 322"
[1] "no_corr"
[1] "pc_exp"
[1] "pc_sqexp"
[1] "n sub: 50, n images per sub: 5, zero distance: 50, sigma^2: 2, beta: 0.41, simulation: 322"
[1] "no_corr"
[1] "pc_exp"
[1] "pc_sqexp"
[1] "n sub: 50, n images per sub: 5, zero distance: 50, sigma^2: 0.5, beta: 0.41, simulation: 323"
[1] "no_corr"
[1] "pc_exp"
[1] "pc_sqexp"
[1] "n sub: 50, n images per sub: 5, zero distance: 50, sigma^2: 1, beta: 0.41, simulation: 323"
[1] "no_corr"
[1] "pc_exp"
[1] "pc_sqexp"
[1] "n sub: 50, n images per sub: 5, zero distance: 50, sigma^2: 2, beta: 0.41, simulation: 323"
[1] "no_corr"
[1] "pc_exp"
[1] "pc_sqexp"
[1] "n sub: 50, n images per sub: 5, zero distance: 50, sigma^2: 0.5, beta: 0.41, simulation: 324"
[1] "no_corr"
[1] "pc_exp"
[1] "pc_sqexp"
[1] "n sub: 50, n images per sub: 5, zero distance: 50, sigma^2: 1, beta: 0.41, simulation: 324"
[1] "no_corr"
[1] "pc_exp"
[1] "pc_sqexp"
[1] "n sub: 50, n images per sub: 5, zero distance: 50, sigma^2: 2, beta: 0.41, simulation: 324"
[1] "no_corr"
[1] "pc_exp"
[1] "pc_sqexp"
[1] "n sub: 50, n images per sub: 5, zero distance: 50, sigma^2: 0.5, beta: 0.41, simulation: 325"
[1] "no_corr"
[1] "pc_exp"
[1] "pc_sqexp"
[1] "n sub: 50, n images per sub: 5, zero distance: 50, sigma^2: 1, beta: 0.41, simulation: 325"
[1] "no_corr"
[1] "pc_exp"
[1] "pc_sqexp"
[1] "n sub: 50, n images per sub: 5, zero distance: 50, sigma^2: 2, beta: 0.41, simulation: 325"
[1] "no_corr"
[1] "pc_exp"
[1] "pc_sqexp"
[1] "n sub: 50, n images per sub: 5, zero distance: 50, sigma^2: 0.5, beta: 0.41, simulation: 326"
[1] "no_corr"
[1] "pc_exp"
[1] "pc_sqexp"
[1] "n sub: 50, n images per sub: 5, zero distance: 50, sigma^2: 1, beta: 0.41, simulation: 326"
[1] "no_corr"
[1] "pc_exp"
[1] "pc_sqexp"
[1] "n sub: 50, n images per sub: 5, zero distance: 50, sigma^2: 2, beta: 0.41, simulation: 326"
[1] "no_corr"
[1] "pc_exp"
[1] "pc_sqexp"
[1] "n sub: 50, n images per sub: 5, zero distance: 50, sigma^2: 0.5, beta: 0.41, simulation: 327"
[1] "no_corr"
[1] "pc_exp"
[1] "pc_sqexp"
[1] "n sub: 50, n images per sub: 5, zero distance: 50, sigma^2: 1, beta: 0.41, simulation: 327"
[1] "no_corr"
[1] "pc_exp"
[1] "pc_sqexp"
[1] "n sub: 50, n images per sub: 5, zero distance: 50, sigma^2: 2, beta: 0.41, simulation: 327"
[1] "no_corr"
[1] "pc_exp"
[1] "pc_sqexp"
[1] "n sub: 50, n images per sub: 5, zero distance: 50, sigma^2: 0.5, beta: 0.41, simulation: 328"
[1] "no_corr"
[1] "pc_exp"
[1] "pc_sqexp"
[1] "n sub: 50, n images per sub: 5, zero distance: 50, sigma^2: 1, beta: 0.41, simulation: 328"
[1] "no_corr"
[1] "pc_exp"
[1] "pc_sqexp"
[1] "n sub: 50, n images per sub: 5, zero distance: 50, sigma^2: 2, beta: 0.41, simulation: 328"
[1] "no_corr"
[1] "pc_exp"
[1] "pc_sqexp"
[1] "n sub: 50, n images per sub: 5, zero distance: 50, sigma^2: 0.5, beta: 0.41, simulation: 329"
[1] "no_corr"
[1] "pc_exp"
[1] "pc_sqexp"
[1] "n sub: 50, n images per sub: 5, zero distance: 50, sigma^2: 1, beta: 0.41, simulation: 329"
[1] "no_corr"
[1] "pc_exp"
[1] "pc_sqexp"
[1] "n sub: 50, n images per sub: 5, zero distance: 50, sigma^2: 2, beta: 0.41, simulation: 329"
[1] "no_corr"
[1] "pc_exp"
[1] "pc_sqexp"
[1] "n sub: 50, n images per sub: 5, zero distance: 50, sigma^2: 0.5, beta: 0.41, simulation: 330"
[1] "no_corr"
[1] "pc_exp"
[1] "pc_sqexp"
[1] "n sub: 50, n images per sub: 5, zero distance: 50, sigma^2: 1, beta: 0.41, simulation: 330"
[1] "no_corr"
[1] "pc_exp"
[1] "pc_sqexp"
[1] "n sub: 50, n images per sub: 5, zero distance: 50, sigma^2: 2, beta: 0.41, simulation: 330"
[1] "no_corr"
[1] "pc_exp"
[1] "pc_sqexp"
[1] "n sub: 50, n images per sub: 5, zero distance: 50, sigma^2: 0.5, beta: 0.41, simulation: 331"
[1] "no_corr"
[1] "pc_exp"
[1] "pc_sqexp"
[1] "n sub: 50, n images per sub: 5, zero distance: 50, sigma^2: 1, beta: 0.41, simulation: 331"
[1] "no_corr"
[1] "pc_exp"
[1] "pc_sqexp"
[1] "n sub: 50, n images per sub: 5, zero distance: 50, sigma^2: 2, beta: 0.41, simulation: 331"
[1] "no_corr"
[1] "pc_exp"
[1] "pc_sqexp"
[1] "n sub: 50, n images per sub: 5, zero distance: 50, sigma^2: 0.5, beta: 0.41, simulation: 332"
[1] "no_corr"
[1] "pc_exp"
[1] "pc_sqexp"
[1] "n sub: 50, n images per sub: 5, zero distance: 50, sigma^2: 1, beta: 0.41, simulation: 332"
[1] "no_corr"
[1] "pc_exp"
[1] "pc_sqexp"
[1] "n sub: 50, n images per sub: 5, zero distance: 50, sigma^2: 2, beta: 0.41, simulation: 332"
[1] "no_corr"
[1] "pc_exp"
[1] "pc_sqexp"
[1] "n sub: 50, n images per sub: 5, zero distance: 50, sigma^2: 0.5, beta: 0.41, simulation: 333"
[1] "no_corr"
[1] "pc_exp"
[1] "pc_sqexp"
[1] "n sub: 50, n images per sub: 5, zero distance: 50, sigma^2: 1, beta: 0.41, simulation: 333"
[1] "no_corr"
[1] "pc_exp"
[1] "pc_sqexp"
[1] "n sub: 50, n images per sub: 5, zero distance: 50, sigma^2: 2, beta: 0.41, simulation: 333"
[1] "no_corr"
[1] "pc_exp"
[1] "pc_sqexp"
[1] "n sub: 50, n images per sub: 5, zero distance: 50, sigma^2: 0.5, beta: 0.41, simulation: 334"
[1] "no_corr"
[1] "pc_exp"
[1] "pc_sqexp"
