  [1] 6076 6077 6078 6079 6080 6081 6082 6083 6084 6085 6086 6087 6088 6089 6090
 [16] 6091 6092 6093 6094 6095 6096 6097 6098 6099 6100 6101 6102 6103 6104 6105
 [31] 6106 6107 6108 6109 6110 6111 6112 6113 6114 6115 6116 6117 6118 6119 6120
 [46] 6121 6122 6123 6124 6125 6126 6127 6128 6129 6130 6131 6132 6133 6134 6135
 [61] 6136 6137 6138 6139 6140 6141 6142 6143 6144 6145 6146 6147 6148 6149 6150
 [76] 6151 6152 6153 6154 6155 6156 6157 6158 6159 6160 6161 6162 6163 6164 6165
 [91] 6166 6167 6168 6169 6170 6171 6172 6173 6174 6175 6176 6177 6178 6179 6180
[106] 6181 6182 6183 6184 6185 6186 6187 6188 6189 6190 6191 6192 6193 6194 6195
[121] 6196 6197 6198 6199 6200 6201 6202 6203 6204 6205 6206 6207 6208 6209 6210
[1] "n sub: 50, n images per sub: 1, sigma^2: 0.5, beta: -0.41, simulation: 26"
[1] "n sub: 50, n images per sub: 1, sigma^2: 2, beta: -0.41, simulation: 26"
[1] "n sub: 50, n images per sub: 1, sigma^2: 1, beta: -0.41, simulation: 26"
[1] "n sub: 50, n images per sub: 1, sigma^2: 0.5, beta: -0.41, simulation: 27"
[1] "n sub: 50, n images per sub: 1, sigma^2: 2, beta: -0.41, simulation: 27"
[1] "n sub: 50, n images per sub: 1, sigma^2: 1, beta: -0.41, simulation: 27"
[1] "n sub: 50, n images per sub: 1, sigma^2: 0.5, beta: -0.41, simulation: 28"
[1] "n sub: 50, n images per sub: 1, sigma^2: 2, beta: -0.41, simulation: 28"
[1] "n sub: 50, n images per sub: 1, sigma^2: 1, beta: -0.41, simulation: 28"
[1] "n sub: 50, n images per sub: 1, sigma^2: 0.5, beta: -0.41, simulation: 29"
[1] "n sub: 50, n images per sub: 1, sigma^2: 2, beta: -0.41, simulation: 29"
[1] "n sub: 50, n images per sub: 1, sigma^2: 1, beta: -0.41, simulation: 29"
[1] "n sub: 50, n images per sub: 1, sigma^2: 0.5, beta: -0.41, simulation: 30"
[1] "n sub: 50, n images per sub: 1, sigma^2: 2, beta: -0.41, simulation: 30"
[1] "n sub: 50, n images per sub: 1, sigma^2: 1, beta: -0.41, simulation: 30"
[1] "n sub: 50, n images per sub: 1, sigma^2: 0.5, beta: -0.41, simulation: 31"
[1] "n sub: 50, n images per sub: 1, sigma^2: 2, beta: -0.41, simulation: 31"
[1] "n sub: 50, n images per sub: 1, sigma^2: 1, beta: -0.41, simulation: 31"
[1] "n sub: 50, n images per sub: 1, sigma^2: 0.5, beta: -0.41, simulation: 32"
[1] "n sub: 50, n images per sub: 1, sigma^2: 2, beta: -0.41, simulation: 32"
[1] "n sub: 50, n images per sub: 1, sigma^2: 1, beta: -0.41, simulation: 32"
[1] "n sub: 50, n images per sub: 1, sigma^2: 0.5, beta: -0.41, simulation: 33"
[1] "n sub: 50, n images per sub: 1, sigma^2: 2, beta: -0.41, simulation: 33"
[1] "n sub: 50, n images per sub: 1, sigma^2: 1, beta: -0.41, simulation: 33"
[1] "n sub: 50, n images per sub: 1, sigma^2: 0.5, beta: -0.41, simulation: 34"
[1] "n sub: 50, n images per sub: 1, sigma^2: 2, beta: -0.41, simulation: 34"
[1] "n sub: 50, n images per sub: 1, sigma^2: 1, beta: -0.41, simulation: 34"
[1] "n sub: 50, n images per sub: 1, sigma^2: 0.5, beta: -0.41, simulation: 35"
[1] "n sub: 50, n images per sub: 1, sigma^2: 2, beta: -0.41, simulation: 35"
[1] "n sub: 50, n images per sub: 1, sigma^2: 1, beta: -0.41, simulation: 35"
[1] "n sub: 50, n images per sub: 1, sigma^2: 0.5, beta: -0.41, simulation: 36"
[1] "n sub: 50, n images per sub: 1, sigma^2: 2, beta: -0.41, simulation: 36"
[1] "n sub: 50, n images per sub: 1, sigma^2: 1, beta: -0.41, simulation: 36"
[1] "n sub: 50, n images per sub: 1, sigma^2: 0.5, beta: -0.41, simulation: 37"
[1] "n sub: 50, n images per sub: 1, sigma^2: 2, beta: -0.41, simulation: 37"
[1] "n sub: 50, n images per sub: 1, sigma^2: 1, beta: -0.41, simulation: 37"
[1] "n sub: 50, n images per sub: 1, sigma^2: 0.5, beta: -0.41, simulation: 38"
[1] "n sub: 50, n images per sub: 1, sigma^2: 2, beta: -0.41, simulation: 38"
[1] "n sub: 50, n images per sub: 1, sigma^2: 1, beta: -0.41, simulation: 38"
[1] "n sub: 50, n images per sub: 1, sigma^2: 0.5, beta: -0.41, simulation: 39"
[1] "n sub: 50, n images per sub: 1, sigma^2: 1, beta: -0.41, simulation: 39"
[1] "n sub: 50, n images per sub: 1, sigma^2: 2, beta: -0.41, simulation: 39"
[1] "n sub: 50, n images per sub: 1, sigma^2: 0.5, beta: -0.41, simulation: 40"
[1] "n sub: 50, n images per sub: 1, sigma^2: 2, beta: -0.41, simulation: 40"
[1] "n sub: 50, n images per sub: 1, sigma^2: 1, beta: -0.41, simulation: 40"
[1] "n sub: 50, n images per sub: 1, sigma^2: 0.5, beta: -0.41, simulation: 41"
[1] "n sub: 50, n images per sub: 1, sigma^2: 2, beta: -0.41, simulation: 41"
[1] "n sub: 50, n images per sub: 1, sigma^2: 1, beta: -0.41, simulation: 41"
[1] "n sub: 50, n images per sub: 1, sigma^2: 0.5, beta: -0.41, simulation: 42"
[1] "n sub: 50, n images per sub: 1, sigma^2: 1, beta: -0.41, simulation: 42"
[1] "n sub: 50, n images per sub: 1, sigma^2: 2, beta: -0.41, simulation: 42"
[1] "n sub: 50, n images per sub: 1, sigma^2: 0.5, beta: -0.41, simulation: 43"
[1] "n sub: 50, n images per sub: 1, sigma^2: 1, beta: -0.41, simulation: 43"
[1] "n sub: 50, n images per sub: 1, sigma^2: 2, beta: -0.41, simulation: 43"
[1] "n sub: 50, n images per sub: 1, sigma^2: 0.5, beta: -0.41, simulation: 44"
[1] "n sub: 50, n images per sub: 1, sigma^2: 1, beta: -0.41, simulation: 44"
[1] "n sub: 50, n images per sub: 1, sigma^2: 2, beta: -0.41, simulation: 44"
[1] "n sub: 50, n images per sub: 1, sigma^2: 0.5, beta: -0.41, simulation: 45"
[1] "n sub: 50, n images per sub: 1, sigma^2: 1, beta: -0.41, simulation: 45"
[1] "n sub: 50, n images per sub: 1, sigma^2: 2, beta: -0.41, simulation: 45"
[1] "n sub: 50, n images per sub: 1, sigma^2: 0.5, beta: -0.41, simulation: 46"
[1] "n sub: 50, n images per sub: 1, sigma^2: 1, beta: -0.41, simulation: 46"
[1] "n sub: 50, n images per sub: 1, sigma^2: 2, beta: -0.41, simulation: 46"
[1] "n sub: 50, n images per sub: 1, sigma^2: 0.5, beta: -0.41, simulation: 47"
[1] "n sub: 50, n images per sub: 1, sigma^2: 1, beta: -0.41, simulation: 47"
[1] "n sub: 50, n images per sub: 1, sigma^2: 2, beta: -0.41, simulation: 47"
[1] "n sub: 50, n images per sub: 1, sigma^2: 0.5, beta: -0.41, simulation: 48"
[1] "n sub: 50, n images per sub: 1, sigma^2: 1, beta: -0.41, simulation: 48"
[1] "n sub: 50, n images per sub: 1, sigma^2: 2, beta: -0.41, simulation: 48"
[1] "n sub: 50, n images per sub: 1, sigma^2: 0.5, beta: -0.41, simulation: 49"
[1] "n sub: 50, n images per sub: 1, sigma^2: 1, beta: -0.41, simulation: 49"
[1] "n sub: 50, n images per sub: 1, sigma^2: 2, beta: -0.41, simulation: 49"
[1] "n sub: 50, n images per sub: 1, sigma^2: 0.5, beta: -0.41, simulation: 50"
[1] "n sub: 50, n images per sub: 1, sigma^2: 1, beta: -0.41, simulation: 50"
[1] "n sub: 50, n images per sub: 1, sigma^2: 2, beta: -0.41, simulation: 50"
[1] "n sub: 50, n images per sub: 1, sigma^2: 0.5, beta: -0.41, simulation: 51"
[1] "n sub: 50, n images per sub: 1, sigma^2: 1, beta: -0.41, simulation: 51"
[1] "n sub: 50, n images per sub: 1, sigma^2: 2, beta: -0.41, simulation: 51"
[1] "n sub: 50, n images per sub: 1, sigma^2: 0.5, beta: -0.41, simulation: 52"
[1] "n sub: 50, n images per sub: 1, sigma^2: 2, beta: -0.41, simulation: 52"
[1] "n sub: 50, n images per sub: 1, sigma^2: 1, beta: -0.41, simulation: 52"
[1] "n sub: 50, n images per sub: 1, sigma^2: 0.5, beta: -0.41, simulation: 53"
[1] "n sub: 50, n images per sub: 1, sigma^2: 2, beta: -0.41, simulation: 53"
[1] "n sub: 50, n images per sub: 1, sigma^2: 1, beta: -0.41, simulation: 53"
[1] "n sub: 50, n images per sub: 1, sigma^2: 0.5, beta: -0.41, simulation: 54"
[1] "n sub: 50, n images per sub: 1, sigma^2: 2, beta: -0.41, simulation: 54"
[1] "n sub: 50, n images per sub: 1, sigma^2: 1, beta: -0.41, simulation: 54"
[1] "n sub: 50, n images per sub: 1, sigma^2: 0.5, beta: -0.41, simulation: 55"
[1] "n sub: 50, n images per sub: 1, sigma^2: 2, beta: -0.41, simulation: 55"
[1] "n sub: 50, n images per sub: 1, sigma^2: 1, beta: -0.41, simulation: 55"
[1] "n sub: 50, n images per sub: 1, sigma^2: 0.5, beta: -0.41, simulation: 56"
[1] "n sub: 50, n images per sub: 1, sigma^2: 2, beta: -0.41, simulation: 56"
[1] "n sub: 50, n images per sub: 1, sigma^2: 1, beta: -0.41, simulation: 56"
[1] "n sub: 50, n images per sub: 1, sigma^2: 0.5, beta: -0.41, simulation: 57"
[1] "n sub: 50, n images per sub: 1, sigma^2: 2, beta: -0.41, simulation: 57"
[1] "n sub: 50, n images per sub: 1, sigma^2: 1, beta: -0.41, simulation: 57"
[1] "n sub: 50, n images per sub: 1, sigma^2: 0.5, beta: -0.41, simulation: 58"
[1] "n sub: 50, n images per sub: 1, sigma^2: 2, beta: -0.41, simulation: 58"
[1] "n sub: 50, n images per sub: 1, sigma^2: 1, beta: -0.41, simulation: 58"
[1] "n sub: 50, n images per sub: 1, sigma^2: 0.5, beta: -0.41, simulation: 59"
[1] "n sub: 50, n images per sub: 1, sigma^2: 2, beta: -0.41, simulation: 59"
[1] "n sub: 50, n images per sub: 1, sigma^2: 1, beta: -0.41, simulation: 59"
[1] "n sub: 50, n images per sub: 1, sigma^2: 0.5, beta: -0.41, simulation: 60"
[1] "n sub: 50, n images per sub: 1, sigma^2: 2, beta: -0.41, simulation: 60"
[1] "n sub: 50, n images per sub: 1, sigma^2: 1, beta: -0.41, simulation: 60"
[1] "n sub: 50, n images per sub: 1, sigma^2: 0.5, beta: -0.41, simulation: 61"
[1] "n sub: 50, n images per sub: 1, sigma^2: 2, beta: -0.41, simulation: 61"
[1] "n sub: 50, n images per sub: 1, sigma^2: 1, beta: -0.41, simulation: 61"
[1] "n sub: 50, n images per sub: 1, sigma^2: 0.5, beta: -0.41, simulation: 62"
[1] "n sub: 50, n images per sub: 1, sigma^2: 1, beta: -0.41, simulation: 62"
[1] "n sub: 50, n images per sub: 1, sigma^2: 2, beta: -0.41, simulation: 62"
[1] "n sub: 50, n images per sub: 1, sigma^2: 0.5, beta: -0.41, simulation: 63"
[1] "n sub: 50, n images per sub: 1, sigma^2: 1, beta: -0.41, simulation: 63"
[1] "n sub: 50, n images per sub: 1, sigma^2: 2, beta: -0.41, simulation: 63"
[1] "n sub: 50, n images per sub: 1, sigma^2: 0.5, beta: -0.41, simulation: 64"
[1] "n sub: 50, n images per sub: 1, sigma^2: 1, beta: -0.41, simulation: 64"
[1] "n sub: 50, n images per sub: 1, sigma^2: 2, beta: -0.41, simulation: 64"
[1] "n sub: 50, n images per sub: 1, sigma^2: 0.5, beta: -0.41, simulation: 65"
[1] "n sub: 50, n images per sub: 1, sigma^2: 1, beta: -0.41, simulation: 65"
[1] "n sub: 50, n images per sub: 1, sigma^2: 2, beta: -0.41, simulation: 65"
[1] "n sub: 50, n images per sub: 1, sigma^2: 0.5, beta: -0.41, simulation: 66"
[1] "n sub: 50, n images per sub: 1, sigma^2: 1, beta: -0.41, simulation: 66"
[1] "n sub: 50, n images per sub: 1, sigma^2: 2, beta: -0.41, simulation: 66"
[1] "n sub: 50, n images per sub: 1, sigma^2: 0.5, beta: -0.41, simulation: 67"
[1] "n sub: 50, n images per sub: 1, sigma^2: 1, beta: -0.41, simulation: 67"
[1] "n sub: 50, n images per sub: 1, sigma^2: 2, beta: -0.41, simulation: 67"
[1] "n sub: 50, n images per sub: 1, sigma^2: 0.5, beta: -0.41, simulation: 68"
[1] "n sub: 50, n images per sub: 1, sigma^2: 1, beta: -0.41, simulation: 68"
[1] "n sub: 50, n images per sub: 1, sigma^2: 2, beta: -0.41, simulation: 68"
[1] "n sub: 50, n images per sub: 1, sigma^2: 0.5, beta: -0.41, simulation: 69"
[1] "n sub: 50, n images per sub: 1, sigma^2: 1, beta: -0.41, simulation: 69"
[1] "n sub: 50, n images per sub: 1, sigma^2: 2, beta: -0.41, simulation: 69"
[1] "n sub: 50, n images per sub: 1, sigma^2: 0.5, beta: -0.41, simulation: 70"
[1] "n sub: 50, n images per sub: 1, sigma^2: 1, beta: -0.41, simulation: 70"
[1] "n sub: 50, n images per sub: 1, sigma^2: 2, beta: -0.41, simulation: 70"
