 [1] 15040 15041 15042 15043 15044 15045 15046 15047 15048 15049 15050 15051
[13] 15052 15053 15054 15055 15056 15057 15058 15059 15060 15061 15062 15063
[25] 15064 15065 15066
[1] "n sub: 50, n images per sub: 5, sigma^2: 2, beta: 0.22, simulation: 14"
[1] "n sub: 50, n images per sub: 5, sigma^2: 1, beta: 0.22, simulation: 14"
[1] "n sub: 50, n images per sub: 5, sigma^2: 0.5, beta: 0.22, simulation: 14"
[1] "n sub: 50, n images per sub: 5, sigma^2: 2, beta: 0.22, simulation: 15"
[1] "n sub: 50, n images per sub: 5, sigma^2: 1, beta: 0.22, simulation: 15"
[1] "n sub: 50, n images per sub: 5, sigma^2: 0.5, beta: 0.22, simulation: 15"
[1] "n sub: 50, n images per sub: 5, sigma^2: 2, beta: 0.22, simulation: 16"
[1] "n sub: 50, n images per sub: 5, sigma^2: 1, beta: 0.22, simulation: 16"
[1] "n sub: 50, n images per sub: 5, sigma^2: 0.5, beta: 0.22, simulation: 16"
[1] "n sub: 50, n images per sub: 5, sigma^2: 2, beta: 0.22, simulation: 17"
[1] "n sub: 50, n images per sub: 5, sigma^2: 1, beta: 0.22, simulation: 17"
[1] "n sub: 50, n images per sub: 5, sigma^2: 0.5, beta: 0.22, simulation: 17"
[1] "n sub: 50, n images per sub: 5, sigma^2: 2, beta: 0.22, simulation: 18"
[1] "n sub: 50, n images per sub: 5, sigma^2: 1, beta: 0.22, simulation: 18"
[1] "n sub: 50, n images per sub: 5, sigma^2: 0.5, beta: 0.22, simulation: 18"
[1] "n sub: 50, n images per sub: 5, sigma^2: 2, beta: 0.22, simulation: 19"
[1] "n sub: 50, n images per sub: 5, sigma^2: 1, beta: 0.22, simulation: 19"
[1] "n sub: 50, n images per sub: 5, sigma^2: 0.5, beta: 0.22, simulation: 19"
[1] "n sub: 50, n images per sub: 5, sigma^2: 2, beta: 0.22, simulation: 20"
[1] "n sub: 50, n images per sub: 5, sigma^2: 1, beta: 0.22, simulation: 20"
[1] "n sub: 50, n images per sub: 5, sigma^2: 0.5, beta: 0.22, simulation: 20"
[1] "n sub: 50, n images per sub: 5, sigma^2: 2, beta: 0.22, simulation: 21"
[1] "n sub: 50, n images per sub: 5, sigma^2: 1, beta: 0.22, simulation: 21"
[1] "n sub: 50, n images per sub: 5, sigma^2: 0.5, beta: 0.22, simulation: 21"
[1] "n sub: 50, n images per sub: 5, sigma^2: 2, beta: 0.22, simulation: 22"
[1] "n sub: 50, n images per sub: 5, sigma^2: 1, beta: 0.22, simulation: 22"
[1] "n sub: 50, n images per sub: 5, sigma^2: 0.5, beta: 0.22, simulation: 22"
