 [1] 16174 16175 16176 16177 16178 16179 16180 16181 16182 16183 16184 16185
[13] 16186 16187 16188 16189 16190 16191 16192 16193 16194 16195 16196 16197
[25] 16198 16199 16200
[1] "n sub: 50, n images per sub: 5, sigma^2: 0.5, beta: 1.1, simulation: 92"
[1] "n sub: 50, n images per sub: 5, sigma^2: 1, beta: 1.1, simulation: 92"
[1] "n sub: 50, n images per sub: 5, sigma^2: 2, beta: 1.1, simulation: 92"
[1] "n sub: 50, n images per sub: 5, sigma^2: 0.5, beta: 1.1, simulation: 93"
[1] "n sub: 50, n images per sub: 5, sigma^2: 1, beta: 1.1, simulation: 93"
[1] "n sub: 50, n images per sub: 5, sigma^2: 2, beta: 1.1, simulation: 93"
[1] "n sub: 50, n images per sub: 5, sigma^2: 0.5, beta: 1.1, simulation: 94"
[1] "n sub: 50, n images per sub: 5, sigma^2: 1, beta: 1.1, simulation: 94"
[1] "n sub: 50, n images per sub: 5, sigma^2: 2, beta: 1.1, simulation: 94"
[1] "n sub: 50, n images per sub: 5, sigma^2: 0.5, beta: 1.1, simulation: 95"
[1] "n sub: 50, n images per sub: 5, sigma^2: 1, beta: 1.1, simulation: 95"
[1] "n sub: 50, n images per sub: 5, sigma^2: 2, beta: 1.1, simulation: 95"
[1] "n sub: 50, n images per sub: 5, sigma^2: 0.5, beta: 1.1, simulation: 96"
[1] "n sub: 50, n images per sub: 5, sigma^2: 1, beta: 1.1, simulation: 96"
[1] "n sub: 50, n images per sub: 5, sigma^2: 2, beta: 1.1, simulation: 96"
[1] "n sub: 50, n images per sub: 5, sigma^2: 0.5, beta: 1.1, simulation: 97"
[1] "n sub: 50, n images per sub: 5, sigma^2: 1, beta: 1.1, simulation: 97"
[1] "n sub: 50, n images per sub: 5, sigma^2: 2, beta: 1.1, simulation: 97"
[1] "n sub: 50, n images per sub: 5, sigma^2: 0.5, beta: 1.1, simulation: 98"
[1] "n sub: 50, n images per sub: 5, sigma^2: 1, beta: 1.1, simulation: 98"
[1] "n sub: 50, n images per sub: 5, sigma^2: 2, beta: 1.1, simulation: 98"
[1] "n sub: 50, n images per sub: 5, sigma^2: 0.5, beta: 1.1, simulation: 99"
[1] "n sub: 50, n images per sub: 5, sigma^2: 1, beta: 1.1, simulation: 99"
[1] "n sub: 50, n images per sub: 5, sigma^2: 2, beta: 1.1, simulation: 99"
[1] "n sub: 50, n images per sub: 5, sigma^2: 0.5, beta: 1.1, simulation: 100"
[1] "n sub: 50, n images per sub: 5, sigma^2: 1, beta: 1.1, simulation: 100"
[1] "n sub: 50, n images per sub: 5, sigma^2: 2, beta: 1.1, simulation: 100"
