 [1] 13825 13826 13827 13828 13829 13830 13831 13832 13833 13834 13835 13836
[13] 13837 13838 13839 13840 13841 13842 13843 13844 13845 13846 13847 13848
[25] 13849 13850 13851
[1] "n sub: 50, n images per sub: 5, sigma^2: 2, beta: -0.69, simulation: 9"
[1] "n sub: 50, n images per sub: 5, sigma^2: 1, beta: -0.69, simulation: 9"
[1] "n sub: 50, n images per sub: 5, sigma^2: 0.5, beta: -0.69, simulation: 9"
[1] "n sub: 50, n images per sub: 5, sigma^2: 2, beta: -0.69, simulation: 10"
[1] "n sub: 50, n images per sub: 5, sigma^2: 1, beta: -0.69, simulation: 10"
[1] "n sub: 50, n images per sub: 5, sigma^2: 0.5, beta: -0.69, simulation: 10"
[1] "n sub: 50, n images per sub: 5, sigma^2: 2, beta: -0.69, simulation: 11"
[1] "n sub: 50, n images per sub: 5, sigma^2: 1, beta: -0.69, simulation: 11"
[1] "n sub: 50, n images per sub: 5, sigma^2: 0.5, beta: -0.69, simulation: 11"
[1] "n sub: 50, n images per sub: 5, sigma^2: 2, beta: -0.69, simulation: 12"
[1] "n sub: 50, n images per sub: 5, sigma^2: 1, beta: -0.69, simulation: 12"
[1] "n sub: 50, n images per sub: 5, sigma^2: 0.5, beta: -0.69, simulation: 12"
[1] "n sub: 50, n images per sub: 5, sigma^2: 2, beta: -0.69, simulation: 13"
[1] "n sub: 50, n images per sub: 5, sigma^2: 1, beta: -0.69, simulation: 13"
[1] "n sub: 50, n images per sub: 5, sigma^2: 0.5, beta: -0.69, simulation: 13"
[1] "n sub: 50, n images per sub: 5, sigma^2: 2, beta: -0.69, simulation: 14"
[1] "n sub: 50, n images per sub: 5, sigma^2: 1, beta: -0.69, simulation: 14"
[1] "n sub: 50, n images per sub: 5, sigma^2: 0.5, beta: -0.69, simulation: 14"
[1] "n sub: 50, n images per sub: 5, sigma^2: 2, beta: -0.69, simulation: 15"
[1] "n sub: 50, n images per sub: 5, sigma^2: 1, beta: -0.69, simulation: 15"
[1] "n sub: 50, n images per sub: 5, sigma^2: 0.5, beta: -0.69, simulation: 15"
[1] "n sub: 50, n images per sub: 5, sigma^2: 2, beta: -0.69, simulation: 16"
[1] "n sub: 50, n images per sub: 5, sigma^2: 1, beta: -0.69, simulation: 16"
[1] "n sub: 50, n images per sub: 5, sigma^2: 0.5, beta: -0.69, simulation: 16"
[1] "n sub: 50, n images per sub: 5, sigma^2: 2, beta: -0.69, simulation: 17"
[1] "n sub: 50, n images per sub: 5, sigma^2: 1, beta: -0.69, simulation: 17"
[1] "n sub: 50, n images per sub: 5, sigma^2: 0.5, beta: -0.69, simulation: 17"
