 [1] 13798 13799 13800 13801 13802 13803 13804 13805 13806 13807 13808 13809
[13] 13810 13811 13812 13813 13814 13815 13816 13817 13818 13819 13820 13821
[25] 13822 13823 13824
[1] "n sub: 50, n images per sub: 5, sigma^2: 2, beta: -1.1, simulation: 100"
[1] "n sub: 50, n images per sub: 5, sigma^2: 1, beta: -1.1, simulation: 100"
[1] "n sub: 50, n images per sub: 5, sigma^2: 0.5, beta: -1.1, simulation: 100"
[1] "n sub: 50, n images per sub: 5, sigma^2: 2, beta: -0.69, simulation: 1"
[1] "n sub: 50, n images per sub: 5, sigma^2: 1, beta: -0.69, simulation: 1"
[1] "n sub: 50, n images per sub: 5, sigma^2: 0.5, beta: -0.69, simulation: 1"
[1] "n sub: 50, n images per sub: 5, sigma^2: 2, beta: -0.69, simulation: 2"
[1] "n sub: 50, n images per sub: 5, sigma^2: 1, beta: -0.69, simulation: 2"
[1] "n sub: 50, n images per sub: 5, sigma^2: 0.5, beta: -0.69, simulation: 2"
[1] "n sub: 50, n images per sub: 5, sigma^2: 2, beta: -0.69, simulation: 3"
[1] "n sub: 50, n images per sub: 5, sigma^2: 1, beta: -0.69, simulation: 3"
[1] "n sub: 50, n images per sub: 5, sigma^2: 0.5, beta: -0.69, simulation: 3"
[1] "n sub: 50, n images per sub: 5, sigma^2: 2, beta: -0.69, simulation: 4"
[1] "n sub: 50, n images per sub: 5, sigma^2: 1, beta: -0.69, simulation: 4"
[1] "n sub: 50, n images per sub: 5, sigma^2: 0.5, beta: -0.69, simulation: 4"
[1] "n sub: 50, n images per sub: 5, sigma^2: 2, beta: -0.69, simulation: 5"
[1] "n sub: 50, n images per sub: 5, sigma^2: 1, beta: -0.69, simulation: 5"
[1] "n sub: 50, n images per sub: 5, sigma^2: 0.5, beta: -0.69, simulation: 5"
[1] "n sub: 50, n images per sub: 5, sigma^2: 2, beta: -0.69, simulation: 6"
[1] "n sub: 50, n images per sub: 5, sigma^2: 1, beta: -0.69, simulation: 6"
[1] "n sub: 50, n images per sub: 5, sigma^2: 0.5, beta: -0.69, simulation: 6"
[1] "n sub: 50, n images per sub: 5, sigma^2: 2, beta: -0.69, simulation: 7"
[1] "n sub: 50, n images per sub: 5, sigma^2: 1, beta: -0.69, simulation: 7"
[1] "n sub: 50, n images per sub: 5, sigma^2: 0.5, beta: -0.69, simulation: 7"
[1] "n sub: 50, n images per sub: 5, sigma^2: 2, beta: -0.69, simulation: 8"
[1] "n sub: 50, n images per sub: 5, sigma^2: 1, beta: -0.69, simulation: 8"
[1] "n sub: 50, n images per sub: 5, sigma^2: 0.5, beta: -0.69, simulation: 8"
