 [1] 14824 14825 14826 14827 14828 14829 14830 14831 14832 14833 14834 14835
[13] 14836 14837 14838 14839 14840 14841 14842 14843 14844 14845 14846 14847
[25] 14848 14849 14850
[1] "n sub: 50, n images per sub: 5, sigma^2: 0.5, beta: 0, simulation: 42"
[1] "n sub: 50, n images per sub: 5, sigma^2: 2, beta: 0, simulation: 42"
[1] "n sub: 50, n images per sub: 5, sigma^2: 1, beta: 0, simulation: 42"
[1] "n sub: 50, n images per sub: 5, sigma^2: 0.5, beta: 0, simulation: 43"
[1] "n sub: 50, n images per sub: 5, sigma^2: 2, beta: 0, simulation: 43"
[1] "n sub: 50, n images per sub: 5, sigma^2: 1, beta: 0, simulation: 43"
[1] "n sub: 50, n images per sub: 5, sigma^2: 0.5, beta: 0, simulation: 44"
[1] "n sub: 50, n images per sub: 5, sigma^2: 2, beta: 0, simulation: 44"
[1] "n sub: 50, n images per sub: 5, sigma^2: 1, beta: 0, simulation: 44"
[1] "n sub: 50, n images per sub: 5, sigma^2: 0.5, beta: 0, simulation: 45"
[1] "n sub: 50, n images per sub: 5, sigma^2: 2, beta: 0, simulation: 45"
[1] "n sub: 50, n images per sub: 5, sigma^2: 1, beta: 0, simulation: 45"
[1] "n sub: 50, n images per sub: 5, sigma^2: 0.5, beta: 0, simulation: 46"
[1] "n sub: 50, n images per sub: 5, sigma^2: 2, beta: 0, simulation: 46"
[1] "n sub: 50, n images per sub: 5, sigma^2: 1, beta: 0, simulation: 46"
[1] "n sub: 50, n images per sub: 5, sigma^2: 0.5, beta: 0, simulation: 47"
[1] "n sub: 50, n images per sub: 5, sigma^2: 1, beta: 0, simulation: 47"
[1] "n sub: 50, n images per sub: 5, sigma^2: 2, beta: 0, simulation: 47"
[1] "n sub: 50, n images per sub: 5, sigma^2: 0.5, beta: 0, simulation: 48"
[1] "n sub: 50, n images per sub: 5, sigma^2: 1, beta: 0, simulation: 48"
[1] "n sub: 50, n images per sub: 5, sigma^2: 2, beta: 0, simulation: 48"
[1] "n sub: 50, n images per sub: 5, sigma^2: 0.5, beta: 0, simulation: 49"
[1] "n sub: 50, n images per sub: 5, sigma^2: 1, beta: 0, simulation: 49"
[1] "n sub: 50, n images per sub: 5, sigma^2: 2, beta: 0, simulation: 49"
[1] "n sub: 50, n images per sub: 5, sigma^2: 0.5, beta: 0, simulation: 50"
[1] "n sub: 50, n images per sub: 5, sigma^2: 1, beta: 0, simulation: 50"
[1] "n sub: 50, n images per sub: 5, sigma^2: 2, beta: 0, simulation: 50"
