[1] "n sub: 10, n images per sub: 1, zero distance: 50, sigma^2: 1, beta: 1.1, simulation: 534"
[1] "no_corr"
[1] "pc_exp"
[1] "pc_sqexp"
[1] "n sub: 10, n images per sub: 1, zero distance: 50, sigma^2: 2, beta: 1.1, simulation: 534"
[1] "no_corr"
[1] "pc_exp"
[1] "pc_sqexp"
[1] "n sub: 10, n images per sub: 1, zero distance: 50, sigma^2: 0.5, beta: 1.1, simulation: 535"
[1] "no_corr"
[1] "pc_exp"
[1] "pc_sqexp"
[1] "n sub: 10, n images per sub: 1, zero distance: 50, sigma^2: 1, beta: 1.1, simulation: 535"
[1] "no_corr"
[1] "pc_exp"
[1] "pc_sqexp"
[1] "n sub: 10, n images per sub: 1, zero distance: 50, sigma^2: 2, beta: 1.1, simulation: 535"
[1] "no_corr"
[1] "pc_exp"
[1] "pc_sqexp"
[1] "n sub: 10, n images per sub: 1, zero distance: 50, sigma^2: 0.5, beta: 1.1, simulation: 536"
[1] "no_corr"
[1] "pc_exp"
[1] "pc_sqexp"
[1] "n sub: 10, n images per sub: 1, zero distance: 50, sigma^2: 1, beta: 1.1, simulation: 536"
[1] "no_corr"
[1] "pc_exp"
[1] "pc_sqexp"
[1] "n sub: 10, n images per sub: 1, zero distance: 50, sigma^2: 2, beta: 1.1, simulation: 536"
[1] "no_corr"
[1] "pc_exp"
[1] "pc_sqexp"
[1] "n sub: 10, n images per sub: 1, zero distance: 50, sigma^2: 0.5, beta: 1.1, simulation: 537"
[1] "no_corr"
[1] "pc_exp"
[1] "pc_sqexp"
[1] "n sub: 10, n images per sub: 1, zero distance: 50, sigma^2: 1, beta: 1.1, simulation: 537"
[1] "no_corr"
[1] "pc_exp"
[1] "pc_sqexp"
[1] "n sub: 10, n images per sub: 1, zero distance: 50, sigma^2: 2, beta: 1.1, simulation: 537"
[1] "no_corr"
[1] "pc_exp"
[1] "pc_sqexp"
[1] "n sub: 10, n images per sub: 1, zero distance: 50, sigma^2: 0.5, beta: 1.1, simulation: 538"
[1] "no_corr"
[1] "pc_exp"
[1] "pc_sqexp"
[1] "n sub: 10, n images per sub: 1, zero distance: 50, sigma^2: 1, beta: 1.1, simulation: 538"
[1] "no_corr"
[1] "pc_exp"
[1] "pc_sqexp"
[1] "n sub: 10, n images per sub: 1, zero distance: 50, sigma^2: 2, beta: 1.1, simulation: 538"
[1] "no_corr"
[1] "pc_exp"
[1] "pc_sqexp"
[1] "n sub: 10, n images per sub: 1, zero distance: 50, sigma^2: 0.5, beta: 1.1, simulation: 539"
[1] "no_corr"
[1] "pc_exp"
[1] "pc_sqexp"
[1] "n sub: 10, n images per sub: 1, zero distance: 50, sigma^2: 1, beta: 1.1, simulation: 539"
[1] "no_corr"
[1] "pc_exp"
[1] "pc_sqexp"
[1] "n sub: 10, n images per sub: 1, zero distance: 50, sigma^2: 2, beta: 1.1, simulation: 539"
[1] "no_corr"
[1] "pc_exp"
[1] "pc_sqexp"
[1] "n sub: 10, n images per sub: 1, zero distance: 50, sigma^2: 0.5, beta: 1.1, simulation: 540"
[1] "no_corr"
[1] "pc_exp"
[1] "pc_sqexp"
[1] "n sub: 10, n images per sub: 1, zero distance: 50, sigma^2: 1, beta: 1.1, simulation: 540"
[1] "no_corr"
[1] "pc_exp"
[1] "pc_sqexp"
[1] "n sub: 10, n images per sub: 1, zero distance: 50, sigma^2: 2, beta: 1.1, simulation: 540"
[1] "no_corr"
[1] "pc_exp"
[1] "pc_sqexp"
[1] "n sub: 10, n images per sub: 1, zero distance: 50, sigma^2: 0.5, beta: 1.1, simulation: 541"
[1] "no_corr"
[1] "pc_exp"
[1] "pc_sqexp"
[1] "n sub: 10, n images per sub: 1, zero distance: 50, sigma^2: 1, beta: 1.1, simulation: 541"
[1] "no_corr"
[1] "pc_exp"
[1] "pc_sqexp"
[1] "n sub: 10, n images per sub: 1, zero distance: 50, sigma^2: 2, beta: 1.1, simulation: 541"
[1] "no_corr"
[1] "pc_exp"
[1] "pc_sqexp"
[1] "n sub: 10, n images per sub: 1, zero distance: 50, sigma^2: 0.5, beta: 1.1, simulation: 542"
[1] "no_corr"
[1] "pc_exp"
[1] "pc_sqexp"
[1] "n sub: 10, n images per sub: 1, zero distance: 50, sigma^2: 1, beta: 1.1, simulation: 542"
[1] "no_corr"
[1] "pc_exp"
[1] "pc_sqexp"
[1] "n sub: 10, n images per sub: 1, zero distance: 50, sigma^2: 2, beta: 1.1, simulation: 542"
[1] "no_corr"
[1] "pc_exp"
[1] "pc_sqexp"
[1] "n sub: 10, n images per sub: 1, zero distance: 50, sigma^2: 0.5, beta: 1.1, simulation: 543"
[1] "no_corr"
[1] "pc_exp"
[1] "pc_sqexp"
[1] "n sub: 10, n images per sub: 1, zero distance: 50, sigma^2: 1, beta: 1.1, simulation: 543"
[1] "no_corr"
[1] "pc_exp"
[1] "pc_sqexp"
[1] "n sub: 10, n images per sub: 1, zero distance: 50, sigma^2: 2, beta: 1.1, simulation: 543"
[1] "no_corr"
[1] "pc_exp"
[1] "pc_sqexp"
[1] "n sub: 10, n images per sub: 1, zero distance: 50, sigma^2: 0.5, beta: 1.1, simulation: 544"
[1] "no_corr"
[1] "pc_exp"
[1] "pc_sqexp"
[1] "n sub: 10, n images per sub: 1, zero distance: 50, sigma^2: 1, beta: 1.1, simulation: 544"
[1] "no_corr"
[1] "pc_exp"
[1] "pc_sqexp"
[1] "n sub: 10, n images per sub: 1, zero distance: 50, sigma^2: 2, beta: 1.1, simulation: 544"
[1] "no_corr"
[1] "pc_exp"
[1] "pc_sqexp"
[1] "n sub: 10, n images per sub: 1, zero distance: 50, sigma^2: 1, beta: 1.1, simulation: 545"
[1] "no_corr"
[1] "pc_exp"
[1] "pc_sqexp"
[1] "n sub: 10, n images per sub: 1, zero distance: 50, sigma^2: 2, beta: 1.1, simulation: 545"
[1] "no_corr"
[1] "pc_exp"
[1] "pc_sqexp"
[1] "n sub: 10, n images per sub: 1, zero distance: 50, sigma^2: 0.5, beta: 1.1, simulation: 545"
[1] "no_corr"
[1] "pc_exp"
[1] "pc_sqexp"
[1] "n sub: 10, n images per sub: 1, zero distance: 50, sigma^2: 1, beta: 1.1, simulation: 546"
[1] "no_corr"
[1] "pc_exp"
[1] "pc_sqexp"
[1] "n sub: 10, n images per sub: 1, zero distance: 50, sigma^2: 2, beta: 1.1, simulation: 546"
[1] "no_corr"
[1] "pc_exp"
[1] "pc_sqexp"
[1] "n sub: 10, n images per sub: 1, zero distance: 50, sigma^2: 0.5, beta: 1.1, simulation: 546"
[1] "no_corr"
[1] "pc_exp"
[1] "pc_sqexp"
[1] "n sub: 10, n images per sub: 1, zero distance: 50, sigma^2: 1, beta: 1.1, simulation: 547"
[1] "no_corr"
[1] "pc_exp"
[1] "pc_sqexp"
[1] "n sub: 10, n images per sub: 1, zero distance: 50, sigma^2: 2, beta: 1.1, simulation: 547"
[1] "no_corr"
[1] "pc_exp"
[1] "pc_sqexp"
[1] "n sub: 10, n images per sub: 1, zero distance: 50, sigma^2: 0.5, beta: 1.1, simulation: 547"
[1] "no_corr"
[1] "pc_exp"
[1] "pc_sqexp"
[1] "n sub: 10, n images per sub: 1, zero distance: 50, sigma^2: 1, beta: 1.1, simulation: 548"
[1] "no_corr"
[1] "pc_exp"
[1] "pc_sqexp"
[1] "n sub: 10, n images per sub: 1, zero distance: 50, sigma^2: 2, beta: 1.1, simulation: 548"
[1] "no_corr"
[1] "pc_exp"
[1] "pc_sqexp"
[1] "n sub: 10, n images per sub: 1, zero distance: 50, sigma^2: 0.5, beta: 1.1, simulation: 548"
[1] "no_corr"
[1] "pc_exp"
[1] "pc_sqexp"
[1] "n sub: 10, n images per sub: 1, zero distance: 50, sigma^2: 1, beta: 1.1, simulation: 549"
[1] "no_corr"
[1] "pc_exp"
[1] "pc_sqexp"
[1] "n sub: 10, n images per sub: 1, zero distance: 50, sigma^2: 2, beta: 1.1, simulation: 549"
[1] "no_corr"
[1] "pc_exp"
[1] "pc_sqexp"
[1] "n sub: 10, n images per sub: 1, zero distance: 50, sigma^2: 0.5, beta: 1.1, simulation: 549"
[1] "no_corr"
[1] "pc_exp"
[1] "pc_sqexp"
[1] "n sub: 10, n images per sub: 1, zero distance: 50, sigma^2: 1, beta: 1.1, simulation: 550"
[1] "no_corr"
[1] "pc_exp"
[1] "pc_sqexp"
[1] "n sub: 10, n images per sub: 1, zero distance: 50, sigma^2: 2, beta: 1.1, simulation: 550"
[1] "no_corr"
[1] "pc_exp"
[1] "pc_sqexp"
[1] "n sub: 10, n images per sub: 1, zero distance: 50, sigma^2: 0.5, beta: 1.1, simulation: 550"
[1] "no_corr"
[1] "pc_exp"
[1] "pc_sqexp"
[1] "n sub: 10, n images per sub: 1, zero distance: 50, sigma^2: 1, beta: 1.1, simulation: 551"
[1] "no_corr"
[1] "pc_exp"
[1] "pc_sqexp"
[1] "n sub: 10, n images per sub: 1, zero distance: 50, sigma^2: 2, beta: 1.1, simulation: 551"
[1] "no_corr"
[1] "pc_exp"
[1] "pc_sqexp"
[1] "n sub: 10, n images per sub: 1, zero distance: 50, sigma^2: 0.5, beta: 1.1, simulation: 551"
[1] "no_corr"
[1] "pc_exp"
[1] "pc_sqexp"
[1] "n sub: 10, n images per sub: 1, zero distance: 50, sigma^2: 1, beta: 1.1, simulation: 552"
[1] "no_corr"
[1] "pc_exp"
[1] "pc_sqexp"
[1] "n sub: 10, n images per sub: 1, zero distance: 50, sigma^2: 2, beta: 1.1, simulation: 552"
[1] "no_corr"
[1] "pc_exp"
[1] "pc_sqexp"
[1] "n sub: 10, n images per sub: 1, zero distance: 50, sigma^2: 0.5, beta: 1.1, simulation: 552"
[1] "no_corr"
[1] "pc_exp"
[1] "pc_sqexp"
[1] "n sub: 10, n images per sub: 1, zero distance: 50, sigma^2: 1, beta: 1.1, simulation: 553"
[1] "no_corr"
[1] "pc_exp"
[1] "pc_sqexp"
[1] "n sub: 10, n images per sub: 1, zero distance: 50, sigma^2: 2, beta: 1.1, simulation: 553"
[1] "no_corr"
[1] "pc_exp"
[1] "pc_sqexp"
[1] "n sub: 10, n images per sub: 1, zero distance: 50, sigma^2: 0.5, beta: 1.1, simulation: 553"
[1] "no_corr"
[1] "pc_exp"
[1] "pc_sqexp"
[1] "n sub: 10, n images per sub: 1, zero distance: 50, sigma^2: 1, beta: 1.1, simulation: 554"
[1] "no_corr"
[1] "pc_exp"
[1] "pc_sqexp"
[1] "n sub: 10, n images per sub: 1, zero distance: 50, sigma^2: 2, beta: 1.1, simulation: 554"
[1] "no_corr"
[1] "pc_exp"
[1] "pc_sqexp"
[1] "n sub: 10, n images per sub: 1, zero distance: 50, sigma^2: 0.5, beta: 1.1, simulation: 554"
[1] "no_corr"
[1] "pc_exp"
[1] "pc_sqexp"
[1] "n sub: 10, n images per sub: 1, zero distance: 50, sigma^2: 1, beta: 1.1, simulation: 555"
[1] "no_corr"
[1] "pc_exp"
[1] "pc_sqexp"
[1] "n sub: 10, n images per sub: 1, zero distance: 50, sigma^2: 2, beta: 1.1, simulation: 555"
[1] "no_corr"
[1] "pc_exp"
[1] "pc_sqexp"
[1] "n sub: 10, n images per sub: 1, zero distance: 50, sigma^2: 0.5, beta: 1.1, simulation: 555"
[1] "no_corr"
[1] "pc_exp"
[1] "pc_sqexp"
[1] "n sub: 10, n images per sub: 1, zero distance: 50, sigma^2: 1, beta: 1.1, simulation: 556"
[1] "no_corr"
[1] "pc_exp"
[1] "pc_sqexp"
[1] "n sub: 10, n images per sub: 1, zero distance: 50, sigma^2: 2, beta: 1.1, simulation: 556"
[1] "no_corr"
[1] "pc_exp"
[1] "pc_sqexp"
[1] "n sub: 10, n images per sub: 1, zero distance: 50, sigma^2: 0.5, beta: 1.1, simulation: 556"
[1] "no_corr"
[1] "pc_exp"
[1] "pc_sqexp"
[1] "n sub: 10, n images per sub: 1, zero distance: 50, sigma^2: 1, beta: 1.1, simulation: 557"
[1] "no_corr"
[1] "pc_exp"
[1] "pc_sqexp"
[1] "n sub: 10, n images per sub: 1, zero distance: 50, sigma^2: 2, beta: 1.1, simulation: 557"
[1] "no_corr"
[1] "pc_exp"
[1] "pc_sqexp"
[1] "n sub: 10, n images per sub: 1, zero distance: 50, sigma^2: 0.5, beta: 1.1, simulation: 557"
[1] "no_corr"
[1] "pc_exp"
[1] "pc_sqexp"
[1] "n sub: 10, n images per sub: 1, zero distance: 50, sigma^2: 1, beta: 1.1, simulation: 558"
[1] "no_corr"
[1] "pc_exp"
[1] "pc_sqexp"
[1] "n sub: 10, n images per sub: 1, zero distance: 50, sigma^2: 2, beta: 1.1, simulation: 558"
[1] "no_corr"
[1] "pc_exp"
[1] "pc_sqexp"
[1] "n sub: 10, n images per sub: 1, zero distance: 50, sigma^2: 0.5, beta: 1.1, simulation: 558"
[1] "no_corr"
[1] "pc_exp"
[1] "pc_sqexp"
[1] "n sub: 10, n images per sub: 1, zero distance: 50, sigma^2: 1, beta: 1.1, simulation: 559"
[1] "no_corr"
[1] "pc_exp"
[1] "pc_sqexp"
[1] "n sub: 10, n images per sub: 1, zero distance: 50, sigma^2: 2, beta: 1.1, simulation: 559"
[1] "no_corr"
[1] "pc_exp"
[1] "pc_sqexp"
[1] "n sub: 10, n images per sub: 1, zero distance: 50, sigma^2: 0.5, beta: 1.1, simulation: 559"
[1] "no_corr"
[1] "pc_exp"
[1] "pc_sqexp"
[1] "n sub: 10, n images per sub: 1, zero distance: 50, sigma^2: 1, beta: 1.1, simulation: 560"
[1] "no_corr"
[1] "pc_exp"
[1] "pc_sqexp"
[1] "n sub: 10, n images per sub: 1, zero distance: 50, sigma^2: 2, beta: 1.1, simulation: 560"
[1] "no_corr"
[1] "pc_exp"
[1] "pc_sqexp"
[1] "n sub: 10, n images per sub: 1, zero distance: 50, sigma^2: 0.5, beta: 1.1, simulation: 560"
[1] "no_corr"
[1] "pc_exp"
[1] "pc_sqexp"
[1] "n sub: 10, n images per sub: 1, zero distance: 50, sigma^2: 1, beta: 1.1, simulation: 561"
[1] "no_corr"
[1] "pc_exp"
[1] "pc_sqexp"
[1] "n sub: 10, n images per sub: 1, zero distance: 50, sigma^2: 2, beta: 1.1, simulation: 561"
[1] "no_corr"
[1] "pc_exp"
[1] "pc_sqexp"
[1] "n sub: 10, n images per sub: 1, zero distance: 50, sigma^2: 0.5, beta: 1.1, simulation: 561"
[1] "no_corr"
[1] "pc_exp"
[1] "pc_sqexp"
[1] "n sub: 10, n images per sub: 1, zero distance: 50, sigma^2: 1, beta: 1.1, simulation: 562"
[1] "no_corr"
[1] "pc_exp"
[1] "pc_sqexp"
[1] "n sub: 10, n images per sub: 1, zero distance: 50, sigma^2: 2, beta: 1.1, simulation: 562"
[1] "no_corr"
[1] "pc_exp"
[1] "pc_sqexp"
[1] "n sub: 10, n images per sub: 1, zero distance: 50, sigma^2: 0.5, beta: 1.1, simulation: 562"
[1] "no_corr"
[1] "pc_exp"
[1] "pc_sqexp"
[1] "n sub: 10, n images per sub: 1, zero distance: 50, sigma^2: 1, beta: 1.1, simulation: 563"
[1] "no_corr"
[1] "pc_exp"
[1] "pc_sqexp"
[1] "n sub: 10, n images per sub: 1, zero distance: 50, sigma^2: 2, beta: 1.1, simulation: 563"
[1] "no_corr"
[1] "pc_exp"
[1] "pc_sqexp"
[1] "n sub: 10, n images per sub: 1, zero distance: 50, sigma^2: 0.5, beta: 1.1, simulation: 563"
[1] "no_corr"
[1] "pc_exp"
[1] "pc_sqexp"
[1] "n sub: 10, n images per sub: 1, zero distance: 50, sigma^2: 1, beta: 1.1, simulation: 564"
[1] "no_corr"
[1] "pc_exp"
[1] "pc_sqexp"
[1] "n sub: 10, n images per sub: 1, zero distance: 50, sigma^2: 2, beta: 1.1, simulation: 564"
[1] "no_corr"
[1] "pc_exp"
[1] "pc_sqexp"
[1] "n sub: 10, n images per sub: 1, zero distance: 50, sigma^2: 0.5, beta: 1.1, simulation: 564"
[1] "no_corr"
[1] "pc_exp"
[1] "pc_sqexp"
[1] "n sub: 10, n images per sub: 1, zero distance: 50, sigma^2: 1, beta: 1.1, simulation: 565"
[1] "no_corr"
[1] "pc_exp"
[1] "pc_sqexp"
[1] "n sub: 10, n images per sub: 1, zero distance: 50, sigma^2: 2, beta: 1.1, simulation: 565"
[1] "no_corr"
[1] "pc_exp"
[1] "pc_sqexp"
[1] "n sub: 10, n images per sub: 1, zero distance: 50, sigma^2: 0.5, beta: 1.1, simulation: 565"
[1] "no_corr"
[1] "pc_exp"
[1] "pc_sqexp"
[1] "n sub: 10, n images per sub: 1, zero distance: 50, sigma^2: 1, beta: 1.1, simulation: 566"
[1] "no_corr"
[1] "pc_exp"
[1] "pc_sqexp"
[1] "n sub: 10, n images per sub: 1, zero distance: 50, sigma^2: 2, beta: 1.1, simulation: 566"
[1] "no_corr"
[1] "pc_exp"
[1] "pc_sqexp"
[1] "n sub: 10, n images per sub: 1, zero distance: 50, sigma^2: 0.5, beta: 1.1, simulation: 566"
[1] "no_corr"
[1] "pc_exp"
[1] "pc_sqexp"
[1] "n sub: 10, n images per sub: 1, zero distance: 50, sigma^2: 1, beta: 1.1, simulation: 567"
[1] "no_corr"
[1] "pc_exp"
[1] "pc_sqexp"
[1] "n sub: 10, n images per sub: 1, zero distance: 50, sigma^2: 2, beta: 1.1, simulation: 567"
[1] "no_corr"
[1] "pc_exp"
[1] "pc_sqexp"
[1] "n sub: 10, n images per sub: 1, zero distance: 50, sigma^2: 0.5, beta: 1.1, simulation: 567"
[1] "no_corr"
[1] "pc_exp"
[1] "pc_sqexp"
[1] "n sub: 10, n images per sub: 1, zero distance: 50, sigma^2: 1, beta: 1.1, simulation: 568"
[1] "no_corr"
[1] "pc_exp"
[1] "pc_sqexp"
[1] "n sub: 10, n images per sub: 1, zero distance: 50, sigma^2: 2, beta: 1.1, simulation: 568"
[1] "no_corr"
[1] "pc_exp"
[1] "pc_sqexp"
[1] "n sub: 10, n images per sub: 1, zero distance: 50, sigma^2: 0.5, beta: 1.1, simulation: 568"
[1] "no_corr"
[1] "pc_exp"
[1] "pc_sqexp"
[1] "n sub: 10, n images per sub: 1, zero distance: 50, sigma^2: 1, beta: 1.1, simulation: 569"
[1] "no_corr"
[1] "pc_exp"
[1] "pc_sqexp"
[1] "n sub: 10, n images per sub: 1, zero distance: 50, sigma^2: 2, beta: 1.1, simulation: 569"
[1] "no_corr"
[1] "pc_exp"
[1] "pc_sqexp"
[1] "n sub: 10, n images per sub: 1, zero distance: 50, sigma^2: 0.5, beta: 1.1, simulation: 569"
[1] "no_corr"
[1] "pc_exp"
[1] "pc_sqexp"
[1] "n sub: 10, n images per sub: 1, zero distance: 50, sigma^2: 1, beta: 1.1, simulation: 570"
[1] "no_corr"
[1] "pc_exp"
[1] "pc_sqexp"
[1] "n sub: 10, n images per sub: 1, zero distance: 50, sigma^2: 2, beta: 1.1, simulation: 570"
[1] "no_corr"
[1] "pc_exp"
[1] "pc_sqexp"
[1] "n sub: 10, n images per sub: 1, zero distance: 50, sigma^2: 0.5, beta: 1.1, simulation: 570"
[1] "no_corr"
[1] "pc_exp"
[1] "pc_sqexp"
[1] "n sub: 10, n images per sub: 1, zero distance: 50, sigma^2: 1, beta: 1.1, simulation: 571"
[1] "no_corr"
[1] "pc_exp"
[1] "pc_sqexp"
[1] "n sub: 10, n images per sub: 1, zero distance: 50, sigma^2: 2, beta: 1.1, simulation: 571"
[1] "no_corr"
[1] "pc_exp"
[1] "pc_sqexp"
[1] "n sub: 10, n images per sub: 1, zero distance: 50, sigma^2: 0.5, beta: 1.1, simulation: 571"
[1] "no_corr"
[1] "pc_exp"
[1] "pc_sqexp"
[1] "n sub: 10, n images per sub: 1, zero distance: 50, sigma^2: 1, beta: 1.1, simulation: 572"
[1] "no_corr"
[1] "pc_exp"
[1] "pc_sqexp"
[1] "n sub: 10, n images per sub: 1, zero distance: 50, sigma^2: 2, beta: 1.1, simulation: 572"
[1] "no_corr"
[1] "pc_exp"
[1] "pc_sqexp"
[1] "n sub: 10, n images per sub: 1, zero distance: 50, sigma^2: 0.5, beta: 1.1, simulation: 572"
[1] "no_corr"
[1] "pc_exp"
[1] "pc_sqexp"
[1] "n sub: 10, n images per sub: 1, zero distance: 50, sigma^2: 1, beta: 1.1, simulation: 573"
[1] "no_corr"
[1] "pc_exp"
[1] "pc_sqexp"
[1] "n sub: 10, n images per sub: 1, zero distance: 50, sigma^2: 2, beta: 1.1, simulation: 573"
[1] "no_corr"
[1] "pc_exp"
[1] "pc_sqexp"
[1] "n sub: 10, n images per sub: 1, zero distance: 50, sigma^2: 0.5, beta: 1.1, simulation: 573"
[1] "no_corr"
[1] "pc_exp"
[1] "pc_sqexp"
[1] "n sub: 10, n images per sub: 1, zero distance: 50, sigma^2: 1, beta: 1.1, simulation: 574"
[1] "no_corr"
[1] "pc_exp"
[1] "pc_sqexp"
[1] "n sub: 10, n images per sub: 1, zero distance: 50, sigma^2: 2, beta: 1.1, simulation: 574"
[1] "no_corr"
[1] "pc_exp"
[1] "pc_sqexp"
[1] "n sub: 10, n images per sub: 1, zero distance: 50, sigma^2: 0.5, beta: 1.1, simulation: 574"
[1] "no_corr"
[1] "pc_exp"
[1] "pc_sqexp"
[1] "n sub: 10, n images per sub: 1, zero distance: 50, sigma^2: 1, beta: 1.1, simulation: 575"
[1] "no_corr"
[1] "pc_exp"
[1] "pc_sqexp"
[1] "n sub: 10, n images per sub: 1, zero distance: 50, sigma^2: 2, beta: 1.1, simulation: 575"
[1] "no_corr"
[1] "pc_exp"
[1] "pc_sqexp"
[1] "n sub: 10, n images per sub: 1, zero distance: 50, sigma^2: 0.5, beta: 1.1, simulation: 575"
[1] "no_corr"
[1] "pc_exp"
[1] "pc_sqexp"
[1] "n sub: 10, n images per sub: 1, zero distance: 50, sigma^2: 1, beta: 1.1, simulation: 576"
[1] "no_corr"
[1] "pc_exp"
[1] "pc_sqexp"
[1] "n sub: 10, n images per sub: 1, zero distance: 50, sigma^2: 2, beta: 1.1, simulation: 576"
[1] "no_corr"
[1] "pc_exp"
[1] "pc_sqexp"
[1] "n sub: 10, n images per sub: 1, zero distance: 50, sigma^2: 0.5, beta: 1.1, simulation: 576"
[1] "no_corr"
[1] "pc_exp"
[1] "pc_sqexp"
[1] "n sub: 10, n images per sub: 1, zero distance: 50, sigma^2: 1, beta: 1.1, simulation: 577"
[1] "no_corr"
[1] "pc_exp"
[1] "pc_sqexp"
[1] "n sub: 10, n images per sub: 1, zero distance: 50, sigma^2: 2, beta: 1.1, simulation: 577"
[1] "no_corr"
[1] "pc_exp"
[1] "pc_sqexp"
[1] "n sub: 10, n images per sub: 1, zero distance: 50, sigma^2: 0.5, beta: 1.1, simulation: 577"
[1] "no_corr"
[1] "pc_exp"
[1] "pc_sqexp"
[1] "n sub: 10, n images per sub: 1, zero distance: 50, sigma^2: 1, beta: 1.1, simulation: 578"
[1] "no_corr"
[1] "pc_exp"
[1] "pc_sqexp"
[1] "n sub: 10, n images per sub: 1, zero distance: 50, sigma^2: 2, beta: 1.1, simulation: 578"
[1] "no_corr"
[1] "pc_exp"
[1] "pc_sqexp"
[1] "n sub: 10, n images per sub: 1, zero distance: 50, sigma^2: 0.5, beta: 1.1, simulation: 578"
[1] "no_corr"
[1] "pc_exp"
[1] "pc_sqexp"
[1] "n sub: 10, n images per sub: 1, zero distance: 50, sigma^2: 1, beta: 1.1, simulation: 579"
[1] "no_corr"
[1] "pc_exp"
[1] "pc_sqexp"
[1] "n sub: 10, n images per sub: 1, zero distance: 50, sigma^2: 2, beta: 1.1, simulation: 579"
[1] "no_corr"
[1] "pc_exp"
[1] "pc_sqexp"
[1] "n sub: 10, n images per sub: 1, zero distance: 50, sigma^2: 0.5, beta: 1.1, simulation: 579"
[1] "no_corr"
[1] "pc_exp"
[1] "pc_sqexp"
[1] "n sub: 10, n images per sub: 1, zero distance: 50, sigma^2: 1, beta: 1.1, simulation: 580"
[1] "no_corr"
[1] "pc_exp"
[1] "pc_sqexp"
[1] "n sub: 10, n images per sub: 1, zero distance: 50, sigma^2: 2, beta: 1.1, simulation: 580"
[1] "no_corr"
[1] "pc_exp"
[1] "pc_sqexp"
[1] "n sub: 10, n images per sub: 1, zero distance: 50, sigma^2: 0.5, beta: 1.1, simulation: 580"
[1] "no_corr"
[1] "pc_exp"
[1] "pc_sqexp"
[1] "n sub: 10, n images per sub: 1, zero distance: 50, sigma^2: 1, beta: 1.1, simulation: 581"
[1] "no_corr"
[1] "pc_exp"
[1] "pc_sqexp"
[1] "n sub: 10, n images per sub: 1, zero distance: 50, sigma^2: 2, beta: 1.1, simulation: 581"
[1] "no_corr"
[1] "pc_exp"
[1] "pc_sqexp"
[1] "n sub: 10, n images per sub: 1, zero distance: 50, sigma^2: 0.5, beta: 1.1, simulation: 581"
[1] "no_corr"
[1] "pc_exp"
[1] "pc_sqexp"
[1] "n sub: 10, n images per sub: 1, zero distance: 50, sigma^2: 1, beta: 1.1, simulation: 582"
[1] "no_corr"
[1] "pc_exp"
[1] "pc_sqexp"
[1] "n sub: 10, n images per sub: 1, zero distance: 50, sigma^2: 2, beta: 1.1, simulation: 582"
[1] "no_corr"
[1] "pc_exp"
[1] "pc_sqexp"
[1] "n sub: 10, n images per sub: 1, zero distance: 50, sigma^2: 0.5, beta: 1.1, simulation: 582"
[1] "no_corr"
[1] "pc_exp"
[1] "pc_sqexp"
[1] "n sub: 10, n images per sub: 1, zero distance: 50, sigma^2: 1, beta: 1.1, simulation: 583"
[1] "no_corr"
[1] "pc_exp"
[1] "pc_sqexp"
[1] "n sub: 10, n images per sub: 1, zero distance: 50, sigma^2: 2, beta: 1.1, simulation: 583"
[1] "no_corr"
[1] "pc_exp"
[1] "pc_sqexp"
[1] "n sub: 10, n images per sub: 1, zero distance: 50, sigma^2: 0.5, beta: 1.1, simulation: 583"
[1] "no_corr"
[1] "pc_exp"
[1] "pc_sqexp"
[1] "n sub: 10, n images per sub: 1, zero distance: 50, sigma^2: 1, beta: 1.1, simulation: 584"
[1] "no_corr"
[1] "pc_exp"
[1] "pc_sqexp"
[1] "n sub: 10, n images per sub: 1, zero distance: 50, sigma^2: 2, beta: 1.1, simulation: 584"
[1] "no_corr"
[1] "pc_exp"
[1] "pc_sqexp"
[1] "n sub: 10, n images per sub: 1, zero distance: 50, sigma^2: 0.5, beta: 1.1, simulation: 584"
[1] "no_corr"
[1] "pc_exp"
[1] "pc_sqexp"
[1] "n sub: 10, n images per sub: 1, zero distance: 50, sigma^2: 1, beta: 1.1, simulation: 585"
[1] "no_corr"
[1] "pc_exp"
[1] "pc_sqexp"
[1] "n sub: 10, n images per sub: 1, zero distance: 50, sigma^2: 2, beta: 1.1, simulation: 585"
[1] "no_corr"
[1] "pc_exp"
[1] "pc_sqexp"
[1] "n sub: 10, n images per sub: 1, zero distance: 50, sigma^2: 0.5, beta: 1.1, simulation: 585"
[1] "no_corr"
[1] "pc_exp"
[1] "pc_sqexp"
[1] "n sub: 10, n images per sub: 1, zero distance: 50, sigma^2: 1, beta: 1.1, simulation: 586"
[1] "no_corr"
[1] "pc_exp"
[1] "pc_sqexp"
[1] "n sub: 10, n images per sub: 1, zero distance: 50, sigma^2: 2, beta: 1.1, simulation: 586"
[1] "no_corr"
[1] "pc_exp"
[1] "pc_sqexp"
[1] "n sub: 10, n images per sub: 1, zero distance: 50, sigma^2: 0.5, beta: 1.1, simulation: 586"
[1] "no_corr"
[1] "pc_exp"
[1] "pc_sqexp"
[1] "n sub: 10, n images per sub: 1, zero distance: 50, sigma^2: 1, beta: 1.1, simulation: 587"
[1] "no_corr"
[1] "pc_exp"
[1] "pc_sqexp"
[1] "n sub: 10, n images per sub: 1, zero distance: 50, sigma^2: 2, beta: 1.1, simulation: 587"
[1] "no_corr"
[1] "pc_exp"
[1] "pc_sqexp"
[1] "n sub: 10, n images per sub: 1, zero distance: 50, sigma^2: 0.5, beta: 1.1, simulation: 587"
[1] "no_corr"
[1] "pc_exp"
[1] "pc_sqexp"
[1] "n sub: 10, n images per sub: 1, zero distance: 50, sigma^2: 1, beta: 1.1, simulation: 588"
[1] "no_corr"
[1] "pc_exp"
[1] "pc_sqexp"
[1] "n sub: 10, n images per sub: 1, zero distance: 50, sigma^2: 2, beta: 1.1, simulation: 588"
[1] "no_corr"
[1] "pc_exp"
[1] "pc_sqexp"
[1] "n sub: 10, n images per sub: 1, zero distance: 50, sigma^2: 0.5, beta: 1.1, simulation: 588"
[1] "no_corr"
[1] "pc_exp"
[1] "pc_sqexp"
[1] "n sub: 10, n images per sub: 1, zero distance: 50, sigma^2: 1, beta: 1.1, simulation: 589"
[1] "no_corr"
[1] "pc_exp"
[1] "pc_sqexp"
[1] "n sub: 10, n images per sub: 1, zero distance: 50, sigma^2: 2, beta: 1.1, simulation: 589"
[1] "no_corr"
[1] "pc_exp"
[1] "pc_sqexp"
[1] "n sub: 10, n images per sub: 1, zero distance: 50, sigma^2: 0.5, beta: 1.1, simulation: 589"
[1] "no_corr"
[1] "pc_exp"
[1] "pc_sqexp"
[1] "n sub: 10, n images per sub: 1, zero distance: 50, sigma^2: 1, beta: 1.1, simulation: 590"
[1] "no_corr"
[1] "pc_exp"
[1] "pc_sqexp"
[1] "n sub: 10, n images per sub: 1, zero distance: 50, sigma^2: 2, beta: 1.1, simulation: 590"
[1] "no_corr"
[1] "pc_exp"
[1] "pc_sqexp"
[1] "n sub: 10, n images per sub: 1, zero distance: 50, sigma^2: 0.5, beta: 1.1, simulation: 590"
[1] "no_corr"
[1] "pc_exp"
[1] "pc_sqexp"
[1] "n sub: 10, n images per sub: 1, zero distance: 50, sigma^2: 1, beta: 1.1, simulation: 591"
[1] "no_corr"
[1] "pc_exp"
[1] "pc_sqexp"
[1] "n sub: 10, n images per sub: 1, zero distance: 50, sigma^2: 2, beta: 1.1, simulation: 591"
[1] "no_corr"
[1] "pc_exp"
[1] "pc_sqexp"
[1] "n sub: 10, n images per sub: 1, zero distance: 50, sigma^2: 0.5, beta: 1.1, simulation: 591"
[1] "no_corr"
[1] "pc_exp"
[1] "pc_sqexp"
[1] "n sub: 10, n images per sub: 1, zero distance: 50, sigma^2: 1, beta: 1.1, simulation: 592"
[1] "no_corr"
[1] "pc_exp"
[1] "pc_sqexp"
[1] "n sub: 10, n images per sub: 1, zero distance: 50, sigma^2: 2, beta: 1.1, simulation: 592"
[1] "no_corr"
[1] "pc_exp"
[1] "pc_sqexp"
[1] "n sub: 10, n images per sub: 1, zero distance: 50, sigma^2: 0.5, beta: 1.1, simulation: 592"
[1] "no_corr"
[1] "pc_exp"
[1] "pc_sqexp"
[1] "n sub: 10, n images per sub: 1, zero distance: 50, sigma^2: 1, beta: 1.1, simulation: 593"
[1] "no_corr"
[1] "pc_exp"
[1] "pc_sqexp"
[1] "n sub: 10, n images per sub: 1, zero distance: 50, sigma^2: 2, beta: 1.1, simulation: 593"
[1] "no_corr"
[1] "pc_exp"
[1] "pc_sqexp"
[1] "n sub: 10, n images per sub: 1, zero distance: 50, sigma^2: 0.5, beta: 1.1, simulation: 593"
[1] "no_corr"
[1] "pc_exp"
[1] "pc_sqexp"
[1] "n sub: 10, n images per sub: 1, zero distance: 50, sigma^2: 1, beta: 1.1, simulation: 594"
[1] "no_corr"
[1] "pc_exp"
[1] "pc_sqexp"
[1] "n sub: 10, n images per sub: 1, zero distance: 50, sigma^2: 2, beta: 1.1, simulation: 594"
[1] "no_corr"
[1] "pc_exp"
[1] "pc_sqexp"
[1] "n sub: 10, n images per sub: 1, zero distance: 50, sigma^2: 0.5, beta: 1.1, simulation: 594"
[1] "no_corr"
[1] "pc_exp"
[1] "pc_sqexp"
[1] "n sub: 10, n images per sub: 1, zero distance: 50, sigma^2: 1, beta: 1.1, simulation: 595"
[1] "no_corr"
[1] "pc_exp"
[1] "pc_sqexp"
[1] "n sub: 10, n images per sub: 1, zero distance: 50, sigma^2: 2, beta: 1.1, simulation: 595"
[1] "no_corr"
[1] "pc_exp"
[1] "pc_sqexp"
[1] "n sub: 10, n images per sub: 1, zero distance: 50, sigma^2: 0.5, beta: 1.1, simulation: 595"
[1] "no_corr"
[1] "pc_exp"
[1] "pc_sqexp"
[1] "n sub: 10, n images per sub: 1, zero distance: 50, sigma^2: 1, beta: 1.1, simulation: 596"
[1] "no_corr"
[1] "pc_exp"
[1] "pc_sqexp"
[1] "n sub: 10, n images per sub: 1, zero distance: 50, sigma^2: 2, beta: 1.1, simulation: 596"
[1] "no_corr"
[1] "pc_exp"
[1] "pc_sqexp"
[1] "n sub: 10, n images per sub: 1, zero distance: 50, sigma^2: 0.5, beta: 1.1, simulation: 596"
[1] "no_corr"
[1] "pc_exp"
[1] "pc_sqexp"
[1] "n sub: 10, n images per sub: 1, zero distance: 50, sigma^2: 1, beta: 1.1, simulation: 597"
[1] "no_corr"
[1] "pc_exp"
[1] "pc_sqexp"
[1] "n sub: 10, n images per sub: 1, zero distance: 50, sigma^2: 2, beta: 1.1, simulation: 597"
[1] "no_corr"
[1] "pc_exp"
[1] "pc_sqexp"
[1] "n sub: 10, n images per sub: 1, zero distance: 50, sigma^2: 0.5, beta: 1.1, simulation: 597"
[1] "no_corr"
[1] "pc_exp"
[1] "pc_sqexp"
[1] "n sub: 10, n images per sub: 1, zero distance: 50, sigma^2: 1, beta: 1.1, simulation: 598"
[1] "no_corr"
[1] "pc_exp"
[1] "pc_sqexp"
[1] "n sub: 10, n images per sub: 1, zero distance: 50, sigma^2: 2, beta: 1.1, simulation: 598"
[1] "no_corr"
[1] "pc_exp"
[1] "pc_sqexp"
[1] "n sub: 10, n images per sub: 1, zero distance: 50, sigma^2: 0.5, beta: 1.1, simulation: 598"
[1] "no_corr"
[1] "pc_exp"
[1] "pc_sqexp"
[1] "n sub: 10, n images per sub: 1, zero distance: 50, sigma^2: 0.5, beta: 1.1, simulation: 599"
[1] "no_corr"
[1] "pc_exp"
[1] "pc_sqexp"
[1] "n sub: 10, n images per sub: 1, zero distance: 50, sigma^2: 1, beta: 1.1, simulation: 599"
[1] "no_corr"
[1] "pc_exp"
[1] "pc_sqexp"
[1] "n sub: 10, n images per sub: 1, zero distance: 50, sigma^2: 2, beta: 1.1, simulation: 599"
[1] "no_corr"
[1] "pc_exp"
[1] "pc_sqexp"
[1] "n sub: 10, n images per sub: 1, zero distance: 50, sigma^2: 0.5, beta: 1.1, simulation: 600"
[1] "no_corr"
[1] "pc_exp"
[1] "pc_sqexp"
[1] "n sub: 10, n images per sub: 1, zero distance: 50, sigma^2: 1, beta: 1.1, simulation: 600"
[1] "no_corr"
[1] "pc_exp"
[1] "pc_sqexp"
[1] "n sub: 10, n images per sub: 1, zero distance: 50, sigma^2: 2, beta: 1.1, simulation: 600"
[1] "no_corr"
[1] "pc_exp"
[1] "pc_sqexp"
