 [1] 13906 13907 13908 13909 13910 13911 13912 13913 13914 13915 13916 13917
[13] 13918 13919 13920 13921 13922 13923 13924 13925 13926 13927 13928 13929
[25] 13930 13931 13932
[1] "n sub: 50, n images per sub: 5, sigma^2: 2, beta: -0.69, simulation: 36"
[1] "n sub: 50, n images per sub: 5, sigma^2: 1, beta: -0.69, simulation: 36"
[1] "n sub: 50, n images per sub: 5, sigma^2: 0.5, beta: -0.69, simulation: 36"
[1] "n sub: 50, n images per sub: 5, sigma^2: 2, beta: -0.69, simulation: 37"
[1] "n sub: 50, n images per sub: 5, sigma^2: 1, beta: -0.69, simulation: 37"
[1] "n sub: 50, n images per sub: 5, sigma^2: 0.5, beta: -0.69, simulation: 37"
[1] "n sub: 50, n images per sub: 5, sigma^2: 2, beta: -0.69, simulation: 38"
[1] "n sub: 50, n images per sub: 5, sigma^2: 1, beta: -0.69, simulation: 38"
[1] "n sub: 50, n images per sub: 5, sigma^2: 0.5, beta: -0.69, simulation: 38"
[1] "n sub: 50, n images per sub: 5, sigma^2: 2, beta: -0.69, simulation: 39"
[1] "n sub: 50, n images per sub: 5, sigma^2: 1, beta: -0.69, simulation: 39"
[1] "n sub: 50, n images per sub: 5, sigma^2: 0.5, beta: -0.69, simulation: 39"
[1] "n sub: 50, n images per sub: 5, sigma^2: 2, beta: -0.69, simulation: 40"
[1] "n sub: 50, n images per sub: 5, sigma^2: 1, beta: -0.69, simulation: 40"
[1] "n sub: 50, n images per sub: 5, sigma^2: 0.5, beta: -0.69, simulation: 40"
[1] "n sub: 50, n images per sub: 5, sigma^2: 2, beta: -0.69, simulation: 41"
[1] "n sub: 50, n images per sub: 5, sigma^2: 1, beta: -0.69, simulation: 41"
[1] "n sub: 50, n images per sub: 5, sigma^2: 0.5, beta: -0.69, simulation: 41"
[1] "n sub: 50, n images per sub: 5, sigma^2: 2, beta: -0.69, simulation: 42"
[1] "n sub: 50, n images per sub: 5, sigma^2: 1, beta: -0.69, simulation: 42"
[1] "n sub: 50, n images per sub: 5, sigma^2: 0.5, beta: -0.69, simulation: 42"
[1] "n sub: 50, n images per sub: 5, sigma^2: 2, beta: -0.69, simulation: 43"
[1] "n sub: 50, n images per sub: 5, sigma^2: 1, beta: -0.69, simulation: 43"
[1] "n sub: 50, n images per sub: 5, sigma^2: 0.5, beta: -0.69, simulation: 43"
[1] "n sub: 50, n images per sub: 5, sigma^2: 2, beta: -0.69, simulation: 44"
[1] "n sub: 50, n images per sub: 5, sigma^2: 1, beta: -0.69, simulation: 44"
[1] "n sub: 50, n images per sub: 5, sigma^2: 0.5, beta: -0.69, simulation: 44"
