  [1] 2161 2162 2163 2164 2165 2166 2167 2168 2169 2170 2171 2172 2173 2174 2175
 [16] 2176 2177 2178 2179 2180 2181 2182 2183 2184 2185 2186 2187 2188 2189 2190
 [31] 2191 2192 2193 2194 2195 2196 2197 2198 2199 2200 2201 2202 2203 2204 2205
 [46] 2206 2207 2208 2209 2210 2211 2212 2213 2214 2215 2216 2217 2218 2219 2220
 [61] 2221 2222 2223 2224 2225 2226 2227 2228 2229 2230 2231 2232 2233 2234 2235
 [76] 2236 2237 2238 2239 2240 2241 2242 2243 2244 2245 2246 2247 2248 2249 2250
 [91] 2251 2252 2253 2254 2255 2256 2257 2258 2259 2260 2261 2262 2263 2264 2265
[106] 2266 2267 2268 2269 2270 2271 2272 2273 2274 2275 2276 2277 2278 2279 2280
[121] 2281 2282 2283 2284 2285 2286 2287 2288 2289 2290 2291 2292 2293 2294 2295
[1] "n sub: 10, n images per sub: 1, sigma^2: 2, beta: 0.69, simulation: 21"
[1] "n sub: 10, n images per sub: 1, sigma^2: 1, beta: 0.69, simulation: 21"
[1] "n sub: 10, n images per sub: 1, sigma^2: 0.5, beta: 0.69, simulation: 21"
[1] "n sub: 10, n images per sub: 1, sigma^2: 2, beta: 0.69, simulation: 22"
[1] "n sub: 10, n images per sub: 1, sigma^2: 1, beta: 0.69, simulation: 22"
[1] "n sub: 10, n images per sub: 1, sigma^2: 0.5, beta: 0.69, simulation: 22"
[1] "n sub: 10, n images per sub: 1, sigma^2: 2, beta: 0.69, simulation: 23"
[1] "n sub: 10, n images per sub: 1, sigma^2: 1, beta: 0.69, simulation: 23"
[1] "n sub: 10, n images per sub: 1, sigma^2: 0.5, beta: 0.69, simulation: 23"
[1] "n sub: 10, n images per sub: 1, sigma^2: 2, beta: 0.69, simulation: 24"
[1] "n sub: 10, n images per sub: 1, sigma^2: 1, beta: 0.69, simulation: 24"
[1] "n sub: 10, n images per sub: 1, sigma^2: 0.5, beta: 0.69, simulation: 24"
[1] "n sub: 10, n images per sub: 1, sigma^2: 2, beta: 0.69, simulation: 25"
[1] "n sub: 10, n images per sub: 1, sigma^2: 1, beta: 0.69, simulation: 25"
[1] "n sub: 10, n images per sub: 1, sigma^2: 0.5, beta: 0.69, simulation: 25"
[1] "n sub: 10, n images per sub: 1, sigma^2: 2, beta: 0.69, simulation: 26"
[1] "n sub: 10, n images per sub: 1, sigma^2: 1, beta: 0.69, simulation: 26"
[1] "n sub: 10, n images per sub: 1, sigma^2: 0.5, beta: 0.69, simulation: 26"
[1] "n sub: 10, n images per sub: 1, sigma^2: 2, beta: 0.69, simulation: 27"
[1] "n sub: 10, n images per sub: 1, sigma^2: 1, beta: 0.69, simulation: 27"
[1] "n sub: 10, n images per sub: 1, sigma^2: 0.5, beta: 0.69, simulation: 27"
[1] "n sub: 10, n images per sub: 1, sigma^2: 2, beta: 0.69, simulation: 28"
[1] "n sub: 10, n images per sub: 1, sigma^2: 1, beta: 0.69, simulation: 28"
[1] "n sub: 10, n images per sub: 1, sigma^2: 0.5, beta: 0.69, simulation: 28"
[1] "n sub: 10, n images per sub: 1, sigma^2: 2, beta: 0.69, simulation: 29"
[1] "n sub: 10, n images per sub: 1, sigma^2: 1, beta: 0.69, simulation: 29"
[1] "n sub: 10, n images per sub: 1, sigma^2: 0.5, beta: 0.69, simulation: 29"
[1] "n sub: 10, n images per sub: 1, sigma^2: 2, beta: 0.69, simulation: 30"
[1] "n sub: 10, n images per sub: 1, sigma^2: 1, beta: 0.69, simulation: 30"
[1] "n sub: 10, n images per sub: 1, sigma^2: 0.5, beta: 0.69, simulation: 30"
[1] "n sub: 10, n images per sub: 1, sigma^2: 2, beta: 0.69, simulation: 31"
[1] "n sub: 10, n images per sub: 1, sigma^2: 1, beta: 0.69, simulation: 31"
[1] "n sub: 10, n images per sub: 1, sigma^2: 0.5, beta: 0.69, simulation: 31"
[1] "n sub: 10, n images per sub: 1, sigma^2: 2, beta: 0.69, simulation: 32"
[1] "n sub: 10, n images per sub: 1, sigma^2: 1, beta: 0.69, simulation: 32"
[1] "n sub: 10, n images per sub: 1, sigma^2: 0.5, beta: 0.69, simulation: 32"
[1] "n sub: 10, n images per sub: 1, sigma^2: 2, beta: 0.69, simulation: 33"
[1] "n sub: 10, n images per sub: 1, sigma^2: 1, beta: 0.69, simulation: 33"
[1] "n sub: 10, n images per sub: 1, sigma^2: 0.5, beta: 0.69, simulation: 33"
[1] "n sub: 10, n images per sub: 1, sigma^2: 2, beta: 0.69, simulation: 34"
[1] "n sub: 10, n images per sub: 1, sigma^2: 1, beta: 0.69, simulation: 34"
[1] "n sub: 10, n images per sub: 1, sigma^2: 0.5, beta: 0.69, simulation: 34"
[1] "n sub: 10, n images per sub: 1, sigma^2: 2, beta: 0.69, simulation: 35"
[1] "n sub: 10, n images per sub: 1, sigma^2: 1, beta: 0.69, simulation: 35"
[1] "n sub: 10, n images per sub: 1, sigma^2: 0.5, beta: 0.69, simulation: 35"
[1] "n sub: 10, n images per sub: 1, sigma^2: 2, beta: 0.69, simulation: 36"
[1] "n sub: 10, n images per sub: 1, sigma^2: 1, beta: 0.69, simulation: 36"
[1] "n sub: 10, n images per sub: 1, sigma^2: 0.5, beta: 0.69, simulation: 36"
[1] "n sub: 10, n images per sub: 1, sigma^2: 2, beta: 0.69, simulation: 37"
[1] "n sub: 10, n images per sub: 1, sigma^2: 1, beta: 0.69, simulation: 37"
[1] "n sub: 10, n images per sub: 1, sigma^2: 0.5, beta: 0.69, simulation: 37"
[1] "n sub: 10, n images per sub: 1, sigma^2: 2, beta: 0.69, simulation: 38"
[1] "n sub: 10, n images per sub: 1, sigma^2: 1, beta: 0.69, simulation: 38"
[1] "n sub: 10, n images per sub: 1, sigma^2: 0.5, beta: 0.69, simulation: 38"
[1] "n sub: 10, n images per sub: 1, sigma^2: 2, beta: 0.69, simulation: 39"
[1] "n sub: 10, n images per sub: 1, sigma^2: 1, beta: 0.69, simulation: 39"
[1] "n sub: 10, n images per sub: 1, sigma^2: 0.5, beta: 0.69, simulation: 39"
[1] "n sub: 10, n images per sub: 1, sigma^2: 2, beta: 0.69, simulation: 40"
[1] "n sub: 10, n images per sub: 1, sigma^2: 1, beta: 0.69, simulation: 40"
[1] "n sub: 10, n images per sub: 1, sigma^2: 0.5, beta: 0.69, simulation: 40"
[1] "n sub: 10, n images per sub: 1, sigma^2: 2, beta: 0.69, simulation: 41"
[1] "n sub: 10, n images per sub: 1, sigma^2: 1, beta: 0.69, simulation: 41"
[1] "n sub: 10, n images per sub: 1, sigma^2: 0.5, beta: 0.69, simulation: 41"
[1] "n sub: 10, n images per sub: 1, sigma^2: 2, beta: 0.69, simulation: 42"
[1] "n sub: 10, n images per sub: 1, sigma^2: 1, beta: 0.69, simulation: 42"
[1] "n sub: 10, n images per sub: 1, sigma^2: 0.5, beta: 0.69, simulation: 42"
[1] "n sub: 10, n images per sub: 1, sigma^2: 1, beta: 0.69, simulation: 43"
[1] "n sub: 10, n images per sub: 1, sigma^2: 2, beta: 0.69, simulation: 43"
[1] "n sub: 10, n images per sub: 1, sigma^2: 0.5, beta: 0.69, simulation: 43"
[1] "n sub: 10, n images per sub: 1, sigma^2: 2, beta: 0.69, simulation: 44"
[1] "n sub: 10, n images per sub: 1, sigma^2: 1, beta: 0.69, simulation: 44"
[1] "n sub: 10, n images per sub: 1, sigma^2: 0.5, beta: 0.69, simulation: 44"
[1] "n sub: 10, n images per sub: 1, sigma^2: 2, beta: 0.69, simulation: 45"
[1] "n sub: 10, n images per sub: 1, sigma^2: 1, beta: 0.69, simulation: 45"
[1] "n sub: 10, n images per sub: 1, sigma^2: 0.5, beta: 0.69, simulation: 45"
[1] "n sub: 10, n images per sub: 1, sigma^2: 2, beta: 0.69, simulation: 46"
[1] "n sub: 10, n images per sub: 1, sigma^2: 1, beta: 0.69, simulation: 46"
[1] "n sub: 10, n images per sub: 1, sigma^2: 0.5, beta: 0.69, simulation: 46"
[1] "n sub: 10, n images per sub: 1, sigma^2: 2, beta: 0.69, simulation: 47"
[1] "n sub: 10, n images per sub: 1, sigma^2: 1, beta: 0.69, simulation: 47"
[1] "n sub: 10, n images per sub: 1, sigma^2: 0.5, beta: 0.69, simulation: 47"
[1] "n sub: 10, n images per sub: 1, sigma^2: 2, beta: 0.69, simulation: 48"
[1] "n sub: 10, n images per sub: 1, sigma^2: 1, beta: 0.69, simulation: 48"
[1] "n sub: 10, n images per sub: 1, sigma^2: 0.5, beta: 0.69, simulation: 48"
[1] "n sub: 10, n images per sub: 1, sigma^2: 2, beta: 0.69, simulation: 49"
[1] "n sub: 10, n images per sub: 1, sigma^2: 1, beta: 0.69, simulation: 49"
[1] "n sub: 10, n images per sub: 1, sigma^2: 0.5, beta: 0.69, simulation: 49"
[1] "n sub: 10, n images per sub: 1, sigma^2: 2, beta: 0.69, simulation: 50"
[1] "n sub: 10, n images per sub: 1, sigma^2: 1, beta: 0.69, simulation: 50"
[1] "n sub: 10, n images per sub: 1, sigma^2: 0.5, beta: 0.69, simulation: 50"
[1] "n sub: 10, n images per sub: 1, sigma^2: 2, beta: 0.69, simulation: 51"
[1] "n sub: 10, n images per sub: 1, sigma^2: 1, beta: 0.69, simulation: 51"
[1] "n sub: 10, n images per sub: 1, sigma^2: 0.5, beta: 0.69, simulation: 51"
[1] "n sub: 10, n images per sub: 1, sigma^2: 2, beta: 0.69, simulation: 52"
[1] "n sub: 10, n images per sub: 1, sigma^2: 1, beta: 0.69, simulation: 52"
[1] "n sub: 10, n images per sub: 1, sigma^2: 0.5, beta: 0.69, simulation: 52"
[1] "n sub: 10, n images per sub: 1, sigma^2: 2, beta: 0.69, simulation: 53"
[1] "n sub: 10, n images per sub: 1, sigma^2: 1, beta: 0.69, simulation: 53"
[1] "n sub: 10, n images per sub: 1, sigma^2: 0.5, beta: 0.69, simulation: 53"
[1] "n sub: 10, n images per sub: 1, sigma^2: 2, beta: 0.69, simulation: 54"
[1] "n sub: 10, n images per sub: 1, sigma^2: 1, beta: 0.69, simulation: 54"
[1] "n sub: 10, n images per sub: 1, sigma^2: 0.5, beta: 0.69, simulation: 54"
[1] "n sub: 10, n images per sub: 1, sigma^2: 2, beta: 0.69, simulation: 55"
[1] "n sub: 10, n images per sub: 1, sigma^2: 1, beta: 0.69, simulation: 55"
[1] "n sub: 10, n images per sub: 1, sigma^2: 0.5, beta: 0.69, simulation: 55"
[1] "n sub: 10, n images per sub: 1, sigma^2: 2, beta: 0.69, simulation: 56"
[1] "n sub: 10, n images per sub: 1, sigma^2: 1, beta: 0.69, simulation: 56"
[1] "n sub: 10, n images per sub: 1, sigma^2: 0.5, beta: 0.69, simulation: 56"
[1] "n sub: 10, n images per sub: 1, sigma^2: 2, beta: 0.69, simulation: 57"
[1] "n sub: 10, n images per sub: 1, sigma^2: 1, beta: 0.69, simulation: 57"
[1] "n sub: 10, n images per sub: 1, sigma^2: 0.5, beta: 0.69, simulation: 57"
[1] "n sub: 10, n images per sub: 1, sigma^2: 2, beta: 0.69, simulation: 58"
[1] "n sub: 10, n images per sub: 1, sigma^2: 1, beta: 0.69, simulation: 58"
[1] "n sub: 10, n images per sub: 1, sigma^2: 0.5, beta: 0.69, simulation: 58"
[1] "n sub: 10, n images per sub: 1, sigma^2: 2, beta: 0.69, simulation: 59"
[1] "n sub: 10, n images per sub: 1, sigma^2: 1, beta: 0.69, simulation: 59"
[1] "n sub: 10, n images per sub: 1, sigma^2: 0.5, beta: 0.69, simulation: 59"
[1] "n sub: 10, n images per sub: 1, sigma^2: 2, beta: 0.69, simulation: 60"
[1] "n sub: 10, n images per sub: 1, sigma^2: 1, beta: 0.69, simulation: 60"
[1] "n sub: 10, n images per sub: 1, sigma^2: 0.5, beta: 0.69, simulation: 60"
[1] "n sub: 10, n images per sub: 1, sigma^2: 2, beta: 0.69, simulation: 61"
[1] "n sub: 10, n images per sub: 1, sigma^2: 1, beta: 0.69, simulation: 61"
[1] "n sub: 10, n images per sub: 1, sigma^2: 0.5, beta: 0.69, simulation: 61"
[1] "n sub: 10, n images per sub: 1, sigma^2: 2, beta: 0.69, simulation: 62"
[1] "n sub: 10, n images per sub: 1, sigma^2: 1, beta: 0.69, simulation: 62"
[1] "n sub: 10, n images per sub: 1, sigma^2: 0.5, beta: 0.69, simulation: 62"
[1] "n sub: 10, n images per sub: 1, sigma^2: 2, beta: 0.69, simulation: 63"
[1] "n sub: 10, n images per sub: 1, sigma^2: 1, beta: 0.69, simulation: 63"
[1] "n sub: 10, n images per sub: 1, sigma^2: 0.5, beta: 0.69, simulation: 63"
[1] "n sub: 10, n images per sub: 1, sigma^2: 2, beta: 0.69, simulation: 64"
[1] "n sub: 10, n images per sub: 1, sigma^2: 1, beta: 0.69, simulation: 64"
[1] "n sub: 10, n images per sub: 1, sigma^2: 0.5, beta: 0.69, simulation: 64"
[1] "n sub: 10, n images per sub: 1, sigma^2: 2, beta: 0.69, simulation: 65"
[1] "n sub: 10, n images per sub: 1, sigma^2: 1, beta: 0.69, simulation: 65"
[1] "n sub: 10, n images per sub: 1, sigma^2: 0.5, beta: 0.69, simulation: 65"
