  [1] 7021 7022 7023 7024 7025 7026 7027 7028 7029 7030 7031 7032 7033 7034 7035
 [16] 7036 7037 7038 7039 7040 7041 7042 7043 7044 7045 7046 7047 7048 7049 7050
 [31] 7051 7052 7053 7054 7055 7056 7057 7058 7059 7060 7061 7062 7063 7064 7065
 [46] 7066 7067 7068 7069 7070 7071 7072 7073 7074 7075 7076 7077 7078 7079 7080
 [61] 7081 7082 7083 7084 7085 7086 7087 7088 7089 7090 7091 7092 7093 7094 7095
 [76] 7096 7097 7098 7099 7100 7101 7102 7103 7104 7105 7106 7107 7108 7109 7110
 [91] 7111 7112 7113 7114 7115 7116 7117 7118 7119 7120 7121 7122 7123 7124 7125
[106] 7126 7127 7128 7129 7130 7131 7132 7133 7134 7135 7136 7137 7138 7139 7140
[121] 7141 7142 7143 7144 7145 7146 7147 7148 7149 7150 7151 7152 7153 7154 7155
[1] "n sub: 50, n images per sub: 1, sigma^2: 2, beta: 0.22, simulation: 41"
[1] "n sub: 50, n images per sub: 1, sigma^2: 1, beta: 0.22, simulation: 41"
[1] "n sub: 50, n images per sub: 1, sigma^2: 0.5, beta: 0.22, simulation: 41"
[1] "n sub: 50, n images per sub: 1, sigma^2: 2, beta: 0.22, simulation: 42"
[1] "n sub: 50, n images per sub: 1, sigma^2: 1, beta: 0.22, simulation: 42"
[1] "n sub: 50, n images per sub: 1, sigma^2: 0.5, beta: 0.22, simulation: 42"
[1] "n sub: 50, n images per sub: 1, sigma^2: 2, beta: 0.22, simulation: 43"
[1] "n sub: 50, n images per sub: 1, sigma^2: 1, beta: 0.22, simulation: 43"
[1] "n sub: 50, n images per sub: 1, sigma^2: 0.5, beta: 0.22, simulation: 43"
[1] "n sub: 50, n images per sub: 1, sigma^2: 2, beta: 0.22, simulation: 44"
[1] "n sub: 50, n images per sub: 1, sigma^2: 1, beta: 0.22, simulation: 44"
[1] "n sub: 50, n images per sub: 1, sigma^2: 0.5, beta: 0.22, simulation: 44"
[1] "n sub: 50, n images per sub: 1, sigma^2: 2, beta: 0.22, simulation: 45"
[1] "n sub: 50, n images per sub: 1, sigma^2: 1, beta: 0.22, simulation: 45"
[1] "n sub: 50, n images per sub: 1, sigma^2: 0.5, beta: 0.22, simulation: 45"
[1] "n sub: 50, n images per sub: 1, sigma^2: 2, beta: 0.22, simulation: 46"
[1] "n sub: 50, n images per sub: 1, sigma^2: 1, beta: 0.22, simulation: 46"
[1] "n sub: 50, n images per sub: 1, sigma^2: 0.5, beta: 0.22, simulation: 46"
[1] "n sub: 50, n images per sub: 1, sigma^2: 2, beta: 0.22, simulation: 47"
[1] "n sub: 50, n images per sub: 1, sigma^2: 1, beta: 0.22, simulation: 47"
[1] "n sub: 50, n images per sub: 1, sigma^2: 0.5, beta: 0.22, simulation: 47"
[1] "n sub: 50, n images per sub: 1, sigma^2: 2, beta: 0.22, simulation: 48"
[1] "n sub: 50, n images per sub: 1, sigma^2: 1, beta: 0.22, simulation: 48"
[1] "n sub: 50, n images per sub: 1, sigma^2: 0.5, beta: 0.22, simulation: 48"
[1] "n sub: 50, n images per sub: 1, sigma^2: 2, beta: 0.22, simulation: 49"
[1] "n sub: 50, n images per sub: 1, sigma^2: 1, beta: 0.22, simulation: 49"
[1] "n sub: 50, n images per sub: 1, sigma^2: 0.5, beta: 0.22, simulation: 49"
[1] "n sub: 50, n images per sub: 1, sigma^2: 2, beta: 0.22, simulation: 50"
[1] "n sub: 50, n images per sub: 1, sigma^2: 1, beta: 0.22, simulation: 50"
[1] "n sub: 50, n images per sub: 1, sigma^2: 0.5, beta: 0.22, simulation: 50"
[1] "n sub: 50, n images per sub: 1, sigma^2: 2, beta: 0.22, simulation: 51"
[1] "n sub: 50, n images per sub: 1, sigma^2: 1, beta: 0.22, simulation: 51"
[1] "n sub: 50, n images per sub: 1, sigma^2: 0.5, beta: 0.22, simulation: 51"
[1] "n sub: 50, n images per sub: 1, sigma^2: 2, beta: 0.22, simulation: 52"
[1] "n sub: 50, n images per sub: 1, sigma^2: 1, beta: 0.22, simulation: 52"
[1] "n sub: 50, n images per sub: 1, sigma^2: 0.5, beta: 0.22, simulation: 52"
[1] "n sub: 50, n images per sub: 1, sigma^2: 2, beta: 0.22, simulation: 53"
[1] "n sub: 50, n images per sub: 1, sigma^2: 1, beta: 0.22, simulation: 53"
[1] "n sub: 50, n images per sub: 1, sigma^2: 0.5, beta: 0.22, simulation: 53"
[1] "n sub: 50, n images per sub: 1, sigma^2: 2, beta: 0.22, simulation: 54"
[1] "n sub: 50, n images per sub: 1, sigma^2: 1, beta: 0.22, simulation: 54"
[1] "n sub: 50, n images per sub: 1, sigma^2: 0.5, beta: 0.22, simulation: 54"
[1] "n sub: 50, n images per sub: 1, sigma^2: 2, beta: 0.22, simulation: 55"
[1] "n sub: 50, n images per sub: 1, sigma^2: 1, beta: 0.22, simulation: 55"
[1] "n sub: 50, n images per sub: 1, sigma^2: 0.5, beta: 0.22, simulation: 55"
[1] "n sub: 50, n images per sub: 1, sigma^2: 2, beta: 0.22, simulation: 56"
[1] "n sub: 50, n images per sub: 1, sigma^2: 1, beta: 0.22, simulation: 56"
[1] "n sub: 50, n images per sub: 1, sigma^2: 0.5, beta: 0.22, simulation: 56"
[1] "n sub: 50, n images per sub: 1, sigma^2: 2, beta: 0.22, simulation: 57"
[1] "n sub: 50, n images per sub: 1, sigma^2: 1, beta: 0.22, simulation: 57"
[1] "n sub: 50, n images per sub: 1, sigma^2: 0.5, beta: 0.22, simulation: 57"
[1] "n sub: 50, n images per sub: 1, sigma^2: 2, beta: 0.22, simulation: 58"
[1] "n sub: 50, n images per sub: 1, sigma^2: 1, beta: 0.22, simulation: 58"
[1] "n sub: 50, n images per sub: 1, sigma^2: 0.5, beta: 0.22, simulation: 58"
[1] "n sub: 50, n images per sub: 1, sigma^2: 2, beta: 0.22, simulation: 59"
[1] "n sub: 50, n images per sub: 1, sigma^2: 1, beta: 0.22, simulation: 59"
[1] "n sub: 50, n images per sub: 1, sigma^2: 0.5, beta: 0.22, simulation: 59"
[1] "n sub: 50, n images per sub: 1, sigma^2: 2, beta: 0.22, simulation: 60"
[1] "n sub: 50, n images per sub: 1, sigma^2: 1, beta: 0.22, simulation: 60"
[1] "n sub: 50, n images per sub: 1, sigma^2: 0.5, beta: 0.22, simulation: 60"
[1] "n sub: 50, n images per sub: 1, sigma^2: 2, beta: 0.22, simulation: 61"
[1] "n sub: 50, n images per sub: 1, sigma^2: 1, beta: 0.22, simulation: 61"
[1] "n sub: 50, n images per sub: 1, sigma^2: 0.5, beta: 0.22, simulation: 61"
[1] "n sub: 50, n images per sub: 1, sigma^2: 2, beta: 0.22, simulation: 62"
[1] "n sub: 50, n images per sub: 1, sigma^2: 1, beta: 0.22, simulation: 62"
[1] "n sub: 50, n images per sub: 1, sigma^2: 0.5, beta: 0.22, simulation: 62"
[1] "n sub: 50, n images per sub: 1, sigma^2: 2, beta: 0.22, simulation: 63"
[1] "n sub: 50, n images per sub: 1, sigma^2: 1, beta: 0.22, simulation: 63"
[1] "n sub: 50, n images per sub: 1, sigma^2: 0.5, beta: 0.22, simulation: 63"
[1] "n sub: 50, n images per sub: 1, sigma^2: 2, beta: 0.22, simulation: 64"
[1] "n sub: 50, n images per sub: 1, sigma^2: 1, beta: 0.22, simulation: 64"
[1] "n sub: 50, n images per sub: 1, sigma^2: 0.5, beta: 0.22, simulation: 64"
[1] "n sub: 50, n images per sub: 1, sigma^2: 2, beta: 0.22, simulation: 65"
[1] "n sub: 50, n images per sub: 1, sigma^2: 1, beta: 0.22, simulation: 65"
[1] "n sub: 50, n images per sub: 1, sigma^2: 0.5, beta: 0.22, simulation: 65"
[1] "n sub: 50, n images per sub: 1, sigma^2: 2, beta: 0.22, simulation: 66"
[1] "n sub: 50, n images per sub: 1, sigma^2: 1, beta: 0.22, simulation: 66"
[1] "n sub: 50, n images per sub: 1, sigma^2: 0.5, beta: 0.22, simulation: 66"
[1] "n sub: 50, n images per sub: 1, sigma^2: 2, beta: 0.22, simulation: 67"
[1] "n sub: 50, n images per sub: 1, sigma^2: 1, beta: 0.22, simulation: 67"
[1] "n sub: 50, n images per sub: 1, sigma^2: 0.5, beta: 0.22, simulation: 67"
[1] "n sub: 50, n images per sub: 1, sigma^2: 2, beta: 0.22, simulation: 68"
[1] "n sub: 50, n images per sub: 1, sigma^2: 1, beta: 0.22, simulation: 68"
[1] "n sub: 50, n images per sub: 1, sigma^2: 0.5, beta: 0.22, simulation: 68"
[1] "n sub: 50, n images per sub: 1, sigma^2: 2, beta: 0.22, simulation: 69"
[1] "n sub: 50, n images per sub: 1, sigma^2: 1, beta: 0.22, simulation: 69"
[1] "n sub: 50, n images per sub: 1, sigma^2: 0.5, beta: 0.22, simulation: 69"
[1] "n sub: 50, n images per sub: 1, sigma^2: 2, beta: 0.22, simulation: 70"
[1] "n sub: 50, n images per sub: 1, sigma^2: 1, beta: 0.22, simulation: 70"
[1] "n sub: 50, n images per sub: 1, sigma^2: 0.5, beta: 0.22, simulation: 70"
[1] "n sub: 50, n images per sub: 1, sigma^2: 2, beta: 0.22, simulation: 71"
[1] "n sub: 50, n images per sub: 1, sigma^2: 1, beta: 0.22, simulation: 71"
[1] "n sub: 50, n images per sub: 1, sigma^2: 0.5, beta: 0.22, simulation: 71"
[1] "n sub: 50, n images per sub: 1, sigma^2: 2, beta: 0.22, simulation: 72"
[1] "n sub: 50, n images per sub: 1, sigma^2: 1, beta: 0.22, simulation: 72"
[1] "n sub: 50, n images per sub: 1, sigma^2: 0.5, beta: 0.22, simulation: 72"
[1] "n sub: 50, n images per sub: 1, sigma^2: 2, beta: 0.22, simulation: 73"
[1] "n sub: 50, n images per sub: 1, sigma^2: 1, beta: 0.22, simulation: 73"
[1] "n sub: 50, n images per sub: 1, sigma^2: 0.5, beta: 0.22, simulation: 73"
[1] "n sub: 50, n images per sub: 1, sigma^2: 2, beta: 0.22, simulation: 74"
[1] "n sub: 50, n images per sub: 1, sigma^2: 1, beta: 0.22, simulation: 74"
[1] "n sub: 50, n images per sub: 1, sigma^2: 0.5, beta: 0.22, simulation: 74"
[1] "n sub: 50, n images per sub: 1, sigma^2: 2, beta: 0.22, simulation: 75"
[1] "n sub: 50, n images per sub: 1, sigma^2: 1, beta: 0.22, simulation: 75"
[1] "n sub: 50, n images per sub: 1, sigma^2: 0.5, beta: 0.22, simulation: 75"
[1] "n sub: 50, n images per sub: 1, sigma^2: 2, beta: 0.22, simulation: 76"
[1] "n sub: 50, n images per sub: 1, sigma^2: 1, beta: 0.22, simulation: 76"
[1] "n sub: 50, n images per sub: 1, sigma^2: 0.5, beta: 0.22, simulation: 76"
[1] "n sub: 50, n images per sub: 1, sigma^2: 2, beta: 0.22, simulation: 77"
[1] "n sub: 50, n images per sub: 1, sigma^2: 1, beta: 0.22, simulation: 77"
[1] "n sub: 50, n images per sub: 1, sigma^2: 0.5, beta: 0.22, simulation: 77"
[1] "n sub: 50, n images per sub: 1, sigma^2: 2, beta: 0.22, simulation: 78"
[1] "n sub: 50, n images per sub: 1, sigma^2: 1, beta: 0.22, simulation: 78"
[1] "n sub: 50, n images per sub: 1, sigma^2: 0.5, beta: 0.22, simulation: 78"
[1] "n sub: 50, n images per sub: 1, sigma^2: 2, beta: 0.22, simulation: 79"
[1] "n sub: 50, n images per sub: 1, sigma^2: 1, beta: 0.22, simulation: 79"
[1] "n sub: 50, n images per sub: 1, sigma^2: 0.5, beta: 0.22, simulation: 79"
[1] "n sub: 50, n images per sub: 1, sigma^2: 2, beta: 0.22, simulation: 80"
[1] "n sub: 50, n images per sub: 1, sigma^2: 1, beta: 0.22, simulation: 80"
[1] "n sub: 50, n images per sub: 1, sigma^2: 0.5, beta: 0.22, simulation: 80"
[1] "n sub: 50, n images per sub: 1, sigma^2: 2, beta: 0.22, simulation: 81"
[1] "n sub: 50, n images per sub: 1, sigma^2: 1, beta: 0.22, simulation: 81"
[1] "n sub: 50, n images per sub: 1, sigma^2: 0.5, beta: 0.22, simulation: 81"
[1] "n sub: 50, n images per sub: 1, sigma^2: 2, beta: 0.22, simulation: 82"
[1] "n sub: 50, n images per sub: 1, sigma^2: 1, beta: 0.22, simulation: 82"
[1] "n sub: 50, n images per sub: 1, sigma^2: 0.5, beta: 0.22, simulation: 82"
[1] "n sub: 50, n images per sub: 1, sigma^2: 2, beta: 0.22, simulation: 83"
[1] "n sub: 50, n images per sub: 1, sigma^2: 1, beta: 0.22, simulation: 83"
[1] "n sub: 50, n images per sub: 1, sigma^2: 0.5, beta: 0.22, simulation: 83"
[1] "n sub: 50, n images per sub: 1, sigma^2: 2, beta: 0.22, simulation: 84"
[1] "n sub: 50, n images per sub: 1, sigma^2: 1, beta: 0.22, simulation: 84"
[1] "n sub: 50, n images per sub: 1, sigma^2: 0.5, beta: 0.22, simulation: 84"
[1] "n sub: 50, n images per sub: 1, sigma^2: 2, beta: 0.22, simulation: 85"
[1] "n sub: 50, n images per sub: 1, sigma^2: 1, beta: 0.22, simulation: 85"
[1] "n sub: 50, n images per sub: 1, sigma^2: 0.5, beta: 0.22, simulation: 85"
