 [1] 12205 12206 12207 12208 12209 12210 12211 12212 12213 12214 12215 12216
[13] 12217 12218 12219 12220 12221 12222 12223 12224 12225 12226 12227 12228
[25] 12229 12230 12231 12232 12233 12234 12235 12236 12237 12238 12239 12240
[37] 12241 12242 12243 12244 12245 12246 12247 12248 12249 12250 12251 12252
[49] 12253 12254 12255 12256 12257 12258
[1] "n sub: 30, n images per sub: 5, sigma^2: 0.5, beta: 0, simulation: 69"
[1] "n sub: 30, n images per sub: 5, sigma^2: 1, beta: 0, simulation: 69"
[1] "n sub: 30, n images per sub: 5, sigma^2: 2, beta: 0, simulation: 69"
[1] "n sub: 30, n images per sub: 5, sigma^2: 0.5, beta: 0, simulation: 70"
[1] "n sub: 30, n images per sub: 5, sigma^2: 2, beta: 0, simulation: 70"
[1] "n sub: 30, n images per sub: 5, sigma^2: 1, beta: 0, simulation: 70"
[1] "n sub: 30, n images per sub: 5, sigma^2: 0.5, beta: 0, simulation: 71"
[1] "n sub: 30, n images per sub: 5, sigma^2: 1, beta: 0, simulation: 71"
[1] "n sub: 30, n images per sub: 5, sigma^2: 2, beta: 0, simulation: 71"
[1] "n sub: 30, n images per sub: 5, sigma^2: 0.5, beta: 0, simulation: 72"
[1] "n sub: 30, n images per sub: 5, sigma^2: 1, beta: 0, simulation: 72"
[1] "n sub: 30, n images per sub: 5, sigma^2: 2, beta: 0, simulation: 72"
[1] "n sub: 30, n images per sub: 5, sigma^2: 0.5, beta: 0, simulation: 73"
[1] "n sub: 30, n images per sub: 5, sigma^2: 1, beta: 0, simulation: 73"
[1] "n sub: 30, n images per sub: 5, sigma^2: 2, beta: 0, simulation: 73"
[1] "n sub: 30, n images per sub: 5, sigma^2: 0.5, beta: 0, simulation: 74"
[1] "n sub: 30, n images per sub: 5, sigma^2: 1, beta: 0, simulation: 74"
[1] "n sub: 30, n images per sub: 5, sigma^2: 2, beta: 0, simulation: 74"
[1] "n sub: 30, n images per sub: 5, sigma^2: 0.5, beta: 0, simulation: 75"
[1] "n sub: 30, n images per sub: 5, sigma^2: 1, beta: 0, simulation: 75"
[1] "n sub: 30, n images per sub: 5, sigma^2: 2, beta: 0, simulation: 75"
[1] "n sub: 30, n images per sub: 5, sigma^2: 0.5, beta: 0, simulation: 76"
[1] "n sub: 30, n images per sub: 5, sigma^2: 2, beta: 0, simulation: 76"
[1] "n sub: 30, n images per sub: 5, sigma^2: 1, beta: 0, simulation: 76"
[1] "n sub: 30, n images per sub: 5, sigma^2: 0.5, beta: 0, simulation: 77"
[1] "n sub: 30, n images per sub: 5, sigma^2: 1, beta: 0, simulation: 77"
[1] "n sub: 30, n images per sub: 5, sigma^2: 2, beta: 0, simulation: 77"
[1] "n sub: 30, n images per sub: 5, sigma^2: 0.5, beta: 0, simulation: 78"
[1] "n sub: 30, n images per sub: 5, sigma^2: 2, beta: 0, simulation: 78"
[1] "n sub: 30, n images per sub: 5, sigma^2: 1, beta: 0, simulation: 78"
[1] "n sub: 30, n images per sub: 5, sigma^2: 0.5, beta: 0, simulation: 79"
[1] "n sub: 30, n images per sub: 5, sigma^2: 2, beta: 0, simulation: 79"
[1] "n sub: 30, n images per sub: 5, sigma^2: 1, beta: 0, simulation: 79"
[1] "n sub: 30, n images per sub: 5, sigma^2: 0.5, beta: 0, simulation: 80"
[1] "n sub: 30, n images per sub: 5, sigma^2: 2, beta: 0, simulation: 80"
[1] "n sub: 30, n images per sub: 5, sigma^2: 1, beta: 0, simulation: 80"
[1] "n sub: 30, n images per sub: 5, sigma^2: 0.5, beta: 0, simulation: 81"
[1] "n sub: 30, n images per sub: 5, sigma^2: 2, beta: 0, simulation: 81"
[1] "n sub: 30, n images per sub: 5, sigma^2: 1, beta: 0, simulation: 81"
[1] "n sub: 30, n images per sub: 5, sigma^2: 0.5, beta: 0, simulation: 82"
[1] "n sub: 30, n images per sub: 5, sigma^2: 2, beta: 0, simulation: 82"
[1] "n sub: 30, n images per sub: 5, sigma^2: 1, beta: 0, simulation: 82"
[1] "n sub: 30, n images per sub: 5, sigma^2: 0.5, beta: 0, simulation: 83"
[1] "n sub: 30, n images per sub: 5, sigma^2: 2, beta: 0, simulation: 83"
[1] "n sub: 30, n images per sub: 5, sigma^2: 1, beta: 0, simulation: 83"
[1] "n sub: 30, n images per sub: 5, sigma^2: 0.5, beta: 0, simulation: 84"
[1] "n sub: 30, n images per sub: 5, sigma^2: 1, beta: 0, simulation: 84"
[1] "n sub: 30, n images per sub: 5, sigma^2: 2, beta: 0, simulation: 84"
[1] "n sub: 30, n images per sub: 5, sigma^2: 0.5, beta: 0, simulation: 85"
[1] "n sub: 30, n images per sub: 5, sigma^2: 1, beta: 0, simulation: 85"
[1] "n sub: 30, n images per sub: 5, sigma^2: 2, beta: 0, simulation: 85"
[1] "n sub: 30, n images per sub: 5, sigma^2: 0.5, beta: 0, simulation: 86"
[1] "n sub: 30, n images per sub: 5, sigma^2: 1, beta: 0, simulation: 86"
[1] "n sub: 30, n images per sub: 5, sigma^2: 2, beta: 0, simulation: 86"
