 [1] 11557 11558 11559 11560 11561 11562 11563 11564 11565 11566 11567 11568
[13] 11569 11570 11571 11572 11573 11574 11575 11576 11577 11578 11579 11580
[25] 11581 11582 11583 11584 11585 11586 11587 11588 11589 11590 11591 11592
[37] 11593 11594 11595 11596 11597 11598 11599 11600 11601 11602 11603 11604
[49] 11605 11606 11607 11608 11609 11610
[1] "n sub: 30, n images per sub: 5, sigma^2: 0.5, beta: -0.41, simulation: 53"
[1] "n sub: 30, n images per sub: 5, sigma^2: 2, beta: -0.41, simulation: 53"
[1] "n sub: 30, n images per sub: 5, sigma^2: 1, beta: -0.41, simulation: 53"
[1] "n sub: 30, n images per sub: 5, sigma^2: 2, beta: -0.41, simulation: 54"
[1] "n sub: 30, n images per sub: 5, sigma^2: 1, beta: -0.41, simulation: 54"
[1] "n sub: 30, n images per sub: 5, sigma^2: 0.5, beta: -0.41, simulation: 54"
[1] "n sub: 30, n images per sub: 5, sigma^2: 2, beta: -0.41, simulation: 55"
[1] "n sub: 30, n images per sub: 5, sigma^2: 0.5, beta: -0.41, simulation: 55"
[1] "n sub: 30, n images per sub: 5, sigma^2: 1, beta: -0.41, simulation: 55"
[1] "n sub: 30, n images per sub: 5, sigma^2: 2, beta: -0.41, simulation: 56"
[1] "n sub: 30, n images per sub: 5, sigma^2: 1, beta: -0.41, simulation: 56"
[1] "n sub: 30, n images per sub: 5, sigma^2: 0.5, beta: -0.41, simulation: 56"
[1] "n sub: 30, n images per sub: 5, sigma^2: 2, beta: -0.41, simulation: 57"
[1] "n sub: 30, n images per sub: 5, sigma^2: 1, beta: -0.41, simulation: 57"
[1] "n sub: 30, n images per sub: 5, sigma^2: 0.5, beta: -0.41, simulation: 57"
[1] "n sub: 30, n images per sub: 5, sigma^2: 2, beta: -0.41, simulation: 58"
[1] "n sub: 30, n images per sub: 5, sigma^2: 1, beta: -0.41, simulation: 58"
[1] "n sub: 30, n images per sub: 5, sigma^2: 0.5, beta: -0.41, simulation: 58"
[1] "n sub: 30, n images per sub: 5, sigma^2: 2, beta: -0.41, simulation: 59"
[1] "n sub: 30, n images per sub: 5, sigma^2: 1, beta: -0.41, simulation: 59"
[1] "n sub: 30, n images per sub: 5, sigma^2: 0.5, beta: -0.41, simulation: 59"
[1] "n sub: 30, n images per sub: 5, sigma^2: 2, beta: -0.41, simulation: 60"
[1] "n sub: 30, n images per sub: 5, sigma^2: 1, beta: -0.41, simulation: 60"
[1] "n sub: 30, n images per sub: 5, sigma^2: 0.5, beta: -0.41, simulation: 60"
[1] "n sub: 30, n images per sub: 5, sigma^2: 2, beta: -0.41, simulation: 61"
[1] "n sub: 30, n images per sub: 5, sigma^2: 1, beta: -0.41, simulation: 61"
[1] "n sub: 30, n images per sub: 5, sigma^2: 0.5, beta: -0.41, simulation: 61"
[1] "n sub: 30, n images per sub: 5, sigma^2: 0.5, beta: -0.41, simulation: 62"
[1] "n sub: 30, n images per sub: 5, sigma^2: 1, beta: -0.41, simulation: 62"
[1] "n sub: 30, n images per sub: 5, sigma^2: 2, beta: -0.41, simulation: 62"
[1] "n sub: 30, n images per sub: 5, sigma^2: 0.5, beta: -0.41, simulation: 63"
[1] "n sub: 30, n images per sub: 5, sigma^2: 1, beta: -0.41, simulation: 63"
[1] "n sub: 30, n images per sub: 5, sigma^2: 2, beta: -0.41, simulation: 63"
[1] "n sub: 30, n images per sub: 5, sigma^2: 0.5, beta: -0.41, simulation: 64"
[1] "n sub: 30, n images per sub: 5, sigma^2: 1, beta: -0.41, simulation: 64"
[1] "n sub: 30, n images per sub: 5, sigma^2: 2, beta: -0.41, simulation: 64"
[1] "n sub: 30, n images per sub: 5, sigma^2: 0.5, beta: -0.41, simulation: 65"
[1] "n sub: 30, n images per sub: 5, sigma^2: 2, beta: -0.41, simulation: 65"
[1] "n sub: 30, n images per sub: 5, sigma^2: 1, beta: -0.41, simulation: 65"
[1] "n sub: 30, n images per sub: 5, sigma^2: 0.5, beta: -0.41, simulation: 66"
[1] "n sub: 30, n images per sub: 5, sigma^2: 1, beta: -0.41, simulation: 66"
[1] "n sub: 30, n images per sub: 5, sigma^2: 2, beta: -0.41, simulation: 66"
[1] "n sub: 30, n images per sub: 5, sigma^2: 0.5, beta: -0.41, simulation: 67"
[1] "n sub: 30, n images per sub: 5, sigma^2: 1, beta: -0.41, simulation: 67"
[1] "n sub: 30, n images per sub: 5, sigma^2: 2, beta: -0.41, simulation: 67"
[1] "n sub: 30, n images per sub: 5, sigma^2: 0.5, beta: -0.41, simulation: 68"
[1] "n sub: 30, n images per sub: 5, sigma^2: 1, beta: -0.41, simulation: 68"
[1] "n sub: 30, n images per sub: 5, sigma^2: 2, beta: -0.41, simulation: 68"
[1] "n sub: 30, n images per sub: 5, sigma^2: 0.5, beta: -0.41, simulation: 69"
[1] "n sub: 30, n images per sub: 5, sigma^2: 1, beta: -0.41, simulation: 69"
[1] "n sub: 30, n images per sub: 5, sigma^2: 2, beta: -0.41, simulation: 69"
[1] "n sub: 30, n images per sub: 5, sigma^2: 0.5, beta: -0.41, simulation: 70"
[1] "n sub: 30, n images per sub: 5, sigma^2: 1, beta: -0.41, simulation: 70"
[1] "n sub: 30, n images per sub: 5, sigma^2: 2, beta: -0.41, simulation: 70"
