 [1] 12907 12908 12909 12910 12911 12912 12913 12914 12915 12916 12917 12918
[13] 12919 12920 12921 12922 12923 12924 12925 12926 12927 12928 12929 12930
[25] 12931 12932 12933 12934 12935 12936 12937 12938 12939 12940 12941 12942
[37] 12943 12944 12945 12946 12947 12948 12949 12950 12951 12952 12953 12954
[49] 12955 12956 12957 12958 12959 12960
[1] "n sub: 30, n images per sub: 5, sigma^2: 2, beta: 0.69, simulation: 3"
[1] "n sub: 30, n images per sub: 5, sigma^2: 1, beta: 0.69, simulation: 3"
[1] "n sub: 30, n images per sub: 5, sigma^2: 0.5, beta: 0.69, simulation: 3"
[1] "n sub: 30, n images per sub: 5, sigma^2: 2, beta: 0.69, simulation: 4"
[1] "n sub: 30, n images per sub: 5, sigma^2: 1, beta: 0.69, simulation: 4"
[1] "n sub: 30, n images per sub: 5, sigma^2: 0.5, beta: 0.69, simulation: 4"
[1] "n sub: 30, n images per sub: 5, sigma^2: 2, beta: 0.69, simulation: 5"
[1] "n sub: 30, n images per sub: 5, sigma^2: 1, beta: 0.69, simulation: 5"
[1] "n sub: 30, n images per sub: 5, sigma^2: 0.5, beta: 0.69, simulation: 5"
[1] "n sub: 30, n images per sub: 5, sigma^2: 2, beta: 0.69, simulation: 6"
[1] "n sub: 30, n images per sub: 5, sigma^2: 1, beta: 0.69, simulation: 6"
[1] "n sub: 30, n images per sub: 5, sigma^2: 0.5, beta: 0.69, simulation: 6"
[1] "n sub: 30, n images per sub: 5, sigma^2: 2, beta: 0.69, simulation: 7"
[1] "n sub: 30, n images per sub: 5, sigma^2: 1, beta: 0.69, simulation: 7"
[1] "n sub: 30, n images per sub: 5, sigma^2: 0.5, beta: 0.69, simulation: 7"
[1] "n sub: 30, n images per sub: 5, sigma^2: 2, beta: 0.69, simulation: 8"
[1] "n sub: 30, n images per sub: 5, sigma^2: 1, beta: 0.69, simulation: 8"
[1] "n sub: 30, n images per sub: 5, sigma^2: 0.5, beta: 0.69, simulation: 8"
[1] "n sub: 30, n images per sub: 5, sigma^2: 2, beta: 0.69, simulation: 9"
[1] "n sub: 30, n images per sub: 5, sigma^2: 1, beta: 0.69, simulation: 9"
[1] "n sub: 30, n images per sub: 5, sigma^2: 0.5, beta: 0.69, simulation: 9"
[1] "n sub: 30, n images per sub: 5, sigma^2: 2, beta: 0.69, simulation: 10"
[1] "n sub: 30, n images per sub: 5, sigma^2: 1, beta: 0.69, simulation: 10"
[1] "n sub: 30, n images per sub: 5, sigma^2: 0.5, beta: 0.69, simulation: 10"
[1] "n sub: 30, n images per sub: 5, sigma^2: 2, beta: 0.69, simulation: 11"
[1] "n sub: 30, n images per sub: 5, sigma^2: 1, beta: 0.69, simulation: 11"
[1] "n sub: 30, n images per sub: 5, sigma^2: 0.5, beta: 0.69, simulation: 11"
[1] "n sub: 30, n images per sub: 5, sigma^2: 2, beta: 0.69, simulation: 12"
[1] "n sub: 30, n images per sub: 5, sigma^2: 1, beta: 0.69, simulation: 12"
[1] "n sub: 30, n images per sub: 5, sigma^2: 0.5, beta: 0.69, simulation: 12"
[1] "n sub: 30, n images per sub: 5, sigma^2: 2, beta: 0.69, simulation: 13"
[1] "n sub: 30, n images per sub: 5, sigma^2: 1, beta: 0.69, simulation: 13"
[1] "n sub: 30, n images per sub: 5, sigma^2: 0.5, beta: 0.69, simulation: 13"
[1] "n sub: 30, n images per sub: 5, sigma^2: 2, beta: 0.69, simulation: 14"
[1] "n sub: 30, n images per sub: 5, sigma^2: 1, beta: 0.69, simulation: 14"
[1] "n sub: 30, n images per sub: 5, sigma^2: 0.5, beta: 0.69, simulation: 14"
[1] "n sub: 30, n images per sub: 5, sigma^2: 2, beta: 0.69, simulation: 15"
[1] "n sub: 30, n images per sub: 5, sigma^2: 1, beta: 0.69, simulation: 15"
[1] "n sub: 30, n images per sub: 5, sigma^2: 0.5, beta: 0.69, simulation: 15"
[1] "n sub: 30, n images per sub: 5, sigma^2: 2, beta: 0.69, simulation: 16"
[1] "n sub: 30, n images per sub: 5, sigma^2: 1, beta: 0.69, simulation: 16"
[1] "n sub: 30, n images per sub: 5, sigma^2: 0.5, beta: 0.69, simulation: 16"
[1] "n sub: 30, n images per sub: 5, sigma^2: 2, beta: 0.69, simulation: 17"
[1] "n sub: 30, n images per sub: 5, sigma^2: 1, beta: 0.69, simulation: 17"
[1] "n sub: 30, n images per sub: 5, sigma^2: 0.5, beta: 0.69, simulation: 17"
[1] "n sub: 30, n images per sub: 5, sigma^2: 2, beta: 0.69, simulation: 18"
[1] "n sub: 30, n images per sub: 5, sigma^2: 1, beta: 0.69, simulation: 18"
[1] "n sub: 30, n images per sub: 5, sigma^2: 0.5, beta: 0.69, simulation: 18"
[1] "n sub: 30, n images per sub: 5, sigma^2: 2, beta: 0.69, simulation: 19"
[1] "n sub: 30, n images per sub: 5, sigma^2: 1, beta: 0.69, simulation: 19"
[1] "n sub: 30, n images per sub: 5, sigma^2: 0.5, beta: 0.69, simulation: 19"
[1] "n sub: 30, n images per sub: 5, sigma^2: 1, beta: 0.69, simulation: 20"
[1] "n sub: 30, n images per sub: 5, sigma^2: 2, beta: 0.69, simulation: 20"
[1] "n sub: 30, n images per sub: 5, sigma^2: 0.5, beta: 0.69, simulation: 20"
