  [1]  946  947  948  949  950  951  952  953  954  955  956  957  958  959  960
 [16]  961  962  963  964  965  966  967  968  969  970  971  972  973  974  975
 [31]  976  977  978  979  980  981  982  983  984  985  986  987  988  989  990
 [46]  991  992  993  994  995  996  997  998  999 1000 1001 1002 1003 1004 1005
 [61] 1006 1007 1008 1009 1010 1011 1012 1013 1014 1015 1016 1017 1018 1019 1020
 [76] 1021 1022 1023 1024 1025 1026 1027 1028 1029 1030 1031 1032 1033 1034 1035
 [91] 1036 1037 1038 1039 1040 1041 1042 1043 1044 1045 1046 1047 1048 1049 1050
[106] 1051 1052 1053 1054 1055 1056 1057 1058 1059 1060 1061 1062 1063 1064 1065
[121] 1066 1067 1068 1069 1070 1071 1072 1073 1074 1075 1076 1077 1078 1079 1080
[1] "n sub: 10, n images per sub: 1, sigma^2: 2, beta: -0.22, simulation: 16"
[1] "n sub: 10, n images per sub: 1, sigma^2: 1, beta: -0.22, simulation: 16"
[1] "n sub: 10, n images per sub: 1, sigma^2: 0.5, beta: -0.22, simulation: 16"
[1] "n sub: 10, n images per sub: 1, sigma^2: 2, beta: -0.22, simulation: 17"
[1] "n sub: 10, n images per sub: 1, sigma^2: 1, beta: -0.22, simulation: 17"
[1] "n sub: 10, n images per sub: 1, sigma^2: 0.5, beta: -0.22, simulation: 17"
[1] "n sub: 10, n images per sub: 1, sigma^2: 2, beta: -0.22, simulation: 18"
[1] "n sub: 10, n images per sub: 1, sigma^2: 1, beta: -0.22, simulation: 18"
[1] "n sub: 10, n images per sub: 1, sigma^2: 0.5, beta: -0.22, simulation: 18"
[1] "n sub: 10, n images per sub: 1, sigma^2: 2, beta: -0.22, simulation: 19"
[1] "n sub: 10, n images per sub: 1, sigma^2: 1, beta: -0.22, simulation: 19"
[1] "n sub: 10, n images per sub: 1, sigma^2: 0.5, beta: -0.22, simulation: 19"
[1] "n sub: 10, n images per sub: 1, sigma^2: 2, beta: -0.22, simulation: 20"
[1] "n sub: 10, n images per sub: 1, sigma^2: 1, beta: -0.22, simulation: 20"
[1] "n sub: 10, n images per sub: 1, sigma^2: 0.5, beta: -0.22, simulation: 20"
[1] "n sub: 10, n images per sub: 1, sigma^2: 2, beta: -0.22, simulation: 21"
[1] "n sub: 10, n images per sub: 1, sigma^2: 1, beta: -0.22, simulation: 21"
[1] "n sub: 10, n images per sub: 1, sigma^2: 0.5, beta: -0.22, simulation: 21"
[1] "n sub: 10, n images per sub: 1, sigma^2: 2, beta: -0.22, simulation: 22"
[1] "n sub: 10, n images per sub: 1, sigma^2: 1, beta: -0.22, simulation: 22"
[1] "n sub: 10, n images per sub: 1, sigma^2: 0.5, beta: -0.22, simulation: 22"
[1] "n sub: 10, n images per sub: 1, sigma^2: 2, beta: -0.22, simulation: 23"
[1] "n sub: 10, n images per sub: 1, sigma^2: 1, beta: -0.22, simulation: 23"
[1] "n sub: 10, n images per sub: 1, sigma^2: 0.5, beta: -0.22, simulation: 23"
[1] "n sub: 10, n images per sub: 1, sigma^2: 2, beta: -0.22, simulation: 24"
[1] "n sub: 10, n images per sub: 1, sigma^2: 1, beta: -0.22, simulation: 24"
[1] "n sub: 10, n images per sub: 1, sigma^2: 0.5, beta: -0.22, simulation: 24"
[1] "n sub: 10, n images per sub: 1, sigma^2: 2, beta: -0.22, simulation: 25"
[1] "n sub: 10, n images per sub: 1, sigma^2: 1, beta: -0.22, simulation: 25"
[1] "n sub: 10, n images per sub: 1, sigma^2: 0.5, beta: -0.22, simulation: 25"
[1] "n sub: 10, n images per sub: 1, sigma^2: 2, beta: -0.22, simulation: 26"
[1] "n sub: 10, n images per sub: 1, sigma^2: 1, beta: -0.22, simulation: 26"
[1] "n sub: 10, n images per sub: 1, sigma^2: 0.5, beta: -0.22, simulation: 26"
[1] "n sub: 10, n images per sub: 1, sigma^2: 2, beta: -0.22, simulation: 27"
[1] "n sub: 10, n images per sub: 1, sigma^2: 1, beta: -0.22, simulation: 27"
[1] "n sub: 10, n images per sub: 1, sigma^2: 0.5, beta: -0.22, simulation: 27"
[1] "n sub: 10, n images per sub: 1, sigma^2: 2, beta: -0.22, simulation: 28"
[1] "n sub: 10, n images per sub: 1, sigma^2: 1, beta: -0.22, simulation: 28"
[1] "n sub: 10, n images per sub: 1, sigma^2: 0.5, beta: -0.22, simulation: 28"
[1] "n sub: 10, n images per sub: 1, sigma^2: 2, beta: -0.22, simulation: 29"
[1] "n sub: 10, n images per sub: 1, sigma^2: 1, beta: -0.22, simulation: 29"
[1] "n sub: 10, n images per sub: 1, sigma^2: 0.5, beta: -0.22, simulation: 29"
[1] "n sub: 10, n images per sub: 1, sigma^2: 2, beta: -0.22, simulation: 30"
[1] "n sub: 10, n images per sub: 1, sigma^2: 1, beta: -0.22, simulation: 30"
[1] "n sub: 10, n images per sub: 1, sigma^2: 0.5, beta: -0.22, simulation: 30"
[1] "n sub: 10, n images per sub: 1, sigma^2: 2, beta: -0.22, simulation: 31"
[1] "n sub: 10, n images per sub: 1, sigma^2: 1, beta: -0.22, simulation: 31"
[1] "n sub: 10, n images per sub: 1, sigma^2: 0.5, beta: -0.22, simulation: 31"
[1] "n sub: 10, n images per sub: 1, sigma^2: 2, beta: -0.22, simulation: 32"
[1] "n sub: 10, n images per sub: 1, sigma^2: 1, beta: -0.22, simulation: 32"
[1] "n sub: 10, n images per sub: 1, sigma^2: 0.5, beta: -0.22, simulation: 32"
[1] "n sub: 10, n images per sub: 1, sigma^2: 2, beta: -0.22, simulation: 33"
[1] "n sub: 10, n images per sub: 1, sigma^2: 1, beta: -0.22, simulation: 33"
[1] "n sub: 10, n images per sub: 1, sigma^2: 0.5, beta: -0.22, simulation: 33"
[1] "n sub: 10, n images per sub: 1, sigma^2: 2, beta: -0.22, simulation: 34"
[1] "n sub: 10, n images per sub: 1, sigma^2: 1, beta: -0.22, simulation: 34"
[1] "n sub: 10, n images per sub: 1, sigma^2: 0.5, beta: -0.22, simulation: 34"
[1] "n sub: 10, n images per sub: 1, sigma^2: 2, beta: -0.22, simulation: 35"
[1] "n sub: 10, n images per sub: 1, sigma^2: 1, beta: -0.22, simulation: 35"
[1] "n sub: 10, n images per sub: 1, sigma^2: 0.5, beta: -0.22, simulation: 35"
[1] "n sub: 10, n images per sub: 1, sigma^2: 2, beta: -0.22, simulation: 36"
[1] "n sub: 10, n images per sub: 1, sigma^2: 1, beta: -0.22, simulation: 36"
[1] "n sub: 10, n images per sub: 1, sigma^2: 0.5, beta: -0.22, simulation: 36"
[1] "n sub: 10, n images per sub: 1, sigma^2: 2, beta: -0.22, simulation: 37"
[1] "n sub: 10, n images per sub: 1, sigma^2: 1, beta: -0.22, simulation: 37"
[1] "n sub: 10, n images per sub: 1, sigma^2: 0.5, beta: -0.22, simulation: 37"
[1] "n sub: 10, n images per sub: 1, sigma^2: 2, beta: -0.22, simulation: 38"
[1] "n sub: 10, n images per sub: 1, sigma^2: 1, beta: -0.22, simulation: 38"
[1] "n sub: 10, n images per sub: 1, sigma^2: 0.5, beta: -0.22, simulation: 38"
[1] "n sub: 10, n images per sub: 1, sigma^2: 2, beta: -0.22, simulation: 39"
[1] "n sub: 10, n images per sub: 1, sigma^2: 1, beta: -0.22, simulation: 39"
[1] "n sub: 10, n images per sub: 1, sigma^2: 0.5, beta: -0.22, simulation: 39"
[1] "n sub: 10, n images per sub: 1, sigma^2: 2, beta: -0.22, simulation: 40"
[1] "n sub: 10, n images per sub: 1, sigma^2: 1, beta: -0.22, simulation: 40"
[1] "n sub: 10, n images per sub: 1, sigma^2: 0.5, beta: -0.22, simulation: 40"
[1] "n sub: 10, n images per sub: 1, sigma^2: 2, beta: -0.22, simulation: 41"
[1] "n sub: 10, n images per sub: 1, sigma^2: 1, beta: -0.22, simulation: 41"
[1] "n sub: 10, n images per sub: 1, sigma^2: 0.5, beta: -0.22, simulation: 41"
[1] "n sub: 10, n images per sub: 1, sigma^2: 2, beta: -0.22, simulation: 42"
[1] "n sub: 10, n images per sub: 1, sigma^2: 0.5, beta: -0.22, simulation: 42"
[1] "n sub: 10, n images per sub: 1, sigma^2: 1, beta: -0.22, simulation: 42"
[1] "n sub: 10, n images per sub: 1, sigma^2: 2, beta: -0.22, simulation: 43"
[1] "n sub: 10, n images per sub: 1, sigma^2: 0.5, beta: -0.22, simulation: 43"
[1] "n sub: 10, n images per sub: 1, sigma^2: 1, beta: -0.22, simulation: 43"
[1] "n sub: 10, n images per sub: 1, sigma^2: 2, beta: -0.22, simulation: 44"
[1] "n sub: 10, n images per sub: 1, sigma^2: 0.5, beta: -0.22, simulation: 44"
[1] "n sub: 10, n images per sub: 1, sigma^2: 1, beta: -0.22, simulation: 44"
[1] "n sub: 10, n images per sub: 1, sigma^2: 2, beta: -0.22, simulation: 45"
[1] "n sub: 10, n images per sub: 1, sigma^2: 0.5, beta: -0.22, simulation: 45"
[1] "n sub: 10, n images per sub: 1, sigma^2: 1, beta: -0.22, simulation: 45"
[1] "n sub: 10, n images per sub: 1, sigma^2: 2, beta: -0.22, simulation: 46"
[1] "n sub: 10, n images per sub: 1, sigma^2: 0.5, beta: -0.22, simulation: 46"
[1] "n sub: 10, n images per sub: 1, sigma^2: 1, beta: -0.22, simulation: 46"
[1] "n sub: 10, n images per sub: 1, sigma^2: 2, beta: -0.22, simulation: 47"
[1] "n sub: 10, n images per sub: 1, sigma^2: 0.5, beta: -0.22, simulation: 47"
[1] "n sub: 10, n images per sub: 1, sigma^2: 1, beta: -0.22, simulation: 47"
[1] "n sub: 10, n images per sub: 1, sigma^2: 2, beta: -0.22, simulation: 48"
[1] "n sub: 10, n images per sub: 1, sigma^2: 0.5, beta: -0.22, simulation: 48"
[1] "n sub: 10, n images per sub: 1, sigma^2: 1, beta: -0.22, simulation: 48"
[1] "n sub: 10, n images per sub: 1, sigma^2: 2, beta: -0.22, simulation: 49"
[1] "n sub: 10, n images per sub: 1, sigma^2: 0.5, beta: -0.22, simulation: 49"
[1] "n sub: 10, n images per sub: 1, sigma^2: 1, beta: -0.22, simulation: 49"
[1] "n sub: 10, n images per sub: 1, sigma^2: 2, beta: -0.22, simulation: 50"
[1] "n sub: 10, n images per sub: 1, sigma^2: 0.5, beta: -0.22, simulation: 50"
[1] "n sub: 10, n images per sub: 1, sigma^2: 1, beta: -0.22, simulation: 50"
[1] "n sub: 10, n images per sub: 1, sigma^2: 2, beta: -0.22, simulation: 51"
[1] "n sub: 10, n images per sub: 1, sigma^2: 1, beta: -0.22, simulation: 51"
[1] "n sub: 10, n images per sub: 1, sigma^2: 0.5, beta: -0.22, simulation: 51"
[1] "n sub: 10, n images per sub: 1, sigma^2: 2, beta: -0.22, simulation: 52"
[1] "n sub: 10, n images per sub: 1, sigma^2: 1, beta: -0.22, simulation: 52"
[1] "n sub: 10, n images per sub: 1, sigma^2: 0.5, beta: -0.22, simulation: 52"
[1] "n sub: 10, n images per sub: 1, sigma^2: 2, beta: -0.22, simulation: 53"
[1] "n sub: 10, n images per sub: 1, sigma^2: 1, beta: -0.22, simulation: 53"
[1] "n sub: 10, n images per sub: 1, sigma^2: 0.5, beta: -0.22, simulation: 53"
[1] "n sub: 10, n images per sub: 1, sigma^2: 2, beta: -0.22, simulation: 54"
[1] "n sub: 10, n images per sub: 1, sigma^2: 1, beta: -0.22, simulation: 54"
[1] "n sub: 10, n images per sub: 1, sigma^2: 0.5, beta: -0.22, simulation: 54"
[1] "n sub: 10, n images per sub: 1, sigma^2: 2, beta: -0.22, simulation: 55"
[1] "n sub: 10, n images per sub: 1, sigma^2: 1, beta: -0.22, simulation: 55"
[1] "n sub: 10, n images per sub: 1, sigma^2: 0.5, beta: -0.22, simulation: 55"
[1] "n sub: 10, n images per sub: 1, sigma^2: 2, beta: -0.22, simulation: 56"
[1] "n sub: 10, n images per sub: 1, sigma^2: 1, beta: -0.22, simulation: 56"
[1] "n sub: 10, n images per sub: 1, sigma^2: 0.5, beta: -0.22, simulation: 56"
[1] "n sub: 10, n images per sub: 1, sigma^2: 2, beta: -0.22, simulation: 57"
[1] "n sub: 10, n images per sub: 1, sigma^2: 1, beta: -0.22, simulation: 57"
[1] "n sub: 10, n images per sub: 1, sigma^2: 0.5, beta: -0.22, simulation: 57"
[1] "n sub: 10, n images per sub: 1, sigma^2: 2, beta: -0.22, simulation: 58"
[1] "n sub: 10, n images per sub: 1, sigma^2: 1, beta: -0.22, simulation: 58"
[1] "n sub: 10, n images per sub: 1, sigma^2: 0.5, beta: -0.22, simulation: 58"
[1] "n sub: 10, n images per sub: 1, sigma^2: 2, beta: -0.22, simulation: 59"
[1] "n sub: 10, n images per sub: 1, sigma^2: 1, beta: -0.22, simulation: 59"
[1] "n sub: 10, n images per sub: 1, sigma^2: 0.5, beta: -0.22, simulation: 59"
[1] "n sub: 10, n images per sub: 1, sigma^2: 2, beta: -0.22, simulation: 60"
[1] "n sub: 10, n images per sub: 1, sigma^2: 1, beta: -0.22, simulation: 60"
[1] "n sub: 10, n images per sub: 1, sigma^2: 0.5, beta: -0.22, simulation: 60"
