  [1] 271 272 273 274 275 276 277 278 279 280 281 282 283 284 285 286 287 288
 [19] 289 290 291 292 293 294 295 296 297 298 299 300 301 302 303 304 305 306
 [37] 307 308 309 310 311 312 313 314 315 316 317 318 319 320 321 322 323 324
 [55] 325 326 327 328 329 330 331 332 333 334 335 336 337 338 339 340 341 342
 [73] 343 344 345 346 347 348 349 350 351 352 353 354 355 356 357 358 359 360
 [91] 361 362 363 364 365 366 367 368 369 370 371 372 373 374 375 376 377 378
[109] 379 380 381 382 383 384 385 386 387 388 389 390 391 392 393 394 395 396
[127] 397 398 399 400 401 402 403 404 405
[1] "n sub: 10, n images per sub: 1, sigma^2: 2, beta: -1.1, simulation: 91"
[1] "n sub: 10, n images per sub: 1, sigma^2: 1, beta: -1.1, simulation: 91"
[1] "n sub: 10, n images per sub: 1, sigma^2: 0.5, beta: -1.1, simulation: 91"
[1] "n sub: 10, n images per sub: 1, sigma^2: 2, beta: -1.1, simulation: 92"
[1] "n sub: 10, n images per sub: 1, sigma^2: 1, beta: -1.1, simulation: 92"
[1] "n sub: 10, n images per sub: 1, sigma^2: 0.5, beta: -1.1, simulation: 92"
[1] "n sub: 10, n images per sub: 1, sigma^2: 2, beta: -1.1, simulation: 93"
[1] "n sub: 10, n images per sub: 1, sigma^2: 1, beta: -1.1, simulation: 93"
[1] "n sub: 10, n images per sub: 1, sigma^2: 0.5, beta: -1.1, simulation: 93"
[1] "n sub: 10, n images per sub: 1, sigma^2: 2, beta: -1.1, simulation: 94"
[1] "n sub: 10, n images per sub: 1, sigma^2: 1, beta: -1.1, simulation: 94"
[1] "n sub: 10, n images per sub: 1, sigma^2: 0.5, beta: -1.1, simulation: 94"
[1] "n sub: 10, n images per sub: 1, sigma^2: 2, beta: -1.1, simulation: 95"
[1] "n sub: 10, n images per sub: 1, sigma^2: 1, beta: -1.1, simulation: 95"
[1] "n sub: 10, n images per sub: 1, sigma^2: 0.5, beta: -1.1, simulation: 95"
[1] "n sub: 10, n images per sub: 1, sigma^2: 2, beta: -1.1, simulation: 96"
[1] "n sub: 10, n images per sub: 1, sigma^2: 1, beta: -1.1, simulation: 96"
[1] "n sub: 10, n images per sub: 1, sigma^2: 0.5, beta: -1.1, simulation: 96"
[1] "n sub: 10, n images per sub: 1, sigma^2: 2, beta: -1.1, simulation: 97"
[1] "n sub: 10, n images per sub: 1, sigma^2: 1, beta: -1.1, simulation: 97"
[1] "n sub: 10, n images per sub: 1, sigma^2: 0.5, beta: -1.1, simulation: 97"
[1] "n sub: 10, n images per sub: 1, sigma^2: 2, beta: -1.1, simulation: 98"
[1] "n sub: 10, n images per sub: 1, sigma^2: 1, beta: -1.1, simulation: 98"
[1] "n sub: 10, n images per sub: 1, sigma^2: 0.5, beta: -1.1, simulation: 98"
[1] "n sub: 10, n images per sub: 1, sigma^2: 2, beta: -1.1, simulation: 99"
[1] "n sub: 10, n images per sub: 1, sigma^2: 1, beta: -1.1, simulation: 99"
[1] "n sub: 10, n images per sub: 1, sigma^2: 0.5, beta: -1.1, simulation: 99"
[1] "n sub: 10, n images per sub: 1, sigma^2: 2, beta: -1.1, simulation: 100"
[1] "n sub: 10, n images per sub: 1, sigma^2: 1, beta: -1.1, simulation: 100"
[1] "n sub: 10, n images per sub: 1, sigma^2: 0.5, beta: -1.1, simulation: 100"
[1] "n sub: 10, n images per sub: 1, sigma^2: 2, beta: -0.69, simulation: 1"
[1] "n sub: 10, n images per sub: 1, sigma^2: 0.5, beta: -0.69, simulation: 1"
[1] "n sub: 10, n images per sub: 1, sigma^2: 1, beta: -0.69, simulation: 1"
[1] "n sub: 10, n images per sub: 1, sigma^2: 2, beta: -0.69, simulation: 2"
[1] "n sub: 10, n images per sub: 1, sigma^2: 0.5, beta: -0.69, simulation: 2"
[1] "n sub: 10, n images per sub: 1, sigma^2: 1, beta: -0.69, simulation: 2"
[1] "n sub: 10, n images per sub: 1, sigma^2: 2, beta: -0.69, simulation: 3"
[1] "n sub: 10, n images per sub: 1, sigma^2: 1, beta: -0.69, simulation: 3"
[1] "n sub: 10, n images per sub: 1, sigma^2: 0.5, beta: -0.69, simulation: 3"
[1] "n sub: 10, n images per sub: 1, sigma^2: 2, beta: -0.69, simulation: 4"
[1] "n sub: 10, n images per sub: 1, sigma^2: 1, beta: -0.69, simulation: 4"
[1] "n sub: 10, n images per sub: 1, sigma^2: 0.5, beta: -0.69, simulation: 4"
[1] "n sub: 10, n images per sub: 1, sigma^2: 2, beta: -0.69, simulation: 5"
[1] "n sub: 10, n images per sub: 1, sigma^2: 1, beta: -0.69, simulation: 5"
[1] "n sub: 10, n images per sub: 1, sigma^2: 0.5, beta: -0.69, simulation: 5"
[1] "n sub: 10, n images per sub: 1, sigma^2: 2, beta: -0.69, simulation: 6"
[1] "n sub: 10, n images per sub: 1, sigma^2: 1, beta: -0.69, simulation: 6"
[1] "n sub: 10, n images per sub: 1, sigma^2: 0.5, beta: -0.69, simulation: 6"
[1] "n sub: 10, n images per sub: 1, sigma^2: 2, beta: -0.69, simulation: 7"
[1] "n sub: 10, n images per sub: 1, sigma^2: 1, beta: -0.69, simulation: 7"
[1] "n sub: 10, n images per sub: 1, sigma^2: 0.5, beta: -0.69, simulation: 7"
[1] "n sub: 10, n images per sub: 1, sigma^2: 2, beta: -0.69, simulation: 8"
[1] "n sub: 10, n images per sub: 1, sigma^2: 1, beta: -0.69, simulation: 8"
[1] "n sub: 10, n images per sub: 1, sigma^2: 0.5, beta: -0.69, simulation: 8"
[1] "n sub: 10, n images per sub: 1, sigma^2: 2, beta: -0.69, simulation: 9"
[1] "n sub: 10, n images per sub: 1, sigma^2: 1, beta: -0.69, simulation: 9"
[1] "n sub: 10, n images per sub: 1, sigma^2: 0.5, beta: -0.69, simulation: 9"
[1] "n sub: 10, n images per sub: 1, sigma^2: 2, beta: -0.69, simulation: 10"
[1] "n sub: 10, n images per sub: 1, sigma^2: 1, beta: -0.69, simulation: 10"
[1] "n sub: 10, n images per sub: 1, sigma^2: 0.5, beta: -0.69, simulation: 10"
[1] "n sub: 10, n images per sub: 1, sigma^2: 2, beta: -0.69, simulation: 11"
[1] "n sub: 10, n images per sub: 1, sigma^2: 1, beta: -0.69, simulation: 11"
[1] "n sub: 10, n images per sub: 1, sigma^2: 0.5, beta: -0.69, simulation: 11"
[1] "n sub: 10, n images per sub: 1, sigma^2: 2, beta: -0.69, simulation: 12"
[1] "n sub: 10, n images per sub: 1, sigma^2: 1, beta: -0.69, simulation: 12"
[1] "n sub: 10, n images per sub: 1, sigma^2: 0.5, beta: -0.69, simulation: 12"
[1] "n sub: 10, n images per sub: 1, sigma^2: 2, beta: -0.69, simulation: 13"
[1] "n sub: 10, n images per sub: 1, sigma^2: 1, beta: -0.69, simulation: 13"
[1] "n sub: 10, n images per sub: 1, sigma^2: 0.5, beta: -0.69, simulation: 13"
[1] "n sub: 10, n images per sub: 1, sigma^2: 2, beta: -0.69, simulation: 14"
[1] "n sub: 10, n images per sub: 1, sigma^2: 1, beta: -0.69, simulation: 14"
[1] "n sub: 10, n images per sub: 1, sigma^2: 0.5, beta: -0.69, simulation: 14"
[1] "n sub: 10, n images per sub: 1, sigma^2: 2, beta: -0.69, simulation: 15"
[1] "n sub: 10, n images per sub: 1, sigma^2: 1, beta: -0.69, simulation: 15"
[1] "n sub: 10, n images per sub: 1, sigma^2: 0.5, beta: -0.69, simulation: 15"
[1] "n sub: 10, n images per sub: 1, sigma^2: 2, beta: -0.69, simulation: 16"
[1] "n sub: 10, n images per sub: 1, sigma^2: 1, beta: -0.69, simulation: 16"
[1] "n sub: 10, n images per sub: 1, sigma^2: 0.5, beta: -0.69, simulation: 16"
[1] "n sub: 10, n images per sub: 1, sigma^2: 2, beta: -0.69, simulation: 17"
[1] "n sub: 10, n images per sub: 1, sigma^2: 1, beta: -0.69, simulation: 17"
[1] "n sub: 10, n images per sub: 1, sigma^2: 0.5, beta: -0.69, simulation: 17"
[1] "n sub: 10, n images per sub: 1, sigma^2: 2, beta: -0.69, simulation: 18"
[1] "n sub: 10, n images per sub: 1, sigma^2: 1, beta: -0.69, simulation: 18"
[1] "n sub: 10, n images per sub: 1, sigma^2: 0.5, beta: -0.69, simulation: 18"
[1] "n sub: 10, n images per sub: 1, sigma^2: 2, beta: -0.69, simulation: 19"
[1] "n sub: 10, n images per sub: 1, sigma^2: 1, beta: -0.69, simulation: 19"
[1] "n sub: 10, n images per sub: 1, sigma^2: 0.5, beta: -0.69, simulation: 19"
[1] "n sub: 10, n images per sub: 1, sigma^2: 2, beta: -0.69, simulation: 20"
[1] "n sub: 10, n images per sub: 1, sigma^2: 1, beta: -0.69, simulation: 20"
[1] "n sub: 10, n images per sub: 1, sigma^2: 0.5, beta: -0.69, simulation: 20"
[1] "n sub: 10, n images per sub: 1, sigma^2: 2, beta: -0.69, simulation: 21"
[1] "n sub: 10, n images per sub: 1, sigma^2: 1, beta: -0.69, simulation: 21"
[1] "n sub: 10, n images per sub: 1, sigma^2: 0.5, beta: -0.69, simulation: 21"
[1] "n sub: 10, n images per sub: 1, sigma^2: 2, beta: -0.69, simulation: 22"
[1] "n sub: 10, n images per sub: 1, sigma^2: 1, beta: -0.69, simulation: 22"
[1] "n sub: 10, n images per sub: 1, sigma^2: 0.5, beta: -0.69, simulation: 22"
[1] "n sub: 10, n images per sub: 1, sigma^2: 2, beta: -0.69, simulation: 23"
[1] "n sub: 10, n images per sub: 1, sigma^2: 1, beta: -0.69, simulation: 23"
[1] "n sub: 10, n images per sub: 1, sigma^2: 0.5, beta: -0.69, simulation: 23"
[1] "n sub: 10, n images per sub: 1, sigma^2: 2, beta: -0.69, simulation: 24"
[1] "n sub: 10, n images per sub: 1, sigma^2: 1, beta: -0.69, simulation: 24"
[1] "n sub: 10, n images per sub: 1, sigma^2: 0.5, beta: -0.69, simulation: 24"
[1] "n sub: 10, n images per sub: 1, sigma^2: 2, beta: -0.69, simulation: 25"
[1] "n sub: 10, n images per sub: 1, sigma^2: 1, beta: -0.69, simulation: 25"
[1] "n sub: 10, n images per sub: 1, sigma^2: 0.5, beta: -0.69, simulation: 25"
[1] "n sub: 10, n images per sub: 1, sigma^2: 2, beta: -0.69, simulation: 26"
[1] "n sub: 10, n images per sub: 1, sigma^2: 1, beta: -0.69, simulation: 26"
[1] "n sub: 10, n images per sub: 1, sigma^2: 0.5, beta: -0.69, simulation: 26"
[1] "n sub: 10, n images per sub: 1, sigma^2: 2, beta: -0.69, simulation: 27"
[1] "n sub: 10, n images per sub: 1, sigma^2: 1, beta: -0.69, simulation: 27"
[1] "n sub: 10, n images per sub: 1, sigma^2: 0.5, beta: -0.69, simulation: 27"
[1] "n sub: 10, n images per sub: 1, sigma^2: 2, beta: -0.69, simulation: 28"
[1] "n sub: 10, n images per sub: 1, sigma^2: 1, beta: -0.69, simulation: 28"
[1] "n sub: 10, n images per sub: 1, sigma^2: 0.5, beta: -0.69, simulation: 28"
[1] "n sub: 10, n images per sub: 1, sigma^2: 2, beta: -0.69, simulation: 29"
[1] "n sub: 10, n images per sub: 1, sigma^2: 1, beta: -0.69, simulation: 29"
[1] "n sub: 10, n images per sub: 1, sigma^2: 0.5, beta: -0.69, simulation: 29"
[1] "n sub: 10, n images per sub: 1, sigma^2: 2, beta: -0.69, simulation: 30"
[1] "n sub: 10, n images per sub: 1, sigma^2: 1, beta: -0.69, simulation: 30"
[1] "n sub: 10, n images per sub: 1, sigma^2: 0.5, beta: -0.69, simulation: 30"
[1] "n sub: 10, n images per sub: 1, sigma^2: 2, beta: -0.69, simulation: 31"
[1] "n sub: 10, n images per sub: 1, sigma^2: 1, beta: -0.69, simulation: 31"
[1] "n sub: 10, n images per sub: 1, sigma^2: 0.5, beta: -0.69, simulation: 31"
[1] "n sub: 10, n images per sub: 1, sigma^2: 2, beta: -0.69, simulation: 32"
[1] "n sub: 10, n images per sub: 1, sigma^2: 1, beta: -0.69, simulation: 32"
[1] "n sub: 10, n images per sub: 1, sigma^2: 0.5, beta: -0.69, simulation: 32"
[1] "n sub: 10, n images per sub: 1, sigma^2: 2, beta: -0.69, simulation: 33"
[1] "n sub: 10, n images per sub: 1, sigma^2: 1, beta: -0.69, simulation: 33"
[1] "n sub: 10, n images per sub: 1, sigma^2: 0.5, beta: -0.69, simulation: 33"
[1] "n sub: 10, n images per sub: 1, sigma^2: 2, beta: -0.69, simulation: 34"
[1] "n sub: 10, n images per sub: 1, sigma^2: 1, beta: -0.69, simulation: 34"
[1] "n sub: 10, n images per sub: 1, sigma^2: 0.5, beta: -0.69, simulation: 34"
[1] "n sub: 10, n images per sub: 1, sigma^2: 2, beta: -0.69, simulation: 35"
[1] "n sub: 10, n images per sub: 1, sigma^2: 1, beta: -0.69, simulation: 35"
[1] "n sub: 10, n images per sub: 1, sigma^2: 0.5, beta: -0.69, simulation: 35"
