  [1] 6751 6752 6753 6754 6755 6756 6757 6758 6759 6760 6761 6762 6763 6764 6765
 [16] 6766 6767 6768 6769 6770 6771 6772 6773 6774 6775 6776 6777 6778 6779 6780
 [31] 6781 6782 6783 6784 6785 6786 6787 6788 6789 6790 6791 6792 6793 6794 6795
 [46] 6796 6797 6798 6799 6800 6801 6802 6803 6804 6805 6806 6807 6808 6809 6810
 [61] 6811 6812 6813 6814 6815 6816 6817 6818 6819 6820 6821 6822 6823 6824 6825
 [76] 6826 6827 6828 6829 6830 6831 6832 6833 6834 6835 6836 6837 6838 6839 6840
 [91] 6841 6842 6843 6844 6845 6846 6847 6848 6849 6850 6851 6852 6853 6854 6855
[106] 6856 6857 6858 6859 6860 6861 6862 6863 6864 6865 6866 6867 6868 6869 6870
[121] 6871 6872 6873 6874 6875 6876 6877 6878 6879 6880 6881 6882 6883 6884 6885
[1] "n sub: 50, n images per sub: 1, sigma^2: 0.5, beta: 0, simulation: 51"
[1] "n sub: 50, n images per sub: 1, sigma^2: 1, beta: 0, simulation: 51"
[1] "n sub: 50, n images per sub: 1, sigma^2: 2, beta: 0, simulation: 51"
[1] "n sub: 50, n images per sub: 1, sigma^2: 0.5, beta: 0, simulation: 52"
[1] "n sub: 50, n images per sub: 1, sigma^2: 2, beta: 0, simulation: 52"
[1] "n sub: 50, n images per sub: 1, sigma^2: 1, beta: 0, simulation: 52"
[1] "n sub: 50, n images per sub: 1, sigma^2: 0.5, beta: 0, simulation: 53"
[1] "n sub: 50, n images per sub: 1, sigma^2: 2, beta: 0, simulation: 53"
[1] "n sub: 50, n images per sub: 1, sigma^2: 1, beta: 0, simulation: 53"
[1] "n sub: 50, n images per sub: 1, sigma^2: 0.5, beta: 0, simulation: 54"
[1] "n sub: 50, n images per sub: 1, sigma^2: 2, beta: 0, simulation: 54"
[1] "n sub: 50, n images per sub: 1, sigma^2: 1, beta: 0, simulation: 54"
[1] "n sub: 50, n images per sub: 1, sigma^2: 0.5, beta: 0, simulation: 55"
[1] "n sub: 50, n images per sub: 1, sigma^2: 2, beta: 0, simulation: 55"
[1] "n sub: 50, n images per sub: 1, sigma^2: 1, beta: 0, simulation: 55"
[1] "n sub: 50, n images per sub: 1, sigma^2: 0.5, beta: 0, simulation: 56"
[1] "n sub: 50, n images per sub: 1, sigma^2: 2, beta: 0, simulation: 56"
[1] "n sub: 50, n images per sub: 1, sigma^2: 1, beta: 0, simulation: 56"
[1] "n sub: 50, n images per sub: 1, sigma^2: 0.5, beta: 0, simulation: 57"
[1] "n sub: 50, n images per sub: 1, sigma^2: 2, beta: 0, simulation: 57"
[1] "n sub: 50, n images per sub: 1, sigma^2: 1, beta: 0, simulation: 57"
[1] "n sub: 50, n images per sub: 1, sigma^2: 0.5, beta: 0, simulation: 58"
[1] "n sub: 50, n images per sub: 1, sigma^2: 2, beta: 0, simulation: 58"
[1] "n sub: 50, n images per sub: 1, sigma^2: 1, beta: 0, simulation: 58"
[1] "n sub: 50, n images per sub: 1, sigma^2: 0.5, beta: 0, simulation: 59"
[1] "n sub: 50, n images per sub: 1, sigma^2: 2, beta: 0, simulation: 59"
[1] "n sub: 50, n images per sub: 1, sigma^2: 1, beta: 0, simulation: 59"
[1] "n sub: 50, n images per sub: 1, sigma^2: 0.5, beta: 0, simulation: 60"
[1] "n sub: 50, n images per sub: 1, sigma^2: 2, beta: 0, simulation: 60"
[1] "n sub: 50, n images per sub: 1, sigma^2: 1, beta: 0, simulation: 60"
[1] "n sub: 50, n images per sub: 1, sigma^2: 0.5, beta: 0, simulation: 61"
[1] "n sub: 50, n images per sub: 1, sigma^2: 2, beta: 0, simulation: 61"
[1] "n sub: 50, n images per sub: 1, sigma^2: 1, beta: 0, simulation: 61"
[1] "n sub: 50, n images per sub: 1, sigma^2: 1, beta: 0, simulation: 62"
[1] "n sub: 50, n images per sub: 1, sigma^2: 0.5, beta: 0, simulation: 62"
[1] "n sub: 50, n images per sub: 1, sigma^2: 2, beta: 0, simulation: 62"
[1] "n sub: 50, n images per sub: 1, sigma^2: 1, beta: 0, simulation: 63"
[1] "n sub: 50, n images per sub: 1, sigma^2: 0.5, beta: 0, simulation: 63"
[1] "n sub: 50, n images per sub: 1, sigma^2: 2, beta: 0, simulation: 63"
[1] "n sub: 50, n images per sub: 1, sigma^2: 1, beta: 0, simulation: 64"
[1] "n sub: 50, n images per sub: 1, sigma^2: 0.5, beta: 0, simulation: 64"
[1] "n sub: 50, n images per sub: 1, sigma^2: 2, beta: 0, simulation: 64"
[1] "n sub: 50, n images per sub: 1, sigma^2: 1, beta: 0, simulation: 65"
[1] "n sub: 50, n images per sub: 1, sigma^2: 0.5, beta: 0, simulation: 65"
[1] "n sub: 50, n images per sub: 1, sigma^2: 2, beta: 0, simulation: 65"
[1] "n sub: 50, n images per sub: 1, sigma^2: 1, beta: 0, simulation: 66"
[1] "n sub: 50, n images per sub: 1, sigma^2: 0.5, beta: 0, simulation: 66"
[1] "n sub: 50, n images per sub: 1, sigma^2: 2, beta: 0, simulation: 66"
[1] "n sub: 50, n images per sub: 1, sigma^2: 1, beta: 0, simulation: 67"
[1] "n sub: 50, n images per sub: 1, sigma^2: 0.5, beta: 0, simulation: 67"
[1] "n sub: 50, n images per sub: 1, sigma^2: 2, beta: 0, simulation: 67"
[1] "n sub: 50, n images per sub: 1, sigma^2: 1, beta: 0, simulation: 68"
[1] "n sub: 50, n images per sub: 1, sigma^2: 0.5, beta: 0, simulation: 68"
[1] "n sub: 50, n images per sub: 1, sigma^2: 2, beta: 0, simulation: 68"
[1] "n sub: 50, n images per sub: 1, sigma^2: 1, beta: 0, simulation: 69"
[1] "n sub: 50, n images per sub: 1, sigma^2: 0.5, beta: 0, simulation: 69"
[1] "n sub: 50, n images per sub: 1, sigma^2: 2, beta: 0, simulation: 69"
[1] "n sub: 50, n images per sub: 1, sigma^2: 0.5, beta: 0, simulation: 70"
[1] "n sub: 50, n images per sub: 1, sigma^2: 1, beta: 0, simulation: 70"
[1] "n sub: 50, n images per sub: 1, sigma^2: 2, beta: 0, simulation: 70"
[1] "n sub: 50, n images per sub: 1, sigma^2: 0.5, beta: 0, simulation: 71"
[1] "n sub: 50, n images per sub: 1, sigma^2: 1, beta: 0, simulation: 71"
[1] "n sub: 50, n images per sub: 1, sigma^2: 2, beta: 0, simulation: 71"
[1] "n sub: 50, n images per sub: 1, sigma^2: 0.5, beta: 0, simulation: 72"
[1] "n sub: 50, n images per sub: 1, sigma^2: 1, beta: 0, simulation: 72"
[1] "n sub: 50, n images per sub: 1, sigma^2: 2, beta: 0, simulation: 72"
[1] "n sub: 50, n images per sub: 1, sigma^2: 0.5, beta: 0, simulation: 73"
[1] "n sub: 50, n images per sub: 1, sigma^2: 2, beta: 0, simulation: 73"
[1] "n sub: 50, n images per sub: 1, sigma^2: 1, beta: 0, simulation: 73"
[1] "n sub: 50, n images per sub: 1, sigma^2: 0.5, beta: 0, simulation: 74"
[1] "n sub: 50, n images per sub: 1, sigma^2: 1, beta: 0, simulation: 74"
[1] "n sub: 50, n images per sub: 1, sigma^2: 2, beta: 0, simulation: 74"
[1] "n sub: 50, n images per sub: 1, sigma^2: 0.5, beta: 0, simulation: 75"
[1] "n sub: 50, n images per sub: 1, sigma^2: 2, beta: 0, simulation: 75"
[1] "n sub: 50, n images per sub: 1, sigma^2: 1, beta: 0, simulation: 75"
[1] "n sub: 50, n images per sub: 1, sigma^2: 0.5, beta: 0, simulation: 76"
[1] "n sub: 50, n images per sub: 1, sigma^2: 2, beta: 0, simulation: 76"
[1] "n sub: 50, n images per sub: 1, sigma^2: 1, beta: 0, simulation: 76"
[1] "n sub: 50, n images per sub: 1, sigma^2: 0.5, beta: 0, simulation: 77"
[1] "n sub: 50, n images per sub: 1, sigma^2: 2, beta: 0, simulation: 77"
[1] "n sub: 50, n images per sub: 1, sigma^2: 1, beta: 0, simulation: 77"
[1] "n sub: 50, n images per sub: 1, sigma^2: 0.5, beta: 0, simulation: 78"
[1] "n sub: 50, n images per sub: 1, sigma^2: 1, beta: 0, simulation: 78"
[1] "n sub: 50, n images per sub: 1, sigma^2: 2, beta: 0, simulation: 78"
[1] "n sub: 50, n images per sub: 1, sigma^2: 0.5, beta: 0, simulation: 79"
[1] "n sub: 50, n images per sub: 1, sigma^2: 2, beta: 0, simulation: 79"
[1] "n sub: 50, n images per sub: 1, sigma^2: 1, beta: 0, simulation: 79"
[1] "n sub: 50, n images per sub: 1, sigma^2: 0.5, beta: 0, simulation: 80"
[1] "n sub: 50, n images per sub: 1, sigma^2: 2, beta: 0, simulation: 80"
[1] "n sub: 50, n images per sub: 1, sigma^2: 1, beta: 0, simulation: 80"
[1] "n sub: 50, n images per sub: 1, sigma^2: 0.5, beta: 0, simulation: 81"
[1] "n sub: 50, n images per sub: 1, sigma^2: 2, beta: 0, simulation: 81"
[1] "n sub: 50, n images per sub: 1, sigma^2: 1, beta: 0, simulation: 81"
[1] "n sub: 50, n images per sub: 1, sigma^2: 0.5, beta: 0, simulation: 82"
[1] "n sub: 50, n images per sub: 1, sigma^2: 2, beta: 0, simulation: 82"
[1] "n sub: 50, n images per sub: 1, sigma^2: 1, beta: 0, simulation: 82"
[1] "n sub: 50, n images per sub: 1, sigma^2: 0.5, beta: 0, simulation: 83"
[1] "n sub: 50, n images per sub: 1, sigma^2: 2, beta: 0, simulation: 83"
[1] "n sub: 50, n images per sub: 1, sigma^2: 1, beta: 0, simulation: 83"
[1] "n sub: 50, n images per sub: 1, sigma^2: 0.5, beta: 0, simulation: 84"
[1] "n sub: 50, n images per sub: 1, sigma^2: 2, beta: 0, simulation: 84"
[1] "n sub: 50, n images per sub: 1, sigma^2: 1, beta: 0, simulation: 84"
[1] "n sub: 50, n images per sub: 1, sigma^2: 0.5, beta: 0, simulation: 85"
[1] "n sub: 50, n images per sub: 1, sigma^2: 2, beta: 0, simulation: 85"
[1] "n sub: 50, n images per sub: 1, sigma^2: 1, beta: 0, simulation: 85"
[1] "n sub: 50, n images per sub: 1, sigma^2: 0.5, beta: 0, simulation: 86"
[1] "n sub: 50, n images per sub: 1, sigma^2: 2, beta: 0, simulation: 86"
[1] "n sub: 50, n images per sub: 1, sigma^2: 1, beta: 0, simulation: 86"
[1] "n sub: 50, n images per sub: 1, sigma^2: 0.5, beta: 0, simulation: 87"
[1] "n sub: 50, n images per sub: 1, sigma^2: 2, beta: 0, simulation: 87"
[1] "n sub: 50, n images per sub: 1, sigma^2: 1, beta: 0, simulation: 87"
[1] "n sub: 50, n images per sub: 1, sigma^2: 0.5, beta: 0, simulation: 88"
[1] "n sub: 50, n images per sub: 1, sigma^2: 2, beta: 0, simulation: 88"
[1] "n sub: 50, n images per sub: 1, sigma^2: 1, beta: 0, simulation: 88"
[1] "n sub: 50, n images per sub: 1, sigma^2: 0.5, beta: 0, simulation: 89"
[1] "n sub: 50, n images per sub: 1, sigma^2: 2, beta: 0, simulation: 89"
[1] "n sub: 50, n images per sub: 1, sigma^2: 1, beta: 0, simulation: 89"
[1] "n sub: 50, n images per sub: 1, sigma^2: 0.5, beta: 0, simulation: 90"
[1] "n sub: 50, n images per sub: 1, sigma^2: 2, beta: 0, simulation: 90"
[1] "n sub: 50, n images per sub: 1, sigma^2: 1, beta: 0, simulation: 90"
[1] "n sub: 50, n images per sub: 1, sigma^2: 0.5, beta: 0, simulation: 91"
[1] "n sub: 50, n images per sub: 1, sigma^2: 2, beta: 0, simulation: 91"
[1] "n sub: 50, n images per sub: 1, sigma^2: 1, beta: 0, simulation: 91"
[1] "n sub: 50, n images per sub: 1, sigma^2: 0.5, beta: 0, simulation: 92"
[1] "n sub: 50, n images per sub: 1, sigma^2: 2, beta: 0, simulation: 92"
[1] "n sub: 50, n images per sub: 1, sigma^2: 1, beta: 0, simulation: 92"
[1] "n sub: 50, n images per sub: 1, sigma^2: 0.5, beta: 0, simulation: 93"
[1] "n sub: 50, n images per sub: 1, sigma^2: 2, beta: 0, simulation: 93"
[1] "n sub: 50, n images per sub: 1, sigma^2: 1, beta: 0, simulation: 93"
[1] "n sub: 50, n images per sub: 1, sigma^2: 0.5, beta: 0, simulation: 94"
[1] "n sub: 50, n images per sub: 1, sigma^2: 1, beta: 0, simulation: 94"
[1] "n sub: 50, n images per sub: 1, sigma^2: 2, beta: 0, simulation: 94"
[1] "n sub: 50, n images per sub: 1, sigma^2: 0.5, beta: 0, simulation: 95"
[1] "n sub: 50, n images per sub: 1, sigma^2: 1, beta: 0, simulation: 95"
[1] "n sub: 50, n images per sub: 1, sigma^2: 2, beta: 0, simulation: 95"
