 [1] 11395 11396 11397 11398 11399 11400 11401 11402 11403 11404 11405 11406
[13] 11407 11408 11409 11410 11411 11412 11413 11414 11415 11416 11417 11418
[25] 11419 11420 11421 11422 11423 11424 11425 11426 11427 11428 11429 11430
[37] 11431 11432 11433 11434 11435 11436 11437 11438 11439 11440 11441 11442
[49] 11443 11444 11445 11446 11447 11448
[1] "n sub: 30, n images per sub: 5, sigma^2: 2, beta: -0.69, simulation: 99"
[1] "n sub: 30, n images per sub: 5, sigma^2: 1, beta: -0.69, simulation: 99"
[1] "n sub: 30, n images per sub: 5, sigma^2: 0.5, beta: -0.69, simulation: 99"
[1] "n sub: 30, n images per sub: 5, sigma^2: 2, beta: -0.69, simulation: 100"
[1] "n sub: 30, n images per sub: 5, sigma^2: 1, beta: -0.69, simulation: 100"
[1] "n sub: 30, n images per sub: 5, sigma^2: 0.5, beta: -0.69, simulation: 100"
[1] "n sub: 30, n images per sub: 5, sigma^2: 0.5, beta: -0.41, simulation: 1"
[1] "n sub: 30, n images per sub: 5, sigma^2: 1, beta: -0.41, simulation: 1"
[1] "n sub: 30, n images per sub: 5, sigma^2: 2, beta: -0.41, simulation: 1"
[1] "n sub: 30, n images per sub: 5, sigma^2: 0.5, beta: -0.41, simulation: 2"
[1] "n sub: 30, n images per sub: 5, sigma^2: 1, beta: -0.41, simulation: 2"
[1] "n sub: 30, n images per sub: 5, sigma^2: 2, beta: -0.41, simulation: 2"
[1] "n sub: 30, n images per sub: 5, sigma^2: 0.5, beta: -0.41, simulation: 3"
[1] "n sub: 30, n images per sub: 5, sigma^2: 1, beta: -0.41, simulation: 3"
[1] "n sub: 30, n images per sub: 5, sigma^2: 2, beta: -0.41, simulation: 3"
[1] "n sub: 30, n images per sub: 5, sigma^2: 0.5, beta: -0.41, simulation: 4"
[1] "n sub: 30, n images per sub: 5, sigma^2: 1, beta: -0.41, simulation: 4"
[1] "n sub: 30, n images per sub: 5, sigma^2: 2, beta: -0.41, simulation: 4"
[1] "n sub: 30, n images per sub: 5, sigma^2: 0.5, beta: -0.41, simulation: 5"
[1] "n sub: 30, n images per sub: 5, sigma^2: 1, beta: -0.41, simulation: 5"
[1] "n sub: 30, n images per sub: 5, sigma^2: 2, beta: -0.41, simulation: 5"
[1] "n sub: 30, n images per sub: 5, sigma^2: 0.5, beta: -0.41, simulation: 6"
[1] "n sub: 30, n images per sub: 5, sigma^2: 2, beta: -0.41, simulation: 6"
[1] "n sub: 30, n images per sub: 5, sigma^2: 1, beta: -0.41, simulation: 6"
[1] "n sub: 30, n images per sub: 5, sigma^2: 0.5, beta: -0.41, simulation: 7"
[1] "n sub: 30, n images per sub: 5, sigma^2: 2, beta: -0.41, simulation: 7"
[1] "n sub: 30, n images per sub: 5, sigma^2: 1, beta: -0.41, simulation: 7"
[1] "n sub: 30, n images per sub: 5, sigma^2: 0.5, beta: -0.41, simulation: 8"
[1] "n sub: 30, n images per sub: 5, sigma^2: 2, beta: -0.41, simulation: 8"
[1] "n sub: 30, n images per sub: 5, sigma^2: 1, beta: -0.41, simulation: 8"
[1] "n sub: 30, n images per sub: 5, sigma^2: 0.5, beta: -0.41, simulation: 9"
[1] "n sub: 30, n images per sub: 5, sigma^2: 2, beta: -0.41, simulation: 9"
[1] "n sub: 30, n images per sub: 5, sigma^2: 1, beta: -0.41, simulation: 9"
[1] "n sub: 30, n images per sub: 5, sigma^2: 0.5, beta: -0.41, simulation: 10"
[1] "n sub: 30, n images per sub: 5, sigma^2: 2, beta: -0.41, simulation: 10"
[1] "n sub: 30, n images per sub: 5, sigma^2: 1, beta: -0.41, simulation: 10"
[1] "n sub: 30, n images per sub: 5, sigma^2: 0.5, beta: -0.41, simulation: 11"
[1] "n sub: 30, n images per sub: 5, sigma^2: 2, beta: -0.41, simulation: 11"
[1] "n sub: 30, n images per sub: 5, sigma^2: 1, beta: -0.41, simulation: 11"
[1] "n sub: 30, n images per sub: 5, sigma^2: 0.5, beta: -0.41, simulation: 12"
[1] "n sub: 30, n images per sub: 5, sigma^2: 2, beta: -0.41, simulation: 12"
[1] "n sub: 30, n images per sub: 5, sigma^2: 1, beta: -0.41, simulation: 12"
[1] "n sub: 30, n images per sub: 5, sigma^2: 0.5, beta: -0.41, simulation: 13"
[1] "n sub: 30, n images per sub: 5, sigma^2: 2, beta: -0.41, simulation: 13"
[1] "n sub: 30, n images per sub: 5, sigma^2: 1, beta: -0.41, simulation: 13"
[1] "n sub: 30, n images per sub: 5, sigma^2: 0.5, beta: -0.41, simulation: 14"
[1] "n sub: 30, n images per sub: 5, sigma^2: 2, beta: -0.41, simulation: 14"
[1] "n sub: 30, n images per sub: 5, sigma^2: 1, beta: -0.41, simulation: 14"
[1] "n sub: 30, n images per sub: 5, sigma^2: 0.5, beta: -0.41, simulation: 15"
[1] "n sub: 30, n images per sub: 5, sigma^2: 2, beta: -0.41, simulation: 15"
[1] "n sub: 30, n images per sub: 5, sigma^2: 1, beta: -0.41, simulation: 15"
[1] "n sub: 30, n images per sub: 5, sigma^2: 0.5, beta: -0.41, simulation: 16"
[1] "n sub: 30, n images per sub: 5, sigma^2: 2, beta: -0.41, simulation: 16"
[1] "n sub: 30, n images per sub: 5, sigma^2: 1, beta: -0.41, simulation: 16"
