 [1] 16039 16040 16041 16042 16043 16044 16045 16046 16047 16048 16049 16050
[13] 16051 16052 16053 16054 16055 16056 16057 16058 16059 16060 16061 16062
[25] 16063 16064 16065
[1] "n sub: 50, n images per sub: 5, sigma^2: 2, beta: 1.1, simulation: 47"
[1] "n sub: 50, n images per sub: 5, sigma^2: 1, beta: 1.1, simulation: 47"
[1] "n sub: 50, n images per sub: 5, sigma^2: 0.5, beta: 1.1, simulation: 47"
[1] "n sub: 50, n images per sub: 5, sigma^2: 1, beta: 1.1, simulation: 48"
[1] "n sub: 50, n images per sub: 5, sigma^2: 2, beta: 1.1, simulation: 48"
[1] "n sub: 50, n images per sub: 5, sigma^2: 0.5, beta: 1.1, simulation: 48"
[1] "n sub: 50, n images per sub: 5, sigma^2: 1, beta: 1.1, simulation: 49"
[1] "n sub: 50, n images per sub: 5, sigma^2: 2, beta: 1.1, simulation: 49"
[1] "n sub: 50, n images per sub: 5, sigma^2: 0.5, beta: 1.1, simulation: 49"
[1] "n sub: 50, n images per sub: 5, sigma^2: 2, beta: 1.1, simulation: 50"
[1] "n sub: 50, n images per sub: 5, sigma^2: 1, beta: 1.1, simulation: 50"
[1] "n sub: 50, n images per sub: 5, sigma^2: 0.5, beta: 1.1, simulation: 50"
[1] "n sub: 50, n images per sub: 5, sigma^2: 1, beta: 1.1, simulation: 51"
[1] "n sub: 50, n images per sub: 5, sigma^2: 2, beta: 1.1, simulation: 51"
[1] "n sub: 50, n images per sub: 5, sigma^2: 0.5, beta: 1.1, simulation: 51"
[1] "n sub: 50, n images per sub: 5, sigma^2: 0.5, beta: 1.1, simulation: 52"
[1] "n sub: 50, n images per sub: 5, sigma^2: 1, beta: 1.1, simulation: 52"
[1] "n sub: 50, n images per sub: 5, sigma^2: 2, beta: 1.1, simulation: 52"
[1] "n sub: 50, n images per sub: 5, sigma^2: 0.5, beta: 1.1, simulation: 53"
[1] "n sub: 50, n images per sub: 5, sigma^2: 1, beta: 1.1, simulation: 53"
[1] "n sub: 50, n images per sub: 5, sigma^2: 2, beta: 1.1, simulation: 53"
[1] "n sub: 50, n images per sub: 5, sigma^2: 0.5, beta: 1.1, simulation: 54"
[1] "n sub: 50, n images per sub: 5, sigma^2: 1, beta: 1.1, simulation: 54"
[1] "n sub: 50, n images per sub: 5, sigma^2: 2, beta: 1.1, simulation: 54"
[1] "n sub: 50, n images per sub: 5, sigma^2: 0.5, beta: 1.1, simulation: 55"
[1] "n sub: 50, n images per sub: 5, sigma^2: 1, beta: 1.1, simulation: 55"
[1] "n sub: 50, n images per sub: 5, sigma^2: 2, beta: 1.1, simulation: 55"
