  [1] 541 542 543 544 545 546 547 548 549 550 551 552 553 554 555 556 557 558
 [19] 559 560 561 562 563 564 565 566 567 568 569 570 571 572 573 574 575 576
 [37] 577 578 579 580 581 582 583 584 585 586 587 588 589 590 591 592 593 594
 [55] 595 596 597 598 599 600 601 602 603 604 605 606 607 608 609 610 611 612
 [73] 613 614 615 616 617 618 619 620 621 622 623 624 625 626 627 628 629 630
 [91] 631 632 633 634 635 636 637 638 639 640 641 642 643 644 645 646 647 648
[109] 649 650 651 652 653 654 655 656 657 658 659 660 661 662 663 664 665 666
[127] 667 668 669 670 671 672 673 674 675
[1] "n sub: 10, n images per sub: 1, sigma^2: 2, beta: -0.69, simulation: 81"
[1] "n sub: 10, n images per sub: 1, sigma^2: 0.5, beta: -0.69, simulation: 81"
[1] "n sub: 10, n images per sub: 1, sigma^2: 1, beta: -0.69, simulation: 81"
[1] "n sub: 10, n images per sub: 1, sigma^2: 2, beta: -0.69, simulation: 82"
[1] "n sub: 10, n images per sub: 1, sigma^2: 1, beta: -0.69, simulation: 82"
[1] "n sub: 10, n images per sub: 1, sigma^2: 0.5, beta: -0.69, simulation: 82"
[1] "n sub: 10, n images per sub: 1, sigma^2: 2, beta: -0.69, simulation: 83"
[1] "n sub: 10, n images per sub: 1, sigma^2: 1, beta: -0.69, simulation: 83"
[1] "n sub: 10, n images per sub: 1, sigma^2: 0.5, beta: -0.69, simulation: 83"
[1] "n sub: 10, n images per sub: 1, sigma^2: 2, beta: -0.69, simulation: 84"
[1] "n sub: 10, n images per sub: 1, sigma^2: 1, beta: -0.69, simulation: 84"
[1] "n sub: 10, n images per sub: 1, sigma^2: 0.5, beta: -0.69, simulation: 84"
[1] "n sub: 10, n images per sub: 1, sigma^2: 2, beta: -0.69, simulation: 85"
[1] "n sub: 10, n images per sub: 1, sigma^2: 1, beta: -0.69, simulation: 85"
[1] "n sub: 10, n images per sub: 1, sigma^2: 0.5, beta: -0.69, simulation: 85"
[1] "n sub: 10, n images per sub: 1, sigma^2: 2, beta: -0.69, simulation: 86"
[1] "n sub: 10, n images per sub: 1, sigma^2: 1, beta: -0.69, simulation: 86"
[1] "n sub: 10, n images per sub: 1, sigma^2: 0.5, beta: -0.69, simulation: 86"
[1] "n sub: 10, n images per sub: 1, sigma^2: 2, beta: -0.69, simulation: 87"
[1] "n sub: 10, n images per sub: 1, sigma^2: 1, beta: -0.69, simulation: 87"
[1] "n sub: 10, n images per sub: 1, sigma^2: 0.5, beta: -0.69, simulation: 87"
[1] "n sub: 10, n images per sub: 1, sigma^2: 2, beta: -0.69, simulation: 88"
[1] "n sub: 10, n images per sub: 1, sigma^2: 1, beta: -0.69, simulation: 88"
[1] "n sub: 10, n images per sub: 1, sigma^2: 0.5, beta: -0.69, simulation: 88"
[1] "n sub: 10, n images per sub: 1, sigma^2: 2, beta: -0.69, simulation: 89"
[1] "n sub: 10, n images per sub: 1, sigma^2: 1, beta: -0.69, simulation: 89"
[1] "n sub: 10, n images per sub: 1, sigma^2: 0.5, beta: -0.69, simulation: 89"
[1] "n sub: 10, n images per sub: 1, sigma^2: 2, beta: -0.69, simulation: 90"
[1] "n sub: 10, n images per sub: 1, sigma^2: 1, beta: -0.69, simulation: 90"
[1] "n sub: 10, n images per sub: 1, sigma^2: 0.5, beta: -0.69, simulation: 90"
[1] "n sub: 10, n images per sub: 1, sigma^2: 2, beta: -0.69, simulation: 91"
[1] "n sub: 10, n images per sub: 1, sigma^2: 1, beta: -0.69, simulation: 91"
[1] "n sub: 10, n images per sub: 1, sigma^2: 0.5, beta: -0.69, simulation: 91"
[1] "n sub: 10, n images per sub: 1, sigma^2: 2, beta: -0.69, simulation: 92"
[1] "n sub: 10, n images per sub: 1, sigma^2: 1, beta: -0.69, simulation: 92"
[1] "n sub: 10, n images per sub: 1, sigma^2: 0.5, beta: -0.69, simulation: 92"
[1] "n sub: 10, n images per sub: 1, sigma^2: 2, beta: -0.69, simulation: 93"
[1] "n sub: 10, n images per sub: 1, sigma^2: 1, beta: -0.69, simulation: 93"
[1] "n sub: 10, n images per sub: 1, sigma^2: 0.5, beta: -0.69, simulation: 93"
[1] "n sub: 10, n images per sub: 1, sigma^2: 2, beta: -0.69, simulation: 94"
[1] "n sub: 10, n images per sub: 1, sigma^2: 1, beta: -0.69, simulation: 94"
[1] "n sub: 10, n images per sub: 1, sigma^2: 0.5, beta: -0.69, simulation: 94"
[1] "n sub: 10, n images per sub: 1, sigma^2: 2, beta: -0.69, simulation: 95"
[1] "n sub: 10, n images per sub: 1, sigma^2: 1, beta: -0.69, simulation: 95"
[1] "n sub: 10, n images per sub: 1, sigma^2: 0.5, beta: -0.69, simulation: 95"
[1] "n sub: 10, n images per sub: 1, sigma^2: 2, beta: -0.69, simulation: 96"
[1] "n sub: 10, n images per sub: 1, sigma^2: 1, beta: -0.69, simulation: 96"
[1] "n sub: 10, n images per sub: 1, sigma^2: 0.5, beta: -0.69, simulation: 96"
[1] "n sub: 10, n images per sub: 1, sigma^2: 2, beta: -0.69, simulation: 97"
[1] "n sub: 10, n images per sub: 1, sigma^2: 1, beta: -0.69, simulation: 97"
[1] "n sub: 10, n images per sub: 1, sigma^2: 0.5, beta: -0.69, simulation: 97"
[1] "n sub: 10, n images per sub: 1, sigma^2: 2, beta: -0.69, simulation: 98"
[1] "n sub: 10, n images per sub: 1, sigma^2: 1, beta: -0.69, simulation: 98"
[1] "n sub: 10, n images per sub: 1, sigma^2: 0.5, beta: -0.69, simulation: 98"
[1] "n sub: 10, n images per sub: 1, sigma^2: 2, beta: -0.69, simulation: 99"
[1] "n sub: 10, n images per sub: 1, sigma^2: 1, beta: -0.69, simulation: 99"
[1] "n sub: 10, n images per sub: 1, sigma^2: 0.5, beta: -0.69, simulation: 99"
[1] "n sub: 10, n images per sub: 1, sigma^2: 2, beta: -0.69, simulation: 100"
[1] "n sub: 10, n images per sub: 1, sigma^2: 1, beta: -0.69, simulation: 100"
[1] "n sub: 10, n images per sub: 1, sigma^2: 0.5, beta: -0.69, simulation: 100"
[1] "n sub: 10, n images per sub: 1, sigma^2: 1, beta: -0.41, simulation: 1"
[1] "n sub: 10, n images per sub: 1, sigma^2: 0.5, beta: -0.41, simulation: 1"
[1] "n sub: 10, n images per sub: 1, sigma^2: 2, beta: -0.41, simulation: 1"
[1] "n sub: 10, n images per sub: 1, sigma^2: 1, beta: -0.41, simulation: 2"
[1] "n sub: 10, n images per sub: 1, sigma^2: 0.5, beta: -0.41, simulation: 2"
[1] "n sub: 10, n images per sub: 1, sigma^2: 2, beta: -0.41, simulation: 2"
[1] "n sub: 10, n images per sub: 1, sigma^2: 1, beta: -0.41, simulation: 3"
[1] "n sub: 10, n images per sub: 1, sigma^2: 0.5, beta: -0.41, simulation: 3"
[1] "n sub: 10, n images per sub: 1, sigma^2: 2, beta: -0.41, simulation: 3"
[1] "n sub: 10, n images per sub: 1, sigma^2: 1, beta: -0.41, simulation: 4"
[1] "n sub: 10, n images per sub: 1, sigma^2: 0.5, beta: -0.41, simulation: 4"
[1] "n sub: 10, n images per sub: 1, sigma^2: 2, beta: -0.41, simulation: 4"
[1] "n sub: 10, n images per sub: 1, sigma^2: 0.5, beta: -0.41, simulation: 5"
[1] "n sub: 10, n images per sub: 1, sigma^2: 1, beta: -0.41, simulation: 5"
[1] "n sub: 10, n images per sub: 1, sigma^2: 2, beta: -0.41, simulation: 5"
[1] "n sub: 10, n images per sub: 1, sigma^2: 0.5, beta: -0.41, simulation: 6"
[1] "n sub: 10, n images per sub: 1, sigma^2: 1, beta: -0.41, simulation: 6"
[1] "n sub: 10, n images per sub: 1, sigma^2: 2, beta: -0.41, simulation: 6"
[1] "n sub: 10, n images per sub: 1, sigma^2: 0.5, beta: -0.41, simulation: 7"
[1] "n sub: 10, n images per sub: 1, sigma^2: 1, beta: -0.41, simulation: 7"
[1] "n sub: 10, n images per sub: 1, sigma^2: 2, beta: -0.41, simulation: 7"
[1] "n sub: 10, n images per sub: 1, sigma^2: 0.5, beta: -0.41, simulation: 8"
[1] "n sub: 10, n images per sub: 1, sigma^2: 1, beta: -0.41, simulation: 8"
[1] "n sub: 10, n images per sub: 1, sigma^2: 2, beta: -0.41, simulation: 8"
[1] "n sub: 10, n images per sub: 1, sigma^2: 0.5, beta: -0.41, simulation: 9"
[1] "n sub: 10, n images per sub: 1, sigma^2: 1, beta: -0.41, simulation: 9"
[1] "n sub: 10, n images per sub: 1, sigma^2: 2, beta: -0.41, simulation: 9"
[1] "n sub: 10, n images per sub: 1, sigma^2: 0.5, beta: -0.41, simulation: 10"
[1] "n sub: 10, n images per sub: 1, sigma^2: 1, beta: -0.41, simulation: 10"
[1] "n sub: 10, n images per sub: 1, sigma^2: 2, beta: -0.41, simulation: 10"
[1] "n sub: 10, n images per sub: 1, sigma^2: 0.5, beta: -0.41, simulation: 11"
[1] "n sub: 10, n images per sub: 1, sigma^2: 1, beta: -0.41, simulation: 11"
[1] "n sub: 10, n images per sub: 1, sigma^2: 2, beta: -0.41, simulation: 11"
[1] "n sub: 10, n images per sub: 1, sigma^2: 0.5, beta: -0.41, simulation: 12"
[1] "n sub: 10, n images per sub: 1, sigma^2: 2, beta: -0.41, simulation: 12"
[1] "n sub: 10, n images per sub: 1, sigma^2: 1, beta: -0.41, simulation: 12"
[1] "n sub: 10, n images per sub: 1, sigma^2: 0.5, beta: -0.41, simulation: 13"
[1] "n sub: 10, n images per sub: 1, sigma^2: 2, beta: -0.41, simulation: 13"
[1] "n sub: 10, n images per sub: 1, sigma^2: 1, beta: -0.41, simulation: 13"
[1] "n sub: 10, n images per sub: 1, sigma^2: 0.5, beta: -0.41, simulation: 14"
[1] "n sub: 10, n images per sub: 1, sigma^2: 2, beta: -0.41, simulation: 14"
[1] "n sub: 10, n images per sub: 1, sigma^2: 1, beta: -0.41, simulation: 14"
[1] "n sub: 10, n images per sub: 1, sigma^2: 0.5, beta: -0.41, simulation: 15"
[1] "n sub: 10, n images per sub: 1, sigma^2: 1, beta: -0.41, simulation: 15"
[1] "n sub: 10, n images per sub: 1, sigma^2: 2, beta: -0.41, simulation: 15"
[1] "n sub: 10, n images per sub: 1, sigma^2: 0.5, beta: -0.41, simulation: 16"
[1] "n sub: 10, n images per sub: 1, sigma^2: 2, beta: -0.41, simulation: 16"
[1] "n sub: 10, n images per sub: 1, sigma^2: 1, beta: -0.41, simulation: 16"
[1] "n sub: 10, n images per sub: 1, sigma^2: 0.5, beta: -0.41, simulation: 17"
[1] "n sub: 10, n images per sub: 1, sigma^2: 2, beta: -0.41, simulation: 17"
[1] "n sub: 10, n images per sub: 1, sigma^2: 1, beta: -0.41, simulation: 17"
[1] "n sub: 10, n images per sub: 1, sigma^2: 0.5, beta: -0.41, simulation: 18"
[1] "n sub: 10, n images per sub: 1, sigma^2: 2, beta: -0.41, simulation: 18"
[1] "n sub: 10, n images per sub: 1, sigma^2: 1, beta: -0.41, simulation: 18"
[1] "n sub: 10, n images per sub: 1, sigma^2: 0.5, beta: -0.41, simulation: 19"
[1] "n sub: 10, n images per sub: 1, sigma^2: 2, beta: -0.41, simulation: 19"
[1] "n sub: 10, n images per sub: 1, sigma^2: 1, beta: -0.41, simulation: 19"
[1] "n sub: 10, n images per sub: 1, sigma^2: 0.5, beta: -0.41, simulation: 20"
[1] "n sub: 10, n images per sub: 1, sigma^2: 2, beta: -0.41, simulation: 20"
[1] "n sub: 10, n images per sub: 1, sigma^2: 1, beta: -0.41, simulation: 20"
[1] "n sub: 10, n images per sub: 1, sigma^2: 0.5, beta: -0.41, simulation: 21"
[1] "n sub: 10, n images per sub: 1, sigma^2: 2, beta: -0.41, simulation: 21"
[1] "n sub: 10, n images per sub: 1, sigma^2: 1, beta: -0.41, simulation: 21"
[1] "n sub: 10, n images per sub: 1, sigma^2: 0.5, beta: -0.41, simulation: 22"
[1] "n sub: 10, n images per sub: 1, sigma^2: 2, beta: -0.41, simulation: 22"
[1] "n sub: 10, n images per sub: 1, sigma^2: 1, beta: -0.41, simulation: 22"
[1] "n sub: 10, n images per sub: 1, sigma^2: 0.5, beta: -0.41, simulation: 23"
[1] "n sub: 10, n images per sub: 1, sigma^2: 2, beta: -0.41, simulation: 23"
[1] "n sub: 10, n images per sub: 1, sigma^2: 1, beta: -0.41, simulation: 23"
[1] "n sub: 10, n images per sub: 1, sigma^2: 0.5, beta: -0.41, simulation: 24"
[1] "n sub: 10, n images per sub: 1, sigma^2: 2, beta: -0.41, simulation: 24"
[1] "n sub: 10, n images per sub: 1, sigma^2: 1, beta: -0.41, simulation: 24"
[1] "n sub: 10, n images per sub: 1, sigma^2: 0.5, beta: -0.41, simulation: 25"
[1] "n sub: 10, n images per sub: 1, sigma^2: 2, beta: -0.41, simulation: 25"
[1] "n sub: 10, n images per sub: 1, sigma^2: 1, beta: -0.41, simulation: 25"
