 [1] 15256 15257 15258 15259 15260 15261 15262 15263 15264 15265 15266 15267
[13] 15268 15269 15270 15271 15272 15273 15274 15275 15276 15277 15278 15279
[25] 15280 15281 15282
[1] "n sub: 50, n images per sub: 5, sigma^2: 2, beta: 0.22, simulation: 86"
[1] "n sub: 50, n images per sub: 5, sigma^2: 1, beta: 0.22, simulation: 86"
[1] "n sub: 50, n images per sub: 5, sigma^2: 0.5, beta: 0.22, simulation: 86"
[1] "n sub: 50, n images per sub: 5, sigma^2: 2, beta: 0.22, simulation: 87"
[1] "n sub: 50, n images per sub: 5, sigma^2: 1, beta: 0.22, simulation: 87"
[1] "n sub: 50, n images per sub: 5, sigma^2: 0.5, beta: 0.22, simulation: 87"
[1] "n sub: 50, n images per sub: 5, sigma^2: 1, beta: 0.22, simulation: 88"
[1] "n sub: 50, n images per sub: 5, sigma^2: 2, beta: 0.22, simulation: 88"
[1] "n sub: 50, n images per sub: 5, sigma^2: 0.5, beta: 0.22, simulation: 88"
[1] "n sub: 50, n images per sub: 5, sigma^2: 2, beta: 0.22, simulation: 89"
[1] "n sub: 50, n images per sub: 5, sigma^2: 1, beta: 0.22, simulation: 89"
[1] "n sub: 50, n images per sub: 5, sigma^2: 0.5, beta: 0.22, simulation: 89"
[1] "n sub: 50, n images per sub: 5, sigma^2: 2, beta: 0.22, simulation: 90"
[1] "n sub: 50, n images per sub: 5, sigma^2: 1, beta: 0.22, simulation: 90"
[1] "n sub: 50, n images per sub: 5, sigma^2: 0.5, beta: 0.22, simulation: 90"
[1] "n sub: 50, n images per sub: 5, sigma^2: 2, beta: 0.22, simulation: 91"
[1] "n sub: 50, n images per sub: 5, sigma^2: 1, beta: 0.22, simulation: 91"
[1] "n sub: 50, n images per sub: 5, sigma^2: 0.5, beta: 0.22, simulation: 91"
[1] "n sub: 50, n images per sub: 5, sigma^2: 2, beta: 0.22, simulation: 92"
[1] "n sub: 50, n images per sub: 5, sigma^2: 1, beta: 0.22, simulation: 92"
[1] "n sub: 50, n images per sub: 5, sigma^2: 0.5, beta: 0.22, simulation: 92"
[1] "n sub: 50, n images per sub: 5, sigma^2: 2, beta: 0.22, simulation: 93"
[1] "n sub: 50, n images per sub: 5, sigma^2: 1, beta: 0.22, simulation: 93"
[1] "n sub: 50, n images per sub: 5, sigma^2: 0.5, beta: 0.22, simulation: 93"
[1] "n sub: 50, n images per sub: 5, sigma^2: 1, beta: 0.22, simulation: 94"
[1] "n sub: 50, n images per sub: 5, sigma^2: 2, beta: 0.22, simulation: 94"
[1] "n sub: 50, n images per sub: 5, sigma^2: 0.5, beta: 0.22, simulation: 94"
