 [1] 16120 16121 16122 16123 16124 16125 16126 16127 16128 16129 16130 16131
[13] 16132 16133 16134 16135 16136 16137 16138 16139 16140 16141 16142 16143
[25] 16144 16145 16146
[1] "n sub: 50, n images per sub: 5, sigma^2: 0.5, beta: 1.1, simulation: 74"
[1] "n sub: 50, n images per sub: 5, sigma^2: 1, beta: 1.1, simulation: 74"
[1] "n sub: 50, n images per sub: 5, sigma^2: 2, beta: 1.1, simulation: 74"
[1] "n sub: 50, n images per sub: 5, sigma^2: 0.5, beta: 1.1, simulation: 75"
[1] "n sub: 50, n images per sub: 5, sigma^2: 1, beta: 1.1, simulation: 75"
[1] "n sub: 50, n images per sub: 5, sigma^2: 2, beta: 1.1, simulation: 75"
[1] "n sub: 50, n images per sub: 5, sigma^2: 0.5, beta: 1.1, simulation: 76"
[1] "n sub: 50, n images per sub: 5, sigma^2: 1, beta: 1.1, simulation: 76"
[1] "n sub: 50, n images per sub: 5, sigma^2: 2, beta: 1.1, simulation: 76"
[1] "n sub: 50, n images per sub: 5, sigma^2: 0.5, beta: 1.1, simulation: 77"
[1] "n sub: 50, n images per sub: 5, sigma^2: 1, beta: 1.1, simulation: 77"
[1] "n sub: 50, n images per sub: 5, sigma^2: 2, beta: 1.1, simulation: 77"
[1] "n sub: 50, n images per sub: 5, sigma^2: 0.5, beta: 1.1, simulation: 78"
[1] "n sub: 50, n images per sub: 5, sigma^2: 1, beta: 1.1, simulation: 78"
[1] "n sub: 50, n images per sub: 5, sigma^2: 2, beta: 1.1, simulation: 78"
[1] "n sub: 50, n images per sub: 5, sigma^2: 0.5, beta: 1.1, simulation: 79"
[1] "n sub: 50, n images per sub: 5, sigma^2: 1, beta: 1.1, simulation: 79"
[1] "n sub: 50, n images per sub: 5, sigma^2: 2, beta: 1.1, simulation: 79"
[1] "n sub: 50, n images per sub: 5, sigma^2: 2, beta: 1.1, simulation: 80"
[1] "n sub: 50, n images per sub: 5, sigma^2: 1, beta: 1.1, simulation: 80"
[1] "n sub: 50, n images per sub: 5, sigma^2: 0.5, beta: 1.1, simulation: 80"
[1] "n sub: 50, n images per sub: 5, sigma^2: 2, beta: 1.1, simulation: 81"
[1] "n sub: 50, n images per sub: 5, sigma^2: 1, beta: 1.1, simulation: 81"
[1] "n sub: 50, n images per sub: 5, sigma^2: 0.5, beta: 1.1, simulation: 81"
[1] "n sub: 50, n images per sub: 5, sigma^2: 2, beta: 1.1, simulation: 82"
[1] "n sub: 50, n images per sub: 5, sigma^2: 1, beta: 1.1, simulation: 82"
[1] "n sub: 50, n images per sub: 5, sigma^2: 0.5, beta: 1.1, simulation: 82"
