 [1] 11773 11774 11775 11776 11777 11778 11779 11780 11781 11782 11783 11784
[13] 11785 11786 11787 11788 11789 11790 11791 11792 11793 11794 11795 11796
[25] 11797 11798 11799 11800 11801 11802 11803 11804 11805 11806 11807 11808
[37] 11809 11810 11811 11812 11813 11814 11815 11816 11817 11818 11819 11820
[49] 11821 11822 11823 11824 11825 11826
[1] "n sub: 30, n images per sub: 5, sigma^2: 2, beta: -0.22, simulation: 25"
[1] "n sub: 30, n images per sub: 5, sigma^2: 1, beta: -0.22, simulation: 25"
[1] "n sub: 30, n images per sub: 5, sigma^2: 0.5, beta: -0.22, simulation: 25"
[1] "n sub: 30, n images per sub: 5, sigma^2: 2, beta: -0.22, simulation: 26"
[1] "n sub: 30, n images per sub: 5, sigma^2: 1, beta: -0.22, simulation: 26"
[1] "n sub: 30, n images per sub: 5, sigma^2: 0.5, beta: -0.22, simulation: 26"
[1] "n sub: 30, n images per sub: 5, sigma^2: 2, beta: -0.22, simulation: 27"
[1] "n sub: 30, n images per sub: 5, sigma^2: 1, beta: -0.22, simulation: 27"
[1] "n sub: 30, n images per sub: 5, sigma^2: 0.5, beta: -0.22, simulation: 27"
[1] "n sub: 30, n images per sub: 5, sigma^2: 2, beta: -0.22, simulation: 28"
[1] "n sub: 30, n images per sub: 5, sigma^2: 1, beta: -0.22, simulation: 28"
[1] "n sub: 30, n images per sub: 5, sigma^2: 0.5, beta: -0.22, simulation: 28"
[1] "n sub: 30, n images per sub: 5, sigma^2: 2, beta: -0.22, simulation: 29"
[1] "n sub: 30, n images per sub: 5, sigma^2: 1, beta: -0.22, simulation: 29"
[1] "n sub: 30, n images per sub: 5, sigma^2: 0.5, beta: -0.22, simulation: 29"
[1] "n sub: 30, n images per sub: 5, sigma^2: 2, beta: -0.22, simulation: 30"
[1] "n sub: 30, n images per sub: 5, sigma^2: 1, beta: -0.22, simulation: 30"
[1] "n sub: 30, n images per sub: 5, sigma^2: 0.5, beta: -0.22, simulation: 30"
[1] "n sub: 30, n images per sub: 5, sigma^2: 2, beta: -0.22, simulation: 31"
[1] "n sub: 30, n images per sub: 5, sigma^2: 1, beta: -0.22, simulation: 31"
[1] "n sub: 30, n images per sub: 5, sigma^2: 0.5, beta: -0.22, simulation: 31"
[1] "n sub: 30, n images per sub: 5, sigma^2: 2, beta: -0.22, simulation: 32"
[1] "n sub: 30, n images per sub: 5, sigma^2: 1, beta: -0.22, simulation: 32"
[1] "n sub: 30, n images per sub: 5, sigma^2: 0.5, beta: -0.22, simulation: 32"
[1] "n sub: 30, n images per sub: 5, sigma^2: 2, beta: -0.22, simulation: 33"
[1] "n sub: 30, n images per sub: 5, sigma^2: 1, beta: -0.22, simulation: 33"
[1] "n sub: 30, n images per sub: 5, sigma^2: 0.5, beta: -0.22, simulation: 33"
[1] "n sub: 30, n images per sub: 5, sigma^2: 2, beta: -0.22, simulation: 34"
[1] "n sub: 30, n images per sub: 5, sigma^2: 1, beta: -0.22, simulation: 34"
[1] "n sub: 30, n images per sub: 5, sigma^2: 0.5, beta: -0.22, simulation: 34"
[1] "n sub: 30, n images per sub: 5, sigma^2: 2, beta: -0.22, simulation: 35"
[1] "n sub: 30, n images per sub: 5, sigma^2: 1, beta: -0.22, simulation: 35"
[1] "n sub: 30, n images per sub: 5, sigma^2: 0.5, beta: -0.22, simulation: 35"
[1] "n sub: 30, n images per sub: 5, sigma^2: 2, beta: -0.22, simulation: 36"
[1] "n sub: 30, n images per sub: 5, sigma^2: 1, beta: -0.22, simulation: 36"
[1] "n sub: 30, n images per sub: 5, sigma^2: 0.5, beta: -0.22, simulation: 36"
[1] "n sub: 30, n images per sub: 5, sigma^2: 2, beta: -0.22, simulation: 37"
[1] "n sub: 30, n images per sub: 5, sigma^2: 1, beta: -0.22, simulation: 37"
[1] "n sub: 30, n images per sub: 5, sigma^2: 0.5, beta: -0.22, simulation: 37"
[1] "n sub: 30, n images per sub: 5, sigma^2: 1, beta: -0.22, simulation: 38"
[1] "n sub: 30, n images per sub: 5, sigma^2: 2, beta: -0.22, simulation: 38"
[1] "n sub: 30, n images per sub: 5, sigma^2: 0.5, beta: -0.22, simulation: 38"
[1] "n sub: 30, n images per sub: 5, sigma^2: 2, beta: -0.22, simulation: 39"
[1] "n sub: 30, n images per sub: 5, sigma^2: 1, beta: -0.22, simulation: 39"
[1] "n sub: 30, n images per sub: 5, sigma^2: 0.5, beta: -0.22, simulation: 39"
[1] "n sub: 30, n images per sub: 5, sigma^2: 2, beta: -0.22, simulation: 40"
[1] "n sub: 30, n images per sub: 5, sigma^2: 1, beta: -0.22, simulation: 40"
[1] "n sub: 30, n images per sub: 5, sigma^2: 0.5, beta: -0.22, simulation: 40"
[1] "n sub: 30, n images per sub: 5, sigma^2: 2, beta: -0.22, simulation: 41"
[1] "n sub: 30, n images per sub: 5, sigma^2: 1, beta: -0.22, simulation: 41"
[1] "n sub: 30, n images per sub: 5, sigma^2: 0.5, beta: -0.22, simulation: 41"
[1] "n sub: 30, n images per sub: 5, sigma^2: 2, beta: -0.22, simulation: 42"
[1] "n sub: 30, n images per sub: 5, sigma^2: 1, beta: -0.22, simulation: 42"
[1] "n sub: 30, n images per sub: 5, sigma^2: 0.5, beta: -0.22, simulation: 42"
