  [1] 9613 9614 9615 9616 9617 9618 9619 9620 9621 9622 9623 9624 9625 9626 9627
 [16] 9628 9629 9630 9631 9632 9633 9634 9635 9636 9637 9638 9639 9640 9641 9642
 [31] 9643 9644 9645 9646 9647 9648 9649 9650 9651 9652 9653 9654 9655 9656 9657
 [46] 9658 9659 9660 9661 9662 9663 9664 9665 9666 9667 9668 9669 9670 9671 9672
 [61] 9673 9674 9675 9676 9677 9678 9679 9680 9681 9682 9683 9684 9685 9686 9687
 [76] 9688 9689 9690 9691 9692 9693 9694 9695 9696 9697 9698 9699 9700 9701 9702
 [91] 9703 9704 9705 9706 9707 9708 9709 9710 9711 9712 9713 9714 9715 9716 9717
[106] 9718 9719 9720
[1] "n sub: 10, n images per sub: 5, sigma^2: 2, beta: 0.22, simulation: 5"
[1] "n sub: 10, n images per sub: 5, sigma^2: 1, beta: 0.22, simulation: 5"
[1] "n sub: 10, n images per sub: 5, sigma^2: 0.5, beta: 0.22, simulation: 5"
[1] "n sub: 10, n images per sub: 5, sigma^2: 2, beta: 0.22, simulation: 6"
[1] "n sub: 10, n images per sub: 5, sigma^2: 1, beta: 0.22, simulation: 6"
[1] "n sub: 10, n images per sub: 5, sigma^2: 0.5, beta: 0.22, simulation: 6"
[1] "n sub: 10, n images per sub: 5, sigma^2: 2, beta: 0.22, simulation: 7"
[1] "n sub: 10, n images per sub: 5, sigma^2: 1, beta: 0.22, simulation: 7"
[1] "n sub: 10, n images per sub: 5, sigma^2: 0.5, beta: 0.22, simulation: 7"
[1] "n sub: 10, n images per sub: 5, sigma^2: 2, beta: 0.22, simulation: 8"
[1] "n sub: 10, n images per sub: 5, sigma^2: 1, beta: 0.22, simulation: 8"
[1] "n sub: 10, n images per sub: 5, sigma^2: 0.5, beta: 0.22, simulation: 8"
[1] "n sub: 10, n images per sub: 5, sigma^2: 2, beta: 0.22, simulation: 9"
[1] "n sub: 10, n images per sub: 5, sigma^2: 1, beta: 0.22, simulation: 9"
[1] "n sub: 10, n images per sub: 5, sigma^2: 0.5, beta: 0.22, simulation: 9"
[1] "n sub: 10, n images per sub: 5, sigma^2: 2, beta: 0.22, simulation: 10"
[1] "n sub: 10, n images per sub: 5, sigma^2: 1, beta: 0.22, simulation: 10"
[1] "n sub: 10, n images per sub: 5, sigma^2: 0.5, beta: 0.22, simulation: 10"
[1] "n sub: 10, n images per sub: 5, sigma^2: 2, beta: 0.22, simulation: 11"
[1] "n sub: 10, n images per sub: 5, sigma^2: 1, beta: 0.22, simulation: 11"
[1] "n sub: 10, n images per sub: 5, sigma^2: 0.5, beta: 0.22, simulation: 11"
[1] "n sub: 10, n images per sub: 5, sigma^2: 2, beta: 0.22, simulation: 12"
[1] "n sub: 10, n images per sub: 5, sigma^2: 1, beta: 0.22, simulation: 12"
[1] "n sub: 10, n images per sub: 5, sigma^2: 0.5, beta: 0.22, simulation: 12"
[1] "n sub: 10, n images per sub: 5, sigma^2: 2, beta: 0.22, simulation: 13"
[1] "n sub: 10, n images per sub: 5, sigma^2: 1, beta: 0.22, simulation: 13"
[1] "n sub: 10, n images per sub: 5, sigma^2: 0.5, beta: 0.22, simulation: 13"
[1] "n sub: 10, n images per sub: 5, sigma^2: 2, beta: 0.22, simulation: 14"
[1] "n sub: 10, n images per sub: 5, sigma^2: 1, beta: 0.22, simulation: 14"
[1] "n sub: 10, n images per sub: 5, sigma^2: 0.5, beta: 0.22, simulation: 14"
[1] "n sub: 10, n images per sub: 5, sigma^2: 2, beta: 0.22, simulation: 15"
[1] "n sub: 10, n images per sub: 5, sigma^2: 1, beta: 0.22, simulation: 15"
[1] "n sub: 10, n images per sub: 5, sigma^2: 0.5, beta: 0.22, simulation: 15"
[1] "n sub: 10, n images per sub: 5, sigma^2: 2, beta: 0.22, simulation: 16"
[1] "n sub: 10, n images per sub: 5, sigma^2: 1, beta: 0.22, simulation: 16"
[1] "n sub: 10, n images per sub: 5, sigma^2: 0.5, beta: 0.22, simulation: 16"
[1] "n sub: 10, n images per sub: 5, sigma^2: 2, beta: 0.22, simulation: 17"
[1] "n sub: 10, n images per sub: 5, sigma^2: 1, beta: 0.22, simulation: 17"
[1] "n sub: 10, n images per sub: 5, sigma^2: 0.5, beta: 0.22, simulation: 17"
[1] "n sub: 10, n images per sub: 5, sigma^2: 2, beta: 0.22, simulation: 18"
[1] "n sub: 10, n images per sub: 5, sigma^2: 1, beta: 0.22, simulation: 18"
[1] "n sub: 10, n images per sub: 5, sigma^2: 0.5, beta: 0.22, simulation: 18"
[1] "n sub: 10, n images per sub: 5, sigma^2: 2, beta: 0.22, simulation: 19"
[1] "n sub: 10, n images per sub: 5, sigma^2: 1, beta: 0.22, simulation: 19"
[1] "n sub: 10, n images per sub: 5, sigma^2: 0.5, beta: 0.22, simulation: 19"
[1] "n sub: 10, n images per sub: 5, sigma^2: 2, beta: 0.22, simulation: 20"
[1] "n sub: 10, n images per sub: 5, sigma^2: 1, beta: 0.22, simulation: 20"
[1] "n sub: 10, n images per sub: 5, sigma^2: 0.5, beta: 0.22, simulation: 20"
[1] "n sub: 10, n images per sub: 5, sigma^2: 2, beta: 0.22, simulation: 21"
[1] "n sub: 10, n images per sub: 5, sigma^2: 1, beta: 0.22, simulation: 21"
[1] "n sub: 10, n images per sub: 5, sigma^2: 0.5, beta: 0.22, simulation: 21"
[1] "n sub: 10, n images per sub: 5, sigma^2: 2, beta: 0.22, simulation: 22"
[1] "n sub: 10, n images per sub: 5, sigma^2: 1, beta: 0.22, simulation: 22"
[1] "n sub: 10, n images per sub: 5, sigma^2: 0.5, beta: 0.22, simulation: 22"
[1] "n sub: 10, n images per sub: 5, sigma^2: 2, beta: 0.22, simulation: 23"
[1] "n sub: 10, n images per sub: 5, sigma^2: 1, beta: 0.22, simulation: 23"
[1] "n sub: 10, n images per sub: 5, sigma^2: 0.5, beta: 0.22, simulation: 23"
[1] "n sub: 10, n images per sub: 5, sigma^2: 2, beta: 0.22, simulation: 24"
[1] "n sub: 10, n images per sub: 5, sigma^2: 1, beta: 0.22, simulation: 24"
[1] "n sub: 10, n images per sub: 5, sigma^2: 0.5, beta: 0.22, simulation: 24"
[1] "n sub: 10, n images per sub: 5, sigma^2: 2, beta: 0.22, simulation: 25"
[1] "n sub: 10, n images per sub: 5, sigma^2: 1, beta: 0.22, simulation: 25"
[1] "n sub: 10, n images per sub: 5, sigma^2: 0.5, beta: 0.22, simulation: 25"
[1] "n sub: 10, n images per sub: 5, sigma^2: 2, beta: 0.22, simulation: 26"
[1] "n sub: 10, n images per sub: 5, sigma^2: 1, beta: 0.22, simulation: 26"
[1] "n sub: 10, n images per sub: 5, sigma^2: 0.5, beta: 0.22, simulation: 26"
[1] "n sub: 10, n images per sub: 5, sigma^2: 2, beta: 0.22, simulation: 27"
[1] "n sub: 10, n images per sub: 5, sigma^2: 1, beta: 0.22, simulation: 27"
[1] "n sub: 10, n images per sub: 5, sigma^2: 0.5, beta: 0.22, simulation: 27"
[1] "n sub: 10, n images per sub: 5, sigma^2: 2, beta: 0.22, simulation: 28"
[1] "n sub: 10, n images per sub: 5, sigma^2: 1, beta: 0.22, simulation: 28"
[1] "n sub: 10, n images per sub: 5, sigma^2: 0.5, beta: 0.22, simulation: 28"
[1] "n sub: 10, n images per sub: 5, sigma^2: 2, beta: 0.22, simulation: 29"
[1] "n sub: 10, n images per sub: 5, sigma^2: 1, beta: 0.22, simulation: 29"
[1] "n sub: 10, n images per sub: 5, sigma^2: 0.5, beta: 0.22, simulation: 29"
[1] "n sub: 10, n images per sub: 5, sigma^2: 2, beta: 0.22, simulation: 30"
[1] "n sub: 10, n images per sub: 5, sigma^2: 1, beta: 0.22, simulation: 30"
[1] "n sub: 10, n images per sub: 5, sigma^2: 0.5, beta: 0.22, simulation: 30"
[1] "n sub: 10, n images per sub: 5, sigma^2: 2, beta: 0.22, simulation: 31"
[1] "n sub: 10, n images per sub: 5, sigma^2: 1, beta: 0.22, simulation: 31"
[1] "n sub: 10, n images per sub: 5, sigma^2: 0.5, beta: 0.22, simulation: 31"
[1] "n sub: 10, n images per sub: 5, sigma^2: 2, beta: 0.22, simulation: 32"
[1] "n sub: 10, n images per sub: 5, sigma^2: 1, beta: 0.22, simulation: 32"
[1] "n sub: 10, n images per sub: 5, sigma^2: 0.5, beta: 0.22, simulation: 32"
[1] "n sub: 10, n images per sub: 5, sigma^2: 2, beta: 0.22, simulation: 33"
[1] "n sub: 10, n images per sub: 5, sigma^2: 1, beta: 0.22, simulation: 33"
[1] "n sub: 10, n images per sub: 5, sigma^2: 0.5, beta: 0.22, simulation: 33"
[1] "n sub: 10, n images per sub: 5, sigma^2: 2, beta: 0.22, simulation: 34"
[1] "n sub: 10, n images per sub: 5, sigma^2: 1, beta: 0.22, simulation: 34"
[1] "n sub: 10, n images per sub: 5, sigma^2: 0.5, beta: 0.22, simulation: 34"
[1] "n sub: 10, n images per sub: 5, sigma^2: 2, beta: 0.22, simulation: 35"
[1] "n sub: 10, n images per sub: 5, sigma^2: 1, beta: 0.22, simulation: 35"
[1] "n sub: 10, n images per sub: 5, sigma^2: 0.5, beta: 0.22, simulation: 35"
[1] "n sub: 10, n images per sub: 5, sigma^2: 2, beta: 0.22, simulation: 36"
[1] "n sub: 10, n images per sub: 5, sigma^2: 1, beta: 0.22, simulation: 36"
[1] "n sub: 10, n images per sub: 5, sigma^2: 0.5, beta: 0.22, simulation: 36"
[1] "n sub: 10, n images per sub: 5, sigma^2: 2, beta: 0.22, simulation: 37"
[1] "n sub: 10, n images per sub: 5, sigma^2: 1, beta: 0.22, simulation: 37"
[1] "n sub: 10, n images per sub: 5, sigma^2: 0.5, beta: 0.22, simulation: 37"
[1] "n sub: 10, n images per sub: 5, sigma^2: 2, beta: 0.22, simulation: 38"
[1] "n sub: 10, n images per sub: 5, sigma^2: 1, beta: 0.22, simulation: 38"
[1] "n sub: 10, n images per sub: 5, sigma^2: 0.5, beta: 0.22, simulation: 38"
[1] "n sub: 10, n images per sub: 5, sigma^2: 2, beta: 0.22, simulation: 39"
[1] "n sub: 10, n images per sub: 5, sigma^2: 1, beta: 0.22, simulation: 39"
[1] "n sub: 10, n images per sub: 5, sigma^2: 0.5, beta: 0.22, simulation: 39"
[1] "n sub: 10, n images per sub: 5, sigma^2: 2, beta: 0.22, simulation: 40"
[1] "n sub: 10, n images per sub: 5, sigma^2: 1, beta: 0.22, simulation: 40"
[1] "n sub: 10, n images per sub: 5, sigma^2: 0.5, beta: 0.22, simulation: 40"
