 [1] 16066 16067 16068 16069 16070 16071 16072 16073 16074 16075 16076 16077
[13] 16078 16079 16080 16081 16082 16083 16084 16085 16086 16087 16088 16089
[25] 16090 16091 16092
[1] "n sub: 50, n images per sub: 5, sigma^2: 0.5, beta: 1.1, simulation: 56"
[1] "n sub: 50, n images per sub: 5, sigma^2: 1, beta: 1.1, simulation: 56"
[1] "n sub: 50, n images per sub: 5, sigma^2: 2, beta: 1.1, simulation: 56"
[1] "n sub: 50, n images per sub: 5, sigma^2: 0.5, beta: 1.1, simulation: 57"
[1] "n sub: 50, n images per sub: 5, sigma^2: 1, beta: 1.1, simulation: 57"
[1] "n sub: 50, n images per sub: 5, sigma^2: 2, beta: 1.1, simulation: 57"
[1] "n sub: 50, n images per sub: 5, sigma^2: 0.5, beta: 1.1, simulation: 58"
[1] "n sub: 50, n images per sub: 5, sigma^2: 1, beta: 1.1, simulation: 58"
[1] "n sub: 50, n images per sub: 5, sigma^2: 2, beta: 1.1, simulation: 58"
[1] "n sub: 50, n images per sub: 5, sigma^2: 0.5, beta: 1.1, simulation: 59"
[1] "n sub: 50, n images per sub: 5, sigma^2: 1, beta: 1.1, simulation: 59"
[1] "n sub: 50, n images per sub: 5, sigma^2: 2, beta: 1.1, simulation: 59"
[1] "n sub: 50, n images per sub: 5, sigma^2: 2, beta: 1.1, simulation: 60"
[1] "n sub: 50, n images per sub: 5, sigma^2: 1, beta: 1.1, simulation: 60"
[1] "n sub: 50, n images per sub: 5, sigma^2: 0.5, beta: 1.1, simulation: 60"
[1] "n sub: 50, n images per sub: 5, sigma^2: 2, beta: 1.1, simulation: 61"
[1] "n sub: 50, n images per sub: 5, sigma^2: 1, beta: 1.1, simulation: 61"
[1] "n sub: 50, n images per sub: 5, sigma^2: 0.5, beta: 1.1, simulation: 61"
[1] "n sub: 50, n images per sub: 5, sigma^2: 2, beta: 1.1, simulation: 62"
[1] "n sub: 50, n images per sub: 5, sigma^2: 1, beta: 1.1, simulation: 62"
[1] "n sub: 50, n images per sub: 5, sigma^2: 0.5, beta: 1.1, simulation: 62"
[1] "n sub: 50, n images per sub: 5, sigma^2: 2, beta: 1.1, simulation: 63"
[1] "n sub: 50, n images per sub: 5, sigma^2: 1, beta: 1.1, simulation: 63"
[1] "n sub: 50, n images per sub: 5, sigma^2: 0.5, beta: 1.1, simulation: 63"
[1] "n sub: 50, n images per sub: 5, sigma^2: 2, beta: 1.1, simulation: 64"
[1] "n sub: 50, n images per sub: 5, sigma^2: 1, beta: 1.1, simulation: 64"
[1] "n sub: 50, n images per sub: 5, sigma^2: 0.5, beta: 1.1, simulation: 64"
