 [1] 14581 14582 14583 14584 14585 14586 14587 14588 14589 14590 14591 14592
[13] 14593 14594 14595 14596 14597 14598 14599 14600 14601 14602 14603 14604
[25] 14605 14606 14607
[1] "n sub: 50, n images per sub: 5, sigma^2: 2, beta: -0.22, simulation: 61"
[1] "n sub: 50, n images per sub: 5, sigma^2: 1, beta: -0.22, simulation: 61"
[1] "n sub: 50, n images per sub: 5, sigma^2: 0.5, beta: -0.22, simulation: 61"
[1] "n sub: 50, n images per sub: 5, sigma^2: 2, beta: -0.22, simulation: 62"
[1] "n sub: 50, n images per sub: 5, sigma^2: 1, beta: -0.22, simulation: 62"
[1] "n sub: 50, n images per sub: 5, sigma^2: 0.5, beta: -0.22, simulation: 62"
[1] "n sub: 50, n images per sub: 5, sigma^2: 2, beta: -0.22, simulation: 63"
[1] "n sub: 50, n images per sub: 5, sigma^2: 1, beta: -0.22, simulation: 63"
[1] "n sub: 50, n images per sub: 5, sigma^2: 0.5, beta: -0.22, simulation: 63"
[1] "n sub: 50, n images per sub: 5, sigma^2: 2, beta: -0.22, simulation: 64"
[1] "n sub: 50, n images per sub: 5, sigma^2: 1, beta: -0.22, simulation: 64"
[1] "n sub: 50, n images per sub: 5, sigma^2: 0.5, beta: -0.22, simulation: 64"
[1] "n sub: 50, n images per sub: 5, sigma^2: 2, beta: -0.22, simulation: 65"
[1] "n sub: 50, n images per sub: 5, sigma^2: 1, beta: -0.22, simulation: 65"
[1] "n sub: 50, n images per sub: 5, sigma^2: 0.5, beta: -0.22, simulation: 65"
[1] "n sub: 50, n images per sub: 5, sigma^2: 2, beta: -0.22, simulation: 66"
[1] "n sub: 50, n images per sub: 5, sigma^2: 1, beta: -0.22, simulation: 66"
[1] "n sub: 50, n images per sub: 5, sigma^2: 0.5, beta: -0.22, simulation: 66"
[1] "n sub: 50, n images per sub: 5, sigma^2: 2, beta: -0.22, simulation: 67"
[1] "n sub: 50, n images per sub: 5, sigma^2: 1, beta: -0.22, simulation: 67"
[1] "n sub: 50, n images per sub: 5, sigma^2: 0.5, beta: -0.22, simulation: 67"
[1] "n sub: 50, n images per sub: 5, sigma^2: 2, beta: -0.22, simulation: 68"
[1] "n sub: 50, n images per sub: 5, sigma^2: 1, beta: -0.22, simulation: 68"
[1] "n sub: 50, n images per sub: 5, sigma^2: 0.5, beta: -0.22, simulation: 68"
[1] "n sub: 50, n images per sub: 5, sigma^2: 2, beta: -0.22, simulation: 69"
[1] "n sub: 50, n images per sub: 5, sigma^2: 1, beta: -0.22, simulation: 69"
[1] "n sub: 50, n images per sub: 5, sigma^2: 0.5, beta: -0.22, simulation: 69"
