 [1] 13960 13961 13962 13963 13964 13965 13966 13967 13968 13969 13970 13971
[13] 13972 13973 13974 13975 13976 13977 13978 13979 13980 13981 13982 13983
[25] 13984 13985 13986
[1] "n sub: 50, n images per sub: 5, sigma^2: 2, beta: -0.69, simulation: 54"
[1] "n sub: 50, n images per sub: 5, sigma^2: 1, beta: -0.69, simulation: 54"
[1] "n sub: 50, n images per sub: 5, sigma^2: 0.5, beta: -0.69, simulation: 54"
[1] "n sub: 50, n images per sub: 5, sigma^2: 2, beta: -0.69, simulation: 55"
[1] "n sub: 50, n images per sub: 5, sigma^2: 1, beta: -0.69, simulation: 55"
[1] "n sub: 50, n images per sub: 5, sigma^2: 0.5, beta: -0.69, simulation: 55"
[1] "n sub: 50, n images per sub: 5, sigma^2: 2, beta: -0.69, simulation: 56"
[1] "n sub: 50, n images per sub: 5, sigma^2: 1, beta: -0.69, simulation: 56"
[1] "n sub: 50, n images per sub: 5, sigma^2: 0.5, beta: -0.69, simulation: 56"
[1] "n sub: 50, n images per sub: 5, sigma^2: 2, beta: -0.69, simulation: 57"
[1] "n sub: 50, n images per sub: 5, sigma^2: 1, beta: -0.69, simulation: 57"
[1] "n sub: 50, n images per sub: 5, sigma^2: 0.5, beta: -0.69, simulation: 57"
[1] "n sub: 50, n images per sub: 5, sigma^2: 2, beta: -0.69, simulation: 58"
[1] "n sub: 50, n images per sub: 5, sigma^2: 0.5, beta: -0.69, simulation: 58"
[1] "n sub: 50, n images per sub: 5, sigma^2: 1, beta: -0.69, simulation: 58"
[1] "n sub: 50, n images per sub: 5, sigma^2: 2, beta: -0.69, simulation: 59"
[1] "n sub: 50, n images per sub: 5, sigma^2: 1, beta: -0.69, simulation: 59"
[1] "n sub: 50, n images per sub: 5, sigma^2: 0.5, beta: -0.69, simulation: 59"
[1] "n sub: 50, n images per sub: 5, sigma^2: 2, beta: -0.69, simulation: 60"
[1] "n sub: 50, n images per sub: 5, sigma^2: 1, beta: -0.69, simulation: 60"
[1] "n sub: 50, n images per sub: 5, sigma^2: 0.5, beta: -0.69, simulation: 60"
[1] "n sub: 50, n images per sub: 5, sigma^2: 2, beta: -0.69, simulation: 61"
[1] "n sub: 50, n images per sub: 5, sigma^2: 1, beta: -0.69, simulation: 61"
[1] "n sub: 50, n images per sub: 5, sigma^2: 0.5, beta: -0.69, simulation: 61"
[1] "n sub: 50, n images per sub: 5, sigma^2: 2, beta: -0.69, simulation: 62"
[1] "n sub: 50, n images per sub: 5, sigma^2: 1, beta: -0.69, simulation: 62"
[1] "n sub: 50, n images per sub: 5, sigma^2: 0.5, beta: -0.69, simulation: 62"
