  [1] 3376 3377 3378 3379 3380 3381 3382 3383 3384 3385 3386 3387 3388 3389 3390
 [16] 3391 3392 3393 3394 3395 3396 3397 3398 3399 3400 3401 3402 3403 3404 3405
 [31] 3406 3407 3408 3409 3410 3411 3412 3413 3414 3415 3416 3417 3418 3419 3420
 [46] 3421 3422 3423 3424 3425 3426 3427 3428 3429 3430 3431 3432 3433 3434 3435
 [61] 3436 3437 3438 3439 3440 3441 3442 3443 3444 3445 3446 3447 3448 3449 3450
 [76] 3451 3452 3453 3454 3455 3456 3457 3458 3459 3460 3461 3462 3463 3464 3465
 [91] 3466 3467 3468 3469 3470 3471 3472 3473 3474 3475 3476 3477 3478 3479 3480
[106] 3481 3482 3483 3484 3485 3486 3487 3488 3489 3490 3491 3492 3493 3494 3495
[121] 3496 3497 3498 3499 3500 3501 3502 3503 3504 3505 3506 3507 3508 3509 3510
[1] "n sub: 30, n images per sub: 1, sigma^2: 0.5, beta: -0.41, simulation: 26"
[1] "n sub: 30, n images per sub: 1, sigma^2: 2, beta: -0.41, simulation: 26"
[1] "n sub: 30, n images per sub: 1, sigma^2: 1, beta: -0.41, simulation: 26"
[1] "n sub: 30, n images per sub: 1, sigma^2: 0.5, beta: -0.41, simulation: 27"
[1] "n sub: 30, n images per sub: 1, sigma^2: 2, beta: -0.41, simulation: 27"
[1] "n sub: 30, n images per sub: 1, sigma^2: 1, beta: -0.41, simulation: 27"
[1] "n sub: 30, n images per sub: 1, sigma^2: 0.5, beta: -0.41, simulation: 28"
[1] "n sub: 30, n images per sub: 1, sigma^2: 2, beta: -0.41, simulation: 28"
[1] "n sub: 30, n images per sub: 1, sigma^2: 1, beta: -0.41, simulation: 28"
[1] "n sub: 30, n images per sub: 1, sigma^2: 0.5, beta: -0.41, simulation: 29"
[1] "n sub: 30, n images per sub: 1, sigma^2: 2, beta: -0.41, simulation: 29"
[1] "n sub: 30, n images per sub: 1, sigma^2: 1, beta: -0.41, simulation: 29"
[1] "n sub: 30, n images per sub: 1, sigma^2: 0.5, beta: -0.41, simulation: 30"
[1] "n sub: 30, n images per sub: 1, sigma^2: 2, beta: -0.41, simulation: 30"
[1] "n sub: 30, n images per sub: 1, sigma^2: 1, beta: -0.41, simulation: 30"
[1] "n sub: 30, n images per sub: 1, sigma^2: 0.5, beta: -0.41, simulation: 31"
[1] "n sub: 30, n images per sub: 1, sigma^2: 2, beta: -0.41, simulation: 31"
[1] "n sub: 30, n images per sub: 1, sigma^2: 1, beta: -0.41, simulation: 31"
[1] "n sub: 30, n images per sub: 1, sigma^2: 0.5, beta: -0.41, simulation: 32"
[1] "n sub: 30, n images per sub: 1, sigma^2: 2, beta: -0.41, simulation: 32"
[1] "n sub: 30, n images per sub: 1, sigma^2: 1, beta: -0.41, simulation: 32"
[1] "n sub: 30, n images per sub: 1, sigma^2: 0.5, beta: -0.41, simulation: 33"
[1] "n sub: 30, n images per sub: 1, sigma^2: 2, beta: -0.41, simulation: 33"
[1] "n sub: 30, n images per sub: 1, sigma^2: 1, beta: -0.41, simulation: 33"
[1] "n sub: 30, n images per sub: 1, sigma^2: 0.5, beta: -0.41, simulation: 34"
[1] "n sub: 30, n images per sub: 1, sigma^2: 2, beta: -0.41, simulation: 34"
[1] "n sub: 30, n images per sub: 1, sigma^2: 1, beta: -0.41, simulation: 34"
[1] "n sub: 30, n images per sub: 1, sigma^2: 0.5, beta: -0.41, simulation: 35"
[1] "n sub: 30, n images per sub: 1, sigma^2: 2, beta: -0.41, simulation: 35"
[1] "n sub: 30, n images per sub: 1, sigma^2: 1, beta: -0.41, simulation: 35"
[1] "n sub: 30, n images per sub: 1, sigma^2: 0.5, beta: -0.41, simulation: 36"
[1] "n sub: 30, n images per sub: 1, sigma^2: 2, beta: -0.41, simulation: 36"
[1] "n sub: 30, n images per sub: 1, sigma^2: 1, beta: -0.41, simulation: 36"
[1] "n sub: 30, n images per sub: 1, sigma^2: 0.5, beta: -0.41, simulation: 37"
[1] "n sub: 30, n images per sub: 1, sigma^2: 2, beta: -0.41, simulation: 37"
[1] "n sub: 30, n images per sub: 1, sigma^2: 1, beta: -0.41, simulation: 37"
[1] "n sub: 30, n images per sub: 1, sigma^2: 0.5, beta: -0.41, simulation: 38"
[1] "n sub: 30, n images per sub: 1, sigma^2: 2, beta: -0.41, simulation: 38"
[1] "n sub: 30, n images per sub: 1, sigma^2: 1, beta: -0.41, simulation: 38"
[1] "n sub: 30, n images per sub: 1, sigma^2: 0.5, beta: -0.41, simulation: 39"
[1] "n sub: 30, n images per sub: 1, sigma^2: 2, beta: -0.41, simulation: 39"
[1] "n sub: 30, n images per sub: 1, sigma^2: 1, beta: -0.41, simulation: 39"
[1] "n sub: 30, n images per sub: 1, sigma^2: 0.5, beta: -0.41, simulation: 40"
[1] "n sub: 30, n images per sub: 1, sigma^2: 2, beta: -0.41, simulation: 40"
[1] "n sub: 30, n images per sub: 1, sigma^2: 1, beta: -0.41, simulation: 40"
[1] "n sub: 30, n images per sub: 1, sigma^2: 0.5, beta: -0.41, simulation: 41"
[1] "n sub: 30, n images per sub: 1, sigma^2: 2, beta: -0.41, simulation: 41"
[1] "n sub: 30, n images per sub: 1, sigma^2: 1, beta: -0.41, simulation: 41"
[1] "n sub: 30, n images per sub: 1, sigma^2: 0.5, beta: -0.41, simulation: 42"
[1] "n sub: 30, n images per sub: 1, sigma^2: 1, beta: -0.41, simulation: 42"
[1] "n sub: 30, n images per sub: 1, sigma^2: 2, beta: -0.41, simulation: 42"
[1] "n sub: 30, n images per sub: 1, sigma^2: 0.5, beta: -0.41, simulation: 43"
[1] "n sub: 30, n images per sub: 1, sigma^2: 1, beta: -0.41, simulation: 43"
[1] "n sub: 30, n images per sub: 1, sigma^2: 2, beta: -0.41, simulation: 43"
[1] "n sub: 30, n images per sub: 1, sigma^2: 0.5, beta: -0.41, simulation: 44"
[1] "n sub: 30, n images per sub: 1, sigma^2: 1, beta: -0.41, simulation: 44"
[1] "n sub: 30, n images per sub: 1, sigma^2: 2, beta: -0.41, simulation: 44"
[1] "n sub: 30, n images per sub: 1, sigma^2: 0.5, beta: -0.41, simulation: 45"
[1] "n sub: 30, n images per sub: 1, sigma^2: 1, beta: -0.41, simulation: 45"
[1] "n sub: 30, n images per sub: 1, sigma^2: 2, beta: -0.41, simulation: 45"
[1] "n sub: 30, n images per sub: 1, sigma^2: 0.5, beta: -0.41, simulation: 46"
[1] "n sub: 30, n images per sub: 1, sigma^2: 1, beta: -0.41, simulation: 46"
[1] "n sub: 30, n images per sub: 1, sigma^2: 2, beta: -0.41, simulation: 46"
[1] "n sub: 30, n images per sub: 1, sigma^2: 0.5, beta: -0.41, simulation: 47"
[1] "n sub: 30, n images per sub: 1, sigma^2: 1, beta: -0.41, simulation: 47"
[1] "n sub: 30, n images per sub: 1, sigma^2: 2, beta: -0.41, simulation: 47"
[1] "n sub: 30, n images per sub: 1, sigma^2: 0.5, beta: -0.41, simulation: 48"
[1] "n sub: 30, n images per sub: 1, sigma^2: 1, beta: -0.41, simulation: 48"
[1] "n sub: 30, n images per sub: 1, sigma^2: 2, beta: -0.41, simulation: 48"
[1] "n sub: 30, n images per sub: 1, sigma^2: 0.5, beta: -0.41, simulation: 49"
[1] "n sub: 30, n images per sub: 1, sigma^2: 1, beta: -0.41, simulation: 49"
[1] "n sub: 30, n images per sub: 1, sigma^2: 2, beta: -0.41, simulation: 49"
[1] "n sub: 30, n images per sub: 1, sigma^2: 0.5, beta: -0.41, simulation: 50"
[1] "n sub: 30, n images per sub: 1, sigma^2: 1, beta: -0.41, simulation: 50"
[1] "n sub: 30, n images per sub: 1, sigma^2: 2, beta: -0.41, simulation: 50"
[1] "n sub: 30, n images per sub: 1, sigma^2: 0.5, beta: -0.41, simulation: 51"
[1] "n sub: 30, n images per sub: 1, sigma^2: 1, beta: -0.41, simulation: 51"
[1] "n sub: 30, n images per sub: 1, sigma^2: 2, beta: -0.41, simulation: 51"
[1] "n sub: 30, n images per sub: 1, sigma^2: 0.5, beta: -0.41, simulation: 52"
[1] "n sub: 30, n images per sub: 1, sigma^2: 2, beta: -0.41, simulation: 52"
[1] "n sub: 30, n images per sub: 1, sigma^2: 1, beta: -0.41, simulation: 52"
[1] "n sub: 30, n images per sub: 1, sigma^2: 0.5, beta: -0.41, simulation: 53"
[1] "n sub: 30, n images per sub: 1, sigma^2: 1, beta: -0.41, simulation: 53"
[1] "n sub: 30, n images per sub: 1, sigma^2: 2, beta: -0.41, simulation: 53"
[1] "n sub: 30, n images per sub: 1, sigma^2: 0.5, beta: -0.41, simulation: 54"
[1] "n sub: 30, n images per sub: 1, sigma^2: 2, beta: -0.41, simulation: 54"
[1] "n sub: 30, n images per sub: 1, sigma^2: 1, beta: -0.41, simulation: 54"
[1] "n sub: 30, n images per sub: 1, sigma^2: 0.5, beta: -0.41, simulation: 55"
[1] "n sub: 30, n images per sub: 1, sigma^2: 2, beta: -0.41, simulation: 55"
[1] "n sub: 30, n images per sub: 1, sigma^2: 1, beta: -0.41, simulation: 55"
[1] "n sub: 30, n images per sub: 1, sigma^2: 0.5, beta: -0.41, simulation: 56"
[1] "n sub: 30, n images per sub: 1, sigma^2: 2, beta: -0.41, simulation: 56"
[1] "n sub: 30, n images per sub: 1, sigma^2: 1, beta: -0.41, simulation: 56"
[1] "n sub: 30, n images per sub: 1, sigma^2: 0.5, beta: -0.41, simulation: 57"
[1] "n sub: 30, n images per sub: 1, sigma^2: 2, beta: -0.41, simulation: 57"
[1] "n sub: 30, n images per sub: 1, sigma^2: 1, beta: -0.41, simulation: 57"
[1] "n sub: 30, n images per sub: 1, sigma^2: 0.5, beta: -0.41, simulation: 58"
[1] "n sub: 30, n images per sub: 1, sigma^2: 2, beta: -0.41, simulation: 58"
[1] "n sub: 30, n images per sub: 1, sigma^2: 1, beta: -0.41, simulation: 58"
[1] "n sub: 30, n images per sub: 1, sigma^2: 0.5, beta: -0.41, simulation: 59"
[1] "n sub: 30, n images per sub: 1, sigma^2: 2, beta: -0.41, simulation: 59"
[1] "n sub: 30, n images per sub: 1, sigma^2: 1, beta: -0.41, simulation: 59"
[1] "n sub: 30, n images per sub: 1, sigma^2: 0.5, beta: -0.41, simulation: 60"
[1] "n sub: 30, n images per sub: 1, sigma^2: 2, beta: -0.41, simulation: 60"
[1] "n sub: 30, n images per sub: 1, sigma^2: 1, beta: -0.41, simulation: 60"
[1] "n sub: 30, n images per sub: 1, sigma^2: 0.5, beta: -0.41, simulation: 61"
[1] "n sub: 30, n images per sub: 1, sigma^2: 2, beta: -0.41, simulation: 61"
[1] "n sub: 30, n images per sub: 1, sigma^2: 1, beta: -0.41, simulation: 61"
[1] "n sub: 30, n images per sub: 1, sigma^2: 0.5, beta: -0.41, simulation: 62"
[1] "n sub: 30, n images per sub: 1, sigma^2: 1, beta: -0.41, simulation: 62"
[1] "n sub: 30, n images per sub: 1, sigma^2: 2, beta: -0.41, simulation: 62"
[1] "n sub: 30, n images per sub: 1, sigma^2: 0.5, beta: -0.41, simulation: 63"
[1] "n sub: 30, n images per sub: 1, sigma^2: 1, beta: -0.41, simulation: 63"
[1] "n sub: 30, n images per sub: 1, sigma^2: 2, beta: -0.41, simulation: 63"
[1] "n sub: 30, n images per sub: 1, sigma^2: 0.5, beta: -0.41, simulation: 64"
[1] "n sub: 30, n images per sub: 1, sigma^2: 1, beta: -0.41, simulation: 64"
[1] "n sub: 30, n images per sub: 1, sigma^2: 2, beta: -0.41, simulation: 64"
[1] "n sub: 30, n images per sub: 1, sigma^2: 0.5, beta: -0.41, simulation: 65"
[1] "n sub: 30, n images per sub: 1, sigma^2: 2, beta: -0.41, simulation: 65"
[1] "n sub: 30, n images per sub: 1, sigma^2: 1, beta: -0.41, simulation: 65"
[1] "n sub: 30, n images per sub: 1, sigma^2: 0.5, beta: -0.41, simulation: 66"
[1] "n sub: 30, n images per sub: 1, sigma^2: 1, beta: -0.41, simulation: 66"
[1] "n sub: 30, n images per sub: 1, sigma^2: 2, beta: -0.41, simulation: 66"
[1] "n sub: 30, n images per sub: 1, sigma^2: 0.5, beta: -0.41, simulation: 67"
[1] "n sub: 30, n images per sub: 1, sigma^2: 1, beta: -0.41, simulation: 67"
[1] "n sub: 30, n images per sub: 1, sigma^2: 2, beta: -0.41, simulation: 67"
[1] "n sub: 30, n images per sub: 1, sigma^2: 0.5, beta: -0.41, simulation: 68"
[1] "n sub: 30, n images per sub: 1, sigma^2: 1, beta: -0.41, simulation: 68"
[1] "n sub: 30, n images per sub: 1, sigma^2: 2, beta: -0.41, simulation: 68"
[1] "n sub: 30, n images per sub: 1, sigma^2: 0.5, beta: -0.41, simulation: 69"
[1] "n sub: 30, n images per sub: 1, sigma^2: 1, beta: -0.41, simulation: 69"
[1] "n sub: 30, n images per sub: 1, sigma^2: 2, beta: -0.41, simulation: 69"
[1] "n sub: 30, n images per sub: 1, sigma^2: 0.5, beta: -0.41, simulation: 70"
[1] "n sub: 30, n images per sub: 1, sigma^2: 1, beta: -0.41, simulation: 70"
[1] "n sub: 30, n images per sub: 1, sigma^2: 2, beta: -0.41, simulation: 70"
