  [1] 3646 3647 3648 3649 3650 3651 3652 3653 3654 3655 3656 3657 3658 3659 3660
 [16] 3661 3662 3663 3664 3665 3666 3667 3668 3669 3670 3671 3672 3673 3674 3675
 [31] 3676 3677 3678 3679 3680 3681 3682 3683 3684 3685 3686 3687 3688 3689 3690
 [46] 3691 3692 3693 3694 3695 3696 3697 3698 3699 3700 3701 3702 3703 3704 3705
 [61] 3706 3707 3708 3709 3710 3711 3712 3713 3714 3715 3716 3717 3718 3719 3720
 [76] 3721 3722 3723 3724 3725 3726 3727 3728 3729 3730 3731 3732 3733 3734 3735
 [91] 3736 3737 3738 3739 3740 3741 3742 3743 3744 3745 3746 3747 3748 3749 3750
[106] 3751 3752 3753 3754 3755 3756 3757 3758 3759 3760 3761 3762 3763 3764 3765
[121] 3766 3767 3768 3769 3770 3771 3772 3773 3774 3775 3776 3777 3778 3779 3780
[1] "n sub: 30, n images per sub: 1, sigma^2: 2, beta: -0.22, simulation: 16"
[1] "n sub: 30, n images per sub: 1, sigma^2: 1, beta: -0.22, simulation: 16"
[1] "n sub: 30, n images per sub: 1, sigma^2: 0.5, beta: -0.22, simulation: 16"
[1] "n sub: 30, n images per sub: 1, sigma^2: 2, beta: -0.22, simulation: 17"
[1] "n sub: 30, n images per sub: 1, sigma^2: 1, beta: -0.22, simulation: 17"
[1] "n sub: 30, n images per sub: 1, sigma^2: 0.5, beta: -0.22, simulation: 17"
[1] "n sub: 30, n images per sub: 1, sigma^2: 2, beta: -0.22, simulation: 18"
[1] "n sub: 30, n images per sub: 1, sigma^2: 1, beta: -0.22, simulation: 18"
[1] "n sub: 30, n images per sub: 1, sigma^2: 0.5, beta: -0.22, simulation: 18"
[1] "n sub: 30, n images per sub: 1, sigma^2: 2, beta: -0.22, simulation: 19"
[1] "n sub: 30, n images per sub: 1, sigma^2: 1, beta: -0.22, simulation: 19"
[1] "n sub: 30, n images per sub: 1, sigma^2: 0.5, beta: -0.22, simulation: 19"
[1] "n sub: 30, n images per sub: 1, sigma^2: 2, beta: -0.22, simulation: 20"
[1] "n sub: 30, n images per sub: 1, sigma^2: 1, beta: -0.22, simulation: 20"
[1] "n sub: 30, n images per sub: 1, sigma^2: 0.5, beta: -0.22, simulation: 20"
[1] "n sub: 30, n images per sub: 1, sigma^2: 2, beta: -0.22, simulation: 21"
[1] "n sub: 30, n images per sub: 1, sigma^2: 1, beta: -0.22, simulation: 21"
[1] "n sub: 30, n images per sub: 1, sigma^2: 0.5, beta: -0.22, simulation: 21"
[1] "n sub: 30, n images per sub: 1, sigma^2: 2, beta: -0.22, simulation: 22"
[1] "n sub: 30, n images per sub: 1, sigma^2: 1, beta: -0.22, simulation: 22"
[1] "n sub: 30, n images per sub: 1, sigma^2: 0.5, beta: -0.22, simulation: 22"
[1] "n sub: 30, n images per sub: 1, sigma^2: 2, beta: -0.22, simulation: 23"
[1] "n sub: 30, n images per sub: 1, sigma^2: 1, beta: -0.22, simulation: 23"
[1] "n sub: 30, n images per sub: 1, sigma^2: 0.5, beta: -0.22, simulation: 23"
[1] "n sub: 30, n images per sub: 1, sigma^2: 2, beta: -0.22, simulation: 24"
[1] "n sub: 30, n images per sub: 1, sigma^2: 1, beta: -0.22, simulation: 24"
[1] "n sub: 30, n images per sub: 1, sigma^2: 0.5, beta: -0.22, simulation: 24"
[1] "n sub: 30, n images per sub: 1, sigma^2: 2, beta: -0.22, simulation: 25"
[1] "n sub: 30, n images per sub: 1, sigma^2: 1, beta: -0.22, simulation: 25"
[1] "n sub: 30, n images per sub: 1, sigma^2: 0.5, beta: -0.22, simulation: 25"
[1] "n sub: 30, n images per sub: 1, sigma^2: 2, beta: -0.22, simulation: 26"
[1] "n sub: 30, n images per sub: 1, sigma^2: 1, beta: -0.22, simulation: 26"
[1] "n sub: 30, n images per sub: 1, sigma^2: 0.5, beta: -0.22, simulation: 26"
[1] "n sub: 30, n images per sub: 1, sigma^2: 2, beta: -0.22, simulation: 27"
[1] "n sub: 30, n images per sub: 1, sigma^2: 1, beta: -0.22, simulation: 27"
[1] "n sub: 30, n images per sub: 1, sigma^2: 0.5, beta: -0.22, simulation: 27"
[1] "n sub: 30, n images per sub: 1, sigma^2: 2, beta: -0.22, simulation: 28"
[1] "n sub: 30, n images per sub: 1, sigma^2: 1, beta: -0.22, simulation: 28"
[1] "n sub: 30, n images per sub: 1, sigma^2: 0.5, beta: -0.22, simulation: 28"
[1] "n sub: 30, n images per sub: 1, sigma^2: 2, beta: -0.22, simulation: 29"
[1] "n sub: 30, n images per sub: 1, sigma^2: 1, beta: -0.22, simulation: 29"
[1] "n sub: 30, n images per sub: 1, sigma^2: 0.5, beta: -0.22, simulation: 29"
[1] "n sub: 30, n images per sub: 1, sigma^2: 2, beta: -0.22, simulation: 30"
[1] "n sub: 30, n images per sub: 1, sigma^2: 1, beta: -0.22, simulation: 30"
[1] "n sub: 30, n images per sub: 1, sigma^2: 0.5, beta: -0.22, simulation: 30"
[1] "n sub: 30, n images per sub: 1, sigma^2: 2, beta: -0.22, simulation: 31"
[1] "n sub: 30, n images per sub: 1, sigma^2: 1, beta: -0.22, simulation: 31"
[1] "n sub: 30, n images per sub: 1, sigma^2: 0.5, beta: -0.22, simulation: 31"
[1] "n sub: 30, n images per sub: 1, sigma^2: 2, beta: -0.22, simulation: 32"
[1] "n sub: 30, n images per sub: 1, sigma^2: 1, beta: -0.22, simulation: 32"
[1] "n sub: 30, n images per sub: 1, sigma^2: 0.5, beta: -0.22, simulation: 32"
[1] "n sub: 30, n images per sub: 1, sigma^2: 2, beta: -0.22, simulation: 33"
[1] "n sub: 30, n images per sub: 1, sigma^2: 1, beta: -0.22, simulation: 33"
[1] "n sub: 30, n images per sub: 1, sigma^2: 0.5, beta: -0.22, simulation: 33"
[1] "n sub: 30, n images per sub: 1, sigma^2: 2, beta: -0.22, simulation: 34"
[1] "n sub: 30, n images per sub: 1, sigma^2: 1, beta: -0.22, simulation: 34"
[1] "n sub: 30, n images per sub: 1, sigma^2: 0.5, beta: -0.22, simulation: 34"
[1] "n sub: 30, n images per sub: 1, sigma^2: 2, beta: -0.22, simulation: 35"
[1] "n sub: 30, n images per sub: 1, sigma^2: 1, beta: -0.22, simulation: 35"
[1] "n sub: 30, n images per sub: 1, sigma^2: 0.5, beta: -0.22, simulation: 35"
[1] "n sub: 30, n images per sub: 1, sigma^2: 2, beta: -0.22, simulation: 36"
[1] "n sub: 30, n images per sub: 1, sigma^2: 1, beta: -0.22, simulation: 36"
[1] "n sub: 30, n images per sub: 1, sigma^2: 0.5, beta: -0.22, simulation: 36"
[1] "n sub: 30, n images per sub: 1, sigma^2: 2, beta: -0.22, simulation: 37"
[1] "n sub: 30, n images per sub: 1, sigma^2: 1, beta: -0.22, simulation: 37"
[1] "n sub: 30, n images per sub: 1, sigma^2: 0.5, beta: -0.22, simulation: 37"
[1] "n sub: 30, n images per sub: 1, sigma^2: 2, beta: -0.22, simulation: 38"
[1] "n sub: 30, n images per sub: 1, sigma^2: 1, beta: -0.22, simulation: 38"
[1] "n sub: 30, n images per sub: 1, sigma^2: 0.5, beta: -0.22, simulation: 38"
[1] "n sub: 30, n images per sub: 1, sigma^2: 2, beta: -0.22, simulation: 39"
[1] "n sub: 30, n images per sub: 1, sigma^2: 1, beta: -0.22, simulation: 39"
[1] "n sub: 30, n images per sub: 1, sigma^2: 0.5, beta: -0.22, simulation: 39"
[1] "n sub: 30, n images per sub: 1, sigma^2: 2, beta: -0.22, simulation: 40"
[1] "n sub: 30, n images per sub: 1, sigma^2: 1, beta: -0.22, simulation: 40"
[1] "n sub: 30, n images per sub: 1, sigma^2: 0.5, beta: -0.22, simulation: 40"
[1] "n sub: 30, n images per sub: 1, sigma^2: 2, beta: -0.22, simulation: 41"
[1] "n sub: 30, n images per sub: 1, sigma^2: 1, beta: -0.22, simulation: 41"
[1] "n sub: 30, n images per sub: 1, sigma^2: 0.5, beta: -0.22, simulation: 41"
[1] "n sub: 30, n images per sub: 1, sigma^2: 2, beta: -0.22, simulation: 42"
[1] "n sub: 30, n images per sub: 1, sigma^2: 0.5, beta: -0.22, simulation: 42"
[1] "n sub: 30, n images per sub: 1, sigma^2: 1, beta: -0.22, simulation: 42"
[1] "n sub: 30, n images per sub: 1, sigma^2: 2, beta: -0.22, simulation: 43"
[1] "n sub: 30, n images per sub: 1, sigma^2: 0.5, beta: -0.22, simulation: 43"
[1] "n sub: 30, n images per sub: 1, sigma^2: 1, beta: -0.22, simulation: 43"
[1] "n sub: 30, n images per sub: 1, sigma^2: 2, beta: -0.22, simulation: 44"
[1] "n sub: 30, n images per sub: 1, sigma^2: 0.5, beta: -0.22, simulation: 44"
[1] "n sub: 30, n images per sub: 1, sigma^2: 1, beta: -0.22, simulation: 44"
[1] "n sub: 30, n images per sub: 1, sigma^2: 2, beta: -0.22, simulation: 45"
[1] "n sub: 30, n images per sub: 1, sigma^2: 0.5, beta: -0.22, simulation: 45"
[1] "n sub: 30, n images per sub: 1, sigma^2: 1, beta: -0.22, simulation: 45"
[1] "n sub: 30, n images per sub: 1, sigma^2: 2, beta: -0.22, simulation: 46"
[1] "n sub: 30, n images per sub: 1, sigma^2: 0.5, beta: -0.22, simulation: 46"
[1] "n sub: 30, n images per sub: 1, sigma^2: 1, beta: -0.22, simulation: 46"
[1] "n sub: 30, n images per sub: 1, sigma^2: 2, beta: -0.22, simulation: 47"
[1] "n sub: 30, n images per sub: 1, sigma^2: 1, beta: -0.22, simulation: 47"
[1] "n sub: 30, n images per sub: 1, sigma^2: 0.5, beta: -0.22, simulation: 47"
[1] "n sub: 30, n images per sub: 1, sigma^2: 2, beta: -0.22, simulation: 48"
[1] "n sub: 30, n images per sub: 1, sigma^2: 1, beta: -0.22, simulation: 48"
[1] "n sub: 30, n images per sub: 1, sigma^2: 0.5, beta: -0.22, simulation: 48"
[1] "n sub: 30, n images per sub: 1, sigma^2: 2, beta: -0.22, simulation: 49"
[1] "n sub: 30, n images per sub: 1, sigma^2: 1, beta: -0.22, simulation: 49"
[1] "n sub: 30, n images per sub: 1, sigma^2: 0.5, beta: -0.22, simulation: 49"
[1] "n sub: 30, n images per sub: 1, sigma^2: 2, beta: -0.22, simulation: 50"
[1] "n sub: 30, n images per sub: 1, sigma^2: 1, beta: -0.22, simulation: 50"
[1] "n sub: 30, n images per sub: 1, sigma^2: 0.5, beta: -0.22, simulation: 50"
[1] "n sub: 30, n images per sub: 1, sigma^2: 2, beta: -0.22, simulation: 51"
[1] "n sub: 30, n images per sub: 1, sigma^2: 1, beta: -0.22, simulation: 51"
[1] "n sub: 30, n images per sub: 1, sigma^2: 0.5, beta: -0.22, simulation: 51"
[1] "n sub: 30, n images per sub: 1, sigma^2: 2, beta: -0.22, simulation: 52"
[1] "n sub: 30, n images per sub: 1, sigma^2: 1, beta: -0.22, simulation: 52"
[1] "n sub: 30, n images per sub: 1, sigma^2: 0.5, beta: -0.22, simulation: 52"
[1] "n sub: 30, n images per sub: 1, sigma^2: 2, beta: -0.22, simulation: 53"
[1] "n sub: 30, n images per sub: 1, sigma^2: 1, beta: -0.22, simulation: 53"
[1] "n sub: 30, n images per sub: 1, sigma^2: 0.5, beta: -0.22, simulation: 53"
[1] "n sub: 30, n images per sub: 1, sigma^2: 2, beta: -0.22, simulation: 54"
[1] "n sub: 30, n images per sub: 1, sigma^2: 1, beta: -0.22, simulation: 54"
[1] "n sub: 30, n images per sub: 1, sigma^2: 0.5, beta: -0.22, simulation: 54"
[1] "n sub: 30, n images per sub: 1, sigma^2: 2, beta: -0.22, simulation: 55"
[1] "n sub: 30, n images per sub: 1, sigma^2: 1, beta: -0.22, simulation: 55"
[1] "n sub: 30, n images per sub: 1, sigma^2: 0.5, beta: -0.22, simulation: 55"
[1] "n sub: 30, n images per sub: 1, sigma^2: 2, beta: -0.22, simulation: 56"
[1] "n sub: 30, n images per sub: 1, sigma^2: 1, beta: -0.22, simulation: 56"
[1] "n sub: 30, n images per sub: 1, sigma^2: 0.5, beta: -0.22, simulation: 56"
[1] "n sub: 30, n images per sub: 1, sigma^2: 2, beta: -0.22, simulation: 57"
[1] "n sub: 30, n images per sub: 1, sigma^2: 1, beta: -0.22, simulation: 57"
[1] "n sub: 30, n images per sub: 1, sigma^2: 0.5, beta: -0.22, simulation: 57"
[1] "n sub: 30, n images per sub: 1, sigma^2: 2, beta: -0.22, simulation: 58"
[1] "n sub: 30, n images per sub: 1, sigma^2: 1, beta: -0.22, simulation: 58"
[1] "n sub: 30, n images per sub: 1, sigma^2: 0.5, beta: -0.22, simulation: 58"
[1] "n sub: 30, n images per sub: 1, sigma^2: 2, beta: -0.22, simulation: 59"
[1] "n sub: 30, n images per sub: 1, sigma^2: 1, beta: -0.22, simulation: 59"
[1] "n sub: 30, n images per sub: 1, sigma^2: 0.5, beta: -0.22, simulation: 59"
[1] "n sub: 30, n images per sub: 1, sigma^2: 2, beta: -0.22, simulation: 60"
[1] "n sub: 30, n images per sub: 1, sigma^2: 1, beta: -0.22, simulation: 60"
[1] "n sub: 30, n images per sub: 1, sigma^2: 0.5, beta: -0.22, simulation: 60"
