  [1] 6211 6212 6213 6214 6215 6216 6217 6218 6219 6220 6221 6222 6223 6224 6225
 [16] 6226 6227 6228 6229 6230 6231 6232 6233 6234 6235 6236 6237 6238 6239 6240
 [31] 6241 6242 6243 6244 6245 6246 6247 6248 6249 6250 6251 6252 6253 6254 6255
 [46] 6256 6257 6258 6259 6260 6261 6262 6263 6264 6265 6266 6267 6268 6269 6270
 [61] 6271 6272 6273 6274 6275 6276 6277 6278 6279 6280 6281 6282 6283 6284 6285
 [76] 6286 6287 6288 6289 6290 6291 6292 6293 6294 6295 6296 6297 6298 6299 6300
 [91] 6301 6302 6303 6304 6305 6306 6307 6308 6309 6310 6311 6312 6313 6314 6315
[106] 6316 6317 6318 6319 6320 6321 6322 6323 6324 6325 6326 6327 6328 6329 6330
[121] 6331 6332 6333 6334 6335 6336 6337 6338 6339 6340 6341 6342 6343 6344 6345
[1] "n sub: 50, n images per sub: 1, sigma^2: 0.5, beta: -0.41, simulation: 71"
[1] "n sub: 50, n images per sub: 1, sigma^2: 1, beta: -0.41, simulation: 71"
[1] "n sub: 50, n images per sub: 1, sigma^2: 2, beta: -0.41, simulation: 71"
[1] "n sub: 50, n images per sub: 1, sigma^2: 0.5, beta: -0.41, simulation: 72"
[1] "n sub: 50, n images per sub: 1, sigma^2: 2, beta: -0.41, simulation: 72"
[1] "n sub: 50, n images per sub: 1, sigma^2: 1, beta: -0.41, simulation: 72"
[1] "n sub: 50, n images per sub: 1, sigma^2: 0.5, beta: -0.41, simulation: 73"
[1] "n sub: 50, n images per sub: 1, sigma^2: 1, beta: -0.41, simulation: 73"
[1] "n sub: 50, n images per sub: 1, sigma^2: 2, beta: -0.41, simulation: 73"
[1] "n sub: 50, n images per sub: 1, sigma^2: 0.5, beta: -0.41, simulation: 74"
[1] "n sub: 50, n images per sub: 1, sigma^2: 2, beta: -0.41, simulation: 74"
[1] "n sub: 50, n images per sub: 1, sigma^2: 1, beta: -0.41, simulation: 74"
[1] "n sub: 50, n images per sub: 1, sigma^2: 0.5, beta: -0.41, simulation: 75"
[1] "n sub: 50, n images per sub: 1, sigma^2: 2, beta: -0.41, simulation: 75"
[1] "n sub: 50, n images per sub: 1, sigma^2: 1, beta: -0.41, simulation: 75"
[1] "n sub: 50, n images per sub: 1, sigma^2: 0.5, beta: -0.41, simulation: 76"
[1] "n sub: 50, n images per sub: 1, sigma^2: 2, beta: -0.41, simulation: 76"
[1] "n sub: 50, n images per sub: 1, sigma^2: 1, beta: -0.41, simulation: 76"
[1] "n sub: 50, n images per sub: 1, sigma^2: 0.5, beta: -0.41, simulation: 77"
[1] "n sub: 50, n images per sub: 1, sigma^2: 2, beta: -0.41, simulation: 77"
[1] "n sub: 50, n images per sub: 1, sigma^2: 1, beta: -0.41, simulation: 77"
[1] "n sub: 50, n images per sub: 1, sigma^2: 0.5, beta: -0.41, simulation: 78"
[1] "n sub: 50, n images per sub: 1, sigma^2: 2, beta: -0.41, simulation: 78"
[1] "n sub: 50, n images per sub: 1, sigma^2: 1, beta: -0.41, simulation: 78"
[1] "n sub: 50, n images per sub: 1, sigma^2: 0.5, beta: -0.41, simulation: 79"
[1] "n sub: 50, n images per sub: 1, sigma^2: 2, beta: -0.41, simulation: 79"
[1] "n sub: 50, n images per sub: 1, sigma^2: 1, beta: -0.41, simulation: 79"
[1] "n sub: 50, n images per sub: 1, sigma^2: 0.5, beta: -0.41, simulation: 80"
[1] "n sub: 50, n images per sub: 1, sigma^2: 2, beta: -0.41, simulation: 80"
[1] "n sub: 50, n images per sub: 1, sigma^2: 1, beta: -0.41, simulation: 80"
[1] "n sub: 50, n images per sub: 1, sigma^2: 0.5, beta: -0.41, simulation: 81"
[1] "n sub: 50, n images per sub: 1, sigma^2: 2, beta: -0.41, simulation: 81"
[1] "n sub: 50, n images per sub: 1, sigma^2: 1, beta: -0.41, simulation: 81"
[1] "n sub: 50, n images per sub: 1, sigma^2: 0.5, beta: -0.41, simulation: 82"
[1] "n sub: 50, n images per sub: 1, sigma^2: 2, beta: -0.41, simulation: 82"
[1] "n sub: 50, n images per sub: 1, sigma^2: 1, beta: -0.41, simulation: 82"
[1] "n sub: 50, n images per sub: 1, sigma^2: 0.5, beta: -0.41, simulation: 83"
[1] "n sub: 50, n images per sub: 1, sigma^2: 2, beta: -0.41, simulation: 83"
[1] "n sub: 50, n images per sub: 1, sigma^2: 1, beta: -0.41, simulation: 83"
[1] "n sub: 50, n images per sub: 1, sigma^2: 0.5, beta: -0.41, simulation: 84"
[1] "n sub: 50, n images per sub: 1, sigma^2: 2, beta: -0.41, simulation: 84"
[1] "n sub: 50, n images per sub: 1, sigma^2: 1, beta: -0.41, simulation: 84"
[1] "n sub: 50, n images per sub: 1, sigma^2: 0.5, beta: -0.41, simulation: 85"
[1] "n sub: 50, n images per sub: 1, sigma^2: 2, beta: -0.41, simulation: 85"
[1] "n sub: 50, n images per sub: 1, sigma^2: 1, beta: -0.41, simulation: 85"
[1] "n sub: 50, n images per sub: 1, sigma^2: 0.5, beta: -0.41, simulation: 86"
[1] "n sub: 50, n images per sub: 1, sigma^2: 2, beta: -0.41, simulation: 86"
[1] "n sub: 50, n images per sub: 1, sigma^2: 1, beta: -0.41, simulation: 86"
[1] "n sub: 50, n images per sub: 1, sigma^2: 0.5, beta: -0.41, simulation: 87"
[1] "n sub: 50, n images per sub: 1, sigma^2: 2, beta: -0.41, simulation: 87"
[1] "n sub: 50, n images per sub: 1, sigma^2: 1, beta: -0.41, simulation: 87"
[1] "n sub: 50, n images per sub: 1, sigma^2: 2, beta: -0.41, simulation: 88"
[1] "n sub: 50, n images per sub: 1, sigma^2: 0.5, beta: -0.41, simulation: 88"
[1] "n sub: 50, n images per sub: 1, sigma^2: 1, beta: -0.41, simulation: 88"
[1] "n sub: 50, n images per sub: 1, sigma^2: 0.5, beta: -0.41, simulation: 89"
[1] "n sub: 50, n images per sub: 1, sigma^2: 2, beta: -0.41, simulation: 89"
[1] "n sub: 50, n images per sub: 1, sigma^2: 1, beta: -0.41, simulation: 89"
[1] "n sub: 50, n images per sub: 1, sigma^2: 0.5, beta: -0.41, simulation: 90"
[1] "n sub: 50, n images per sub: 1, sigma^2: 2, beta: -0.41, simulation: 90"
[1] "n sub: 50, n images per sub: 1, sigma^2: 1, beta: -0.41, simulation: 90"
[1] "n sub: 50, n images per sub: 1, sigma^2: 0.5, beta: -0.41, simulation: 91"
[1] "n sub: 50, n images per sub: 1, sigma^2: 2, beta: -0.41, simulation: 91"
[1] "n sub: 50, n images per sub: 1, sigma^2: 1, beta: -0.41, simulation: 91"
[1] "n sub: 50, n images per sub: 1, sigma^2: 0.5, beta: -0.41, simulation: 92"
[1] "n sub: 50, n images per sub: 1, sigma^2: 2, beta: -0.41, simulation: 92"
[1] "n sub: 50, n images per sub: 1, sigma^2: 1, beta: -0.41, simulation: 92"
[1] "n sub: 50, n images per sub: 1, sigma^2: 0.5, beta: -0.41, simulation: 93"
[1] "n sub: 50, n images per sub: 1, sigma^2: 2, beta: -0.41, simulation: 93"
[1] "n sub: 50, n images per sub: 1, sigma^2: 1, beta: -0.41, simulation: 93"
[1] "n sub: 50, n images per sub: 1, sigma^2: 0.5, beta: -0.41, simulation: 94"
[1] "n sub: 50, n images per sub: 1, sigma^2: 2, beta: -0.41, simulation: 94"
[1] "n sub: 50, n images per sub: 1, sigma^2: 1, beta: -0.41, simulation: 94"
[1] "n sub: 50, n images per sub: 1, sigma^2: 2, beta: -0.41, simulation: 95"
[1] "n sub: 50, n images per sub: 1, sigma^2: 1, beta: -0.41, simulation: 95"
[1] "n sub: 50, n images per sub: 1, sigma^2: 0.5, beta: -0.41, simulation: 95"
[1] "n sub: 50, n images per sub: 1, sigma^2: 0.5, beta: -0.41, simulation: 96"
[1] "n sub: 50, n images per sub: 1, sigma^2: 2, beta: -0.41, simulation: 96"
[1] "n sub: 50, n images per sub: 1, sigma^2: 1, beta: -0.41, simulation: 96"
[1] "n sub: 50, n images per sub: 1, sigma^2: 2, beta: -0.41, simulation: 97"
[1] "n sub: 50, n images per sub: 1, sigma^2: 1, beta: -0.41, simulation: 97"
[1] "n sub: 50, n images per sub: 1, sigma^2: 0.5, beta: -0.41, simulation: 97"
[1] "n sub: 50, n images per sub: 1, sigma^2: 2, beta: -0.41, simulation: 98"
[1] "n sub: 50, n images per sub: 1, sigma^2: 1, beta: -0.41, simulation: 98"
[1] "n sub: 50, n images per sub: 1, sigma^2: 0.5, beta: -0.41, simulation: 98"
[1] "n sub: 50, n images per sub: 1, sigma^2: 2, beta: -0.41, simulation: 99"
[1] "n sub: 50, n images per sub: 1, sigma^2: 1, beta: -0.41, simulation: 99"
[1] "n sub: 50, n images per sub: 1, sigma^2: 0.5, beta: -0.41, simulation: 99"
[1] "n sub: 50, n images per sub: 1, sigma^2: 2, beta: -0.41, simulation: 100"
[1] "n sub: 50, n images per sub: 1, sigma^2: 1, beta: -0.41, simulation: 100"
[1] "n sub: 50, n images per sub: 1, sigma^2: 0.5, beta: -0.41, simulation: 100"
[1] "n sub: 50, n images per sub: 1, sigma^2: 2, beta: -0.22, simulation: 1"
[1] "n sub: 50, n images per sub: 1, sigma^2: 0.5, beta: -0.22, simulation: 1"
[1] "n sub: 50, n images per sub: 1, sigma^2: 1, beta: -0.22, simulation: 1"
[1] "n sub: 50, n images per sub: 1, sigma^2: 2, beta: -0.22, simulation: 2"
[1] "n sub: 50, n images per sub: 1, sigma^2: 1, beta: -0.22, simulation: 2"
[1] "n sub: 50, n images per sub: 1, sigma^2: 0.5, beta: -0.22, simulation: 2"
[1] "n sub: 50, n images per sub: 1, sigma^2: 2, beta: -0.22, simulation: 3"
[1] "n sub: 50, n images per sub: 1, sigma^2: 1, beta: -0.22, simulation: 3"
[1] "n sub: 50, n images per sub: 1, sigma^2: 0.5, beta: -0.22, simulation: 3"
[1] "n sub: 50, n images per sub: 1, sigma^2: 2, beta: -0.22, simulation: 4"
[1] "n sub: 50, n images per sub: 1, sigma^2: 1, beta: -0.22, simulation: 4"
[1] "n sub: 50, n images per sub: 1, sigma^2: 0.5, beta: -0.22, simulation: 4"
[1] "n sub: 50, n images per sub: 1, sigma^2: 2, beta: -0.22, simulation: 5"
[1] "n sub: 50, n images per sub: 1, sigma^2: 1, beta: -0.22, simulation: 5"
[1] "n sub: 50, n images per sub: 1, sigma^2: 0.5, beta: -0.22, simulation: 5"
[1] "n sub: 50, n images per sub: 1, sigma^2: 2, beta: -0.22, simulation: 6"
[1] "n sub: 50, n images per sub: 1, sigma^2: 1, beta: -0.22, simulation: 6"
[1] "n sub: 50, n images per sub: 1, sigma^2: 0.5, beta: -0.22, simulation: 6"
[1] "n sub: 50, n images per sub: 1, sigma^2: 2, beta: -0.22, simulation: 7"
[1] "n sub: 50, n images per sub: 1, sigma^2: 1, beta: -0.22, simulation: 7"
[1] "n sub: 50, n images per sub: 1, sigma^2: 0.5, beta: -0.22, simulation: 7"
[1] "n sub: 50, n images per sub: 1, sigma^2: 2, beta: -0.22, simulation: 8"
[1] "n sub: 50, n images per sub: 1, sigma^2: 1, beta: -0.22, simulation: 8"
[1] "n sub: 50, n images per sub: 1, sigma^2: 0.5, beta: -0.22, simulation: 8"
[1] "n sub: 50, n images per sub: 1, sigma^2: 2, beta: -0.22, simulation: 9"
[1] "n sub: 50, n images per sub: 1, sigma^2: 1, beta: -0.22, simulation: 9"
[1] "n sub: 50, n images per sub: 1, sigma^2: 0.5, beta: -0.22, simulation: 9"
[1] "n sub: 50, n images per sub: 1, sigma^2: 2, beta: -0.22, simulation: 10"
[1] "n sub: 50, n images per sub: 1, sigma^2: 1, beta: -0.22, simulation: 10"
[1] "n sub: 50, n images per sub: 1, sigma^2: 0.5, beta: -0.22, simulation: 10"
[1] "n sub: 50, n images per sub: 1, sigma^2: 2, beta: -0.22, simulation: 11"
[1] "n sub: 50, n images per sub: 1, sigma^2: 1, beta: -0.22, simulation: 11"
[1] "n sub: 50, n images per sub: 1, sigma^2: 0.5, beta: -0.22, simulation: 11"
[1] "n sub: 50, n images per sub: 1, sigma^2: 2, beta: -0.22, simulation: 12"
[1] "n sub: 50, n images per sub: 1, sigma^2: 1, beta: -0.22, simulation: 12"
[1] "n sub: 50, n images per sub: 1, sigma^2: 0.5, beta: -0.22, simulation: 12"
[1] "n sub: 50, n images per sub: 1, sigma^2: 2, beta: -0.22, simulation: 13"
[1] "n sub: 50, n images per sub: 1, sigma^2: 1, beta: -0.22, simulation: 13"
[1] "n sub: 50, n images per sub: 1, sigma^2: 0.5, beta: -0.22, simulation: 13"
[1] "n sub: 50, n images per sub: 1, sigma^2: 2, beta: -0.22, simulation: 14"
[1] "n sub: 50, n images per sub: 1, sigma^2: 1, beta: -0.22, simulation: 14"
[1] "n sub: 50, n images per sub: 1, sigma^2: 0.5, beta: -0.22, simulation: 14"
[1] "n sub: 50, n images per sub: 1, sigma^2: 2, beta: -0.22, simulation: 15"
[1] "n sub: 50, n images per sub: 1, sigma^2: 1, beta: -0.22, simulation: 15"
[1] "n sub: 50, n images per sub: 1, sigma^2: 0.5, beta: -0.22, simulation: 15"
