 [1] 13123 13124 13125 13126 13127 13128 13129 13130 13131 13132 13133 13134
[13] 13135 13136 13137 13138 13139 13140 13141 13142 13143 13144 13145 13146
[25] 13147 13148 13149 13150 13151 13152 13153 13154 13155 13156 13157 13158
[37] 13159 13160 13161 13162 13163 13164 13165 13166 13167 13168 13169 13170
[49] 13171 13172 13173 13174 13175 13176
[1] "n sub: 30, n images per sub: 5, sigma^2: 2, beta: 0.69, simulation: 75"
[1] "n sub: 30, n images per sub: 5, sigma^2: 1, beta: 0.69, simulation: 75"
[1] "n sub: 30, n images per sub: 5, sigma^2: 0.5, beta: 0.69, simulation: 75"
[1] "n sub: 30, n images per sub: 5, sigma^2: 2, beta: 0.69, simulation: 76"
[1] "n sub: 30, n images per sub: 5, sigma^2: 1, beta: 0.69, simulation: 76"
[1] "n sub: 30, n images per sub: 5, sigma^2: 0.5, beta: 0.69, simulation: 76"
[1] "n sub: 30, n images per sub: 5, sigma^2: 2, beta: 0.69, simulation: 77"
[1] "n sub: 30, n images per sub: 5, sigma^2: 1, beta: 0.69, simulation: 77"
[1] "n sub: 30, n images per sub: 5, sigma^2: 0.5, beta: 0.69, simulation: 77"
[1] "n sub: 30, n images per sub: 5, sigma^2: 2, beta: 0.69, simulation: 78"
[1] "n sub: 30, n images per sub: 5, sigma^2: 1, beta: 0.69, simulation: 78"
[1] "n sub: 30, n images per sub: 5, sigma^2: 0.5, beta: 0.69, simulation: 78"
[1] "n sub: 30, n images per sub: 5, sigma^2: 2, beta: 0.69, simulation: 79"
[1] "n sub: 30, n images per sub: 5, sigma^2: 1, beta: 0.69, simulation: 79"
[1] "n sub: 30, n images per sub: 5, sigma^2: 0.5, beta: 0.69, simulation: 79"
[1] "n sub: 30, n images per sub: 5, sigma^2: 1, beta: 0.69, simulation: 80"
[1] "n sub: 30, n images per sub: 5, sigma^2: 2, beta: 0.69, simulation: 80"
[1] "n sub: 30, n images per sub: 5, sigma^2: 0.5, beta: 0.69, simulation: 80"
[1] "n sub: 30, n images per sub: 5, sigma^2: 1, beta: 0.69, simulation: 81"
[1] "n sub: 30, n images per sub: 5, sigma^2: 2, beta: 0.69, simulation: 81"
[1] "n sub: 30, n images per sub: 5, sigma^2: 0.5, beta: 0.69, simulation: 81"
[1] "n sub: 30, n images per sub: 5, sigma^2: 2, beta: 0.69, simulation: 82"
[1] "n sub: 30, n images per sub: 5, sigma^2: 1, beta: 0.69, simulation: 82"
[1] "n sub: 30, n images per sub: 5, sigma^2: 0.5, beta: 0.69, simulation: 82"
[1] "n sub: 30, n images per sub: 5, sigma^2: 2, beta: 0.69, simulation: 83"
[1] "n sub: 30, n images per sub: 5, sigma^2: 1, beta: 0.69, simulation: 83"
[1] "n sub: 30, n images per sub: 5, sigma^2: 0.5, beta: 0.69, simulation: 83"
[1] "n sub: 30, n images per sub: 5, sigma^2: 2, beta: 0.69, simulation: 84"
[1] "n sub: 30, n images per sub: 5, sigma^2: 1, beta: 0.69, simulation: 84"
[1] "n sub: 30, n images per sub: 5, sigma^2: 0.5, beta: 0.69, simulation: 84"
[1] "n sub: 30, n images per sub: 5, sigma^2: 2, beta: 0.69, simulation: 85"
[1] "n sub: 30, n images per sub: 5, sigma^2: 1, beta: 0.69, simulation: 85"
[1] "n sub: 30, n images per sub: 5, sigma^2: 0.5, beta: 0.69, simulation: 85"
[1] "n sub: 30, n images per sub: 5, sigma^2: 2, beta: 0.69, simulation: 86"
[1] "n sub: 30, n images per sub: 5, sigma^2: 1, beta: 0.69, simulation: 86"
[1] "n sub: 30, n images per sub: 5, sigma^2: 0.5, beta: 0.69, simulation: 86"
[1] "n sub: 30, n images per sub: 5, sigma^2: 2, beta: 0.69, simulation: 87"
[1] "n sub: 30, n images per sub: 5, sigma^2: 1, beta: 0.69, simulation: 87"
[1] "n sub: 30, n images per sub: 5, sigma^2: 0.5, beta: 0.69, simulation: 87"
[1] "n sub: 30, n images per sub: 5, sigma^2: 2, beta: 0.69, simulation: 88"
[1] "n sub: 30, n images per sub: 5, sigma^2: 1, beta: 0.69, simulation: 88"
[1] "n sub: 30, n images per sub: 5, sigma^2: 0.5, beta: 0.69, simulation: 88"
[1] "n sub: 30, n images per sub: 5, sigma^2: 2, beta: 0.69, simulation: 89"
[1] "n sub: 30, n images per sub: 5, sigma^2: 1, beta: 0.69, simulation: 89"
[1] "n sub: 30, n images per sub: 5, sigma^2: 0.5, beta: 0.69, simulation: 89"
[1] "n sub: 30, n images per sub: 5, sigma^2: 2, beta: 0.69, simulation: 90"
[1] "n sub: 30, n images per sub: 5, sigma^2: 1, beta: 0.69, simulation: 90"
[1] "n sub: 30, n images per sub: 5, sigma^2: 0.5, beta: 0.69, simulation: 90"
[1] "n sub: 30, n images per sub: 5, sigma^2: 2, beta: 0.69, simulation: 91"
[1] "n sub: 30, n images per sub: 5, sigma^2: 1, beta: 0.69, simulation: 91"
[1] "n sub: 30, n images per sub: 5, sigma^2: 0.5, beta: 0.69, simulation: 91"
[1] "n sub: 30, n images per sub: 5, sigma^2: 2, beta: 0.69, simulation: 92"
[1] "n sub: 30, n images per sub: 5, sigma^2: 1, beta: 0.69, simulation: 92"
[1] "n sub: 30, n images per sub: 5, sigma^2: 0.5, beta: 0.69, simulation: 92"
