  [1] 1891 1892 1893 1894 1895 1896 1897 1898 1899 1900 1901 1902 1903 1904 1905
 [16] 1906 1907 1908 1909 1910 1911 1912 1913 1914 1915 1916 1917 1918 1919 1920
 [31] 1921 1922 1923 1924 1925 1926 1927 1928 1929 1930 1931 1932 1933 1934 1935
 [46] 1936 1937 1938 1939 1940 1941 1942 1943 1944 1945 1946 1947 1948 1949 1950
 [61] 1951 1952 1953 1954 1955 1956 1957 1958 1959 1960 1961 1962 1963 1964 1965
 [76] 1966 1967 1968 1969 1970 1971 1972 1973 1974 1975 1976 1977 1978 1979 1980
 [91] 1981 1982 1983 1984 1985 1986 1987 1988 1989 1990 1991 1992 1993 1994 1995
[106] 1996 1997 1998 1999 2000 2001 2002 2003 2004 2005 2006 2007 2008 2009 2010
[121] 2011 2012 2013 2014 2015 2016 2017 2018 2019 2020 2021 2022 2023 2024 2025
[1] "n sub: 10, n images per sub: 1, sigma^2: 1, beta: 0.41, simulation: 31"
[1] "n sub: 10, n images per sub: 1, sigma^2: 2, beta: 0.41, simulation: 31"
[1] "n sub: 10, n images per sub: 1, sigma^2: 0.5, beta: 0.41, simulation: 31"
[1] "n sub: 10, n images per sub: 1, sigma^2: 1, beta: 0.41, simulation: 32"
[1] "n sub: 10, n images per sub: 1, sigma^2: 2, beta: 0.41, simulation: 32"
[1] "n sub: 10, n images per sub: 1, sigma^2: 0.5, beta: 0.41, simulation: 32"
[1] "n sub: 10, n images per sub: 1, sigma^2: 0.5, beta: 0.41, simulation: 33"
[1] "n sub: 10, n images per sub: 1, sigma^2: 1, beta: 0.41, simulation: 33"
[1] "n sub: 10, n images per sub: 1, sigma^2: 2, beta: 0.41, simulation: 33"
[1] "n sub: 10, n images per sub: 1, sigma^2: 0.5, beta: 0.41, simulation: 34"
[1] "n sub: 10, n images per sub: 1, sigma^2: 1, beta: 0.41, simulation: 34"
[1] "n sub: 10, n images per sub: 1, sigma^2: 2, beta: 0.41, simulation: 34"
[1] "n sub: 10, n images per sub: 1, sigma^2: 0.5, beta: 0.41, simulation: 35"
[1] "n sub: 10, n images per sub: 1, sigma^2: 1, beta: 0.41, simulation: 35"
[1] "n sub: 10, n images per sub: 1, sigma^2: 2, beta: 0.41, simulation: 35"
[1] "n sub: 10, n images per sub: 1, sigma^2: 0.5, beta: 0.41, simulation: 36"
[1] "n sub: 10, n images per sub: 1, sigma^2: 1, beta: 0.41, simulation: 36"
[1] "n sub: 10, n images per sub: 1, sigma^2: 2, beta: 0.41, simulation: 36"
[1] "n sub: 10, n images per sub: 1, sigma^2: 0.5, beta: 0.41, simulation: 37"
[1] "n sub: 10, n images per sub: 1, sigma^2: 1, beta: 0.41, simulation: 37"
[1] "n sub: 10, n images per sub: 1, sigma^2: 2, beta: 0.41, simulation: 37"
[1] "n sub: 10, n images per sub: 1, sigma^2: 0.5, beta: 0.41, simulation: 38"
[1] "n sub: 10, n images per sub: 1, sigma^2: 1, beta: 0.41, simulation: 38"
[1] "n sub: 10, n images per sub: 1, sigma^2: 2, beta: 0.41, simulation: 38"
[1] "n sub: 10, n images per sub: 1, sigma^2: 0.5, beta: 0.41, simulation: 39"
[1] "n sub: 10, n images per sub: 1, sigma^2: 1, beta: 0.41, simulation: 39"
[1] "n sub: 10, n images per sub: 1, sigma^2: 2, beta: 0.41, simulation: 39"
[1] "n sub: 10, n images per sub: 1, sigma^2: 2, beta: 0.41, simulation: 40"
[1] "n sub: 10, n images per sub: 1, sigma^2: 1, beta: 0.41, simulation: 40"
[1] "n sub: 10, n images per sub: 1, sigma^2: 0.5, beta: 0.41, simulation: 40"
[1] "n sub: 10, n images per sub: 1, sigma^2: 2, beta: 0.41, simulation: 41"
[1] "n sub: 10, n images per sub: 1, sigma^2: 1, beta: 0.41, simulation: 41"
[1] "n sub: 10, n images per sub: 1, sigma^2: 0.5, beta: 0.41, simulation: 41"
[1] "n sub: 10, n images per sub: 1, sigma^2: 2, beta: 0.41, simulation: 42"
[1] "n sub: 10, n images per sub: 1, sigma^2: 1, beta: 0.41, simulation: 42"
[1] "n sub: 10, n images per sub: 1, sigma^2: 0.5, beta: 0.41, simulation: 42"
[1] "n sub: 10, n images per sub: 1, sigma^2: 2, beta: 0.41, simulation: 43"
[1] "n sub: 10, n images per sub: 1, sigma^2: 1, beta: 0.41, simulation: 43"
[1] "n sub: 10, n images per sub: 1, sigma^2: 0.5, beta: 0.41, simulation: 43"
[1] "n sub: 10, n images per sub: 1, sigma^2: 2, beta: 0.41, simulation: 44"
[1] "n sub: 10, n images per sub: 1, sigma^2: 1, beta: 0.41, simulation: 44"
[1] "n sub: 10, n images per sub: 1, sigma^2: 0.5, beta: 0.41, simulation: 44"
[1] "n sub: 10, n images per sub: 1, sigma^2: 2, beta: 0.41, simulation: 45"
[1] "n sub: 10, n images per sub: 1, sigma^2: 1, beta: 0.41, simulation: 45"
[1] "n sub: 10, n images per sub: 1, sigma^2: 0.5, beta: 0.41, simulation: 45"
[1] "n sub: 10, n images per sub: 1, sigma^2: 1, beta: 0.41, simulation: 46"
[1] "n sub: 10, n images per sub: 1, sigma^2: 2, beta: 0.41, simulation: 46"
[1] "n sub: 10, n images per sub: 1, sigma^2: 0.5, beta: 0.41, simulation: 46"
[1] "n sub: 10, n images per sub: 1, sigma^2: 2, beta: 0.41, simulation: 47"
[1] "n sub: 10, n images per sub: 1, sigma^2: 1, beta: 0.41, simulation: 47"
[1] "n sub: 10, n images per sub: 1, sigma^2: 0.5, beta: 0.41, simulation: 47"
[1] "n sub: 10, n images per sub: 1, sigma^2: 1, beta: 0.41, simulation: 48"
[1] "n sub: 10, n images per sub: 1, sigma^2: 2, beta: 0.41, simulation: 48"
[1] "n sub: 10, n images per sub: 1, sigma^2: 0.5, beta: 0.41, simulation: 48"
[1] "n sub: 10, n images per sub: 1, sigma^2: 0.5, beta: 0.41, simulation: 49"
[1] "n sub: 10, n images per sub: 1, sigma^2: 2, beta: 0.41, simulation: 49"
[1] "n sub: 10, n images per sub: 1, sigma^2: 1, beta: 0.41, simulation: 49"
[1] "n sub: 10, n images per sub: 1, sigma^2: 0.5, beta: 0.41, simulation: 50"
[1] "n sub: 10, n images per sub: 1, sigma^2: 1, beta: 0.41, simulation: 50"
[1] "n sub: 10, n images per sub: 1, sigma^2: 2, beta: 0.41, simulation: 50"
[1] "n sub: 10, n images per sub: 1, sigma^2: 0.5, beta: 0.41, simulation: 51"
[1] "n sub: 10, n images per sub: 1, sigma^2: 1, beta: 0.41, simulation: 51"
[1] "n sub: 10, n images per sub: 1, sigma^2: 2, beta: 0.41, simulation: 51"
[1] "n sub: 10, n images per sub: 1, sigma^2: 0.5, beta: 0.41, simulation: 52"
[1] "n sub: 10, n images per sub: 1, sigma^2: 1, beta: 0.41, simulation: 52"
[1] "n sub: 10, n images per sub: 1, sigma^2: 2, beta: 0.41, simulation: 52"
[1] "n sub: 10, n images per sub: 1, sigma^2: 0.5, beta: 0.41, simulation: 53"
[1] "n sub: 10, n images per sub: 1, sigma^2: 1, beta: 0.41, simulation: 53"
[1] "n sub: 10, n images per sub: 1, sigma^2: 2, beta: 0.41, simulation: 53"
[1] "n sub: 10, n images per sub: 1, sigma^2: 0.5, beta: 0.41, simulation: 54"
[1] "n sub: 10, n images per sub: 1, sigma^2: 1, beta: 0.41, simulation: 54"
[1] "n sub: 10, n images per sub: 1, sigma^2: 2, beta: 0.41, simulation: 54"
[1] "n sub: 10, n images per sub: 1, sigma^2: 0.5, beta: 0.41, simulation: 55"
[1] "n sub: 10, n images per sub: 1, sigma^2: 1, beta: 0.41, simulation: 55"
[1] "n sub: 10, n images per sub: 1, sigma^2: 2, beta: 0.41, simulation: 55"
[1] "n sub: 10, n images per sub: 1, sigma^2: 0.5, beta: 0.41, simulation: 56"
[1] "n sub: 10, n images per sub: 1, sigma^2: 1, beta: 0.41, simulation: 56"
[1] "n sub: 10, n images per sub: 1, sigma^2: 2, beta: 0.41, simulation: 56"
[1] "n sub: 10, n images per sub: 1, sigma^2: 0.5, beta: 0.41, simulation: 57"
[1] "n sub: 10, n images per sub: 1, sigma^2: 1, beta: 0.41, simulation: 57"
[1] "n sub: 10, n images per sub: 1, sigma^2: 2, beta: 0.41, simulation: 57"
[1] "n sub: 10, n images per sub: 1, sigma^2: 0.5, beta: 0.41, simulation: 58"
[1] "n sub: 10, n images per sub: 1, sigma^2: 1, beta: 0.41, simulation: 58"
[1] "n sub: 10, n images per sub: 1, sigma^2: 2, beta: 0.41, simulation: 58"
[1] "n sub: 10, n images per sub: 1, sigma^2: 0.5, beta: 0.41, simulation: 59"
[1] "n sub: 10, n images per sub: 1, sigma^2: 1, beta: 0.41, simulation: 59"
[1] "n sub: 10, n images per sub: 1, sigma^2: 2, beta: 0.41, simulation: 59"
[1] "n sub: 10, n images per sub: 1, sigma^2: 2, beta: 0.41, simulation: 60"
[1] "n sub: 10, n images per sub: 1, sigma^2: 1, beta: 0.41, simulation: 60"
[1] "n sub: 10, n images per sub: 1, sigma^2: 0.5, beta: 0.41, simulation: 60"
[1] "n sub: 10, n images per sub: 1, sigma^2: 2, beta: 0.41, simulation: 61"
[1] "n sub: 10, n images per sub: 1, sigma^2: 1, beta: 0.41, simulation: 61"
[1] "n sub: 10, n images per sub: 1, sigma^2: 0.5, beta: 0.41, simulation: 61"
[1] "n sub: 10, n images per sub: 1, sigma^2: 2, beta: 0.41, simulation: 62"
[1] "n sub: 10, n images per sub: 1, sigma^2: 0.5, beta: 0.41, simulation: 62"
[1] "n sub: 10, n images per sub: 1, sigma^2: 1, beta: 0.41, simulation: 62"
[1] "n sub: 10, n images per sub: 1, sigma^2: 2, beta: 0.41, simulation: 63"
[1] "n sub: 10, n images per sub: 1, sigma^2: 0.5, beta: 0.41, simulation: 63"
[1] "n sub: 10, n images per sub: 1, sigma^2: 1, beta: 0.41, simulation: 63"
[1] "n sub: 10, n images per sub: 1, sigma^2: 2, beta: 0.41, simulation: 64"
[1] "n sub: 10, n images per sub: 1, sigma^2: 1, beta: 0.41, simulation: 64"
[1] "n sub: 10, n images per sub: 1, sigma^2: 0.5, beta: 0.41, simulation: 64"
[1] "n sub: 10, n images per sub: 1, sigma^2: 2, beta: 0.41, simulation: 65"
[1] "n sub: 10, n images per sub: 1, sigma^2: 0.5, beta: 0.41, simulation: 65"
[1] "n sub: 10, n images per sub: 1, sigma^2: 1, beta: 0.41, simulation: 65"
[1] "n sub: 10, n images per sub: 1, sigma^2: 2, beta: 0.41, simulation: 66"
[1] "n sub: 10, n images per sub: 1, sigma^2: 0.5, beta: 0.41, simulation: 66"
[1] "n sub: 10, n images per sub: 1, sigma^2: 1, beta: 0.41, simulation: 66"
[1] "n sub: 10, n images per sub: 1, sigma^2: 2, beta: 0.41, simulation: 67"
[1] "n sub: 10, n images per sub: 1, sigma^2: 1, beta: 0.41, simulation: 67"
[1] "n sub: 10, n images per sub: 1, sigma^2: 0.5, beta: 0.41, simulation: 67"
[1] "n sub: 10, n images per sub: 1, sigma^2: 2, beta: 0.41, simulation: 68"
[1] "n sub: 10, n images per sub: 1, sigma^2: 1, beta: 0.41, simulation: 68"
[1] "n sub: 10, n images per sub: 1, sigma^2: 0.5, beta: 0.41, simulation: 68"
[1] "n sub: 10, n images per sub: 1, sigma^2: 2, beta: 0.41, simulation: 69"
[1] "n sub: 10, n images per sub: 1, sigma^2: 0.5, beta: 0.41, simulation: 69"
[1] "n sub: 10, n images per sub: 1, sigma^2: 1, beta: 0.41, simulation: 69"
[1] "n sub: 10, n images per sub: 1, sigma^2: 2, beta: 0.41, simulation: 70"
[1] "n sub: 10, n images per sub: 1, sigma^2: 1, beta: 0.41, simulation: 70"
[1] "n sub: 10, n images per sub: 1, sigma^2: 0.5, beta: 0.41, simulation: 70"
[1] "n sub: 10, n images per sub: 1, sigma^2: 2, beta: 0.41, simulation: 71"
[1] "n sub: 10, n images per sub: 1, sigma^2: 0.5, beta: 0.41, simulation: 71"
[1] "n sub: 10, n images per sub: 1, sigma^2: 1, beta: 0.41, simulation: 71"
[1] "n sub: 10, n images per sub: 1, sigma^2: 2, beta: 0.41, simulation: 72"
[1] "n sub: 10, n images per sub: 1, sigma^2: 0.5, beta: 0.41, simulation: 72"
[1] "n sub: 10, n images per sub: 1, sigma^2: 1, beta: 0.41, simulation: 72"
[1] "n sub: 10, n images per sub: 1, sigma^2: 0.5, beta: 0.41, simulation: 73"
[1] "n sub: 10, n images per sub: 1, sigma^2: 2, beta: 0.41, simulation: 73"
[1] "n sub: 10, n images per sub: 1, sigma^2: 1, beta: 0.41, simulation: 73"
[1] "n sub: 10, n images per sub: 1, sigma^2: 0.5, beta: 0.41, simulation: 74"
[1] "n sub: 10, n images per sub: 1, sigma^2: 2, beta: 0.41, simulation: 74"
[1] "n sub: 10, n images per sub: 1, sigma^2: 1, beta: 0.41, simulation: 74"
[1] "n sub: 10, n images per sub: 1, sigma^2: 1, beta: 0.41, simulation: 75"
[1] "n sub: 10, n images per sub: 1, sigma^2: 0.5, beta: 0.41, simulation: 75"
[1] "n sub: 10, n images per sub: 1, sigma^2: 2, beta: 0.41, simulation: 75"
