 [1] 14014 14015 14016 14017 14018 14019 14020 14021 14022 14023 14024 14025
[13] 14026 14027 14028 14029 14030 14031 14032 14033 14034 14035 14036 14037
[25] 14038 14039 14040
[1] "n sub: 50, n images per sub: 5, sigma^2: 2, beta: -0.69, simulation: 72"
[1] "n sub: 50, n images per sub: 5, sigma^2: 1, beta: -0.69, simulation: 72"
[1] "n sub: 50, n images per sub: 5, sigma^2: 0.5, beta: -0.69, simulation: 72"
[1] "n sub: 50, n images per sub: 5, sigma^2: 2, beta: -0.69, simulation: 73"
[1] "n sub: 50, n images per sub: 5, sigma^2: 1, beta: -0.69, simulation: 73"
[1] "n sub: 50, n images per sub: 5, sigma^2: 0.5, beta: -0.69, simulation: 73"
[1] "n sub: 50, n images per sub: 5, sigma^2: 2, beta: -0.69, simulation: 74"
[1] "n sub: 50, n images per sub: 5, sigma^2: 1, beta: -0.69, simulation: 74"
[1] "n sub: 50, n images per sub: 5, sigma^2: 0.5, beta: -0.69, simulation: 74"
[1] "n sub: 50, n images per sub: 5, sigma^2: 2, beta: -0.69, simulation: 75"
[1] "n sub: 50, n images per sub: 5, sigma^2: 1, beta: -0.69, simulation: 75"
[1] "n sub: 50, n images per sub: 5, sigma^2: 0.5, beta: -0.69, simulation: 75"
[1] "n sub: 50, n images per sub: 5, sigma^2: 2, beta: -0.69, simulation: 76"
[1] "n sub: 50, n images per sub: 5, sigma^2: 1, beta: -0.69, simulation: 76"
[1] "n sub: 50, n images per sub: 5, sigma^2: 0.5, beta: -0.69, simulation: 76"
[1] "n sub: 50, n images per sub: 5, sigma^2: 2, beta: -0.69, simulation: 77"
[1] "n sub: 50, n images per sub: 5, sigma^2: 1, beta: -0.69, simulation: 77"
[1] "n sub: 50, n images per sub: 5, sigma^2: 0.5, beta: -0.69, simulation: 77"
[1] "n sub: 50, n images per sub: 5, sigma^2: 2, beta: -0.69, simulation: 78"
[1] "n sub: 50, n images per sub: 5, sigma^2: 1, beta: -0.69, simulation: 78"
[1] "n sub: 50, n images per sub: 5, sigma^2: 0.5, beta: -0.69, simulation: 78"
[1] "n sub: 50, n images per sub: 5, sigma^2: 2, beta: -0.69, simulation: 79"
[1] "n sub: 50, n images per sub: 5, sigma^2: 1, beta: -0.69, simulation: 79"
[1] "n sub: 50, n images per sub: 5, sigma^2: 0.5, beta: -0.69, simulation: 79"
[1] "n sub: 50, n images per sub: 5, sigma^2: 2, beta: -0.69, simulation: 80"
[1] "n sub: 50, n images per sub: 5, sigma^2: 1, beta: -0.69, simulation: 80"
[1] "n sub: 50, n images per sub: 5, sigma^2: 0.5, beta: -0.69, simulation: 80"
