 [1] 15580 15581 15582 15583 15584 15585 15586 15587 15588 15589 15590 15591
[13] 15592 15593 15594 15595 15596 15597 15598 15599 15600 15601 15602 15603
[25] 15604 15605 15606
[1] "n sub: 50, n images per sub: 5, sigma^2: 0.5, beta: 0.41, simulation: 94"
[1] "n sub: 50, n images per sub: 5, sigma^2: 1, beta: 0.41, simulation: 94"
[1] "n sub: 50, n images per sub: 5, sigma^2: 2, beta: 0.41, simulation: 94"
[1] "n sub: 50, n images per sub: 5, sigma^2: 0.5, beta: 0.41, simulation: 95"
[1] "n sub: 50, n images per sub: 5, sigma^2: 1, beta: 0.41, simulation: 95"
[1] "n sub: 50, n images per sub: 5, sigma^2: 2, beta: 0.41, simulation: 95"
[1] "n sub: 50, n images per sub: 5, sigma^2: 0.5, beta: 0.41, simulation: 96"
[1] "n sub: 50, n images per sub: 5, sigma^2: 1, beta: 0.41, simulation: 96"
[1] "n sub: 50, n images per sub: 5, sigma^2: 2, beta: 0.41, simulation: 96"
[1] "n sub: 50, n images per sub: 5, sigma^2: 0.5, beta: 0.41, simulation: 97"
[1] "n sub: 50, n images per sub: 5, sigma^2: 2, beta: 0.41, simulation: 97"
[1] "n sub: 50, n images per sub: 5, sigma^2: 1, beta: 0.41, simulation: 97"
[1] "n sub: 50, n images per sub: 5, sigma^2: 0.5, beta: 0.41, simulation: 98"
[1] "n sub: 50, n images per sub: 5, sigma^2: 2, beta: 0.41, simulation: 98"
[1] "n sub: 50, n images per sub: 5, sigma^2: 1, beta: 0.41, simulation: 98"
[1] "n sub: 50, n images per sub: 5, sigma^2: 0.5, beta: 0.41, simulation: 99"
[1] "n sub: 50, n images per sub: 5, sigma^2: 2, beta: 0.41, simulation: 99"
[1] "n sub: 50, n images per sub: 5, sigma^2: 1, beta: 0.41, simulation: 99"
[1] "n sub: 50, n images per sub: 5, sigma^2: 0.5, beta: 0.41, simulation: 100"
[1] "n sub: 50, n images per sub: 5, sigma^2: 2, beta: 0.41, simulation: 100"
[1] "n sub: 50, n images per sub: 5, sigma^2: 1, beta: 0.41, simulation: 100"
[1] "n sub: 50, n images per sub: 5, sigma^2: 2, beta: 0.69, simulation: 1"
[1] "n sub: 50, n images per sub: 5, sigma^2: 1, beta: 0.69, simulation: 1"
[1] "n sub: 50, n images per sub: 5, sigma^2: 0.5, beta: 0.69, simulation: 1"
[1] "n sub: 50, n images per sub: 5, sigma^2: 2, beta: 0.69, simulation: 2"
[1] "n sub: 50, n images per sub: 5, sigma^2: 1, beta: 0.69, simulation: 2"
[1] "n sub: 50, n images per sub: 5, sigma^2: 0.5, beta: 0.69, simulation: 2"
