[1] "n sub: 30, n images per sub: 5, zero distance: 100, sigma^2: 2, beta: 0.22, simulation: 934"
[1] "no_corr"
[1] "pc_exp"
[1] "pc_sqexp"
[1] "n sub: 30, n images per sub: 5, zero distance: 100, sigma^2: 1, beta: 0.22, simulation: 934"
[1] "no_corr"
[1] "pc_exp"
[1] "pc_sqexp"
[1] "n sub: 30, n images per sub: 5, zero distance: 100, sigma^2: 0.5, beta: 0.22, simulation: 935"
[1] "no_corr"
[1] "pc_exp"
[1] "pc_sqexp"
[1] "n sub: 30, n images per sub: 5, zero distance: 100, sigma^2: 2, beta: 0.22, simulation: 935"
[1] "no_corr"
[1] "pc_exp"
[1] "pc_sqexp"
[1] "n sub: 30, n images per sub: 5, zero distance: 100, sigma^2: 1, beta: 0.22, simulation: 935"
[1] "no_corr"
[1] "pc_exp"
[1] "pc_sqexp"
[1] "n sub: 30, n images per sub: 5, zero distance: 100, sigma^2: 0.5, beta: 0.22, simulation: 936"
[1] "no_corr"
[1] "pc_exp"
[1] "pc_sqexp"
[1] "n sub: 30, n images per sub: 5, zero distance: 100, sigma^2: 2, beta: 0.22, simulation: 936"
[1] "no_corr"
[1] "pc_exp"
[1] "pc_sqexp"
[1] "n sub: 30, n images per sub: 5, zero distance: 100, sigma^2: 1, beta: 0.22, simulation: 936"
[1] "no_corr"
[1] "pc_exp"
[1] "pc_sqexp"
[1] "n sub: 30, n images per sub: 5, zero distance: 100, sigma^2: 0.5, beta: 0.22, simulation: 937"
[1] "no_corr"
[1] "pc_exp"
[1] "pc_sqexp"
[1] "n sub: 30, n images per sub: 5, zero distance: 100, sigma^2: 2, beta: 0.22, simulation: 937"
[1] "no_corr"
[1] "pc_exp"
[1] "pc_sqexp"
[1] "n sub: 30, n images per sub: 5, zero distance: 100, sigma^2: 1, beta: 0.22, simulation: 937"
[1] "no_corr"
[1] "pc_exp"
[1] "pc_sqexp"
[1] "n sub: 30, n images per sub: 5, zero distance: 100, sigma^2: 0.5, beta: 0.22, simulation: 938"
[1] "no_corr"
[1] "pc_exp"
[1] "pc_sqexp"
[1] "n sub: 30, n images per sub: 5, zero distance: 100, sigma^2: 2, beta: 0.22, simulation: 938"
[1] "no_corr"
[1] "pc_exp"
[1] "pc_sqexp"
[1] "n sub: 30, n images per sub: 5, zero distance: 100, sigma^2: 1, beta: 0.22, simulation: 938"
[1] "no_corr"
[1] "pc_exp"
[1] "pc_sqexp"
[1] "n sub: 30, n images per sub: 5, zero distance: 100, sigma^2: 0.5, beta: 0.22, simulation: 939"
[1] "no_corr"
[1] "pc_exp"
[1] "pc_sqexp"
[1] "n sub: 30, n images per sub: 5, zero distance: 100, sigma^2: 2, beta: 0.22, simulation: 939"
[1] "no_corr"
[1] "pc_exp"
[1] "pc_sqexp"
[1] "n sub: 30, n images per sub: 5, zero distance: 100, sigma^2: 1, beta: 0.22, simulation: 939"
[1] "no_corr"
[1] "pc_exp"
[1] "pc_sqexp"
[1] "n sub: 30, n images per sub: 5, zero distance: 100, sigma^2: 0.5, beta: 0.22, simulation: 940"
[1] "no_corr"
[1] "pc_exp"
[1] "pc_sqexp"
[1] "n sub: 30, n images per sub: 5, zero distance: 100, sigma^2: 2, beta: 0.22, simulation: 940"
[1] "no_corr"
[1] "pc_exp"
[1] "pc_sqexp"
[1] "n sub: 30, n images per sub: 5, zero distance: 100, sigma^2: 1, beta: 0.22, simulation: 940"
[1] "no_corr"
[1] "pc_exp"
[1] "pc_sqexp"
[1] "n sub: 30, n images per sub: 5, zero distance: 100, sigma^2: 0.5, beta: 0.22, simulation: 941"
[1] "no_corr"
[1] "pc_exp"
[1] "pc_sqexp"
[1] "n sub: 30, n images per sub: 5, zero distance: 100, sigma^2: 2, beta: 0.22, simulation: 941"
[1] "no_corr"
[1] "pc_exp"
[1] "pc_sqexp"
[1] "n sub: 30, n images per sub: 5, zero distance: 100, sigma^2: 1, beta: 0.22, simulation: 941"
[1] "no_corr"
[1] "pc_exp"
[1] "pc_sqexp"
[1] "n sub: 30, n images per sub: 5, zero distance: 100, sigma^2: 0.5, beta: 0.22, simulation: 942"
[1] "no_corr"
[1] "pc_exp"
[1] "pc_sqexp"
[1] "n sub: 30, n images per sub: 5, zero distance: 100, sigma^2: 2, beta: 0.22, simulation: 942"
[1] "no_corr"
[1] "pc_exp"
[1] "pc_sqexp"
[1] "n sub: 30, n images per sub: 5, zero distance: 100, sigma^2: 1, beta: 0.22, simulation: 942"
[1] "no_corr"
[1] "pc_exp"
[1] "pc_sqexp"
[1] "n sub: 30, n images per sub: 5, zero distance: 100, sigma^2: 0.5, beta: 0.22, simulation: 943"
[1] "no_corr"
[1] "pc_exp"
[1] "pc_sqexp"
[1] "n sub: 30, n images per sub: 5, zero distance: 100, sigma^2: 2, beta: 0.22, simulation: 943"
[1] "no_corr"
[1] "pc_exp"
[1] "pc_sqexp"
[1] "n sub: 30, n images per sub: 5, zero distance: 100, sigma^2: 1, beta: 0.22, simulation: 943"
[1] "no_corr"
[1] "pc_exp"
[1] "pc_sqexp"
[1] "n sub: 30, n images per sub: 5, zero distance: 100, sigma^2: 0.5, beta: 0.22, simulation: 944"
[1] "no_corr"
[1] "pc_exp"
[1] "pc_sqexp"
[1] "n sub: 30, n images per sub: 5, zero distance: 100, sigma^2: 2, beta: 0.22, simulation: 944"
[1] "no_corr"
[1] "pc_exp"
[1] "pc_sqexp"
[1] "n sub: 30, n images per sub: 5, zero distance: 100, sigma^2: 1, beta: 0.22, simulation: 944"
[1] "no_corr"
[1] "pc_exp"
[1] "pc_sqexp"
[1] "n sub: 30, n images per sub: 5, zero distance: 100, sigma^2: 0.5, beta: 0.22, simulation: 945"
[1] "no_corr"
[1] "pc_exp"
[1] "pc_sqexp"
[1] "n sub: 30, n images per sub: 5, zero distance: 100, sigma^2: 2, beta: 0.22, simulation: 945"
[1] "no_corr"
[1] "pc_exp"
[1] "pc_sqexp"
[1] "n sub: 30, n images per sub: 5, zero distance: 100, sigma^2: 1, beta: 0.22, simulation: 945"
[1] "no_corr"
[1] "pc_exp"
[1] "pc_sqexp"
[1] "n sub: 30, n images per sub: 5, zero distance: 100, sigma^2: 0.5, beta: 0.22, simulation: 946"
[1] "no_corr"
[1] "pc_exp"
[1] "pc_sqexp"
[1] "n sub: 30, n images per sub: 5, zero distance: 100, sigma^2: 2, beta: 0.22, simulation: 946"
[1] "no_corr"
[1] "pc_exp"
[1] "pc_sqexp"
[1] "n sub: 30, n images per sub: 5, zero distance: 100, sigma^2: 1, beta: 0.22, simulation: 946"
[1] "no_corr"
[1] "pc_exp"
[1] "pc_sqexp"
[1] "n sub: 30, n images per sub: 5, zero distance: 100, sigma^2: 0.5, beta: 0.22, simulation: 947"
[1] "no_corr"
[1] "pc_exp"
[1] "pc_sqexp"
[1] "n sub: 30, n images per sub: 5, zero distance: 100, sigma^2: 2, beta: 0.22, simulation: 947"
[1] "no_corr"
[1] "pc_exp"
[1] "pc_sqexp"
[1] "n sub: 30, n images per sub: 5, zero distance: 100, sigma^2: 1, beta: 0.22, simulation: 947"
[1] "no_corr"
[1] "pc_exp"
[1] "pc_sqexp"
[1] "n sub: 30, n images per sub: 5, zero distance: 100, sigma^2: 0.5, beta: 0.22, simulation: 948"
[1] "no_corr"
[1] "pc_exp"
[1] "pc_sqexp"
[1] "n sub: 30, n images per sub: 5, zero distance: 100, sigma^2: 2, beta: 0.22, simulation: 948"
[1] "no_corr"
[1] "pc_exp"
[1] "pc_sqexp"
[1] "n sub: 30, n images per sub: 5, zero distance: 100, sigma^2: 1, beta: 0.22, simulation: 948"
[1] "no_corr"
[1] "pc_exp"
[1] "pc_sqexp"
[1] "n sub: 30, n images per sub: 5, zero distance: 100, sigma^2: 0.5, beta: 0.22, simulation: 949"
[1] "no_corr"
[1] "pc_exp"
[1] "pc_sqexp"
[1] "n sub: 30, n images per sub: 5, zero distance: 100, sigma^2: 2, beta: 0.22, simulation: 949"
[1] "no_corr"
[1] "pc_exp"
[1] "pc_sqexp"
[1] "n sub: 30, n images per sub: 5, zero distance: 100, sigma^2: 1, beta: 0.22, simulation: 949"
[1] "no_corr"
[1] "pc_exp"
[1] "pc_sqexp"
[1] "n sub: 30, n images per sub: 5, zero distance: 100, sigma^2: 0.5, beta: 0.22, simulation: 950"
[1] "no_corr"
[1] "pc_exp"
[1] "pc_sqexp"
[1] "n sub: 30, n images per sub: 5, zero distance: 100, sigma^2: 2, beta: 0.22, simulation: 950"
[1] "no_corr"
[1] "pc_exp"
[1] "pc_sqexp"
[1] "n sub: 30, n images per sub: 5, zero distance: 100, sigma^2: 1, beta: 0.22, simulation: 950"
[1] "no_corr"
[1] "pc_exp"
[1] "pc_sqexp"
[1] "n sub: 30, n images per sub: 5, zero distance: 100, sigma^2: 0.5, beta: 0.22, simulation: 951"
[1] "no_corr"
[1] "pc_exp"
[1] "pc_sqexp"
[1] "n sub: 30, n images per sub: 5, zero distance: 100, sigma^2: 2, beta: 0.22, simulation: 951"
[1] "no_corr"
[1] "pc_exp"
[1] "pc_sqexp"
[1] "n sub: 30, n images per sub: 5, zero distance: 100, sigma^2: 1, beta: 0.22, simulation: 951"
[1] "no_corr"
[1] "pc_exp"
[1] "pc_sqexp"
[1] "n sub: 30, n images per sub: 5, zero distance: 100, sigma^2: 0.5, beta: 0.22, simulation: 952"
[1] "no_corr"
[1] "pc_exp"
[1] "pc_sqexp"
[1] "n sub: 30, n images per sub: 5, zero distance: 100, sigma^2: 2, beta: 0.22, simulation: 952"
[1] "no_corr"
[1] "pc_exp"
[1] "pc_sqexp"
[1] "n sub: 30, n images per sub: 5, zero distance: 100, sigma^2: 1, beta: 0.22, simulation: 952"
[1] "no_corr"
[1] "pc_exp"
[1] "pc_sqexp"
[1] "n sub: 30, n images per sub: 5, zero distance: 100, sigma^2: 0.5, beta: 0.22, simulation: 953"
[1] "no_corr"
[1] "pc_exp"
[1] "pc_sqexp"
[1] "n sub: 30, n images per sub: 5, zero distance: 100, sigma^2: 2, beta: 0.22, simulation: 953"
[1] "no_corr"
[1] "pc_exp"
[1] "pc_sqexp"
[1] "n sub: 30, n images per sub: 5, zero distance: 100, sigma^2: 1, beta: 0.22, simulation: 953"
[1] "no_corr"
[1] "pc_exp"
[1] "pc_sqexp"
[1] "n sub: 30, n images per sub: 5, zero distance: 100, sigma^2: 0.5, beta: 0.22, simulation: 954"
[1] "no_corr"
[1] "pc_exp"
[1] "pc_sqexp"
[1] "n sub: 30, n images per sub: 5, zero distance: 100, sigma^2: 2, beta: 0.22, simulation: 954"
[1] "no_corr"
[1] "pc_exp"
[1] "pc_sqexp"
[1] "n sub: 30, n images per sub: 5, zero distance: 100, sigma^2: 1, beta: 0.22, simulation: 954"
[1] "no_corr"
[1] "pc_exp"
[1] "pc_sqexp"
[1] "n sub: 30, n images per sub: 5, zero distance: 100, sigma^2: 0.5, beta: 0.22, simulation: 955"
[1] "no_corr"
[1] "pc_exp"
[1] "pc_sqexp"
[1] "n sub: 30, n images per sub: 5, zero distance: 100, sigma^2: 2, beta: 0.22, simulation: 955"
[1] "no_corr"
[1] "pc_exp"
[1] "pc_sqexp"
[1] "n sub: 30, n images per sub: 5, zero distance: 100, sigma^2: 1, beta: 0.22, simulation: 955"
[1] "no_corr"
[1] "pc_exp"
[1] "pc_sqexp"
[1] "n sub: 30, n images per sub: 5, zero distance: 100, sigma^2: 0.5, beta: 0.22, simulation: 956"
[1] "no_corr"
[1] "pc_exp"
[1] "pc_sqexp"
[1] "n sub: 30, n images per sub: 5, zero distance: 100, sigma^2: 2, beta: 0.22, simulation: 956"
[1] "no_corr"
[1] "pc_exp"
[1] "pc_sqexp"
[1] "n sub: 30, n images per sub: 5, zero distance: 100, sigma^2: 1, beta: 0.22, simulation: 956"
[1] "no_corr"
[1] "pc_exp"
[1] "pc_sqexp"
[1] "n sub: 30, n images per sub: 5, zero distance: 100, sigma^2: 0.5, beta: 0.22, simulation: 957"
[1] "no_corr"
[1] "pc_exp"
[1] "pc_sqexp"
[1] "n sub: 30, n images per sub: 5, zero distance: 100, sigma^2: 2, beta: 0.22, simulation: 957"
[1] "no_corr"
[1] "pc_exp"
[1] "pc_sqexp"
[1] "n sub: 30, n images per sub: 5, zero distance: 100, sigma^2: 1, beta: 0.22, simulation: 957"
[1] "no_corr"
[1] "pc_exp"
[1] "pc_sqexp"
[1] "n sub: 30, n images per sub: 5, zero distance: 100, sigma^2: 0.5, beta: 0.22, simulation: 958"
[1] "no_corr"
[1] "pc_exp"
[1] "pc_sqexp"
[1] "n sub: 30, n images per sub: 5, zero distance: 100, sigma^2: 2, beta: 0.22, simulation: 958"
[1] "no_corr"
[1] "pc_exp"
[1] "pc_sqexp"
[1] "n sub: 30, n images per sub: 5, zero distance: 100, sigma^2: 1, beta: 0.22, simulation: 958"
[1] "no_corr"
[1] "pc_exp"
[1] "pc_sqexp"
[1] "n sub: 30, n images per sub: 5, zero distance: 100, sigma^2: 0.5, beta: 0.22, simulation: 959"
[1] "no_corr"
[1] "pc_exp"
[1] "pc_sqexp"
[1] "n sub: 30, n images per sub: 5, zero distance: 100, sigma^2: 2, beta: 0.22, simulation: 959"
[1] "no_corr"
[1] "pc_exp"
[1] "pc_sqexp"
[1] "n sub: 30, n images per sub: 5, zero distance: 100, sigma^2: 1, beta: 0.22, simulation: 959"
[1] "no_corr"
[1] "pc_exp"
[1] "pc_sqexp"
[1] "n sub: 30, n images per sub: 5, zero distance: 100, sigma^2: 0.5, beta: 0.22, simulation: 960"
[1] "no_corr"
[1] "pc_exp"
[1] "pc_sqexp"
[1] "n sub: 30, n images per sub: 5, zero distance: 100, sigma^2: 2, beta: 0.22, simulation: 960"
[1] "no_corr"
[1] "pc_exp"
[1] "pc_sqexp"
[1] "n sub: 30, n images per sub: 5, zero distance: 100, sigma^2: 1, beta: 0.22, simulation: 960"
[1] "no_corr"
[1] "pc_exp"
[1] "pc_sqexp"
[1] "n sub: 30, n images per sub: 5, zero distance: 100, sigma^2: 0.5, beta: 0.22, simulation: 961"
[1] "no_corr"
[1] "pc_exp"
[1] "pc_sqexp"
[1] "n sub: 30, n images per sub: 5, zero distance: 100, sigma^2: 2, beta: 0.22, simulation: 961"
[1] "no_corr"
[1] "pc_exp"
[1] "pc_sqexp"
[1] "n sub: 30, n images per sub: 5, zero distance: 100, sigma^2: 1, beta: 0.22, simulation: 961"
[1] "no_corr"
[1] "pc_exp"
[1] "pc_sqexp"
[1] "n sub: 30, n images per sub: 5, zero distance: 100, sigma^2: 0.5, beta: 0.22, simulation: 962"
[1] "no_corr"
[1] "pc_exp"
[1] "pc_sqexp"
[1] "n sub: 30, n images per sub: 5, zero distance: 100, sigma^2: 2, beta: 0.22, simulation: 962"
[1] "no_corr"
[1] "pc_exp"
[1] "pc_sqexp"
[1] "n sub: 30, n images per sub: 5, zero distance: 100, sigma^2: 1, beta: 0.22, simulation: 962"
[1] "no_corr"
[1] "pc_exp"
[1] "pc_sqexp"
[1] "n sub: 30, n images per sub: 5, zero distance: 100, sigma^2: 0.5, beta: 0.22, simulation: 963"
[1] "no_corr"
[1] "pc_exp"
[1] "pc_sqexp"
[1] "n sub: 30, n images per sub: 5, zero distance: 100, sigma^2: 2, beta: 0.22, simulation: 963"
[1] "no_corr"
[1] "pc_exp"
[1] "pc_sqexp"
[1] "n sub: 30, n images per sub: 5, zero distance: 100, sigma^2: 1, beta: 0.22, simulation: 963"
[1] "no_corr"
[1] "pc_exp"
[1] "pc_sqexp"
[1] "n sub: 30, n images per sub: 5, zero distance: 100, sigma^2: 0.5, beta: 0.22, simulation: 964"
[1] "no_corr"
[1] "pc_exp"
[1] "pc_sqexp"
[1] "n sub: 30, n images per sub: 5, zero distance: 100, sigma^2: 2, beta: 0.22, simulation: 964"
[1] "no_corr"
[1] "pc_exp"
[1] "pc_sqexp"
[1] "n sub: 30, n images per sub: 5, zero distance: 100, sigma^2: 1, beta: 0.22, simulation: 964"
[1] "no_corr"
[1] "pc_exp"
[1] "pc_sqexp"
[1] "n sub: 30, n images per sub: 5, zero distance: 100, sigma^2: 0.5, beta: 0.22, simulation: 965"
[1] "no_corr"
[1] "pc_exp"
[1] "pc_sqexp"
[1] "n sub: 30, n images per sub: 5, zero distance: 100, sigma^2: 2, beta: 0.22, simulation: 965"
[1] "no_corr"
[1] "pc_exp"
[1] "pc_sqexp"
[1] "n sub: 30, n images per sub: 5, zero distance: 100, sigma^2: 1, beta: 0.22, simulation: 965"
[1] "no_corr"
[1] "pc_exp"
[1] "pc_sqexp"
[1] "n sub: 30, n images per sub: 5, zero distance: 100, sigma^2: 0.5, beta: 0.22, simulation: 966"
[1] "no_corr"
[1] "pc_exp"
[1] "pc_sqexp"
[1] "n sub: 30, n images per sub: 5, zero distance: 100, sigma^2: 2, beta: 0.22, simulation: 966"
[1] "no_corr"
[1] "pc_exp"
[1] "pc_sqexp"
[1] "n sub: 30, n images per sub: 5, zero distance: 100, sigma^2: 1, beta: 0.22, simulation: 966"
[1] "no_corr"
[1] "pc_exp"
[1] "pc_sqexp"
[1] "n sub: 30, n images per sub: 5, zero distance: 100, sigma^2: 0.5, beta: 0.22, simulation: 967"
[1] "no_corr"
[1] "pc_exp"
[1] "pc_sqexp"
[1] "n sub: 30, n images per sub: 5, zero distance: 100, sigma^2: 2, beta: 0.22, simulation: 967"
[1] "no_corr"
[1] "pc_exp"
[1] "pc_sqexp"
[1] "n sub: 30, n images per sub: 5, zero distance: 100, sigma^2: 1, beta: 0.22, simulation: 967"
[1] "no_corr"
[1] "pc_exp"
[1] "pc_sqexp"
[1] "n sub: 30, n images per sub: 5, zero distance: 100, sigma^2: 0.5, beta: 0.22, simulation: 968"
[1] "no_corr"
[1] "pc_exp"
[1] "pc_sqexp"
[1] "n sub: 30, n images per sub: 5, zero distance: 100, sigma^2: 2, beta: 0.22, simulation: 968"
[1] "no_corr"
[1] "pc_exp"
[1] "pc_sqexp"
[1] "n sub: 30, n images per sub: 5, zero distance: 100, sigma^2: 1, beta: 0.22, simulation: 968"
[1] "no_corr"
[1] "pc_exp"
[1] "pc_sqexp"
[1] "n sub: 30, n images per sub: 5, zero distance: 100, sigma^2: 0.5, beta: 0.22, simulation: 969"
[1] "no_corr"
[1] "pc_exp"
[1] "pc_sqexp"
[1] "n sub: 30, n images per sub: 5, zero distance: 100, sigma^2: 2, beta: 0.22, simulation: 969"
[1] "no_corr"
[1] "pc_exp"
[1] "pc_sqexp"
[1] "n sub: 30, n images per sub: 5, zero distance: 100, sigma^2: 1, beta: 0.22, simulation: 969"
[1] "no_corr"
[1] "pc_exp"
[1] "pc_sqexp"
[1] "n sub: 30, n images per sub: 5, zero distance: 100, sigma^2: 0.5, beta: 0.22, simulation: 970"
[1] "no_corr"
[1] "pc_exp"
