 [1] 15094 15095 15096 15097 15098 15099 15100 15101 15102 15103 15104 15105
[13] 15106 15107 15108 15109 15110 15111 15112 15113 15114 15115 15116 15117
[25] 15118 15119 15120
[1] "n sub: 50, n images per sub: 5, sigma^2: 2, beta: 0.22, simulation: 32"
[1] "n sub: 50, n images per sub: 5, sigma^2: 1, beta: 0.22, simulation: 32"
[1] "n sub: 50, n images per sub: 5, sigma^2: 0.5, beta: 0.22, simulation: 32"
[1] "n sub: 50, n images per sub: 5, sigma^2: 1, beta: 0.22, simulation: 33"
[1] "n sub: 50, n images per sub: 5, sigma^2: 2, beta: 0.22, simulation: 33"
[1] "n sub: 50, n images per sub: 5, sigma^2: 0.5, beta: 0.22, simulation: 33"
[1] "n sub: 50, n images per sub: 5, sigma^2: 1, beta: 0.22, simulation: 34"
[1] "n sub: 50, n images per sub: 5, sigma^2: 2, beta: 0.22, simulation: 34"
[1] "n sub: 50, n images per sub: 5, sigma^2: 0.5, beta: 0.22, simulation: 34"
[1] "n sub: 50, n images per sub: 5, sigma^2: 2, beta: 0.22, simulation: 35"
[1] "n sub: 50, n images per sub: 5, sigma^2: 1, beta: 0.22, simulation: 35"
[1] "n sub: 50, n images per sub: 5, sigma^2: 0.5, beta: 0.22, simulation: 35"
[1] "n sub: 50, n images per sub: 5, sigma^2: 2, beta: 0.22, simulation: 36"
[1] "n sub: 50, n images per sub: 5, sigma^2: 1, beta: 0.22, simulation: 36"
[1] "n sub: 50, n images per sub: 5, sigma^2: 0.5, beta: 0.22, simulation: 36"
[1] "n sub: 50, n images per sub: 5, sigma^2: 2, beta: 0.22, simulation: 37"
[1] "n sub: 50, n images per sub: 5, sigma^2: 1, beta: 0.22, simulation: 37"
[1] "n sub: 50, n images per sub: 5, sigma^2: 0.5, beta: 0.22, simulation: 37"
[1] "n sub: 50, n images per sub: 5, sigma^2: 1, beta: 0.22, simulation: 38"
[1] "n sub: 50, n images per sub: 5, sigma^2: 2, beta: 0.22, simulation: 38"
[1] "n sub: 50, n images per sub: 5, sigma^2: 0.5, beta: 0.22, simulation: 38"
[1] "n sub: 50, n images per sub: 5, sigma^2: 2, beta: 0.22, simulation: 39"
[1] "n sub: 50, n images per sub: 5, sigma^2: 1, beta: 0.22, simulation: 39"
[1] "n sub: 50, n images per sub: 5, sigma^2: 0.5, beta: 0.22, simulation: 39"
[1] "n sub: 50, n images per sub: 5, sigma^2: 2, beta: 0.22, simulation: 40"
[1] "n sub: 50, n images per sub: 5, sigma^2: 1, beta: 0.22, simulation: 40"
[1] "n sub: 50, n images per sub: 5, sigma^2: 0.5, beta: 0.22, simulation: 40"
