 [1] 11125 11126 11127 11128 11129 11130 11131 11132 11133 11134 11135 11136
[13] 11137 11138 11139 11140 11141 11142 11143 11144 11145 11146 11147 11148
[25] 11149 11150 11151 11152 11153 11154 11155 11156 11157 11158 11159 11160
[37] 11161 11162 11163 11164 11165 11166 11167 11168 11169 11170 11171 11172
[49] 11173 11174 11175 11176 11177 11178
[1] "n sub: 30, n images per sub: 5, sigma^2: 2, beta: -0.69, simulation: 9"
[1] "n sub: 30, n images per sub: 5, sigma^2: 1, beta: -0.69, simulation: 9"
[1] "n sub: 30, n images per sub: 5, sigma^2: 0.5, beta: -0.69, simulation: 9"
[1] "n sub: 30, n images per sub: 5, sigma^2: 2, beta: -0.69, simulation: 10"
[1] "n sub: 30, n images per sub: 5, sigma^2: 1, beta: -0.69, simulation: 10"
[1] "n sub: 30, n images per sub: 5, sigma^2: 0.5, beta: -0.69, simulation: 10"
[1] "n sub: 30, n images per sub: 5, sigma^2: 2, beta: -0.69, simulation: 11"
[1] "n sub: 30, n images per sub: 5, sigma^2: 1, beta: -0.69, simulation: 11"
[1] "n sub: 30, n images per sub: 5, sigma^2: 0.5, beta: -0.69, simulation: 11"
[1] "n sub: 30, n images per sub: 5, sigma^2: 2, beta: -0.69, simulation: 12"
[1] "n sub: 30, n images per sub: 5, sigma^2: 1, beta: -0.69, simulation: 12"
[1] "n sub: 30, n images per sub: 5, sigma^2: 0.5, beta: -0.69, simulation: 12"
[1] "n sub: 30, n images per sub: 5, sigma^2: 2, beta: -0.69, simulation: 13"
[1] "n sub: 30, n images per sub: 5, sigma^2: 1, beta: -0.69, simulation: 13"
[1] "n sub: 30, n images per sub: 5, sigma^2: 0.5, beta: -0.69, simulation: 13"
[1] "n sub: 30, n images per sub: 5, sigma^2: 2, beta: -0.69, simulation: 14"
[1] "n sub: 30, n images per sub: 5, sigma^2: 1, beta: -0.69, simulation: 14"
[1] "n sub: 30, n images per sub: 5, sigma^2: 0.5, beta: -0.69, simulation: 14"
[1] "n sub: 30, n images per sub: 5, sigma^2: 2, beta: -0.69, simulation: 15"
[1] "n sub: 30, n images per sub: 5, sigma^2: 1, beta: -0.69, simulation: 15"
[1] "n sub: 30, n images per sub: 5, sigma^2: 0.5, beta: -0.69, simulation: 15"
[1] "n sub: 30, n images per sub: 5, sigma^2: 2, beta: -0.69, simulation: 16"
[1] "n sub: 30, n images per sub: 5, sigma^2: 1, beta: -0.69, simulation: 16"
[1] "n sub: 30, n images per sub: 5, sigma^2: 0.5, beta: -0.69, simulation: 16"
[1] "n sub: 30, n images per sub: 5, sigma^2: 2, beta: -0.69, simulation: 17"
[1] "n sub: 30, n images per sub: 5, sigma^2: 1, beta: -0.69, simulation: 17"
[1] "n sub: 30, n images per sub: 5, sigma^2: 0.5, beta: -0.69, simulation: 17"
[1] "n sub: 30, n images per sub: 5, sigma^2: 2, beta: -0.69, simulation: 18"
[1] "n sub: 30, n images per sub: 5, sigma^2: 0.5, beta: -0.69, simulation: 18"
[1] "n sub: 30, n images per sub: 5, sigma^2: 1, beta: -0.69, simulation: 18"
[1] "n sub: 30, n images per sub: 5, sigma^2: 2, beta: -0.69, simulation: 19"
[1] "n sub: 30, n images per sub: 5, sigma^2: 0.5, beta: -0.69, simulation: 19"
[1] "n sub: 30, n images per sub: 5, sigma^2: 1, beta: -0.69, simulation: 19"
[1] "n sub: 30, n images per sub: 5, sigma^2: 2, beta: -0.69, simulation: 20"
[1] "n sub: 30, n images per sub: 5, sigma^2: 1, beta: -0.69, simulation: 20"
[1] "n sub: 30, n images per sub: 5, sigma^2: 0.5, beta: -0.69, simulation: 20"
[1] "n sub: 30, n images per sub: 5, sigma^2: 2, beta: -0.69, simulation: 21"
[1] "n sub: 30, n images per sub: 5, sigma^2: 1, beta: -0.69, simulation: 21"
[1] "n sub: 30, n images per sub: 5, sigma^2: 0.5, beta: -0.69, simulation: 21"
[1] "n sub: 30, n images per sub: 5, sigma^2: 2, beta: -0.69, simulation: 22"
[1] "n sub: 30, n images per sub: 5, sigma^2: 1, beta: -0.69, simulation: 22"
[1] "n sub: 30, n images per sub: 5, sigma^2: 0.5, beta: -0.69, simulation: 22"
[1] "n sub: 30, n images per sub: 5, sigma^2: 2, beta: -0.69, simulation: 23"
[1] "n sub: 30, n images per sub: 5, sigma^2: 1, beta: -0.69, simulation: 23"
[1] "n sub: 30, n images per sub: 5, sigma^2: 0.5, beta: -0.69, simulation: 23"
[1] "n sub: 30, n images per sub: 5, sigma^2: 2, beta: -0.69, simulation: 24"
[1] "n sub: 30, n images per sub: 5, sigma^2: 1, beta: -0.69, simulation: 24"
[1] "n sub: 30, n images per sub: 5, sigma^2: 0.5, beta: -0.69, simulation: 24"
[1] "n sub: 30, n images per sub: 5, sigma^2: 2, beta: -0.69, simulation: 25"
[1] "n sub: 30, n images per sub: 5, sigma^2: 1, beta: -0.69, simulation: 25"
[1] "n sub: 30, n images per sub: 5, sigma^2: 0.5, beta: -0.69, simulation: 25"
[1] "n sub: 30, n images per sub: 5, sigma^2: 2, beta: -0.69, simulation: 26"
[1] "n sub: 30, n images per sub: 5, sigma^2: 1, beta: -0.69, simulation: 26"
[1] "n sub: 30, n images per sub: 5, sigma^2: 0.5, beta: -0.69, simulation: 26"
