 [1] 15391 15392 15393 15394 15395 15396 15397 15398 15399 15400 15401 15402
[13] 15403 15404 15405 15406 15407 15408 15409 15410 15411 15412 15413 15414
[25] 15415 15416 15417
[1] "n sub: 50, n images per sub: 5, sigma^2: 0.5, beta: 0.41, simulation: 31"
[1] "n sub: 50, n images per sub: 5, sigma^2: 1, beta: 0.41, simulation: 31"
[1] "n sub: 50, n images per sub: 5, sigma^2: 2, beta: 0.41, simulation: 31"
[1] "n sub: 50, n images per sub: 5, sigma^2: 0.5, beta: 0.41, simulation: 32"
[1] "n sub: 50, n images per sub: 5, sigma^2: 1, beta: 0.41, simulation: 32"
[1] "n sub: 50, n images per sub: 5, sigma^2: 2, beta: 0.41, simulation: 32"
[1] "n sub: 50, n images per sub: 5, sigma^2: 0.5, beta: 0.41, simulation: 33"
[1] "n sub: 50, n images per sub: 5, sigma^2: 1, beta: 0.41, simulation: 33"
[1] "n sub: 50, n images per sub: 5, sigma^2: 2, beta: 0.41, simulation: 33"
[1] "n sub: 50, n images per sub: 5, sigma^2: 0.5, beta: 0.41, simulation: 34"
[1] "n sub: 50, n images per sub: 5, sigma^2: 1, beta: 0.41, simulation: 34"
[1] "n sub: 50, n images per sub: 5, sigma^2: 2, beta: 0.41, simulation: 34"
[1] "n sub: 50, n images per sub: 5, sigma^2: 0.5, beta: 0.41, simulation: 35"
[1] "n sub: 50, n images per sub: 5, sigma^2: 1, beta: 0.41, simulation: 35"
[1] "n sub: 50, n images per sub: 5, sigma^2: 2, beta: 0.41, simulation: 35"
[1] "n sub: 50, n images per sub: 5, sigma^2: 0.5, beta: 0.41, simulation: 36"
[1] "n sub: 50, n images per sub: 5, sigma^2: 1, beta: 0.41, simulation: 36"
[1] "n sub: 50, n images per sub: 5, sigma^2: 2, beta: 0.41, simulation: 36"
[1] "n sub: 50, n images per sub: 5, sigma^2: 0.5, beta: 0.41, simulation: 37"
[1] "n sub: 50, n images per sub: 5, sigma^2: 1, beta: 0.41, simulation: 37"
[1] "n sub: 50, n images per sub: 5, sigma^2: 2, beta: 0.41, simulation: 37"
[1] "n sub: 50, n images per sub: 5, sigma^2: 0.5, beta: 0.41, simulation: 38"
[1] "n sub: 50, n images per sub: 5, sigma^2: 1, beta: 0.41, simulation: 38"
[1] "n sub: 50, n images per sub: 5, sigma^2: 2, beta: 0.41, simulation: 38"
[1] "n sub: 50, n images per sub: 5, sigma^2: 0.5, beta: 0.41, simulation: 39"
[1] "n sub: 50, n images per sub: 5, sigma^2: 1, beta: 0.41, simulation: 39"
[1] "n sub: 50, n images per sub: 5, sigma^2: 2, beta: 0.41, simulation: 39"
