 [1] 13933 13934 13935 13936 13937 13938 13939 13940 13941 13942 13943 13944
[13] 13945 13946 13947 13948 13949 13950 13951 13952 13953 13954 13955 13956
[25] 13957 13958 13959
[1] "n sub: 50, n images per sub: 5, sigma^2: 2, beta: -0.69, simulation: 45"
[1] "n sub: 50, n images per sub: 5, sigma^2: 1, beta: -0.69, simulation: 45"
[1] "n sub: 50, n images per sub: 5, sigma^2: 0.5, beta: -0.69, simulation: 45"
[1] "n sub: 50, n images per sub: 5, sigma^2: 2, beta: -0.69, simulation: 46"
[1] "n sub: 50, n images per sub: 5, sigma^2: 1, beta: -0.69, simulation: 46"
[1] "n sub: 50, n images per sub: 5, sigma^2: 0.5, beta: -0.69, simulation: 46"
[1] "n sub: 50, n images per sub: 5, sigma^2: 2, beta: -0.69, simulation: 47"
[1] "n sub: 50, n images per sub: 5, sigma^2: 1, beta: -0.69, simulation: 47"
[1] "n sub: 50, n images per sub: 5, sigma^2: 0.5, beta: -0.69, simulation: 47"
[1] "n sub: 50, n images per sub: 5, sigma^2: 2, beta: -0.69, simulation: 48"
[1] "n sub: 50, n images per sub: 5, sigma^2: 1, beta: -0.69, simulation: 48"
[1] "n sub: 50, n images per sub: 5, sigma^2: 0.5, beta: -0.69, simulation: 48"
[1] "n sub: 50, n images per sub: 5, sigma^2: 2, beta: -0.69, simulation: 49"
[1] "n sub: 50, n images per sub: 5, sigma^2: 1, beta: -0.69, simulation: 49"
[1] "n sub: 50, n images per sub: 5, sigma^2: 0.5, beta: -0.69, simulation: 49"
[1] "n sub: 50, n images per sub: 5, sigma^2: 2, beta: -0.69, simulation: 50"
[1] "n sub: 50, n images per sub: 5, sigma^2: 1, beta: -0.69, simulation: 50"
[1] "n sub: 50, n images per sub: 5, sigma^2: 0.5, beta: -0.69, simulation: 50"
[1] "n sub: 50, n images per sub: 5, sigma^2: 2, beta: -0.69, simulation: 51"
[1] "n sub: 50, n images per sub: 5, sigma^2: 1, beta: -0.69, simulation: 51"
[1] "n sub: 50, n images per sub: 5, sigma^2: 0.5, beta: -0.69, simulation: 51"
[1] "n sub: 50, n images per sub: 5, sigma^2: 2, beta: -0.69, simulation: 52"
[1] "n sub: 50, n images per sub: 5, sigma^2: 1, beta: -0.69, simulation: 52"
[1] "n sub: 50, n images per sub: 5, sigma^2: 0.5, beta: -0.69, simulation: 52"
[1] "n sub: 50, n images per sub: 5, sigma^2: 2, beta: -0.69, simulation: 53"
[1] "n sub: 50, n images per sub: 5, sigma^2: 1, beta: -0.69, simulation: 53"
[1] "n sub: 50, n images per sub: 5, sigma^2: 0.5, beta: -0.69, simulation: 53"
