  [1] 1486 1487 1488 1489 1490 1491 1492 1493 1494 1495 1496 1497 1498 1499 1500
 [16] 1501 1502 1503 1504 1505 1506 1507 1508 1509 1510 1511 1512 1513 1514 1515
 [31] 1516 1517 1518 1519 1520 1521 1522 1523 1524 1525 1526 1527 1528 1529 1530
 [46] 1531 1532 1533 1534 1535 1536 1537 1538 1539 1540 1541 1542 1543 1544 1545
 [61] 1546 1547 1548 1549 1550 1551 1552 1553 1554 1555 1556 1557 1558 1559 1560
 [76] 1561 1562 1563 1564 1565 1566 1567 1568 1569 1570 1571 1572 1573 1574 1575
 [91] 1576 1577 1578 1579 1580 1581 1582 1583 1584 1585 1586 1587 1588 1589 1590
[106] 1591 1592 1593 1594 1595 1596 1597 1598 1599 1600 1601 1602 1603 1604 1605
[121] 1606 1607 1608 1609 1610 1611 1612 1613 1614 1615 1616 1617 1618 1619 1620
[1] "n sub: 10, n images per sub: 1, sigma^2: 0.5, beta: 0, simulation: 96"
[1] "n sub: 10, n images per sub: 1, sigma^2: 1, beta: 0, simulation: 96"
[1] "n sub: 10, n images per sub: 1, sigma^2: 2, beta: 0, simulation: 96"
[1] "n sub: 10, n images per sub: 1, sigma^2: 0.5, beta: 0, simulation: 97"
[1] "n sub: 10, n images per sub: 1, sigma^2: 1, beta: 0, simulation: 97"
[1] "n sub: 10, n images per sub: 1, sigma^2: 2, beta: 0, simulation: 97"
[1] "n sub: 10, n images per sub: 1, sigma^2: 0.5, beta: 0, simulation: 98"
[1] "n sub: 10, n images per sub: 1, sigma^2: 1, beta: 0, simulation: 98"
[1] "n sub: 10, n images per sub: 1, sigma^2: 2, beta: 0, simulation: 98"
[1] "n sub: 10, n images per sub: 1, sigma^2: 0.5, beta: 0, simulation: 99"
[1] "n sub: 10, n images per sub: 1, sigma^2: 2, beta: 0, simulation: 99"
[1] "n sub: 10, n images per sub: 1, sigma^2: 1, beta: 0, simulation: 99"
[1] "n sub: 10, n images per sub: 1, sigma^2: 0.5, beta: 0, simulation: 100"
[1] "n sub: 10, n images per sub: 1, sigma^2: 2, beta: 0, simulation: 100"
[1] "n sub: 10, n images per sub: 1, sigma^2: 1, beta: 0, simulation: 100"
[1] "n sub: 10, n images per sub: 1, sigma^2: 2, beta: 0.22, simulation: 1"
[1] "n sub: 10, n images per sub: 1, sigma^2: 0.5, beta: 0.22, simulation: 1"
[1] "n sub: 10, n images per sub: 1, sigma^2: 1, beta: 0.22, simulation: 1"
[1] "n sub: 10, n images per sub: 1, sigma^2: 2, beta: 0.22, simulation: 2"
[1] "n sub: 10, n images per sub: 1, sigma^2: 1, beta: 0.22, simulation: 2"
[1] "n sub: 10, n images per sub: 1, sigma^2: 0.5, beta: 0.22, simulation: 2"
[1] "n sub: 10, n images per sub: 1, sigma^2: 2, beta: 0.22, simulation: 3"
[1] "n sub: 10, n images per sub: 1, sigma^2: 0.5, beta: 0.22, simulation: 3"
[1] "n sub: 10, n images per sub: 1, sigma^2: 1, beta: 0.22, simulation: 3"
[1] "n sub: 10, n images per sub: 1, sigma^2: 2, beta: 0.22, simulation: 4"
[1] "n sub: 10, n images per sub: 1, sigma^2: 0.5, beta: 0.22, simulation: 4"
[1] "n sub: 10, n images per sub: 1, sigma^2: 1, beta: 0.22, simulation: 4"
[1] "n sub: 10, n images per sub: 1, sigma^2: 2, beta: 0.22, simulation: 5"
[1] "n sub: 10, n images per sub: 1, sigma^2: 1, beta: 0.22, simulation: 5"
[1] "n sub: 10, n images per sub: 1, sigma^2: 0.5, beta: 0.22, simulation: 5"
[1] "n sub: 10, n images per sub: 1, sigma^2: 2, beta: 0.22, simulation: 6"
[1] "n sub: 10, n images per sub: 1, sigma^2: 0.5, beta: 0.22, simulation: 6"
[1] "n sub: 10, n images per sub: 1, sigma^2: 1, beta: 0.22, simulation: 6"
[1] "n sub: 10, n images per sub: 1, sigma^2: 2, beta: 0.22, simulation: 7"
[1] "n sub: 10, n images per sub: 1, sigma^2: 0.5, beta: 0.22, simulation: 7"
[1] "n sub: 10, n images per sub: 1, sigma^2: 1, beta: 0.22, simulation: 7"
[1] "n sub: 10, n images per sub: 1, sigma^2: 2, beta: 0.22, simulation: 8"
[1] "n sub: 10, n images per sub: 1, sigma^2: 1, beta: 0.22, simulation: 8"
[1] "n sub: 10, n images per sub: 1, sigma^2: 0.5, beta: 0.22, simulation: 8"
[1] "n sub: 10, n images per sub: 1, sigma^2: 2, beta: 0.22, simulation: 9"
[1] "n sub: 10, n images per sub: 1, sigma^2: 1, beta: 0.22, simulation: 9"
[1] "n sub: 10, n images per sub: 1, sigma^2: 0.5, beta: 0.22, simulation: 9"
[1] "n sub: 10, n images per sub: 1, sigma^2: 2, beta: 0.22, simulation: 10"
[1] "n sub: 10, n images per sub: 1, sigma^2: 1, beta: 0.22, simulation: 10"
[1] "n sub: 10, n images per sub: 1, sigma^2: 0.5, beta: 0.22, simulation: 10"
[1] "n sub: 10, n images per sub: 1, sigma^2: 2, beta: 0.22, simulation: 11"
[1] "n sub: 10, n images per sub: 1, sigma^2: 1, beta: 0.22, simulation: 11"
[1] "n sub: 10, n images per sub: 1, sigma^2: 0.5, beta: 0.22, simulation: 11"
[1] "n sub: 10, n images per sub: 1, sigma^2: 2, beta: 0.22, simulation: 12"
[1] "n sub: 10, n images per sub: 1, sigma^2: 1, beta: 0.22, simulation: 12"
[1] "n sub: 10, n images per sub: 1, sigma^2: 0.5, beta: 0.22, simulation: 12"
[1] "n sub: 10, n images per sub: 1, sigma^2: 2, beta: 0.22, simulation: 13"
[1] "n sub: 10, n images per sub: 1, sigma^2: 1, beta: 0.22, simulation: 13"
[1] "n sub: 10, n images per sub: 1, sigma^2: 0.5, beta: 0.22, simulation: 13"
[1] "n sub: 10, n images per sub: 1, sigma^2: 2, beta: 0.22, simulation: 14"
[1] "n sub: 10, n images per sub: 1, sigma^2: 0.5, beta: 0.22, simulation: 14"
[1] "n sub: 10, n images per sub: 1, sigma^2: 1, beta: 0.22, simulation: 14"
[1] "n sub: 10, n images per sub: 1, sigma^2: 2, beta: 0.22, simulation: 15"
[1] "n sub: 10, n images per sub: 1, sigma^2: 1, beta: 0.22, simulation: 15"
[1] "n sub: 10, n images per sub: 1, sigma^2: 0.5, beta: 0.22, simulation: 15"
[1] "n sub: 10, n images per sub: 1, sigma^2: 2, beta: 0.22, simulation: 16"
[1] "n sub: 10, n images per sub: 1, sigma^2: 1, beta: 0.22, simulation: 16"
[1] "n sub: 10, n images per sub: 1, sigma^2: 0.5, beta: 0.22, simulation: 16"
[1] "n sub: 10, n images per sub: 1, sigma^2: 2, beta: 0.22, simulation: 17"
[1] "n sub: 10, n images per sub: 1, sigma^2: 1, beta: 0.22, simulation: 17"
[1] "n sub: 10, n images per sub: 1, sigma^2: 0.5, beta: 0.22, simulation: 17"
[1] "n sub: 10, n images per sub: 1, sigma^2: 2, beta: 0.22, simulation: 18"
[1] "n sub: 10, n images per sub: 1, sigma^2: 1, beta: 0.22, simulation: 18"
[1] "n sub: 10, n images per sub: 1, sigma^2: 0.5, beta: 0.22, simulation: 18"
[1] "n sub: 10, n images per sub: 1, sigma^2: 2, beta: 0.22, simulation: 19"
[1] "n sub: 10, n images per sub: 1, sigma^2: 1, beta: 0.22, simulation: 19"
[1] "n sub: 10, n images per sub: 1, sigma^2: 0.5, beta: 0.22, simulation: 19"
[1] "n sub: 10, n images per sub: 1, sigma^2: 2, beta: 0.22, simulation: 20"
[1] "n sub: 10, n images per sub: 1, sigma^2: 1, beta: 0.22, simulation: 20"
[1] "n sub: 10, n images per sub: 1, sigma^2: 0.5, beta: 0.22, simulation: 20"
[1] "n sub: 10, n images per sub: 1, sigma^2: 2, beta: 0.22, simulation: 21"
[1] "n sub: 10, n images per sub: 1, sigma^2: 1, beta: 0.22, simulation: 21"
[1] "n sub: 10, n images per sub: 1, sigma^2: 0.5, beta: 0.22, simulation: 21"
[1] "n sub: 10, n images per sub: 1, sigma^2: 2, beta: 0.22, simulation: 22"
[1] "n sub: 10, n images per sub: 1, sigma^2: 1, beta: 0.22, simulation: 22"
[1] "n sub: 10, n images per sub: 1, sigma^2: 0.5, beta: 0.22, simulation: 22"
[1] "n sub: 10, n images per sub: 1, sigma^2: 2, beta: 0.22, simulation: 23"
[1] "n sub: 10, n images per sub: 1, sigma^2: 1, beta: 0.22, simulation: 23"
[1] "n sub: 10, n images per sub: 1, sigma^2: 0.5, beta: 0.22, simulation: 23"
[1] "n sub: 10, n images per sub: 1, sigma^2: 2, beta: 0.22, simulation: 24"
[1] "n sub: 10, n images per sub: 1, sigma^2: 1, beta: 0.22, simulation: 24"
[1] "n sub: 10, n images per sub: 1, sigma^2: 0.5, beta: 0.22, simulation: 24"
[1] "n sub: 10, n images per sub: 1, sigma^2: 2, beta: 0.22, simulation: 25"
[1] "n sub: 10, n images per sub: 1, sigma^2: 1, beta: 0.22, simulation: 25"
[1] "n sub: 10, n images per sub: 1, sigma^2: 0.5, beta: 0.22, simulation: 25"
[1] "n sub: 10, n images per sub: 1, sigma^2: 2, beta: 0.22, simulation: 26"
[1] "n sub: 10, n images per sub: 1, sigma^2: 1, beta: 0.22, simulation: 26"
[1] "n sub: 10, n images per sub: 1, sigma^2: 0.5, beta: 0.22, simulation: 26"
[1] "n sub: 10, n images per sub: 1, sigma^2: 2, beta: 0.22, simulation: 27"
[1] "n sub: 10, n images per sub: 1, sigma^2: 1, beta: 0.22, simulation: 27"
[1] "n sub: 10, n images per sub: 1, sigma^2: 0.5, beta: 0.22, simulation: 27"
[1] "n sub: 10, n images per sub: 1, sigma^2: 2, beta: 0.22, simulation: 28"
[1] "n sub: 10, n images per sub: 1, sigma^2: 1, beta: 0.22, simulation: 28"
[1] "n sub: 10, n images per sub: 1, sigma^2: 0.5, beta: 0.22, simulation: 28"
[1] "n sub: 10, n images per sub: 1, sigma^2: 2, beta: 0.22, simulation: 29"
[1] "n sub: 10, n images per sub: 1, sigma^2: 1, beta: 0.22, simulation: 29"
[1] "n sub: 10, n images per sub: 1, sigma^2: 0.5, beta: 0.22, simulation: 29"
[1] "n sub: 10, n images per sub: 1, sigma^2: 2, beta: 0.22, simulation: 30"
[1] "n sub: 10, n images per sub: 1, sigma^2: 1, beta: 0.22, simulation: 30"
[1] "n sub: 10, n images per sub: 1, sigma^2: 0.5, beta: 0.22, simulation: 30"
[1] "n sub: 10, n images per sub: 1, sigma^2: 2, beta: 0.22, simulation: 31"
[1] "n sub: 10, n images per sub: 1, sigma^2: 1, beta: 0.22, simulation: 31"
[1] "n sub: 10, n images per sub: 1, sigma^2: 0.5, beta: 0.22, simulation: 31"
[1] "n sub: 10, n images per sub: 1, sigma^2: 2, beta: 0.22, simulation: 32"
[1] "n sub: 10, n images per sub: 1, sigma^2: 1, beta: 0.22, simulation: 32"
[1] "n sub: 10, n images per sub: 1, sigma^2: 0.5, beta: 0.22, simulation: 32"
[1] "n sub: 10, n images per sub: 1, sigma^2: 2, beta: 0.22, simulation: 33"
[1] "n sub: 10, n images per sub: 1, sigma^2: 1, beta: 0.22, simulation: 33"
[1] "n sub: 10, n images per sub: 1, sigma^2: 0.5, beta: 0.22, simulation: 33"
[1] "n sub: 10, n images per sub: 1, sigma^2: 2, beta: 0.22, simulation: 34"
[1] "n sub: 10, n images per sub: 1, sigma^2: 1, beta: 0.22, simulation: 34"
[1] "n sub: 10, n images per sub: 1, sigma^2: 0.5, beta: 0.22, simulation: 34"
[1] "n sub: 10, n images per sub: 1, sigma^2: 2, beta: 0.22, simulation: 35"
[1] "n sub: 10, n images per sub: 1, sigma^2: 1, beta: 0.22, simulation: 35"
[1] "n sub: 10, n images per sub: 1, sigma^2: 0.5, beta: 0.22, simulation: 35"
[1] "n sub: 10, n images per sub: 1, sigma^2: 2, beta: 0.22, simulation: 36"
[1] "n sub: 10, n images per sub: 1, sigma^2: 1, beta: 0.22, simulation: 36"
[1] "n sub: 10, n images per sub: 1, sigma^2: 0.5, beta: 0.22, simulation: 36"
[1] "n sub: 10, n images per sub: 1, sigma^2: 2, beta: 0.22, simulation: 37"
[1] "n sub: 10, n images per sub: 1, sigma^2: 1, beta: 0.22, simulation: 37"
[1] "n sub: 10, n images per sub: 1, sigma^2: 0.5, beta: 0.22, simulation: 37"
[1] "n sub: 10, n images per sub: 1, sigma^2: 2, beta: 0.22, simulation: 38"
[1] "n sub: 10, n images per sub: 1, sigma^2: 1, beta: 0.22, simulation: 38"
[1] "n sub: 10, n images per sub: 1, sigma^2: 0.5, beta: 0.22, simulation: 38"
[1] "n sub: 10, n images per sub: 1, sigma^2: 2, beta: 0.22, simulation: 39"
[1] "n sub: 10, n images per sub: 1, sigma^2: 1, beta: 0.22, simulation: 39"
[1] "n sub: 10, n images per sub: 1, sigma^2: 0.5, beta: 0.22, simulation: 39"
[1] "n sub: 10, n images per sub: 1, sigma^2: 2, beta: 0.22, simulation: 40"
[1] "n sub: 10, n images per sub: 1, sigma^2: 1, beta: 0.22, simulation: 40"
[1] "n sub: 10, n images per sub: 1, sigma^2: 0.5, beta: 0.22, simulation: 40"
