 [1] 15661 15662 15663 15664 15665 15666 15667 15668 15669 15670 15671 15672
[13] 15673 15674 15675 15676 15677 15678 15679 15680 15681 15682 15683 15684
[25] 15685 15686 15687
[1] "n sub: 50, n images per sub: 5, sigma^2: 1, beta: 0.69, simulation: 21"
[1] "n sub: 50, n images per sub: 5, sigma^2: 2, beta: 0.69, simulation: 21"
[1] "n sub: 50, n images per sub: 5, sigma^2: 0.5, beta: 0.69, simulation: 21"
[1] "n sub: 50, n images per sub: 5, sigma^2: 2, beta: 0.69, simulation: 22"
[1] "n sub: 50, n images per sub: 5, sigma^2: 1, beta: 0.69, simulation: 22"
[1] "n sub: 50, n images per sub: 5, sigma^2: 0.5, beta: 0.69, simulation: 22"
[1] "n sub: 50, n images per sub: 5, sigma^2: 2, beta: 0.69, simulation: 23"
[1] "n sub: 50, n images per sub: 5, sigma^2: 1, beta: 0.69, simulation: 23"
[1] "n sub: 50, n images per sub: 5, sigma^2: 0.5, beta: 0.69, simulation: 23"
[1] "n sub: 50, n images per sub: 5, sigma^2: 2, beta: 0.69, simulation: 24"
[1] "n sub: 50, n images per sub: 5, sigma^2: 1, beta: 0.69, simulation: 24"
[1] "n sub: 50, n images per sub: 5, sigma^2: 0.5, beta: 0.69, simulation: 24"
[1] "n sub: 50, n images per sub: 5, sigma^2: 2, beta: 0.69, simulation: 25"
[1] "n sub: 50, n images per sub: 5, sigma^2: 1, beta: 0.69, simulation: 25"
[1] "n sub: 50, n images per sub: 5, sigma^2: 0.5, beta: 0.69, simulation: 25"
[1] "n sub: 50, n images per sub: 5, sigma^2: 2, beta: 0.69, simulation: 26"
[1] "n sub: 50, n images per sub: 5, sigma^2: 1, beta: 0.69, simulation: 26"
[1] "n sub: 50, n images per sub: 5, sigma^2: 0.5, beta: 0.69, simulation: 26"
[1] "n sub: 50, n images per sub: 5, sigma^2: 2, beta: 0.69, simulation: 27"
[1] "n sub: 50, n images per sub: 5, sigma^2: 1, beta: 0.69, simulation: 27"
[1] "n sub: 50, n images per sub: 5, sigma^2: 0.5, beta: 0.69, simulation: 27"
[1] "n sub: 50, n images per sub: 5, sigma^2: 2, beta: 0.69, simulation: 28"
[1] "n sub: 50, n images per sub: 5, sigma^2: 1, beta: 0.69, simulation: 28"
[1] "n sub: 50, n images per sub: 5, sigma^2: 0.5, beta: 0.69, simulation: 28"
[1] "n sub: 50, n images per sub: 5, sigma^2: 2, beta: 0.69, simulation: 29"
[1] "n sub: 50, n images per sub: 5, sigma^2: 1, beta: 0.69, simulation: 29"
[1] "n sub: 50, n images per sub: 5, sigma^2: 0.5, beta: 0.69, simulation: 29"
