[1] "n sub: 50, n images per sub: 5, zero distance: 50, sigma^2: 2, beta: 0.41, simulation: 67"
[1] "no_corr"
[1] "pc_exp"
[1] "pc_sqexp"
[1] "n sub: 50, n images per sub: 5, zero distance: 50, sigma^2: 1, beta: 0.41, simulation: 68"
[1] "no_corr"
[1] "pc_exp"
[1] "pc_sqexp"
[1] "n sub: 50, n images per sub: 5, zero distance: 50, sigma^2: 0.5, beta: 0.41, simulation: 68"
[1] "no_corr"
[1] "pc_exp"
[1] "pc_sqexp"
[1] "n sub: 50, n images per sub: 5, zero distance: 50, sigma^2: 2, beta: 0.41, simulation: 68"
[1] "no_corr"
[1] "pc_exp"
[1] "pc_sqexp"
[1] "n sub: 50, n images per sub: 5, zero distance: 50, sigma^2: 1, beta: 0.41, simulation: 69"
[1] "no_corr"
[1] "pc_exp"
[1] "pc_sqexp"
[1] "n sub: 50, n images per sub: 5, zero distance: 50, sigma^2: 0.5, beta: 0.41, simulation: 69"
[1] "no_corr"
[1] "pc_exp"
[1] "pc_sqexp"
[1] "n sub: 50, n images per sub: 5, zero distance: 50, sigma^2: 2, beta: 0.41, simulation: 69"
[1] "no_corr"
[1] "pc_exp"
[1] "pc_sqexp"
[1] "n sub: 50, n images per sub: 5, zero distance: 50, sigma^2: 1, beta: 0.41, simulation: 70"
[1] "no_corr"
[1] "pc_exp"
[1] "pc_sqexp"
[1] "n sub: 50, n images per sub: 5, zero distance: 50, sigma^2: 0.5, beta: 0.41, simulation: 70"
[1] "no_corr"
[1] "pc_exp"
[1] "pc_sqexp"
[1] "n sub: 50, n images per sub: 5, zero distance: 50, sigma^2: 2, beta: 0.41, simulation: 70"
[1] "no_corr"
[1] "pc_exp"
[1] "pc_sqexp"
[1] "n sub: 50, n images per sub: 5, zero distance: 50, sigma^2: 1, beta: 0.41, simulation: 71"
[1] "no_corr"
[1] "pc_exp"
[1] "pc_sqexp"
[1] "n sub: 50, n images per sub: 5, zero distance: 50, sigma^2: 0.5, beta: 0.41, simulation: 71"
[1] "no_corr"
[1] "pc_exp"
[1] "pc_sqexp"
[1] "n sub: 50, n images per sub: 5, zero distance: 50, sigma^2: 2, beta: 0.41, simulation: 71"
[1] "no_corr"
[1] "pc_exp"
[1] "pc_sqexp"
[1] "n sub: 50, n images per sub: 5, zero distance: 50, sigma^2: 1, beta: 0.41, simulation: 72"
[1] "no_corr"
[1] "pc_exp"
[1] "pc_sqexp"
[1] "n sub: 50, n images per sub: 5, zero distance: 50, sigma^2: 0.5, beta: 0.41, simulation: 72"
[1] "no_corr"
[1] "pc_exp"
[1] "pc_sqexp"
[1] "n sub: 50, n images per sub: 5, zero distance: 50, sigma^2: 2, beta: 0.41, simulation: 72"
[1] "no_corr"
[1] "pc_exp"
[1] "pc_sqexp"
[1] "n sub: 50, n images per sub: 5, zero distance: 50, sigma^2: 1, beta: 0.41, simulation: 73"
[1] "no_corr"
[1] "pc_exp"
[1] "pc_sqexp"
[1] "n sub: 50, n images per sub: 5, zero distance: 50, sigma^2: 0.5, beta: 0.41, simulation: 73"
[1] "no_corr"
[1] "pc_exp"
[1] "pc_sqexp"
[1] "n sub: 50, n images per sub: 5, zero distance: 50, sigma^2: 2, beta: 0.41, simulation: 73"
[1] "no_corr"
[1] "pc_exp"
[1] "pc_sqexp"
[1] "n sub: 50, n images per sub: 5, zero distance: 50, sigma^2: 1, beta: 0.41, simulation: 74"
[1] "no_corr"
[1] "pc_exp"
[1] "pc_sqexp"
[1] "n sub: 50, n images per sub: 5, zero distance: 50, sigma^2: 0.5, beta: 0.41, simulation: 74"
[1] "no_corr"
[1] "pc_exp"
[1] "pc_sqexp"
[1] "n sub: 50, n images per sub: 5, zero distance: 50, sigma^2: 2, beta: 0.41, simulation: 74"
[1] "no_corr"
[1] "pc_exp"
[1] "pc_sqexp"
[1] "n sub: 50, n images per sub: 5, zero distance: 50, sigma^2: 1, beta: 0.41, simulation: 75"
[1] "no_corr"
[1] "pc_exp"
[1] "pc_sqexp"
[1] "n sub: 50, n images per sub: 5, zero distance: 50, sigma^2: 0.5, beta: 0.41, simulation: 75"
[1] "no_corr"
[1] "pc_exp"
[1] "pc_sqexp"
[1] "n sub: 50, n images per sub: 5, zero distance: 50, sigma^2: 2, beta: 0.41, simulation: 75"
[1] "no_corr"
[1] "pc_exp"
[1] "pc_sqexp"
[1] "n sub: 50, n images per sub: 5, zero distance: 50, sigma^2: 1, beta: 0.41, simulation: 76"
[1] "no_corr"
[1] "pc_exp"
[1] "pc_sqexp"
[1] "n sub: 50, n images per sub: 5, zero distance: 50, sigma^2: 0.5, beta: 0.41, simulation: 76"
[1] "no_corr"
[1] "pc_exp"
[1] "pc_sqexp"
[1] "n sub: 50, n images per sub: 5, zero distance: 50, sigma^2: 2, beta: 0.41, simulation: 76"
[1] "no_corr"
[1] "pc_exp"
[1] "pc_sqexp"
[1] "n sub: 50, n images per sub: 5, zero distance: 50, sigma^2: 1, beta: 0.41, simulation: 77"
[1] "no_corr"
[1] "pc_exp"
[1] "pc_sqexp"
[1] "n sub: 50, n images per sub: 5, zero distance: 50, sigma^2: 0.5, beta: 0.41, simulation: 77"
[1] "no_corr"
[1] "pc_exp"
[1] "pc_sqexp"
[1] "n sub: 50, n images per sub: 5, zero distance: 50, sigma^2: 2, beta: 0.41, simulation: 77"
[1] "no_corr"
[1] "pc_exp"
[1] "pc_sqexp"
[1] "n sub: 50, n images per sub: 5, zero distance: 50, sigma^2: 1, beta: 0.41, simulation: 78"
[1] "no_corr"
[1] "pc_exp"
[1] "pc_sqexp"
[1] "n sub: 50, n images per sub: 5, zero distance: 50, sigma^2: 0.5, beta: 0.41, simulation: 78"
[1] "no_corr"
[1] "pc_exp"
[1] "pc_sqexp"
[1] "n sub: 50, n images per sub: 5, zero distance: 50, sigma^2: 2, beta: 0.41, simulation: 78"
[1] "no_corr"
[1] "pc_exp"
[1] "pc_sqexp"
[1] "n sub: 50, n images per sub: 5, zero distance: 50, sigma^2: 1, beta: 0.41, simulation: 79"
[1] "no_corr"
[1] "pc_exp"
[1] "pc_sqexp"
[1] "n sub: 50, n images per sub: 5, zero distance: 50, sigma^2: 0.5, beta: 0.41, simulation: 79"
[1] "no_corr"
[1] "pc_exp"
[1] "pc_sqexp"
[1] "n sub: 50, n images per sub: 5, zero distance: 50, sigma^2: 2, beta: 0.41, simulation: 79"
[1] "no_corr"
[1] "pc_exp"
[1] "pc_sqexp"
[1] "n sub: 50, n images per sub: 5, zero distance: 50, sigma^2: 1, beta: 0.41, simulation: 80"
[1] "no_corr"
[1] "pc_exp"
[1] "pc_sqexp"
[1] "n sub: 50, n images per sub: 5, zero distance: 50, sigma^2: 0.5, beta: 0.41, simulation: 80"
[1] "no_corr"
[1] "pc_exp"
[1] "pc_sqexp"
[1] "n sub: 50, n images per sub: 5, zero distance: 50, sigma^2: 2, beta: 0.41, simulation: 80"
[1] "no_corr"
[1] "pc_exp"
[1] "pc_sqexp"
[1] "n sub: 50, n images per sub: 5, zero distance: 50, sigma^2: 1, beta: 0.41, simulation: 81"
[1] "no_corr"
[1] "pc_exp"
[1] "pc_sqexp"
[1] "n sub: 50, n images per sub: 5, zero distance: 50, sigma^2: 0.5, beta: 0.41, simulation: 81"
[1] "no_corr"
[1] "pc_exp"
[1] "pc_sqexp"
[1] "n sub: 50, n images per sub: 5, zero distance: 50, sigma^2: 2, beta: 0.41, simulation: 81"
[1] "no_corr"
[1] "pc_exp"
[1] "pc_sqexp"
[1] "n sub: 50, n images per sub: 5, zero distance: 50, sigma^2: 1, beta: 0.41, simulation: 82"
[1] "no_corr"
[1] "pc_exp"
[1] "pc_sqexp"
[1] "n sub: 50, n images per sub: 5, zero distance: 50, sigma^2: 0.5, beta: 0.41, simulation: 82"
[1] "no_corr"
[1] "pc_exp"
[1] "pc_sqexp"
[1] "n sub: 50, n images per sub: 5, zero distance: 50, sigma^2: 2, beta: 0.41, simulation: 82"
[1] "no_corr"
[1] "pc_exp"
[1] "pc_sqexp"
[1] "n sub: 50, n images per sub: 5, zero distance: 50, sigma^2: 1, beta: 0.41, simulation: 83"
[1] "no_corr"
[1] "pc_exp"
[1] "pc_sqexp"
[1] "n sub: 50, n images per sub: 5, zero distance: 50, sigma^2: 0.5, beta: 0.41, simulation: 83"
[1] "no_corr"
[1] "pc_exp"
[1] "pc_sqexp"
[1] "n sub: 50, n images per sub: 5, zero distance: 50, sigma^2: 2, beta: 0.41, simulation: 83"
[1] "no_corr"
[1] "pc_exp"
[1] "pc_sqexp"
[1] "n sub: 50, n images per sub: 5, zero distance: 50, sigma^2: 1, beta: 0.41, simulation: 84"
[1] "no_corr"
[1] "pc_exp"
[1] "pc_sqexp"
[1] "n sub: 50, n images per sub: 5, zero distance: 50, sigma^2: 0.5, beta: 0.41, simulation: 84"
[1] "no_corr"
[1] "pc_exp"
[1] "pc_sqexp"
[1] "n sub: 50, n images per sub: 5, zero distance: 50, sigma^2: 2, beta: 0.41, simulation: 84"
[1] "no_corr"
[1] "pc_exp"
[1] "pc_sqexp"
[1] "n sub: 50, n images per sub: 5, zero distance: 50, sigma^2: 1, beta: 0.41, simulation: 85"
[1] "no_corr"
[1] "pc_exp"
[1] "pc_sqexp"
[1] "n sub: 50, n images per sub: 5, zero distance: 50, sigma^2: 0.5, beta: 0.41, simulation: 85"
[1] "no_corr"
[1] "pc_exp"
[1] "pc_sqexp"
[1] "n sub: 50, n images per sub: 5, zero distance: 50, sigma^2: 2, beta: 0.41, simulation: 85"
[1] "no_corr"
[1] "pc_exp"
[1] "pc_sqexp"
[1] "n sub: 50, n images per sub: 5, zero distance: 50, sigma^2: 1, beta: 0.41, simulation: 86"
[1] "no_corr"
[1] "pc_exp"
[1] "pc_sqexp"
[1] "n sub: 50, n images per sub: 5, zero distance: 50, sigma^2: 0.5, beta: 0.41, simulation: 86"
[1] "no_corr"
[1] "pc_exp"
[1] "pc_sqexp"
[1] "n sub: 50, n images per sub: 5, zero distance: 50, sigma^2: 2, beta: 0.41, simulation: 86"
[1] "no_corr"
[1] "pc_exp"
[1] "pc_sqexp"
[1] "n sub: 50, n images per sub: 5, zero distance: 50, sigma^2: 1, beta: 0.41, simulation: 87"
[1] "no_corr"
[1] "pc_exp"
[1] "pc_sqexp"
[1] "n sub: 50, n images per sub: 5, zero distance: 50, sigma^2: 0.5, beta: 0.41, simulation: 87"
[1] "no_corr"
[1] "pc_exp"
[1] "pc_sqexp"
[1] "n sub: 50, n images per sub: 5, zero distance: 50, sigma^2: 2, beta: 0.41, simulation: 87"
[1] "no_corr"
[1] "pc_exp"
[1] "pc_sqexp"
[1] "n sub: 50, n images per sub: 5, zero distance: 50, sigma^2: 1, beta: 0.41, simulation: 88"
[1] "no_corr"
[1] "pc_exp"
[1] "pc_sqexp"
[1] "n sub: 50, n images per sub: 5, zero distance: 50, sigma^2: 0.5, beta: 0.41, simulation: 88"
[1] "no_corr"
[1] "pc_exp"
[1] "pc_sqexp"
[1] "n sub: 50, n images per sub: 5, zero distance: 50, sigma^2: 2, beta: 0.41, simulation: 88"
[1] "no_corr"
[1] "pc_exp"
[1] "pc_sqexp"
[1] "n sub: 50, n images per sub: 5, zero distance: 50, sigma^2: 1, beta: 0.41, simulation: 89"
[1] "no_corr"
[1] "pc_exp"
[1] "pc_sqexp"
[1] "n sub: 50, n images per sub: 5, zero distance: 50, sigma^2: 2, beta: 0.41, simulation: 89"
[1] "no_corr"
[1] "pc_exp"
[1] "pc_sqexp"
[1] "n sub: 50, n images per sub: 5, zero distance: 50, sigma^2: 0.5, beta: 0.41, simulation: 89"
[1] "no_corr"
[1] "pc_exp"
[1] "pc_sqexp"
[1] "n sub: 50, n images per sub: 5, zero distance: 50, sigma^2: 1, beta: 0.41, simulation: 90"
[1] "no_corr"
[1] "pc_exp"
[1] "pc_sqexp"
[1] "n sub: 50, n images per sub: 5, zero distance: 50, sigma^2: 2, beta: 0.41, simulation: 90"
[1] "no_corr"
[1] "pc_exp"
[1] "pc_sqexp"
[1] "n sub: 50, n images per sub: 5, zero distance: 50, sigma^2: 0.5, beta: 0.41, simulation: 90"
[1] "no_corr"
[1] "pc_exp"
[1] "pc_sqexp"
[1] "n sub: 50, n images per sub: 5, zero distance: 50, sigma^2: 1, beta: 0.41, simulation: 91"
[1] "no_corr"
[1] "pc_exp"
[1] "pc_sqexp"
[1] "n sub: 50, n images per sub: 5, zero distance: 50, sigma^2: 2, beta: 0.41, simulation: 91"
[1] "no_corr"
[1] "pc_exp"
[1] "pc_sqexp"
[1] "n sub: 50, n images per sub: 5, zero distance: 50, sigma^2: 0.5, beta: 0.41, simulation: 91"
[1] "no_corr"
[1] "pc_exp"
[1] "pc_sqexp"
[1] "n sub: 50, n images per sub: 5, zero distance: 50, sigma^2: 1, beta: 0.41, simulation: 92"
[1] "no_corr"
[1] "pc_exp"
[1] "pc_sqexp"
[1] "n sub: 50, n images per sub: 5, zero distance: 50, sigma^2: 2, beta: 0.41, simulation: 92"
[1] "no_corr"
[1] "pc_exp"
[1] "pc_sqexp"
[1] "n sub: 50, n images per sub: 5, zero distance: 50, sigma^2: 0.5, beta: 0.41, simulation: 92"
[1] "no_corr"
[1] "pc_exp"
[1] "pc_sqexp"
[1] "n sub: 50, n images per sub: 5, zero distance: 50, sigma^2: 1, beta: 0.41, simulation: 93"
[1] "no_corr"
[1] "pc_exp"
[1] "pc_sqexp"
[1] "n sub: 50, n images per sub: 5, zero distance: 50, sigma^2: 2, beta: 0.41, simulation: 93"
[1] "no_corr"
[1] "pc_exp"
[1] "pc_sqexp"
[1] "n sub: 50, n images per sub: 5, zero distance: 50, sigma^2: 0.5, beta: 0.41, simulation: 93"
[1] "no_corr"
[1] "pc_exp"
[1] "pc_sqexp"
[1] "n sub: 50, n images per sub: 5, zero distance: 50, sigma^2: 1, beta: 0.41, simulation: 94"
[1] "no_corr"
[1] "pc_exp"
[1] "pc_sqexp"
[1] "n sub: 50, n images per sub: 5, zero distance: 50, sigma^2: 2, beta: 0.41, simulation: 94"
[1] "no_corr"
[1] "pc_exp"
[1] "pc_sqexp"
[1] "n sub: 50, n images per sub: 5, zero distance: 50, sigma^2: 0.5, beta: 0.41, simulation: 94"
[1] "no_corr"
[1] "pc_exp"
[1] "pc_sqexp"
[1] "n sub: 50, n images per sub: 5, zero distance: 50, sigma^2: 1, beta: 0.41, simulation: 95"
[1] "no_corr"
[1] "pc_exp"
[1] "pc_sqexp"
[1] "n sub: 50, n images per sub: 5, zero distance: 50, sigma^2: 2, beta: 0.41, simulation: 95"
[1] "no_corr"
[1] "pc_exp"
[1] "pc_sqexp"
[1] "n sub: 50, n images per sub: 5, zero distance: 50, sigma^2: 0.5, beta: 0.41, simulation: 95"
[1] "no_corr"
[1] "pc_exp"
[1] "pc_sqexp"
[1] "n sub: 50, n images per sub: 5, zero distance: 50, sigma^2: 1, beta: 0.41, simulation: 96"
[1] "no_corr"
[1] "pc_exp"
[1] "pc_sqexp"
[1] "n sub: 50, n images per sub: 5, zero distance: 50, sigma^2: 2, beta: 0.41, simulation: 96"
[1] "no_corr"
[1] "pc_exp"
[1] "pc_sqexp"
[1] "n sub: 50, n images per sub: 5, zero distance: 50, sigma^2: 0.5, beta: 0.41, simulation: 96"
[1] "no_corr"
[1] "pc_exp"
[1] "pc_sqexp"
[1] "n sub: 50, n images per sub: 5, zero distance: 50, sigma^2: 1, beta: 0.41, simulation: 97"
[1] "no_corr"
[1] "pc_exp"
[1] "pc_sqexp"
[1] "n sub: 50, n images per sub: 5, zero distance: 50, sigma^2: 2, beta: 0.41, simulation: 97"
[1] "no_corr"
[1] "pc_exp"
[1] "pc_sqexp"
[1] "n sub: 50, n images per sub: 5, zero distance: 50, sigma^2: 0.5, beta: 0.41, simulation: 97"
[1] "no_corr"
[1] "pc_exp"
[1] "pc_sqexp"
[1] "n sub: 50, n images per sub: 5, zero distance: 50, sigma^2: 1, beta: 0.41, simulation: 98"
[1] "no_corr"
[1] "pc_exp"
[1] "pc_sqexp"
[1] "n sub: 50, n images per sub: 5, zero distance: 50, sigma^2: 2, beta: 0.41, simulation: 98"
[1] "no_corr"
[1] "pc_exp"
[1] "pc_sqexp"
[1] "n sub: 50, n images per sub: 5, zero distance: 50, sigma^2: 0.5, beta: 0.41, simulation: 98"
[1] "no_corr"
[1] "pc_exp"
[1] "pc_sqexp"
[1] "n sub: 50, n images per sub: 5, zero distance: 50, sigma^2: 1, beta: 0.41, simulation: 99"
[1] "no_corr"
[1] "pc_exp"
[1] "pc_sqexp"
[1] "n sub: 50, n images per sub: 5, zero distance: 50, sigma^2: 2, beta: 0.41, simulation: 99"
[1] "no_corr"
[1] "pc_exp"
[1] "pc_sqexp"
[1] "n sub: 50, n images per sub: 5, zero distance: 50, sigma^2: 0.5, beta: 0.41, simulation: 99"
[1] "no_corr"
[1] "pc_exp"
[1] "pc_sqexp"
[1] "n sub: 50, n images per sub: 5, zero distance: 50, sigma^2: 1, beta: 0.41, simulation: 100"
[1] "no_corr"
[1] "pc_exp"
[1] "pc_sqexp"
[1] "n sub: 50, n images per sub: 5, zero distance: 50, sigma^2: 0.5, beta: 0.41, simulation: 100"
[1] "no_corr"
[1] "pc_exp"
[1] "pc_sqexp"
[1] "n sub: 50, n images per sub: 5, zero distance: 50, sigma^2: 2, beta: 0.41, simulation: 100"
[1] "no_corr"
[1] "pc_exp"
[1] "pc_sqexp"
[1] "n sub: 50, n images per sub: 5, zero distance: 50, sigma^2: 1, beta: 0.41, simulation: 101"
[1] "no_corr"
[1] "pc_exp"
[1] "pc_sqexp"
[1] "n sub: 50, n images per sub: 5, zero distance: 50, sigma^2: 0.5, beta: 0.41, simulation: 101"
[1] "no_corr"
[1] "pc_exp"
[1] "pc_sqexp"
[1] "n sub: 50, n images per sub: 5, zero distance: 50, sigma^2: 2, beta: 0.41, simulation: 101"
[1] "no_corr"
[1] "pc_exp"
[1] "pc_sqexp"
[1] "n sub: 50, n images per sub: 5, zero distance: 50, sigma^2: 1, beta: 0.41, simulation: 102"
[1] "no_corr"
[1] "pc_exp"
[1] "pc_sqexp"
[1] "n sub: 50, n images per sub: 5, zero distance: 50, sigma^2: 0.5, beta: 0.41, simulation: 102"
[1] "no_corr"
[1] "pc_exp"
[1] "pc_sqexp"
[1] "n sub: 50, n images per sub: 5, zero distance: 50, sigma^2: 2, beta: 0.41, simulation: 102"
[1] "no_corr"
[1] "pc_exp"
[1] "pc_sqexp"
[1] "n sub: 50, n images per sub: 5, zero distance: 50, sigma^2: 1, beta: 0.41, simulation: 103"
[1] "no_corr"
[1] "pc_exp"
[1] "pc_sqexp"
[1] "n sub: 50, n images per sub: 5, zero distance: 50, sigma^2: 0.5, beta: 0.41, simulation: 103"
[1] "no_corr"
[1] "pc_exp"
[1] "pc_sqexp"
[1] "n sub: 50, n images per sub: 5, zero distance: 50, sigma^2: 2, beta: 0.41, simulation: 103"
[1] "no_corr"
[1] "pc_exp"
[1] "pc_sqexp"
[1] "n sub: 50, n images per sub: 5, zero distance: 50, sigma^2: 1, beta: 0.41, simulation: 104"
[1] "no_corr"
[1] "pc_exp"
[1] "pc_sqexp"
[1] "n sub: 50, n images per sub: 5, zero distance: 50, sigma^2: 0.5, beta: 0.41, simulation: 104"
[1] "no_corr"
[1] "pc_exp"
[1] "pc_sqexp"
[1] "n sub: 50, n images per sub: 5, zero distance: 50, sigma^2: 2, beta: 0.41, simulation: 104"
[1] "no_corr"
[1] "pc_exp"
[1] "pc_sqexp"
[1] "n sub: 50, n images per sub: 5, zero distance: 50, sigma^2: 1, beta: 0.41, simulation: 105"
[1] "no_corr"
[1] "pc_exp"
[1] "pc_sqexp"
[1] "n sub: 50, n images per sub: 5, zero distance: 50, sigma^2: 0.5, beta: 0.41, simulation: 105"
[1] "no_corr"
[1] "pc_exp"
[1] "pc_sqexp"
[1] "n sub: 50, n images per sub: 5, zero distance: 50, sigma^2: 2, beta: 0.41, simulation: 105"
[1] "no_corr"
[1] "pc_exp"
[1] "pc_sqexp"
[1] "n sub: 50, n images per sub: 5, zero distance: 50, sigma^2: 1, beta: 0.41, simulation: 106"
[1] "no_corr"
[1] "pc_exp"
[1] "pc_sqexp"
[1] "n sub: 50, n images per sub: 5, zero distance: 50, sigma^2: 0.5, beta: 0.41, simulation: 106"
[1] "no_corr"
[1] "pc_exp"
[1] "pc_sqexp"
[1] "n sub: 50, n images per sub: 5, zero distance: 50, sigma^2: 2, beta: 0.41, simulation: 106"
[1] "no_corr"
[1] "pc_exp"
[1] "pc_sqexp"
[1] "n sub: 50, n images per sub: 5, zero distance: 50, sigma^2: 1, beta: 0.41, simulation: 107"
[1] "no_corr"
[1] "pc_exp"
[1] "pc_sqexp"
[1] "n sub: 50, n images per sub: 5, zero distance: 50, sigma^2: 0.5, beta: 0.41, simulation: 107"
[1] "no_corr"
[1] "pc_exp"
[1] "pc_sqexp"
[1] "n sub: 50, n images per sub: 5, zero distance: 50, sigma^2: 2, beta: 0.41, simulation: 107"
[1] "no_corr"
[1] "pc_exp"
[1] "pc_sqexp"
[1] "n sub: 50, n images per sub: 5, zero distance: 50, sigma^2: 1, beta: 0.41, simulation: 108"
[1] "no_corr"
[1] "pc_exp"
[1] "pc_sqexp"
[1] "n sub: 50, n images per sub: 5, zero distance: 50, sigma^2: 0.5, beta: 0.41, simulation: 108"
[1] "no_corr"
[1] "pc_exp"
[1] "pc_sqexp"
[1] "n sub: 50, n images per sub: 5, zero distance: 50, sigma^2: 2, beta: 0.41, simulation: 108"
[1] "no_corr"
[1] "pc_exp"
[1] "pc_sqexp"
[1] "n sub: 50, n images per sub: 5, zero distance: 50, sigma^2: 1, beta: 0.41, simulation: 109"
[1] "no_corr"
[1] "pc_exp"
[1] "pc_sqexp"
[1] "n sub: 50, n images per sub: 5, zero distance: 50, sigma^2: 0.5, beta: 0.41, simulation: 109"
[1] "no_corr"
[1] "pc_exp"
[1] "pc_sqexp"
[1] "n sub: 50, n images per sub: 5, zero distance: 50, sigma^2: 2, beta: 0.41, simulation: 109"
[1] "no_corr"
[1] "pc_exp"
[1] "pc_sqexp"
[1] "n sub: 50, n images per sub: 5, zero distance: 50, sigma^2: 1, beta: 0.41, simulation: 110"
[1] "no_corr"
[1] "pc_exp"
[1] "pc_sqexp"
[1] "n sub: 50, n images per sub: 5, zero distance: 50, sigma^2: 0.5, beta: 0.41, simulation: 110"
[1] "no_corr"
[1] "pc_exp"
[1] "pc_sqexp"
[1] "n sub: 50, n images per sub: 5, zero distance: 50, sigma^2: 2, beta: 0.41, simulation: 110"
[1] "no_corr"
[1] "pc_exp"
[1] "pc_sqexp"
[1] "n sub: 50, n images per sub: 5, zero distance: 50, sigma^2: 1, beta: 0.41, simulation: 111"
[1] "no_corr"
[1] "pc_exp"
[1] "pc_sqexp"
[1] "n sub: 50, n images per sub: 5, zero distance: 50, sigma^2: 0.5, beta: 0.41, simulation: 111"
[1] "no_corr"
[1] "pc_exp"
[1] "pc_sqexp"
[1] "n sub: 50, n images per sub: 5, zero distance: 50, sigma^2: 2, beta: 0.41, simulation: 111"
[1] "no_corr"
[1] "pc_exp"
[1] "pc_sqexp"
[1] "n sub: 50, n images per sub: 5, zero distance: 50, sigma^2: 1, beta: 0.41, simulation: 112"
[1] "no_corr"
[1] "pc_exp"
[1] "pc_sqexp"
[1] "n sub: 50, n images per sub: 5, zero distance: 50, sigma^2: 0.5, beta: 0.41, simulation: 112"
[1] "no_corr"
[1] "pc_exp"
[1] "pc_sqexp"
[1] "n sub: 50, n images per sub: 5, zero distance: 50, sigma^2: 2, beta: 0.41, simulation: 112"
[1] "no_corr"
[1] "pc_exp"
[1] "pc_sqexp"
[1] "n sub: 50, n images per sub: 5, zero distance: 50, sigma^2: 1, beta: 0.41, simulation: 113"
[1] "no_corr"
[1] "pc_exp"
[1] "pc_sqexp"
[1] "n sub: 50, n images per sub: 5, zero distance: 50, sigma^2: 0.5, beta: 0.41, simulation: 113"
[1] "no_corr"
[1] "pc_exp"
[1] "pc_sqexp"
[1] "n sub: 50, n images per sub: 5, zero distance: 50, sigma^2: 2, beta: 0.41, simulation: 113"
[1] "no_corr"
[1] "pc_exp"
[1] "pc_sqexp"
[1] "n sub: 50, n images per sub: 5, zero distance: 50, sigma^2: 1, beta: 0.41, simulation: 114"
[1] "no_corr"
[1] "pc_exp"
[1] "pc_sqexp"
[1] "n sub: 50, n images per sub: 5, zero distance: 50, sigma^2: 0.5, beta: 0.41, simulation: 114"
[1] "no_corr"
[1] "pc_exp"
[1] "pc_sqexp"
[1] "n sub: 50, n images per sub: 5, zero distance: 50, sigma^2: 2, beta: 0.41, simulation: 114"
[1] "no_corr"
[1] "pc_exp"
[1] "pc_sqexp"
[1] "n sub: 50, n images per sub: 5, zero distance: 50, sigma^2: 1, beta: 0.41, simulation: 115"
[1] "no_corr"
[1] "pc_exp"
[1] "pc_sqexp"
[1] "n sub: 50, n images per sub: 5, zero distance: 50, sigma^2: 0.5, beta: 0.41, simulation: 115"
[1] "no_corr"
[1] "pc_exp"
[1] "pc_sqexp"
[1] "n sub: 50, n images per sub: 5, zero distance: 50, sigma^2: 2, beta: 0.41, simulation: 115"
[1] "no_corr"
[1] "pc_exp"
[1] "pc_sqexp"
[1] "n sub: 50, n images per sub: 5, zero distance: 50, sigma^2: 1, beta: 0.41, simulation: 116"
[1] "no_corr"
[1] "pc_exp"
[1] "pc_sqexp"
[1] "n sub: 50, n images per sub: 5, zero distance: 50, sigma^2: 0.5, beta: 0.41, simulation: 116"
[1] "no_corr"
[1] "pc_exp"
[1] "pc_sqexp"
[1] "n sub: 50, n images per sub: 5, zero distance: 50, sigma^2: 2, beta: 0.41, simulation: 116"
[1] "no_corr"
[1] "pc_exp"
[1] "pc_sqexp"
[1] "n sub: 50, n images per sub: 5, zero distance: 50, sigma^2: 1, beta: 0.41, simulation: 117"
[1] "no_corr"
[1] "pc_exp"
[1] "pc_sqexp"
[1] "n sub: 50, n images per sub: 5, zero distance: 50, sigma^2: 0.5, beta: 0.41, simulation: 117"
[1] "no_corr"
[1] "pc_exp"
[1] "pc_sqexp"
[1] "n sub: 50, n images per sub: 5, zero distance: 50, sigma^2: 2, beta: 0.41, simulation: 117"
[1] "no_corr"
[1] "pc_exp"
[1] "pc_sqexp"
[1] "n sub: 50, n images per sub: 5, zero distance: 50, sigma^2: 1, beta: 0.41, simulation: 118"
[1] "no_corr"
[1] "pc_exp"
[1] "pc_sqexp"
[1] "n sub: 50, n images per sub: 5, zero distance: 50, sigma^2: 0.5, beta: 0.41, simulation: 118"
[1] "no_corr"
[1] "pc_exp"
[1] "pc_sqexp"
[1] "n sub: 50, n images per sub: 5, zero distance: 50, sigma^2: 2, beta: 0.41, simulation: 118"
[1] "no_corr"
[1] "pc_exp"
[1] "pc_sqexp"
[1] "n sub: 50, n images per sub: 5, zero distance: 50, sigma^2: 1, beta: 0.41, simulation: 119"
[1] "no_corr"
[1] "pc_exp"
[1] "pc_sqexp"
[1] "n sub: 50, n images per sub: 5, zero distance: 50, sigma^2: 0.5, beta: 0.41, simulation: 119"
[1] "no_corr"
[1] "pc_exp"
[1] "pc_sqexp"
[1] "n sub: 50, n images per sub: 5, zero distance: 50, sigma^2: 2, beta: 0.41, simulation: 119"
[1] "no_corr"
[1] "pc_exp"
[1] "pc_sqexp"
[1] "n sub: 50, n images per sub: 5, zero distance: 50, sigma^2: 1, beta: 0.41, simulation: 120"
[1] "no_corr"
[1] "pc_exp"
[1] "pc_sqexp"
[1] "n sub: 50, n images per sub: 5, zero distance: 50, sigma^2: 0.5, beta: 0.41, simulation: 120"
[1] "no_corr"
[1] "pc_exp"
[1] "pc_sqexp"
[1] "n sub: 50, n images per sub: 5, zero distance: 50, sigma^2: 2, beta: 0.41, simulation: 120"
[1] "no_corr"
[1] "pc_exp"
[1] "pc_sqexp"
[1] "n sub: 50, n images per sub: 5, zero distance: 50, sigma^2: 1, beta: 0.41, simulation: 121"
[1] "no_corr"
[1] "pc_exp"
[1] "pc_sqexp"
[1] "n sub: 50, n images per sub: 5, zero distance: 50, sigma^2: 0.5, beta: 0.41, simulation: 121"
[1] "no_corr"
[1] "pc_exp"
[1] "pc_sqexp"
[1] "n sub: 50, n images per sub: 5, zero distance: 50, sigma^2: 2, beta: 0.41, simulation: 121"
[1] "no_corr"
[1] "pc_exp"
[1] "pc_sqexp"
[1] "n sub: 50, n images per sub: 5, zero distance: 50, sigma^2: 1, beta: 0.41, simulation: 122"
[1] "no_corr"
[1] "pc_exp"
[1] "pc_sqexp"
[1] "n sub: 50, n images per sub: 5, zero distance: 50, sigma^2: 0.5, beta: 0.41, simulation: 122"
[1] "no_corr"
[1] "pc_exp"
[1] "pc_sqexp"
[1] "n sub: 50, n images per sub: 5, zero distance: 50, sigma^2: 2, beta: 0.41, simulation: 122"
[1] "no_corr"
[1] "pc_exp"
[1] "pc_sqexp"
[1] "n sub: 50, n images per sub: 5, zero distance: 50, sigma^2: 1, beta: 0.41, simulation: 123"
[1] "no_corr"
[1] "pc_exp"
[1] "pc_sqexp"
[1] "n sub: 50, n images per sub: 5, zero distance: 50, sigma^2: 0.5, beta: 0.41, simulation: 123"
[1] "no_corr"
[1] "pc_exp"
[1] "pc_sqexp"
[1] "n sub: 50, n images per sub: 5, zero distance: 50, sigma^2: 2, beta: 0.41, simulation: 123"
[1] "no_corr"
[1] "pc_exp"
[1] "pc_sqexp"
[1] "n sub: 50, n images per sub: 5, zero distance: 50, sigma^2: 1, beta: 0.41, simulation: 124"
[1] "no_corr"
[1] "pc_exp"
[1] "pc_sqexp"
[1] "n sub: 50, n images per sub: 5, zero distance: 50, sigma^2: 0.5, beta: 0.41, simulation: 124"
[1] "no_corr"
[1] "pc_exp"
[1] "pc_sqexp"
[1] "n sub: 50, n images per sub: 5, zero distance: 50, sigma^2: 2, beta: 0.41, simulation: 124"
[1] "no_corr"
[1] "pc_exp"
[1] "pc_sqexp"
[1] "n sub: 50, n images per sub: 5, zero distance: 50, sigma^2: 1, beta: 0.41, simulation: 125"
[1] "no_corr"
[1] "pc_exp"
[1] "pc_sqexp"
[1] "n sub: 50, n images per sub: 5, zero distance: 50, sigma^2: 0.5, beta: 0.41, simulation: 125"
[1] "no_corr"
[1] "pc_exp"
[1] "pc_sqexp"
[1] "n sub: 50, n images per sub: 5, zero distance: 50, sigma^2: 2, beta: 0.41, simulation: 125"
[1] "no_corr"
[1] "pc_exp"
[1] "pc_sqexp"
[1] "n sub: 50, n images per sub: 5, zero distance: 50, sigma^2: 1, beta: 0.41, simulation: 126"
[1] "no_corr"
[1] "pc_exp"
[1] "pc_sqexp"
[1] "n sub: 50, n images per sub: 5, zero distance: 50, sigma^2: 0.5, beta: 0.41, simulation: 126"
[1] "no_corr"
[1] "pc_exp"
[1] "pc_sqexp"
[1] "n sub: 50, n images per sub: 5, zero distance: 50, sigma^2: 2, beta: 0.41, simulation: 126"
[1] "no_corr"
[1] "pc_exp"
[1] "pc_sqexp"
[1] "n sub: 50, n images per sub: 5, zero distance: 50, sigma^2: 1, beta: 0.41, simulation: 127"
[1] "no_corr"
[1] "pc_exp"
[1] "pc_sqexp"
[1] "n sub: 50, n images per sub: 5, zero distance: 50, sigma^2: 0.5, beta: 0.41, simulation: 127"
[1] "no_corr"
[1] "pc_exp"
[1] "pc_sqexp"
[1] "n sub: 50, n images per sub: 5, zero distance: 50, sigma^2: 2, beta: 0.41, simulation: 127"
[1] "no_corr"
[1] "pc_exp"
[1] "pc_sqexp"
[1] "n sub: 50, n images per sub: 5, zero distance: 50, sigma^2: 1, beta: 0.41, simulation: 128"
[1] "no_corr"
[1] "pc_exp"
[1] "pc_sqexp"
[1] "n sub: 50, n images per sub: 5, zero distance: 50, sigma^2: 0.5, beta: 0.41, simulation: 128"
[1] "no_corr"
[1] "pc_exp"
[1] "pc_sqexp"
[1] "n sub: 50, n images per sub: 5, zero distance: 50, sigma^2: 2, beta: 0.41, simulation: 128"
[1] "no_corr"
[1] "pc_exp"
[1] "pc_sqexp"
[1] "n sub: 50, n images per sub: 5, zero distance: 50, sigma^2: 1, beta: 0.41, simulation: 129"
[1] "no_corr"
[1] "pc_exp"
[1] "pc_sqexp"
[1] "n sub: 50, n images per sub: 5, zero distance: 50, sigma^2: 0.5, beta: 0.41, simulation: 129"
[1] "no_corr"
[1] "pc_exp"
[1] "pc_sqexp"
[1] "n sub: 50, n images per sub: 5, zero distance: 50, sigma^2: 2, beta: 0.41, simulation: 129"
[1] "no_corr"
[1] "pc_exp"
[1] "pc_sqexp"
[1] "n sub: 50, n images per sub: 5, zero distance: 50, sigma^2: 1, beta: 0.41, simulation: 130"
[1] "no_corr"
[1] "pc_exp"
[1] "pc_sqexp"
[1] "n sub: 50, n images per sub: 5, zero distance: 50, sigma^2: 0.5, beta: 0.41, simulation: 130"
[1] "no_corr"
[1] "pc_exp"
[1] "pc_sqexp"
[1] "n sub: 50, n images per sub: 5, zero distance: 50, sigma^2: 2, beta: 0.41, simulation: 130"
[1] "no_corr"
[1] "pc_exp"
[1] "pc_sqexp"
[1] "n sub: 50, n images per sub: 5, zero distance: 50, sigma^2: 1, beta: 0.41, simulation: 131"
[1] "no_corr"
[1] "pc_exp"
[1] "pc_sqexp"
[1] "n sub: 50, n images per sub: 5, zero distance: 50, sigma^2: 0.5, beta: 0.41, simulation: 131"
[1] "no_corr"
[1] "pc_exp"
[1] "pc_sqexp"
[1] "n sub: 50, n images per sub: 5, zero distance: 50, sigma^2: 2, beta: 0.41, simulation: 131"
[1] "no_corr"
[1] "pc_exp"
[1] "pc_sqexp"
[1] "n sub: 50, n images per sub: 5, zero distance: 50, sigma^2: 1, beta: 0.41, simulation: 132"
[1] "no_corr"
[1] "pc_exp"
[1] "pc_sqexp"
[1] "n sub: 50, n images per sub: 5, zero distance: 50, sigma^2: 0.5, beta: 0.41, simulation: 132"
[1] "no_corr"
[1] "pc_exp"
[1] "pc_sqexp"
[1] "n sub: 50, n images per sub: 5, zero distance: 50, sigma^2: 2, beta: 0.41, simulation: 132"
[1] "no_corr"
[1] "pc_exp"
[1] "pc_sqexp"
[1] "n sub: 50, n images per sub: 5, zero distance: 50, sigma^2: 1, beta: 0.41, simulation: 133"
[1] "no_corr"
[1] "pc_exp"
[1] "pc_sqexp"
[1] "n sub: 50, n images per sub: 5, zero distance: 50, sigma^2: 0.5, beta: 0.41, simulation: 133"
[1] "no_corr"
[1] "pc_exp"
[1] "pc_sqexp"
[1] "n sub: 50, n images per sub: 5, zero distance: 50, sigma^2: 2, beta: 0.41, simulation: 133"
[1] "no_corr"
[1] "pc_exp"
[1] "pc_sqexp"
[1] "n sub: 50, n images per sub: 5, zero distance: 50, sigma^2: 1, beta: 0.41, simulation: 134"
[1] "no_corr"
[1] "pc_exp"
[1] "pc_sqexp"
