[1] "n sub: 50, n images per sub: 5, zero distance: 100, sigma^2: 1, beta: -1.1, simulation: 867"
[1] "no_corr"
[1] "pc_exp"
[1] "pc_sqexp"
[1] "n sub: 50, n images per sub: 5, zero distance: 100, sigma^2: 2, beta: -1.1, simulation: 868"
[1] "no_corr"
[1] "pc_exp"
[1] "pc_sqexp"
[1] "n sub: 50, n images per sub: 5, zero distance: 100, sigma^2: 0.5, beta: -1.1, simulation: 868"
[1] "no_corr"
[1] "pc_exp"
[1] "pc_sqexp"
[1] "n sub: 50, n images per sub: 5, zero distance: 100, sigma^2: 1, beta: -1.1, simulation: 868"
[1] "no_corr"
[1] "pc_exp"
[1] "pc_sqexp"
[1] "n sub: 50, n images per sub: 5, zero distance: 100, sigma^2: 2, beta: -1.1, simulation: 869"
[1] "no_corr"
[1] "pc_exp"
[1] "pc_sqexp"
[1] "n sub: 50, n images per sub: 5, zero distance: 100, sigma^2: 0.5, beta: -1.1, simulation: 869"
[1] "no_corr"
[1] "pc_exp"
[1] "pc_sqexp"
[1] "n sub: 50, n images per sub: 5, zero distance: 100, sigma^2: 1, beta: -1.1, simulation: 869"
[1] "no_corr"
[1] "pc_exp"
[1] "pc_sqexp"
[1] "n sub: 50, n images per sub: 5, zero distance: 100, sigma^2: 2, beta: -1.1, simulation: 870"
[1] "no_corr"
[1] "pc_exp"
[1] "pc_sqexp"
[1] "n sub: 50, n images per sub: 5, zero distance: 100, sigma^2: 0.5, beta: -1.1, simulation: 870"
[1] "no_corr"
[1] "pc_exp"
[1] "pc_sqexp"
[1] "n sub: 50, n images per sub: 5, zero distance: 100, sigma^2: 1, beta: -1.1, simulation: 870"
[1] "no_corr"
[1] "pc_exp"
[1] "pc_sqexp"
[1] "n sub: 50, n images per sub: 5, zero distance: 100, sigma^2: 2, beta: -1.1, simulation: 871"
[1] "no_corr"
[1] "pc_exp"
[1] "pc_sqexp"
[1] "n sub: 50, n images per sub: 5, zero distance: 100, sigma^2: 0.5, beta: -1.1, simulation: 871"
[1] "no_corr"
[1] "pc_exp"
[1] "pc_sqexp"
[1] "n sub: 50, n images per sub: 5, zero distance: 100, sigma^2: 1, beta: -1.1, simulation: 871"
[1] "no_corr"
[1] "pc_exp"
[1] "pc_sqexp"
[1] "n sub: 50, n images per sub: 5, zero distance: 100, sigma^2: 2, beta: -1.1, simulation: 872"
[1] "no_corr"
[1] "pc_exp"
[1] "pc_sqexp"
[1] "n sub: 50, n images per sub: 5, zero distance: 100, sigma^2: 0.5, beta: -1.1, simulation: 872"
[1] "no_corr"
[1] "pc_exp"
[1] "pc_sqexp"
[1] "n sub: 50, n images per sub: 5, zero distance: 100, sigma^2: 1, beta: -1.1, simulation: 872"
[1] "no_corr"
[1] "pc_exp"
[1] "pc_sqexp"
[1] "n sub: 50, n images per sub: 5, zero distance: 100, sigma^2: 2, beta: -1.1, simulation: 873"
[1] "no_corr"
[1] "pc_exp"
[1] "pc_sqexp"
[1] "n sub: 50, n images per sub: 5, zero distance: 100, sigma^2: 0.5, beta: -1.1, simulation: 873"
[1] "no_corr"
[1] "pc_exp"
[1] "pc_sqexp"
[1] "n sub: 50, n images per sub: 5, zero distance: 100, sigma^2: 1, beta: -1.1, simulation: 873"
[1] "no_corr"
[1] "pc_exp"
[1] "pc_sqexp"
[1] "n sub: 50, n images per sub: 5, zero distance: 100, sigma^2: 2, beta: -1.1, simulation: 874"
[1] "no_corr"
[1] "pc_exp"
[1] "pc_sqexp"
[1] "n sub: 50, n images per sub: 5, zero distance: 100, sigma^2: 0.5, beta: -1.1, simulation: 874"
[1] "no_corr"
[1] "pc_exp"
[1] "pc_sqexp"
[1] "n sub: 50, n images per sub: 5, zero distance: 100, sigma^2: 1, beta: -1.1, simulation: 874"
[1] "no_corr"
[1] "pc_exp"
[1] "pc_sqexp"
[1] "n sub: 50, n images per sub: 5, zero distance: 100, sigma^2: 2, beta: -1.1, simulation: 875"
[1] "no_corr"
[1] "pc_exp"
[1] "pc_sqexp"
[1] "n sub: 50, n images per sub: 5, zero distance: 100, sigma^2: 0.5, beta: -1.1, simulation: 875"
[1] "no_corr"
[1] "pc_exp"
[1] "pc_sqexp"
[1] "n sub: 50, n images per sub: 5, zero distance: 100, sigma^2: 1, beta: -1.1, simulation: 875"
[1] "no_corr"
[1] "pc_exp"
[1] "pc_sqexp"
[1] "n sub: 50, n images per sub: 5, zero distance: 100, sigma^2: 2, beta: -1.1, simulation: 876"
[1] "no_corr"
[1] "pc_exp"
[1] "pc_sqexp"
[1] "n sub: 50, n images per sub: 5, zero distance: 100, sigma^2: 0.5, beta: -1.1, simulation: 876"
[1] "no_corr"
[1] "pc_exp"
[1] "pc_sqexp"
[1] "n sub: 50, n images per sub: 5, zero distance: 100, sigma^2: 1, beta: -1.1, simulation: 876"
[1] "no_corr"
[1] "pc_exp"
[1] "pc_sqexp"
[1] "n sub: 50, n images per sub: 5, zero distance: 100, sigma^2: 2, beta: -1.1, simulation: 877"
[1] "no_corr"
[1] "pc_exp"
[1] "pc_sqexp"
[1] "n sub: 50, n images per sub: 5, zero distance: 100, sigma^2: 0.5, beta: -1.1, simulation: 877"
[1] "no_corr"
[1] "pc_exp"
[1] "pc_sqexp"
[1] "n sub: 50, n images per sub: 5, zero distance: 100, sigma^2: 1, beta: -1.1, simulation: 877"
[1] "no_corr"
[1] "pc_exp"
[1] "pc_sqexp"
[1] "n sub: 50, n images per sub: 5, zero distance: 100, sigma^2: 2, beta: -1.1, simulation: 878"
[1] "no_corr"
[1] "pc_exp"
[1] "pc_sqexp"
[1] "n sub: 50, n images per sub: 5, zero distance: 100, sigma^2: 0.5, beta: -1.1, simulation: 878"
[1] "no_corr"
[1] "pc_exp"
[1] "pc_sqexp"
[1] "n sub: 50, n images per sub: 5, zero distance: 100, sigma^2: 1, beta: -1.1, simulation: 878"
[1] "no_corr"
[1] "pc_exp"
[1] "pc_sqexp"
[1] "n sub: 50, n images per sub: 5, zero distance: 100, sigma^2: 2, beta: -1.1, simulation: 879"
[1] "no_corr"
[1] "pc_exp"
[1] "pc_sqexp"
[1] "n sub: 50, n images per sub: 5, zero distance: 100, sigma^2: 0.5, beta: -1.1, simulation: 879"
[1] "no_corr"
[1] "pc_exp"
[1] "pc_sqexp"
[1] "n sub: 50, n images per sub: 5, zero distance: 100, sigma^2: 1, beta: -1.1, simulation: 879"
[1] "no_corr"
[1] "pc_exp"
[1] "pc_sqexp"
[1] "n sub: 50, n images per sub: 5, zero distance: 100, sigma^2: 2, beta: -1.1, simulation: 880"
[1] "no_corr"
[1] "pc_exp"
[1] "pc_sqexp"
[1] "n sub: 50, n images per sub: 5, zero distance: 100, sigma^2: 0.5, beta: -1.1, simulation: 880"
[1] "no_corr"
[1] "pc_exp"
[1] "pc_sqexp"
[1] "n sub: 50, n images per sub: 5, zero distance: 100, sigma^2: 1, beta: -1.1, simulation: 880"
[1] "no_corr"
[1] "pc_exp"
[1] "pc_sqexp"
[1] "n sub: 50, n images per sub: 5, zero distance: 100, sigma^2: 2, beta: -1.1, simulation: 881"
[1] "no_corr"
[1] "pc_exp"
[1] "pc_sqexp"
[1] "n sub: 50, n images per sub: 5, zero distance: 100, sigma^2: 0.5, beta: -1.1, simulation: 881"
[1] "no_corr"
[1] "pc_exp"
[1] "pc_sqexp"
[1] "n sub: 50, n images per sub: 5, zero distance: 100, sigma^2: 1, beta: -1.1, simulation: 881"
[1] "no_corr"
[1] "pc_exp"
[1] "pc_sqexp"
[1] "n sub: 50, n images per sub: 5, zero distance: 100, sigma^2: 2, beta: -1.1, simulation: 882"
[1] "no_corr"
[1] "pc_exp"
[1] "pc_sqexp"
[1] "n sub: 50, n images per sub: 5, zero distance: 100, sigma^2: 0.5, beta: -1.1, simulation: 882"
[1] "no_corr"
[1] "pc_exp"
[1] "pc_sqexp"
[1] "n sub: 50, n images per sub: 5, zero distance: 100, sigma^2: 1, beta: -1.1, simulation: 882"
[1] "no_corr"
[1] "pc_exp"
[1] "pc_sqexp"
[1] "n sub: 50, n images per sub: 5, zero distance: 100, sigma^2: 2, beta: -1.1, simulation: 883"
[1] "no_corr"
[1] "pc_exp"
[1] "pc_sqexp"
[1] "n sub: 50, n images per sub: 5, zero distance: 100, sigma^2: 0.5, beta: -1.1, simulation: 883"
[1] "no_corr"
[1] "pc_exp"
[1] "pc_sqexp"
[1] "n sub: 50, n images per sub: 5, zero distance: 100, sigma^2: 1, beta: -1.1, simulation: 883"
[1] "no_corr"
[1] "pc_exp"
[1] "pc_sqexp"
[1] "n sub: 50, n images per sub: 5, zero distance: 100, sigma^2: 2, beta: -1.1, simulation: 884"
[1] "no_corr"
[1] "pc_exp"
[1] "pc_sqexp"
[1] "n sub: 50, n images per sub: 5, zero distance: 100, sigma^2: 0.5, beta: -1.1, simulation: 884"
[1] "no_corr"
[1] "pc_exp"
[1] "pc_sqexp"
[1] "n sub: 50, n images per sub: 5, zero distance: 100, sigma^2: 1, beta: -1.1, simulation: 884"
[1] "no_corr"
[1] "pc_exp"
[1] "pc_sqexp"
[1] "n sub: 50, n images per sub: 5, zero distance: 100, sigma^2: 2, beta: -1.1, simulation: 885"
[1] "no_corr"
[1] "pc_exp"
[1] "pc_sqexp"
[1] "n sub: 50, n images per sub: 5, zero distance: 100, sigma^2: 0.5, beta: -1.1, simulation: 885"
[1] "no_corr"
[1] "pc_exp"
[1] "pc_sqexp"
[1] "n sub: 50, n images per sub: 5, zero distance: 100, sigma^2: 1, beta: -1.1, simulation: 885"
[1] "no_corr"
[1] "pc_exp"
[1] "pc_sqexp"
[1] "n sub: 50, n images per sub: 5, zero distance: 100, sigma^2: 2, beta: -1.1, simulation: 886"
[1] "no_corr"
[1] "pc_exp"
[1] "pc_sqexp"
[1] "n sub: 50, n images per sub: 5, zero distance: 100, sigma^2: 0.5, beta: -1.1, simulation: 886"
[1] "no_corr"
[1] "pc_exp"
[1] "pc_sqexp"
[1] "n sub: 50, n images per sub: 5, zero distance: 100, sigma^2: 1, beta: -1.1, simulation: 886"
[1] "no_corr"
[1] "pc_exp"
[1] "pc_sqexp"
[1] "n sub: 50, n images per sub: 5, zero distance: 100, sigma^2: 2, beta: -1.1, simulation: 887"
[1] "no_corr"
[1] "pc_exp"
[1] "pc_sqexp"
[1] "n sub: 50, n images per sub: 5, zero distance: 100, sigma^2: 0.5, beta: -1.1, simulation: 887"
[1] "no_corr"
[1] "pc_exp"
[1] "pc_sqexp"
[1] "n sub: 50, n images per sub: 5, zero distance: 100, sigma^2: 1, beta: -1.1, simulation: 887"
[1] "no_corr"
[1] "pc_exp"
[1] "pc_sqexp"
[1] "n sub: 50, n images per sub: 5, zero distance: 100, sigma^2: 2, beta: -1.1, simulation: 888"
[1] "no_corr"
[1] "pc_exp"
[1] "pc_sqexp"
[1] "n sub: 50, n images per sub: 5, zero distance: 100, sigma^2: 0.5, beta: -1.1, simulation: 888"
[1] "no_corr"
[1] "pc_exp"
[1] "pc_sqexp"
[1] "n sub: 50, n images per sub: 5, zero distance: 100, sigma^2: 1, beta: -1.1, simulation: 888"
[1] "no_corr"
[1] "pc_exp"
[1] "pc_sqexp"
[1] "n sub: 50, n images per sub: 5, zero distance: 100, sigma^2: 2, beta: -1.1, simulation: 889"
[1] "no_corr"
[1] "pc_exp"
[1] "pc_sqexp"
[1] "n sub: 50, n images per sub: 5, zero distance: 100, sigma^2: 0.5, beta: -1.1, simulation: 889"
[1] "no_corr"
[1] "pc_exp"
[1] "pc_sqexp"
[1] "n sub: 50, n images per sub: 5, zero distance: 100, sigma^2: 1, beta: -1.1, simulation: 889"
[1] "no_corr"
[1] "pc_exp"
[1] "pc_sqexp"
[1] "n sub: 50, n images per sub: 5, zero distance: 100, sigma^2: 2, beta: -1.1, simulation: 890"
[1] "no_corr"
[1] "pc_exp"
[1] "pc_sqexp"
[1] "n sub: 50, n images per sub: 5, zero distance: 100, sigma^2: 0.5, beta: -1.1, simulation: 890"
[1] "no_corr"
[1] "pc_exp"
[1] "pc_sqexp"
[1] "n sub: 50, n images per sub: 5, zero distance: 100, sigma^2: 1, beta: -1.1, simulation: 890"
[1] "no_corr"
[1] "pc_exp"
[1] "pc_sqexp"
[1] "n sub: 50, n images per sub: 5, zero distance: 100, sigma^2: 2, beta: -1.1, simulation: 891"
[1] "no_corr"
[1] "pc_exp"
[1] "pc_sqexp"
[1] "n sub: 50, n images per sub: 5, zero distance: 100, sigma^2: 0.5, beta: -1.1, simulation: 891"
[1] "no_corr"
[1] "pc_exp"
[1] "pc_sqexp"
[1] "n sub: 50, n images per sub: 5, zero distance: 100, sigma^2: 1, beta: -1.1, simulation: 891"
[1] "no_corr"
[1] "pc_exp"
[1] "pc_sqexp"
[1] "n sub: 50, n images per sub: 5, zero distance: 100, sigma^2: 2, beta: -1.1, simulation: 892"
[1] "no_corr"
[1] "pc_exp"
[1] "pc_sqexp"
[1] "n sub: 50, n images per sub: 5, zero distance: 100, sigma^2: 0.5, beta: -1.1, simulation: 892"
[1] "no_corr"
[1] "pc_exp"
[1] "pc_sqexp"
[1] "n sub: 50, n images per sub: 5, zero distance: 100, sigma^2: 1, beta: -1.1, simulation: 892"
[1] "no_corr"
[1] "pc_exp"
[1] "pc_sqexp"
[1] "n sub: 50, n images per sub: 5, zero distance: 100, sigma^2: 2, beta: -1.1, simulation: 893"
[1] "no_corr"
[1] "pc_exp"
[1] "pc_sqexp"
[1] "n sub: 50, n images per sub: 5, zero distance: 100, sigma^2: 0.5, beta: -1.1, simulation: 893"
[1] "no_corr"
[1] "pc_exp"
[1] "pc_sqexp"
[1] "n sub: 50, n images per sub: 5, zero distance: 100, sigma^2: 1, beta: -1.1, simulation: 893"
[1] "no_corr"
[1] "pc_exp"
[1] "pc_sqexp"
[1] "n sub: 50, n images per sub: 5, zero distance: 100, sigma^2: 2, beta: -1.1, simulation: 894"
[1] "no_corr"
[1] "pc_exp"
[1] "pc_sqexp"
[1] "n sub: 50, n images per sub: 5, zero distance: 100, sigma^2: 0.5, beta: -1.1, simulation: 894"
[1] "no_corr"
[1] "pc_exp"
[1] "pc_sqexp"
[1] "n sub: 50, n images per sub: 5, zero distance: 100, sigma^2: 1, beta: -1.1, simulation: 894"
[1] "no_corr"
[1] "pc_exp"
[1] "pc_sqexp"
[1] "n sub: 50, n images per sub: 5, zero distance: 100, sigma^2: 2, beta: -1.1, simulation: 895"
[1] "no_corr"
[1] "pc_exp"
[1] "pc_sqexp"
[1] "n sub: 50, n images per sub: 5, zero distance: 100, sigma^2: 0.5, beta: -1.1, simulation: 895"
[1] "no_corr"
[1] "pc_exp"
[1] "pc_sqexp"
[1] "n sub: 50, n images per sub: 5, zero distance: 100, sigma^2: 1, beta: -1.1, simulation: 895"
[1] "no_corr"
[1] "pc_exp"
[1] "pc_sqexp"
[1] "n sub: 50, n images per sub: 5, zero distance: 100, sigma^2: 2, beta: -1.1, simulation: 896"
[1] "no_corr"
[1] "pc_exp"
[1] "pc_sqexp"
[1] "n sub: 50, n images per sub: 5, zero distance: 100, sigma^2: 0.5, beta: -1.1, simulation: 896"
[1] "no_corr"
[1] "pc_exp"
[1] "pc_sqexp"
[1] "n sub: 50, n images per sub: 5, zero distance: 100, sigma^2: 1, beta: -1.1, simulation: 896"
[1] "no_corr"
[1] "pc_exp"
[1] "pc_sqexp"
[1] "n sub: 50, n images per sub: 5, zero distance: 100, sigma^2: 2, beta: -1.1, simulation: 897"
[1] "no_corr"
[1] "pc_exp"
[1] "pc_sqexp"
[1] "n sub: 50, n images per sub: 5, zero distance: 100, sigma^2: 0.5, beta: -1.1, simulation: 897"
[1] "no_corr"
[1] "pc_exp"
[1] "pc_sqexp"
[1] "n sub: 50, n images per sub: 5, zero distance: 100, sigma^2: 1, beta: -1.1, simulation: 897"
[1] "no_corr"
[1] "pc_exp"
[1] "pc_sqexp"
[1] "n sub: 50, n images per sub: 5, zero distance: 100, sigma^2: 2, beta: -1.1, simulation: 898"
[1] "no_corr"
[1] "pc_exp"
[1] "pc_sqexp"
[1] "n sub: 50, n images per sub: 5, zero distance: 100, sigma^2: 0.5, beta: -1.1, simulation: 898"
[1] "no_corr"
[1] "pc_exp"
[1] "pc_sqexp"
[1] "n sub: 50, n images per sub: 5, zero distance: 100, sigma^2: 1, beta: -1.1, simulation: 898"
[1] "no_corr"
[1] "pc_exp"
[1] "pc_sqexp"
[1] "n sub: 50, n images per sub: 5, zero distance: 100, sigma^2: 2, beta: -1.1, simulation: 899"
[1] "no_corr"
[1] "pc_exp"
[1] "pc_sqexp"
[1] "n sub: 50, n images per sub: 5, zero distance: 100, sigma^2: 0.5, beta: -1.1, simulation: 899"
[1] "no_corr"
[1] "pc_exp"
[1] "pc_sqexp"
[1] "n sub: 50, n images per sub: 5, zero distance: 100, sigma^2: 1, beta: -1.1, simulation: 899"
[1] "no_corr"
[1] "pc_exp"
[1] "pc_sqexp"
[1] "n sub: 50, n images per sub: 5, zero distance: 100, sigma^2: 2, beta: -1.1, simulation: 900"
[1] "no_corr"
[1] "pc_exp"
[1] "pc_sqexp"
[1] "n sub: 50, n images per sub: 5, zero distance: 100, sigma^2: 0.5, beta: -1.1, simulation: 900"
[1] "no_corr"
[1] "pc_exp"
[1] "pc_sqexp"
[1] "n sub: 50, n images per sub: 5, zero distance: 100, sigma^2: 1, beta: -1.1, simulation: 900"
[1] "no_corr"
[1] "pc_exp"
[1] "pc_sqexp"
[1] "n sub: 50, n images per sub: 5, zero distance: 100, sigma^2: 2, beta: -1.1, simulation: 901"
[1] "no_corr"
[1] "pc_exp"
[1] "pc_sqexp"
[1] "n sub: 50, n images per sub: 5, zero distance: 100, sigma^2: 0.5, beta: -1.1, simulation: 901"
[1] "no_corr"
[1] "pc_exp"
[1] "pc_sqexp"
[1] "n sub: 50, n images per sub: 5, zero distance: 100, sigma^2: 1, beta: -1.1, simulation: 901"
[1] "no_corr"
[1] "pc_exp"
[1] "pc_sqexp"
[1] "n sub: 50, n images per sub: 5, zero distance: 100, sigma^2: 2, beta: -1.1, simulation: 902"
[1] "no_corr"
[1] "pc_exp"
[1] "pc_sqexp"
[1] "n sub: 50, n images per sub: 5, zero distance: 100, sigma^2: 0.5, beta: -1.1, simulation: 902"
[1] "no_corr"
[1] "pc_exp"
[1] "pc_sqexp"
[1] "n sub: 50, n images per sub: 5, zero distance: 100, sigma^2: 1, beta: -1.1, simulation: 902"
[1] "no_corr"
[1] "pc_exp"
[1] "pc_sqexp"
[1] "n sub: 50, n images per sub: 5, zero distance: 100, sigma^2: 2, beta: -1.1, simulation: 903"
[1] "no_corr"
[1] "pc_exp"
[1] "pc_sqexp"
[1] "n sub: 50, n images per sub: 5, zero distance: 100, sigma^2: 0.5, beta: -1.1, simulation: 903"
[1] "no_corr"
[1] "pc_exp"
[1] "pc_sqexp"
[1] "n sub: 50, n images per sub: 5, zero distance: 100, sigma^2: 1, beta: -1.1, simulation: 903"
[1] "no_corr"
[1] "pc_exp"
[1] "pc_sqexp"
[1] "n sub: 50, n images per sub: 5, zero distance: 100, sigma^2: 2, beta: -1.1, simulation: 904"
[1] "no_corr"
[1] "pc_exp"
[1] "pc_sqexp"
[1] "n sub: 50, n images per sub: 5, zero distance: 100, sigma^2: 0.5, beta: -1.1, simulation: 904"
[1] "no_corr"
[1] "pc_exp"
[1] "pc_sqexp"
[1] "n sub: 50, n images per sub: 5, zero distance: 100, sigma^2: 1, beta: -1.1, simulation: 904"
[1] "no_corr"
[1] "pc_exp"
[1] "pc_sqexp"
[1] "n sub: 50, n images per sub: 5, zero distance: 100, sigma^2: 2, beta: -1.1, simulation: 905"
[1] "no_corr"
[1] "pc_exp"
[1] "pc_sqexp"
[1] "n sub: 50, n images per sub: 5, zero distance: 100, sigma^2: 0.5, beta: -1.1, simulation: 905"
[1] "no_corr"
[1] "pc_exp"
[1] "pc_sqexp"
[1] "n sub: 50, n images per sub: 5, zero distance: 100, sigma^2: 1, beta: -1.1, simulation: 905"
[1] "no_corr"
[1] "pc_exp"
[1] "pc_sqexp"
[1] "n sub: 50, n images per sub: 5, zero distance: 100, sigma^2: 2, beta: -1.1, simulation: 906"
[1] "no_corr"
[1] "pc_exp"
[1] "pc_sqexp"
[1] "n sub: 50, n images per sub: 5, zero distance: 100, sigma^2: 0.5, beta: -1.1, simulation: 906"
[1] "no_corr"
[1] "pc_exp"
[1] "pc_sqexp"
[1] "n sub: 50, n images per sub: 5, zero distance: 100, sigma^2: 1, beta: -1.1, simulation: 906"
[1] "no_corr"
[1] "pc_exp"
[1] "pc_sqexp"
[1] "n sub: 50, n images per sub: 5, zero distance: 100, sigma^2: 2, beta: -1.1, simulation: 907"
[1] "no_corr"
[1] "pc_exp"
[1] "pc_sqexp"
[1] "n sub: 50, n images per sub: 5, zero distance: 100, sigma^2: 0.5, beta: -1.1, simulation: 907"
[1] "no_corr"
[1] "pc_exp"
[1] "pc_sqexp"
[1] "n sub: 50, n images per sub: 5, zero distance: 100, sigma^2: 1, beta: -1.1, simulation: 907"
[1] "no_corr"
[1] "pc_exp"
[1] "pc_sqexp"
[1] "n sub: 50, n images per sub: 5, zero distance: 100, sigma^2: 2, beta: -1.1, simulation: 908"
[1] "no_corr"
[1] "pc_exp"
[1] "pc_sqexp"
[1] "n sub: 50, n images per sub: 5, zero distance: 100, sigma^2: 0.5, beta: -1.1, simulation: 908"
[1] "no_corr"
[1] "pc_exp"
[1] "pc_sqexp"
[1] "n sub: 50, n images per sub: 5, zero distance: 100, sigma^2: 1, beta: -1.1, simulation: 908"
[1] "no_corr"
[1] "pc_exp"
[1] "pc_sqexp"
[1] "n sub: 50, n images per sub: 5, zero distance: 100, sigma^2: 2, beta: -1.1, simulation: 909"
[1] "no_corr"
[1] "pc_exp"
[1] "pc_sqexp"
[1] "n sub: 50, n images per sub: 5, zero distance: 100, sigma^2: 0.5, beta: -1.1, simulation: 909"
[1] "no_corr"
[1] "pc_exp"
[1] "pc_sqexp"
[1] "n sub: 50, n images per sub: 5, zero distance: 100, sigma^2: 1, beta: -1.1, simulation: 909"
[1] "no_corr"
[1] "pc_exp"
[1] "pc_sqexp"
[1] "n sub: 50, n images per sub: 5, zero distance: 100, sigma^2: 2, beta: -1.1, simulation: 910"
[1] "no_corr"
[1] "pc_exp"
[1] "pc_sqexp"
[1] "n sub: 50, n images per sub: 5, zero distance: 100, sigma^2: 0.5, beta: -1.1, simulation: 910"
[1] "no_corr"
[1] "pc_exp"
[1] "pc_sqexp"
[1] "n sub: 50, n images per sub: 5, zero distance: 100, sigma^2: 1, beta: -1.1, simulation: 910"
[1] "no_corr"
[1] "pc_exp"
[1] "pc_sqexp"
[1] "n sub: 50, n images per sub: 5, zero distance: 100, sigma^2: 2, beta: -1.1, simulation: 911"
[1] "no_corr"
[1] "pc_exp"
[1] "pc_sqexp"
[1] "n sub: 50, n images per sub: 5, zero distance: 100, sigma^2: 0.5, beta: -1.1, simulation: 911"
[1] "no_corr"
[1] "pc_exp"
[1] "pc_sqexp"
[1] "n sub: 50, n images per sub: 5, zero distance: 100, sigma^2: 1, beta: -1.1, simulation: 911"
[1] "no_corr"
[1] "pc_exp"
[1] "pc_sqexp"
[1] "n sub: 50, n images per sub: 5, zero distance: 100, sigma^2: 2, beta: -1.1, simulation: 912"
[1] "no_corr"
[1] "pc_exp"
[1] "pc_sqexp"
[1] "n sub: 50, n images per sub: 5, zero distance: 100, sigma^2: 0.5, beta: -1.1, simulation: 912"
[1] "no_corr"
[1] "pc_exp"
[1] "pc_sqexp"
[1] "n sub: 50, n images per sub: 5, zero distance: 100, sigma^2: 1, beta: -1.1, simulation: 912"
[1] "no_corr"
[1] "pc_exp"
[1] "pc_sqexp"
[1] "n sub: 50, n images per sub: 5, zero distance: 100, sigma^2: 0.5, beta: -1.1, simulation: 913"
[1] "no_corr"
[1] "pc_exp"
[1] "pc_sqexp"
[1] "n sub: 50, n images per sub: 5, zero distance: 100, sigma^2: 1, beta: -1.1, simulation: 913"
[1] "no_corr"
[1] "pc_exp"
[1] "pc_sqexp"
[1] "n sub: 50, n images per sub: 5, zero distance: 100, sigma^2: 2, beta: -1.1, simulation: 913"
[1] "no_corr"
[1] "pc_exp"
[1] "pc_sqexp"
[1] "n sub: 50, n images per sub: 5, zero distance: 100, sigma^2: 0.5, beta: -1.1, simulation: 914"
[1] "no_corr"
[1] "pc_exp"
[1] "pc_sqexp"
[1] "n sub: 50, n images per sub: 5, zero distance: 100, sigma^2: 1, beta: -1.1, simulation: 914"
[1] "no_corr"
[1] "pc_exp"
[1] "pc_sqexp"
[1] "n sub: 50, n images per sub: 5, zero distance: 100, sigma^2: 2, beta: -1.1, simulation: 914"
[1] "no_corr"
[1] "pc_exp"
[1] "pc_sqexp"
[1] "n sub: 50, n images per sub: 5, zero distance: 100, sigma^2: 0.5, beta: -1.1, simulation: 915"
[1] "no_corr"
[1] "pc_exp"
[1] "pc_sqexp"
[1] "n sub: 50, n images per sub: 5, zero distance: 100, sigma^2: 1, beta: -1.1, simulation: 915"
[1] "no_corr"
[1] "pc_exp"
[1] "pc_sqexp"
[1] "n sub: 50, n images per sub: 5, zero distance: 100, sigma^2: 2, beta: -1.1, simulation: 915"
[1] "no_corr"
[1] "pc_exp"
[1] "pc_sqexp"
[1] "n sub: 50, n images per sub: 5, zero distance: 100, sigma^2: 0.5, beta: -1.1, simulation: 916"
[1] "no_corr"
[1] "pc_exp"
[1] "pc_sqexp"
[1] "n sub: 50, n images per sub: 5, zero distance: 100, sigma^2: 1, beta: -1.1, simulation: 916"
[1] "no_corr"
[1] "pc_exp"
[1] "pc_sqexp"
[1] "n sub: 50, n images per sub: 5, zero distance: 100, sigma^2: 2, beta: -1.1, simulation: 916"
[1] "no_corr"
[1] "pc_exp"
[1] "pc_sqexp"
[1] "n sub: 50, n images per sub: 5, zero distance: 100, sigma^2: 0.5, beta: -1.1, simulation: 917"
[1] "no_corr"
[1] "pc_exp"
[1] "pc_sqexp"
[1] "n sub: 50, n images per sub: 5, zero distance: 100, sigma^2: 1, beta: -1.1, simulation: 917"
[1] "no_corr"
[1] "pc_exp"
[1] "pc_sqexp"
[1] "n sub: 50, n images per sub: 5, zero distance: 100, sigma^2: 2, beta: -1.1, simulation: 917"
[1] "no_corr"
[1] "pc_exp"
[1] "pc_sqexp"
[1] "n sub: 50, n images per sub: 5, zero distance: 100, sigma^2: 0.5, beta: -1.1, simulation: 918"
[1] "no_corr"
[1] "pc_exp"
[1] "pc_sqexp"
[1] "n sub: 50, n images per sub: 5, zero distance: 100, sigma^2: 1, beta: -1.1, simulation: 918"
[1] "no_corr"
[1] "pc_exp"
[1] "pc_sqexp"
[1] "n sub: 50, n images per sub: 5, zero distance: 100, sigma^2: 2, beta: -1.1, simulation: 918"
[1] "no_corr"
[1] "pc_exp"
[1] "pc_sqexp"
[1] "n sub: 50, n images per sub: 5, zero distance: 100, sigma^2: 0.5, beta: -1.1, simulation: 919"
[1] "no_corr"
[1] "pc_exp"
[1] "pc_sqexp"
[1] "n sub: 50, n images per sub: 5, zero distance: 100, sigma^2: 1, beta: -1.1, simulation: 919"
[1] "no_corr"
[1] "pc_exp"
[1] "pc_sqexp"
[1] "n sub: 50, n images per sub: 5, zero distance: 100, sigma^2: 2, beta: -1.1, simulation: 919"
[1] "no_corr"
[1] "pc_exp"
[1] "pc_sqexp"
[1] "n sub: 50, n images per sub: 5, zero distance: 100, sigma^2: 0.5, beta: -1.1, simulation: 920"
[1] "no_corr"
[1] "pc_exp"
[1] "pc_sqexp"
[1] "n sub: 50, n images per sub: 5, zero distance: 100, sigma^2: 1, beta: -1.1, simulation: 920"
[1] "no_corr"
[1] "pc_exp"
[1] "pc_sqexp"
[1] "n sub: 50, n images per sub: 5, zero distance: 100, sigma^2: 2, beta: -1.1, simulation: 920"
[1] "no_corr"
[1] "pc_exp"
[1] "pc_sqexp"
[1] "n sub: 50, n images per sub: 5, zero distance: 100, sigma^2: 0.5, beta: -1.1, simulation: 921"
[1] "no_corr"
[1] "pc_exp"
[1] "pc_sqexp"
[1] "n sub: 50, n images per sub: 5, zero distance: 100, sigma^2: 1, beta: -1.1, simulation: 921"
[1] "no_corr"
[1] "pc_exp"
[1] "pc_sqexp"
[1] "n sub: 50, n images per sub: 5, zero distance: 100, sigma^2: 2, beta: -1.1, simulation: 921"
[1] "no_corr"
[1] "pc_exp"
[1] "pc_sqexp"
[1] "n sub: 50, n images per sub: 5, zero distance: 100, sigma^2: 0.5, beta: -1.1, simulation: 922"
[1] "no_corr"
[1] "pc_exp"
[1] "pc_sqexp"
[1] "n sub: 50, n images per sub: 5, zero distance: 100, sigma^2: 1, beta: -1.1, simulation: 922"
[1] "no_corr"
[1] "pc_exp"
[1] "pc_sqexp"
[1] "n sub: 50, n images per sub: 5, zero distance: 100, sigma^2: 2, beta: -1.1, simulation: 922"
[1] "no_corr"
[1] "pc_exp"
[1] "pc_sqexp"
[1] "n sub: 50, n images per sub: 5, zero distance: 100, sigma^2: 0.5, beta: -1.1, simulation: 923"
[1] "no_corr"
[1] "pc_exp"
[1] "pc_sqexp"
[1] "n sub: 50, n images per sub: 5, zero distance: 100, sigma^2: 1, beta: -1.1, simulation: 923"
[1] "no_corr"
[1] "pc_exp"
[1] "pc_sqexp"
[1] "n sub: 50, n images per sub: 5, zero distance: 100, sigma^2: 2, beta: -1.1, simulation: 923"
[1] "no_corr"
[1] "pc_exp"
[1] "pc_sqexp"
[1] "n sub: 50, n images per sub: 5, zero distance: 100, sigma^2: 0.5, beta: -1.1, simulation: 924"
[1] "no_corr"
[1] "pc_exp"
[1] "pc_sqexp"
[1] "n sub: 50, n images per sub: 5, zero distance: 100, sigma^2: 1, beta: -1.1, simulation: 924"
[1] "no_corr"
[1] "pc_exp"
[1] "pc_sqexp"
[1] "n sub: 50, n images per sub: 5, zero distance: 100, sigma^2: 2, beta: -1.1, simulation: 924"
[1] "no_corr"
[1] "pc_exp"
[1] "pc_sqexp"
[1] "n sub: 50, n images per sub: 5, zero distance: 100, sigma^2: 0.5, beta: -1.1, simulation: 925"
[1] "no_corr"
[1] "pc_exp"
[1] "pc_sqexp"
[1] "n sub: 50, n images per sub: 5, zero distance: 100, sigma^2: 1, beta: -1.1, simulation: 925"
[1] "no_corr"
[1] "pc_exp"
[1] "pc_sqexp"
[1] "n sub: 50, n images per sub: 5, zero distance: 100, sigma^2: 2, beta: -1.1, simulation: 925"
[1] "no_corr"
[1] "pc_exp"
[1] "pc_sqexp"
[1] "n sub: 50, n images per sub: 5, zero distance: 100, sigma^2: 0.5, beta: -1.1, simulation: 926"
[1] "no_corr"
[1] "pc_exp"
[1] "pc_sqexp"
[1] "n sub: 50, n images per sub: 5, zero distance: 100, sigma^2: 1, beta: -1.1, simulation: 926"
[1] "no_corr"
[1] "pc_exp"
[1] "pc_sqexp"
[1] "n sub: 50, n images per sub: 5, zero distance: 100, sigma^2: 2, beta: -1.1, simulation: 926"
[1] "no_corr"
[1] "pc_exp"
[1] "pc_sqexp"
[1] "n sub: 50, n images per sub: 5, zero distance: 100, sigma^2: 0.5, beta: -1.1, simulation: 927"
[1] "no_corr"
[1] "pc_exp"
[1] "pc_sqexp"
[1] "n sub: 50, n images per sub: 5, zero distance: 100, sigma^2: 1, beta: -1.1, simulation: 927"
[1] "no_corr"
[1] "pc_exp"
[1] "pc_sqexp"
[1] "n sub: 50, n images per sub: 5, zero distance: 100, sigma^2: 2, beta: -1.1, simulation: 927"
[1] "no_corr"
[1] "pc_exp"
[1] "pc_sqexp"
[1] "n sub: 50, n images per sub: 5, zero distance: 100, sigma^2: 0.5, beta: -1.1, simulation: 928"
[1] "no_corr"
[1] "pc_exp"
[1] "pc_sqexp"
[1] "n sub: 50, n images per sub: 5, zero distance: 100, sigma^2: 1, beta: -1.1, simulation: 928"
[1] "no_corr"
[1] "pc_exp"
[1] "pc_sqexp"
[1] "n sub: 50, n images per sub: 5, zero distance: 100, sigma^2: 2, beta: -1.1, simulation: 928"
[1] "no_corr"
[1] "pc_exp"
[1] "pc_sqexp"
[1] "n sub: 50, n images per sub: 5, zero distance: 100, sigma^2: 0.5, beta: -1.1, simulation: 929"
[1] "no_corr"
[1] "pc_exp"
[1] "pc_sqexp"
[1] "n sub: 50, n images per sub: 5, zero distance: 100, sigma^2: 1, beta: -1.1, simulation: 929"
[1] "no_corr"
[1] "pc_exp"
[1] "pc_sqexp"
[1] "n sub: 50, n images per sub: 5, zero distance: 100, sigma^2: 2, beta: -1.1, simulation: 929"
[1] "no_corr"
[1] "pc_exp"
[1] "pc_sqexp"
[1] "n sub: 50, n images per sub: 5, zero distance: 100, sigma^2: 0.5, beta: -1.1, simulation: 930"
[1] "no_corr"
[1] "pc_exp"
[1] "pc_sqexp"
[1] "n sub: 50, n images per sub: 5, zero distance: 100, sigma^2: 1, beta: -1.1, simulation: 930"
[1] "no_corr"
[1] "pc_exp"
[1] "pc_sqexp"
[1] "n sub: 50, n images per sub: 5, zero distance: 100, sigma^2: 2, beta: -1.1, simulation: 930"
[1] "no_corr"
[1] "pc_exp"
[1] "pc_sqexp"
[1] "n sub: 50, n images per sub: 5, zero distance: 100, sigma^2: 0.5, beta: -1.1, simulation: 931"
[1] "no_corr"
[1] "pc_exp"
[1] "pc_sqexp"
[1] "n sub: 50, n images per sub: 5, zero distance: 100, sigma^2: 1, beta: -1.1, simulation: 931"
[1] "no_corr"
[1] "pc_exp"
[1] "pc_sqexp"
[1] "n sub: 50, n images per sub: 5, zero distance: 100, sigma^2: 2, beta: -1.1, simulation: 931"
[1] "no_corr"
[1] "pc_exp"
[1] "pc_sqexp"
[1] "n sub: 50, n images per sub: 5, zero distance: 100, sigma^2: 0.5, beta: -1.1, simulation: 932"
[1] "no_corr"
[1] "pc_exp"
[1] "pc_sqexp"
[1] "n sub: 50, n images per sub: 5, zero distance: 100, sigma^2: 1, beta: -1.1, simulation: 932"
[1] "no_corr"
[1] "pc_exp"
[1] "pc_sqexp"
[1] "n sub: 50, n images per sub: 5, zero distance: 100, sigma^2: 2, beta: -1.1, simulation: 932"
[1] "no_corr"
[1] "pc_exp"
[1] "pc_sqexp"
[1] "n sub: 50, n images per sub: 5, zero distance: 100, sigma^2: 2, beta: -1.1, simulation: 933"
[1] "no_corr"
[1] "pc_exp"
[1] "pc_sqexp"
[1] "n sub: 50, n images per sub: 5, zero distance: 100, sigma^2: 0.5, beta: -1.1, simulation: 933"
[1] "no_corr"
[1] "pc_exp"
[1] "pc_sqexp"
[1] "n sub: 50, n images per sub: 5, zero distance: 100, sigma^2: 1, beta: -1.1, simulation: 933"
[1] "no_corr"
[1] "pc_exp"
[1] "pc_sqexp"
[1] "n sub: 50, n images per sub: 5, zero distance: 100, sigma^2: 2, beta: -1.1, simulation: 934"
[1] "no_corr"
[1] "pc_exp"
[1] "pc_sqexp"
