  [1] 7291 7292 7293 7294 7295 7296 7297 7298 7299 7300 7301 7302 7303 7304 7305
 [16] 7306 7307 7308 7309 7310 7311 7312 7313 7314 7315 7316 7317 7318 7319 7320
 [31] 7321 7322 7323 7324 7325 7326 7327 7328 7329 7330 7331 7332 7333 7334 7335
 [46] 7336 7337 7338 7339 7340 7341 7342 7343 7344 7345 7346 7347 7348 7349 7350
 [61] 7351 7352 7353 7354 7355 7356 7357 7358 7359 7360 7361 7362 7363 7364 7365
 [76] 7366 7367 7368 7369 7370 7371 7372 7373 7374 7375 7376 7377 7378 7379 7380
 [91] 7381 7382 7383 7384 7385 7386 7387 7388 7389 7390 7391 7392 7393 7394 7395
[106] 7396 7397 7398 7399 7400 7401 7402 7403 7404 7405 7406 7407 7408 7409 7410
[121] 7411 7412 7413 7414 7415 7416 7417 7418 7419 7420 7421 7422 7423 7424 7425
[1] "n sub: 50, n images per sub: 1, sigma^2: 0.5, beta: 0.41, simulation: 31"
[1] "n sub: 50, n images per sub: 1, sigma^2: 1, beta: 0.41, simulation: 31"
[1] "n sub: 50, n images per sub: 1, sigma^2: 2, beta: 0.41, simulation: 31"
[1] "n sub: 50, n images per sub: 1, sigma^2: 0.5, beta: 0.41, simulation: 32"
[1] "n sub: 50, n images per sub: 1, sigma^2: 1, beta: 0.41, simulation: 32"
[1] "n sub: 50, n images per sub: 1, sigma^2: 2, beta: 0.41, simulation: 32"
[1] "n sub: 50, n images per sub: 1, sigma^2: 0.5, beta: 0.41, simulation: 33"
[1] "n sub: 50, n images per sub: 1, sigma^2: 1, beta: 0.41, simulation: 33"
[1] "n sub: 50, n images per sub: 1, sigma^2: 2, beta: 0.41, simulation: 33"
[1] "n sub: 50, n images per sub: 1, sigma^2: 0.5, beta: 0.41, simulation: 34"
[1] "n sub: 50, n images per sub: 1, sigma^2: 1, beta: 0.41, simulation: 34"
[1] "n sub: 50, n images per sub: 1, sigma^2: 2, beta: 0.41, simulation: 34"
[1] "n sub: 50, n images per sub: 1, sigma^2: 0.5, beta: 0.41, simulation: 35"
[1] "n sub: 50, n images per sub: 1, sigma^2: 1, beta: 0.41, simulation: 35"
[1] "n sub: 50, n images per sub: 1, sigma^2: 2, beta: 0.41, simulation: 35"
[1] "n sub: 50, n images per sub: 1, sigma^2: 0.5, beta: 0.41, simulation: 36"
[1] "n sub: 50, n images per sub: 1, sigma^2: 1, beta: 0.41, simulation: 36"
[1] "n sub: 50, n images per sub: 1, sigma^2: 2, beta: 0.41, simulation: 36"
[1] "n sub: 50, n images per sub: 1, sigma^2: 0.5, beta: 0.41, simulation: 37"
[1] "n sub: 50, n images per sub: 1, sigma^2: 1, beta: 0.41, simulation: 37"
[1] "n sub: 50, n images per sub: 1, sigma^2: 2, beta: 0.41, simulation: 37"
[1] "n sub: 50, n images per sub: 1, sigma^2: 0.5, beta: 0.41, simulation: 38"
[1] "n sub: 50, n images per sub: 1, sigma^2: 1, beta: 0.41, simulation: 38"
[1] "n sub: 50, n images per sub: 1, sigma^2: 2, beta: 0.41, simulation: 38"
[1] "n sub: 50, n images per sub: 1, sigma^2: 0.5, beta: 0.41, simulation: 39"
[1] "n sub: 50, n images per sub: 1, sigma^2: 1, beta: 0.41, simulation: 39"
[1] "n sub: 50, n images per sub: 1, sigma^2: 2, beta: 0.41, simulation: 39"
[1] "n sub: 50, n images per sub: 1, sigma^2: 1, beta: 0.41, simulation: 40"
[1] "n sub: 50, n images per sub: 1, sigma^2: 0.5, beta: 0.41, simulation: 40"
[1] "n sub: 50, n images per sub: 1, sigma^2: 2, beta: 0.41, simulation: 40"
[1] "n sub: 50, n images per sub: 1, sigma^2: 1, beta: 0.41, simulation: 41"
[1] "n sub: 50, n images per sub: 1, sigma^2: 0.5, beta: 0.41, simulation: 41"
[1] "n sub: 50, n images per sub: 1, sigma^2: 2, beta: 0.41, simulation: 41"
[1] "n sub: 50, n images per sub: 1, sigma^2: 1, beta: 0.41, simulation: 42"
[1] "n sub: 50, n images per sub: 1, sigma^2: 0.5, beta: 0.41, simulation: 42"
[1] "n sub: 50, n images per sub: 1, sigma^2: 2, beta: 0.41, simulation: 42"
[1] "n sub: 50, n images per sub: 1, sigma^2: 1, beta: 0.41, simulation: 43"
[1] "n sub: 50, n images per sub: 1, sigma^2: 0.5, beta: 0.41, simulation: 43"
[1] "n sub: 50, n images per sub: 1, sigma^2: 2, beta: 0.41, simulation: 43"
[1] "n sub: 50, n images per sub: 1, sigma^2: 1, beta: 0.41, simulation: 44"
[1] "n sub: 50, n images per sub: 1, sigma^2: 0.5, beta: 0.41, simulation: 44"
[1] "n sub: 50, n images per sub: 1, sigma^2: 2, beta: 0.41, simulation: 44"
[1] "n sub: 50, n images per sub: 1, sigma^2: 1, beta: 0.41, simulation: 45"
[1] "n sub: 50, n images per sub: 1, sigma^2: 0.5, beta: 0.41, simulation: 45"
[1] "n sub: 50, n images per sub: 1, sigma^2: 2, beta: 0.41, simulation: 45"
[1] "n sub: 50, n images per sub: 1, sigma^2: 1, beta: 0.41, simulation: 46"
[1] "n sub: 50, n images per sub: 1, sigma^2: 0.5, beta: 0.41, simulation: 46"
[1] "n sub: 50, n images per sub: 1, sigma^2: 2, beta: 0.41, simulation: 46"
[1] "n sub: 50, n images per sub: 1, sigma^2: 1, beta: 0.41, simulation: 47"
[1] "n sub: 50, n images per sub: 1, sigma^2: 0.5, beta: 0.41, simulation: 47"
[1] "n sub: 50, n images per sub: 1, sigma^2: 2, beta: 0.41, simulation: 47"
[1] "n sub: 50, n images per sub: 1, sigma^2: 1, beta: 0.41, simulation: 48"
[1] "n sub: 50, n images per sub: 1, sigma^2: 0.5, beta: 0.41, simulation: 48"
[1] "n sub: 50, n images per sub: 1, sigma^2: 2, beta: 0.41, simulation: 48"
[1] "n sub: 50, n images per sub: 1, sigma^2: 0.5, beta: 0.41, simulation: 49"
[1] "n sub: 50, n images per sub: 1, sigma^2: 1, beta: 0.41, simulation: 49"
[1] "n sub: 50, n images per sub: 1, sigma^2: 2, beta: 0.41, simulation: 49"
[1] "n sub: 50, n images per sub: 1, sigma^2: 0.5, beta: 0.41, simulation: 50"
[1] "n sub: 50, n images per sub: 1, sigma^2: 1, beta: 0.41, simulation: 50"
[1] "n sub: 50, n images per sub: 1, sigma^2: 2, beta: 0.41, simulation: 50"
[1] "n sub: 50, n images per sub: 1, sigma^2: 0.5, beta: 0.41, simulation: 51"
[1] "n sub: 50, n images per sub: 1, sigma^2: 1, beta: 0.41, simulation: 51"
[1] "n sub: 50, n images per sub: 1, sigma^2: 2, beta: 0.41, simulation: 51"
[1] "n sub: 50, n images per sub: 1, sigma^2: 0.5, beta: 0.41, simulation: 52"
[1] "n sub: 50, n images per sub: 1, sigma^2: 1, beta: 0.41, simulation: 52"
[1] "n sub: 50, n images per sub: 1, sigma^2: 2, beta: 0.41, simulation: 52"
[1] "n sub: 50, n images per sub: 1, sigma^2: 0.5, beta: 0.41, simulation: 53"
[1] "n sub: 50, n images per sub: 1, sigma^2: 1, beta: 0.41, simulation: 53"
[1] "n sub: 50, n images per sub: 1, sigma^2: 2, beta: 0.41, simulation: 53"
[1] "n sub: 50, n images per sub: 1, sigma^2: 0.5, beta: 0.41, simulation: 54"
[1] "n sub: 50, n images per sub: 1, sigma^2: 1, beta: 0.41, simulation: 54"
[1] "n sub: 50, n images per sub: 1, sigma^2: 2, beta: 0.41, simulation: 54"
[1] "n sub: 50, n images per sub: 1, sigma^2: 0.5, beta: 0.41, simulation: 55"
[1] "n sub: 50, n images per sub: 1, sigma^2: 1, beta: 0.41, simulation: 55"
[1] "n sub: 50, n images per sub: 1, sigma^2: 2, beta: 0.41, simulation: 55"
[1] "n sub: 50, n images per sub: 1, sigma^2: 0.5, beta: 0.41, simulation: 56"
[1] "n sub: 50, n images per sub: 1, sigma^2: 1, beta: 0.41, simulation: 56"
[1] "n sub: 50, n images per sub: 1, sigma^2: 2, beta: 0.41, simulation: 56"
[1] "n sub: 50, n images per sub: 1, sigma^2: 0.5, beta: 0.41, simulation: 57"
[1] "n sub: 50, n images per sub: 1, sigma^2: 1, beta: 0.41, simulation: 57"
[1] "n sub: 50, n images per sub: 1, sigma^2: 2, beta: 0.41, simulation: 57"
[1] "n sub: 50, n images per sub: 1, sigma^2: 0.5, beta: 0.41, simulation: 58"
[1] "n sub: 50, n images per sub: 1, sigma^2: 1, beta: 0.41, simulation: 58"
[1] "n sub: 50, n images per sub: 1, sigma^2: 2, beta: 0.41, simulation: 58"
[1] "n sub: 50, n images per sub: 1, sigma^2: 0.5, beta: 0.41, simulation: 59"
[1] "n sub: 50, n images per sub: 1, sigma^2: 1, beta: 0.41, simulation: 59"
[1] "n sub: 50, n images per sub: 1, sigma^2: 2, beta: 0.41, simulation: 59"
[1] "n sub: 50, n images per sub: 1, sigma^2: 1, beta: 0.41, simulation: 60"
[1] "n sub: 50, n images per sub: 1, sigma^2: 0.5, beta: 0.41, simulation: 60"
[1] "n sub: 50, n images per sub: 1, sigma^2: 2, beta: 0.41, simulation: 60"
[1] "n sub: 50, n images per sub: 1, sigma^2: 1, beta: 0.41, simulation: 61"
[1] "n sub: 50, n images per sub: 1, sigma^2: 0.5, beta: 0.41, simulation: 61"
[1] "n sub: 50, n images per sub: 1, sigma^2: 2, beta: 0.41, simulation: 61"
[1] "n sub: 50, n images per sub: 1, sigma^2: 0.5, beta: 0.41, simulation: 62"
[1] "n sub: 50, n images per sub: 1, sigma^2: 1, beta: 0.41, simulation: 62"
[1] "n sub: 50, n images per sub: 1, sigma^2: 2, beta: 0.41, simulation: 62"
[1] "n sub: 50, n images per sub: 1, sigma^2: 1, beta: 0.41, simulation: 63"
[1] "n sub: 50, n images per sub: 1, sigma^2: 0.5, beta: 0.41, simulation: 63"
[1] "n sub: 50, n images per sub: 1, sigma^2: 2, beta: 0.41, simulation: 63"
[1] "n sub: 50, n images per sub: 1, sigma^2: 1, beta: 0.41, simulation: 64"
[1] "n sub: 50, n images per sub: 1, sigma^2: 0.5, beta: 0.41, simulation: 64"
[1] "n sub: 50, n images per sub: 1, sigma^2: 2, beta: 0.41, simulation: 64"
[1] "n sub: 50, n images per sub: 1, sigma^2: 1, beta: 0.41, simulation: 65"
[1] "n sub: 50, n images per sub: 1, sigma^2: 0.5, beta: 0.41, simulation: 65"
[1] "n sub: 50, n images per sub: 1, sigma^2: 2, beta: 0.41, simulation: 65"
[1] "n sub: 50, n images per sub: 1, sigma^2: 1, beta: 0.41, simulation: 66"
[1] "n sub: 50, n images per sub: 1, sigma^2: 0.5, beta: 0.41, simulation: 66"
[1] "n sub: 50, n images per sub: 1, sigma^2: 2, beta: 0.41, simulation: 66"
[1] "n sub: 50, n images per sub: 1, sigma^2: 1, beta: 0.41, simulation: 67"
[1] "n sub: 50, n images per sub: 1, sigma^2: 0.5, beta: 0.41, simulation: 67"
[1] "n sub: 50, n images per sub: 1, sigma^2: 2, beta: 0.41, simulation: 67"
[1] "n sub: 50, n images per sub: 1, sigma^2: 0.5, beta: 0.41, simulation: 68"
[1] "n sub: 50, n images per sub: 1, sigma^2: 1, beta: 0.41, simulation: 68"
[1] "n sub: 50, n images per sub: 1, sigma^2: 2, beta: 0.41, simulation: 68"
[1] "n sub: 50, n images per sub: 1, sigma^2: 1, beta: 0.41, simulation: 69"
[1] "n sub: 50, n images per sub: 1, sigma^2: 0.5, beta: 0.41, simulation: 69"
[1] "n sub: 50, n images per sub: 1, sigma^2: 2, beta: 0.41, simulation: 69"
[1] "n sub: 50, n images per sub: 1, sigma^2: 1, beta: 0.41, simulation: 70"
[1] "n sub: 50, n images per sub: 1, sigma^2: 0.5, beta: 0.41, simulation: 70"
[1] "n sub: 50, n images per sub: 1, sigma^2: 2, beta: 0.41, simulation: 70"
[1] "n sub: 50, n images per sub: 1, sigma^2: 1, beta: 0.41, simulation: 71"
[1] "n sub: 50, n images per sub: 1, sigma^2: 0.5, beta: 0.41, simulation: 71"
[1] "n sub: 50, n images per sub: 1, sigma^2: 2, beta: 0.41, simulation: 71"
[1] "n sub: 50, n images per sub: 1, sigma^2: 1, beta: 0.41, simulation: 72"
[1] "n sub: 50, n images per sub: 1, sigma^2: 0.5, beta: 0.41, simulation: 72"
[1] "n sub: 50, n images per sub: 1, sigma^2: 2, beta: 0.41, simulation: 72"
[1] "n sub: 50, n images per sub: 1, sigma^2: 1, beta: 0.41, simulation: 73"
[1] "n sub: 50, n images per sub: 1, sigma^2: 0.5, beta: 0.41, simulation: 73"
[1] "n sub: 50, n images per sub: 1, sigma^2: 2, beta: 0.41, simulation: 73"
[1] "n sub: 50, n images per sub: 1, sigma^2: 1, beta: 0.41, simulation: 74"
[1] "n sub: 50, n images per sub: 1, sigma^2: 0.5, beta: 0.41, simulation: 74"
[1] "n sub: 50, n images per sub: 1, sigma^2: 2, beta: 0.41, simulation: 74"
[1] "n sub: 50, n images per sub: 1, sigma^2: 1, beta: 0.41, simulation: 75"
[1] "n sub: 50, n images per sub: 1, sigma^2: 0.5, beta: 0.41, simulation: 75"
[1] "n sub: 50, n images per sub: 1, sigma^2: 2, beta: 0.41, simulation: 75"
