[1] "n sub: 50, n images per sub: 1, zero distance: 50, sigma^2: 0.5, beta: 0.41, simulation: 934"
[1] "no_corr"
[1] "pc_exp"
[1] "pc_sqexp"
[1] "n sub: 50, n images per sub: 1, zero distance: 50, sigma^2: 2, beta: 0.41, simulation: 934"
[1] "no_corr"
[1] "pc_exp"
[1] "pc_sqexp"
[1] "n sub: 50, n images per sub: 1, zero distance: 50, sigma^2: 1, beta: 0.41, simulation: 935"
[1] "no_corr"
[1] "pc_exp"
[1] "pc_sqexp"
[1] "n sub: 50, n images per sub: 1, zero distance: 50, sigma^2: 0.5, beta: 0.41, simulation: 935"
[1] "no_corr"
[1] "pc_exp"
[1] "pc_sqexp"
[1] "n sub: 50, n images per sub: 1, zero distance: 50, sigma^2: 2, beta: 0.41, simulation: 935"
[1] "no_corr"
[1] "pc_exp"
[1] "pc_sqexp"
[1] "n sub: 50, n images per sub: 1, zero distance: 50, sigma^2: 1, beta: 0.41, simulation: 936"
[1] "no_corr"
[1] "pc_exp"
[1] "pc_sqexp"
[1] "n sub: 50, n images per sub: 1, zero distance: 50, sigma^2: 0.5, beta: 0.41, simulation: 936"
[1] "no_corr"
[1] "pc_exp"
[1] "pc_sqexp"
[1] "n sub: 50, n images per sub: 1, zero distance: 50, sigma^2: 2, beta: 0.41, simulation: 936"
[1] "no_corr"
[1] "pc_exp"
[1] "pc_sqexp"
[1] "n sub: 50, n images per sub: 1, zero distance: 50, sigma^2: 1, beta: 0.41, simulation: 937"
[1] "no_corr"
[1] "pc_exp"
[1] "pc_sqexp"
[1] "n sub: 50, n images per sub: 1, zero distance: 50, sigma^2: 0.5, beta: 0.41, simulation: 937"
[1] "no_corr"
[1] "pc_exp"
[1] "pc_sqexp"
[1] "n sub: 50, n images per sub: 1, zero distance: 50, sigma^2: 2, beta: 0.41, simulation: 937"
[1] "no_corr"
[1] "pc_exp"
[1] "pc_sqexp"
[1] "n sub: 50, n images per sub: 1, zero distance: 50, sigma^2: 1, beta: 0.41, simulation: 938"
[1] "no_corr"
[1] "pc_exp"
[1] "pc_sqexp"
[1] "n sub: 50, n images per sub: 1, zero distance: 50, sigma^2: 0.5, beta: 0.41, simulation: 938"
[1] "no_corr"
[1] "pc_exp"
[1] "pc_sqexp"
[1] "n sub: 50, n images per sub: 1, zero distance: 50, sigma^2: 2, beta: 0.41, simulation: 938"
[1] "no_corr"
[1] "pc_exp"
[1] "pc_sqexp"
[1] "n sub: 50, n images per sub: 1, zero distance: 50, sigma^2: 1, beta: 0.41, simulation: 939"
[1] "no_corr"
[1] "pc_exp"
[1] "pc_sqexp"
[1] "n sub: 50, n images per sub: 1, zero distance: 50, sigma^2: 0.5, beta: 0.41, simulation: 939"
[1] "no_corr"
[1] "pc_exp"
[1] "pc_sqexp"
[1] "n sub: 50, n images per sub: 1, zero distance: 50, sigma^2: 2, beta: 0.41, simulation: 939"
[1] "no_corr"
[1] "pc_exp"
[1] "pc_sqexp"
[1] "n sub: 50, n images per sub: 1, zero distance: 50, sigma^2: 1, beta: 0.41, simulation: 940"
[1] "no_corr"
[1] "pc_exp"
[1] "pc_sqexp"
[1] "n sub: 50, n images per sub: 1, zero distance: 50, sigma^2: 0.5, beta: 0.41, simulation: 940"
[1] "no_corr"
[1] "pc_exp"
[1] "pc_sqexp"
[1] "n sub: 50, n images per sub: 1, zero distance: 50, sigma^2: 2, beta: 0.41, simulation: 940"
[1] "no_corr"
[1] "pc_exp"
[1] "pc_sqexp"
[1] "n sub: 50, n images per sub: 1, zero distance: 50, sigma^2: 1, beta: 0.41, simulation: 941"
[1] "no_corr"
[1] "pc_exp"
[1] "pc_sqexp"
[1] "n sub: 50, n images per sub: 1, zero distance: 50, sigma^2: 0.5, beta: 0.41, simulation: 941"
[1] "no_corr"
[1] "pc_exp"
[1] "pc_sqexp"
[1] "n sub: 50, n images per sub: 1, zero distance: 50, sigma^2: 2, beta: 0.41, simulation: 941"
[1] "no_corr"
[1] "pc_exp"
[1] "pc_sqexp"
[1] "n sub: 50, n images per sub: 1, zero distance: 50, sigma^2: 1, beta: 0.41, simulation: 942"
[1] "no_corr"
[1] "pc_exp"
[1] "pc_sqexp"
[1] "n sub: 50, n images per sub: 1, zero distance: 50, sigma^2: 0.5, beta: 0.41, simulation: 942"
[1] "no_corr"
[1] "pc_exp"
[1] "pc_sqexp"
[1] "n sub: 50, n images per sub: 1, zero distance: 50, sigma^2: 2, beta: 0.41, simulation: 942"
[1] "no_corr"
[1] "pc_exp"
[1] "pc_sqexp"
[1] "n sub: 50, n images per sub: 1, zero distance: 50, sigma^2: 1, beta: 0.41, simulation: 943"
[1] "no_corr"
[1] "pc_exp"
[1] "pc_sqexp"
[1] "n sub: 50, n images per sub: 1, zero distance: 50, sigma^2: 0.5, beta: 0.41, simulation: 943"
[1] "no_corr"
[1] "pc_exp"
[1] "pc_sqexp"
[1] "n sub: 50, n images per sub: 1, zero distance: 50, sigma^2: 2, beta: 0.41, simulation: 943"
[1] "no_corr"
[1] "pc_exp"
[1] "pc_sqexp"
[1] "n sub: 50, n images per sub: 1, zero distance: 50, sigma^2: 1, beta: 0.41, simulation: 944"
[1] "no_corr"
[1] "pc_exp"
[1] "pc_sqexp"
[1] "n sub: 50, n images per sub: 1, zero distance: 50, sigma^2: 0.5, beta: 0.41, simulation: 944"
[1] "no_corr"
[1] "pc_exp"
[1] "pc_sqexp"
[1] "n sub: 50, n images per sub: 1, zero distance: 50, sigma^2: 2, beta: 0.41, simulation: 944"
[1] "no_corr"
[1] "pc_exp"
[1] "pc_sqexp"
[1] "n sub: 50, n images per sub: 1, zero distance: 50, sigma^2: 1, beta: 0.41, simulation: 945"
[1] "no_corr"
[1] "pc_exp"
[1] "pc_sqexp"
[1] "n sub: 50, n images per sub: 1, zero distance: 50, sigma^2: 0.5, beta: 0.41, simulation: 945"
[1] "no_corr"
[1] "pc_exp"
[1] "pc_sqexp"
[1] "n sub: 50, n images per sub: 1, zero distance: 50, sigma^2: 2, beta: 0.41, simulation: 945"
[1] "no_corr"
[1] "pc_exp"
[1] "pc_sqexp"
[1] "n sub: 50, n images per sub: 1, zero distance: 50, sigma^2: 1, beta: 0.41, simulation: 946"
[1] "no_corr"
[1] "pc_exp"
[1] "pc_sqexp"
[1] "n sub: 50, n images per sub: 1, zero distance: 50, sigma^2: 0.5, beta: 0.41, simulation: 946"
[1] "no_corr"
[1] "pc_exp"
[1] "pc_sqexp"
[1] "n sub: 50, n images per sub: 1, zero distance: 50, sigma^2: 2, beta: 0.41, simulation: 946"
[1] "no_corr"
[1] "pc_exp"
[1] "pc_sqexp"
[1] "n sub: 50, n images per sub: 1, zero distance: 50, sigma^2: 1, beta: 0.41, simulation: 947"
[1] "no_corr"
[1] "pc_exp"
[1] "pc_sqexp"
[1] "n sub: 50, n images per sub: 1, zero distance: 50, sigma^2: 0.5, beta: 0.41, simulation: 947"
[1] "no_corr"
[1] "pc_exp"
[1] "pc_sqexp"
[1] "n sub: 50, n images per sub: 1, zero distance: 50, sigma^2: 2, beta: 0.41, simulation: 947"
[1] "no_corr"
[1] "pc_exp"
[1] "pc_sqexp"
[1] "n sub: 50, n images per sub: 1, zero distance: 50, sigma^2: 1, beta: 0.41, simulation: 948"
[1] "no_corr"
[1] "pc_exp"
[1] "pc_sqexp"
[1] "n sub: 50, n images per sub: 1, zero distance: 50, sigma^2: 0.5, beta: 0.41, simulation: 948"
[1] "no_corr"
[1] "pc_exp"
[1] "pc_sqexp"
[1] "n sub: 50, n images per sub: 1, zero distance: 50, sigma^2: 2, beta: 0.41, simulation: 948"
[1] "no_corr"
[1] "pc_exp"
[1] "pc_sqexp"
[1] "n sub: 50, n images per sub: 1, zero distance: 50, sigma^2: 1, beta: 0.41, simulation: 949"
[1] "no_corr"
[1] "pc_exp"
[1] "pc_sqexp"
[1] "n sub: 50, n images per sub: 1, zero distance: 50, sigma^2: 0.5, beta: 0.41, simulation: 949"
[1] "no_corr"
[1] "pc_exp"
[1] "pc_sqexp"
[1] "n sub: 50, n images per sub: 1, zero distance: 50, sigma^2: 2, beta: 0.41, simulation: 949"
[1] "no_corr"
[1] "pc_exp"
[1] "pc_sqexp"
[1] "n sub: 50, n images per sub: 1, zero distance: 50, sigma^2: 1, beta: 0.41, simulation: 950"
[1] "no_corr"
[1] "pc_exp"
[1] "pc_sqexp"
[1] "n sub: 50, n images per sub: 1, zero distance: 50, sigma^2: 0.5, beta: 0.41, simulation: 950"
[1] "no_corr"
[1] "pc_exp"
[1] "pc_sqexp"
[1] "n sub: 50, n images per sub: 1, zero distance: 50, sigma^2: 2, beta: 0.41, simulation: 950"
[1] "no_corr"
[1] "pc_exp"
[1] "pc_sqexp"
[1] "n sub: 50, n images per sub: 1, zero distance: 50, sigma^2: 1, beta: 0.41, simulation: 951"
[1] "no_corr"
[1] "pc_exp"
[1] "pc_sqexp"
[1] "n sub: 50, n images per sub: 1, zero distance: 50, sigma^2: 0.5, beta: 0.41, simulation: 951"
[1] "no_corr"
[1] "pc_exp"
[1] "pc_sqexp"
[1] "n sub: 50, n images per sub: 1, zero distance: 50, sigma^2: 2, beta: 0.41, simulation: 951"
[1] "no_corr"
[1] "pc_exp"
[1] "pc_sqexp"
[1] "n sub: 50, n images per sub: 1, zero distance: 50, sigma^2: 1, beta: 0.41, simulation: 952"
[1] "no_corr"
[1] "pc_exp"
[1] "pc_sqexp"
[1] "n sub: 50, n images per sub: 1, zero distance: 50, sigma^2: 0.5, beta: 0.41, simulation: 952"
[1] "no_corr"
[1] "pc_exp"
[1] "pc_sqexp"
[1] "n sub: 50, n images per sub: 1, zero distance: 50, sigma^2: 2, beta: 0.41, simulation: 952"
[1] "no_corr"
[1] "pc_exp"
[1] "pc_sqexp"
[1] "n sub: 50, n images per sub: 1, zero distance: 50, sigma^2: 1, beta: 0.41, simulation: 953"
[1] "no_corr"
[1] "pc_exp"
[1] "pc_sqexp"
[1] "n sub: 50, n images per sub: 1, zero distance: 50, sigma^2: 0.5, beta: 0.41, simulation: 953"
[1] "no_corr"
[1] "pc_exp"
[1] "pc_sqexp"
[1] "n sub: 50, n images per sub: 1, zero distance: 50, sigma^2: 2, beta: 0.41, simulation: 953"
[1] "no_corr"
[1] "pc_exp"
[1] "pc_sqexp"
[1] "n sub: 50, n images per sub: 1, zero distance: 50, sigma^2: 1, beta: 0.41, simulation: 954"
[1] "no_corr"
[1] "pc_exp"
[1] "pc_sqexp"
[1] "n sub: 50, n images per sub: 1, zero distance: 50, sigma^2: 0.5, beta: 0.41, simulation: 954"
[1] "no_corr"
[1] "pc_exp"
[1] "pc_sqexp"
[1] "n sub: 50, n images per sub: 1, zero distance: 50, sigma^2: 2, beta: 0.41, simulation: 954"
[1] "no_corr"
[1] "pc_exp"
[1] "pc_sqexp"
[1] "n sub: 50, n images per sub: 1, zero distance: 50, sigma^2: 1, beta: 0.41, simulation: 955"
[1] "no_corr"
[1] "pc_exp"
[1] "pc_sqexp"
[1] "n sub: 50, n images per sub: 1, zero distance: 50, sigma^2: 0.5, beta: 0.41, simulation: 955"
[1] "no_corr"
[1] "pc_exp"
[1] "pc_sqexp"
[1] "n sub: 50, n images per sub: 1, zero distance: 50, sigma^2: 2, beta: 0.41, simulation: 955"
[1] "no_corr"
[1] "pc_exp"
[1] "pc_sqexp"
[1] "n sub: 50, n images per sub: 1, zero distance: 50, sigma^2: 1, beta: 0.41, simulation: 956"
[1] "no_corr"
[1] "pc_exp"
[1] "pc_sqexp"
[1] "n sub: 50, n images per sub: 1, zero distance: 50, sigma^2: 0.5, beta: 0.41, simulation: 956"
[1] "no_corr"
[1] "pc_exp"
[1] "pc_sqexp"
[1] "n sub: 50, n images per sub: 1, zero distance: 50, sigma^2: 2, beta: 0.41, simulation: 956"
[1] "no_corr"
[1] "pc_exp"
[1] "pc_sqexp"
[1] "n sub: 50, n images per sub: 1, zero distance: 50, sigma^2: 1, beta: 0.41, simulation: 957"
[1] "no_corr"
[1] "pc_exp"
[1] "pc_sqexp"
[1] "n sub: 50, n images per sub: 1, zero distance: 50, sigma^2: 0.5, beta: 0.41, simulation: 957"
[1] "no_corr"
[1] "pc_exp"
[1] "pc_sqexp"
[1] "n sub: 50, n images per sub: 1, zero distance: 50, sigma^2: 2, beta: 0.41, simulation: 957"
[1] "no_corr"
[1] "pc_exp"
[1] "pc_sqexp"
[1] "n sub: 50, n images per sub: 1, zero distance: 50, sigma^2: 1, beta: 0.41, simulation: 958"
[1] "no_corr"
[1] "pc_exp"
[1] "pc_sqexp"
[1] "n sub: 50, n images per sub: 1, zero distance: 50, sigma^2: 0.5, beta: 0.41, simulation: 958"
[1] "no_corr"
[1] "pc_exp"
[1] "pc_sqexp"
[1] "n sub: 50, n images per sub: 1, zero distance: 50, sigma^2: 2, beta: 0.41, simulation: 958"
[1] "no_corr"
[1] "pc_exp"
[1] "pc_sqexp"
[1] "n sub: 50, n images per sub: 1, zero distance: 50, sigma^2: 1, beta: 0.41, simulation: 959"
[1] "no_corr"
[1] "pc_exp"
[1] "pc_sqexp"
[1] "n sub: 50, n images per sub: 1, zero distance: 50, sigma^2: 0.5, beta: 0.41, simulation: 959"
[1] "no_corr"
[1] "pc_exp"
[1] "pc_sqexp"
[1] "n sub: 50, n images per sub: 1, zero distance: 50, sigma^2: 2, beta: 0.41, simulation: 959"
[1] "no_corr"
[1] "pc_exp"
[1] "pc_sqexp"
[1] "n sub: 50, n images per sub: 1, zero distance: 50, sigma^2: 1, beta: 0.41, simulation: 960"
[1] "no_corr"
[1] "pc_exp"
[1] "pc_sqexp"
[1] "n sub: 50, n images per sub: 1, zero distance: 50, sigma^2: 0.5, beta: 0.41, simulation: 960"
[1] "no_corr"
[1] "pc_exp"
[1] "pc_sqexp"
[1] "n sub: 50, n images per sub: 1, zero distance: 50, sigma^2: 2, beta: 0.41, simulation: 960"
[1] "no_corr"
[1] "pc_exp"
[1] "pc_sqexp"
[1] "n sub: 50, n images per sub: 1, zero distance: 50, sigma^2: 1, beta: 0.41, simulation: 961"
[1] "no_corr"
[1] "pc_exp"
[1] "pc_sqexp"
[1] "n sub: 50, n images per sub: 1, zero distance: 50, sigma^2: 0.5, beta: 0.41, simulation: 961"
[1] "no_corr"
[1] "pc_exp"
[1] "pc_sqexp"
[1] "n sub: 50, n images per sub: 1, zero distance: 50, sigma^2: 2, beta: 0.41, simulation: 961"
[1] "no_corr"
[1] "pc_exp"
[1] "pc_sqexp"
[1] "n sub: 50, n images per sub: 1, zero distance: 50, sigma^2: 1, beta: 0.41, simulation: 962"
[1] "no_corr"
[1] "pc_exp"
[1] "pc_sqexp"
[1] "n sub: 50, n images per sub: 1, zero distance: 50, sigma^2: 0.5, beta: 0.41, simulation: 962"
[1] "no_corr"
[1] "pc_exp"
[1] "pc_sqexp"
[1] "n sub: 50, n images per sub: 1, zero distance: 50, sigma^2: 2, beta: 0.41, simulation: 962"
[1] "no_corr"
[1] "pc_exp"
[1] "pc_sqexp"
[1] "n sub: 50, n images per sub: 1, zero distance: 50, sigma^2: 1, beta: 0.41, simulation: 963"
[1] "no_corr"
[1] "pc_exp"
[1] "pc_sqexp"
[1] "n sub: 50, n images per sub: 1, zero distance: 50, sigma^2: 0.5, beta: 0.41, simulation: 963"
[1] "no_corr"
[1] "pc_exp"
[1] "pc_sqexp"
[1] "n sub: 50, n images per sub: 1, zero distance: 50, sigma^2: 2, beta: 0.41, simulation: 963"
[1] "no_corr"
[1] "pc_exp"
[1] "pc_sqexp"
[1] "n sub: 50, n images per sub: 1, zero distance: 50, sigma^2: 1, beta: 0.41, simulation: 964"
[1] "no_corr"
[1] "pc_exp"
[1] "pc_sqexp"
[1] "n sub: 50, n images per sub: 1, zero distance: 50, sigma^2: 0.5, beta: 0.41, simulation: 964"
[1] "no_corr"
[1] "pc_exp"
[1] "pc_sqexp"
[1] "n sub: 50, n images per sub: 1, zero distance: 50, sigma^2: 2, beta: 0.41, simulation: 964"
[1] "no_corr"
[1] "pc_exp"
[1] "pc_sqexp"
[1] "n sub: 50, n images per sub: 1, zero distance: 50, sigma^2: 1, beta: 0.41, simulation: 965"
[1] "no_corr"
[1] "pc_exp"
[1] "pc_sqexp"
[1] "n sub: 50, n images per sub: 1, zero distance: 50, sigma^2: 0.5, beta: 0.41, simulation: 965"
[1] "no_corr"
[1] "pc_exp"
[1] "pc_sqexp"
[1] "n sub: 50, n images per sub: 1, zero distance: 50, sigma^2: 2, beta: 0.41, simulation: 965"
[1] "no_corr"
[1] "pc_exp"
[1] "pc_sqexp"
[1] "n sub: 50, n images per sub: 1, zero distance: 50, sigma^2: 1, beta: 0.41, simulation: 966"
[1] "no_corr"
[1] "pc_exp"
[1] "pc_sqexp"
[1] "n sub: 50, n images per sub: 1, zero distance: 50, sigma^2: 0.5, beta: 0.41, simulation: 966"
[1] "no_corr"
[1] "pc_exp"
[1] "pc_sqexp"
[1] "n sub: 50, n images per sub: 1, zero distance: 50, sigma^2: 2, beta: 0.41, simulation: 966"
[1] "no_corr"
[1] "pc_exp"
[1] "pc_sqexp"
[1] "n sub: 50, n images per sub: 1, zero distance: 50, sigma^2: 1, beta: 0.41, simulation: 967"
[1] "no_corr"
[1] "pc_exp"
[1] "pc_sqexp"
[1] "n sub: 50, n images per sub: 1, zero distance: 50, sigma^2: 0.5, beta: 0.41, simulation: 967"
[1] "no_corr"
[1] "pc_exp"
[1] "pc_sqexp"
[1] "n sub: 50, n images per sub: 1, zero distance: 50, sigma^2: 2, beta: 0.41, simulation: 967"
[1] "no_corr"
[1] "pc_exp"
[1] "pc_sqexp"
[1] "n sub: 50, n images per sub: 1, zero distance: 50, sigma^2: 1, beta: 0.41, simulation: 968"
[1] "no_corr"
[1] "pc_exp"
[1] "pc_sqexp"
[1] "n sub: 50, n images per sub: 1, zero distance: 50, sigma^2: 0.5, beta: 0.41, simulation: 968"
[1] "no_corr"
[1] "pc_exp"
[1] "pc_sqexp"
[1] "n sub: 50, n images per sub: 1, zero distance: 50, sigma^2: 2, beta: 0.41, simulation: 968"
[1] "no_corr"
[1] "pc_exp"
[1] "pc_sqexp"
[1] "n sub: 50, n images per sub: 1, zero distance: 50, sigma^2: 1, beta: 0.41, simulation: 969"
[1] "no_corr"
[1] "pc_exp"
[1] "pc_sqexp"
[1] "n sub: 50, n images per sub: 1, zero distance: 50, sigma^2: 0.5, beta: 0.41, simulation: 969"
[1] "no_corr"
[1] "pc_exp"
[1] "pc_sqexp"
[1] "n sub: 50, n images per sub: 1, zero distance: 50, sigma^2: 2, beta: 0.41, simulation: 969"
[1] "no_corr"
[1] "pc_exp"
[1] "pc_sqexp"
[1] "n sub: 50, n images per sub: 1, zero distance: 50, sigma^2: 1, beta: 0.41, simulation: 970"
[1] "no_corr"
[1] "pc_exp"
[1] "pc_sqexp"
[1] "n sub: 50, n images per sub: 1, zero distance: 50, sigma^2: 0.5, beta: 0.41, simulation: 970"
[1] "no_corr"
[1] "pc_exp"
[1] "pc_sqexp"
[1] "n sub: 50, n images per sub: 1, zero distance: 50, sigma^2: 2, beta: 0.41, simulation: 970"
[1] "no_corr"
[1] "pc_exp"
[1] "pc_sqexp"
[1] "n sub: 50, n images per sub: 1, zero distance: 50, sigma^2: 1, beta: 0.41, simulation: 971"
[1] "no_corr"
[1] "pc_exp"
[1] "pc_sqexp"
[1] "n sub: 50, n images per sub: 1, zero distance: 50, sigma^2: 0.5, beta: 0.41, simulation: 971"
[1] "no_corr"
[1] "pc_exp"
[1] "pc_sqexp"
[1] "n sub: 50, n images per sub: 1, zero distance: 50, sigma^2: 2, beta: 0.41, simulation: 971"
[1] "no_corr"
[1] "pc_exp"
[1] "pc_sqexp"
[1] "n sub: 50, n images per sub: 1, zero distance: 50, sigma^2: 1, beta: 0.41, simulation: 972"
[1] "no_corr"
[1] "pc_exp"
[1] "pc_sqexp"
[1] "n sub: 50, n images per sub: 1, zero distance: 50, sigma^2: 0.5, beta: 0.41, simulation: 972"
[1] "no_corr"
[1] "pc_exp"
[1] "pc_sqexp"
[1] "n sub: 50, n images per sub: 1, zero distance: 50, sigma^2: 2, beta: 0.41, simulation: 972"
[1] "no_corr"
[1] "pc_exp"
[1] "pc_sqexp"
[1] "n sub: 50, n images per sub: 1, zero distance: 50, sigma^2: 1, beta: 0.41, simulation: 973"
[1] "no_corr"
[1] "pc_exp"
[1] "pc_sqexp"
[1] "n sub: 50, n images per sub: 1, zero distance: 50, sigma^2: 0.5, beta: 0.41, simulation: 973"
[1] "no_corr"
[1] "pc_exp"
[1] "pc_sqexp"
[1] "n sub: 50, n images per sub: 1, zero distance: 50, sigma^2: 2, beta: 0.41, simulation: 973"
[1] "no_corr"
[1] "pc_exp"
[1] "pc_sqexp"
[1] "n sub: 50, n images per sub: 1, zero distance: 50, sigma^2: 1, beta: 0.41, simulation: 974"
[1] "no_corr"
[1] "pc_exp"
[1] "pc_sqexp"
[1] "n sub: 50, n images per sub: 1, zero distance: 50, sigma^2: 0.5, beta: 0.41, simulation: 974"
[1] "no_corr"
[1] "pc_exp"
[1] "pc_sqexp"
[1] "n sub: 50, n images per sub: 1, zero distance: 50, sigma^2: 2, beta: 0.41, simulation: 974"
[1] "no_corr"
[1] "pc_exp"
[1] "pc_sqexp"
[1] "n sub: 50, n images per sub: 1, zero distance: 50, sigma^2: 1, beta: 0.41, simulation: 975"
[1] "no_corr"
[1] "pc_exp"
[1] "pc_sqexp"
[1] "n sub: 50, n images per sub: 1, zero distance: 50, sigma^2: 0.5, beta: 0.41, simulation: 975"
[1] "no_corr"
[1] "pc_exp"
[1] "pc_sqexp"
[1] "n sub: 50, n images per sub: 1, zero distance: 50, sigma^2: 2, beta: 0.41, simulation: 975"
[1] "no_corr"
[1] "pc_exp"
[1] "pc_sqexp"
[1] "n sub: 50, n images per sub: 1, zero distance: 50, sigma^2: 1, beta: 0.41, simulation: 976"
[1] "no_corr"
[1] "pc_exp"
[1] "pc_sqexp"
[1] "n sub: 50, n images per sub: 1, zero distance: 50, sigma^2: 0.5, beta: 0.41, simulation: 976"
[1] "no_corr"
[1] "pc_exp"
[1] "pc_sqexp"
[1] "n sub: 50, n images per sub: 1, zero distance: 50, sigma^2: 2, beta: 0.41, simulation: 976"
[1] "no_corr"
[1] "pc_exp"
[1] "pc_sqexp"
[1] "n sub: 50, n images per sub: 1, zero distance: 50, sigma^2: 1, beta: 0.41, simulation: 977"
[1] "no_corr"
[1] "pc_exp"
[1] "pc_sqexp"
[1] "n sub: 50, n images per sub: 1, zero distance: 50, sigma^2: 0.5, beta: 0.41, simulation: 977"
[1] "no_corr"
[1] "pc_exp"
[1] "pc_sqexp"
[1] "n sub: 50, n images per sub: 1, zero distance: 50, sigma^2: 2, beta: 0.41, simulation: 977"
[1] "no_corr"
[1] "pc_exp"
[1] "pc_sqexp"
[1] "n sub: 50, n images per sub: 1, zero distance: 50, sigma^2: 1, beta: 0.41, simulation: 978"
[1] "no_corr"
[1] "pc_exp"
[1] "pc_sqexp"
[1] "n sub: 50, n images per sub: 1, zero distance: 50, sigma^2: 0.5, beta: 0.41, simulation: 978"
[1] "no_corr"
[1] "pc_exp"
[1] "pc_sqexp"
[1] "n sub: 50, n images per sub: 1, zero distance: 50, sigma^2: 2, beta: 0.41, simulation: 978"
[1] "no_corr"
[1] "pc_exp"
[1] "pc_sqexp"
[1] "n sub: 50, n images per sub: 1, zero distance: 50, sigma^2: 1, beta: 0.41, simulation: 979"
[1] "no_corr"
[1] "pc_exp"
[1] "pc_sqexp"
[1] "n sub: 50, n images per sub: 1, zero distance: 50, sigma^2: 0.5, beta: 0.41, simulation: 979"
[1] "no_corr"
[1] "pc_exp"
[1] "pc_sqexp"
[1] "n sub: 50, n images per sub: 1, zero distance: 50, sigma^2: 2, beta: 0.41, simulation: 979"
[1] "no_corr"
[1] "pc_exp"
[1] "pc_sqexp"
[1] "n sub: 50, n images per sub: 1, zero distance: 50, sigma^2: 1, beta: 0.41, simulation: 980"
[1] "no_corr"
[1] "pc_exp"
[1] "pc_sqexp"
[1] "n sub: 50, n images per sub: 1, zero distance: 50, sigma^2: 0.5, beta: 0.41, simulation: 980"
[1] "no_corr"
[1] "pc_exp"
[1] "pc_sqexp"
[1] "n sub: 50, n images per sub: 1, zero distance: 50, sigma^2: 2, beta: 0.41, simulation: 980"
[1] "no_corr"
[1] "pc_exp"
[1] "pc_sqexp"
[1] "n sub: 50, n images per sub: 1, zero distance: 50, sigma^2: 1, beta: 0.41, simulation: 981"
[1] "no_corr"
[1] "pc_exp"
[1] "pc_sqexp"
[1] "n sub: 50, n images per sub: 1, zero distance: 50, sigma^2: 0.5, beta: 0.41, simulation: 981"
[1] "no_corr"
[1] "pc_exp"
[1] "pc_sqexp"
[1] "n sub: 50, n images per sub: 1, zero distance: 50, sigma^2: 2, beta: 0.41, simulation: 981"
[1] "no_corr"
[1] "pc_exp"
[1] "pc_sqexp"
[1] "n sub: 50, n images per sub: 1, zero distance: 50, sigma^2: 1, beta: 0.41, simulation: 982"
[1] "no_corr"
[1] "pc_exp"
[1] "pc_sqexp"
[1] "n sub: 50, n images per sub: 1, zero distance: 50, sigma^2: 0.5, beta: 0.41, simulation: 982"
[1] "no_corr"
[1] "pc_exp"
[1] "pc_sqexp"
[1] "n sub: 50, n images per sub: 1, zero distance: 50, sigma^2: 2, beta: 0.41, simulation: 982"
[1] "no_corr"
[1] "pc_exp"
[1] "pc_sqexp"
[1] "n sub: 50, n images per sub: 1, zero distance: 50, sigma^2: 1, beta: 0.41, simulation: 983"
[1] "no_corr"
[1] "pc_exp"
[1] "pc_sqexp"
[1] "n sub: 50, n images per sub: 1, zero distance: 50, sigma^2: 0.5, beta: 0.41, simulation: 983"
[1] "no_corr"
[1] "pc_exp"
[1] "pc_sqexp"
[1] "n sub: 50, n images per sub: 1, zero distance: 50, sigma^2: 2, beta: 0.41, simulation: 983"
[1] "no_corr"
[1] "pc_exp"
[1] "pc_sqexp"
[1] "n sub: 50, n images per sub: 1, zero distance: 50, sigma^2: 1, beta: 0.41, simulation: 984"
[1] "no_corr"
[1] "pc_exp"
[1] "pc_sqexp"
[1] "n sub: 50, n images per sub: 1, zero distance: 50, sigma^2: 0.5, beta: 0.41, simulation: 984"
[1] "no_corr"
[1] "pc_exp"
[1] "pc_sqexp"
[1] "n sub: 50, n images per sub: 1, zero distance: 50, sigma^2: 2, beta: 0.41, simulation: 984"
[1] "no_corr"
[1] "pc_exp"
[1] "pc_sqexp"
[1] "n sub: 50, n images per sub: 1, zero distance: 50, sigma^2: 1, beta: 0.41, simulation: 985"
[1] "no_corr"
[1] "pc_exp"
[1] "pc_sqexp"
[1] "n sub: 50, n images per sub: 1, zero distance: 50, sigma^2: 0.5, beta: 0.41, simulation: 985"
[1] "no_corr"
[1] "pc_exp"
[1] "pc_sqexp"
[1] "n sub: 50, n images per sub: 1, zero distance: 50, sigma^2: 2, beta: 0.41, simulation: 985"
[1] "no_corr"
[1] "pc_exp"
[1] "pc_sqexp"
[1] "n sub: 50, n images per sub: 1, zero distance: 50, sigma^2: 1, beta: 0.41, simulation: 986"
[1] "no_corr"
[1] "pc_exp"
[1] "pc_sqexp"
[1] "n sub: 50, n images per sub: 1, zero distance: 50, sigma^2: 0.5, beta: 0.41, simulation: 986"
[1] "no_corr"
[1] "pc_exp"
[1] "pc_sqexp"
[1] "n sub: 50, n images per sub: 1, zero distance: 50, sigma^2: 2, beta: 0.41, simulation: 986"
[1] "no_corr"
[1] "pc_exp"
[1] "pc_sqexp"
[1] "n sub: 50, n images per sub: 1, zero distance: 50, sigma^2: 1, beta: 0.41, simulation: 987"
[1] "no_corr"
[1] "pc_exp"
[1] "pc_sqexp"
[1] "n sub: 50, n images per sub: 1, zero distance: 50, sigma^2: 0.5, beta: 0.41, simulation: 987"
[1] "no_corr"
[1] "pc_exp"
[1] "pc_sqexp"
[1] "n sub: 50, n images per sub: 1, zero distance: 50, sigma^2: 2, beta: 0.41, simulation: 987"
[1] "no_corr"
[1] "pc_exp"
[1] "pc_sqexp"
[1] "n sub: 50, n images per sub: 1, zero distance: 50, sigma^2: 1, beta: 0.41, simulation: 988"
[1] "no_corr"
[1] "pc_exp"
[1] "pc_sqexp"
[1] "n sub: 50, n images per sub: 1, zero distance: 50, sigma^2: 0.5, beta: 0.41, simulation: 988"
[1] "no_corr"
[1] "pc_exp"
[1] "pc_sqexp"
[1] "n sub: 50, n images per sub: 1, zero distance: 50, sigma^2: 2, beta: 0.41, simulation: 988"
[1] "no_corr"
[1] "pc_exp"
[1] "pc_sqexp"
[1] "n sub: 50, n images per sub: 1, zero distance: 50, sigma^2: 1, beta: 0.41, simulation: 989"
[1] "no_corr"
[1] "pc_exp"
[1] "pc_sqexp"
[1] "n sub: 50, n images per sub: 1, zero distance: 50, sigma^2: 0.5, beta: 0.41, simulation: 989"
[1] "no_corr"
[1] "pc_exp"
[1] "pc_sqexp"
[1] "n sub: 50, n images per sub: 1, zero distance: 50, sigma^2: 2, beta: 0.41, simulation: 989"
[1] "no_corr"
[1] "pc_exp"
[1] "pc_sqexp"
[1] "n sub: 50, n images per sub: 1, zero distance: 50, sigma^2: 1, beta: 0.41, simulation: 990"
[1] "no_corr"
[1] "pc_exp"
[1] "pc_sqexp"
[1] "n sub: 50, n images per sub: 1, zero distance: 50, sigma^2: 0.5, beta: 0.41, simulation: 990"
[1] "no_corr"
[1] "pc_exp"
[1] "pc_sqexp"
[1] "n sub: 50, n images per sub: 1, zero distance: 50, sigma^2: 2, beta: 0.41, simulation: 990"
[1] "no_corr"
[1] "pc_exp"
[1] "pc_sqexp"
[1] "n sub: 50, n images per sub: 1, zero distance: 50, sigma^2: 1, beta: 0.41, simulation: 991"
[1] "no_corr"
[1] "pc_exp"
[1] "pc_sqexp"
[1] "n sub: 50, n images per sub: 1, zero distance: 50, sigma^2: 0.5, beta: 0.41, simulation: 991"
[1] "no_corr"
[1] "pc_exp"
[1] "pc_sqexp"
[1] "n sub: 50, n images per sub: 1, zero distance: 50, sigma^2: 2, beta: 0.41, simulation: 991"
[1] "no_corr"
[1] "pc_exp"
[1] "pc_sqexp"
[1] "n sub: 50, n images per sub: 1, zero distance: 50, sigma^2: 1, beta: 0.41, simulation: 992"
[1] "no_corr"
[1] "pc_exp"
[1] "pc_sqexp"
[1] "n sub: 50, n images per sub: 1, zero distance: 50, sigma^2: 0.5, beta: 0.41, simulation: 992"
[1] "no_corr"
[1] "pc_exp"
[1] "pc_sqexp"
[1] "n sub: 50, n images per sub: 1, zero distance: 50, sigma^2: 2, beta: 0.41, simulation: 992"
[1] "no_corr"
[1] "pc_exp"
[1] "pc_sqexp"
[1] "n sub: 50, n images per sub: 1, zero distance: 50, sigma^2: 1, beta: 0.41, simulation: 993"
[1] "no_corr"
[1] "pc_exp"
[1] "pc_sqexp"
[1] "n sub: 50, n images per sub: 1, zero distance: 50, sigma^2: 0.5, beta: 0.41, simulation: 993"
[1] "no_corr"
[1] "pc_exp"
[1] "pc_sqexp"
[1] "n sub: 50, n images per sub: 1, zero distance: 50, sigma^2: 2, beta: 0.41, simulation: 993"
[1] "no_corr"
[1] "pc_exp"
[1] "pc_sqexp"
[1] "n sub: 50, n images per sub: 1, zero distance: 50, sigma^2: 1, beta: 0.41, simulation: 994"
[1] "no_corr"
[1] "pc_exp"
[1] "pc_sqexp"
[1] "n sub: 50, n images per sub: 1, zero distance: 50, sigma^2: 0.5, beta: 0.41, simulation: 994"
[1] "no_corr"
[1] "pc_exp"
[1] "pc_sqexp"
[1] "n sub: 50, n images per sub: 1, zero distance: 50, sigma^2: 2, beta: 0.41, simulation: 994"
[1] "no_corr"
[1] "pc_exp"
[1] "pc_sqexp"
[1] "n sub: 50, n images per sub: 1, zero distance: 50, sigma^2: 1, beta: 0.41, simulation: 995"
[1] "no_corr"
[1] "pc_exp"
[1] "pc_sqexp"
[1] "n sub: 50, n images per sub: 1, zero distance: 50, sigma^2: 0.5, beta: 0.41, simulation: 995"
[1] "no_corr"
[1] "pc_exp"
[1] "pc_sqexp"
[1] "n sub: 50, n images per sub: 1, zero distance: 50, sigma^2: 2, beta: 0.41, simulation: 995"
[1] "no_corr"
[1] "pc_exp"
[1] "pc_sqexp"
[1] "n sub: 50, n images per sub: 1, zero distance: 50, sigma^2: 1, beta: 0.41, simulation: 996"
[1] "no_corr"
[1] "pc_exp"
[1] "pc_sqexp"
[1] "n sub: 50, n images per sub: 1, zero distance: 50, sigma^2: 0.5, beta: 0.41, simulation: 996"
[1] "no_corr"
[1] "pc_exp"
[1] "pc_sqexp"
[1] "n sub: 50, n images per sub: 1, zero distance: 50, sigma^2: 2, beta: 0.41, simulation: 996"
[1] "no_corr"
[1] "pc_exp"
[1] "pc_sqexp"
[1] "n sub: 50, n images per sub: 1, zero distance: 50, sigma^2: 1, beta: 0.41, simulation: 997"
[1] "no_corr"
[1] "pc_exp"
[1] "pc_sqexp"
[1] "n sub: 50, n images per sub: 1, zero distance: 50, sigma^2: 0.5, beta: 0.41, simulation: 997"
[1] "no_corr"
[1] "pc_exp"
[1] "pc_sqexp"
[1] "n sub: 50, n images per sub: 1, zero distance: 50, sigma^2: 2, beta: 0.41, simulation: 997"
[1] "no_corr"
[1] "pc_exp"
[1] "pc_sqexp"
[1] "n sub: 50, n images per sub: 1, zero distance: 50, sigma^2: 1, beta: 0.41, simulation: 998"
[1] "no_corr"
[1] "pc_exp"
[1] "pc_sqexp"
[1] "n sub: 50, n images per sub: 1, zero distance: 50, sigma^2: 0.5, beta: 0.41, simulation: 998"
[1] "no_corr"
[1] "pc_exp"
[1] "pc_sqexp"
[1] "n sub: 50, n images per sub: 1, zero distance: 50, sigma^2: 2, beta: 0.41, simulation: 998"
[1] "no_corr"
[1] "pc_exp"
[1] "pc_sqexp"
[1] "n sub: 50, n images per sub: 1, zero distance: 50, sigma^2: 1, beta: 0.41, simulation: 999"
[1] "no_corr"
[1] "pc_exp"
[1] "pc_sqexp"
[1] "n sub: 50, n images per sub: 1, zero distance: 50, sigma^2: 0.5, beta: 0.41, simulation: 999"
[1] "no_corr"
[1] "pc_exp"
[1] "pc_sqexp"
[1] "n sub: 50, n images per sub: 1, zero distance: 50, sigma^2: 2, beta: 0.41, simulation: 999"
[1] "no_corr"
[1] "pc_exp"
[1] "pc_sqexp"
[1] "n sub: 50, n images per sub: 1, zero distance: 50, sigma^2: 1, beta: 0.41, simulation: 1000"
[1] "no_corr"
[1] "pc_exp"
[1] "pc_sqexp"
[1] "n sub: 50, n images per sub: 1, zero distance: 50, sigma^2: 0.5, beta: 0.41, simulation: 1000"
[1] "no_corr"
[1] "pc_exp"
[1] "pc_sqexp"
[1] "n sub: 50, n images per sub: 1, zero distance: 50, sigma^2: 2, beta: 0.41, simulation: 1000"
[1] "no_corr"
[1] "pc_exp"
[1] "pc_sqexp"
