 [1] 14446 14447 14448 14449 14450 14451 14452 14453 14454 14455 14456 14457
[13] 14458 14459 14460 14461 14462 14463 14464 14465 14466 14467 14468 14469
[25] 14470 14471 14472
[1] "n sub: 50, n images per sub: 5, sigma^2: 2, beta: -0.22, simulation: 16"
[1] "n sub: 50, n images per sub: 5, sigma^2: 1, beta: -0.22, simulation: 16"
[1] "n sub: 50, n images per sub: 5, sigma^2: 0.5, beta: -0.22, simulation: 16"
[1] "n sub: 50, n images per sub: 5, sigma^2: 2, beta: -0.22, simulation: 17"
[1] "n sub: 50, n images per sub: 5, sigma^2: 1, beta: -0.22, simulation: 17"
[1] "n sub: 50, n images per sub: 5, sigma^2: 0.5, beta: -0.22, simulation: 17"
[1] "n sub: 50, n images per sub: 5, sigma^2: 2, beta: -0.22, simulation: 18"
[1] "n sub: 50, n images per sub: 5, sigma^2: 1, beta: -0.22, simulation: 18"
[1] "n sub: 50, n images per sub: 5, sigma^2: 0.5, beta: -0.22, simulation: 18"
[1] "n sub: 50, n images per sub: 5, sigma^2: 2, beta: -0.22, simulation: 19"
[1] "n sub: 50, n images per sub: 5, sigma^2: 1, beta: -0.22, simulation: 19"
[1] "n sub: 50, n images per sub: 5, sigma^2: 0.5, beta: -0.22, simulation: 19"
[1] "n sub: 50, n images per sub: 5, sigma^2: 2, beta: -0.22, simulation: 20"
[1] "n sub: 50, n images per sub: 5, sigma^2: 1, beta: -0.22, simulation: 20"
[1] "n sub: 50, n images per sub: 5, sigma^2: 0.5, beta: -0.22, simulation: 20"
[1] "n sub: 50, n images per sub: 5, sigma^2: 2, beta: -0.22, simulation: 21"
[1] "n sub: 50, n images per sub: 5, sigma^2: 1, beta: -0.22, simulation: 21"
[1] "n sub: 50, n images per sub: 5, sigma^2: 0.5, beta: -0.22, simulation: 21"
[1] "n sub: 50, n images per sub: 5, sigma^2: 2, beta: -0.22, simulation: 22"
[1] "n sub: 50, n images per sub: 5, sigma^2: 1, beta: -0.22, simulation: 22"
[1] "n sub: 50, n images per sub: 5, sigma^2: 0.5, beta: -0.22, simulation: 22"
[1] "n sub: 50, n images per sub: 5, sigma^2: 2, beta: -0.22, simulation: 23"
[1] "n sub: 50, n images per sub: 5, sigma^2: 1, beta: -0.22, simulation: 23"
[1] "n sub: 50, n images per sub: 5, sigma^2: 0.5, beta: -0.22, simulation: 23"
[1] "n sub: 50, n images per sub: 5, sigma^2: 2, beta: -0.22, simulation: 24"
[1] "n sub: 50, n images per sub: 5, sigma^2: 1, beta: -0.22, simulation: 24"
[1] "n sub: 50, n images per sub: 5, sigma^2: 0.5, beta: -0.22, simulation: 24"
