 [1] 15148 15149 15150 15151 15152 15153 15154 15155 15156 15157 15158 15159
[13] 15160 15161 15162 15163 15164 15165 15166 15167 15168 15169 15170 15171
[25] 15172 15173 15174
[1] "n sub: 50, n images per sub: 5, sigma^2: 2, beta: 0.22, simulation: 50"
[1] "n sub: 50, n images per sub: 5, sigma^2: 1, beta: 0.22, simulation: 50"
[1] "n sub: 50, n images per sub: 5, sigma^2: 0.5, beta: 0.22, simulation: 50"
[1] "n sub: 50, n images per sub: 5, sigma^2: 1, beta: 0.22, simulation: 51"
[1] "n sub: 50, n images per sub: 5, sigma^2: 2, beta: 0.22, simulation: 51"
[1] "n sub: 50, n images per sub: 5, sigma^2: 0.5, beta: 0.22, simulation: 51"
[1] "n sub: 50, n images per sub: 5, sigma^2: 1, beta: 0.22, simulation: 52"
[1] "n sub: 50, n images per sub: 5, sigma^2: 2, beta: 0.22, simulation: 52"
[1] "n sub: 50, n images per sub: 5, sigma^2: 0.5, beta: 0.22, simulation: 52"
[1] "n sub: 50, n images per sub: 5, sigma^2: 1, beta: 0.22, simulation: 53"
[1] "n sub: 50, n images per sub: 5, sigma^2: 2, beta: 0.22, simulation: 53"
[1] "n sub: 50, n images per sub: 5, sigma^2: 0.5, beta: 0.22, simulation: 53"
[1] "n sub: 50, n images per sub: 5, sigma^2: 1, beta: 0.22, simulation: 54"
[1] "n sub: 50, n images per sub: 5, sigma^2: 2, beta: 0.22, simulation: 54"
[1] "n sub: 50, n images per sub: 5, sigma^2: 0.5, beta: 0.22, simulation: 54"
[1] "n sub: 50, n images per sub: 5, sigma^2: 1, beta: 0.22, simulation: 55"
[1] "n sub: 50, n images per sub: 5, sigma^2: 2, beta: 0.22, simulation: 55"
[1] "n sub: 50, n images per sub: 5, sigma^2: 0.5, beta: 0.22, simulation: 55"
[1] "n sub: 50, n images per sub: 5, sigma^2: 1, beta: 0.22, simulation: 56"
[1] "n sub: 50, n images per sub: 5, sigma^2: 2, beta: 0.22, simulation: 56"
[1] "n sub: 50, n images per sub: 5, sigma^2: 0.5, beta: 0.22, simulation: 56"
[1] "n sub: 50, n images per sub: 5, sigma^2: 1, beta: 0.22, simulation: 57"
[1] "n sub: 50, n images per sub: 5, sigma^2: 2, beta: 0.22, simulation: 57"
[1] "n sub: 50, n images per sub: 5, sigma^2: 0.5, beta: 0.22, simulation: 57"
[1] "n sub: 50, n images per sub: 5, sigma^2: 1, beta: 0.22, simulation: 58"
[1] "n sub: 50, n images per sub: 5, sigma^2: 2, beta: 0.22, simulation: 58"
[1] "n sub: 50, n images per sub: 5, sigma^2: 0.5, beta: 0.22, simulation: 58"
