  [1] 3106 3107 3108 3109 3110 3111 3112 3113 3114 3115 3116 3117 3118 3119 3120
 [16] 3121 3122 3123 3124 3125 3126 3127 3128 3129 3130 3131 3132 3133 3134 3135
 [31] 3136 3137 3138 3139 3140 3141 3142 3143 3144 3145 3146 3147 3148 3149 3150
 [46] 3151 3152 3153 3154 3155 3156 3157 3158 3159 3160 3161 3162 3163 3164 3165
 [61] 3166 3167 3168 3169 3170 3171 3172 3173 3174 3175 3176 3177 3178 3179 3180
 [76] 3181 3182 3183 3184 3185 3186 3187 3188 3189 3190 3191 3192 3193 3194 3195
 [91] 3196 3197 3198 3199 3200 3201 3202 3203 3204 3205 3206 3207 3208 3209 3210
[106] 3211 3212 3213 3214 3215 3216 3217 3218 3219 3220 3221 3222 3223 3224 3225
[121] 3226 3227 3228 3229 3230 3231 3232 3233 3234 3235 3236 3237 3238 3239 3240
[1] "n sub: 30, n images per sub: 1, sigma^2: 2, beta: -0.69, simulation: 36"
[1] "n sub: 30, n images per sub: 1, sigma^2: 1, beta: -0.69, simulation: 36"
[1] "n sub: 30, n images per sub: 1, sigma^2: 0.5, beta: -0.69, simulation: 36"
[1] "n sub: 30, n images per sub: 1, sigma^2: 2, beta: -0.69, simulation: 37"
[1] "n sub: 30, n images per sub: 1, sigma^2: 1, beta: -0.69, simulation: 37"
[1] "n sub: 30, n images per sub: 1, sigma^2: 0.5, beta: -0.69, simulation: 37"
[1] "n sub: 30, n images per sub: 1, sigma^2: 2, beta: -0.69, simulation: 38"
[1] "n sub: 30, n images per sub: 1, sigma^2: 1, beta: -0.69, simulation: 38"
[1] "n sub: 30, n images per sub: 1, sigma^2: 0.5, beta: -0.69, simulation: 38"
[1] "n sub: 30, n images per sub: 1, sigma^2: 2, beta: -0.69, simulation: 39"
[1] "n sub: 30, n images per sub: 1, sigma^2: 1, beta: -0.69, simulation: 39"
[1] "n sub: 30, n images per sub: 1, sigma^2: 0.5, beta: -0.69, simulation: 39"
[1] "n sub: 30, n images per sub: 1, sigma^2: 2, beta: -0.69, simulation: 40"
[1] "n sub: 30, n images per sub: 1, sigma^2: 0.5, beta: -0.69, simulation: 40"
[1] "n sub: 30, n images per sub: 1, sigma^2: 1, beta: -0.69, simulation: 40"
[1] "n sub: 30, n images per sub: 1, sigma^2: 2, beta: -0.69, simulation: 41"
[1] "n sub: 30, n images per sub: 1, sigma^2: 0.5, beta: -0.69, simulation: 41"
[1] "n sub: 30, n images per sub: 1, sigma^2: 1, beta: -0.69, simulation: 41"
[1] "n sub: 30, n images per sub: 1, sigma^2: 2, beta: -0.69, simulation: 42"
[1] "n sub: 30, n images per sub: 1, sigma^2: 1, beta: -0.69, simulation: 42"
[1] "n sub: 30, n images per sub: 1, sigma^2: 0.5, beta: -0.69, simulation: 42"
[1] "n sub: 30, n images per sub: 1, sigma^2: 2, beta: -0.69, simulation: 43"
[1] "n sub: 30, n images per sub: 1, sigma^2: 1, beta: -0.69, simulation: 43"
[1] "n sub: 30, n images per sub: 1, sigma^2: 0.5, beta: -0.69, simulation: 43"
[1] "n sub: 30, n images per sub: 1, sigma^2: 2, beta: -0.69, simulation: 44"
[1] "n sub: 30, n images per sub: 1, sigma^2: 1, beta: -0.69, simulation: 44"
[1] "n sub: 30, n images per sub: 1, sigma^2: 0.5, beta: -0.69, simulation: 44"
[1] "n sub: 30, n images per sub: 1, sigma^2: 2, beta: -0.69, simulation: 45"
[1] "n sub: 30, n images per sub: 1, sigma^2: 1, beta: -0.69, simulation: 45"
[1] "n sub: 30, n images per sub: 1, sigma^2: 0.5, beta: -0.69, simulation: 45"
[1] "n sub: 30, n images per sub: 1, sigma^2: 2, beta: -0.69, simulation: 46"
[1] "n sub: 30, n images per sub: 1, sigma^2: 1, beta: -0.69, simulation: 46"
[1] "n sub: 30, n images per sub: 1, sigma^2: 0.5, beta: -0.69, simulation: 46"
[1] "n sub: 30, n images per sub: 1, sigma^2: 2, beta: -0.69, simulation: 47"
[1] "n sub: 30, n images per sub: 1, sigma^2: 1, beta: -0.69, simulation: 47"
[1] "n sub: 30, n images per sub: 1, sigma^2: 0.5, beta: -0.69, simulation: 47"
[1] "n sub: 30, n images per sub: 1, sigma^2: 2, beta: -0.69, simulation: 48"
[1] "n sub: 30, n images per sub: 1, sigma^2: 1, beta: -0.69, simulation: 48"
[1] "n sub: 30, n images per sub: 1, sigma^2: 0.5, beta: -0.69, simulation: 48"
[1] "n sub: 30, n images per sub: 1, sigma^2: 2, beta: -0.69, simulation: 49"
[1] "n sub: 30, n images per sub: 1, sigma^2: 1, beta: -0.69, simulation: 49"
[1] "n sub: 30, n images per sub: 1, sigma^2: 0.5, beta: -0.69, simulation: 49"
[1] "n sub: 30, n images per sub: 1, sigma^2: 2, beta: -0.69, simulation: 50"
[1] "n sub: 30, n images per sub: 1, sigma^2: 1, beta: -0.69, simulation: 50"
[1] "n sub: 30, n images per sub: 1, sigma^2: 0.5, beta: -0.69, simulation: 50"
[1] "n sub: 30, n images per sub: 1, sigma^2: 2, beta: -0.69, simulation: 51"
[1] "n sub: 30, n images per sub: 1, sigma^2: 1, beta: -0.69, simulation: 51"
[1] "n sub: 30, n images per sub: 1, sigma^2: 0.5, beta: -0.69, simulation: 51"
[1] "n sub: 30, n images per sub: 1, sigma^2: 2, beta: -0.69, simulation: 52"
[1] "n sub: 30, n images per sub: 1, sigma^2: 1, beta: -0.69, simulation: 52"
[1] "n sub: 30, n images per sub: 1, sigma^2: 0.5, beta: -0.69, simulation: 52"
[1] "n sub: 30, n images per sub: 1, sigma^2: 2, beta: -0.69, simulation: 53"
[1] "n sub: 30, n images per sub: 1, sigma^2: 1, beta: -0.69, simulation: 53"
[1] "n sub: 30, n images per sub: 1, sigma^2: 0.5, beta: -0.69, simulation: 53"
[1] "n sub: 30, n images per sub: 1, sigma^2: 2, beta: -0.69, simulation: 54"
[1] "n sub: 30, n images per sub: 1, sigma^2: 1, beta: -0.69, simulation: 54"
[1] "n sub: 30, n images per sub: 1, sigma^2: 0.5, beta: -0.69, simulation: 54"
[1] "n sub: 30, n images per sub: 1, sigma^2: 2, beta: -0.69, simulation: 55"
[1] "n sub: 30, n images per sub: 1, sigma^2: 1, beta: -0.69, simulation: 55"
[1] "n sub: 30, n images per sub: 1, sigma^2: 0.5, beta: -0.69, simulation: 55"
[1] "n sub: 30, n images per sub: 1, sigma^2: 2, beta: -0.69, simulation: 56"
[1] "n sub: 30, n images per sub: 1, sigma^2: 1, beta: -0.69, simulation: 56"
[1] "n sub: 30, n images per sub: 1, sigma^2: 0.5, beta: -0.69, simulation: 56"
[1] "n sub: 30, n images per sub: 1, sigma^2: 2, beta: -0.69, simulation: 57"
[1] "n sub: 30, n images per sub: 1, sigma^2: 1, beta: -0.69, simulation: 57"
[1] "n sub: 30, n images per sub: 1, sigma^2: 0.5, beta: -0.69, simulation: 57"
[1] "n sub: 30, n images per sub: 1, sigma^2: 2, beta: -0.69, simulation: 58"
[1] "n sub: 30, n images per sub: 1, sigma^2: 1, beta: -0.69, simulation: 58"
[1] "n sub: 30, n images per sub: 1, sigma^2: 0.5, beta: -0.69, simulation: 58"
[1] "n sub: 30, n images per sub: 1, sigma^2: 2, beta: -0.69, simulation: 59"
[1] "n sub: 30, n images per sub: 1, sigma^2: 1, beta: -0.69, simulation: 59"
[1] "n sub: 30, n images per sub: 1, sigma^2: 0.5, beta: -0.69, simulation: 59"
[1] "n sub: 30, n images per sub: 1, sigma^2: 2, beta: -0.69, simulation: 60"
[1] "n sub: 30, n images per sub: 1, sigma^2: 0.5, beta: -0.69, simulation: 60"
[1] "n sub: 30, n images per sub: 1, sigma^2: 1, beta: -0.69, simulation: 60"
[1] "n sub: 30, n images per sub: 1, sigma^2: 2, beta: -0.69, simulation: 61"
[1] "n sub: 30, n images per sub: 1, sigma^2: 0.5, beta: -0.69, simulation: 61"
[1] "n sub: 30, n images per sub: 1, sigma^2: 1, beta: -0.69, simulation: 61"
[1] "n sub: 30, n images per sub: 1, sigma^2: 2, beta: -0.69, simulation: 62"
[1] "n sub: 30, n images per sub: 1, sigma^2: 1, beta: -0.69, simulation: 62"
[1] "n sub: 30, n images per sub: 1, sigma^2: 0.5, beta: -0.69, simulation: 62"
[1] "n sub: 30, n images per sub: 1, sigma^2: 2, beta: -0.69, simulation: 63"
[1] "n sub: 30, n images per sub: 1, sigma^2: 1, beta: -0.69, simulation: 63"
[1] "n sub: 30, n images per sub: 1, sigma^2: 0.5, beta: -0.69, simulation: 63"
[1] "n sub: 30, n images per sub: 1, sigma^2: 2, beta: -0.69, simulation: 64"
[1] "n sub: 30, n images per sub: 1, sigma^2: 1, beta: -0.69, simulation: 64"
[1] "n sub: 30, n images per sub: 1, sigma^2: 0.5, beta: -0.69, simulation: 64"
[1] "n sub: 30, n images per sub: 1, sigma^2: 2, beta: -0.69, simulation: 65"
[1] "n sub: 30, n images per sub: 1, sigma^2: 1, beta: -0.69, simulation: 65"
[1] "n sub: 30, n images per sub: 1, sigma^2: 0.5, beta: -0.69, simulation: 65"
[1] "n sub: 30, n images per sub: 1, sigma^2: 2, beta: -0.69, simulation: 66"
[1] "n sub: 30, n images per sub: 1, sigma^2: 1, beta: -0.69, simulation: 66"
[1] "n sub: 30, n images per sub: 1, sigma^2: 0.5, beta: -0.69, simulation: 66"
[1] "n sub: 30, n images per sub: 1, sigma^2: 2, beta: -0.69, simulation: 67"
[1] "n sub: 30, n images per sub: 1, sigma^2: 1, beta: -0.69, simulation: 67"
[1] "n sub: 30, n images per sub: 1, sigma^2: 0.5, beta: -0.69, simulation: 67"
[1] "n sub: 30, n images per sub: 1, sigma^2: 2, beta: -0.69, simulation: 68"
[1] "n sub: 30, n images per sub: 1, sigma^2: 1, beta: -0.69, simulation: 68"
[1] "n sub: 30, n images per sub: 1, sigma^2: 0.5, beta: -0.69, simulation: 68"
[1] "n sub: 30, n images per sub: 1, sigma^2: 2, beta: -0.69, simulation: 69"
[1] "n sub: 30, n images per sub: 1, sigma^2: 1, beta: -0.69, simulation: 69"
[1] "n sub: 30, n images per sub: 1, sigma^2: 0.5, beta: -0.69, simulation: 69"
[1] "n sub: 30, n images per sub: 1, sigma^2: 2, beta: -0.69, simulation: 70"
[1] "n sub: 30, n images per sub: 1, sigma^2: 1, beta: -0.69, simulation: 70"
[1] "n sub: 30, n images per sub: 1, sigma^2: 0.5, beta: -0.69, simulation: 70"
[1] "n sub: 30, n images per sub: 1, sigma^2: 2, beta: -0.69, simulation: 71"
[1] "n sub: 30, n images per sub: 1, sigma^2: 1, beta: -0.69, simulation: 71"
[1] "n sub: 30, n images per sub: 1, sigma^2: 0.5, beta: -0.69, simulation: 71"
[1] "n sub: 30, n images per sub: 1, sigma^2: 2, beta: -0.69, simulation: 72"
[1] "n sub: 30, n images per sub: 1, sigma^2: 1, beta: -0.69, simulation: 72"
[1] "n sub: 30, n images per sub: 1, sigma^2: 0.5, beta: -0.69, simulation: 72"
[1] "n sub: 30, n images per sub: 1, sigma^2: 2, beta: -0.69, simulation: 73"
[1] "n sub: 30, n images per sub: 1, sigma^2: 1, beta: -0.69, simulation: 73"
[1] "n sub: 30, n images per sub: 1, sigma^2: 0.5, beta: -0.69, simulation: 73"
[1] "n sub: 30, n images per sub: 1, sigma^2: 2, beta: -0.69, simulation: 74"
[1] "n sub: 30, n images per sub: 1, sigma^2: 1, beta: -0.69, simulation: 74"
[1] "n sub: 30, n images per sub: 1, sigma^2: 0.5, beta: -0.69, simulation: 74"
[1] "n sub: 30, n images per sub: 1, sigma^2: 2, beta: -0.69, simulation: 75"
[1] "n sub: 30, n images per sub: 1, sigma^2: 1, beta: -0.69, simulation: 75"
[1] "n sub: 30, n images per sub: 1, sigma^2: 0.5, beta: -0.69, simulation: 75"
[1] "n sub: 30, n images per sub: 1, sigma^2: 2, beta: -0.69, simulation: 76"
[1] "n sub: 30, n images per sub: 1, sigma^2: 1, beta: -0.69, simulation: 76"
[1] "n sub: 30, n images per sub: 1, sigma^2: 0.5, beta: -0.69, simulation: 76"
[1] "n sub: 30, n images per sub: 1, sigma^2: 2, beta: -0.69, simulation: 77"
[1] "n sub: 30, n images per sub: 1, sigma^2: 1, beta: -0.69, simulation: 77"
[1] "n sub: 30, n images per sub: 1, sigma^2: 0.5, beta: -0.69, simulation: 77"
[1] "n sub: 30, n images per sub: 1, sigma^2: 2, beta: -0.69, simulation: 78"
[1] "n sub: 30, n images per sub: 1, sigma^2: 1, beta: -0.69, simulation: 78"
[1] "n sub: 30, n images per sub: 1, sigma^2: 0.5, beta: -0.69, simulation: 78"
[1] "n sub: 30, n images per sub: 1, sigma^2: 2, beta: -0.69, simulation: 79"
[1] "n sub: 30, n images per sub: 1, sigma^2: 1, beta: -0.69, simulation: 79"
[1] "n sub: 30, n images per sub: 1, sigma^2: 0.5, beta: -0.69, simulation: 79"
[1] "n sub: 30, n images per sub: 1, sigma^2: 2, beta: -0.69, simulation: 80"
[1] "n sub: 30, n images per sub: 1, sigma^2: 0.5, beta: -0.69, simulation: 80"
[1] "n sub: 30, n images per sub: 1, sigma^2: 1, beta: -0.69, simulation: 80"
