 [1] 10801 10802 10803 10804 10805 10806 10807 10808 10809 10810 10811 10812
[13] 10813 10814 10815 10816 10817 10818 10819 10820 10821 10822 10823 10824
[25] 10825 10826 10827 10828 10829 10830 10831 10832 10833 10834 10835 10836
[37] 10837 10838 10839 10840 10841 10842 10843 10844 10845 10846 10847 10848
[49] 10849 10850 10851 10852 10853 10854
[1] "n sub: 30, n images per sub: 5, sigma^2: 0.5, beta: -1.1, simulation: 1"
[1] "n sub: 30, n images per sub: 5, sigma^2: 1, beta: -1.1, simulation: 1"
[1] "n sub: 30, n images per sub: 5, sigma^2: 2, beta: -1.1, simulation: 1"
[1] "n sub: 30, n images per sub: 5, sigma^2: 0.5, beta: -1.1, simulation: 2"
[1] "n sub: 30, n images per sub: 5, sigma^2: 1, beta: -1.1, simulation: 2"
[1] "n sub: 30, n images per sub: 5, sigma^2: 2, beta: -1.1, simulation: 2"
[1] "n sub: 30, n images per sub: 5, sigma^2: 0.5, beta: -1.1, simulation: 3"
[1] "n sub: 30, n images per sub: 5, sigma^2: 1, beta: -1.1, simulation: 3"
[1] "n sub: 30, n images per sub: 5, sigma^2: 2, beta: -1.1, simulation: 3"
[1] "n sub: 30, n images per sub: 5, sigma^2: 0.5, beta: -1.1, simulation: 4"
[1] "n sub: 30, n images per sub: 5, sigma^2: 1, beta: -1.1, simulation: 4"
[1] "n sub: 30, n images per sub: 5, sigma^2: 2, beta: -1.1, simulation: 4"
[1] "n sub: 30, n images per sub: 5, sigma^2: 0.5, beta: -1.1, simulation: 5"
[1] "n sub: 30, n images per sub: 5, sigma^2: 1, beta: -1.1, simulation: 5"
[1] "n sub: 30, n images per sub: 5, sigma^2: 2, beta: -1.1, simulation: 5"
[1] "n sub: 30, n images per sub: 5, sigma^2: 0.5, beta: -1.1, simulation: 6"
[1] "n sub: 30, n images per sub: 5, sigma^2: 1, beta: -1.1, simulation: 6"
[1] "n sub: 30, n images per sub: 5, sigma^2: 2, beta: -1.1, simulation: 6"
[1] "n sub: 30, n images per sub: 5, sigma^2: 0.5, beta: -1.1, simulation: 7"
[1] "n sub: 30, n images per sub: 5, sigma^2: 1, beta: -1.1, simulation: 7"
[1] "n sub: 30, n images per sub: 5, sigma^2: 2, beta: -1.1, simulation: 7"
[1] "n sub: 30, n images per sub: 5, sigma^2: 0.5, beta: -1.1, simulation: 8"
[1] "n sub: 30, n images per sub: 5, sigma^2: 1, beta: -1.1, simulation: 8"
[1] "n sub: 30, n images per sub: 5, sigma^2: 2, beta: -1.1, simulation: 8"
[1] "n sub: 30, n images per sub: 5, sigma^2: 2, beta: -1.1, simulation: 9"
[1] "n sub: 30, n images per sub: 5, sigma^2: 0.5, beta: -1.1, simulation: 9"
[1] "n sub: 30, n images per sub: 5, sigma^2: 1, beta: -1.1, simulation: 9"
[1] "n sub: 30, n images per sub: 5, sigma^2: 2, beta: -1.1, simulation: 10"
[1] "n sub: 30, n images per sub: 5, sigma^2: 1, beta: -1.1, simulation: 10"
[1] "n sub: 30, n images per sub: 5, sigma^2: 0.5, beta: -1.1, simulation: 10"
[1] "n sub: 30, n images per sub: 5, sigma^2: 2, beta: -1.1, simulation: 11"
[1] "n sub: 30, n images per sub: 5, sigma^2: 0.5, beta: -1.1, simulation: 11"
[1] "n sub: 30, n images per sub: 5, sigma^2: 1, beta: -1.1, simulation: 11"
[1] "n sub: 30, n images per sub: 5, sigma^2: 2, beta: -1.1, simulation: 12"
[1] "n sub: 30, n images per sub: 5, sigma^2: 1, beta: -1.1, simulation: 12"
[1] "n sub: 30, n images per sub: 5, sigma^2: 0.5, beta: -1.1, simulation: 12"
[1] "n sub: 30, n images per sub: 5, sigma^2: 2, beta: -1.1, simulation: 13"
[1] "n sub: 30, n images per sub: 5, sigma^2: 1, beta: -1.1, simulation: 13"
[1] "n sub: 30, n images per sub: 5, sigma^2: 0.5, beta: -1.1, simulation: 13"
[1] "n sub: 30, n images per sub: 5, sigma^2: 2, beta: -1.1, simulation: 14"
[1] "n sub: 30, n images per sub: 5, sigma^2: 1, beta: -1.1, simulation: 14"
[1] "n sub: 30, n images per sub: 5, sigma^2: 0.5, beta: -1.1, simulation: 14"
[1] "n sub: 30, n images per sub: 5, sigma^2: 2, beta: -1.1, simulation: 15"
[1] "n sub: 30, n images per sub: 5, sigma^2: 1, beta: -1.1, simulation: 15"
[1] "n sub: 30, n images per sub: 5, sigma^2: 0.5, beta: -1.1, simulation: 15"
[1] "n sub: 30, n images per sub: 5, sigma^2: 2, beta: -1.1, simulation: 16"
[1] "n sub: 30, n images per sub: 5, sigma^2: 1, beta: -1.1, simulation: 16"
[1] "n sub: 30, n images per sub: 5, sigma^2: 0.5, beta: -1.1, simulation: 16"
[1] "n sub: 30, n images per sub: 5, sigma^2: 2, beta: -1.1, simulation: 17"
[1] "n sub: 30, n images per sub: 5, sigma^2: 1, beta: -1.1, simulation: 17"
[1] "n sub: 30, n images per sub: 5, sigma^2: 0.5, beta: -1.1, simulation: 17"
[1] "n sub: 30, n images per sub: 5, sigma^2: 2, beta: -1.1, simulation: 18"
[1] "n sub: 30, n images per sub: 5, sigma^2: 1, beta: -1.1, simulation: 18"
[1] "n sub: 30, n images per sub: 5, sigma^2: 0.5, beta: -1.1, simulation: 18"
