  [1] 8749 8750 8751 8752 8753 8754 8755 8756 8757 8758 8759 8760 8761 8762 8763
 [16] 8764 8765 8766 8767 8768 8769 8770 8771 8772 8773 8774 8775 8776 8777 8778
 [31] 8779 8780 8781 8782 8783 8784 8785 8786 8787 8788 8789 8790 8791 8792 8793
 [46] 8794 8795 8796 8797 8798 8799 8800 8801 8802 8803 8804 8805 8806 8807 8808
 [61] 8809 8810 8811 8812 8813 8814 8815 8816 8817 8818 8819 8820 8821 8822 8823
 [76] 8824 8825 8826 8827 8828 8829 8830 8831 8832 8833 8834 8835 8836 8837 8838
 [91] 8839 8840 8841 8842 8843 8844 8845 8846 8847 8848 8849 8850 8851 8852 8853
[106] 8854 8855 8856
[1] "n sub: 10, n images per sub: 5, sigma^2: 0.5, beta: -0.41, simulation: 17"
[1] "n sub: 10, n images per sub: 5, sigma^2: 2, beta: -0.41, simulation: 17"
[1] "n sub: 10, n images per sub: 5, sigma^2: 1, beta: -0.41, simulation: 17"
[1] "n sub: 10, n images per sub: 5, sigma^2: 0.5, beta: -0.41, simulation: 18"
[1] "n sub: 10, n images per sub: 5, sigma^2: 2, beta: -0.41, simulation: 18"
[1] "n sub: 10, n images per sub: 5, sigma^2: 1, beta: -0.41, simulation: 18"
[1] "n sub: 10, n images per sub: 5, sigma^2: 0.5, beta: -0.41, simulation: 19"
[1] "n sub: 10, n images per sub: 5, sigma^2: 2, beta: -0.41, simulation: 19"
[1] "n sub: 10, n images per sub: 5, sigma^2: 1, beta: -0.41, simulation: 19"
[1] "n sub: 10, n images per sub: 5, sigma^2: 0.5, beta: -0.41, simulation: 20"
[1] "n sub: 10, n images per sub: 5, sigma^2: 2, beta: -0.41, simulation: 20"
[1] "n sub: 10, n images per sub: 5, sigma^2: 1, beta: -0.41, simulation: 20"
[1] "n sub: 10, n images per sub: 5, sigma^2: 0.5, beta: -0.41, simulation: 21"
[1] "n sub: 10, n images per sub: 5, sigma^2: 2, beta: -0.41, simulation: 21"
[1] "n sub: 10, n images per sub: 5, sigma^2: 1, beta: -0.41, simulation: 21"
[1] "n sub: 10, n images per sub: 5, sigma^2: 0.5, beta: -0.41, simulation: 22"
[1] "n sub: 10, n images per sub: 5, sigma^2: 2, beta: -0.41, simulation: 22"
[1] "n sub: 10, n images per sub: 5, sigma^2: 1, beta: -0.41, simulation: 22"
[1] "n sub: 10, n images per sub: 5, sigma^2: 0.5, beta: -0.41, simulation: 23"
[1] "n sub: 10, n images per sub: 5, sigma^2: 2, beta: -0.41, simulation: 23"
[1] "n sub: 10, n images per sub: 5, sigma^2: 1, beta: -0.41, simulation: 23"
[1] "n sub: 10, n images per sub: 5, sigma^2: 0.5, beta: -0.41, simulation: 24"
[1] "n sub: 10, n images per sub: 5, sigma^2: 2, beta: -0.41, simulation: 24"
[1] "n sub: 10, n images per sub: 5, sigma^2: 1, beta: -0.41, simulation: 24"
[1] "n sub: 10, n images per sub: 5, sigma^2: 0.5, beta: -0.41, simulation: 25"
[1] "n sub: 10, n images per sub: 5, sigma^2: 2, beta: -0.41, simulation: 25"
[1] "n sub: 10, n images per sub: 5, sigma^2: 1, beta: -0.41, simulation: 25"
[1] "n sub: 10, n images per sub: 5, sigma^2: 0.5, beta: -0.41, simulation: 26"
[1] "n sub: 10, n images per sub: 5, sigma^2: 2, beta: -0.41, simulation: 26"
[1] "n sub: 10, n images per sub: 5, sigma^2: 1, beta: -0.41, simulation: 26"
[1] "n sub: 10, n images per sub: 5, sigma^2: 0.5, beta: -0.41, simulation: 27"
[1] "n sub: 10, n images per sub: 5, sigma^2: 2, beta: -0.41, simulation: 27"
[1] "n sub: 10, n images per sub: 5, sigma^2: 1, beta: -0.41, simulation: 27"
[1] "n sub: 10, n images per sub: 5, sigma^2: 0.5, beta: -0.41, simulation: 28"
[1] "n sub: 10, n images per sub: 5, sigma^2: 2, beta: -0.41, simulation: 28"
[1] "n sub: 10, n images per sub: 5, sigma^2: 1, beta: -0.41, simulation: 28"
[1] "n sub: 10, n images per sub: 5, sigma^2: 0.5, beta: -0.41, simulation: 29"
[1] "n sub: 10, n images per sub: 5, sigma^2: 2, beta: -0.41, simulation: 29"
[1] "n sub: 10, n images per sub: 5, sigma^2: 1, beta: -0.41, simulation: 29"
[1] "n sub: 10, n images per sub: 5, sigma^2: 0.5, beta: -0.41, simulation: 30"
[1] "n sub: 10, n images per sub: 5, sigma^2: 2, beta: -0.41, simulation: 30"
[1] "n sub: 10, n images per sub: 5, sigma^2: 1, beta: -0.41, simulation: 30"
[1] "n sub: 10, n images per sub: 5, sigma^2: 0.5, beta: -0.41, simulation: 31"
[1] "n sub: 10, n images per sub: 5, sigma^2: 2, beta: -0.41, simulation: 31"
[1] "n sub: 10, n images per sub: 5, sigma^2: 1, beta: -0.41, simulation: 31"
[1] "n sub: 10, n images per sub: 5, sigma^2: 0.5, beta: -0.41, simulation: 32"
[1] "n sub: 10, n images per sub: 5, sigma^2: 2, beta: -0.41, simulation: 32"
[1] "n sub: 10, n images per sub: 5, sigma^2: 1, beta: -0.41, simulation: 32"
[1] "n sub: 10, n images per sub: 5, sigma^2: 0.5, beta: -0.41, simulation: 33"
[1] "n sub: 10, n images per sub: 5, sigma^2: 1, beta: -0.41, simulation: 33"
[1] "n sub: 10, n images per sub: 5, sigma^2: 2, beta: -0.41, simulation: 33"
[1] "n sub: 10, n images per sub: 5, sigma^2: 0.5, beta: -0.41, simulation: 34"
[1] "n sub: 10, n images per sub: 5, sigma^2: 2, beta: -0.41, simulation: 34"
[1] "n sub: 10, n images per sub: 5, sigma^2: 1, beta: -0.41, simulation: 34"
[1] "n sub: 10, n images per sub: 5, sigma^2: 0.5, beta: -0.41, simulation: 35"
[1] "n sub: 10, n images per sub: 5, sigma^2: 2, beta: -0.41, simulation: 35"
[1] "n sub: 10, n images per sub: 5, sigma^2: 1, beta: -0.41, simulation: 35"
[1] "n sub: 10, n images per sub: 5, sigma^2: 0.5, beta: -0.41, simulation: 36"
[1] "n sub: 10, n images per sub: 5, sigma^2: 2, beta: -0.41, simulation: 36"
[1] "n sub: 10, n images per sub: 5, sigma^2: 1, beta: -0.41, simulation: 36"
[1] "n sub: 10, n images per sub: 5, sigma^2: 0.5, beta: -0.41, simulation: 37"
[1] "n sub: 10, n images per sub: 5, sigma^2: 2, beta: -0.41, simulation: 37"
[1] "n sub: 10, n images per sub: 5, sigma^2: 1, beta: -0.41, simulation: 37"
[1] "n sub: 10, n images per sub: 5, sigma^2: 0.5, beta: -0.41, simulation: 38"
[1] "n sub: 10, n images per sub: 5, sigma^2: 2, beta: -0.41, simulation: 38"
[1] "n sub: 10, n images per sub: 5, sigma^2: 1, beta: -0.41, simulation: 38"
[1] "n sub: 10, n images per sub: 5, sigma^2: 0.5, beta: -0.41, simulation: 39"
[1] "n sub: 10, n images per sub: 5, sigma^2: 1, beta: -0.41, simulation: 39"
[1] "n sub: 10, n images per sub: 5, sigma^2: 2, beta: -0.41, simulation: 39"
[1] "n sub: 10, n images per sub: 5, sigma^2: 0.5, beta: -0.41, simulation: 40"
[1] "n sub: 10, n images per sub: 5, sigma^2: 2, beta: -0.41, simulation: 40"
[1] "n sub: 10, n images per sub: 5, sigma^2: 1, beta: -0.41, simulation: 40"
[1] "n sub: 10, n images per sub: 5, sigma^2: 0.5, beta: -0.41, simulation: 41"
[1] "n sub: 10, n images per sub: 5, sigma^2: 2, beta: -0.41, simulation: 41"
[1] "n sub: 10, n images per sub: 5, sigma^2: 1, beta: -0.41, simulation: 41"
[1] "n sub: 10, n images per sub: 5, sigma^2: 0.5, beta: -0.41, simulation: 42"
[1] "n sub: 10, n images per sub: 5, sigma^2: 1, beta: -0.41, simulation: 42"
[1] "n sub: 10, n images per sub: 5, sigma^2: 2, beta: -0.41, simulation: 42"
[1] "n sub: 10, n images per sub: 5, sigma^2: 0.5, beta: -0.41, simulation: 43"
[1] "n sub: 10, n images per sub: 5, sigma^2: 1, beta: -0.41, simulation: 43"
[1] "n sub: 10, n images per sub: 5, sigma^2: 2, beta: -0.41, simulation: 43"
[1] "n sub: 10, n images per sub: 5, sigma^2: 0.5, beta: -0.41, simulation: 44"
[1] "n sub: 10, n images per sub: 5, sigma^2: 1, beta: -0.41, simulation: 44"
[1] "n sub: 10, n images per sub: 5, sigma^2: 2, beta: -0.41, simulation: 44"
[1] "n sub: 10, n images per sub: 5, sigma^2: 0.5, beta: -0.41, simulation: 45"
[1] "n sub: 10, n images per sub: 5, sigma^2: 1, beta: -0.41, simulation: 45"
[1] "n sub: 10, n images per sub: 5, sigma^2: 2, beta: -0.41, simulation: 45"
[1] "n sub: 10, n images per sub: 5, sigma^2: 0.5, beta: -0.41, simulation: 46"
[1] "n sub: 10, n images per sub: 5, sigma^2: 1, beta: -0.41, simulation: 46"
[1] "n sub: 10, n images per sub: 5, sigma^2: 2, beta: -0.41, simulation: 46"
[1] "n sub: 10, n images per sub: 5, sigma^2: 0.5, beta: -0.41, simulation: 47"
[1] "n sub: 10, n images per sub: 5, sigma^2: 1, beta: -0.41, simulation: 47"
[1] "n sub: 10, n images per sub: 5, sigma^2: 2, beta: -0.41, simulation: 47"
[1] "n sub: 10, n images per sub: 5, sigma^2: 0.5, beta: -0.41, simulation: 48"
[1] "n sub: 10, n images per sub: 5, sigma^2: 1, beta: -0.41, simulation: 48"
[1] "n sub: 10, n images per sub: 5, sigma^2: 2, beta: -0.41, simulation: 48"
[1] "n sub: 10, n images per sub: 5, sigma^2: 0.5, beta: -0.41, simulation: 49"
[1] "n sub: 10, n images per sub: 5, sigma^2: 1, beta: -0.41, simulation: 49"
[1] "n sub: 10, n images per sub: 5, sigma^2: 2, beta: -0.41, simulation: 49"
[1] "n sub: 10, n images per sub: 5, sigma^2: 0.5, beta: -0.41, simulation: 50"
[1] "n sub: 10, n images per sub: 5, sigma^2: 1, beta: -0.41, simulation: 50"
[1] "n sub: 10, n images per sub: 5, sigma^2: 2, beta: -0.41, simulation: 50"
[1] "n sub: 10, n images per sub: 5, sigma^2: 0.5, beta: -0.41, simulation: 51"
[1] "n sub: 10, n images per sub: 5, sigma^2: 1, beta: -0.41, simulation: 51"
[1] "n sub: 10, n images per sub: 5, sigma^2: 2, beta: -0.41, simulation: 51"
[1] "n sub: 10, n images per sub: 5, sigma^2: 0.5, beta: -0.41, simulation: 52"
[1] "n sub: 10, n images per sub: 5, sigma^2: 1, beta: -0.41, simulation: 52"
[1] "n sub: 10, n images per sub: 5, sigma^2: 2, beta: -0.41, simulation: 52"
