 [1] 11827 11828 11829 11830 11831 11832 11833 11834 11835 11836 11837 11838
[13] 11839 11840 11841 11842 11843 11844 11845 11846 11847 11848 11849 11850
[25] 11851 11852 11853 11854 11855 11856 11857 11858 11859 11860 11861 11862
[37] 11863 11864 11865 11866 11867 11868 11869 11870 11871 11872 11873 11874
[49] 11875 11876 11877 11878 11879 11880
[1] "n sub: 30, n images per sub: 5, sigma^2: 2, beta: -0.22, simulation: 43"
[1] "n sub: 30, n images per sub: 5, sigma^2: 1, beta: -0.22, simulation: 43"
[1] "n sub: 30, n images per sub: 5, sigma^2: 0.5, beta: -0.22, simulation: 43"
[1] "n sub: 30, n images per sub: 5, sigma^2: 2, beta: -0.22, simulation: 44"
[1] "n sub: 30, n images per sub: 5, sigma^2: 1, beta: -0.22, simulation: 44"
[1] "n sub: 30, n images per sub: 5, sigma^2: 0.5, beta: -0.22, simulation: 44"
[1] "n sub: 30, n images per sub: 5, sigma^2: 2, beta: -0.22, simulation: 45"
[1] "n sub: 30, n images per sub: 5, sigma^2: 1, beta: -0.22, simulation: 45"
[1] "n sub: 30, n images per sub: 5, sigma^2: 0.5, beta: -0.22, simulation: 45"
[1] "n sub: 30, n images per sub: 5, sigma^2: 2, beta: -0.22, simulation: 46"
[1] "n sub: 30, n images per sub: 5, sigma^2: 1, beta: -0.22, simulation: 46"
[1] "n sub: 30, n images per sub: 5, sigma^2: 0.5, beta: -0.22, simulation: 46"
[1] "n sub: 30, n images per sub: 5, sigma^2: 2, beta: -0.22, simulation: 47"
[1] "n sub: 30, n images per sub: 5, sigma^2: 1, beta: -0.22, simulation: 47"
[1] "n sub: 30, n images per sub: 5, sigma^2: 0.5, beta: -0.22, simulation: 47"
[1] "n sub: 30, n images per sub: 5, sigma^2: 2, beta: -0.22, simulation: 48"
[1] "n sub: 30, n images per sub: 5, sigma^2: 1, beta: -0.22, simulation: 48"
[1] "n sub: 30, n images per sub: 5, sigma^2: 0.5, beta: -0.22, simulation: 48"
[1] "n sub: 30, n images per sub: 5, sigma^2: 2, beta: -0.22, simulation: 49"
[1] "n sub: 30, n images per sub: 5, sigma^2: 1, beta: -0.22, simulation: 49"
[1] "n sub: 30, n images per sub: 5, sigma^2: 0.5, beta: -0.22, simulation: 49"
[1] "n sub: 30, n images per sub: 5, sigma^2: 2, beta: -0.22, simulation: 50"
[1] "n sub: 30, n images per sub: 5, sigma^2: 1, beta: -0.22, simulation: 50"
[1] "n sub: 30, n images per sub: 5, sigma^2: 0.5, beta: -0.22, simulation: 50"
[1] "n sub: 30, n images per sub: 5, sigma^2: 2, beta: -0.22, simulation: 51"
[1] "n sub: 30, n images per sub: 5, sigma^2: 1, beta: -0.22, simulation: 51"
[1] "n sub: 30, n images per sub: 5, sigma^2: 0.5, beta: -0.22, simulation: 51"
[1] "n sub: 30, n images per sub: 5, sigma^2: 2, beta: -0.22, simulation: 52"
[1] "n sub: 30, n images per sub: 5, sigma^2: 1, beta: -0.22, simulation: 52"
[1] "n sub: 30, n images per sub: 5, sigma^2: 0.5, beta: -0.22, simulation: 52"
[1] "n sub: 30, n images per sub: 5, sigma^2: 2, beta: -0.22, simulation: 53"
[1] "n sub: 30, n images per sub: 5, sigma^2: 1, beta: -0.22, simulation: 53"
[1] "n sub: 30, n images per sub: 5, sigma^2: 0.5, beta: -0.22, simulation: 53"
[1] "n sub: 30, n images per sub: 5, sigma^2: 2, beta: -0.22, simulation: 54"
[1] "n sub: 30, n images per sub: 5, sigma^2: 1, beta: -0.22, simulation: 54"
[1] "n sub: 30, n images per sub: 5, sigma^2: 0.5, beta: -0.22, simulation: 54"
[1] "n sub: 30, n images per sub: 5, sigma^2: 2, beta: -0.22, simulation: 55"
[1] "n sub: 30, n images per sub: 5, sigma^2: 1, beta: -0.22, simulation: 55"
[1] "n sub: 30, n images per sub: 5, sigma^2: 0.5, beta: -0.22, simulation: 55"
[1] "n sub: 30, n images per sub: 5, sigma^2: 2, beta: -0.22, simulation: 56"
[1] "n sub: 30, n images per sub: 5, sigma^2: 1, beta: -0.22, simulation: 56"
[1] "n sub: 30, n images per sub: 5, sigma^2: 0.5, beta: -0.22, simulation: 56"
[1] "n sub: 30, n images per sub: 5, sigma^2: 2, beta: -0.22, simulation: 57"
[1] "n sub: 30, n images per sub: 5, sigma^2: 1, beta: -0.22, simulation: 57"
[1] "n sub: 30, n images per sub: 5, sigma^2: 0.5, beta: -0.22, simulation: 57"
[1] "n sub: 30, n images per sub: 5, sigma^2: 2, beta: -0.22, simulation: 58"
[1] "n sub: 30, n images per sub: 5, sigma^2: 1, beta: -0.22, simulation: 58"
[1] "n sub: 30, n images per sub: 5, sigma^2: 0.5, beta: -0.22, simulation: 58"
[1] "n sub: 30, n images per sub: 5, sigma^2: 2, beta: -0.22, simulation: 59"
[1] "n sub: 30, n images per sub: 5, sigma^2: 1, beta: -0.22, simulation: 59"
[1] "n sub: 30, n images per sub: 5, sigma^2: 0.5, beta: -0.22, simulation: 59"
[1] "n sub: 30, n images per sub: 5, sigma^2: 2, beta: -0.22, simulation: 60"
[1] "n sub: 30, n images per sub: 5, sigma^2: 1, beta: -0.22, simulation: 60"
[1] "n sub: 30, n images per sub: 5, sigma^2: 0.5, beta: -0.22, simulation: 60"
