 [1] 10909 10910 10911 10912 10913 10914 10915 10916 10917 10918 10919 10920
[13] 10921 10922 10923 10924 10925 10926 10927 10928 10929 10930 10931 10932
[25] 10933 10934 10935 10936 10937 10938 10939 10940 10941 10942 10943 10944
[37] 10945 10946 10947 10948 10949 10950 10951 10952 10953 10954 10955 10956
[49] 10957 10958 10959 10960 10961 10962
[1] "n sub: 30, n images per sub: 5, sigma^2: 2, beta: -1.1, simulation: 37"
[1] "n sub: 30, n images per sub: 5, sigma^2: 1, beta: -1.1, simulation: 37"
[1] "n sub: 30, n images per sub: 5, sigma^2: 0.5, beta: -1.1, simulation: 37"
[1] "n sub: 30, n images per sub: 5, sigma^2: 2, beta: -1.1, simulation: 38"
[1] "n sub: 30, n images per sub: 5, sigma^2: 1, beta: -1.1, simulation: 38"
[1] "n sub: 30, n images per sub: 5, sigma^2: 0.5, beta: -1.1, simulation: 38"
[1] "n sub: 30, n images per sub: 5, sigma^2: 2, beta: -1.1, simulation: 39"
[1] "n sub: 30, n images per sub: 5, sigma^2: 1, beta: -1.1, simulation: 39"
[1] "n sub: 30, n images per sub: 5, sigma^2: 0.5, beta: -1.1, simulation: 39"
[1] "n sub: 30, n images per sub: 5, sigma^2: 2, beta: -1.1, simulation: 40"
[1] "n sub: 30, n images per sub: 5, sigma^2: 1, beta: -1.1, simulation: 40"
[1] "n sub: 30, n images per sub: 5, sigma^2: 0.5, beta: -1.1, simulation: 40"
[1] "n sub: 30, n images per sub: 5, sigma^2: 2, beta: -1.1, simulation: 41"
[1] "n sub: 30, n images per sub: 5, sigma^2: 1, beta: -1.1, simulation: 41"
[1] "n sub: 30, n images per sub: 5, sigma^2: 0.5, beta: -1.1, simulation: 41"
[1] "n sub: 30, n images per sub: 5, sigma^2: 0.5, beta: -1.1, simulation: 42"
[1] "n sub: 30, n images per sub: 5, sigma^2: 1, beta: -1.1, simulation: 42"
[1] "n sub: 30, n images per sub: 5, sigma^2: 2, beta: -1.1, simulation: 42"
[1] "n sub: 30, n images per sub: 5, sigma^2: 0.5, beta: -1.1, simulation: 43"
[1] "n sub: 30, n images per sub: 5, sigma^2: 1, beta: -1.1, simulation: 43"
[1] "n sub: 30, n images per sub: 5, sigma^2: 2, beta: -1.1, simulation: 43"
[1] "n sub: 30, n images per sub: 5, sigma^2: 0.5, beta: -1.1, simulation: 44"
[1] "n sub: 30, n images per sub: 5, sigma^2: 1, beta: -1.1, simulation: 44"
[1] "n sub: 30, n images per sub: 5, sigma^2: 2, beta: -1.1, simulation: 44"
[1] "n sub: 30, n images per sub: 5, sigma^2: 0.5, beta: -1.1, simulation: 45"
[1] "n sub: 30, n images per sub: 5, sigma^2: 1, beta: -1.1, simulation: 45"
[1] "n sub: 30, n images per sub: 5, sigma^2: 2, beta: -1.1, simulation: 45"
[1] "n sub: 30, n images per sub: 5, sigma^2: 0.5, beta: -1.1, simulation: 46"
[1] "n sub: 30, n images per sub: 5, sigma^2: 1, beta: -1.1, simulation: 46"
[1] "n sub: 30, n images per sub: 5, sigma^2: 2, beta: -1.1, simulation: 46"
[1] "n sub: 30, n images per sub: 5, sigma^2: 0.5, beta: -1.1, simulation: 47"
[1] "n sub: 30, n images per sub: 5, sigma^2: 1, beta: -1.1, simulation: 47"
[1] "n sub: 30, n images per sub: 5, sigma^2: 2, beta: -1.1, simulation: 47"
[1] "n sub: 30, n images per sub: 5, sigma^2: 0.5, beta: -1.1, simulation: 48"
[1] "n sub: 30, n images per sub: 5, sigma^2: 1, beta: -1.1, simulation: 48"
[1] "n sub: 30, n images per sub: 5, sigma^2: 2, beta: -1.1, simulation: 48"
[1] "n sub: 30, n images per sub: 5, sigma^2: 2, beta: -1.1, simulation: 49"
[1] "n sub: 30, n images per sub: 5, sigma^2: 0.5, beta: -1.1, simulation: 49"
[1] "n sub: 30, n images per sub: 5, sigma^2: 1, beta: -1.1, simulation: 49"
[1] "n sub: 30, n images per sub: 5, sigma^2: 2, beta: -1.1, simulation: 50"
[1] "n sub: 30, n images per sub: 5, sigma^2: 1, beta: -1.1, simulation: 50"
[1] "n sub: 30, n images per sub: 5, sigma^2: 0.5, beta: -1.1, simulation: 50"
[1] "n sub: 30, n images per sub: 5, sigma^2: 2, beta: -1.1, simulation: 51"
[1] "n sub: 30, n images per sub: 5, sigma^2: 0.5, beta: -1.1, simulation: 51"
[1] "n sub: 30, n images per sub: 5, sigma^2: 1, beta: -1.1, simulation: 51"
[1] "n sub: 30, n images per sub: 5, sigma^2: 2, beta: -1.1, simulation: 52"
[1] "n sub: 30, n images per sub: 5, sigma^2: 1, beta: -1.1, simulation: 52"
[1] "n sub: 30, n images per sub: 5, sigma^2: 0.5, beta: -1.1, simulation: 52"
[1] "n sub: 30, n images per sub: 5, sigma^2: 2, beta: -1.1, simulation: 53"
[1] "n sub: 30, n images per sub: 5, sigma^2: 1, beta: -1.1, simulation: 53"
[1] "n sub: 30, n images per sub: 5, sigma^2: 0.5, beta: -1.1, simulation: 53"
[1] "n sub: 30, n images per sub: 5, sigma^2: 2, beta: -1.1, simulation: 54"
[1] "n sub: 30, n images per sub: 5, sigma^2: 1, beta: -1.1, simulation: 54"
[1] "n sub: 30, n images per sub: 5, sigma^2: 0.5, beta: -1.1, simulation: 54"
