 [1] 14905 14906 14907 14908 14909 14910 14911 14912 14913 14914 14915 14916
[13] 14917 14918 14919 14920 14921 14922 14923 14924 14925 14926 14927 14928
[25] 14929 14930 14931
[1] "n sub: 50, n images per sub: 5, sigma^2: 0.5, beta: 0, simulation: 69"
[1] "n sub: 50, n images per sub: 5, sigma^2: 2, beta: 0, simulation: 69"
[1] "n sub: 50, n images per sub: 5, sigma^2: 1, beta: 0, simulation: 69"
[1] "n sub: 50, n images per sub: 5, sigma^2: 0.5, beta: 0, simulation: 70"
[1] "n sub: 50, n images per sub: 5, sigma^2: 2, beta: 0, simulation: 70"
[1] "n sub: 50, n images per sub: 5, sigma^2: 1, beta: 0, simulation: 70"
[1] "n sub: 50, n images per sub: 5, sigma^2: 0.5, beta: 0, simulation: 71"
[1] "n sub: 50, n images per sub: 5, sigma^2: 1, beta: 0, simulation: 71"
[1] "n sub: 50, n images per sub: 5, sigma^2: 2, beta: 0, simulation: 71"
[1] "n sub: 50, n images per sub: 5, sigma^2: 0.5, beta: 0, simulation: 72"
[1] "n sub: 50, n images per sub: 5, sigma^2: 2, beta: 0, simulation: 72"
[1] "n sub: 50, n images per sub: 5, sigma^2: 1, beta: 0, simulation: 72"
[1] "n sub: 50, n images per sub: 5, sigma^2: 0.5, beta: 0, simulation: 73"
[1] "n sub: 50, n images per sub: 5, sigma^2: 1, beta: 0, simulation: 73"
[1] "n sub: 50, n images per sub: 5, sigma^2: 2, beta: 0, simulation: 73"
[1] "n sub: 50, n images per sub: 5, sigma^2: 0.5, beta: 0, simulation: 74"
[1] "n sub: 50, n images per sub: 5, sigma^2: 1, beta: 0, simulation: 74"
[1] "n sub: 50, n images per sub: 5, sigma^2: 2, beta: 0, simulation: 74"
[1] "n sub: 50, n images per sub: 5, sigma^2: 0.5, beta: 0, simulation: 75"
[1] "n sub: 50, n images per sub: 5, sigma^2: 2, beta: 0, simulation: 75"
[1] "n sub: 50, n images per sub: 5, sigma^2: 1, beta: 0, simulation: 75"
[1] "n sub: 50, n images per sub: 5, sigma^2: 0.5, beta: 0, simulation: 76"
[1] "n sub: 50, n images per sub: 5, sigma^2: 2, beta: 0, simulation: 76"
[1] "n sub: 50, n images per sub: 5, sigma^2: 1, beta: 0, simulation: 76"
[1] "n sub: 50, n images per sub: 5, sigma^2: 0.5, beta: 0, simulation: 77"
[1] "n sub: 50, n images per sub: 5, sigma^2: 2, beta: 0, simulation: 77"
[1] "n sub: 50, n images per sub: 5, sigma^2: 1, beta: 0, simulation: 77"
