  [1] 4186 4187 4188 4189 4190 4191 4192 4193 4194 4195 4196 4197 4198 4199 4200
 [16] 4201 4202 4203 4204 4205 4206 4207 4208 4209 4210 4211 4212 4213 4214 4215
 [31] 4216 4217 4218 4219 4220 4221 4222 4223 4224 4225 4226 4227 4228 4229 4230
 [46] 4231 4232 4233 4234 4235 4236 4237 4238 4239 4240 4241 4242 4243 4244 4245
 [61] 4246 4247 4248 4249 4250 4251 4252 4253 4254 4255 4256 4257 4258 4259 4260
 [76] 4261 4262 4263 4264 4265 4266 4267 4268 4269 4270 4271 4272 4273 4274 4275
 [91] 4276 4277 4278 4279 4280 4281 4282 4283 4284 4285 4286 4287 4288 4289 4290
[106] 4291 4292 4293 4294 4295 4296 4297 4298 4299 4300 4301 4302 4303 4304 4305
[121] 4306 4307 4308 4309 4310 4311 4312 4313 4314 4315 4316 4317 4318 4319 4320
[1] "n sub: 30, n images per sub: 1, sigma^2: 0.5, beta: 0, simulation: 96"
[1] "n sub: 30, n images per sub: 1, sigma^2: 2, beta: 0, simulation: 96"
[1] "n sub: 30, n images per sub: 1, sigma^2: 1, beta: 0, simulation: 96"
[1] "n sub: 30, n images per sub: 1, sigma^2: 0.5, beta: 0, simulation: 97"
[1] "n sub: 30, n images per sub: 1, sigma^2: 2, beta: 0, simulation: 97"
[1] "n sub: 30, n images per sub: 1, sigma^2: 1, beta: 0, simulation: 97"
[1] "n sub: 30, n images per sub: 1, sigma^2: 0.5, beta: 0, simulation: 98"
[1] "n sub: 30, n images per sub: 1, sigma^2: 2, beta: 0, simulation: 98"
[1] "n sub: 30, n images per sub: 1, sigma^2: 1, beta: 0, simulation: 98"
[1] "n sub: 30, n images per sub: 1, sigma^2: 0.5, beta: 0, simulation: 99"
[1] "n sub: 30, n images per sub: 1, sigma^2: 2, beta: 0, simulation: 99"
[1] "n sub: 30, n images per sub: 1, sigma^2: 1, beta: 0, simulation: 99"
[1] "n sub: 30, n images per sub: 1, sigma^2: 0.5, beta: 0, simulation: 100"
[1] "n sub: 30, n images per sub: 1, sigma^2: 2, beta: 0, simulation: 100"
[1] "n sub: 30, n images per sub: 1, sigma^2: 1, beta: 0, simulation: 100"
[1] "n sub: 30, n images per sub: 1, sigma^2: 2, beta: 0.22, simulation: 1"
[1] "n sub: 30, n images per sub: 1, sigma^2: 0.5, beta: 0.22, simulation: 1"
[1] "n sub: 30, n images per sub: 1, sigma^2: 1, beta: 0.22, simulation: 1"
[1] "n sub: 30, n images per sub: 1, sigma^2: 2, beta: 0.22, simulation: 2"
[1] "n sub: 30, n images per sub: 1, sigma^2: 1, beta: 0.22, simulation: 2"
[1] "n sub: 30, n images per sub: 1, sigma^2: 0.5, beta: 0.22, simulation: 2"
[1] "n sub: 30, n images per sub: 1, sigma^2: 2, beta: 0.22, simulation: 3"
[1] "n sub: 30, n images per sub: 1, sigma^2: 1, beta: 0.22, simulation: 3"
[1] "n sub: 30, n images per sub: 1, sigma^2: 0.5, beta: 0.22, simulation: 3"
[1] "n sub: 30, n images per sub: 1, sigma^2: 2, beta: 0.22, simulation: 4"
[1] "n sub: 30, n images per sub: 1, sigma^2: 1, beta: 0.22, simulation: 4"
[1] "n sub: 30, n images per sub: 1, sigma^2: 0.5, beta: 0.22, simulation: 4"
[1] "n sub: 30, n images per sub: 1, sigma^2: 2, beta: 0.22, simulation: 5"
[1] "n sub: 30, n images per sub: 1, sigma^2: 1, beta: 0.22, simulation: 5"
[1] "n sub: 30, n images per sub: 1, sigma^2: 0.5, beta: 0.22, simulation: 5"
[1] "n sub: 30, n images per sub: 1, sigma^2: 2, beta: 0.22, simulation: 6"
[1] "n sub: 30, n images per sub: 1, sigma^2: 1, beta: 0.22, simulation: 6"
[1] "n sub: 30, n images per sub: 1, sigma^2: 0.5, beta: 0.22, simulation: 6"
[1] "n sub: 30, n images per sub: 1, sigma^2: 2, beta: 0.22, simulation: 7"
[1] "n sub: 30, n images per sub: 1, sigma^2: 1, beta: 0.22, simulation: 7"
[1] "n sub: 30, n images per sub: 1, sigma^2: 0.5, beta: 0.22, simulation: 7"
[1] "n sub: 30, n images per sub: 1, sigma^2: 2, beta: 0.22, simulation: 8"
[1] "n sub: 30, n images per sub: 1, sigma^2: 1, beta: 0.22, simulation: 8"
[1] "n sub: 30, n images per sub: 1, sigma^2: 0.5, beta: 0.22, simulation: 8"
[1] "n sub: 30, n images per sub: 1, sigma^2: 2, beta: 0.22, simulation: 9"
[1] "n sub: 30, n images per sub: 1, sigma^2: 1, beta: 0.22, simulation: 9"
[1] "n sub: 30, n images per sub: 1, sigma^2: 0.5, beta: 0.22, simulation: 9"
[1] "n sub: 30, n images per sub: 1, sigma^2: 2, beta: 0.22, simulation: 10"
[1] "n sub: 30, n images per sub: 1, sigma^2: 1, beta: 0.22, simulation: 10"
[1] "n sub: 30, n images per sub: 1, sigma^2: 0.5, beta: 0.22, simulation: 10"
[1] "n sub: 30, n images per sub: 1, sigma^2: 2, beta: 0.22, simulation: 11"
[1] "n sub: 30, n images per sub: 1, sigma^2: 1, beta: 0.22, simulation: 11"
[1] "n sub: 30, n images per sub: 1, sigma^2: 0.5, beta: 0.22, simulation: 11"
[1] "n sub: 30, n images per sub: 1, sigma^2: 2, beta: 0.22, simulation: 12"
[1] "n sub: 30, n images per sub: 1, sigma^2: 1, beta: 0.22, simulation: 12"
[1] "n sub: 30, n images per sub: 1, sigma^2: 0.5, beta: 0.22, simulation: 12"
[1] "n sub: 30, n images per sub: 1, sigma^2: 2, beta: 0.22, simulation: 13"
[1] "n sub: 30, n images per sub: 1, sigma^2: 0.5, beta: 0.22, simulation: 13"
[1] "n sub: 30, n images per sub: 1, sigma^2: 1, beta: 0.22, simulation: 13"
[1] "n sub: 30, n images per sub: 1, sigma^2: 2, beta: 0.22, simulation: 14"
[1] "n sub: 30, n images per sub: 1, sigma^2: 0.5, beta: 0.22, simulation: 14"
[1] "n sub: 30, n images per sub: 1, sigma^2: 1, beta: 0.22, simulation: 14"
[1] "n sub: 30, n images per sub: 1, sigma^2: 2, beta: 0.22, simulation: 15"
[1] "n sub: 30, n images per sub: 1, sigma^2: 0.5, beta: 0.22, simulation: 15"
[1] "n sub: 30, n images per sub: 1, sigma^2: 1, beta: 0.22, simulation: 15"
[1] "n sub: 30, n images per sub: 1, sigma^2: 2, beta: 0.22, simulation: 16"
[1] "n sub: 30, n images per sub: 1, sigma^2: 1, beta: 0.22, simulation: 16"
[1] "n sub: 30, n images per sub: 1, sigma^2: 0.5, beta: 0.22, simulation: 16"
[1] "n sub: 30, n images per sub: 1, sigma^2: 2, beta: 0.22, simulation: 17"
[1] "n sub: 30, n images per sub: 1, sigma^2: 1, beta: 0.22, simulation: 17"
[1] "n sub: 30, n images per sub: 1, sigma^2: 0.5, beta: 0.22, simulation: 17"
[1] "n sub: 30, n images per sub: 1, sigma^2: 2, beta: 0.22, simulation: 18"
[1] "n sub: 30, n images per sub: 1, sigma^2: 1, beta: 0.22, simulation: 18"
[1] "n sub: 30, n images per sub: 1, sigma^2: 0.5, beta: 0.22, simulation: 18"
[1] "n sub: 30, n images per sub: 1, sigma^2: 2, beta: 0.22, simulation: 19"
[1] "n sub: 30, n images per sub: 1, sigma^2: 1, beta: 0.22, simulation: 19"
[1] "n sub: 30, n images per sub: 1, sigma^2: 0.5, beta: 0.22, simulation: 19"
[1] "n sub: 30, n images per sub: 1, sigma^2: 2, beta: 0.22, simulation: 20"
[1] "n sub: 30, n images per sub: 1, sigma^2: 1, beta: 0.22, simulation: 20"
[1] "n sub: 30, n images per sub: 1, sigma^2: 0.5, beta: 0.22, simulation: 20"
[1] "n sub: 30, n images per sub: 1, sigma^2: 2, beta: 0.22, simulation: 21"
[1] "n sub: 30, n images per sub: 1, sigma^2: 1, beta: 0.22, simulation: 21"
[1] "n sub: 30, n images per sub: 1, sigma^2: 0.5, beta: 0.22, simulation: 21"
[1] "n sub: 30, n images per sub: 1, sigma^2: 2, beta: 0.22, simulation: 22"
[1] "n sub: 30, n images per sub: 1, sigma^2: 1, beta: 0.22, simulation: 22"
[1] "n sub: 30, n images per sub: 1, sigma^2: 0.5, beta: 0.22, simulation: 22"
[1] "n sub: 30, n images per sub: 1, sigma^2: 2, beta: 0.22, simulation: 23"
[1] "n sub: 30, n images per sub: 1, sigma^2: 1, beta: 0.22, simulation: 23"
[1] "n sub: 30, n images per sub: 1, sigma^2: 0.5, beta: 0.22, simulation: 23"
[1] "n sub: 30, n images per sub: 1, sigma^2: 2, beta: 0.22, simulation: 24"
[1] "n sub: 30, n images per sub: 1, sigma^2: 1, beta: 0.22, simulation: 24"
[1] "n sub: 30, n images per sub: 1, sigma^2: 0.5, beta: 0.22, simulation: 24"
[1] "n sub: 30, n images per sub: 1, sigma^2: 2, beta: 0.22, simulation: 25"
[1] "n sub: 30, n images per sub: 1, sigma^2: 1, beta: 0.22, simulation: 25"
[1] "n sub: 30, n images per sub: 1, sigma^2: 0.5, beta: 0.22, simulation: 25"
[1] "n sub: 30, n images per sub: 1, sigma^2: 2, beta: 0.22, simulation: 26"
[1] "n sub: 30, n images per sub: 1, sigma^2: 1, beta: 0.22, simulation: 26"
[1] "n sub: 30, n images per sub: 1, sigma^2: 0.5, beta: 0.22, simulation: 26"
[1] "n sub: 30, n images per sub: 1, sigma^2: 2, beta: 0.22, simulation: 27"
[1] "n sub: 30, n images per sub: 1, sigma^2: 1, beta: 0.22, simulation: 27"
[1] "n sub: 30, n images per sub: 1, sigma^2: 0.5, beta: 0.22, simulation: 27"
[1] "n sub: 30, n images per sub: 1, sigma^2: 2, beta: 0.22, simulation: 28"
[1] "n sub: 30, n images per sub: 1, sigma^2: 1, beta: 0.22, simulation: 28"
[1] "n sub: 30, n images per sub: 1, sigma^2: 0.5, beta: 0.22, simulation: 28"
[1] "n sub: 30, n images per sub: 1, sigma^2: 2, beta: 0.22, simulation: 29"
[1] "n sub: 30, n images per sub: 1, sigma^2: 1, beta: 0.22, simulation: 29"
[1] "n sub: 30, n images per sub: 1, sigma^2: 0.5, beta: 0.22, simulation: 29"
[1] "n sub: 30, n images per sub: 1, sigma^2: 2, beta: 0.22, simulation: 30"
[1] "n sub: 30, n images per sub: 1, sigma^2: 1, beta: 0.22, simulation: 30"
[1] "n sub: 30, n images per sub: 1, sigma^2: 0.5, beta: 0.22, simulation: 30"
[1] "n sub: 30, n images per sub: 1, sigma^2: 2, beta: 0.22, simulation: 31"
[1] "n sub: 30, n images per sub: 1, sigma^2: 1, beta: 0.22, simulation: 31"
[1] "n sub: 30, n images per sub: 1, sigma^2: 0.5, beta: 0.22, simulation: 31"
[1] "n sub: 30, n images per sub: 1, sigma^2: 2, beta: 0.22, simulation: 32"
[1] "n sub: 30, n images per sub: 1, sigma^2: 1, beta: 0.22, simulation: 32"
[1] "n sub: 30, n images per sub: 1, sigma^2: 0.5, beta: 0.22, simulation: 32"
[1] "n sub: 30, n images per sub: 1, sigma^2: 2, beta: 0.22, simulation: 33"
[1] "n sub: 30, n images per sub: 1, sigma^2: 1, beta: 0.22, simulation: 33"
[1] "n sub: 30, n images per sub: 1, sigma^2: 0.5, beta: 0.22, simulation: 33"
[1] "n sub: 30, n images per sub: 1, sigma^2: 2, beta: 0.22, simulation: 34"
[1] "n sub: 30, n images per sub: 1, sigma^2: 1, beta: 0.22, simulation: 34"
[1] "n sub: 30, n images per sub: 1, sigma^2: 0.5, beta: 0.22, simulation: 34"
[1] "n sub: 30, n images per sub: 1, sigma^2: 2, beta: 0.22, simulation: 35"
[1] "n sub: 30, n images per sub: 1, sigma^2: 1, beta: 0.22, simulation: 35"
[1] "n sub: 30, n images per sub: 1, sigma^2: 0.5, beta: 0.22, simulation: 35"
[1] "n sub: 30, n images per sub: 1, sigma^2: 2, beta: 0.22, simulation: 36"
[1] "n sub: 30, n images per sub: 1, sigma^2: 1, beta: 0.22, simulation: 36"
[1] "n sub: 30, n images per sub: 1, sigma^2: 0.5, beta: 0.22, simulation: 36"
[1] "n sub: 30, n images per sub: 1, sigma^2: 2, beta: 0.22, simulation: 37"
[1] "n sub: 30, n images per sub: 1, sigma^2: 1, beta: 0.22, simulation: 37"
[1] "n sub: 30, n images per sub: 1, sigma^2: 0.5, beta: 0.22, simulation: 37"
[1] "n sub: 30, n images per sub: 1, sigma^2: 2, beta: 0.22, simulation: 38"
[1] "n sub: 30, n images per sub: 1, sigma^2: 1, beta: 0.22, simulation: 38"
[1] "n sub: 30, n images per sub: 1, sigma^2: 0.5, beta: 0.22, simulation: 38"
[1] "n sub: 30, n images per sub: 1, sigma^2: 2, beta: 0.22, simulation: 39"
[1] "n sub: 30, n images per sub: 1, sigma^2: 1, beta: 0.22, simulation: 39"
[1] "n sub: 30, n images per sub: 1, sigma^2: 0.5, beta: 0.22, simulation: 39"
[1] "n sub: 30, n images per sub: 1, sigma^2: 2, beta: 0.22, simulation: 40"
[1] "n sub: 30, n images per sub: 1, sigma^2: 1, beta: 0.22, simulation: 40"
[1] "n sub: 30, n images per sub: 1, sigma^2: 0.5, beta: 0.22, simulation: 40"
