  [1] 4456 4457 4458 4459 4460 4461 4462 4463 4464 4465 4466 4467 4468 4469 4470
 [16] 4471 4472 4473 4474 4475 4476 4477 4478 4479 4480 4481 4482 4483 4484 4485
 [31] 4486 4487 4488 4489 4490 4491 4492 4493 4494 4495 4496 4497 4498 4499 4500
 [46] 4501 4502 4503 4504 4505 4506 4507 4508 4509 4510 4511 4512 4513 4514 4515
 [61] 4516 4517 4518 4519 4520 4521 4522 4523 4524 4525 4526 4527 4528 4529 4530
 [76] 4531 4532 4533 4534 4535 4536 4537 4538 4539 4540 4541 4542 4543 4544 4545
 [91] 4546 4547 4548 4549 4550 4551 4552 4553 4554 4555 4556 4557 4558 4559 4560
[106] 4561 4562 4563 4564 4565 4566 4567 4568 4569 4570 4571 4572 4573 4574 4575
[121] 4576 4577 4578 4579 4580 4581 4582 4583 4584 4585 4586 4587 4588 4589 4590
[1] "n sub: 30, n images per sub: 1, sigma^2: 2, beta: 0.22, simulation: 86"
[1] "n sub: 30, n images per sub: 1, sigma^2: 1, beta: 0.22, simulation: 86"
[1] "n sub: 30, n images per sub: 1, sigma^2: 0.5, beta: 0.22, simulation: 86"
[1] "n sub: 30, n images per sub: 1, sigma^2: 2, beta: 0.22, simulation: 87"
[1] "n sub: 30, n images per sub: 1, sigma^2: 1, beta: 0.22, simulation: 87"
[1] "n sub: 30, n images per sub: 1, sigma^2: 0.5, beta: 0.22, simulation: 87"
[1] "n sub: 30, n images per sub: 1, sigma^2: 2, beta: 0.22, simulation: 88"
[1] "n sub: 30, n images per sub: 1, sigma^2: 1, beta: 0.22, simulation: 88"
[1] "n sub: 30, n images per sub: 1, sigma^2: 0.5, beta: 0.22, simulation: 88"
[1] "n sub: 30, n images per sub: 1, sigma^2: 2, beta: 0.22, simulation: 89"
[1] "n sub: 30, n images per sub: 1, sigma^2: 1, beta: 0.22, simulation: 89"
[1] "n sub: 30, n images per sub: 1, sigma^2: 0.5, beta: 0.22, simulation: 89"
[1] "n sub: 30, n images per sub: 1, sigma^2: 2, beta: 0.22, simulation: 90"
[1] "n sub: 30, n images per sub: 1, sigma^2: 1, beta: 0.22, simulation: 90"
[1] "n sub: 30, n images per sub: 1, sigma^2: 0.5, beta: 0.22, simulation: 90"
[1] "n sub: 30, n images per sub: 1, sigma^2: 2, beta: 0.22, simulation: 91"
[1] "n sub: 30, n images per sub: 1, sigma^2: 1, beta: 0.22, simulation: 91"
[1] "n sub: 30, n images per sub: 1, sigma^2: 0.5, beta: 0.22, simulation: 91"
[1] "n sub: 30, n images per sub: 1, sigma^2: 2, beta: 0.22, simulation: 92"
[1] "n sub: 30, n images per sub: 1, sigma^2: 1, beta: 0.22, simulation: 92"
[1] "n sub: 30, n images per sub: 1, sigma^2: 0.5, beta: 0.22, simulation: 92"
[1] "n sub: 30, n images per sub: 1, sigma^2: 2, beta: 0.22, simulation: 93"
[1] "n sub: 30, n images per sub: 1, sigma^2: 1, beta: 0.22, simulation: 93"
[1] "n sub: 30, n images per sub: 1, sigma^2: 0.5, beta: 0.22, simulation: 93"
[1] "n sub: 30, n images per sub: 1, sigma^2: 2, beta: 0.22, simulation: 94"
[1] "n sub: 30, n images per sub: 1, sigma^2: 1, beta: 0.22, simulation: 94"
[1] "n sub: 30, n images per sub: 1, sigma^2: 0.5, beta: 0.22, simulation: 94"
[1] "n sub: 30, n images per sub: 1, sigma^2: 2, beta: 0.22, simulation: 95"
[1] "n sub: 30, n images per sub: 1, sigma^2: 1, beta: 0.22, simulation: 95"
[1] "n sub: 30, n images per sub: 1, sigma^2: 0.5, beta: 0.22, simulation: 95"
[1] "n sub: 30, n images per sub: 1, sigma^2: 2, beta: 0.22, simulation: 96"
[1] "n sub: 30, n images per sub: 1, sigma^2: 1, beta: 0.22, simulation: 96"
[1] "n sub: 30, n images per sub: 1, sigma^2: 0.5, beta: 0.22, simulation: 96"
[1] "n sub: 30, n images per sub: 1, sigma^2: 2, beta: 0.22, simulation: 97"
[1] "n sub: 30, n images per sub: 1, sigma^2: 1, beta: 0.22, simulation: 97"
[1] "n sub: 30, n images per sub: 1, sigma^2: 0.5, beta: 0.22, simulation: 97"
[1] "n sub: 30, n images per sub: 1, sigma^2: 2, beta: 0.22, simulation: 98"
[1] "n sub: 30, n images per sub: 1, sigma^2: 1, beta: 0.22, simulation: 98"
[1] "n sub: 30, n images per sub: 1, sigma^2: 0.5, beta: 0.22, simulation: 98"
[1] "n sub: 30, n images per sub: 1, sigma^2: 2, beta: 0.22, simulation: 99"
[1] "n sub: 30, n images per sub: 1, sigma^2: 1, beta: 0.22, simulation: 99"
[1] "n sub: 30, n images per sub: 1, sigma^2: 0.5, beta: 0.22, simulation: 99"
[1] "n sub: 30, n images per sub: 1, sigma^2: 2, beta: 0.22, simulation: 100"
[1] "n sub: 30, n images per sub: 1, sigma^2: 1, beta: 0.22, simulation: 100"
[1] "n sub: 30, n images per sub: 1, sigma^2: 0.5, beta: 0.22, simulation: 100"
[1] "n sub: 30, n images per sub: 1, sigma^2: 2, beta: 0.41, simulation: 1"
[1] "n sub: 30, n images per sub: 1, sigma^2: 0.5, beta: 0.41, simulation: 1"
[1] "n sub: 30, n images per sub: 1, sigma^2: 1, beta: 0.41, simulation: 1"
[1] "n sub: 30, n images per sub: 1, sigma^2: 0.5, beta: 0.41, simulation: 2"
[1] "n sub: 30, n images per sub: 1, sigma^2: 2, beta: 0.41, simulation: 2"
[1] "n sub: 30, n images per sub: 1, sigma^2: 1, beta: 0.41, simulation: 2"
[1] "n sub: 30, n images per sub: 1, sigma^2: 2, beta: 0.41, simulation: 3"
[1] "n sub: 30, n images per sub: 1, sigma^2: 0.5, beta: 0.41, simulation: 3"
[1] "n sub: 30, n images per sub: 1, sigma^2: 1, beta: 0.41, simulation: 3"
[1] "n sub: 30, n images per sub: 1, sigma^2: 2, beta: 0.41, simulation: 4"
[1] "n sub: 30, n images per sub: 1, sigma^2: 0.5, beta: 0.41, simulation: 4"
[1] "n sub: 30, n images per sub: 1, sigma^2: 1, beta: 0.41, simulation: 4"
[1] "n sub: 30, n images per sub: 1, sigma^2: 2, beta: 0.41, simulation: 5"
[1] "n sub: 30, n images per sub: 1, sigma^2: 0.5, beta: 0.41, simulation: 5"
[1] "n sub: 30, n images per sub: 1, sigma^2: 1, beta: 0.41, simulation: 5"
[1] "n sub: 30, n images per sub: 1, sigma^2: 2, beta: 0.41, simulation: 6"
[1] "n sub: 30, n images per sub: 1, sigma^2: 0.5, beta: 0.41, simulation: 6"
[1] "n sub: 30, n images per sub: 1, sigma^2: 1, beta: 0.41, simulation: 6"
[1] "n sub: 30, n images per sub: 1, sigma^2: 2, beta: 0.41, simulation: 7"
[1] "n sub: 30, n images per sub: 1, sigma^2: 0.5, beta: 0.41, simulation: 7"
[1] "n sub: 30, n images per sub: 1, sigma^2: 1, beta: 0.41, simulation: 7"
[1] "n sub: 30, n images per sub: 1, sigma^2: 2, beta: 0.41, simulation: 8"
[1] "n sub: 30, n images per sub: 1, sigma^2: 0.5, beta: 0.41, simulation: 8"
[1] "n sub: 30, n images per sub: 1, sigma^2: 1, beta: 0.41, simulation: 8"
[1] "n sub: 30, n images per sub: 1, sigma^2: 2, beta: 0.41, simulation: 9"
[1] "n sub: 30, n images per sub: 1, sigma^2: 0.5, beta: 0.41, simulation: 9"
[1] "n sub: 30, n images per sub: 1, sigma^2: 1, beta: 0.41, simulation: 9"
[1] "n sub: 30, n images per sub: 1, sigma^2: 2, beta: 0.41, simulation: 10"
[1] "n sub: 30, n images per sub: 1, sigma^2: 0.5, beta: 0.41, simulation: 10"
[1] "n sub: 30, n images per sub: 1, sigma^2: 1, beta: 0.41, simulation: 10"
[1] "n sub: 30, n images per sub: 1, sigma^2: 2, beta: 0.41, simulation: 11"
[1] "n sub: 30, n images per sub: 1, sigma^2: 0.5, beta: 0.41, simulation: 11"
[1] "n sub: 30, n images per sub: 1, sigma^2: 1, beta: 0.41, simulation: 11"
[1] "n sub: 30, n images per sub: 1, sigma^2: 2, beta: 0.41, simulation: 12"
[1] "n sub: 30, n images per sub: 1, sigma^2: 0.5, beta: 0.41, simulation: 12"
[1] "n sub: 30, n images per sub: 1, sigma^2: 1, beta: 0.41, simulation: 12"
[1] "n sub: 30, n images per sub: 1, sigma^2: 0.5, beta: 0.41, simulation: 13"
[1] "n sub: 30, n images per sub: 1, sigma^2: 2, beta: 0.41, simulation: 13"
[1] "n sub: 30, n images per sub: 1, sigma^2: 1, beta: 0.41, simulation: 13"
[1] "n sub: 30, n images per sub: 1, sigma^2: 0.5, beta: 0.41, simulation: 14"
[1] "n sub: 30, n images per sub: 1, sigma^2: 2, beta: 0.41, simulation: 14"
[1] "n sub: 30, n images per sub: 1, sigma^2: 1, beta: 0.41, simulation: 14"
[1] "n sub: 30, n images per sub: 1, sigma^2: 0.5, beta: 0.41, simulation: 15"
[1] "n sub: 30, n images per sub: 1, sigma^2: 2, beta: 0.41, simulation: 15"
[1] "n sub: 30, n images per sub: 1, sigma^2: 1, beta: 0.41, simulation: 15"
[1] "n sub: 30, n images per sub: 1, sigma^2: 2, beta: 0.41, simulation: 16"
[1] "n sub: 30, n images per sub: 1, sigma^2: 0.5, beta: 0.41, simulation: 16"
[1] "n sub: 30, n images per sub: 1, sigma^2: 1, beta: 0.41, simulation: 16"
[1] "n sub: 30, n images per sub: 1, sigma^2: 2, beta: 0.41, simulation: 17"
[1] "n sub: 30, n images per sub: 1, sigma^2: 0.5, beta: 0.41, simulation: 17"
[1] "n sub: 30, n images per sub: 1, sigma^2: 1, beta: 0.41, simulation: 17"
[1] "n sub: 30, n images per sub: 1, sigma^2: 2, beta: 0.41, simulation: 18"
[1] "n sub: 30, n images per sub: 1, sigma^2: 0.5, beta: 0.41, simulation: 18"
[1] "n sub: 30, n images per sub: 1, sigma^2: 1, beta: 0.41, simulation: 18"
[1] "n sub: 30, n images per sub: 1, sigma^2: 2, beta: 0.41, simulation: 19"
[1] "n sub: 30, n images per sub: 1, sigma^2: 1, beta: 0.41, simulation: 19"
[1] "n sub: 30, n images per sub: 1, sigma^2: 0.5, beta: 0.41, simulation: 19"
[1] "n sub: 30, n images per sub: 1, sigma^2: 2, beta: 0.41, simulation: 20"
[1] "n sub: 30, n images per sub: 1, sigma^2: 1, beta: 0.41, simulation: 20"
[1] "n sub: 30, n images per sub: 1, sigma^2: 0.5, beta: 0.41, simulation: 20"
[1] "n sub: 30, n images per sub: 1, sigma^2: 2, beta: 0.41, simulation: 21"
[1] "n sub: 30, n images per sub: 1, sigma^2: 1, beta: 0.41, simulation: 21"
[1] "n sub: 30, n images per sub: 1, sigma^2: 0.5, beta: 0.41, simulation: 21"
[1] "n sub: 30, n images per sub: 1, sigma^2: 2, beta: 0.41, simulation: 22"
[1] "n sub: 30, n images per sub: 1, sigma^2: 1, beta: 0.41, simulation: 22"
[1] "n sub: 30, n images per sub: 1, sigma^2: 0.5, beta: 0.41, simulation: 22"
[1] "n sub: 30, n images per sub: 1, sigma^2: 2, beta: 0.41, simulation: 23"
[1] "n sub: 30, n images per sub: 1, sigma^2: 1, beta: 0.41, simulation: 23"
[1] "n sub: 30, n images per sub: 1, sigma^2: 0.5, beta: 0.41, simulation: 23"
[1] "n sub: 30, n images per sub: 1, sigma^2: 2, beta: 0.41, simulation: 24"
[1] "n sub: 30, n images per sub: 1, sigma^2: 1, beta: 0.41, simulation: 24"
[1] "n sub: 30, n images per sub: 1, sigma^2: 0.5, beta: 0.41, simulation: 24"
[1] "n sub: 30, n images per sub: 1, sigma^2: 1, beta: 0.41, simulation: 25"
[1] "n sub: 30, n images per sub: 1, sigma^2: 2, beta: 0.41, simulation: 25"
[1] "n sub: 30, n images per sub: 1, sigma^2: 0.5, beta: 0.41, simulation: 25"
[1] "n sub: 30, n images per sub: 1, sigma^2: 2, beta: 0.41, simulation: 26"
[1] "n sub: 30, n images per sub: 1, sigma^2: 1, beta: 0.41, simulation: 26"
[1] "n sub: 30, n images per sub: 1, sigma^2: 0.5, beta: 0.41, simulation: 26"
[1] "n sub: 30, n images per sub: 1, sigma^2: 2, beta: 0.41, simulation: 27"
[1] "n sub: 30, n images per sub: 1, sigma^2: 1, beta: 0.41, simulation: 27"
[1] "n sub: 30, n images per sub: 1, sigma^2: 0.5, beta: 0.41, simulation: 27"
[1] "n sub: 30, n images per sub: 1, sigma^2: 1, beta: 0.41, simulation: 28"
[1] "n sub: 30, n images per sub: 1, sigma^2: 2, beta: 0.41, simulation: 28"
[1] "n sub: 30, n images per sub: 1, sigma^2: 0.5, beta: 0.41, simulation: 28"
[1] "n sub: 30, n images per sub: 1, sigma^2: 0.5, beta: 0.41, simulation: 29"
[1] "n sub: 30, n images per sub: 1, sigma^2: 2, beta: 0.41, simulation: 29"
[1] "n sub: 30, n images per sub: 1, sigma^2: 1, beta: 0.41, simulation: 29"
[1] "n sub: 30, n images per sub: 1, sigma^2: 0.5, beta: 0.41, simulation: 30"
[1] "n sub: 30, n images per sub: 1, sigma^2: 1, beta: 0.41, simulation: 30"
[1] "n sub: 30, n images per sub: 1, sigma^2: 2, beta: 0.41, simulation: 30"
