  [1] 8209 8210 8211 8212 8213 8214 8215 8216 8217 8218 8219 8220 8221 8222 8223
 [16] 8224 8225 8226 8227 8228 8229 8230 8231 8232 8233 8234 8235 8236 8237 8238
 [31] 8239 8240 8241 8242 8243 8244 8245 8246 8247 8248 8249 8250 8251 8252 8253
 [46] 8254 8255 8256 8257 8258 8259 8260 8261 8262 8263 8264 8265 8266 8267 8268
 [61] 8269 8270 8271 8272 8273 8274 8275 8276 8277 8278 8279 8280 8281 8282 8283
 [76] 8284 8285 8286 8287 8288 8289 8290 8291 8292 8293 8294 8295 8296 8297 8298
 [91] 8299 8300 8301 8302 8303 8304 8305 8306 8307 8308 8309 8310 8311 8312 8313
[106] 8314 8315 8316
[1] "n sub: 10, n images per sub: 5, sigma^2: 2, beta: -1.1, simulation: 37"
[1] "n sub: 10, n images per sub: 5, sigma^2: 1, beta: -1.1, simulation: 37"
[1] "n sub: 10, n images per sub: 5, sigma^2: 0.5, beta: -1.1, simulation: 37"
[1] "n sub: 10, n images per sub: 5, sigma^2: 2, beta: -1.1, simulation: 38"
[1] "n sub: 10, n images per sub: 5, sigma^2: 1, beta: -1.1, simulation: 38"
[1] "n sub: 10, n images per sub: 5, sigma^2: 0.5, beta: -1.1, simulation: 38"
[1] "n sub: 10, n images per sub: 5, sigma^2: 2, beta: -1.1, simulation: 39"
[1] "n sub: 10, n images per sub: 5, sigma^2: 1, beta: -1.1, simulation: 39"
[1] "n sub: 10, n images per sub: 5, sigma^2: 0.5, beta: -1.1, simulation: 39"
[1] "n sub: 10, n images per sub: 5, sigma^2: 2, beta: -1.1, simulation: 40"
[1] "n sub: 10, n images per sub: 5, sigma^2: 1, beta: -1.1, simulation: 40"
[1] "n sub: 10, n images per sub: 5, sigma^2: 0.5, beta: -1.1, simulation: 40"
[1] "n sub: 10, n images per sub: 5, sigma^2: 2, beta: -1.1, simulation: 41"
[1] "n sub: 10, n images per sub: 5, sigma^2: 1, beta: -1.1, simulation: 41"
[1] "n sub: 10, n images per sub: 5, sigma^2: 0.5, beta: -1.1, simulation: 41"
[1] "n sub: 10, n images per sub: 5, sigma^2: 0.5, beta: -1.1, simulation: 42"
[1] "n sub: 10, n images per sub: 5, sigma^2: 1, beta: -1.1, simulation: 42"
[1] "n sub: 10, n images per sub: 5, sigma^2: 2, beta: -1.1, simulation: 42"
[1] "n sub: 10, n images per sub: 5, sigma^2: 0.5, beta: -1.1, simulation: 43"
[1] "n sub: 10, n images per sub: 5, sigma^2: 1, beta: -1.1, simulation: 43"
[1] "n sub: 10, n images per sub: 5, sigma^2: 2, beta: -1.1, simulation: 43"
[1] "n sub: 10, n images per sub: 5, sigma^2: 0.5, beta: -1.1, simulation: 44"
[1] "n sub: 10, n images per sub: 5, sigma^2: 1, beta: -1.1, simulation: 44"
[1] "n sub: 10, n images per sub: 5, sigma^2: 2, beta: -1.1, simulation: 44"
[1] "n sub: 10, n images per sub: 5, sigma^2: 0.5, beta: -1.1, simulation: 45"
[1] "n sub: 10, n images per sub: 5, sigma^2: 1, beta: -1.1, simulation: 45"
[1] "n sub: 10, n images per sub: 5, sigma^2: 2, beta: -1.1, simulation: 45"
[1] "n sub: 10, n images per sub: 5, sigma^2: 0.5, beta: -1.1, simulation: 46"
[1] "n sub: 10, n images per sub: 5, sigma^2: 1, beta: -1.1, simulation: 46"
[1] "n sub: 10, n images per sub: 5, sigma^2: 2, beta: -1.1, simulation: 46"
[1] "n sub: 10, n images per sub: 5, sigma^2: 0.5, beta: -1.1, simulation: 47"
[1] "n sub: 10, n images per sub: 5, sigma^2: 1, beta: -1.1, simulation: 47"
[1] "n sub: 10, n images per sub: 5, sigma^2: 2, beta: -1.1, simulation: 47"
[1] "n sub: 10, n images per sub: 5, sigma^2: 0.5, beta: -1.1, simulation: 48"
[1] "n sub: 10, n images per sub: 5, sigma^2: 1, beta: -1.1, simulation: 48"
[1] "n sub: 10, n images per sub: 5, sigma^2: 2, beta: -1.1, simulation: 48"
[1] "n sub: 10, n images per sub: 5, sigma^2: 0.5, beta: -1.1, simulation: 49"
[1] "n sub: 10, n images per sub: 5, sigma^2: 1, beta: -1.1, simulation: 49"
[1] "n sub: 10, n images per sub: 5, sigma^2: 2, beta: -1.1, simulation: 49"
[1] "n sub: 10, n images per sub: 5, sigma^2: 2, beta: -1.1, simulation: 50"
[1] "n sub: 10, n images per sub: 5, sigma^2: 1, beta: -1.1, simulation: 50"
[1] "n sub: 10, n images per sub: 5, sigma^2: 0.5, beta: -1.1, simulation: 50"
[1] "n sub: 10, n images per sub: 5, sigma^2: 2, beta: -1.1, simulation: 51"
[1] "n sub: 10, n images per sub: 5, sigma^2: 1, beta: -1.1, simulation: 51"
[1] "n sub: 10, n images per sub: 5, sigma^2: 0.5, beta: -1.1, simulation: 51"
[1] "n sub: 10, n images per sub: 5, sigma^2: 2, beta: -1.1, simulation: 52"
[1] "n sub: 10, n images per sub: 5, sigma^2: 0.5, beta: -1.1, simulation: 52"
[1] "n sub: 10, n images per sub: 5, sigma^2: 1, beta: -1.1, simulation: 52"
[1] "n sub: 10, n images per sub: 5, sigma^2: 2, beta: -1.1, simulation: 53"
[1] "n sub: 10, n images per sub: 5, sigma^2: 1, beta: -1.1, simulation: 53"
[1] "n sub: 10, n images per sub: 5, sigma^2: 0.5, beta: -1.1, simulation: 53"
[1] "n sub: 10, n images per sub: 5, sigma^2: 2, beta: -1.1, simulation: 54"
[1] "n sub: 10, n images per sub: 5, sigma^2: 1, beta: -1.1, simulation: 54"
[1] "n sub: 10, n images per sub: 5, sigma^2: 0.5, beta: -1.1, simulation: 54"
[1] "n sub: 10, n images per sub: 5, sigma^2: 2, beta: -1.1, simulation: 55"
[1] "n sub: 10, n images per sub: 5, sigma^2: 1, beta: -1.1, simulation: 55"
[1] "n sub: 10, n images per sub: 5, sigma^2: 0.5, beta: -1.1, simulation: 55"
[1] "n sub: 10, n images per sub: 5, sigma^2: 2, beta: -1.1, simulation: 56"
[1] "n sub: 10, n images per sub: 5, sigma^2: 1, beta: -1.1, simulation: 56"
[1] "n sub: 10, n images per sub: 5, sigma^2: 0.5, beta: -1.1, simulation: 56"
[1] "n sub: 10, n images per sub: 5, sigma^2: 2, beta: -1.1, simulation: 57"
[1] "n sub: 10, n images per sub: 5, sigma^2: 1, beta: -1.1, simulation: 57"
[1] "n sub: 10, n images per sub: 5, sigma^2: 0.5, beta: -1.1, simulation: 57"
[1] "n sub: 10, n images per sub: 5, sigma^2: 2, beta: -1.1, simulation: 58"
[1] "n sub: 10, n images per sub: 5, sigma^2: 1, beta: -1.1, simulation: 58"
[1] "n sub: 10, n images per sub: 5, sigma^2: 0.5, beta: -1.1, simulation: 58"
[1] "n sub: 10, n images per sub: 5, sigma^2: 2, beta: -1.1, simulation: 59"
[1] "n sub: 10, n images per sub: 5, sigma^2: 1, beta: -1.1, simulation: 59"
[1] "n sub: 10, n images per sub: 5, sigma^2: 0.5, beta: -1.1, simulation: 59"
[1] "n sub: 10, n images per sub: 5, sigma^2: 2, beta: -1.1, simulation: 60"
[1] "n sub: 10, n images per sub: 5, sigma^2: 1, beta: -1.1, simulation: 60"
[1] "n sub: 10, n images per sub: 5, sigma^2: 0.5, beta: -1.1, simulation: 60"
[1] "n sub: 10, n images per sub: 5, sigma^2: 2, beta: -1.1, simulation: 61"
[1] "n sub: 10, n images per sub: 5, sigma^2: 1, beta: -1.1, simulation: 61"
[1] "n sub: 10, n images per sub: 5, sigma^2: 0.5, beta: -1.1, simulation: 61"
[1] "n sub: 10, n images per sub: 5, sigma^2: 0.5, beta: -1.1, simulation: 62"
[1] "n sub: 10, n images per sub: 5, sigma^2: 1, beta: -1.1, simulation: 62"
[1] "n sub: 10, n images per sub: 5, sigma^2: 2, beta: -1.1, simulation: 62"
[1] "n sub: 10, n images per sub: 5, sigma^2: 0.5, beta: -1.1, simulation: 63"
[1] "n sub: 10, n images per sub: 5, sigma^2: 1, beta: -1.1, simulation: 63"
[1] "n sub: 10, n images per sub: 5, sigma^2: 2, beta: -1.1, simulation: 63"
[1] "n sub: 10, n images per sub: 5, sigma^2: 0.5, beta: -1.1, simulation: 64"
[1] "n sub: 10, n images per sub: 5, sigma^2: 1, beta: -1.1, simulation: 64"
[1] "n sub: 10, n images per sub: 5, sigma^2: 2, beta: -1.1, simulation: 64"
[1] "n sub: 10, n images per sub: 5, sigma^2: 0.5, beta: -1.1, simulation: 65"
[1] "n sub: 10, n images per sub: 5, sigma^2: 1, beta: -1.1, simulation: 65"
[1] "n sub: 10, n images per sub: 5, sigma^2: 2, beta: -1.1, simulation: 65"
[1] "n sub: 10, n images per sub: 5, sigma^2: 0.5, beta: -1.1, simulation: 66"
[1] "n sub: 10, n images per sub: 5, sigma^2: 1, beta: -1.1, simulation: 66"
[1] "n sub: 10, n images per sub: 5, sigma^2: 2, beta: -1.1, simulation: 66"
[1] "n sub: 10, n images per sub: 5, sigma^2: 0.5, beta: -1.1, simulation: 67"
[1] "n sub: 10, n images per sub: 5, sigma^2: 1, beta: -1.1, simulation: 67"
[1] "n sub: 10, n images per sub: 5, sigma^2: 2, beta: -1.1, simulation: 67"
[1] "n sub: 10, n images per sub: 5, sigma^2: 0.5, beta: -1.1, simulation: 68"
[1] "n sub: 10, n images per sub: 5, sigma^2: 1, beta: -1.1, simulation: 68"
[1] "n sub: 10, n images per sub: 5, sigma^2: 2, beta: -1.1, simulation: 68"
[1] "n sub: 10, n images per sub: 5, sigma^2: 0.5, beta: -1.1, simulation: 69"
[1] "n sub: 10, n images per sub: 5, sigma^2: 1, beta: -1.1, simulation: 69"
[1] "n sub: 10, n images per sub: 5, sigma^2: 2, beta: -1.1, simulation: 69"
[1] "n sub: 10, n images per sub: 5, sigma^2: 2, beta: -1.1, simulation: 70"
[1] "n sub: 10, n images per sub: 5, sigma^2: 0.5, beta: -1.1, simulation: 70"
[1] "n sub: 10, n images per sub: 5, sigma^2: 1, beta: -1.1, simulation: 70"
[1] "n sub: 10, n images per sub: 5, sigma^2: 2, beta: -1.1, simulation: 71"
[1] "n sub: 10, n images per sub: 5, sigma^2: 1, beta: -1.1, simulation: 71"
[1] "n sub: 10, n images per sub: 5, sigma^2: 0.5, beta: -1.1, simulation: 71"
[1] "n sub: 10, n images per sub: 5, sigma^2: 2, beta: -1.1, simulation: 72"
[1] "n sub: 10, n images per sub: 5, sigma^2: 0.5, beta: -1.1, simulation: 72"
[1] "n sub: 10, n images per sub: 5, sigma^2: 1, beta: -1.1, simulation: 72"
