  [1] 5806 5807 5808 5809 5810 5811 5812 5813 5814 5815 5816 5817 5818 5819 5820
 [16] 5821 5822 5823 5824 5825 5826 5827 5828 5829 5830 5831 5832 5833 5834 5835
 [31] 5836 5837 5838 5839 5840 5841 5842 5843 5844 5845 5846 5847 5848 5849 5850
 [46] 5851 5852 5853 5854 5855 5856 5857 5858 5859 5860 5861 5862 5863 5864 5865
 [61] 5866 5867 5868 5869 5870 5871 5872 5873 5874 5875 5876 5877 5878 5879 5880
 [76] 5881 5882 5883 5884 5885 5886 5887 5888 5889 5890 5891 5892 5893 5894 5895
 [91] 5896 5897 5898 5899 5900 5901 5902 5903 5904 5905 5906 5907 5908 5909 5910
[106] 5911 5912 5913 5914 5915 5916 5917 5918 5919 5920 5921 5922 5923 5924 5925
[121] 5926 5927 5928 5929 5930 5931 5932 5933 5934 5935 5936 5937 5938 5939 5940
[1] "n sub: 50, n images per sub: 1, sigma^2: 2, beta: -0.69, simulation: 36"
[1] "n sub: 50, n images per sub: 1, sigma^2: 1, beta: -0.69, simulation: 36"
[1] "n sub: 50, n images per sub: 1, sigma^2: 0.5, beta: -0.69, simulation: 36"
[1] "n sub: 50, n images per sub: 1, sigma^2: 2, beta: -0.69, simulation: 37"
[1] "n sub: 50, n images per sub: 1, sigma^2: 1, beta: -0.69, simulation: 37"
[1] "n sub: 50, n images per sub: 1, sigma^2: 0.5, beta: -0.69, simulation: 37"
[1] "n sub: 50, n images per sub: 1, sigma^2: 2, beta: -0.69, simulation: 38"
[1] "n sub: 50, n images per sub: 1, sigma^2: 1, beta: -0.69, simulation: 38"
[1] "n sub: 50, n images per sub: 1, sigma^2: 0.5, beta: -0.69, simulation: 38"
[1] "n sub: 50, n images per sub: 1, sigma^2: 2, beta: -0.69, simulation: 39"
[1] "n sub: 50, n images per sub: 1, sigma^2: 0.5, beta: -0.69, simulation: 39"
[1] "n sub: 50, n images per sub: 1, sigma^2: 1, beta: -0.69, simulation: 39"
[1] "n sub: 50, n images per sub: 1, sigma^2: 2, beta: -0.69, simulation: 40"
[1] "n sub: 50, n images per sub: 1, sigma^2: 0.5, beta: -0.69, simulation: 40"
[1] "n sub: 50, n images per sub: 1, sigma^2: 1, beta: -0.69, simulation: 40"
[1] "n sub: 50, n images per sub: 1, sigma^2: 2, beta: -0.69, simulation: 41"
[1] "n sub: 50, n images per sub: 1, sigma^2: 1, beta: -0.69, simulation: 41"
[1] "n sub: 50, n images per sub: 1, sigma^2: 0.5, beta: -0.69, simulation: 41"
[1] "n sub: 50, n images per sub: 1, sigma^2: 2, beta: -0.69, simulation: 42"
[1] "n sub: 50, n images per sub: 1, sigma^2: 1, beta: -0.69, simulation: 42"
[1] "n sub: 50, n images per sub: 1, sigma^2: 0.5, beta: -0.69, simulation: 42"
[1] "n sub: 50, n images per sub: 1, sigma^2: 2, beta: -0.69, simulation: 43"
[1] "n sub: 50, n images per sub: 1, sigma^2: 1, beta: -0.69, simulation: 43"
[1] "n sub: 50, n images per sub: 1, sigma^2: 0.5, beta: -0.69, simulation: 43"
[1] "n sub: 50, n images per sub: 1, sigma^2: 2, beta: -0.69, simulation: 44"
[1] "n sub: 50, n images per sub: 1, sigma^2: 1, beta: -0.69, simulation: 44"
[1] "n sub: 50, n images per sub: 1, sigma^2: 0.5, beta: -0.69, simulation: 44"
[1] "n sub: 50, n images per sub: 1, sigma^2: 2, beta: -0.69, simulation: 45"
[1] "n sub: 50, n images per sub: 1, sigma^2: 1, beta: -0.69, simulation: 45"
[1] "n sub: 50, n images per sub: 1, sigma^2: 0.5, beta: -0.69, simulation: 45"
[1] "n sub: 50, n images per sub: 1, sigma^2: 2, beta: -0.69, simulation: 46"
[1] "n sub: 50, n images per sub: 1, sigma^2: 1, beta: -0.69, simulation: 46"
[1] "n sub: 50, n images per sub: 1, sigma^2: 0.5, beta: -0.69, simulation: 46"
[1] "n sub: 50, n images per sub: 1, sigma^2: 2, beta: -0.69, simulation: 47"
[1] "n sub: 50, n images per sub: 1, sigma^2: 1, beta: -0.69, simulation: 47"
[1] "n sub: 50, n images per sub: 1, sigma^2: 0.5, beta: -0.69, simulation: 47"
[1] "n sub: 50, n images per sub: 1, sigma^2: 2, beta: -0.69, simulation: 48"
[1] "n sub: 50, n images per sub: 1, sigma^2: 1, beta: -0.69, simulation: 48"
[1] "n sub: 50, n images per sub: 1, sigma^2: 0.5, beta: -0.69, simulation: 48"
[1] "n sub: 50, n images per sub: 1, sigma^2: 2, beta: -0.69, simulation: 49"
[1] "n sub: 50, n images per sub: 1, sigma^2: 1, beta: -0.69, simulation: 49"
[1] "n sub: 50, n images per sub: 1, sigma^2: 0.5, beta: -0.69, simulation: 49"
[1] "n sub: 50, n images per sub: 1, sigma^2: 2, beta: -0.69, simulation: 50"
[1] "n sub: 50, n images per sub: 1, sigma^2: 1, beta: -0.69, simulation: 50"
[1] "n sub: 50, n images per sub: 1, sigma^2: 0.5, beta: -0.69, simulation: 50"
[1] "n sub: 50, n images per sub: 1, sigma^2: 2, beta: -0.69, simulation: 51"
[1] "n sub: 50, n images per sub: 1, sigma^2: 1, beta: -0.69, simulation: 51"
[1] "n sub: 50, n images per sub: 1, sigma^2: 0.5, beta: -0.69, simulation: 51"
[1] "n sub: 50, n images per sub: 1, sigma^2: 2, beta: -0.69, simulation: 52"
[1] "n sub: 50, n images per sub: 1, sigma^2: 1, beta: -0.69, simulation: 52"
[1] "n sub: 50, n images per sub: 1, sigma^2: 0.5, beta: -0.69, simulation: 52"
[1] "n sub: 50, n images per sub: 1, sigma^2: 2, beta: -0.69, simulation: 53"
[1] "n sub: 50, n images per sub: 1, sigma^2: 1, beta: -0.69, simulation: 53"
[1] "n sub: 50, n images per sub: 1, sigma^2: 0.5, beta: -0.69, simulation: 53"
[1] "n sub: 50, n images per sub: 1, sigma^2: 2, beta: -0.69, simulation: 54"
[1] "n sub: 50, n images per sub: 1, sigma^2: 1, beta: -0.69, simulation: 54"
[1] "n sub: 50, n images per sub: 1, sigma^2: 0.5, beta: -0.69, simulation: 54"
[1] "n sub: 50, n images per sub: 1, sigma^2: 2, beta: -0.69, simulation: 55"
[1] "n sub: 50, n images per sub: 1, sigma^2: 1, beta: -0.69, simulation: 55"
[1] "n sub: 50, n images per sub: 1, sigma^2: 0.5, beta: -0.69, simulation: 55"
[1] "n sub: 50, n images per sub: 1, sigma^2: 2, beta: -0.69, simulation: 56"
[1] "n sub: 50, n images per sub: 1, sigma^2: 1, beta: -0.69, simulation: 56"
[1] "n sub: 50, n images per sub: 1, sigma^2: 0.5, beta: -0.69, simulation: 56"
[1] "n sub: 50, n images per sub: 1, sigma^2: 2, beta: -0.69, simulation: 57"
[1] "n sub: 50, n images per sub: 1, sigma^2: 1, beta: -0.69, simulation: 57"
[1] "n sub: 50, n images per sub: 1, sigma^2: 0.5, beta: -0.69, simulation: 57"
[1] "n sub: 50, n images per sub: 1, sigma^2: 2, beta: -0.69, simulation: 58"
[1] "n sub: 50, n images per sub: 1, sigma^2: 1, beta: -0.69, simulation: 58"
[1] "n sub: 50, n images per sub: 1, sigma^2: 0.5, beta: -0.69, simulation: 58"
[1] "n sub: 50, n images per sub: 1, sigma^2: 2, beta: -0.69, simulation: 59"
[1] "n sub: 50, n images per sub: 1, sigma^2: 0.5, beta: -0.69, simulation: 59"
[1] "n sub: 50, n images per sub: 1, sigma^2: 1, beta: -0.69, simulation: 59"
[1] "n sub: 50, n images per sub: 1, sigma^2: 2, beta: -0.69, simulation: 60"
[1] "n sub: 50, n images per sub: 1, sigma^2: 0.5, beta: -0.69, simulation: 60"
[1] "n sub: 50, n images per sub: 1, sigma^2: 1, beta: -0.69, simulation: 60"
[1] "n sub: 50, n images per sub: 1, sigma^2: 2, beta: -0.69, simulation: 61"
[1] "n sub: 50, n images per sub: 1, sigma^2: 1, beta: -0.69, simulation: 61"
[1] "n sub: 50, n images per sub: 1, sigma^2: 0.5, beta: -0.69, simulation: 61"
[1] "n sub: 50, n images per sub: 1, sigma^2: 2, beta: -0.69, simulation: 62"
[1] "n sub: 50, n images per sub: 1, sigma^2: 1, beta: -0.69, simulation: 62"
[1] "n sub: 50, n images per sub: 1, sigma^2: 0.5, beta: -0.69, simulation: 62"
[1] "n sub: 50, n images per sub: 1, sigma^2: 2, beta: -0.69, simulation: 63"
[1] "n sub: 50, n images per sub: 1, sigma^2: 1, beta: -0.69, simulation: 63"
[1] "n sub: 50, n images per sub: 1, sigma^2: 0.5, beta: -0.69, simulation: 63"
[1] "n sub: 50, n images per sub: 1, sigma^2: 2, beta: -0.69, simulation: 64"
[1] "n sub: 50, n images per sub: 1, sigma^2: 1, beta: -0.69, simulation: 64"
[1] "n sub: 50, n images per sub: 1, sigma^2: 0.5, beta: -0.69, simulation: 64"
[1] "n sub: 50, n images per sub: 1, sigma^2: 2, beta: -0.69, simulation: 65"
[1] "n sub: 50, n images per sub: 1, sigma^2: 1, beta: -0.69, simulation: 65"
[1] "n sub: 50, n images per sub: 1, sigma^2: 0.5, beta: -0.69, simulation: 65"
[1] "n sub: 50, n images per sub: 1, sigma^2: 2, beta: -0.69, simulation: 66"
[1] "n sub: 50, n images per sub: 1, sigma^2: 1, beta: -0.69, simulation: 66"
[1] "n sub: 50, n images per sub: 1, sigma^2: 0.5, beta: -0.69, simulation: 66"
[1] "n sub: 50, n images per sub: 1, sigma^2: 2, beta: -0.69, simulation: 67"
[1] "n sub: 50, n images per sub: 1, sigma^2: 1, beta: -0.69, simulation: 67"
[1] "n sub: 50, n images per sub: 1, sigma^2: 0.5, beta: -0.69, simulation: 67"
[1] "n sub: 50, n images per sub: 1, sigma^2: 2, beta: -0.69, simulation: 68"
[1] "n sub: 50, n images per sub: 1, sigma^2: 1, beta: -0.69, simulation: 68"
[1] "n sub: 50, n images per sub: 1, sigma^2: 0.5, beta: -0.69, simulation: 68"
[1] "n sub: 50, n images per sub: 1, sigma^2: 2, beta: -0.69, simulation: 69"
[1] "n sub: 50, n images per sub: 1, sigma^2: 1, beta: -0.69, simulation: 69"
[1] "n sub: 50, n images per sub: 1, sigma^2: 0.5, beta: -0.69, simulation: 69"
[1] "n sub: 50, n images per sub: 1, sigma^2: 2, beta: -0.69, simulation: 70"
[1] "n sub: 50, n images per sub: 1, sigma^2: 1, beta: -0.69, simulation: 70"
[1] "n sub: 50, n images per sub: 1, sigma^2: 0.5, beta: -0.69, simulation: 70"
[1] "n sub: 50, n images per sub: 1, sigma^2: 2, beta: -0.69, simulation: 71"
[1] "n sub: 50, n images per sub: 1, sigma^2: 1, beta: -0.69, simulation: 71"
[1] "n sub: 50, n images per sub: 1, sigma^2: 0.5, beta: -0.69, simulation: 71"
[1] "n sub: 50, n images per sub: 1, sigma^2: 2, beta: -0.69, simulation: 72"
[1] "n sub: 50, n images per sub: 1, sigma^2: 1, beta: -0.69, simulation: 72"
[1] "n sub: 50, n images per sub: 1, sigma^2: 0.5, beta: -0.69, simulation: 72"
[1] "n sub: 50, n images per sub: 1, sigma^2: 2, beta: -0.69, simulation: 73"
[1] "n sub: 50, n images per sub: 1, sigma^2: 1, beta: -0.69, simulation: 73"
[1] "n sub: 50, n images per sub: 1, sigma^2: 0.5, beta: -0.69, simulation: 73"
[1] "n sub: 50, n images per sub: 1, sigma^2: 2, beta: -0.69, simulation: 74"
[1] "n sub: 50, n images per sub: 1, sigma^2: 1, beta: -0.69, simulation: 74"
[1] "n sub: 50, n images per sub: 1, sigma^2: 0.5, beta: -0.69, simulation: 74"
[1] "n sub: 50, n images per sub: 1, sigma^2: 2, beta: -0.69, simulation: 75"
[1] "n sub: 50, n images per sub: 1, sigma^2: 1, beta: -0.69, simulation: 75"
[1] "n sub: 50, n images per sub: 1, sigma^2: 0.5, beta: -0.69, simulation: 75"
[1] "n sub: 50, n images per sub: 1, sigma^2: 2, beta: -0.69, simulation: 76"
[1] "n sub: 50, n images per sub: 1, sigma^2: 1, beta: -0.69, simulation: 76"
[1] "n sub: 50, n images per sub: 1, sigma^2: 0.5, beta: -0.69, simulation: 76"
[1] "n sub: 50, n images per sub: 1, sigma^2: 2, beta: -0.69, simulation: 77"
[1] "n sub: 50, n images per sub: 1, sigma^2: 1, beta: -0.69, simulation: 77"
[1] "n sub: 50, n images per sub: 1, sigma^2: 0.5, beta: -0.69, simulation: 77"
[1] "n sub: 50, n images per sub: 1, sigma^2: 2, beta: -0.69, simulation: 78"
[1] "n sub: 50, n images per sub: 1, sigma^2: 1, beta: -0.69, simulation: 78"
[1] "n sub: 50, n images per sub: 1, sigma^2: 0.5, beta: -0.69, simulation: 78"
[1] "n sub: 50, n images per sub: 1, sigma^2: 2, beta: -0.69, simulation: 79"
[1] "n sub: 50, n images per sub: 1, sigma^2: 0.5, beta: -0.69, simulation: 79"
[1] "n sub: 50, n images per sub: 1, sigma^2: 1, beta: -0.69, simulation: 79"
[1] "n sub: 50, n images per sub: 1, sigma^2: 2, beta: -0.69, simulation: 80"
[1] "n sub: 50, n images per sub: 1, sigma^2: 0.5, beta: -0.69, simulation: 80"
[1] "n sub: 50, n images per sub: 1, sigma^2: 1, beta: -0.69, simulation: 80"
