 [1] 16147 16148 16149 16150 16151 16152 16153 16154 16155 16156 16157 16158
[13] 16159 16160 16161 16162 16163 16164 16165 16166 16167 16168 16169 16170
[25] 16171 16172 16173
[1] "n sub: 50, n images per sub: 5, sigma^2: 2, beta: 1.1, simulation: 83"
[1] "n sub: 50, n images per sub: 5, sigma^2: 1, beta: 1.1, simulation: 83"
[1] "n sub: 50, n images per sub: 5, sigma^2: 0.5, beta: 1.1, simulation: 83"
[1] "n sub: 50, n images per sub: 5, sigma^2: 2, beta: 1.1, simulation: 84"
[1] "n sub: 50, n images per sub: 5, sigma^2: 1, beta: 1.1, simulation: 84"
[1] "n sub: 50, n images per sub: 5, sigma^2: 0.5, beta: 1.1, simulation: 84"
[1] "n sub: 50, n images per sub: 5, sigma^2: 1, beta: 1.1, simulation: 85"
[1] "n sub: 50, n images per sub: 5, sigma^2: 2, beta: 1.1, simulation: 85"
[1] "n sub: 50, n images per sub: 5, sigma^2: 0.5, beta: 1.1, simulation: 85"
[1] "n sub: 50, n images per sub: 5, sigma^2: 1, beta: 1.1, simulation: 86"
[1] "n sub: 50, n images per sub: 5, sigma^2: 2, beta: 1.1, simulation: 86"
[1] "n sub: 50, n images per sub: 5, sigma^2: 0.5, beta: 1.1, simulation: 86"
[1] "n sub: 50, n images per sub: 5, sigma^2: 1, beta: 1.1, simulation: 87"
[1] "n sub: 50, n images per sub: 5, sigma^2: 2, beta: 1.1, simulation: 87"
[1] "n sub: 50, n images per sub: 5, sigma^2: 0.5, beta: 1.1, simulation: 87"
[1] "n sub: 50, n images per sub: 5, sigma^2: 1, beta: 1.1, simulation: 88"
[1] "n sub: 50, n images per sub: 5, sigma^2: 0.5, beta: 1.1, simulation: 88"
[1] "n sub: 50, n images per sub: 5, sigma^2: 2, beta: 1.1, simulation: 88"
[1] "n sub: 50, n images per sub: 5, sigma^2: 1, beta: 1.1, simulation: 89"
[1] "n sub: 50, n images per sub: 5, sigma^2: 0.5, beta: 1.1, simulation: 89"
[1] "n sub: 50, n images per sub: 5, sigma^2: 2, beta: 1.1, simulation: 89"
[1] "n sub: 50, n images per sub: 5, sigma^2: 1, beta: 1.1, simulation: 90"
[1] "n sub: 50, n images per sub: 5, sigma^2: 0.5, beta: 1.1, simulation: 90"
[1] "n sub: 50, n images per sub: 5, sigma^2: 2, beta: 1.1, simulation: 90"
[1] "n sub: 50, n images per sub: 5, sigma^2: 1, beta: 1.1, simulation: 91"
[1] "n sub: 50, n images per sub: 5, sigma^2: 0.5, beta: 1.1, simulation: 91"
[1] "n sub: 50, n images per sub: 5, sigma^2: 2, beta: 1.1, simulation: 91"
