 [1] 13663 13664 13665 13666 13667 13668 13669 13670 13671 13672 13673 13674
[13] 13675 13676 13677 13678 13679 13680 13681 13682 13683 13684 13685 13686
[25] 13687 13688 13689
[1] "n sub: 50, n images per sub: 5, sigma^2: 2, beta: -1.1, simulation: 55"
[1] "n sub: 50, n images per sub: 5, sigma^2: 1, beta: -1.1, simulation: 55"
[1] "n sub: 50, n images per sub: 5, sigma^2: 0.5, beta: -1.1, simulation: 55"
[1] "n sub: 50, n images per sub: 5, sigma^2: 1, beta: -1.1, simulation: 56"
[1] "n sub: 50, n images per sub: 5, sigma^2: 2, beta: -1.1, simulation: 56"
[1] "n sub: 50, n images per sub: 5, sigma^2: 0.5, beta: -1.1, simulation: 56"
[1] "n sub: 50, n images per sub: 5, sigma^2: 2, beta: -1.1, simulation: 57"
[1] "n sub: 50, n images per sub: 5, sigma^2: 1, beta: -1.1, simulation: 57"
[1] "n sub: 50, n images per sub: 5, sigma^2: 0.5, beta: -1.1, simulation: 57"
[1] "n sub: 50, n images per sub: 5, sigma^2: 2, beta: -1.1, simulation: 58"
[1] "n sub: 50, n images per sub: 5, sigma^2: 1, beta: -1.1, simulation: 58"
[1] "n sub: 50, n images per sub: 5, sigma^2: 0.5, beta: -1.1, simulation: 58"
[1] "n sub: 50, n images per sub: 5, sigma^2: 2, beta: -1.1, simulation: 59"
[1] "n sub: 50, n images per sub: 5, sigma^2: 1, beta: -1.1, simulation: 59"
[1] "n sub: 50, n images per sub: 5, sigma^2: 0.5, beta: -1.1, simulation: 59"
[1] "n sub: 50, n images per sub: 5, sigma^2: 2, beta: -1.1, simulation: 60"
[1] "n sub: 50, n images per sub: 5, sigma^2: 1, beta: -1.1, simulation: 60"
[1] "n sub: 50, n images per sub: 5, sigma^2: 0.5, beta: -1.1, simulation: 60"
[1] "n sub: 50, n images per sub: 5, sigma^2: 2, beta: -1.1, simulation: 61"
[1] "n sub: 50, n images per sub: 5, sigma^2: 1, beta: -1.1, simulation: 61"
[1] "n sub: 50, n images per sub: 5, sigma^2: 0.5, beta: -1.1, simulation: 61"
[1] "n sub: 50, n images per sub: 5, sigma^2: 0.5, beta: -1.1, simulation: 62"
[1] "n sub: 50, n images per sub: 5, sigma^2: 1, beta: -1.1, simulation: 62"
[1] "n sub: 50, n images per sub: 5, sigma^2: 2, beta: -1.1, simulation: 62"
[1] "n sub: 50, n images per sub: 5, sigma^2: 0.5, beta: -1.1, simulation: 63"
[1] "n sub: 50, n images per sub: 5, sigma^2: 1, beta: -1.1, simulation: 63"
[1] "n sub: 50, n images per sub: 5, sigma^2: 2, beta: -1.1, simulation: 63"
