 [1] 14608 14609 14610 14611 14612 14613 14614 14615 14616 14617 14618 14619
[13] 14620 14621 14622 14623 14624 14625 14626 14627 14628 14629 14630 14631
[25] 14632 14633 14634
[1] "n sub: 50, n images per sub: 5, sigma^2: 2, beta: -0.22, simulation: 70"
[1] "n sub: 50, n images per sub: 5, sigma^2: 1, beta: -0.22, simulation: 70"
[1] "n sub: 50, n images per sub: 5, sigma^2: 0.5, beta: -0.22, simulation: 70"
[1] "n sub: 50, n images per sub: 5, sigma^2: 2, beta: -0.22, simulation: 71"
[1] "n sub: 50, n images per sub: 5, sigma^2: 1, beta: -0.22, simulation: 71"
[1] "n sub: 50, n images per sub: 5, sigma^2: 0.5, beta: -0.22, simulation: 71"
[1] "n sub: 50, n images per sub: 5, sigma^2: 2, beta: -0.22, simulation: 72"
[1] "n sub: 50, n images per sub: 5, sigma^2: 1, beta: -0.22, simulation: 72"
[1] "n sub: 50, n images per sub: 5, sigma^2: 0.5, beta: -0.22, simulation: 72"
[1] "n sub: 50, n images per sub: 5, sigma^2: 2, beta: -0.22, simulation: 73"
[1] "n sub: 50, n images per sub: 5, sigma^2: 1, beta: -0.22, simulation: 73"
[1] "n sub: 50, n images per sub: 5, sigma^2: 0.5, beta: -0.22, simulation: 73"
[1] "n sub: 50, n images per sub: 5, sigma^2: 2, beta: -0.22, simulation: 74"
[1] "n sub: 50, n images per sub: 5, sigma^2: 1, beta: -0.22, simulation: 74"
[1] "n sub: 50, n images per sub: 5, sigma^2: 0.5, beta: -0.22, simulation: 74"
[1] "n sub: 50, n images per sub: 5, sigma^2: 2, beta: -0.22, simulation: 75"
[1] "n sub: 50, n images per sub: 5, sigma^2: 1, beta: -0.22, simulation: 75"
[1] "n sub: 50, n images per sub: 5, sigma^2: 0.5, beta: -0.22, simulation: 75"
[1] "n sub: 50, n images per sub: 5, sigma^2: 2, beta: -0.22, simulation: 76"
[1] "n sub: 50, n images per sub: 5, sigma^2: 1, beta: -0.22, simulation: 76"
[1] "n sub: 50, n images per sub: 5, sigma^2: 0.5, beta: -0.22, simulation: 76"
[1] "n sub: 50, n images per sub: 5, sigma^2: 2, beta: -0.22, simulation: 77"
[1] "n sub: 50, n images per sub: 5, sigma^2: 1, beta: -0.22, simulation: 77"
[1] "n sub: 50, n images per sub: 5, sigma^2: 0.5, beta: -0.22, simulation: 77"
[1] "n sub: 50, n images per sub: 5, sigma^2: 2, beta: -0.22, simulation: 78"
[1] "n sub: 50, n images per sub: 5, sigma^2: 1, beta: -0.22, simulation: 78"
[1] "n sub: 50, n images per sub: 5, sigma^2: 0.5, beta: -0.22, simulation: 78"
