 [1] 13339 13340 13341 13342 13343 13344 13345 13346 13347 13348 13349 13350
[13] 13351 13352 13353 13354 13355 13356 13357 13358 13359 13360 13361 13362
[25] 13363 13364 13365 13366 13367 13368 13369 13370 13371 13372 13373 13374
[37] 13375 13376 13377 13378 13379 13380 13381 13382 13383 13384 13385 13386
[49] 13387 13388 13389 13390 13391 13392
[1] "n sub: 30, n images per sub: 5, sigma^2: 2, beta: 1.1, simulation: 47"
[1] "n sub: 30, n images per sub: 5, sigma^2: 1, beta: 1.1, simulation: 47"
[1] "n sub: 30, n images per sub: 5, sigma^2: 0.5, beta: 1.1, simulation: 47"
[1] "n sub: 30, n images per sub: 5, sigma^2: 2, beta: 1.1, simulation: 48"
[1] "n sub: 30, n images per sub: 5, sigma^2: 1, beta: 1.1, simulation: 48"
[1] "n sub: 30, n images per sub: 5, sigma^2: 0.5, beta: 1.1, simulation: 48"
[1] "n sub: 30, n images per sub: 5, sigma^2: 1, beta: 1.1, simulation: 49"
[1] "n sub: 30, n images per sub: 5, sigma^2: 2, beta: 1.1, simulation: 49"
[1] "n sub: 30, n images per sub: 5, sigma^2: 0.5, beta: 1.1, simulation: 49"
[1] "n sub: 30, n images per sub: 5, sigma^2: 2, beta: 1.1, simulation: 50"
[1] "n sub: 30, n images per sub: 5, sigma^2: 1, beta: 1.1, simulation: 50"
[1] "n sub: 30, n images per sub: 5, sigma^2: 0.5, beta: 1.1, simulation: 50"
[1] "n sub: 30, n images per sub: 5, sigma^2: 0.5, beta: 1.1, simulation: 51"
[1] "n sub: 30, n images per sub: 5, sigma^2: 1, beta: 1.1, simulation: 51"
[1] "n sub: 30, n images per sub: 5, sigma^2: 2, beta: 1.1, simulation: 51"
[1] "n sub: 30, n images per sub: 5, sigma^2: 0.5, beta: 1.1, simulation: 52"
[1] "n sub: 30, n images per sub: 5, sigma^2: 1, beta: 1.1, simulation: 52"
[1] "n sub: 30, n images per sub: 5, sigma^2: 2, beta: 1.1, simulation: 52"
[1] "n sub: 30, n images per sub: 5, sigma^2: 0.5, beta: 1.1, simulation: 53"
[1] "n sub: 30, n images per sub: 5, sigma^2: 1, beta: 1.1, simulation: 53"
[1] "n sub: 30, n images per sub: 5, sigma^2: 2, beta: 1.1, simulation: 53"
[1] "n sub: 30, n images per sub: 5, sigma^2: 0.5, beta: 1.1, simulation: 54"
[1] "n sub: 30, n images per sub: 5, sigma^2: 1, beta: 1.1, simulation: 54"
[1] "n sub: 30, n images per sub: 5, sigma^2: 2, beta: 1.1, simulation: 54"
[1] "n sub: 30, n images per sub: 5, sigma^2: 0.5, beta: 1.1, simulation: 55"
[1] "n sub: 30, n images per sub: 5, sigma^2: 1, beta: 1.1, simulation: 55"
[1] "n sub: 30, n images per sub: 5, sigma^2: 2, beta: 1.1, simulation: 55"
[1] "n sub: 30, n images per sub: 5, sigma^2: 0.5, beta: 1.1, simulation: 56"
[1] "n sub: 30, n images per sub: 5, sigma^2: 1, beta: 1.1, simulation: 56"
[1] "n sub: 30, n images per sub: 5, sigma^2: 2, beta: 1.1, simulation: 56"
[1] "n sub: 30, n images per sub: 5, sigma^2: 0.5, beta: 1.1, simulation: 57"
[1] "n sub: 30, n images per sub: 5, sigma^2: 1, beta: 1.1, simulation: 57"
[1] "n sub: 30, n images per sub: 5, sigma^2: 2, beta: 1.1, simulation: 57"
[1] "n sub: 30, n images per sub: 5, sigma^2: 0.5, beta: 1.1, simulation: 58"
[1] "n sub: 30, n images per sub: 5, sigma^2: 1, beta: 1.1, simulation: 58"
[1] "n sub: 30, n images per sub: 5, sigma^2: 2, beta: 1.1, simulation: 58"
[1] "n sub: 30, n images per sub: 5, sigma^2: 0.5, beta: 1.1, simulation: 59"
[1] "n sub: 30, n images per sub: 5, sigma^2: 1, beta: 1.1, simulation: 59"
[1] "n sub: 30, n images per sub: 5, sigma^2: 2, beta: 1.1, simulation: 59"
[1] "n sub: 30, n images per sub: 5, sigma^2: 2, beta: 1.1, simulation: 60"
[1] "n sub: 30, n images per sub: 5, sigma^2: 1, beta: 1.1, simulation: 60"
[1] "n sub: 30, n images per sub: 5, sigma^2: 0.5, beta: 1.1, simulation: 60"
[1] "n sub: 30, n images per sub: 5, sigma^2: 2, beta: 1.1, simulation: 61"
[1] "n sub: 30, n images per sub: 5, sigma^2: 1, beta: 1.1, simulation: 61"
[1] "n sub: 30, n images per sub: 5, sigma^2: 0.5, beta: 1.1, simulation: 61"
[1] "n sub: 30, n images per sub: 5, sigma^2: 2, beta: 1.1, simulation: 62"
[1] "n sub: 30, n images per sub: 5, sigma^2: 1, beta: 1.1, simulation: 62"
[1] "n sub: 30, n images per sub: 5, sigma^2: 0.5, beta: 1.1, simulation: 62"
[1] "n sub: 30, n images per sub: 5, sigma^2: 2, beta: 1.1, simulation: 63"
[1] "n sub: 30, n images per sub: 5, sigma^2: 1, beta: 1.1, simulation: 63"
[1] "n sub: 30, n images per sub: 5, sigma^2: 0.5, beta: 1.1, simulation: 63"
[1] "n sub: 30, n images per sub: 5, sigma^2: 2, beta: 1.1, simulation: 64"
[1] "n sub: 30, n images per sub: 5, sigma^2: 1, beta: 1.1, simulation: 64"
[1] "n sub: 30, n images per sub: 5, sigma^2: 0.5, beta: 1.1, simulation: 64"
