 [1] 14149 14150 14151 14152 14153 14154 14155 14156 14157 14158 14159 14160
[13] 14161 14162 14163 14164 14165 14166 14167 14168 14169 14170 14171 14172
[25] 14173 14174 14175
[1] "n sub: 50, n images per sub: 5, sigma^2: 0.5, beta: -0.41, simulation: 17"
[1] "n sub: 50, n images per sub: 5, sigma^2: 2, beta: -0.41, simulation: 17"
[1] "n sub: 50, n images per sub: 5, sigma^2: 1, beta: -0.41, simulation: 17"
[1] "n sub: 50, n images per sub: 5, sigma^2: 0.5, beta: -0.41, simulation: 18"
[1] "n sub: 50, n images per sub: 5, sigma^2: 2, beta: -0.41, simulation: 18"
[1] "n sub: 50, n images per sub: 5, sigma^2: 1, beta: -0.41, simulation: 18"
[1] "n sub: 50, n images per sub: 5, sigma^2: 0.5, beta: -0.41, simulation: 19"
[1] "n sub: 50, n images per sub: 5, sigma^2: 2, beta: -0.41, simulation: 19"
[1] "n sub: 50, n images per sub: 5, sigma^2: 1, beta: -0.41, simulation: 19"
[1] "n sub: 50, n images per sub: 5, sigma^2: 0.5, beta: -0.41, simulation: 20"
[1] "n sub: 50, n images per sub: 5, sigma^2: 2, beta: -0.41, simulation: 20"
[1] "n sub: 50, n images per sub: 5, sigma^2: 1, beta: -0.41, simulation: 20"
[1] "n sub: 50, n images per sub: 5, sigma^2: 0.5, beta: -0.41, simulation: 21"
[1] "n sub: 50, n images per sub: 5, sigma^2: 2, beta: -0.41, simulation: 21"
[1] "n sub: 50, n images per sub: 5, sigma^2: 1, beta: -0.41, simulation: 21"
[1] "n sub: 50, n images per sub: 5, sigma^2: 0.5, beta: -0.41, simulation: 22"
[1] "n sub: 50, n images per sub: 5, sigma^2: 2, beta: -0.41, simulation: 22"
[1] "n sub: 50, n images per sub: 5, sigma^2: 1, beta: -0.41, simulation: 22"
[1] "n sub: 50, n images per sub: 5, sigma^2: 0.5, beta: -0.41, simulation: 23"
[1] "n sub: 50, n images per sub: 5, sigma^2: 2, beta: -0.41, simulation: 23"
[1] "n sub: 50, n images per sub: 5, sigma^2: 1, beta: -0.41, simulation: 23"
[1] "n sub: 50, n images per sub: 5, sigma^2: 0.5, beta: -0.41, simulation: 24"
[1] "n sub: 50, n images per sub: 5, sigma^2: 1, beta: -0.41, simulation: 24"
[1] "n sub: 50, n images per sub: 5, sigma^2: 2, beta: -0.41, simulation: 24"
[1] "n sub: 50, n images per sub: 5, sigma^2: 0.5, beta: -0.41, simulation: 25"
[1] "n sub: 50, n images per sub: 5, sigma^2: 2, beta: -0.41, simulation: 25"
[1] "n sub: 50, n images per sub: 5, sigma^2: 1, beta: -0.41, simulation: 25"
