  [1] 7156 7157 7158 7159 7160 7161 7162 7163 7164 7165 7166 7167 7168 7169 7170
 [16] 7171 7172 7173 7174 7175 7176 7177 7178 7179 7180 7181 7182 7183 7184 7185
 [31] 7186 7187 7188 7189 7190 7191 7192 7193 7194 7195 7196 7197 7198 7199 7200
 [46] 7201 7202 7203 7204 7205 7206 7207 7208 7209 7210 7211 7212 7213 7214 7215
 [61] 7216 7217 7218 7219 7220 7221 7222 7223 7224 7225 7226 7227 7228 7229 7230
 [76] 7231 7232 7233 7234 7235 7236 7237 7238 7239 7240 7241 7242 7243 7244 7245
 [91] 7246 7247 7248 7249 7250 7251 7252 7253 7254 7255 7256 7257 7258 7259 7260
[106] 7261 7262 7263 7264 7265 7266 7267 7268 7269 7270 7271 7272 7273 7274 7275
[121] 7276 7277 7278 7279 7280 7281 7282 7283 7284 7285 7286 7287 7288 7289 7290
[1] "n sub: 50, n images per sub: 1, sigma^2: 2, beta: 0.22, simulation: 86"
[1] "n sub: 50, n images per sub: 1, sigma^2: 1, beta: 0.22, simulation: 86"
[1] "n sub: 50, n images per sub: 1, sigma^2: 0.5, beta: 0.22, simulation: 86"
[1] "n sub: 50, n images per sub: 1, sigma^2: 2, beta: 0.22, simulation: 87"
[1] "n sub: 50, n images per sub: 1, sigma^2: 1, beta: 0.22, simulation: 87"
[1] "n sub: 50, n images per sub: 1, sigma^2: 0.5, beta: 0.22, simulation: 87"
[1] "n sub: 50, n images per sub: 1, sigma^2: 2, beta: 0.22, simulation: 88"
[1] "n sub: 50, n images per sub: 1, sigma^2: 1, beta: 0.22, simulation: 88"
[1] "n sub: 50, n images per sub: 1, sigma^2: 0.5, beta: 0.22, simulation: 88"
[1] "n sub: 50, n images per sub: 1, sigma^2: 2, beta: 0.22, simulation: 89"
[1] "n sub: 50, n images per sub: 1, sigma^2: 1, beta: 0.22, simulation: 89"
[1] "n sub: 50, n images per sub: 1, sigma^2: 0.5, beta: 0.22, simulation: 89"
[1] "n sub: 50, n images per sub: 1, sigma^2: 2, beta: 0.22, simulation: 90"
[1] "n sub: 50, n images per sub: 1, sigma^2: 1, beta: 0.22, simulation: 90"
[1] "n sub: 50, n images per sub: 1, sigma^2: 0.5, beta: 0.22, simulation: 90"
[1] "n sub: 50, n images per sub: 1, sigma^2: 2, beta: 0.22, simulation: 91"
[1] "n sub: 50, n images per sub: 1, sigma^2: 1, beta: 0.22, simulation: 91"
[1] "n sub: 50, n images per sub: 1, sigma^2: 0.5, beta: 0.22, simulation: 91"
[1] "n sub: 50, n images per sub: 1, sigma^2: 2, beta: 0.22, simulation: 92"
[1] "n sub: 50, n images per sub: 1, sigma^2: 1, beta: 0.22, simulation: 92"
[1] "n sub: 50, n images per sub: 1, sigma^2: 0.5, beta: 0.22, simulation: 92"
[1] "n sub: 50, n images per sub: 1, sigma^2: 2, beta: 0.22, simulation: 93"
[1] "n sub: 50, n images per sub: 1, sigma^2: 1, beta: 0.22, simulation: 93"
[1] "n sub: 50, n images per sub: 1, sigma^2: 0.5, beta: 0.22, simulation: 93"
[1] "n sub: 50, n images per sub: 1, sigma^2: 2, beta: 0.22, simulation: 94"
[1] "n sub: 50, n images per sub: 1, sigma^2: 1, beta: 0.22, simulation: 94"
[1] "n sub: 50, n images per sub: 1, sigma^2: 0.5, beta: 0.22, simulation: 94"
[1] "n sub: 50, n images per sub: 1, sigma^2: 2, beta: 0.22, simulation: 95"
[1] "n sub: 50, n images per sub: 1, sigma^2: 1, beta: 0.22, simulation: 95"
[1] "n sub: 50, n images per sub: 1, sigma^2: 0.5, beta: 0.22, simulation: 95"
[1] "n sub: 50, n images per sub: 1, sigma^2: 2, beta: 0.22, simulation: 96"
[1] "n sub: 50, n images per sub: 1, sigma^2: 1, beta: 0.22, simulation: 96"
[1] "n sub: 50, n images per sub: 1, sigma^2: 0.5, beta: 0.22, simulation: 96"
[1] "n sub: 50, n images per sub: 1, sigma^2: 2, beta: 0.22, simulation: 97"
[1] "n sub: 50, n images per sub: 1, sigma^2: 1, beta: 0.22, simulation: 97"
[1] "n sub: 50, n images per sub: 1, sigma^2: 0.5, beta: 0.22, simulation: 97"
[1] "n sub: 50, n images per sub: 1, sigma^2: 2, beta: 0.22, simulation: 98"
[1] "n sub: 50, n images per sub: 1, sigma^2: 1, beta: 0.22, simulation: 98"
[1] "n sub: 50, n images per sub: 1, sigma^2: 0.5, beta: 0.22, simulation: 98"
[1] "n sub: 50, n images per sub: 1, sigma^2: 2, beta: 0.22, simulation: 99"
[1] "n sub: 50, n images per sub: 1, sigma^2: 1, beta: 0.22, simulation: 99"
[1] "n sub: 50, n images per sub: 1, sigma^2: 0.5, beta: 0.22, simulation: 99"
[1] "n sub: 50, n images per sub: 1, sigma^2: 2, beta: 0.22, simulation: 100"
[1] "n sub: 50, n images per sub: 1, sigma^2: 1, beta: 0.22, simulation: 100"
[1] "n sub: 50, n images per sub: 1, sigma^2: 0.5, beta: 0.22, simulation: 100"
[1] "n sub: 50, n images per sub: 1, sigma^2: 2, beta: 0.41, simulation: 1"
[1] "n sub: 50, n images per sub: 1, sigma^2: 0.5, beta: 0.41, simulation: 1"
[1] "n sub: 50, n images per sub: 1, sigma^2: 1, beta: 0.41, simulation: 1"
[1] "n sub: 50, n images per sub: 1, sigma^2: 2, beta: 0.41, simulation: 2"
[1] "n sub: 50, n images per sub: 1, sigma^2: 0.5, beta: 0.41, simulation: 2"
[1] "n sub: 50, n images per sub: 1, sigma^2: 1, beta: 0.41, simulation: 2"
[1] "n sub: 50, n images per sub: 1, sigma^2: 2, beta: 0.41, simulation: 3"
[1] "n sub: 50, n images per sub: 1, sigma^2: 0.5, beta: 0.41, simulation: 3"
[1] "n sub: 50, n images per sub: 1, sigma^2: 1, beta: 0.41, simulation: 3"
[1] "n sub: 50, n images per sub: 1, sigma^2: 2, beta: 0.41, simulation: 4"
[1] "n sub: 50, n images per sub: 1, sigma^2: 0.5, beta: 0.41, simulation: 4"
[1] "n sub: 50, n images per sub: 1, sigma^2: 1, beta: 0.41, simulation: 4"
[1] "n sub: 50, n images per sub: 1, sigma^2: 2, beta: 0.41, simulation: 5"
[1] "n sub: 50, n images per sub: 1, sigma^2: 0.5, beta: 0.41, simulation: 5"
[1] "n sub: 50, n images per sub: 1, sigma^2: 1, beta: 0.41, simulation: 5"
[1] "n sub: 50, n images per sub: 1, sigma^2: 2, beta: 0.41, simulation: 6"
[1] "n sub: 50, n images per sub: 1, sigma^2: 1, beta: 0.41, simulation: 6"
[1] "n sub: 50, n images per sub: 1, sigma^2: 0.5, beta: 0.41, simulation: 6"
[1] "n sub: 50, n images per sub: 1, sigma^2: 2, beta: 0.41, simulation: 7"
[1] "n sub: 50, n images per sub: 1, sigma^2: 1, beta: 0.41, simulation: 7"
[1] "n sub: 50, n images per sub: 1, sigma^2: 0.5, beta: 0.41, simulation: 7"
[1] "n sub: 50, n images per sub: 1, sigma^2: 2, beta: 0.41, simulation: 8"
[1] "n sub: 50, n images per sub: 1, sigma^2: 1, beta: 0.41, simulation: 8"
[1] "n sub: 50, n images per sub: 1, sigma^2: 0.5, beta: 0.41, simulation: 8"
[1] "n sub: 50, n images per sub: 1, sigma^2: 2, beta: 0.41, simulation: 9"
[1] "n sub: 50, n images per sub: 1, sigma^2: 1, beta: 0.41, simulation: 9"
[1] "n sub: 50, n images per sub: 1, sigma^2: 0.5, beta: 0.41, simulation: 9"
[1] "n sub: 50, n images per sub: 1, sigma^2: 2, beta: 0.41, simulation: 10"
[1] "n sub: 50, n images per sub: 1, sigma^2: 1, beta: 0.41, simulation: 10"
[1] "n sub: 50, n images per sub: 1, sigma^2: 0.5, beta: 0.41, simulation: 10"
[1] "n sub: 50, n images per sub: 1, sigma^2: 2, beta: 0.41, simulation: 11"
[1] "n sub: 50, n images per sub: 1, sigma^2: 1, beta: 0.41, simulation: 11"
[1] "n sub: 50, n images per sub: 1, sigma^2: 0.5, beta: 0.41, simulation: 11"
[1] "n sub: 50, n images per sub: 1, sigma^2: 1, beta: 0.41, simulation: 12"
[1] "n sub: 50, n images per sub: 1, sigma^2: 0.5, beta: 0.41, simulation: 12"
[1] "n sub: 50, n images per sub: 1, sigma^2: 2, beta: 0.41, simulation: 12"
[1] "n sub: 50, n images per sub: 1, sigma^2: 0.5, beta: 0.41, simulation: 13"
[1] "n sub: 50, n images per sub: 1, sigma^2: 2, beta: 0.41, simulation: 13"
[1] "n sub: 50, n images per sub: 1, sigma^2: 1, beta: 0.41, simulation: 13"
[1] "n sub: 50, n images per sub: 1, sigma^2: 0.5, beta: 0.41, simulation: 14"
[1] "n sub: 50, n images per sub: 1, sigma^2: 1, beta: 0.41, simulation: 14"
[1] "n sub: 50, n images per sub: 1, sigma^2: 2, beta: 0.41, simulation: 14"
[1] "n sub: 50, n images per sub: 1, sigma^2: 1, beta: 0.41, simulation: 15"
[1] "n sub: 50, n images per sub: 1, sigma^2: 0.5, beta: 0.41, simulation: 15"
[1] "n sub: 50, n images per sub: 1, sigma^2: 2, beta: 0.41, simulation: 15"
[1] "n sub: 50, n images per sub: 1, sigma^2: 0.5, beta: 0.41, simulation: 16"
[1] "n sub: 50, n images per sub: 1, sigma^2: 1, beta: 0.41, simulation: 16"
[1] "n sub: 50, n images per sub: 1, sigma^2: 2, beta: 0.41, simulation: 16"
[1] "n sub: 50, n images per sub: 1, sigma^2: 1, beta: 0.41, simulation: 17"
[1] "n sub: 50, n images per sub: 1, sigma^2: 0.5, beta: 0.41, simulation: 17"
[1] "n sub: 50, n images per sub: 1, sigma^2: 2, beta: 0.41, simulation: 17"
[1] "n sub: 50, n images per sub: 1, sigma^2: 1, beta: 0.41, simulation: 18"
[1] "n sub: 50, n images per sub: 1, sigma^2: 0.5, beta: 0.41, simulation: 18"
[1] "n sub: 50, n images per sub: 1, sigma^2: 2, beta: 0.41, simulation: 18"
[1] "n sub: 50, n images per sub: 1, sigma^2: 1, beta: 0.41, simulation: 19"
[1] "n sub: 50, n images per sub: 1, sigma^2: 0.5, beta: 0.41, simulation: 19"
[1] "n sub: 50, n images per sub: 1, sigma^2: 2, beta: 0.41, simulation: 19"
[1] "n sub: 50, n images per sub: 1, sigma^2: 1, beta: 0.41, simulation: 20"
[1] "n sub: 50, n images per sub: 1, sigma^2: 0.5, beta: 0.41, simulation: 20"
[1] "n sub: 50, n images per sub: 1, sigma^2: 2, beta: 0.41, simulation: 20"
[1] "n sub: 50, n images per sub: 1, sigma^2: 1, beta: 0.41, simulation: 21"
[1] "n sub: 50, n images per sub: 1, sigma^2: 0.5, beta: 0.41, simulation: 21"
[1] "n sub: 50, n images per sub: 1, sigma^2: 2, beta: 0.41, simulation: 21"
[1] "n sub: 50, n images per sub: 1, sigma^2: 1, beta: 0.41, simulation: 22"
[1] "n sub: 50, n images per sub: 1, sigma^2: 0.5, beta: 0.41, simulation: 22"
[1] "n sub: 50, n images per sub: 1, sigma^2: 2, beta: 0.41, simulation: 22"
[1] "n sub: 50, n images per sub: 1, sigma^2: 1, beta: 0.41, simulation: 23"
[1] "n sub: 50, n images per sub: 1, sigma^2: 0.5, beta: 0.41, simulation: 23"
[1] "n sub: 50, n images per sub: 1, sigma^2: 2, beta: 0.41, simulation: 23"
[1] "n sub: 50, n images per sub: 1, sigma^2: 1, beta: 0.41, simulation: 24"
[1] "n sub: 50, n images per sub: 1, sigma^2: 0.5, beta: 0.41, simulation: 24"
[1] "n sub: 50, n images per sub: 1, sigma^2: 2, beta: 0.41, simulation: 24"
[1] "n sub: 50, n images per sub: 1, sigma^2: 1, beta: 0.41, simulation: 25"
[1] "n sub: 50, n images per sub: 1, sigma^2: 0.5, beta: 0.41, simulation: 25"
[1] "n sub: 50, n images per sub: 1, sigma^2: 2, beta: 0.41, simulation: 25"
[1] "n sub: 50, n images per sub: 1, sigma^2: 1, beta: 0.41, simulation: 26"
[1] "n sub: 50, n images per sub: 1, sigma^2: 0.5, beta: 0.41, simulation: 26"
[1] "n sub: 50, n images per sub: 1, sigma^2: 2, beta: 0.41, simulation: 26"
[1] "n sub: 50, n images per sub: 1, sigma^2: 1, beta: 0.41, simulation: 27"
[1] "n sub: 50, n images per sub: 1, sigma^2: 0.5, beta: 0.41, simulation: 27"
[1] "n sub: 50, n images per sub: 1, sigma^2: 2, beta: 0.41, simulation: 27"
[1] "n sub: 50, n images per sub: 1, sigma^2: 0.5, beta: 0.41, simulation: 28"
[1] "n sub: 50, n images per sub: 1, sigma^2: 1, beta: 0.41, simulation: 28"
[1] "n sub: 50, n images per sub: 1, sigma^2: 2, beta: 0.41, simulation: 28"
[1] "n sub: 50, n images per sub: 1, sigma^2: 1, beta: 0.41, simulation: 29"
[1] "n sub: 50, n images per sub: 1, sigma^2: 0.5, beta: 0.41, simulation: 29"
[1] "n sub: 50, n images per sub: 1, sigma^2: 2, beta: 0.41, simulation: 29"
[1] "n sub: 50, n images per sub: 1, sigma^2: 0.5, beta: 0.41, simulation: 30"
[1] "n sub: 50, n images per sub: 1, sigma^2: 1, beta: 0.41, simulation: 30"
[1] "n sub: 50, n images per sub: 1, sigma^2: 2, beta: 0.41, simulation: 30"
