  [1] 136 137 138 139 140 141 142 143 144 145 146 147 148 149 150 151 152 153
 [19] 154 155 156 157 158 159 160 161 162 163 164 165 166 167 168 169 170 171
 [37] 172 173 174 175 176 177 178 179 180 181 182 183 184 185 186 187 188 189
 [55] 190 191 192 193 194 195 196 197 198 199 200 201 202 203 204 205 206 207
 [73] 208 209 210 211 212 213 214 215 216 217 218 219 220 221 222 223 224 225
 [91] 226 227 228 229 230 231 232 233 234 235 236 237 238 239 240 241 242 243
[109] 244 245 246 247 248 249 250 251 252 253 254 255 256 257 258 259 260 261
[127] 262 263 264 265 266 267 268 269 270
[1] "n sub: 10, n images per sub: 1, sigma^2: 0.5, beta: -1.1, simulation: 46"
[1] "n sub: 10, n images per sub: 1, sigma^2: 1, beta: -1.1, simulation: 46"
[1] "n sub: 10, n images per sub: 1, sigma^2: 2, beta: -1.1, simulation: 46"
[1] "n sub: 10, n images per sub: 1, sigma^2: 0.5, beta: -1.1, simulation: 47"
[1] "n sub: 10, n images per sub: 1, sigma^2: 1, beta: -1.1, simulation: 47"
[1] "n sub: 10, n images per sub: 1, sigma^2: 2, beta: -1.1, simulation: 47"
[1] "n sub: 10, n images per sub: 1, sigma^2: 0.5, beta: -1.1, simulation: 48"
[1] "n sub: 10, n images per sub: 1, sigma^2: 1, beta: -1.1, simulation: 48"
[1] "n sub: 10, n images per sub: 1, sigma^2: 2, beta: -1.1, simulation: 48"
[1] "n sub: 10, n images per sub: 1, sigma^2: 0.5, beta: -1.1, simulation: 49"
[1] "n sub: 10, n images per sub: 1, sigma^2: 1, beta: -1.1, simulation: 49"
[1] "n sub: 10, n images per sub: 1, sigma^2: 2, beta: -1.1, simulation: 49"
[1] "n sub: 10, n images per sub: 1, sigma^2: 2, beta: -1.1, simulation: 50"
[1] "n sub: 10, n images per sub: 1, sigma^2: 0.5, beta: -1.1, simulation: 50"
[1] "n sub: 10, n images per sub: 1, sigma^2: 1, beta: -1.1, simulation: 50"
[1] "n sub: 10, n images per sub: 1, sigma^2: 2, beta: -1.1, simulation: 51"
[1] "n sub: 10, n images per sub: 1, sigma^2: 1, beta: -1.1, simulation: 51"
[1] "n sub: 10, n images per sub: 1, sigma^2: 0.5, beta: -1.1, simulation: 51"
[1] "n sub: 10, n images per sub: 1, sigma^2: 2, beta: -1.1, simulation: 52"
[1] "n sub: 10, n images per sub: 1, sigma^2: 0.5, beta: -1.1, simulation: 52"
[1] "n sub: 10, n images per sub: 1, sigma^2: 1, beta: -1.1, simulation: 52"
[1] "n sub: 10, n images per sub: 1, sigma^2: 2, beta: -1.1, simulation: 53"
[1] "n sub: 10, n images per sub: 1, sigma^2: 0.5, beta: -1.1, simulation: 53"
[1] "n sub: 10, n images per sub: 1, sigma^2: 1, beta: -1.1, simulation: 53"
[1] "n sub: 10, n images per sub: 1, sigma^2: 2, beta: -1.1, simulation: 54"
[1] "n sub: 10, n images per sub: 1, sigma^2: 1, beta: -1.1, simulation: 54"
[1] "n sub: 10, n images per sub: 1, sigma^2: 0.5, beta: -1.1, simulation: 54"
[1] "n sub: 10, n images per sub: 1, sigma^2: 2, beta: -1.1, simulation: 55"
[1] "n sub: 10, n images per sub: 1, sigma^2: 1, beta: -1.1, simulation: 55"
[1] "n sub: 10, n images per sub: 1, sigma^2: 0.5, beta: -1.1, simulation: 55"
[1] "n sub: 10, n images per sub: 1, sigma^2: 2, beta: -1.1, simulation: 56"
[1] "n sub: 10, n images per sub: 1, sigma^2: 1, beta: -1.1, simulation: 56"
[1] "n sub: 10, n images per sub: 1, sigma^2: 0.5, beta: -1.1, simulation: 56"
[1] "n sub: 10, n images per sub: 1, sigma^2: 2, beta: -1.1, simulation: 57"
[1] "n sub: 10, n images per sub: 1, sigma^2: 1, beta: -1.1, simulation: 57"
[1] "n sub: 10, n images per sub: 1, sigma^2: 0.5, beta: -1.1, simulation: 57"
[1] "n sub: 10, n images per sub: 1, sigma^2: 2, beta: -1.1, simulation: 58"
[1] "n sub: 10, n images per sub: 1, sigma^2: 1, beta: -1.1, simulation: 58"
[1] "n sub: 10, n images per sub: 1, sigma^2: 0.5, beta: -1.1, simulation: 58"
[1] "n sub: 10, n images per sub: 1, sigma^2: 2, beta: -1.1, simulation: 59"
[1] "n sub: 10, n images per sub: 1, sigma^2: 1, beta: -1.1, simulation: 59"
[1] "n sub: 10, n images per sub: 1, sigma^2: 0.5, beta: -1.1, simulation: 59"
[1] "n sub: 10, n images per sub: 1, sigma^2: 2, beta: -1.1, simulation: 60"
[1] "n sub: 10, n images per sub: 1, sigma^2: 1, beta: -1.1, simulation: 60"
[1] "n sub: 10, n images per sub: 1, sigma^2: 0.5, beta: -1.1, simulation: 60"
[1] "n sub: 10, n images per sub: 1, sigma^2: 2, beta: -1.1, simulation: 61"
[1] "n sub: 10, n images per sub: 1, sigma^2: 1, beta: -1.1, simulation: 61"
[1] "n sub: 10, n images per sub: 1, sigma^2: 0.5, beta: -1.1, simulation: 61"
[1] "n sub: 10, n images per sub: 1, sigma^2: 0.5, beta: -1.1, simulation: 62"
[1] "n sub: 10, n images per sub: 1, sigma^2: 1, beta: -1.1, simulation: 62"
[1] "n sub: 10, n images per sub: 1, sigma^2: 2, beta: -1.1, simulation: 62"
[1] "n sub: 10, n images per sub: 1, sigma^2: 0.5, beta: -1.1, simulation: 63"
[1] "n sub: 10, n images per sub: 1, sigma^2: 1, beta: -1.1, simulation: 63"
[1] "n sub: 10, n images per sub: 1, sigma^2: 2, beta: -1.1, simulation: 63"
[1] "n sub: 10, n images per sub: 1, sigma^2: 0.5, beta: -1.1, simulation: 64"
[1] "n sub: 10, n images per sub: 1, sigma^2: 1, beta: -1.1, simulation: 64"
[1] "n sub: 10, n images per sub: 1, sigma^2: 2, beta: -1.1, simulation: 64"
[1] "n sub: 10, n images per sub: 1, sigma^2: 0.5, beta: -1.1, simulation: 65"
[1] "n sub: 10, n images per sub: 1, sigma^2: 1, beta: -1.1, simulation: 65"
[1] "n sub: 10, n images per sub: 1, sigma^2: 2, beta: -1.1, simulation: 65"
[1] "n sub: 10, n images per sub: 1, sigma^2: 0.5, beta: -1.1, simulation: 66"
[1] "n sub: 10, n images per sub: 1, sigma^2: 1, beta: -1.1, simulation: 66"
[1] "n sub: 10, n images per sub: 1, sigma^2: 2, beta: -1.1, simulation: 66"
[1] "n sub: 10, n images per sub: 1, sigma^2: 0.5, beta: -1.1, simulation: 67"
[1] "n sub: 10, n images per sub: 1, sigma^2: 1, beta: -1.1, simulation: 67"
[1] "n sub: 10, n images per sub: 1, sigma^2: 2, beta: -1.1, simulation: 67"
[1] "n sub: 10, n images per sub: 1, sigma^2: 0.5, beta: -1.1, simulation: 68"
[1] "n sub: 10, n images per sub: 1, sigma^2: 1, beta: -1.1, simulation: 68"
[1] "n sub: 10, n images per sub: 1, sigma^2: 2, beta: -1.1, simulation: 68"
[1] "n sub: 10, n images per sub: 1, sigma^2: 0.5, beta: -1.1, simulation: 69"
[1] "n sub: 10, n images per sub: 1, sigma^2: 1, beta: -1.1, simulation: 69"
[1] "n sub: 10, n images per sub: 1, sigma^2: 2, beta: -1.1, simulation: 69"
[1] "n sub: 10, n images per sub: 1, sigma^2: 0.5, beta: -1.1, simulation: 70"
[1] "n sub: 10, n images per sub: 1, sigma^2: 1, beta: -1.1, simulation: 70"
[1] "n sub: 10, n images per sub: 1, sigma^2: 2, beta: -1.1, simulation: 70"
[1] "n sub: 10, n images per sub: 1, sigma^2: 2, beta: -1.1, simulation: 71"
[1] "n sub: 10, n images per sub: 1, sigma^2: 1, beta: -1.1, simulation: 71"
[1] "n sub: 10, n images per sub: 1, sigma^2: 0.5, beta: -1.1, simulation: 71"
[1] "n sub: 10, n images per sub: 1, sigma^2: 2, beta: -1.1, simulation: 72"
[1] "n sub: 10, n images per sub: 1, sigma^2: 0.5, beta: -1.1, simulation: 72"
[1] "n sub: 10, n images per sub: 1, sigma^2: 1, beta: -1.1, simulation: 72"
[1] "n sub: 10, n images per sub: 1, sigma^2: 2, beta: -1.1, simulation: 73"
[1] "n sub: 10, n images per sub: 1, sigma^2: 1, beta: -1.1, simulation: 73"
[1] "n sub: 10, n images per sub: 1, sigma^2: 0.5, beta: -1.1, simulation: 73"
[1] "n sub: 10, n images per sub: 1, sigma^2: 2, beta: -1.1, simulation: 74"
[1] "n sub: 10, n images per sub: 1, sigma^2: 1, beta: -1.1, simulation: 74"
[1] "n sub: 10, n images per sub: 1, sigma^2: 0.5, beta: -1.1, simulation: 74"
[1] "n sub: 10, n images per sub: 1, sigma^2: 2, beta: -1.1, simulation: 75"
[1] "n sub: 10, n images per sub: 1, sigma^2: 1, beta: -1.1, simulation: 75"
[1] "n sub: 10, n images per sub: 1, sigma^2: 0.5, beta: -1.1, simulation: 75"
[1] "n sub: 10, n images per sub: 1, sigma^2: 2, beta: -1.1, simulation: 76"
[1] "n sub: 10, n images per sub: 1, sigma^2: 1, beta: -1.1, simulation: 76"
[1] "n sub: 10, n images per sub: 1, sigma^2: 0.5, beta: -1.1, simulation: 76"
[1] "n sub: 10, n images per sub: 1, sigma^2: 2, beta: -1.1, simulation: 77"
[1] "n sub: 10, n images per sub: 1, sigma^2: 1, beta: -1.1, simulation: 77"
[1] "n sub: 10, n images per sub: 1, sigma^2: 0.5, beta: -1.1, simulation: 77"
[1] "n sub: 10, n images per sub: 1, sigma^2: 2, beta: -1.1, simulation: 78"
[1] "n sub: 10, n images per sub: 1, sigma^2: 1, beta: -1.1, simulation: 78"
[1] "n sub: 10, n images per sub: 1, sigma^2: 0.5, beta: -1.1, simulation: 78"
[1] "n sub: 10, n images per sub: 1, sigma^2: 2, beta: -1.1, simulation: 79"
[1] "n sub: 10, n images per sub: 1, sigma^2: 1, beta: -1.1, simulation: 79"
[1] "n sub: 10, n images per sub: 1, sigma^2: 0.5, beta: -1.1, simulation: 79"
[1] "n sub: 10, n images per sub: 1, sigma^2: 2, beta: -1.1, simulation: 80"
[1] "n sub: 10, n images per sub: 1, sigma^2: 1, beta: -1.1, simulation: 80"
[1] "n sub: 10, n images per sub: 1, sigma^2: 0.5, beta: -1.1, simulation: 80"
[1] "n sub: 10, n images per sub: 1, sigma^2: 2, beta: -1.1, simulation: 81"
[1] "n sub: 10, n images per sub: 1, sigma^2: 1, beta: -1.1, simulation: 81"
[1] "n sub: 10, n images per sub: 1, sigma^2: 0.5, beta: -1.1, simulation: 81"
[1] "n sub: 10, n images per sub: 1, sigma^2: 2, beta: -1.1, simulation: 82"
[1] "n sub: 10, n images per sub: 1, sigma^2: 1, beta: -1.1, simulation: 82"
[1] "n sub: 10, n images per sub: 1, sigma^2: 0.5, beta: -1.1, simulation: 82"
[1] "n sub: 10, n images per sub: 1, sigma^2: 2, beta: -1.1, simulation: 83"
[1] "n sub: 10, n images per sub: 1, sigma^2: 1, beta: -1.1, simulation: 83"
[1] "n sub: 10, n images per sub: 1, sigma^2: 0.5, beta: -1.1, simulation: 83"
[1] "n sub: 10, n images per sub: 1, sigma^2: 2, beta: -1.1, simulation: 84"
[1] "n sub: 10, n images per sub: 1, sigma^2: 1, beta: -1.1, simulation: 84"
[1] "n sub: 10, n images per sub: 1, sigma^2: 0.5, beta: -1.1, simulation: 84"
[1] "n sub: 10, n images per sub: 1, sigma^2: 2, beta: -1.1, simulation: 85"
[1] "n sub: 10, n images per sub: 1, sigma^2: 1, beta: -1.1, simulation: 85"
[1] "n sub: 10, n images per sub: 1, sigma^2: 0.5, beta: -1.1, simulation: 85"
[1] "n sub: 10, n images per sub: 1, sigma^2: 2, beta: -1.1, simulation: 86"
[1] "n sub: 10, n images per sub: 1, sigma^2: 1, beta: -1.1, simulation: 86"
[1] "n sub: 10, n images per sub: 1, sigma^2: 0.5, beta: -1.1, simulation: 86"
[1] "n sub: 10, n images per sub: 1, sigma^2: 2, beta: -1.1, simulation: 87"
[1] "n sub: 10, n images per sub: 1, sigma^2: 1, beta: -1.1, simulation: 87"
[1] "n sub: 10, n images per sub: 1, sigma^2: 0.5, beta: -1.1, simulation: 87"
[1] "n sub: 10, n images per sub: 1, sigma^2: 2, beta: -1.1, simulation: 88"
[1] "n sub: 10, n images per sub: 1, sigma^2: 1, beta: -1.1, simulation: 88"
[1] "n sub: 10, n images per sub: 1, sigma^2: 0.5, beta: -1.1, simulation: 88"
[1] "n sub: 10, n images per sub: 1, sigma^2: 2, beta: -1.1, simulation: 89"
[1] "n sub: 10, n images per sub: 1, sigma^2: 1, beta: -1.1, simulation: 89"
[1] "n sub: 10, n images per sub: 1, sigma^2: 0.5, beta: -1.1, simulation: 89"
[1] "n sub: 10, n images per sub: 1, sigma^2: 2, beta: -1.1, simulation: 90"
[1] "n sub: 10, n images per sub: 1, sigma^2: 1, beta: -1.1, simulation: 90"
[1] "n sub: 10, n images per sub: 1, sigma^2: 0.5, beta: -1.1, simulation: 90"
