  [1] 7966 7967 7968 7969 7970 7971 7972 7973 7974 7975 7976 7977 7978 7979 7980
 [16] 7981 7982 7983 7984 7985 7986 7987 7988 7989 7990 7991 7992 7993 7994 7995
 [31] 7996 7997 7998 7999 8000 8001 8002 8003 8004 8005 8006 8007 8008 8009 8010
 [46] 8011 8012 8013 8014 8015 8016 8017 8018 8019 8020 8021 8022 8023 8024 8025
 [61] 8026 8027 8028 8029 8030 8031 8032 8033 8034 8035 8036 8037 8038 8039 8040
 [76] 8041 8042 8043 8044 8045 8046 8047 8048 8049 8050 8051 8052 8053 8054 8055
 [91] 8056 8057 8058 8059 8060 8061 8062 8063 8064 8065 8066 8067 8068 8069 8070
[106] 8071 8072 8073 8074 8075 8076 8077 8078 8079 8080 8081 8082 8083 8084 8085
[121] 8086 8087 8088 8089 8090 8091 8092 8093 8094 8095 8096 8097 8098 8099 8100
[1] "n sub: 50, n images per sub: 1, sigma^2: 0.5, beta: 1.1, simulation: 56"
[1] "n sub: 50, n images per sub: 1, sigma^2: 1, beta: 1.1, simulation: 56"
[1] "n sub: 50, n images per sub: 1, sigma^2: 2, beta: 1.1, simulation: 56"
[1] "n sub: 50, n images per sub: 1, sigma^2: 0.5, beta: 1.1, simulation: 57"
[1] "n sub: 50, n images per sub: 1, sigma^2: 1, beta: 1.1, simulation: 57"
[1] "n sub: 50, n images per sub: 1, sigma^2: 2, beta: 1.1, simulation: 57"
[1] "n sub: 50, n images per sub: 1, sigma^2: 0.5, beta: 1.1, simulation: 58"
[1] "n sub: 50, n images per sub: 1, sigma^2: 1, beta: 1.1, simulation: 58"
[1] "n sub: 50, n images per sub: 1, sigma^2: 2, beta: 1.1, simulation: 58"
[1] "n sub: 50, n images per sub: 1, sigma^2: 0.5, beta: 1.1, simulation: 59"
[1] "n sub: 50, n images per sub: 1, sigma^2: 1, beta: 1.1, simulation: 59"
[1] "n sub: 50, n images per sub: 1, sigma^2: 2, beta: 1.1, simulation: 59"
[1] "n sub: 50, n images per sub: 1, sigma^2: 2, beta: 1.1, simulation: 60"
[1] "n sub: 50, n images per sub: 1, sigma^2: 1, beta: 1.1, simulation: 60"
[1] "n sub: 50, n images per sub: 1, sigma^2: 0.5, beta: 1.1, simulation: 60"
[1] "n sub: 50, n images per sub: 1, sigma^2: 2, beta: 1.1, simulation: 61"
[1] "n sub: 50, n images per sub: 1, sigma^2: 1, beta: 1.1, simulation: 61"
[1] "n sub: 50, n images per sub: 1, sigma^2: 0.5, beta: 1.1, simulation: 61"
[1] "n sub: 50, n images per sub: 1, sigma^2: 2, beta: 1.1, simulation: 62"
[1] "n sub: 50, n images per sub: 1, sigma^2: 1, beta: 1.1, simulation: 62"
[1] "n sub: 50, n images per sub: 1, sigma^2: 0.5, beta: 1.1, simulation: 62"
[1] "n sub: 50, n images per sub: 1, sigma^2: 2, beta: 1.1, simulation: 63"
[1] "n sub: 50, n images per sub: 1, sigma^2: 1, beta: 1.1, simulation: 63"
[1] "n sub: 50, n images per sub: 1, sigma^2: 0.5, beta: 1.1, simulation: 63"
[1] "n sub: 50, n images per sub: 1, sigma^2: 2, beta: 1.1, simulation: 64"
[1] "n sub: 50, n images per sub: 1, sigma^2: 1, beta: 1.1, simulation: 64"
[1] "n sub: 50, n images per sub: 1, sigma^2: 0.5, beta: 1.1, simulation: 64"
[1] "n sub: 50, n images per sub: 1, sigma^2: 2, beta: 1.1, simulation: 65"
[1] "n sub: 50, n images per sub: 1, sigma^2: 1, beta: 1.1, simulation: 65"
[1] "n sub: 50, n images per sub: 1, sigma^2: 0.5, beta: 1.1, simulation: 65"
[1] "n sub: 50, n images per sub: 1, sigma^2: 2, beta: 1.1, simulation: 66"
[1] "n sub: 50, n images per sub: 1, sigma^2: 1, beta: 1.1, simulation: 66"
[1] "n sub: 50, n images per sub: 1, sigma^2: 0.5, beta: 1.1, simulation: 66"
[1] "n sub: 50, n images per sub: 1, sigma^2: 2, beta: 1.1, simulation: 67"
[1] "n sub: 50, n images per sub: 1, sigma^2: 1, beta: 1.1, simulation: 67"
[1] "n sub: 50, n images per sub: 1, sigma^2: 0.5, beta: 1.1, simulation: 67"
[1] "n sub: 50, n images per sub: 1, sigma^2: 2, beta: 1.1, simulation: 68"
[1] "n sub: 50, n images per sub: 1, sigma^2: 1, beta: 1.1, simulation: 68"
[1] "n sub: 50, n images per sub: 1, sigma^2: 0.5, beta: 1.1, simulation: 68"
[1] "n sub: 50, n images per sub: 1, sigma^2: 2, beta: 1.1, simulation: 69"
[1] "n sub: 50, n images per sub: 1, sigma^2: 1, beta: 1.1, simulation: 69"
[1] "n sub: 50, n images per sub: 1, sigma^2: 0.5, beta: 1.1, simulation: 69"
[1] "n sub: 50, n images per sub: 1, sigma^2: 2, beta: 1.1, simulation: 70"
[1] "n sub: 50, n images per sub: 1, sigma^2: 1, beta: 1.1, simulation: 70"
[1] "n sub: 50, n images per sub: 1, sigma^2: 0.5, beta: 1.1, simulation: 70"
[1] "n sub: 50, n images per sub: 1, sigma^2: 2, beta: 1.1, simulation: 71"
[1] "n sub: 50, n images per sub: 1, sigma^2: 1, beta: 1.1, simulation: 71"
[1] "n sub: 50, n images per sub: 1, sigma^2: 0.5, beta: 1.1, simulation: 71"
[1] "n sub: 50, n images per sub: 1, sigma^2: 0.5, beta: 1.1, simulation: 72"
[1] "n sub: 50, n images per sub: 1, sigma^2: 1, beta: 1.1, simulation: 72"
[1] "n sub: 50, n images per sub: 1, sigma^2: 2, beta: 1.1, simulation: 72"
[1] "n sub: 50, n images per sub: 1, sigma^2: 0.5, beta: 1.1, simulation: 73"
[1] "n sub: 50, n images per sub: 1, sigma^2: 1, beta: 1.1, simulation: 73"
[1] "n sub: 50, n images per sub: 1, sigma^2: 2, beta: 1.1, simulation: 73"
[1] "n sub: 50, n images per sub: 1, sigma^2: 0.5, beta: 1.1, simulation: 74"
[1] "n sub: 50, n images per sub: 1, sigma^2: 1, beta: 1.1, simulation: 74"
[1] "n sub: 50, n images per sub: 1, sigma^2: 2, beta: 1.1, simulation: 74"
[1] "n sub: 50, n images per sub: 1, sigma^2: 0.5, beta: 1.1, simulation: 75"
[1] "n sub: 50, n images per sub: 1, sigma^2: 1, beta: 1.1, simulation: 75"
[1] "n sub: 50, n images per sub: 1, sigma^2: 2, beta: 1.1, simulation: 75"
[1] "n sub: 50, n images per sub: 1, sigma^2: 0.5, beta: 1.1, simulation: 76"
[1] "n sub: 50, n images per sub: 1, sigma^2: 1, beta: 1.1, simulation: 76"
[1] "n sub: 50, n images per sub: 1, sigma^2: 2, beta: 1.1, simulation: 76"
[1] "n sub: 50, n images per sub: 1, sigma^2: 0.5, beta: 1.1, simulation: 77"
[1] "n sub: 50, n images per sub: 1, sigma^2: 1, beta: 1.1, simulation: 77"
[1] "n sub: 50, n images per sub: 1, sigma^2: 2, beta: 1.1, simulation: 77"
[1] "n sub: 50, n images per sub: 1, sigma^2: 0.5, beta: 1.1, simulation: 78"
[1] "n sub: 50, n images per sub: 1, sigma^2: 1, beta: 1.1, simulation: 78"
[1] "n sub: 50, n images per sub: 1, sigma^2: 2, beta: 1.1, simulation: 78"
[1] "n sub: 50, n images per sub: 1, sigma^2: 0.5, beta: 1.1, simulation: 79"
[1] "n sub: 50, n images per sub: 1, sigma^2: 1, beta: 1.1, simulation: 79"
[1] "n sub: 50, n images per sub: 1, sigma^2: 2, beta: 1.1, simulation: 79"
[1] "n sub: 50, n images per sub: 1, sigma^2: 2, beta: 1.1, simulation: 80"
[1] "n sub: 50, n images per sub: 1, sigma^2: 1, beta: 1.1, simulation: 80"
[1] "n sub: 50, n images per sub: 1, sigma^2: 0.5, beta: 1.1, simulation: 80"
[1] "n sub: 50, n images per sub: 1, sigma^2: 2, beta: 1.1, simulation: 81"
[1] "n sub: 50, n images per sub: 1, sigma^2: 1, beta: 1.1, simulation: 81"
[1] "n sub: 50, n images per sub: 1, sigma^2: 0.5, beta: 1.1, simulation: 81"
[1] "n sub: 50, n images per sub: 1, sigma^2: 2, beta: 1.1, simulation: 82"
[1] "n sub: 50, n images per sub: 1, sigma^2: 1, beta: 1.1, simulation: 82"
[1] "n sub: 50, n images per sub: 1, sigma^2: 0.5, beta: 1.1, simulation: 82"
[1] "n sub: 50, n images per sub: 1, sigma^2: 2, beta: 1.1, simulation: 83"
[1] "n sub: 50, n images per sub: 1, sigma^2: 1, beta: 1.1, simulation: 83"
[1] "n sub: 50, n images per sub: 1, sigma^2: 0.5, beta: 1.1, simulation: 83"
[1] "n sub: 50, n images per sub: 1, sigma^2: 2, beta: 1.1, simulation: 84"
[1] "n sub: 50, n images per sub: 1, sigma^2: 1, beta: 1.1, simulation: 84"
[1] "n sub: 50, n images per sub: 1, sigma^2: 0.5, beta: 1.1, simulation: 84"
[1] "n sub: 50, n images per sub: 1, sigma^2: 2, beta: 1.1, simulation: 85"
[1] "n sub: 50, n images per sub: 1, sigma^2: 1, beta: 1.1, simulation: 85"
[1] "n sub: 50, n images per sub: 1, sigma^2: 0.5, beta: 1.1, simulation: 85"
[1] "n sub: 50, n images per sub: 1, sigma^2: 2, beta: 1.1, simulation: 86"
[1] "n sub: 50, n images per sub: 1, sigma^2: 1, beta: 1.1, simulation: 86"
[1] "n sub: 50, n images per sub: 1, sigma^2: 0.5, beta: 1.1, simulation: 86"
[1] "n sub: 50, n images per sub: 1, sigma^2: 2, beta: 1.1, simulation: 87"
[1] "n sub: 50, n images per sub: 1, sigma^2: 1, beta: 1.1, simulation: 87"
[1] "n sub: 50, n images per sub: 1, sigma^2: 0.5, beta: 1.1, simulation: 87"
[1] "n sub: 50, n images per sub: 1, sigma^2: 2, beta: 1.1, simulation: 88"
[1] "n sub: 50, n images per sub: 1, sigma^2: 1, beta: 1.1, simulation: 88"
[1] "n sub: 50, n images per sub: 1, sigma^2: 0.5, beta: 1.1, simulation: 88"
[1] "n sub: 50, n images per sub: 1, sigma^2: 2, beta: 1.1, simulation: 89"
[1] "n sub: 50, n images per sub: 1, sigma^2: 1, beta: 1.1, simulation: 89"
[1] "n sub: 50, n images per sub: 1, sigma^2: 0.5, beta: 1.1, simulation: 89"
[1] "n sub: 50, n images per sub: 1, sigma^2: 1, beta: 1.1, simulation: 90"
[1] "n sub: 50, n images per sub: 1, sigma^2: 2, beta: 1.1, simulation: 90"
[1] "n sub: 50, n images per sub: 1, sigma^2: 0.5, beta: 1.1, simulation: 90"
[1] "n sub: 50, n images per sub: 1, sigma^2: 2, beta: 1.1, simulation: 91"
[1] "n sub: 50, n images per sub: 1, sigma^2: 1, beta: 1.1, simulation: 91"
[1] "n sub: 50, n images per sub: 1, sigma^2: 0.5, beta: 1.1, simulation: 91"
[1] "n sub: 50, n images per sub: 1, sigma^2: 0.5, beta: 1.1, simulation: 92"
[1] "n sub: 50, n images per sub: 1, sigma^2: 1, beta: 1.1, simulation: 92"
[1] "n sub: 50, n images per sub: 1, sigma^2: 2, beta: 1.1, simulation: 92"
[1] "n sub: 50, n images per sub: 1, sigma^2: 0.5, beta: 1.1, simulation: 93"
[1] "n sub: 50, n images per sub: 1, sigma^2: 1, beta: 1.1, simulation: 93"
[1] "n sub: 50, n images per sub: 1, sigma^2: 2, beta: 1.1, simulation: 93"
[1] "n sub: 50, n images per sub: 1, sigma^2: 0.5, beta: 1.1, simulation: 94"
[1] "n sub: 50, n images per sub: 1, sigma^2: 1, beta: 1.1, simulation: 94"
[1] "n sub: 50, n images per sub: 1, sigma^2: 2, beta: 1.1, simulation: 94"
[1] "n sub: 50, n images per sub: 1, sigma^2: 0.5, beta: 1.1, simulation: 95"
[1] "n sub: 50, n images per sub: 1, sigma^2: 1, beta: 1.1, simulation: 95"
[1] "n sub: 50, n images per sub: 1, sigma^2: 2, beta: 1.1, simulation: 95"
[1] "n sub: 50, n images per sub: 1, sigma^2: 0.5, beta: 1.1, simulation: 96"
[1] "n sub: 50, n images per sub: 1, sigma^2: 1, beta: 1.1, simulation: 96"
[1] "n sub: 50, n images per sub: 1, sigma^2: 2, beta: 1.1, simulation: 96"
[1] "n sub: 50, n images per sub: 1, sigma^2: 0.5, beta: 1.1, simulation: 97"
[1] "n sub: 50, n images per sub: 1, sigma^2: 1, beta: 1.1, simulation: 97"
[1] "n sub: 50, n images per sub: 1, sigma^2: 2, beta: 1.1, simulation: 97"
[1] "n sub: 50, n images per sub: 1, sigma^2: 0.5, beta: 1.1, simulation: 98"
[1] "n sub: 50, n images per sub: 1, sigma^2: 1, beta: 1.1, simulation: 98"
[1] "n sub: 50, n images per sub: 1, sigma^2: 2, beta: 1.1, simulation: 98"
[1] "n sub: 50, n images per sub: 1, sigma^2: 0.5, beta: 1.1, simulation: 99"
[1] "n sub: 50, n images per sub: 1, sigma^2: 1, beta: 1.1, simulation: 99"
[1] "n sub: 50, n images per sub: 1, sigma^2: 2, beta: 1.1, simulation: 99"
[1] "n sub: 50, n images per sub: 1, sigma^2: 0.5, beta: 1.1, simulation: 100"
[1] "n sub: 50, n images per sub: 1, sigma^2: 1, beta: 1.1, simulation: 100"
[1] "n sub: 50, n images per sub: 1, sigma^2: 2, beta: 1.1, simulation: 100"
