 [1] 15175 15176 15177 15178 15179 15180 15181 15182 15183 15184 15185 15186
[13] 15187 15188 15189 15190 15191 15192 15193 15194 15195 15196 15197 15198
[25] 15199 15200 15201
[1] "n sub: 50, n images per sub: 5, sigma^2: 1, beta: 0.22, simulation: 59"
[1] "n sub: 50, n images per sub: 5, sigma^2: 2, beta: 0.22, simulation: 59"
[1] "n sub: 50, n images per sub: 5, sigma^2: 0.5, beta: 0.22, simulation: 59"
[1] "n sub: 50, n images per sub: 5, sigma^2: 2, beta: 0.22, simulation: 60"
[1] "n sub: 50, n images per sub: 5, sigma^2: 1, beta: 0.22, simulation: 60"
[1] "n sub: 50, n images per sub: 5, sigma^2: 0.5, beta: 0.22, simulation: 60"
[1] "n sub: 50, n images per sub: 5, sigma^2: 2, beta: 0.22, simulation: 61"
[1] "n sub: 50, n images per sub: 5, sigma^2: 1, beta: 0.22, simulation: 61"
[1] "n sub: 50, n images per sub: 5, sigma^2: 0.5, beta: 0.22, simulation: 61"
[1] "n sub: 50, n images per sub: 5, sigma^2: 2, beta: 0.22, simulation: 62"
[1] "n sub: 50, n images per sub: 5, sigma^2: 1, beta: 0.22, simulation: 62"
[1] "n sub: 50, n images per sub: 5, sigma^2: 0.5, beta: 0.22, simulation: 62"
[1] "n sub: 50, n images per sub: 5, sigma^2: 2, beta: 0.22, simulation: 63"
[1] "n sub: 50, n images per sub: 5, sigma^2: 1, beta: 0.22, simulation: 63"
[1] "n sub: 50, n images per sub: 5, sigma^2: 0.5, beta: 0.22, simulation: 63"
[1] "n sub: 50, n images per sub: 5, sigma^2: 2, beta: 0.22, simulation: 64"
[1] "n sub: 50, n images per sub: 5, sigma^2: 1, beta: 0.22, simulation: 64"
[1] "n sub: 50, n images per sub: 5, sigma^2: 0.5, beta: 0.22, simulation: 64"
[1] "n sub: 50, n images per sub: 5, sigma^2: 2, beta: 0.22, simulation: 65"
[1] "n sub: 50, n images per sub: 5, sigma^2: 1, beta: 0.22, simulation: 65"
[1] "n sub: 50, n images per sub: 5, sigma^2: 0.5, beta: 0.22, simulation: 65"
[1] "n sub: 50, n images per sub: 5, sigma^2: 2, beta: 0.22, simulation: 66"
[1] "n sub: 50, n images per sub: 5, sigma^2: 1, beta: 0.22, simulation: 66"
[1] "n sub: 50, n images per sub: 5, sigma^2: 0.5, beta: 0.22, simulation: 66"
[1] "n sub: 50, n images per sub: 5, sigma^2: 2, beta: 0.22, simulation: 67"
[1] "n sub: 50, n images per sub: 5, sigma^2: 1, beta: 0.22, simulation: 67"
[1] "n sub: 50, n images per sub: 5, sigma^2: 0.5, beta: 0.22, simulation: 67"
