 [1] 15445 15446 15447 15448 15449 15450 15451 15452 15453 15454 15455 15456
[13] 15457 15458 15459 15460 15461 15462 15463 15464 15465 15466 15467 15468
[25] 15469 15470 15471
[1] "n sub: 50, n images per sub: 5, sigma^2: 1, beta: 0.41, simulation: 49"
[1] "n sub: 50, n images per sub: 5, sigma^2: 0.5, beta: 0.41, simulation: 49"
[1] "n sub: 50, n images per sub: 5, sigma^2: 2, beta: 0.41, simulation: 49"
[1] "n sub: 50, n images per sub: 5, sigma^2: 0.5, beta: 0.41, simulation: 50"
[1] "n sub: 50, n images per sub: 5, sigma^2: 1, beta: 0.41, simulation: 50"
[1] "n sub: 50, n images per sub: 5, sigma^2: 2, beta: 0.41, simulation: 50"
[1] "n sub: 50, n images per sub: 5, sigma^2: 0.5, beta: 0.41, simulation: 51"
[1] "n sub: 50, n images per sub: 5, sigma^2: 1, beta: 0.41, simulation: 51"
[1] "n sub: 50, n images per sub: 5, sigma^2: 2, beta: 0.41, simulation: 51"
[1] "n sub: 50, n images per sub: 5, sigma^2: 0.5, beta: 0.41, simulation: 52"
[1] "n sub: 50, n images per sub: 5, sigma^2: 1, beta: 0.41, simulation: 52"
[1] "n sub: 50, n images per sub: 5, sigma^2: 2, beta: 0.41, simulation: 52"
[1] "n sub: 50, n images per sub: 5, sigma^2: 0.5, beta: 0.41, simulation: 53"
[1] "n sub: 50, n images per sub: 5, sigma^2: 1, beta: 0.41, simulation: 53"
[1] "n sub: 50, n images per sub: 5, sigma^2: 2, beta: 0.41, simulation: 53"
[1] "n sub: 50, n images per sub: 5, sigma^2: 0.5, beta: 0.41, simulation: 54"
[1] "n sub: 50, n images per sub: 5, sigma^2: 1, beta: 0.41, simulation: 54"
[1] "n sub: 50, n images per sub: 5, sigma^2: 2, beta: 0.41, simulation: 54"
[1] "n sub: 50, n images per sub: 5, sigma^2: 0.5, beta: 0.41, simulation: 55"
[1] "n sub: 50, n images per sub: 5, sigma^2: 1, beta: 0.41, simulation: 55"
[1] "n sub: 50, n images per sub: 5, sigma^2: 2, beta: 0.41, simulation: 55"
[1] "n sub: 50, n images per sub: 5, sigma^2: 0.5, beta: 0.41, simulation: 56"
[1] "n sub: 50, n images per sub: 5, sigma^2: 1, beta: 0.41, simulation: 56"
[1] "n sub: 50, n images per sub: 5, sigma^2: 2, beta: 0.41, simulation: 56"
[1] "n sub: 50, n images per sub: 5, sigma^2: 0.5, beta: 0.41, simulation: 57"
[1] "n sub: 50, n images per sub: 5, sigma^2: 1, beta: 0.41, simulation: 57"
[1] "n sub: 50, n images per sub: 5, sigma^2: 2, beta: 0.41, simulation: 57"
