 [1] 14419 14420 14421 14422 14423 14424 14425 14426 14427 14428 14429 14430
[13] 14431 14432 14433 14434 14435 14436 14437 14438 14439 14440 14441 14442
[25] 14443 14444 14445
[1] "n sub: 50, n images per sub: 5, sigma^2: 2, beta: -0.22, simulation: 7"
[1] "n sub: 50, n images per sub: 5, sigma^2: 1, beta: -0.22, simulation: 7"
[1] "n sub: 50, n images per sub: 5, sigma^2: 0.5, beta: -0.22, simulation: 7"
[1] "n sub: 50, n images per sub: 5, sigma^2: 2, beta: -0.22, simulation: 8"
[1] "n sub: 50, n images per sub: 5, sigma^2: 1, beta: -0.22, simulation: 8"
[1] "n sub: 50, n images per sub: 5, sigma^2: 0.5, beta: -0.22, simulation: 8"
[1] "n sub: 50, n images per sub: 5, sigma^2: 2, beta: -0.22, simulation: 9"
[1] "n sub: 50, n images per sub: 5, sigma^2: 1, beta: -0.22, simulation: 9"
[1] "n sub: 50, n images per sub: 5, sigma^2: 0.5, beta: -0.22, simulation: 9"
[1] "n sub: 50, n images per sub: 5, sigma^2: 2, beta: -0.22, simulation: 10"
[1] "n sub: 50, n images per sub: 5, sigma^2: 1, beta: -0.22, simulation: 10"
[1] "n sub: 50, n images per sub: 5, sigma^2: 0.5, beta: -0.22, simulation: 10"
[1] "n sub: 50, n images per sub: 5, sigma^2: 2, beta: -0.22, simulation: 11"
[1] "n sub: 50, n images per sub: 5, sigma^2: 1, beta: -0.22, simulation: 11"
[1] "n sub: 50, n images per sub: 5, sigma^2: 0.5, beta: -0.22, simulation: 11"
[1] "n sub: 50, n images per sub: 5, sigma^2: 2, beta: -0.22, simulation: 12"
[1] "n sub: 50, n images per sub: 5, sigma^2: 1, beta: -0.22, simulation: 12"
[1] "n sub: 50, n images per sub: 5, sigma^2: 0.5, beta: -0.22, simulation: 12"
[1] "n sub: 50, n images per sub: 5, sigma^2: 2, beta: -0.22, simulation: 13"
[1] "n sub: 50, n images per sub: 5, sigma^2: 1, beta: -0.22, simulation: 13"
[1] "n sub: 50, n images per sub: 5, sigma^2: 0.5, beta: -0.22, simulation: 13"
[1] "n sub: 50, n images per sub: 5, sigma^2: 2, beta: -0.22, simulation: 14"
[1] "n sub: 50, n images per sub: 5, sigma^2: 1, beta: -0.22, simulation: 14"
[1] "n sub: 50, n images per sub: 5, sigma^2: 0.5, beta: -0.22, simulation: 14"
[1] "n sub: 50, n images per sub: 5, sigma^2: 2, beta: -0.22, simulation: 15"
[1] "n sub: 50, n images per sub: 5, sigma^2: 1, beta: -0.22, simulation: 15"
[1] "n sub: 50, n images per sub: 5, sigma^2: 0.5, beta: -0.22, simulation: 15"
