  [1] 8641 8642 8643 8644 8645 8646 8647 8648 8649 8650 8651 8652 8653 8654 8655
 [16] 8656 8657 8658 8659 8660 8661 8662 8663 8664 8665 8666 8667 8668 8669 8670
 [31] 8671 8672 8673 8674 8675 8676 8677 8678 8679 8680 8681 8682 8683 8684 8685
 [46] 8686 8687 8688 8689 8690 8691 8692 8693 8694 8695 8696 8697 8698 8699 8700
 [61] 8701 8702 8703 8704 8705 8706 8707 8708 8709 8710 8711 8712 8713 8714 8715
 [76] 8716 8717 8718 8719 8720 8721 8722 8723 8724 8725 8726 8727 8728 8729 8730
 [91] 8731 8732 8733 8734 8735 8736 8737 8738 8739 8740 8741 8742 8743 8744 8745
[106] 8746 8747 8748
[1] "n sub: 10, n images per sub: 5, sigma^2: 2, beta: -0.69, simulation: 81"
[1] "n sub: 10, n images per sub: 5, sigma^2: 1, beta: -0.69, simulation: 81"
[1] "n sub: 10, n images per sub: 5, sigma^2: 0.5, beta: -0.69, simulation: 81"
[1] "n sub: 10, n images per sub: 5, sigma^2: 2, beta: -0.69, simulation: 82"
[1] "n sub: 10, n images per sub: 5, sigma^2: 1, beta: -0.69, simulation: 82"
[1] "n sub: 10, n images per sub: 5, sigma^2: 0.5, beta: -0.69, simulation: 82"
[1] "n sub: 10, n images per sub: 5, sigma^2: 2, beta: -0.69, simulation: 83"
[1] "n sub: 10, n images per sub: 5, sigma^2: 1, beta: -0.69, simulation: 83"
[1] "n sub: 10, n images per sub: 5, sigma^2: 0.5, beta: -0.69, simulation: 83"
[1] "n sub: 10, n images per sub: 5, sigma^2: 2, beta: -0.69, simulation: 84"
[1] "n sub: 10, n images per sub: 5, sigma^2: 1, beta: -0.69, simulation: 84"
[1] "n sub: 10, n images per sub: 5, sigma^2: 0.5, beta: -0.69, simulation: 84"
[1] "n sub: 10, n images per sub: 5, sigma^2: 2, beta: -0.69, simulation: 85"
[1] "n sub: 10, n images per sub: 5, sigma^2: 1, beta: -0.69, simulation: 85"
[1] "n sub: 10, n images per sub: 5, sigma^2: 0.5, beta: -0.69, simulation: 85"
[1] "n sub: 10, n images per sub: 5, sigma^2: 2, beta: -0.69, simulation: 86"
[1] "n sub: 10, n images per sub: 5, sigma^2: 1, beta: -0.69, simulation: 86"
[1] "n sub: 10, n images per sub: 5, sigma^2: 0.5, beta: -0.69, simulation: 86"
[1] "n sub: 10, n images per sub: 5, sigma^2: 2, beta: -0.69, simulation: 87"
[1] "n sub: 10, n images per sub: 5, sigma^2: 1, beta: -0.69, simulation: 87"
[1] "n sub: 10, n images per sub: 5, sigma^2: 0.5, beta: -0.69, simulation: 87"
[1] "n sub: 10, n images per sub: 5, sigma^2: 2, beta: -0.69, simulation: 88"
[1] "n sub: 10, n images per sub: 5, sigma^2: 1, beta: -0.69, simulation: 88"
[1] "n sub: 10, n images per sub: 5, sigma^2: 0.5, beta: -0.69, simulation: 88"
[1] "n sub: 10, n images per sub: 5, sigma^2: 2, beta: -0.69, simulation: 89"
[1] "n sub: 10, n images per sub: 5, sigma^2: 1, beta: -0.69, simulation: 89"
[1] "n sub: 10, n images per sub: 5, sigma^2: 0.5, beta: -0.69, simulation: 89"
[1] "n sub: 10, n images per sub: 5, sigma^2: 2, beta: -0.69, simulation: 90"
[1] "n sub: 10, n images per sub: 5, sigma^2: 1, beta: -0.69, simulation: 90"
[1] "n sub: 10, n images per sub: 5, sigma^2: 0.5, beta: -0.69, simulation: 90"
[1] "n sub: 10, n images per sub: 5, sigma^2: 2, beta: -0.69, simulation: 91"
[1] "n sub: 10, n images per sub: 5, sigma^2: 1, beta: -0.69, simulation: 91"
[1] "n sub: 10, n images per sub: 5, sigma^2: 0.5, beta: -0.69, simulation: 91"
[1] "n sub: 10, n images per sub: 5, sigma^2: 2, beta: -0.69, simulation: 92"
[1] "n sub: 10, n images per sub: 5, sigma^2: 1, beta: -0.69, simulation: 92"
[1] "n sub: 10, n images per sub: 5, sigma^2: 0.5, beta: -0.69, simulation: 92"
[1] "n sub: 10, n images per sub: 5, sigma^2: 2, beta: -0.69, simulation: 93"
[1] "n sub: 10, n images per sub: 5, sigma^2: 1, beta: -0.69, simulation: 93"
[1] "n sub: 10, n images per sub: 5, sigma^2: 0.5, beta: -0.69, simulation: 93"
[1] "n sub: 10, n images per sub: 5, sigma^2: 2, beta: -0.69, simulation: 94"
[1] "n sub: 10, n images per sub: 5, sigma^2: 1, beta: -0.69, simulation: 94"
[1] "n sub: 10, n images per sub: 5, sigma^2: 0.5, beta: -0.69, simulation: 94"
[1] "n sub: 10, n images per sub: 5, sigma^2: 2, beta: -0.69, simulation: 95"
[1] "n sub: 10, n images per sub: 5, sigma^2: 1, beta: -0.69, simulation: 95"
[1] "n sub: 10, n images per sub: 5, sigma^2: 0.5, beta: -0.69, simulation: 95"
[1] "n sub: 10, n images per sub: 5, sigma^2: 2, beta: -0.69, simulation: 96"
[1] "n sub: 10, n images per sub: 5, sigma^2: 1, beta: -0.69, simulation: 96"
[1] "n sub: 10, n images per sub: 5, sigma^2: 0.5, beta: -0.69, simulation: 96"
[1] "n sub: 10, n images per sub: 5, sigma^2: 2, beta: -0.69, simulation: 97"
[1] "n sub: 10, n images per sub: 5, sigma^2: 1, beta: -0.69, simulation: 97"
[1] "n sub: 10, n images per sub: 5, sigma^2: 0.5, beta: -0.69, simulation: 97"
[1] "n sub: 10, n images per sub: 5, sigma^2: 2, beta: -0.69, simulation: 98"
[1] "n sub: 10, n images per sub: 5, sigma^2: 1, beta: -0.69, simulation: 98"
[1] "n sub: 10, n images per sub: 5, sigma^2: 0.5, beta: -0.69, simulation: 98"
[1] "n sub: 10, n images per sub: 5, sigma^2: 2, beta: -0.69, simulation: 99"
[1] "n sub: 10, n images per sub: 5, sigma^2: 1, beta: -0.69, simulation: 99"
[1] "n sub: 10, n images per sub: 5, sigma^2: 0.5, beta: -0.69, simulation: 99"
[1] "n sub: 10, n images per sub: 5, sigma^2: 2, beta: -0.69, simulation: 100"
[1] "n sub: 10, n images per sub: 5, sigma^2: 1, beta: -0.69, simulation: 100"
[1] "n sub: 10, n images per sub: 5, sigma^2: 0.5, beta: -0.69, simulation: 100"
[1] "n sub: 10, n images per sub: 5, sigma^2: 0.5, beta: -0.41, simulation: 1"
[1] "n sub: 10, n images per sub: 5, sigma^2: 1, beta: -0.41, simulation: 1"
[1] "n sub: 10, n images per sub: 5, sigma^2: 2, beta: -0.41, simulation: 1"
[1] "n sub: 10, n images per sub: 5, sigma^2: 0.5, beta: -0.41, simulation: 2"
[1] "n sub: 10, n images per sub: 5, sigma^2: 1, beta: -0.41, simulation: 2"
[1] "n sub: 10, n images per sub: 5, sigma^2: 2, beta: -0.41, simulation: 2"
[1] "n sub: 10, n images per sub: 5, sigma^2: 0.5, beta: -0.41, simulation: 3"
[1] "n sub: 10, n images per sub: 5, sigma^2: 1, beta: -0.41, simulation: 3"
[1] "n sub: 10, n images per sub: 5, sigma^2: 2, beta: -0.41, simulation: 3"
[1] "n sub: 10, n images per sub: 5, sigma^2: 0.5, beta: -0.41, simulation: 4"
[1] "n sub: 10, n images per sub: 5, sigma^2: 1, beta: -0.41, simulation: 4"
[1] "n sub: 10, n images per sub: 5, sigma^2: 2, beta: -0.41, simulation: 4"
[1] "n sub: 10, n images per sub: 5, sigma^2: 0.5, beta: -0.41, simulation: 5"
[1] "n sub: 10, n images per sub: 5, sigma^2: 1, beta: -0.41, simulation: 5"
[1] "n sub: 10, n images per sub: 5, sigma^2: 2, beta: -0.41, simulation: 5"
[1] "n sub: 10, n images per sub: 5, sigma^2: 0.5, beta: -0.41, simulation: 6"
[1] "n sub: 10, n images per sub: 5, sigma^2: 2, beta: -0.41, simulation: 6"
[1] "n sub: 10, n images per sub: 5, sigma^2: 1, beta: -0.41, simulation: 6"
[1] "n sub: 10, n images per sub: 5, sigma^2: 0.5, beta: -0.41, simulation: 7"
[1] "n sub: 10, n images per sub: 5, sigma^2: 2, beta: -0.41, simulation: 7"
[1] "n sub: 10, n images per sub: 5, sigma^2: 1, beta: -0.41, simulation: 7"
[1] "n sub: 10, n images per sub: 5, sigma^2: 0.5, beta: -0.41, simulation: 8"
[1] "n sub: 10, n images per sub: 5, sigma^2: 2, beta: -0.41, simulation: 8"
[1] "n sub: 10, n images per sub: 5, sigma^2: 1, beta: -0.41, simulation: 8"
[1] "n sub: 10, n images per sub: 5, sigma^2: 0.5, beta: -0.41, simulation: 9"
[1] "n sub: 10, n images per sub: 5, sigma^2: 2, beta: -0.41, simulation: 9"
[1] "n sub: 10, n images per sub: 5, sigma^2: 1, beta: -0.41, simulation: 9"
[1] "n sub: 10, n images per sub: 5, sigma^2: 0.5, beta: -0.41, simulation: 10"
[1] "n sub: 10, n images per sub: 5, sigma^2: 2, beta: -0.41, simulation: 10"
[1] "n sub: 10, n images per sub: 5, sigma^2: 1, beta: -0.41, simulation: 10"
[1] "n sub: 10, n images per sub: 5, sigma^2: 0.5, beta: -0.41, simulation: 11"
[1] "n sub: 10, n images per sub: 5, sigma^2: 2, beta: -0.41, simulation: 11"
[1] "n sub: 10, n images per sub: 5, sigma^2: 1, beta: -0.41, simulation: 11"
[1] "n sub: 10, n images per sub: 5, sigma^2: 0.5, beta: -0.41, simulation: 12"
[1] "n sub: 10, n images per sub: 5, sigma^2: 2, beta: -0.41, simulation: 12"
[1] "n sub: 10, n images per sub: 5, sigma^2: 1, beta: -0.41, simulation: 12"
[1] "n sub: 10, n images per sub: 5, sigma^2: 0.5, beta: -0.41, simulation: 13"
[1] "n sub: 10, n images per sub: 5, sigma^2: 2, beta: -0.41, simulation: 13"
[1] "n sub: 10, n images per sub: 5, sigma^2: 1, beta: -0.41, simulation: 13"
[1] "n sub: 10, n images per sub: 5, sigma^2: 0.5, beta: -0.41, simulation: 14"
[1] "n sub: 10, n images per sub: 5, sigma^2: 2, beta: -0.41, simulation: 14"
[1] "n sub: 10, n images per sub: 5, sigma^2: 1, beta: -0.41, simulation: 14"
[1] "n sub: 10, n images per sub: 5, sigma^2: 0.5, beta: -0.41, simulation: 15"
[1] "n sub: 10, n images per sub: 5, sigma^2: 2, beta: -0.41, simulation: 15"
[1] "n sub: 10, n images per sub: 5, sigma^2: 1, beta: -0.41, simulation: 15"
[1] "n sub: 10, n images per sub: 5, sigma^2: 0.5, beta: -0.41, simulation: 16"
[1] "n sub: 10, n images per sub: 5, sigma^2: 2, beta: -0.41, simulation: 16"
[1] "n sub: 10, n images per sub: 5, sigma^2: 1, beta: -0.41, simulation: 16"
