  [1] 3781 3782 3783 3784 3785 3786 3787 3788 3789 3790 3791 3792 3793 3794 3795
 [16] 3796 3797 3798 3799 3800 3801 3802 3803 3804 3805 3806 3807 3808 3809 3810
 [31] 3811 3812 3813 3814 3815 3816 3817 3818 3819 3820 3821 3822 3823 3824 3825
 [46] 3826 3827 3828 3829 3830 3831 3832 3833 3834 3835 3836 3837 3838 3839 3840
 [61] 3841 3842 3843 3844 3845 3846 3847 3848 3849 3850 3851 3852 3853 3854 3855
 [76] 3856 3857 3858 3859 3860 3861 3862 3863 3864 3865 3866 3867 3868 3869 3870
 [91] 3871 3872 3873 3874 3875 3876 3877 3878 3879 3880 3881 3882 3883 3884 3885
[106] 3886 3887 3888 3889 3890 3891 3892 3893 3894 3895 3896 3897 3898 3899 3900
[121] 3901 3902 3903 3904 3905 3906 3907 3908 3909 3910 3911 3912 3913 3914 3915
[1] "n sub: 30, n images per sub: 1, sigma^2: 2, beta: -0.22, simulation: 61"
[1] "n sub: 30, n images per sub: 1, sigma^2: 1, beta: -0.22, simulation: 61"
[1] "n sub: 30, n images per sub: 1, sigma^2: 0.5, beta: -0.22, simulation: 61"
[1] "n sub: 30, n images per sub: 1, sigma^2: 2, beta: -0.22, simulation: 62"
[1] "n sub: 30, n images per sub: 1, sigma^2: 1, beta: -0.22, simulation: 62"
[1] "n sub: 30, n images per sub: 1, sigma^2: 0.5, beta: -0.22, simulation: 62"
[1] "n sub: 30, n images per sub: 1, sigma^2: 2, beta: -0.22, simulation: 63"
[1] "n sub: 30, n images per sub: 1, sigma^2: 1, beta: -0.22, simulation: 63"
[1] "n sub: 30, n images per sub: 1, sigma^2: 0.5, beta: -0.22, simulation: 63"
[1] "n sub: 30, n images per sub: 1, sigma^2: 2, beta: -0.22, simulation: 64"
[1] "n sub: 30, n images per sub: 1, sigma^2: 1, beta: -0.22, simulation: 64"
[1] "n sub: 30, n images per sub: 1, sigma^2: 0.5, beta: -0.22, simulation: 64"
[1] "n sub: 30, n images per sub: 1, sigma^2: 2, beta: -0.22, simulation: 65"
[1] "n sub: 30, n images per sub: 1, sigma^2: 1, beta: -0.22, simulation: 65"
[1] "n sub: 30, n images per sub: 1, sigma^2: 0.5, beta: -0.22, simulation: 65"
[1] "n sub: 30, n images per sub: 1, sigma^2: 2, beta: -0.22, simulation: 66"
[1] "n sub: 30, n images per sub: 1, sigma^2: 1, beta: -0.22, simulation: 66"
[1] "n sub: 30, n images per sub: 1, sigma^2: 0.5, beta: -0.22, simulation: 66"
[1] "n sub: 30, n images per sub: 1, sigma^2: 2, beta: -0.22, simulation: 67"
[1] "n sub: 30, n images per sub: 1, sigma^2: 1, beta: -0.22, simulation: 67"
[1] "n sub: 30, n images per sub: 1, sigma^2: 0.5, beta: -0.22, simulation: 67"
[1] "n sub: 30, n images per sub: 1, sigma^2: 2, beta: -0.22, simulation: 68"
[1] "n sub: 30, n images per sub: 1, sigma^2: 1, beta: -0.22, simulation: 68"
[1] "n sub: 30, n images per sub: 1, sigma^2: 0.5, beta: -0.22, simulation: 68"
[1] "n sub: 30, n images per sub: 1, sigma^2: 2, beta: -0.22, simulation: 69"
[1] "n sub: 30, n images per sub: 1, sigma^2: 1, beta: -0.22, simulation: 69"
[1] "n sub: 30, n images per sub: 1, sigma^2: 0.5, beta: -0.22, simulation: 69"
[1] "n sub: 30, n images per sub: 1, sigma^2: 2, beta: -0.22, simulation: 70"
[1] "n sub: 30, n images per sub: 1, sigma^2: 1, beta: -0.22, simulation: 70"
[1] "n sub: 30, n images per sub: 1, sigma^2: 0.5, beta: -0.22, simulation: 70"
[1] "n sub: 30, n images per sub: 1, sigma^2: 2, beta: -0.22, simulation: 71"
[1] "n sub: 30, n images per sub: 1, sigma^2: 1, beta: -0.22, simulation: 71"
[1] "n sub: 30, n images per sub: 1, sigma^2: 0.5, beta: -0.22, simulation: 71"
[1] "n sub: 30, n images per sub: 1, sigma^2: 2, beta: -0.22, simulation: 72"
[1] "n sub: 30, n images per sub: 1, sigma^2: 1, beta: -0.22, simulation: 72"
[1] "n sub: 30, n images per sub: 1, sigma^2: 0.5, beta: -0.22, simulation: 72"
[1] "n sub: 30, n images per sub: 1, sigma^2: 2, beta: -0.22, simulation: 73"
[1] "n sub: 30, n images per sub: 1, sigma^2: 1, beta: -0.22, simulation: 73"
[1] "n sub: 30, n images per sub: 1, sigma^2: 0.5, beta: -0.22, simulation: 73"
[1] "n sub: 30, n images per sub: 1, sigma^2: 2, beta: -0.22, simulation: 74"
[1] "n sub: 30, n images per sub: 1, sigma^2: 1, beta: -0.22, simulation: 74"
[1] "n sub: 30, n images per sub: 1, sigma^2: 0.5, beta: -0.22, simulation: 74"
[1] "n sub: 30, n images per sub: 1, sigma^2: 2, beta: -0.22, simulation: 75"
[1] "n sub: 30, n images per sub: 1, sigma^2: 1, beta: -0.22, simulation: 75"
[1] "n sub: 30, n images per sub: 1, sigma^2: 0.5, beta: -0.22, simulation: 75"
[1] "n sub: 30, n images per sub: 1, sigma^2: 2, beta: -0.22, simulation: 76"
[1] "n sub: 30, n images per sub: 1, sigma^2: 1, beta: -0.22, simulation: 76"
[1] "n sub: 30, n images per sub: 1, sigma^2: 0.5, beta: -0.22, simulation: 76"
[1] "n sub: 30, n images per sub: 1, sigma^2: 2, beta: -0.22, simulation: 77"
[1] "n sub: 30, n images per sub: 1, sigma^2: 1, beta: -0.22, simulation: 77"
[1] "n sub: 30, n images per sub: 1, sigma^2: 0.5, beta: -0.22, simulation: 77"
[1] "n sub: 30, n images per sub: 1, sigma^2: 2, beta: -0.22, simulation: 78"
[1] "n sub: 30, n images per sub: 1, sigma^2: 1, beta: -0.22, simulation: 78"
[1] "n sub: 30, n images per sub: 1, sigma^2: 0.5, beta: -0.22, simulation: 78"
[1] "n sub: 30, n images per sub: 1, sigma^2: 2, beta: -0.22, simulation: 79"
[1] "n sub: 30, n images per sub: 1, sigma^2: 1, beta: -0.22, simulation: 79"
[1] "n sub: 30, n images per sub: 1, sigma^2: 0.5, beta: -0.22, simulation: 79"
[1] "n sub: 30, n images per sub: 1, sigma^2: 2, beta: -0.22, simulation: 80"
[1] "n sub: 30, n images per sub: 1, sigma^2: 1, beta: -0.22, simulation: 80"
[1] "n sub: 30, n images per sub: 1, sigma^2: 0.5, beta: -0.22, simulation: 80"
[1] "n sub: 30, n images per sub: 1, sigma^2: 2, beta: -0.22, simulation: 81"
[1] "n sub: 30, n images per sub: 1, sigma^2: 1, beta: -0.22, simulation: 81"
[1] "n sub: 30, n images per sub: 1, sigma^2: 0.5, beta: -0.22, simulation: 81"
[1] "n sub: 30, n images per sub: 1, sigma^2: 2, beta: -0.22, simulation: 82"
[1] "n sub: 30, n images per sub: 1, sigma^2: 1, beta: -0.22, simulation: 82"
[1] "n sub: 30, n images per sub: 1, sigma^2: 0.5, beta: -0.22, simulation: 82"
[1] "n sub: 30, n images per sub: 1, sigma^2: 2, beta: -0.22, simulation: 83"
[1] "n sub: 30, n images per sub: 1, sigma^2: 1, beta: -0.22, simulation: 83"
[1] "n sub: 30, n images per sub: 1, sigma^2: 0.5, beta: -0.22, simulation: 83"
[1] "n sub: 30, n images per sub: 1, sigma^2: 2, beta: -0.22, simulation: 84"
[1] "n sub: 30, n images per sub: 1, sigma^2: 1, beta: -0.22, simulation: 84"
[1] "n sub: 30, n images per sub: 1, sigma^2: 0.5, beta: -0.22, simulation: 84"
[1] "n sub: 30, n images per sub: 1, sigma^2: 2, beta: -0.22, simulation: 85"
[1] "n sub: 30, n images per sub: 1, sigma^2: 1, beta: -0.22, simulation: 85"
[1] "n sub: 30, n images per sub: 1, sigma^2: 0.5, beta: -0.22, simulation: 85"
[1] "n sub: 30, n images per sub: 1, sigma^2: 2, beta: -0.22, simulation: 86"
[1] "n sub: 30, n images per sub: 1, sigma^2: 1, beta: -0.22, simulation: 86"
[1] "n sub: 30, n images per sub: 1, sigma^2: 0.5, beta: -0.22, simulation: 86"
[1] "n sub: 30, n images per sub: 1, sigma^2: 2, beta: -0.22, simulation: 87"
[1] "n sub: 30, n images per sub: 1, sigma^2: 1, beta: -0.22, simulation: 87"
[1] "n sub: 30, n images per sub: 1, sigma^2: 0.5, beta: -0.22, simulation: 87"
[1] "n sub: 30, n images per sub: 1, sigma^2: 2, beta: -0.22, simulation: 88"
[1] "n sub: 30, n images per sub: 1, sigma^2: 1, beta: -0.22, simulation: 88"
[1] "n sub: 30, n images per sub: 1, sigma^2: 0.5, beta: -0.22, simulation: 88"
[1] "n sub: 30, n images per sub: 1, sigma^2: 2, beta: -0.22, simulation: 89"
[1] "n sub: 30, n images per sub: 1, sigma^2: 1, beta: -0.22, simulation: 89"
[1] "n sub: 30, n images per sub: 1, sigma^2: 0.5, beta: -0.22, simulation: 89"
[1] "n sub: 30, n images per sub: 1, sigma^2: 2, beta: -0.22, simulation: 90"
[1] "n sub: 30, n images per sub: 1, sigma^2: 1, beta: -0.22, simulation: 90"
[1] "n sub: 30, n images per sub: 1, sigma^2: 0.5, beta: -0.22, simulation: 90"
[1] "n sub: 30, n images per sub: 1, sigma^2: 2, beta: -0.22, simulation: 91"
[1] "n sub: 30, n images per sub: 1, sigma^2: 1, beta: -0.22, simulation: 91"
[1] "n sub: 30, n images per sub: 1, sigma^2: 0.5, beta: -0.22, simulation: 91"
[1] "n sub: 30, n images per sub: 1, sigma^2: 2, beta: -0.22, simulation: 92"
[1] "n sub: 30, n images per sub: 1, sigma^2: 1, beta: -0.22, simulation: 92"
[1] "n sub: 30, n images per sub: 1, sigma^2: 0.5, beta: -0.22, simulation: 92"
[1] "n sub: 30, n images per sub: 1, sigma^2: 2, beta: -0.22, simulation: 93"
[1] "n sub: 30, n images per sub: 1, sigma^2: 1, beta: -0.22, simulation: 93"
[1] "n sub: 30, n images per sub: 1, sigma^2: 0.5, beta: -0.22, simulation: 93"
[1] "n sub: 30, n images per sub: 1, sigma^2: 2, beta: -0.22, simulation: 94"
[1] "n sub: 30, n images per sub: 1, sigma^2: 1, beta: -0.22, simulation: 94"
[1] "n sub: 30, n images per sub: 1, sigma^2: 0.5, beta: -0.22, simulation: 94"
[1] "n sub: 30, n images per sub: 1, sigma^2: 2, beta: -0.22, simulation: 95"
[1] "n sub: 30, n images per sub: 1, sigma^2: 1, beta: -0.22, simulation: 95"
[1] "n sub: 30, n images per sub: 1, sigma^2: 0.5, beta: -0.22, simulation: 95"
[1] "n sub: 30, n images per sub: 1, sigma^2: 2, beta: -0.22, simulation: 96"
[1] "n sub: 30, n images per sub: 1, sigma^2: 1, beta: -0.22, simulation: 96"
[1] "n sub: 30, n images per sub: 1, sigma^2: 0.5, beta: -0.22, simulation: 96"
[1] "n sub: 30, n images per sub: 1, sigma^2: 2, beta: -0.22, simulation: 97"
[1] "n sub: 30, n images per sub: 1, sigma^2: 1, beta: -0.22, simulation: 97"
[1] "n sub: 30, n images per sub: 1, sigma^2: 0.5, beta: -0.22, simulation: 97"
[1] "n sub: 30, n images per sub: 1, sigma^2: 2, beta: -0.22, simulation: 98"
[1] "n sub: 30, n images per sub: 1, sigma^2: 1, beta: -0.22, simulation: 98"
[1] "n sub: 30, n images per sub: 1, sigma^2: 0.5, beta: -0.22, simulation: 98"
[1] "n sub: 30, n images per sub: 1, sigma^2: 2, beta: -0.22, simulation: 99"
[1] "n sub: 30, n images per sub: 1, sigma^2: 1, beta: -0.22, simulation: 99"
[1] "n sub: 30, n images per sub: 1, sigma^2: 0.5, beta: -0.22, simulation: 99"
[1] "n sub: 30, n images per sub: 1, sigma^2: 2, beta: -0.22, simulation: 100"
[1] "n sub: 30, n images per sub: 1, sigma^2: 1, beta: -0.22, simulation: 100"
[1] "n sub: 30, n images per sub: 1, sigma^2: 0.5, beta: -0.22, simulation: 100"
[1] "n sub: 30, n images per sub: 1, sigma^2: 0.5, beta: 0, simulation: 1"
[1] "n sub: 30, n images per sub: 1, sigma^2: 1, beta: 0, simulation: 1"
[1] "n sub: 30, n images per sub: 1, sigma^2: 2, beta: 0, simulation: 1"
[1] "n sub: 30, n images per sub: 1, sigma^2: 0.5, beta: 0, simulation: 2"
[1] "n sub: 30, n images per sub: 1, sigma^2: 1, beta: 0, simulation: 2"
[1] "n sub: 30, n images per sub: 1, sigma^2: 2, beta: 0, simulation: 2"
[1] "n sub: 30, n images per sub: 1, sigma^2: 0.5, beta: 0, simulation: 3"
[1] "n sub: 30, n images per sub: 1, sigma^2: 1, beta: 0, simulation: 3"
[1] "n sub: 30, n images per sub: 1, sigma^2: 2, beta: 0, simulation: 3"
[1] "n sub: 30, n images per sub: 1, sigma^2: 0.5, beta: 0, simulation: 4"
[1] "n sub: 30, n images per sub: 1, sigma^2: 1, beta: 0, simulation: 4"
[1] "n sub: 30, n images per sub: 1, sigma^2: 2, beta: 0, simulation: 4"
[1] "n sub: 30, n images per sub: 1, sigma^2: 0.5, beta: 0, simulation: 5"
[1] "n sub: 30, n images per sub: 1, sigma^2: 1, beta: 0, simulation: 5"
[1] "n sub: 30, n images per sub: 1, sigma^2: 2, beta: 0, simulation: 5"
