 [1] 13852 13853 13854 13855 13856 13857 13858 13859 13860 13861 13862 13863
[13] 13864 13865 13866 13867 13868 13869 13870 13871 13872 13873 13874 13875
[25] 13876 13877 13878
[1] "n sub: 50, n images per sub: 5, sigma^2: 2, beta: -0.69, simulation: 18"
[1] "n sub: 50, n images per sub: 5, sigma^2: 0.5, beta: -0.69, simulation: 18"
[1] "n sub: 50, n images per sub: 5, sigma^2: 1, beta: -0.69, simulation: 18"
[1] "n sub: 50, n images per sub: 5, sigma^2: 2, beta: -0.69, simulation: 19"
[1] "n sub: 50, n images per sub: 5, sigma^2: 0.5, beta: -0.69, simulation: 19"
[1] "n sub: 50, n images per sub: 5, sigma^2: 1, beta: -0.69, simulation: 19"
[1] "n sub: 50, n images per sub: 5, sigma^2: 2, beta: -0.69, simulation: 20"
[1] "n sub: 50, n images per sub: 5, sigma^2: 1, beta: -0.69, simulation: 20"
[1] "n sub: 50, n images per sub: 5, sigma^2: 0.5, beta: -0.69, simulation: 20"
[1] "n sub: 50, n images per sub: 5, sigma^2: 2, beta: -0.69, simulation: 21"
[1] "n sub: 50, n images per sub: 5, sigma^2: 1, beta: -0.69, simulation: 21"
[1] "n sub: 50, n images per sub: 5, sigma^2: 0.5, beta: -0.69, simulation: 21"
[1] "n sub: 50, n images per sub: 5, sigma^2: 2, beta: -0.69, simulation: 22"
[1] "n sub: 50, n images per sub: 5, sigma^2: 1, beta: -0.69, simulation: 22"
[1] "n sub: 50, n images per sub: 5, sigma^2: 0.5, beta: -0.69, simulation: 22"
[1] "n sub: 50, n images per sub: 5, sigma^2: 2, beta: -0.69, simulation: 23"
[1] "n sub: 50, n images per sub: 5, sigma^2: 1, beta: -0.69, simulation: 23"
[1] "n sub: 50, n images per sub: 5, sigma^2: 0.5, beta: -0.69, simulation: 23"
[1] "n sub: 50, n images per sub: 5, sigma^2: 2, beta: -0.69, simulation: 24"
[1] "n sub: 50, n images per sub: 5, sigma^2: 1, beta: -0.69, simulation: 24"
[1] "n sub: 50, n images per sub: 5, sigma^2: 0.5, beta: -0.69, simulation: 24"
[1] "n sub: 50, n images per sub: 5, sigma^2: 2, beta: -0.69, simulation: 25"
[1] "n sub: 50, n images per sub: 5, sigma^2: 1, beta: -0.69, simulation: 25"
[1] "n sub: 50, n images per sub: 5, sigma^2: 0.5, beta: -0.69, simulation: 25"
[1] "n sub: 50, n images per sub: 5, sigma^2: 2, beta: -0.69, simulation: 26"
[1] "n sub: 50, n images per sub: 5, sigma^2: 1, beta: -0.69, simulation: 26"
[1] "n sub: 50, n images per sub: 5, sigma^2: 0.5, beta: -0.69, simulation: 26"
