  [1] 1756 1757 1758 1759 1760 1761 1762 1763 1764 1765 1766 1767 1768 1769 1770
 [16] 1771 1772 1773 1774 1775 1776 1777 1778 1779 1780 1781 1782 1783 1784 1785
 [31] 1786 1787 1788 1789 1790 1791 1792 1793 1794 1795 1796 1797 1798 1799 1800
 [46] 1801 1802 1803 1804 1805 1806 1807 1808 1809 1810 1811 1812 1813 1814 1815
 [61] 1816 1817 1818 1819 1820 1821 1822 1823 1824 1825 1826 1827 1828 1829 1830
 [76] 1831 1832 1833 1834 1835 1836 1837 1838 1839 1840 1841 1842 1843 1844 1845
 [91] 1846 1847 1848 1849 1850 1851 1852 1853 1854 1855 1856 1857 1858 1859 1860
[106] 1861 1862 1863 1864 1865 1866 1867 1868 1869 1870 1871 1872 1873 1874 1875
[121] 1876 1877 1878 1879 1880 1881 1882 1883 1884 1885 1886 1887 1888 1889 1890
[1] "n sub: 10, n images per sub: 1, sigma^2: 2, beta: 0.22, simulation: 86"
[1] "n sub: 10, n images per sub: 1, sigma^2: 1, beta: 0.22, simulation: 86"
[1] "n sub: 10, n images per sub: 1, sigma^2: 0.5, beta: 0.22, simulation: 86"
[1] "n sub: 10, n images per sub: 1, sigma^2: 2, beta: 0.22, simulation: 87"
[1] "n sub: 10, n images per sub: 1, sigma^2: 1, beta: 0.22, simulation: 87"
[1] "n sub: 10, n images per sub: 1, sigma^2: 0.5, beta: 0.22, simulation: 87"
[1] "n sub: 10, n images per sub: 1, sigma^2: 2, beta: 0.22, simulation: 88"
[1] "n sub: 10, n images per sub: 1, sigma^2: 1, beta: 0.22, simulation: 88"
[1] "n sub: 10, n images per sub: 1, sigma^2: 0.5, beta: 0.22, simulation: 88"
[1] "n sub: 10, n images per sub: 1, sigma^2: 2, beta: 0.22, simulation: 89"
[1] "n sub: 10, n images per sub: 1, sigma^2: 1, beta: 0.22, simulation: 89"
[1] "n sub: 10, n images per sub: 1, sigma^2: 0.5, beta: 0.22, simulation: 89"
[1] "n sub: 10, n images per sub: 1, sigma^2: 2, beta: 0.22, simulation: 90"
[1] "n sub: 10, n images per sub: 1, sigma^2: 1, beta: 0.22, simulation: 90"
[1] "n sub: 10, n images per sub: 1, sigma^2: 0.5, beta: 0.22, simulation: 90"
[1] "n sub: 10, n images per sub: 1, sigma^2: 2, beta: 0.22, simulation: 91"
[1] "n sub: 10, n images per sub: 1, sigma^2: 1, beta: 0.22, simulation: 91"
[1] "n sub: 10, n images per sub: 1, sigma^2: 0.5, beta: 0.22, simulation: 91"
[1] "n sub: 10, n images per sub: 1, sigma^2: 2, beta: 0.22, simulation: 92"
[1] "n sub: 10, n images per sub: 1, sigma^2: 1, beta: 0.22, simulation: 92"
[1] "n sub: 10, n images per sub: 1, sigma^2: 0.5, beta: 0.22, simulation: 92"
[1] "n sub: 10, n images per sub: 1, sigma^2: 2, beta: 0.22, simulation: 93"
[1] "n sub: 10, n images per sub: 1, sigma^2: 1, beta: 0.22, simulation: 93"
[1] "n sub: 10, n images per sub: 1, sigma^2: 0.5, beta: 0.22, simulation: 93"
[1] "n sub: 10, n images per sub: 1, sigma^2: 2, beta: 0.22, simulation: 94"
[1] "n sub: 10, n images per sub: 1, sigma^2: 1, beta: 0.22, simulation: 94"
[1] "n sub: 10, n images per sub: 1, sigma^2: 0.5, beta: 0.22, simulation: 94"
[1] "n sub: 10, n images per sub: 1, sigma^2: 2, beta: 0.22, simulation: 95"
[1] "n sub: 10, n images per sub: 1, sigma^2: 1, beta: 0.22, simulation: 95"
[1] "n sub: 10, n images per sub: 1, sigma^2: 0.5, beta: 0.22, simulation: 95"
[1] "n sub: 10, n images per sub: 1, sigma^2: 2, beta: 0.22, simulation: 96"
[1] "n sub: 10, n images per sub: 1, sigma^2: 1, beta: 0.22, simulation: 96"
[1] "n sub: 10, n images per sub: 1, sigma^2: 0.5, beta: 0.22, simulation: 96"
[1] "n sub: 10, n images per sub: 1, sigma^2: 2, beta: 0.22, simulation: 97"
[1] "n sub: 10, n images per sub: 1, sigma^2: 1, beta: 0.22, simulation: 97"
[1] "n sub: 10, n images per sub: 1, sigma^2: 0.5, beta: 0.22, simulation: 97"
[1] "n sub: 10, n images per sub: 1, sigma^2: 2, beta: 0.22, simulation: 98"
[1] "n sub: 10, n images per sub: 1, sigma^2: 1, beta: 0.22, simulation: 98"
[1] "n sub: 10, n images per sub: 1, sigma^2: 0.5, beta: 0.22, simulation: 98"
[1] "n sub: 10, n images per sub: 1, sigma^2: 2, beta: 0.22, simulation: 99"
[1] "n sub: 10, n images per sub: 1, sigma^2: 1, beta: 0.22, simulation: 99"
[1] "n sub: 10, n images per sub: 1, sigma^2: 0.5, beta: 0.22, simulation: 99"
[1] "n sub: 10, n images per sub: 1, sigma^2: 2, beta: 0.22, simulation: 100"
[1] "n sub: 10, n images per sub: 1, sigma^2: 1, beta: 0.22, simulation: 100"
[1] "n sub: 10, n images per sub: 1, sigma^2: 0.5, beta: 0.22, simulation: 100"
[1] "n sub: 10, n images per sub: 1, sigma^2: 2, beta: 0.41, simulation: 1"
[1] "n sub: 10, n images per sub: 1, sigma^2: 1, beta: 0.41, simulation: 1"
[1] "n sub: 10, n images per sub: 1, sigma^2: 0.5, beta: 0.41, simulation: 1"
[1] "n sub: 10, n images per sub: 1, sigma^2: 2, beta: 0.41, simulation: 2"
[1] "n sub: 10, n images per sub: 1, sigma^2: 1, beta: 0.41, simulation: 2"
[1] "n sub: 10, n images per sub: 1, sigma^2: 0.5, beta: 0.41, simulation: 2"
[1] "n sub: 10, n images per sub: 1, sigma^2: 2, beta: 0.41, simulation: 3"
[1] "n sub: 10, n images per sub: 1, sigma^2: 1, beta: 0.41, simulation: 3"
[1] "n sub: 10, n images per sub: 1, sigma^2: 0.5, beta: 0.41, simulation: 3"
[1] "n sub: 10, n images per sub: 1, sigma^2: 2, beta: 0.41, simulation: 4"
[1] "n sub: 10, n images per sub: 1, sigma^2: 1, beta: 0.41, simulation: 4"
[1] "n sub: 10, n images per sub: 1, sigma^2: 0.5, beta: 0.41, simulation: 4"
[1] "n sub: 10, n images per sub: 1, sigma^2: 2, beta: 0.41, simulation: 5"
[1] "n sub: 10, n images per sub: 1, sigma^2: 1, beta: 0.41, simulation: 5"
[1] "n sub: 10, n images per sub: 1, sigma^2: 0.5, beta: 0.41, simulation: 5"
[1] "n sub: 10, n images per sub: 1, sigma^2: 2, beta: 0.41, simulation: 6"
[1] "n sub: 10, n images per sub: 1, sigma^2: 0.5, beta: 0.41, simulation: 6"
[1] "n sub: 10, n images per sub: 1, sigma^2: 1, beta: 0.41, simulation: 6"
[1] "n sub: 10, n images per sub: 1, sigma^2: 2, beta: 0.41, simulation: 7"
[1] "n sub: 10, n images per sub: 1, sigma^2: 1, beta: 0.41, simulation: 7"
[1] "n sub: 10, n images per sub: 1, sigma^2: 0.5, beta: 0.41, simulation: 7"
[1] "n sub: 10, n images per sub: 1, sigma^2: 2, beta: 0.41, simulation: 8"
[1] "n sub: 10, n images per sub: 1, sigma^2: 0.5, beta: 0.41, simulation: 8"
[1] "n sub: 10, n images per sub: 1, sigma^2: 1, beta: 0.41, simulation: 8"
[1] "n sub: 10, n images per sub: 1, sigma^2: 2, beta: 0.41, simulation: 9"
[1] "n sub: 10, n images per sub: 1, sigma^2: 1, beta: 0.41, simulation: 9"
[1] "n sub: 10, n images per sub: 1, sigma^2: 0.5, beta: 0.41, simulation: 9"
[1] "n sub: 10, n images per sub: 1, sigma^2: 2, beta: 0.41, simulation: 10"
[1] "n sub: 10, n images per sub: 1, sigma^2: 1, beta: 0.41, simulation: 10"
[1] "n sub: 10, n images per sub: 1, sigma^2: 0.5, beta: 0.41, simulation: 10"
[1] "n sub: 10, n images per sub: 1, sigma^2: 2, beta: 0.41, simulation: 11"
[1] "n sub: 10, n images per sub: 1, sigma^2: 0.5, beta: 0.41, simulation: 11"
[1] "n sub: 10, n images per sub: 1, sigma^2: 1, beta: 0.41, simulation: 11"
[1] "n sub: 10, n images per sub: 1, sigma^2: 2, beta: 0.41, simulation: 12"
[1] "n sub: 10, n images per sub: 1, sigma^2: 1, beta: 0.41, simulation: 12"
[1] "n sub: 10, n images per sub: 1, sigma^2: 0.5, beta: 0.41, simulation: 12"
[1] "n sub: 10, n images per sub: 1, sigma^2: 2, beta: 0.41, simulation: 13"
[1] "n sub: 10, n images per sub: 1, sigma^2: 0.5, beta: 0.41, simulation: 13"
[1] "n sub: 10, n images per sub: 1, sigma^2: 1, beta: 0.41, simulation: 13"
[1] "n sub: 10, n images per sub: 1, sigma^2: 2, beta: 0.41, simulation: 14"
[1] "n sub: 10, n images per sub: 1, sigma^2: 0.5, beta: 0.41, simulation: 14"
[1] "n sub: 10, n images per sub: 1, sigma^2: 1, beta: 0.41, simulation: 14"
[1] "n sub: 10, n images per sub: 1, sigma^2: 0.5, beta: 0.41, simulation: 15"
[1] "n sub: 10, n images per sub: 1, sigma^2: 2, beta: 0.41, simulation: 15"
[1] "n sub: 10, n images per sub: 1, sigma^2: 1, beta: 0.41, simulation: 15"
[1] "n sub: 10, n images per sub: 1, sigma^2: 2, beta: 0.41, simulation: 16"
[1] "n sub: 10, n images per sub: 1, sigma^2: 0.5, beta: 0.41, simulation: 16"
[1] "n sub: 10, n images per sub: 1, sigma^2: 1, beta: 0.41, simulation: 16"
[1] "n sub: 10, n images per sub: 1, sigma^2: 2, beta: 0.41, simulation: 17"
[1] "n sub: 10, n images per sub: 1, sigma^2: 0.5, beta: 0.41, simulation: 17"
[1] "n sub: 10, n images per sub: 1, sigma^2: 1, beta: 0.41, simulation: 17"
[1] "n sub: 10, n images per sub: 1, sigma^2: 2, beta: 0.41, simulation: 18"
[1] "n sub: 10, n images per sub: 1, sigma^2: 0.5, beta: 0.41, simulation: 18"
[1] "n sub: 10, n images per sub: 1, sigma^2: 1, beta: 0.41, simulation: 18"
[1] "n sub: 10, n images per sub: 1, sigma^2: 2, beta: 0.41, simulation: 19"
[1] "n sub: 10, n images per sub: 1, sigma^2: 1, beta: 0.41, simulation: 19"
[1] "n sub: 10, n images per sub: 1, sigma^2: 0.5, beta: 0.41, simulation: 19"
[1] "n sub: 10, n images per sub: 1, sigma^2: 2, beta: 0.41, simulation: 20"
[1] "n sub: 10, n images per sub: 1, sigma^2: 1, beta: 0.41, simulation: 20"
[1] "n sub: 10, n images per sub: 1, sigma^2: 0.5, beta: 0.41, simulation: 20"
[1] "n sub: 10, n images per sub: 1, sigma^2: 2, beta: 0.41, simulation: 21"
[1] "n sub: 10, n images per sub: 1, sigma^2: 1, beta: 0.41, simulation: 21"
[1] "n sub: 10, n images per sub: 1, sigma^2: 0.5, beta: 0.41, simulation: 21"
[1] "n sub: 10, n images per sub: 1, sigma^2: 2, beta: 0.41, simulation: 22"
[1] "n sub: 10, n images per sub: 1, sigma^2: 1, beta: 0.41, simulation: 22"
[1] "n sub: 10, n images per sub: 1, sigma^2: 0.5, beta: 0.41, simulation: 22"
[1] "n sub: 10, n images per sub: 1, sigma^2: 2, beta: 0.41, simulation: 23"
[1] "n sub: 10, n images per sub: 1, sigma^2: 1, beta: 0.41, simulation: 23"
[1] "n sub: 10, n images per sub: 1, sigma^2: 0.5, beta: 0.41, simulation: 23"
[1] "n sub: 10, n images per sub: 1, sigma^2: 2, beta: 0.41, simulation: 24"
[1] "n sub: 10, n images per sub: 1, sigma^2: 1, beta: 0.41, simulation: 24"
[1] "n sub: 10, n images per sub: 1, sigma^2: 0.5, beta: 0.41, simulation: 24"
[1] "n sub: 10, n images per sub: 1, sigma^2: 2, beta: 0.41, simulation: 25"
[1] "n sub: 10, n images per sub: 1, sigma^2: 1, beta: 0.41, simulation: 25"
[1] "n sub: 10, n images per sub: 1, sigma^2: 0.5, beta: 0.41, simulation: 25"
[1] "n sub: 10, n images per sub: 1, sigma^2: 1, beta: 0.41, simulation: 26"
[1] "n sub: 10, n images per sub: 1, sigma^2: 2, beta: 0.41, simulation: 26"
[1] "n sub: 10, n images per sub: 1, sigma^2: 0.5, beta: 0.41, simulation: 26"
[1] "n sub: 10, n images per sub: 1, sigma^2: 2, beta: 0.41, simulation: 27"
[1] "n sub: 10, n images per sub: 1, sigma^2: 1, beta: 0.41, simulation: 27"
[1] "n sub: 10, n images per sub: 1, sigma^2: 0.5, beta: 0.41, simulation: 27"
[1] "n sub: 10, n images per sub: 1, sigma^2: 1, beta: 0.41, simulation: 28"
[1] "n sub: 10, n images per sub: 1, sigma^2: 2, beta: 0.41, simulation: 28"
[1] "n sub: 10, n images per sub: 1, sigma^2: 0.5, beta: 0.41, simulation: 28"
[1] "n sub: 10, n images per sub: 1, sigma^2: 2, beta: 0.41, simulation: 29"
[1] "n sub: 10, n images per sub: 1, sigma^2: 1, beta: 0.41, simulation: 29"
[1] "n sub: 10, n images per sub: 1, sigma^2: 0.5, beta: 0.41, simulation: 29"
[1] "n sub: 10, n images per sub: 1, sigma^2: 1, beta: 0.41, simulation: 30"
[1] "n sub: 10, n images per sub: 1, sigma^2: 2, beta: 0.41, simulation: 30"
[1] "n sub: 10, n images per sub: 1, sigma^2: 0.5, beta: 0.41, simulation: 30"
