  [1] 3916 3917 3918 3919 3920 3921 3922 3923 3924 3925 3926 3927 3928 3929 3930
 [16] 3931 3932 3933 3934 3935 3936 3937 3938 3939 3940 3941 3942 3943 3944 3945
 [31] 3946 3947 3948 3949 3950 3951 3952 3953 3954 3955 3956 3957 3958 3959 3960
 [46] 3961 3962 3963 3964 3965 3966 3967 3968 3969 3970 3971 3972 3973 3974 3975
 [61] 3976 3977 3978 3979 3980 3981 3982 3983 3984 3985 3986 3987 3988 3989 3990
 [76] 3991 3992 3993 3994 3995 3996 3997 3998 3999 4000 4001 4002 4003 4004 4005
 [91] 4006 4007 4008 4009 4010 4011 4012 4013 4014 4015 4016 4017 4018 4019 4020
[106] 4021 4022 4023 4024 4025 4026 4027 4028 4029 4030 4031 4032 4033 4034 4035
[121] 4036 4037 4038 4039 4040 4041 4042 4043 4044 4045 4046 4047 4048 4049 4050
[1] "n sub: 30, n images per sub: 1, sigma^2: 0.5, beta: 0, simulation: 6"
[1] "n sub: 30, n images per sub: 1, sigma^2: 1, beta: 0, simulation: 6"
[1] "n sub: 30, n images per sub: 1, sigma^2: 2, beta: 0, simulation: 6"
[1] "n sub: 30, n images per sub: 1, sigma^2: 0.5, beta: 0, simulation: 7"
[1] "n sub: 30, n images per sub: 1, sigma^2: 1, beta: 0, simulation: 7"
[1] "n sub: 30, n images per sub: 1, sigma^2: 2, beta: 0, simulation: 7"
[1] "n sub: 30, n images per sub: 1, sigma^2: 0.5, beta: 0, simulation: 8"
[1] "n sub: 30, n images per sub: 1, sigma^2: 1, beta: 0, simulation: 8"
[1] "n sub: 30, n images per sub: 1, sigma^2: 2, beta: 0, simulation: 8"
[1] "n sub: 30, n images per sub: 1, sigma^2: 0.5, beta: 0, simulation: 9"
[1] "n sub: 30, n images per sub: 1, sigma^2: 1, beta: 0, simulation: 9"
[1] "n sub: 30, n images per sub: 1, sigma^2: 2, beta: 0, simulation: 9"
[1] "n sub: 30, n images per sub: 1, sigma^2: 0.5, beta: 0, simulation: 10"
[1] "n sub: 30, n images per sub: 1, sigma^2: 1, beta: 0, simulation: 10"
[1] "n sub: 30, n images per sub: 1, sigma^2: 2, beta: 0, simulation: 10"
[1] "n sub: 30, n images per sub: 1, sigma^2: 1, beta: 0, simulation: 11"
[1] "n sub: 30, n images per sub: 1, sigma^2: 0.5, beta: 0, simulation: 11"
[1] "n sub: 30, n images per sub: 1, sigma^2: 2, beta: 0, simulation: 11"
[1] "n sub: 30, n images per sub: 1, sigma^2: 1, beta: 0, simulation: 12"
[1] "n sub: 30, n images per sub: 1, sigma^2: 0.5, beta: 0, simulation: 12"
[1] "n sub: 30, n images per sub: 1, sigma^2: 2, beta: 0, simulation: 12"
[1] "n sub: 30, n images per sub: 1, sigma^2: 0.5, beta: 0, simulation: 13"
[1] "n sub: 30, n images per sub: 1, sigma^2: 1, beta: 0, simulation: 13"
[1] "n sub: 30, n images per sub: 1, sigma^2: 2, beta: 0, simulation: 13"
[1] "n sub: 30, n images per sub: 1, sigma^2: 0.5, beta: 0, simulation: 14"
[1] "n sub: 30, n images per sub: 1, sigma^2: 1, beta: 0, simulation: 14"
[1] "n sub: 30, n images per sub: 1, sigma^2: 2, beta: 0, simulation: 14"
[1] "n sub: 30, n images per sub: 1, sigma^2: 0.5, beta: 0, simulation: 15"
[1] "n sub: 30, n images per sub: 1, sigma^2: 1, beta: 0, simulation: 15"
[1] "n sub: 30, n images per sub: 1, sigma^2: 2, beta: 0, simulation: 15"
[1] "n sub: 30, n images per sub: 1, sigma^2: 0.5, beta: 0, simulation: 16"
[1] "n sub: 30, n images per sub: 1, sigma^2: 1, beta: 0, simulation: 16"
[1] "n sub: 30, n images per sub: 1, sigma^2: 2, beta: 0, simulation: 16"
[1] "n sub: 30, n images per sub: 1, sigma^2: 0.5, beta: 0, simulation: 17"
[1] "n sub: 30, n images per sub: 1, sigma^2: 1, beta: 0, simulation: 17"
[1] "n sub: 30, n images per sub: 1, sigma^2: 2, beta: 0, simulation: 17"
[1] "n sub: 30, n images per sub: 1, sigma^2: 1, beta: 0, simulation: 18"
[1] "n sub: 30, n images per sub: 1, sigma^2: 0.5, beta: 0, simulation: 18"
[1] "n sub: 30, n images per sub: 1, sigma^2: 2, beta: 0, simulation: 18"
[1] "n sub: 30, n images per sub: 1, sigma^2: 1, beta: 0, simulation: 19"
[1] "n sub: 30, n images per sub: 1, sigma^2: 0.5, beta: 0, simulation: 19"
[1] "n sub: 30, n images per sub: 1, sigma^2: 2, beta: 0, simulation: 19"
[1] "n sub: 30, n images per sub: 1, sigma^2: 1, beta: 0, simulation: 20"
[1] "n sub: 30, n images per sub: 1, sigma^2: 0.5, beta: 0, simulation: 20"
[1] "n sub: 30, n images per sub: 1, sigma^2: 2, beta: 0, simulation: 20"
[1] "n sub: 30, n images per sub: 1, sigma^2: 1, beta: 0, simulation: 21"
[1] "n sub: 30, n images per sub: 1, sigma^2: 0.5, beta: 0, simulation: 21"
[1] "n sub: 30, n images per sub: 1, sigma^2: 2, beta: 0, simulation: 21"
[1] "n sub: 30, n images per sub: 1, sigma^2: 1, beta: 0, simulation: 22"
[1] "n sub: 30, n images per sub: 1, sigma^2: 0.5, beta: 0, simulation: 22"
[1] "n sub: 30, n images per sub: 1, sigma^2: 2, beta: 0, simulation: 22"
[1] "n sub: 30, n images per sub: 1, sigma^2: 1, beta: 0, simulation: 23"
[1] "n sub: 30, n images per sub: 1, sigma^2: 0.5, beta: 0, simulation: 23"
[1] "n sub: 30, n images per sub: 1, sigma^2: 2, beta: 0, simulation: 23"
[1] "n sub: 30, n images per sub: 1, sigma^2: 0.5, beta: 0, simulation: 24"
[1] "n sub: 30, n images per sub: 1, sigma^2: 1, beta: 0, simulation: 24"
[1] "n sub: 30, n images per sub: 1, sigma^2: 2, beta: 0, simulation: 24"
[1] "n sub: 30, n images per sub: 1, sigma^2: 1, beta: 0, simulation: 25"
[1] "n sub: 30, n images per sub: 1, sigma^2: 0.5, beta: 0, simulation: 25"
[1] "n sub: 30, n images per sub: 1, sigma^2: 2, beta: 0, simulation: 25"
[1] "n sub: 30, n images per sub: 1, sigma^2: 0.5, beta: 0, simulation: 26"
[1] "n sub: 30, n images per sub: 1, sigma^2: 1, beta: 0, simulation: 26"
[1] "n sub: 30, n images per sub: 1, sigma^2: 2, beta: 0, simulation: 26"
[1] "n sub: 30, n images per sub: 1, sigma^2: 0.5, beta: 0, simulation: 27"
[1] "n sub: 30, n images per sub: 1, sigma^2: 1, beta: 0, simulation: 27"
[1] "n sub: 30, n images per sub: 1, sigma^2: 2, beta: 0, simulation: 27"
[1] "n sub: 30, n images per sub: 1, sigma^2: 0.5, beta: 0, simulation: 28"
[1] "n sub: 30, n images per sub: 1, sigma^2: 1, beta: 0, simulation: 28"
[1] "n sub: 30, n images per sub: 1, sigma^2: 2, beta: 0, simulation: 28"
[1] "n sub: 30, n images per sub: 1, sigma^2: 0.5, beta: 0, simulation: 29"
[1] "n sub: 30, n images per sub: 1, sigma^2: 1, beta: 0, simulation: 29"
[1] "n sub: 30, n images per sub: 1, sigma^2: 2, beta: 0, simulation: 29"
[1] "n sub: 30, n images per sub: 1, sigma^2: 0.5, beta: 0, simulation: 30"
[1] "n sub: 30, n images per sub: 1, sigma^2: 1, beta: 0, simulation: 30"
[1] "n sub: 30, n images per sub: 1, sigma^2: 2, beta: 0, simulation: 30"
[1] "n sub: 30, n images per sub: 1, sigma^2: 1, beta: 0, simulation: 31"
[1] "n sub: 30, n images per sub: 1, sigma^2: 0.5, beta: 0, simulation: 31"
[1] "n sub: 30, n images per sub: 1, sigma^2: 2, beta: 0, simulation: 31"
[1] "n sub: 30, n images per sub: 1, sigma^2: 0.5, beta: 0, simulation: 32"
[1] "n sub: 30, n images per sub: 1, sigma^2: 1, beta: 0, simulation: 32"
[1] "n sub: 30, n images per sub: 1, sigma^2: 2, beta: 0, simulation: 32"
[1] "n sub: 30, n images per sub: 1, sigma^2: 0.5, beta: 0, simulation: 33"
[1] "n sub: 30, n images per sub: 1, sigma^2: 1, beta: 0, simulation: 33"
[1] "n sub: 30, n images per sub: 1, sigma^2: 2, beta: 0, simulation: 33"
[1] "n sub: 30, n images per sub: 1, sigma^2: 0.5, beta: 0, simulation: 34"
[1] "n sub: 30, n images per sub: 1, sigma^2: 2, beta: 0, simulation: 34"
[1] "n sub: 30, n images per sub: 1, sigma^2: 1, beta: 0, simulation: 34"
[1] "n sub: 30, n images per sub: 1, sigma^2: 1, beta: 0, simulation: 35"
[1] "n sub: 30, n images per sub: 1, sigma^2: 0.5, beta: 0, simulation: 35"
[1] "n sub: 30, n images per sub: 1, sigma^2: 2, beta: 0, simulation: 35"
[1] "n sub: 30, n images per sub: 1, sigma^2: 1, beta: 0, simulation: 36"
[1] "n sub: 30, n images per sub: 1, sigma^2: 0.5, beta: 0, simulation: 36"
[1] "n sub: 30, n images per sub: 1, sigma^2: 2, beta: 0, simulation: 36"
[1] "n sub: 30, n images per sub: 1, sigma^2: 0.5, beta: 0, simulation: 37"
[1] "n sub: 30, n images per sub: 1, sigma^2: 1, beta: 0, simulation: 37"
[1] "n sub: 30, n images per sub: 1, sigma^2: 2, beta: 0, simulation: 37"
[1] "n sub: 30, n images per sub: 1, sigma^2: 0.5, beta: 0, simulation: 38"
[1] "n sub: 30, n images per sub: 1, sigma^2: 1, beta: 0, simulation: 38"
[1] "n sub: 30, n images per sub: 1, sigma^2: 2, beta: 0, simulation: 38"
[1] "n sub: 30, n images per sub: 1, sigma^2: 0.5, beta: 0, simulation: 39"
[1] "n sub: 30, n images per sub: 1, sigma^2: 2, beta: 0, simulation: 39"
[1] "n sub: 30, n images per sub: 1, sigma^2: 1, beta: 0, simulation: 39"
[1] "n sub: 30, n images per sub: 1, sigma^2: 1, beta: 0, simulation: 40"
[1] "n sub: 30, n images per sub: 1, sigma^2: 0.5, beta: 0, simulation: 40"
[1] "n sub: 30, n images per sub: 1, sigma^2: 2, beta: 0, simulation: 40"
[1] "n sub: 30, n images per sub: 1, sigma^2: 1, beta: 0, simulation: 41"
[1] "n sub: 30, n images per sub: 1, sigma^2: 0.5, beta: 0, simulation: 41"
[1] "n sub: 30, n images per sub: 1, sigma^2: 2, beta: 0, simulation: 41"
[1] "n sub: 30, n images per sub: 1, sigma^2: 0.5, beta: 0, simulation: 42"
[1] "n sub: 30, n images per sub: 1, sigma^2: 1, beta: 0, simulation: 42"
[1] "n sub: 30, n images per sub: 1, sigma^2: 2, beta: 0, simulation: 42"
[1] "n sub: 30, n images per sub: 1, sigma^2: 0.5, beta: 0, simulation: 43"
[1] "n sub: 30, n images per sub: 1, sigma^2: 1, beta: 0, simulation: 43"
[1] "n sub: 30, n images per sub: 1, sigma^2: 2, beta: 0, simulation: 43"
[1] "n sub: 30, n images per sub: 1, sigma^2: 0.5, beta: 0, simulation: 44"
[1] "n sub: 30, n images per sub: 1, sigma^2: 1, beta: 0, simulation: 44"
[1] "n sub: 30, n images per sub: 1, sigma^2: 2, beta: 0, simulation: 44"
[1] "n sub: 30, n images per sub: 1, sigma^2: 0.5, beta: 0, simulation: 45"
[1] "n sub: 30, n images per sub: 1, sigma^2: 1, beta: 0, simulation: 45"
[1] "n sub: 30, n images per sub: 1, sigma^2: 2, beta: 0, simulation: 45"
[1] "n sub: 30, n images per sub: 1, sigma^2: 0.5, beta: 0, simulation: 46"
[1] "n sub: 30, n images per sub: 1, sigma^2: 1, beta: 0, simulation: 46"
[1] "n sub: 30, n images per sub: 1, sigma^2: 2, beta: 0, simulation: 46"
[1] "n sub: 30, n images per sub: 1, sigma^2: 0.5, beta: 0, simulation: 47"
[1] "n sub: 30, n images per sub: 1, sigma^2: 1, beta: 0, simulation: 47"
[1] "n sub: 30, n images per sub: 1, sigma^2: 2, beta: 0, simulation: 47"
[1] "n sub: 30, n images per sub: 1, sigma^2: 0.5, beta: 0, simulation: 48"
[1] "n sub: 30, n images per sub: 1, sigma^2: 1, beta: 0, simulation: 48"
[1] "n sub: 30, n images per sub: 1, sigma^2: 2, beta: 0, simulation: 48"
[1] "n sub: 30, n images per sub: 1, sigma^2: 1, beta: 0, simulation: 49"
[1] "n sub: 30, n images per sub: 1, sigma^2: 0.5, beta: 0, simulation: 49"
[1] "n sub: 30, n images per sub: 1, sigma^2: 2, beta: 0, simulation: 49"
[1] "n sub: 30, n images per sub: 1, sigma^2: 0.5, beta: 0, simulation: 50"
[1] "n sub: 30, n images per sub: 1, sigma^2: 1, beta: 0, simulation: 50"
[1] "n sub: 30, n images per sub: 1, sigma^2: 2, beta: 0, simulation: 50"
