 [1] 13555 13556 13557 13558 13559 13560 13561 13562 13563 13564 13565 13566
[13] 13567 13568 13569 13570 13571 13572 13573 13574 13575 13576 13577 13578
[25] 13579 13580 13581
[1] "n sub: 50, n images per sub: 5, sigma^2: 2, beta: -1.1, simulation: 19"
[1] "n sub: 50, n images per sub: 5, sigma^2: 1, beta: -1.1, simulation: 19"
[1] "n sub: 50, n images per sub: 5, sigma^2: 0.5, beta: -1.1, simulation: 19"
[1] "n sub: 50, n images per sub: 5, sigma^2: 2, beta: -1.1, simulation: 20"
[1] "n sub: 50, n images per sub: 5, sigma^2: 1, beta: -1.1, simulation: 20"
[1] "n sub: 50, n images per sub: 5, sigma^2: 0.5, beta: -1.1, simulation: 20"
[1] "n sub: 50, n images per sub: 5, sigma^2: 2, beta: -1.1, simulation: 21"
[1] "n sub: 50, n images per sub: 5, sigma^2: 1, beta: -1.1, simulation: 21"
[1] "n sub: 50, n images per sub: 5, sigma^2: 0.5, beta: -1.1, simulation: 21"
[1] "n sub: 50, n images per sub: 5, sigma^2: 0.5, beta: -1.1, simulation: 22"
[1] "n sub: 50, n images per sub: 5, sigma^2: 1, beta: -1.1, simulation: 22"
[1] "n sub: 50, n images per sub: 5, sigma^2: 2, beta: -1.1, simulation: 22"
[1] "n sub: 50, n images per sub: 5, sigma^2: 0.5, beta: -1.1, simulation: 23"
[1] "n sub: 50, n images per sub: 5, sigma^2: 1, beta: -1.1, simulation: 23"
[1] "n sub: 50, n images per sub: 5, sigma^2: 2, beta: -1.1, simulation: 23"
[1] "n sub: 50, n images per sub: 5, sigma^2: 0.5, beta: -1.1, simulation: 24"
[1] "n sub: 50, n images per sub: 5, sigma^2: 1, beta: -1.1, simulation: 24"
[1] "n sub: 50, n images per sub: 5, sigma^2: 2, beta: -1.1, simulation: 24"
[1] "n sub: 50, n images per sub: 5, sigma^2: 0.5, beta: -1.1, simulation: 25"
[1] "n sub: 50, n images per sub: 5, sigma^2: 1, beta: -1.1, simulation: 25"
[1] "n sub: 50, n images per sub: 5, sigma^2: 2, beta: -1.1, simulation: 25"
[1] "n sub: 50, n images per sub: 5, sigma^2: 0.5, beta: -1.1, simulation: 26"
[1] "n sub: 50, n images per sub: 5, sigma^2: 1, beta: -1.1, simulation: 26"
[1] "n sub: 50, n images per sub: 5, sigma^2: 2, beta: -1.1, simulation: 26"
[1] "n sub: 50, n images per sub: 5, sigma^2: 0.5, beta: -1.1, simulation: 27"
[1] "n sub: 50, n images per sub: 5, sigma^2: 1, beta: -1.1, simulation: 27"
[1] "n sub: 50, n images per sub: 5, sigma^2: 2, beta: -1.1, simulation: 27"
