 [1] 12475 12476 12477 12478 12479 12480 12481 12482 12483 12484 12485 12486
[13] 12487 12488 12489 12490 12491 12492 12493 12494 12495 12496 12497 12498
[25] 12499 12500 12501 12502 12503 12504 12505 12506 12507 12508 12509 12510
[37] 12511 12512 12513 12514 12515 12516 12517 12518 12519 12520 12521 12522
[49] 12523 12524 12525 12526 12527 12528
[1] "n sub: 30, n images per sub: 5, sigma^2: 1, beta: 0.22, simulation: 59"
[1] "n sub: 30, n images per sub: 5, sigma^2: 2, beta: 0.22, simulation: 59"
[1] "n sub: 30, n images per sub: 5, sigma^2: 0.5, beta: 0.22, simulation: 59"
[1] "n sub: 30, n images per sub: 5, sigma^2: 2, beta: 0.22, simulation: 60"
[1] "n sub: 30, n images per sub: 5, sigma^2: 1, beta: 0.22, simulation: 60"
[1] "n sub: 30, n images per sub: 5, sigma^2: 0.5, beta: 0.22, simulation: 60"
[1] "n sub: 30, n images per sub: 5, sigma^2: 2, beta: 0.22, simulation: 61"
[1] "n sub: 30, n images per sub: 5, sigma^2: 1, beta: 0.22, simulation: 61"
[1] "n sub: 30, n images per sub: 5, sigma^2: 0.5, beta: 0.22, simulation: 61"
[1] "n sub: 30, n images per sub: 5, sigma^2: 2, beta: 0.22, simulation: 62"
[1] "n sub: 30, n images per sub: 5, sigma^2: 1, beta: 0.22, simulation: 62"
[1] "n sub: 30, n images per sub: 5, sigma^2: 0.5, beta: 0.22, simulation: 62"
[1] "n sub: 30, n images per sub: 5, sigma^2: 2, beta: 0.22, simulation: 63"
[1] "n sub: 30, n images per sub: 5, sigma^2: 1, beta: 0.22, simulation: 63"
[1] "n sub: 30, n images per sub: 5, sigma^2: 0.5, beta: 0.22, simulation: 63"
[1] "n sub: 30, n images per sub: 5, sigma^2: 2, beta: 0.22, simulation: 64"
[1] "n sub: 30, n images per sub: 5, sigma^2: 1, beta: 0.22, simulation: 64"
[1] "n sub: 30, n images per sub: 5, sigma^2: 0.5, beta: 0.22, simulation: 64"
[1] "n sub: 30, n images per sub: 5, sigma^2: 2, beta: 0.22, simulation: 65"
[1] "n sub: 30, n images per sub: 5, sigma^2: 1, beta: 0.22, simulation: 65"
[1] "n sub: 30, n images per sub: 5, sigma^2: 0.5, beta: 0.22, simulation: 65"
[1] "n sub: 30, n images per sub: 5, sigma^2: 2, beta: 0.22, simulation: 66"
[1] "n sub: 30, n images per sub: 5, sigma^2: 1, beta: 0.22, simulation: 66"
[1] "n sub: 30, n images per sub: 5, sigma^2: 0.5, beta: 0.22, simulation: 66"
[1] "n sub: 30, n images per sub: 5, sigma^2: 2, beta: 0.22, simulation: 67"
[1] "n sub: 30, n images per sub: 5, sigma^2: 1, beta: 0.22, simulation: 67"
[1] "n sub: 30, n images per sub: 5, sigma^2: 0.5, beta: 0.22, simulation: 67"
[1] "n sub: 30, n images per sub: 5, sigma^2: 2, beta: 0.22, simulation: 68"
[1] "n sub: 30, n images per sub: 5, sigma^2: 1, beta: 0.22, simulation: 68"
[1] "n sub: 30, n images per sub: 5, sigma^2: 0.5, beta: 0.22, simulation: 68"
[1] "n sub: 30, n images per sub: 5, sigma^2: 2, beta: 0.22, simulation: 69"
[1] "n sub: 30, n images per sub: 5, sigma^2: 1, beta: 0.22, simulation: 69"
[1] "n sub: 30, n images per sub: 5, sigma^2: 0.5, beta: 0.22, simulation: 69"
[1] "n sub: 30, n images per sub: 5, sigma^2: 2, beta: 0.22, simulation: 70"
[1] "n sub: 30, n images per sub: 5, sigma^2: 1, beta: 0.22, simulation: 70"
[1] "n sub: 30, n images per sub: 5, sigma^2: 0.5, beta: 0.22, simulation: 70"
[1] "n sub: 30, n images per sub: 5, sigma^2: 2, beta: 0.22, simulation: 71"
[1] "n sub: 30, n images per sub: 5, sigma^2: 1, beta: 0.22, simulation: 71"
[1] "n sub: 30, n images per sub: 5, sigma^2: 0.5, beta: 0.22, simulation: 71"
[1] "n sub: 30, n images per sub: 5, sigma^2: 2, beta: 0.22, simulation: 72"
[1] "n sub: 30, n images per sub: 5, sigma^2: 1, beta: 0.22, simulation: 72"
[1] "n sub: 30, n images per sub: 5, sigma^2: 0.5, beta: 0.22, simulation: 72"
[1] "n sub: 30, n images per sub: 5, sigma^2: 2, beta: 0.22, simulation: 73"
[1] "n sub: 30, n images per sub: 5, sigma^2: 1, beta: 0.22, simulation: 73"
[1] "n sub: 30, n images per sub: 5, sigma^2: 0.5, beta: 0.22, simulation: 73"
[1] "n sub: 30, n images per sub: 5, sigma^2: 2, beta: 0.22, simulation: 74"
[1] "n sub: 30, n images per sub: 5, sigma^2: 1, beta: 0.22, simulation: 74"
[1] "n sub: 30, n images per sub: 5, sigma^2: 0.5, beta: 0.22, simulation: 74"
[1] "n sub: 30, n images per sub: 5, sigma^2: 2, beta: 0.22, simulation: 75"
[1] "n sub: 30, n images per sub: 5, sigma^2: 1, beta: 0.22, simulation: 75"
[1] "n sub: 30, n images per sub: 5, sigma^2: 0.5, beta: 0.22, simulation: 75"
[1] "n sub: 30, n images per sub: 5, sigma^2: 2, beta: 0.22, simulation: 76"
[1] "n sub: 30, n images per sub: 5, sigma^2: 1, beta: 0.22, simulation: 76"
[1] "n sub: 30, n images per sub: 5, sigma^2: 0.5, beta: 0.22, simulation: 76"
