  [1] 8533 8534 8535 8536 8537 8538 8539 8540 8541 8542 8543 8544 8545 8546 8547
 [16] 8548 8549 8550 8551 8552 8553 8554 8555 8556 8557 8558 8559 8560 8561 8562
 [31] 8563 8564 8565 8566 8567 8568 8569 8570 8571 8572 8573 8574 8575 8576 8577
 [46] 8578 8579 8580 8581 8582 8583 8584 8585 8586 8587 8588 8589 8590 8591 8592
 [61] 8593 8594 8595 8596 8597 8598 8599 8600 8601 8602 8603 8604 8605 8606 8607
 [76] 8608 8609 8610 8611 8612 8613 8614 8615 8616 8617 8618 8619 8620 8621 8622
 [91] 8623 8624 8625 8626 8627 8628 8629 8630 8631 8632 8633 8634 8635 8636 8637
[106] 8638 8639 8640
[1] "n sub: 10, n images per sub: 5, sigma^2: 2, beta: -0.69, simulation: 45"
[1] "n sub: 10, n images per sub: 5, sigma^2: 1, beta: -0.69, simulation: 45"
[1] "n sub: 10, n images per sub: 5, sigma^2: 0.5, beta: -0.69, simulation: 45"
[1] "n sub: 10, n images per sub: 5, sigma^2: 2, beta: -0.69, simulation: 46"
[1] "n sub: 10, n images per sub: 5, sigma^2: 1, beta: -0.69, simulation: 46"
[1] "n sub: 10, n images per sub: 5, sigma^2: 0.5, beta: -0.69, simulation: 46"
[1] "n sub: 10, n images per sub: 5, sigma^2: 2, beta: -0.69, simulation: 47"
[1] "n sub: 10, n images per sub: 5, sigma^2: 1, beta: -0.69, simulation: 47"
[1] "n sub: 10, n images per sub: 5, sigma^2: 0.5, beta: -0.69, simulation: 47"
[1] "n sub: 10, n images per sub: 5, sigma^2: 2, beta: -0.69, simulation: 48"
[1] "n sub: 10, n images per sub: 5, sigma^2: 1, beta: -0.69, simulation: 48"
[1] "n sub: 10, n images per sub: 5, sigma^2: 0.5, beta: -0.69, simulation: 48"
[1] "n sub: 10, n images per sub: 5, sigma^2: 2, beta: -0.69, simulation: 49"
[1] "n sub: 10, n images per sub: 5, sigma^2: 1, beta: -0.69, simulation: 49"
[1] "n sub: 10, n images per sub: 5, sigma^2: 0.5, beta: -0.69, simulation: 49"
[1] "n sub: 10, n images per sub: 5, sigma^2: 2, beta: -0.69, simulation: 50"
[1] "n sub: 10, n images per sub: 5, sigma^2: 1, beta: -0.69, simulation: 50"
[1] "n sub: 10, n images per sub: 5, sigma^2: 0.5, beta: -0.69, simulation: 50"
[1] "n sub: 10, n images per sub: 5, sigma^2: 2, beta: -0.69, simulation: 51"
[1] "n sub: 10, n images per sub: 5, sigma^2: 1, beta: -0.69, simulation: 51"
[1] "n sub: 10, n images per sub: 5, sigma^2: 0.5, beta: -0.69, simulation: 51"
[1] "n sub: 10, n images per sub: 5, sigma^2: 2, beta: -0.69, simulation: 52"
[1] "n sub: 10, n images per sub: 5, sigma^2: 1, beta: -0.69, simulation: 52"
[1] "n sub: 10, n images per sub: 5, sigma^2: 0.5, beta: -0.69, simulation: 52"
[1] "n sub: 10, n images per sub: 5, sigma^2: 2, beta: -0.69, simulation: 53"
[1] "n sub: 10, n images per sub: 5, sigma^2: 1, beta: -0.69, simulation: 53"
[1] "n sub: 10, n images per sub: 5, sigma^2: 0.5, beta: -0.69, simulation: 53"
[1] "n sub: 10, n images per sub: 5, sigma^2: 2, beta: -0.69, simulation: 54"
[1] "n sub: 10, n images per sub: 5, sigma^2: 1, beta: -0.69, simulation: 54"
[1] "n sub: 10, n images per sub: 5, sigma^2: 0.5, beta: -0.69, simulation: 54"
[1] "n sub: 10, n images per sub: 5, sigma^2: 2, beta: -0.69, simulation: 55"
[1] "n sub: 10, n images per sub: 5, sigma^2: 1, beta: -0.69, simulation: 55"
[1] "n sub: 10, n images per sub: 5, sigma^2: 0.5, beta: -0.69, simulation: 55"
[1] "n sub: 10, n images per sub: 5, sigma^2: 2, beta: -0.69, simulation: 56"
[1] "n sub: 10, n images per sub: 5, sigma^2: 1, beta: -0.69, simulation: 56"
[1] "n sub: 10, n images per sub: 5, sigma^2: 0.5, beta: -0.69, simulation: 56"
[1] "n sub: 10, n images per sub: 5, sigma^2: 2, beta: -0.69, simulation: 57"
[1] "n sub: 10, n images per sub: 5, sigma^2: 1, beta: -0.69, simulation: 57"
[1] "n sub: 10, n images per sub: 5, sigma^2: 0.5, beta: -0.69, simulation: 57"
[1] "n sub: 10, n images per sub: 5, sigma^2: 2, beta: -0.69, simulation: 58"
[1] "n sub: 10, n images per sub: 5, sigma^2: 1, beta: -0.69, simulation: 58"
[1] "n sub: 10, n images per sub: 5, sigma^2: 0.5, beta: -0.69, simulation: 58"
[1] "n sub: 10, n images per sub: 5, sigma^2: 2, beta: -0.69, simulation: 59"
[1] "n sub: 10, n images per sub: 5, sigma^2: 0.5, beta: -0.69, simulation: 59"
[1] "n sub: 10, n images per sub: 5, sigma^2: 1, beta: -0.69, simulation: 59"
[1] "n sub: 10, n images per sub: 5, sigma^2: 2, beta: -0.69, simulation: 60"
[1] "n sub: 10, n images per sub: 5, sigma^2: 0.5, beta: -0.69, simulation: 60"
[1] "n sub: 10, n images per sub: 5, sigma^2: 1, beta: -0.69, simulation: 60"
[1] "n sub: 10, n images per sub: 5, sigma^2: 2, beta: -0.69, simulation: 61"
[1] "n sub: 10, n images per sub: 5, sigma^2: 1, beta: -0.69, simulation: 61"
[1] "n sub: 10, n images per sub: 5, sigma^2: 0.5, beta: -0.69, simulation: 61"
[1] "n sub: 10, n images per sub: 5, sigma^2: 2, beta: -0.69, simulation: 62"
[1] "n sub: 10, n images per sub: 5, sigma^2: 1, beta: -0.69, simulation: 62"
[1] "n sub: 10, n images per sub: 5, sigma^2: 0.5, beta: -0.69, simulation: 62"
[1] "n sub: 10, n images per sub: 5, sigma^2: 2, beta: -0.69, simulation: 63"
[1] "n sub: 10, n images per sub: 5, sigma^2: 1, beta: -0.69, simulation: 63"
[1] "n sub: 10, n images per sub: 5, sigma^2: 0.5, beta: -0.69, simulation: 63"
[1] "n sub: 10, n images per sub: 5, sigma^2: 2, beta: -0.69, simulation: 64"
[1] "n sub: 10, n images per sub: 5, sigma^2: 1, beta: -0.69, simulation: 64"
[1] "n sub: 10, n images per sub: 5, sigma^2: 0.5, beta: -0.69, simulation: 64"
[1] "n sub: 10, n images per sub: 5, sigma^2: 2, beta: -0.69, simulation: 65"
[1] "n sub: 10, n images per sub: 5, sigma^2: 1, beta: -0.69, simulation: 65"
[1] "n sub: 10, n images per sub: 5, sigma^2: 0.5, beta: -0.69, simulation: 65"
[1] "n sub: 10, n images per sub: 5, sigma^2: 2, beta: -0.69, simulation: 66"
[1] "n sub: 10, n images per sub: 5, sigma^2: 1, beta: -0.69, simulation: 66"
[1] "n sub: 10, n images per sub: 5, sigma^2: 0.5, beta: -0.69, simulation: 66"
[1] "n sub: 10, n images per sub: 5, sigma^2: 2, beta: -0.69, simulation: 67"
[1] "n sub: 10, n images per sub: 5, sigma^2: 1, beta: -0.69, simulation: 67"
[1] "n sub: 10, n images per sub: 5, sigma^2: 0.5, beta: -0.69, simulation: 67"
[1] "n sub: 10, n images per sub: 5, sigma^2: 2, beta: -0.69, simulation: 68"
[1] "n sub: 10, n images per sub: 5, sigma^2: 1, beta: -0.69, simulation: 68"
[1] "n sub: 10, n images per sub: 5, sigma^2: 0.5, beta: -0.69, simulation: 68"
[1] "n sub: 10, n images per sub: 5, sigma^2: 2, beta: -0.69, simulation: 69"
[1] "n sub: 10, n images per sub: 5, sigma^2: 1, beta: -0.69, simulation: 69"
[1] "n sub: 10, n images per sub: 5, sigma^2: 0.5, beta: -0.69, simulation: 69"
[1] "n sub: 10, n images per sub: 5, sigma^2: 2, beta: -0.69, simulation: 70"
[1] "n sub: 10, n images per sub: 5, sigma^2: 1, beta: -0.69, simulation: 70"
[1] "n sub: 10, n images per sub: 5, sigma^2: 0.5, beta: -0.69, simulation: 70"
[1] "n sub: 10, n images per sub: 5, sigma^2: 2, beta: -0.69, simulation: 71"
[1] "n sub: 10, n images per sub: 5, sigma^2: 1, beta: -0.69, simulation: 71"
[1] "n sub: 10, n images per sub: 5, sigma^2: 0.5, beta: -0.69, simulation: 71"
[1] "n sub: 10, n images per sub: 5, sigma^2: 2, beta: -0.69, simulation: 72"
[1] "n sub: 10, n images per sub: 5, sigma^2: 1, beta: -0.69, simulation: 72"
[1] "n sub: 10, n images per sub: 5, sigma^2: 0.5, beta: -0.69, simulation: 72"
[1] "n sub: 10, n images per sub: 5, sigma^2: 2, beta: -0.69, simulation: 73"
[1] "n sub: 10, n images per sub: 5, sigma^2: 1, beta: -0.69, simulation: 73"
[1] "n sub: 10, n images per sub: 5, sigma^2: 0.5, beta: -0.69, simulation: 73"
[1] "n sub: 10, n images per sub: 5, sigma^2: 2, beta: -0.69, simulation: 74"
[1] "n sub: 10, n images per sub: 5, sigma^2: 1, beta: -0.69, simulation: 74"
[1] "n sub: 10, n images per sub: 5, sigma^2: 0.5, beta: -0.69, simulation: 74"
[1] "n sub: 10, n images per sub: 5, sigma^2: 2, beta: -0.69, simulation: 75"
[1] "n sub: 10, n images per sub: 5, sigma^2: 1, beta: -0.69, simulation: 75"
[1] "n sub: 10, n images per sub: 5, sigma^2: 0.5, beta: -0.69, simulation: 75"
[1] "n sub: 10, n images per sub: 5, sigma^2: 2, beta: -0.69, simulation: 76"
[1] "n sub: 10, n images per sub: 5, sigma^2: 1, beta: -0.69, simulation: 76"
[1] "n sub: 10, n images per sub: 5, sigma^2: 0.5, beta: -0.69, simulation: 76"
[1] "n sub: 10, n images per sub: 5, sigma^2: 2, beta: -0.69, simulation: 77"
[1] "n sub: 10, n images per sub: 5, sigma^2: 1, beta: -0.69, simulation: 77"
[1] "n sub: 10, n images per sub: 5, sigma^2: 0.5, beta: -0.69, simulation: 77"
[1] "n sub: 10, n images per sub: 5, sigma^2: 2, beta: -0.69, simulation: 78"
[1] "n sub: 10, n images per sub: 5, sigma^2: 1, beta: -0.69, simulation: 78"
[1] "n sub: 10, n images per sub: 5, sigma^2: 0.5, beta: -0.69, simulation: 78"
[1] "n sub: 10, n images per sub: 5, sigma^2: 2, beta: -0.69, simulation: 79"
[1] "n sub: 10, n images per sub: 5, sigma^2: 0.5, beta: -0.69, simulation: 79"
[1] "n sub: 10, n images per sub: 5, sigma^2: 1, beta: -0.69, simulation: 79"
[1] "n sub: 10, n images per sub: 5, sigma^2: 2, beta: -0.69, simulation: 80"
[1] "n sub: 10, n images per sub: 5, sigma^2: 1, beta: -0.69, simulation: 80"
[1] "n sub: 10, n images per sub: 5, sigma^2: 0.5, beta: -0.69, simulation: 80"
