 [1] 13285 13286 13287 13288 13289 13290 13291 13292 13293 13294 13295 13296
[13] 13297 13298 13299 13300 13301 13302 13303 13304 13305 13306 13307 13308
[25] 13309 13310 13311 13312 13313 13314 13315 13316 13317 13318 13319 13320
[37] 13321 13322 13323 13324 13325 13326 13327 13328 13329 13330 13331 13332
[49] 13333 13334 13335 13336 13337 13338
[1] "n sub: 30, n images per sub: 5, sigma^2: 1, beta: 1.1, simulation: 29"
[1] "n sub: 30, n images per sub: 5, sigma^2: 2, beta: 1.1, simulation: 29"
[1] "n sub: 30, n images per sub: 5, sigma^2: 0.5, beta: 1.1, simulation: 29"
[1] "n sub: 30, n images per sub: 5, sigma^2: 2, beta: 1.1, simulation: 30"
[1] "n sub: 30, n images per sub: 5, sigma^2: 1, beta: 1.1, simulation: 30"
[1] "n sub: 30, n images per sub: 5, sigma^2: 0.5, beta: 1.1, simulation: 30"
[1] "n sub: 30, n images per sub: 5, sigma^2: 0.5, beta: 1.1, simulation: 31"
[1] "n sub: 30, n images per sub: 5, sigma^2: 1, beta: 1.1, simulation: 31"
[1] "n sub: 30, n images per sub: 5, sigma^2: 2, beta: 1.1, simulation: 31"
[1] "n sub: 30, n images per sub: 5, sigma^2: 0.5, beta: 1.1, simulation: 32"
[1] "n sub: 30, n images per sub: 5, sigma^2: 1, beta: 1.1, simulation: 32"
[1] "n sub: 30, n images per sub: 5, sigma^2: 2, beta: 1.1, simulation: 32"
[1] "n sub: 30, n images per sub: 5, sigma^2: 0.5, beta: 1.1, simulation: 33"
[1] "n sub: 30, n images per sub: 5, sigma^2: 1, beta: 1.1, simulation: 33"
[1] "n sub: 30, n images per sub: 5, sigma^2: 2, beta: 1.1, simulation: 33"
[1] "n sub: 30, n images per sub: 5, sigma^2: 0.5, beta: 1.1, simulation: 34"
[1] "n sub: 30, n images per sub: 5, sigma^2: 1, beta: 1.1, simulation: 34"
[1] "n sub: 30, n images per sub: 5, sigma^2: 2, beta: 1.1, simulation: 34"
[1] "n sub: 30, n images per sub: 5, sigma^2: 0.5, beta: 1.1, simulation: 35"
[1] "n sub: 30, n images per sub: 5, sigma^2: 1, beta: 1.1, simulation: 35"
[1] "n sub: 30, n images per sub: 5, sigma^2: 2, beta: 1.1, simulation: 35"
[1] "n sub: 30, n images per sub: 5, sigma^2: 0.5, beta: 1.1, simulation: 36"
[1] "n sub: 30, n images per sub: 5, sigma^2: 1, beta: 1.1, simulation: 36"
[1] "n sub: 30, n images per sub: 5, sigma^2: 2, beta: 1.1, simulation: 36"
[1] "n sub: 30, n images per sub: 5, sigma^2: 0.5, beta: 1.1, simulation: 37"
[1] "n sub: 30, n images per sub: 5, sigma^2: 1, beta: 1.1, simulation: 37"
[1] "n sub: 30, n images per sub: 5, sigma^2: 2, beta: 1.1, simulation: 37"
[1] "n sub: 30, n images per sub: 5, sigma^2: 0.5, beta: 1.1, simulation: 38"
[1] "n sub: 30, n images per sub: 5, sigma^2: 1, beta: 1.1, simulation: 38"
[1] "n sub: 30, n images per sub: 5, sigma^2: 2, beta: 1.1, simulation: 38"
[1] "n sub: 30, n images per sub: 5, sigma^2: 0.5, beta: 1.1, simulation: 39"
[1] "n sub: 30, n images per sub: 5, sigma^2: 1, beta: 1.1, simulation: 39"
[1] "n sub: 30, n images per sub: 5, sigma^2: 2, beta: 1.1, simulation: 39"
[1] "n sub: 30, n images per sub: 5, sigma^2: 2, beta: 1.1, simulation: 40"
[1] "n sub: 30, n images per sub: 5, sigma^2: 1, beta: 1.1, simulation: 40"
[1] "n sub: 30, n images per sub: 5, sigma^2: 0.5, beta: 1.1, simulation: 40"
[1] "n sub: 30, n images per sub: 5, sigma^2: 2, beta: 1.1, simulation: 41"
[1] "n sub: 30, n images per sub: 5, sigma^2: 1, beta: 1.1, simulation: 41"
[1] "n sub: 30, n images per sub: 5, sigma^2: 0.5, beta: 1.1, simulation: 41"
[1] "n sub: 30, n images per sub: 5, sigma^2: 2, beta: 1.1, simulation: 42"
[1] "n sub: 30, n images per sub: 5, sigma^2: 1, beta: 1.1, simulation: 42"
[1] "n sub: 30, n images per sub: 5, sigma^2: 0.5, beta: 1.1, simulation: 42"
[1] "n sub: 30, n images per sub: 5, sigma^2: 2, beta: 1.1, simulation: 43"
[1] "n sub: 30, n images per sub: 5, sigma^2: 1, beta: 1.1, simulation: 43"
[1] "n sub: 30, n images per sub: 5, sigma^2: 0.5, beta: 1.1, simulation: 43"
[1] "n sub: 30, n images per sub: 5, sigma^2: 2, beta: 1.1, simulation: 44"
[1] "n sub: 30, n images per sub: 5, sigma^2: 1, beta: 1.1, simulation: 44"
[1] "n sub: 30, n images per sub: 5, sigma^2: 0.5, beta: 1.1, simulation: 44"
[1] "n sub: 30, n images per sub: 5, sigma^2: 2, beta: 1.1, simulation: 45"
[1] "n sub: 30, n images per sub: 5, sigma^2: 1, beta: 1.1, simulation: 45"
[1] "n sub: 30, n images per sub: 5, sigma^2: 0.5, beta: 1.1, simulation: 45"
[1] "n sub: 30, n images per sub: 5, sigma^2: 2, beta: 1.1, simulation: 46"
[1] "n sub: 30, n images per sub: 5, sigma^2: 1, beta: 1.1, simulation: 46"
[1] "n sub: 30, n images per sub: 5, sigma^2: 0.5, beta: 1.1, simulation: 46"
