 [1] 12259 12260 12261 12262 12263 12264 12265 12266 12267 12268 12269 12270
[13] 12271 12272 12273 12274 12275 12276 12277 12278 12279 12280 12281 12282
[25] 12283 12284 12285 12286 12287 12288 12289 12290 12291 12292 12293 12294
[37] 12295 12296 12297 12298 12299 12300 12301 12302 12303 12304 12305 12306
[49] 12307 12308 12309 12310 12311 12312
[1] "n sub: 30, n images per sub: 5, sigma^2: 0.5, beta: 0, simulation: 87"
[1] "n sub: 30, n images per sub: 5, sigma^2: 1, beta: 0, simulation: 87"
[1] "n sub: 30, n images per sub: 5, sigma^2: 2, beta: 0, simulation: 87"
[1] "n sub: 30, n images per sub: 5, sigma^2: 0.5, beta: 0, simulation: 88"
[1] "n sub: 30, n images per sub: 5, sigma^2: 1, beta: 0, simulation: 88"
[1] "n sub: 30, n images per sub: 5, sigma^2: 2, beta: 0, simulation: 88"
[1] "n sub: 30, n images per sub: 5, sigma^2: 0.5, beta: 0, simulation: 89"
[1] "n sub: 30, n images per sub: 5, sigma^2: 2, beta: 0, simulation: 89"
[1] "n sub: 30, n images per sub: 5, sigma^2: 1, beta: 0, simulation: 89"
[1] "n sub: 30, n images per sub: 5, sigma^2: 0.5, beta: 0, simulation: 90"
[1] "n sub: 30, n images per sub: 5, sigma^2: 2, beta: 0, simulation: 90"
[1] "n sub: 30, n images per sub: 5, sigma^2: 1, beta: 0, simulation: 90"
[1] "n sub: 30, n images per sub: 5, sigma^2: 0.5, beta: 0, simulation: 91"
[1] "n sub: 30, n images per sub: 5, sigma^2: 1, beta: 0, simulation: 91"
[1] "n sub: 30, n images per sub: 5, sigma^2: 2, beta: 0, simulation: 91"
[1] "n sub: 30, n images per sub: 5, sigma^2: 0.5, beta: 0, simulation: 92"
[1] "n sub: 30, n images per sub: 5, sigma^2: 1, beta: 0, simulation: 92"
[1] "n sub: 30, n images per sub: 5, sigma^2: 2, beta: 0, simulation: 92"
[1] "n sub: 30, n images per sub: 5, sigma^2: 0.5, beta: 0, simulation: 93"
[1] "n sub: 30, n images per sub: 5, sigma^2: 1, beta: 0, simulation: 93"
[1] "n sub: 30, n images per sub: 5, sigma^2: 2, beta: 0, simulation: 93"
[1] "n sub: 30, n images per sub: 5, sigma^2: 0.5, beta: 0, simulation: 94"
[1] "n sub: 30, n images per sub: 5, sigma^2: 1, beta: 0, simulation: 94"
[1] "n sub: 30, n images per sub: 5, sigma^2: 2, beta: 0, simulation: 94"
[1] "n sub: 30, n images per sub: 5, sigma^2: 0.5, beta: 0, simulation: 95"
[1] "n sub: 30, n images per sub: 5, sigma^2: 1, beta: 0, simulation: 95"
[1] "n sub: 30, n images per sub: 5, sigma^2: 2, beta: 0, simulation: 95"
[1] "n sub: 30, n images per sub: 5, sigma^2: 0.5, beta: 0, simulation: 96"
[1] "n sub: 30, n images per sub: 5, sigma^2: 1, beta: 0, simulation: 96"
[1] "n sub: 30, n images per sub: 5, sigma^2: 2, beta: 0, simulation: 96"
[1] "n sub: 30, n images per sub: 5, sigma^2: 0.5, beta: 0, simulation: 97"
[1] "n sub: 30, n images per sub: 5, sigma^2: 1, beta: 0, simulation: 97"
[1] "n sub: 30, n images per sub: 5, sigma^2: 2, beta: 0, simulation: 97"
[1] "n sub: 30, n images per sub: 5, sigma^2: 0.5, beta: 0, simulation: 98"
[1] "n sub: 30, n images per sub: 5, sigma^2: 1, beta: 0, simulation: 98"
[1] "n sub: 30, n images per sub: 5, sigma^2: 2, beta: 0, simulation: 98"
[1] "n sub: 30, n images per sub: 5, sigma^2: 0.5, beta: 0, simulation: 99"
[1] "n sub: 30, n images per sub: 5, sigma^2: 1, beta: 0, simulation: 99"
[1] "n sub: 30, n images per sub: 5, sigma^2: 2, beta: 0, simulation: 99"
[1] "n sub: 30, n images per sub: 5, sigma^2: 0.5, beta: 0, simulation: 100"
[1] "n sub: 30, n images per sub: 5, sigma^2: 1, beta: 0, simulation: 100"
[1] "n sub: 30, n images per sub: 5, sigma^2: 2, beta: 0, simulation: 100"
[1] "n sub: 30, n images per sub: 5, sigma^2: 2, beta: 0.22, simulation: 1"
[1] "n sub: 30, n images per sub: 5, sigma^2: 1, beta: 0.22, simulation: 1"
[1] "n sub: 30, n images per sub: 5, sigma^2: 0.5, beta: 0.22, simulation: 1"
[1] "n sub: 30, n images per sub: 5, sigma^2: 2, beta: 0.22, simulation: 2"
[1] "n sub: 30, n images per sub: 5, sigma^2: 1, beta: 0.22, simulation: 2"
[1] "n sub: 30, n images per sub: 5, sigma^2: 0.5, beta: 0.22, simulation: 2"
[1] "n sub: 30, n images per sub: 5, sigma^2: 2, beta: 0.22, simulation: 3"
[1] "n sub: 30, n images per sub: 5, sigma^2: 1, beta: 0.22, simulation: 3"
[1] "n sub: 30, n images per sub: 5, sigma^2: 0.5, beta: 0.22, simulation: 3"
[1] "n sub: 30, n images per sub: 5, sigma^2: 2, beta: 0.22, simulation: 4"
[1] "n sub: 30, n images per sub: 5, sigma^2: 1, beta: 0.22, simulation: 4"
[1] "n sub: 30, n images per sub: 5, sigma^2: 0.5, beta: 0.22, simulation: 4"
