  [1] 4321 4322 4323 4324 4325 4326 4327 4328 4329 4330 4331 4332 4333 4334 4335
 [16] 4336 4337 4338 4339 4340 4341 4342 4343 4344 4345 4346 4347 4348 4349 4350
 [31] 4351 4352 4353 4354 4355 4356 4357 4358 4359 4360 4361 4362 4363 4364 4365
 [46] 4366 4367 4368 4369 4370 4371 4372 4373 4374 4375 4376 4377 4378 4379 4380
 [61] 4381 4382 4383 4384 4385 4386 4387 4388 4389 4390 4391 4392 4393 4394 4395
 [76] 4396 4397 4398 4399 4400 4401 4402 4403 4404 4405 4406 4407 4408 4409 4410
 [91] 4411 4412 4413 4414 4415 4416 4417 4418 4419 4420 4421 4422 4423 4424 4425
[106] 4426 4427 4428 4429 4430 4431 4432 4433 4434 4435 4436 4437 4438 4439 4440
[121] 4441 4442 4443 4444 4445 4446 4447 4448 4449 4450 4451 4452 4453 4454 4455
[1] "n sub: 30, n images per sub: 1, sigma^2: 2, beta: 0.22, simulation: 41"
[1] "n sub: 30, n images per sub: 1, sigma^2: 1, beta: 0.22, simulation: 41"
[1] "n sub: 30, n images per sub: 1, sigma^2: 0.5, beta: 0.22, simulation: 41"
[1] "n sub: 30, n images per sub: 1, sigma^2: 2, beta: 0.22, simulation: 42"
[1] "n sub: 30, n images per sub: 1, sigma^2: 1, beta: 0.22, simulation: 42"
[1] "n sub: 30, n images per sub: 1, sigma^2: 0.5, beta: 0.22, simulation: 42"
[1] "n sub: 30, n images per sub: 1, sigma^2: 2, beta: 0.22, simulation: 43"
[1] "n sub: 30, n images per sub: 1, sigma^2: 1, beta: 0.22, simulation: 43"
[1] "n sub: 30, n images per sub: 1, sigma^2: 0.5, beta: 0.22, simulation: 43"
[1] "n sub: 30, n images per sub: 1, sigma^2: 2, beta: 0.22, simulation: 44"
[1] "n sub: 30, n images per sub: 1, sigma^2: 1, beta: 0.22, simulation: 44"
[1] "n sub: 30, n images per sub: 1, sigma^2: 0.5, beta: 0.22, simulation: 44"
[1] "n sub: 30, n images per sub: 1, sigma^2: 2, beta: 0.22, simulation: 45"
[1] "n sub: 30, n images per sub: 1, sigma^2: 1, beta: 0.22, simulation: 45"
[1] "n sub: 30, n images per sub: 1, sigma^2: 0.5, beta: 0.22, simulation: 45"
[1] "n sub: 30, n images per sub: 1, sigma^2: 2, beta: 0.22, simulation: 46"
[1] "n sub: 30, n images per sub: 1, sigma^2: 1, beta: 0.22, simulation: 46"
[1] "n sub: 30, n images per sub: 1, sigma^2: 0.5, beta: 0.22, simulation: 46"
[1] "n sub: 30, n images per sub: 1, sigma^2: 2, beta: 0.22, simulation: 47"
[1] "n sub: 30, n images per sub: 1, sigma^2: 1, beta: 0.22, simulation: 47"
[1] "n sub: 30, n images per sub: 1, sigma^2: 0.5, beta: 0.22, simulation: 47"
[1] "n sub: 30, n images per sub: 1, sigma^2: 2, beta: 0.22, simulation: 48"
[1] "n sub: 30, n images per sub: 1, sigma^2: 1, beta: 0.22, simulation: 48"
[1] "n sub: 30, n images per sub: 1, sigma^2: 0.5, beta: 0.22, simulation: 48"
[1] "n sub: 30, n images per sub: 1, sigma^2: 2, beta: 0.22, simulation: 49"
[1] "n sub: 30, n images per sub: 1, sigma^2: 1, beta: 0.22, simulation: 49"
[1] "n sub: 30, n images per sub: 1, sigma^2: 0.5, beta: 0.22, simulation: 49"
[1] "n sub: 30, n images per sub: 1, sigma^2: 2, beta: 0.22, simulation: 50"
[1] "n sub: 30, n images per sub: 1, sigma^2: 1, beta: 0.22, simulation: 50"
[1] "n sub: 30, n images per sub: 1, sigma^2: 0.5, beta: 0.22, simulation: 50"
[1] "n sub: 30, n images per sub: 1, sigma^2: 2, beta: 0.22, simulation: 51"
[1] "n sub: 30, n images per sub: 1, sigma^2: 1, beta: 0.22, simulation: 51"
[1] "n sub: 30, n images per sub: 1, sigma^2: 0.5, beta: 0.22, simulation: 51"
[1] "n sub: 30, n images per sub: 1, sigma^2: 2, beta: 0.22, simulation: 52"
[1] "n sub: 30, n images per sub: 1, sigma^2: 1, beta: 0.22, simulation: 52"
[1] "n sub: 30, n images per sub: 1, sigma^2: 0.5, beta: 0.22, simulation: 52"
[1] "n sub: 30, n images per sub: 1, sigma^2: 2, beta: 0.22, simulation: 53"
[1] "n sub: 30, n images per sub: 1, sigma^2: 1, beta: 0.22, simulation: 53"
[1] "n sub: 30, n images per sub: 1, sigma^2: 0.5, beta: 0.22, simulation: 53"
[1] "n sub: 30, n images per sub: 1, sigma^2: 2, beta: 0.22, simulation: 54"
[1] "n sub: 30, n images per sub: 1, sigma^2: 1, beta: 0.22, simulation: 54"
[1] "n sub: 30, n images per sub: 1, sigma^2: 0.5, beta: 0.22, simulation: 54"
[1] "n sub: 30, n images per sub: 1, sigma^2: 2, beta: 0.22, simulation: 55"
[1] "n sub: 30, n images per sub: 1, sigma^2: 1, beta: 0.22, simulation: 55"
[1] "n sub: 30, n images per sub: 1, sigma^2: 0.5, beta: 0.22, simulation: 55"
[1] "n sub: 30, n images per sub: 1, sigma^2: 2, beta: 0.22, simulation: 56"
[1] "n sub: 30, n images per sub: 1, sigma^2: 1, beta: 0.22, simulation: 56"
[1] "n sub: 30, n images per sub: 1, sigma^2: 0.5, beta: 0.22, simulation: 56"
[1] "n sub: 30, n images per sub: 1, sigma^2: 2, beta: 0.22, simulation: 57"
[1] "n sub: 30, n images per sub: 1, sigma^2: 1, beta: 0.22, simulation: 57"
[1] "n sub: 30, n images per sub: 1, sigma^2: 0.5, beta: 0.22, simulation: 57"
[1] "n sub: 30, n images per sub: 1, sigma^2: 2, beta: 0.22, simulation: 58"
[1] "n sub: 30, n images per sub: 1, sigma^2: 1, beta: 0.22, simulation: 58"
[1] "n sub: 30, n images per sub: 1, sigma^2: 0.5, beta: 0.22, simulation: 58"
[1] "n sub: 30, n images per sub: 1, sigma^2: 2, beta: 0.22, simulation: 59"
[1] "n sub: 30, n images per sub: 1, sigma^2: 1, beta: 0.22, simulation: 59"
[1] "n sub: 30, n images per sub: 1, sigma^2: 0.5, beta: 0.22, simulation: 59"
[1] "n sub: 30, n images per sub: 1, sigma^2: 2, beta: 0.22, simulation: 60"
[1] "n sub: 30, n images per sub: 1, sigma^2: 1, beta: 0.22, simulation: 60"
[1] "n sub: 30, n images per sub: 1, sigma^2: 0.5, beta: 0.22, simulation: 60"
[1] "n sub: 30, n images per sub: 1, sigma^2: 2, beta: 0.22, simulation: 61"
[1] "n sub: 30, n images per sub: 1, sigma^2: 1, beta: 0.22, simulation: 61"
[1] "n sub: 30, n images per sub: 1, sigma^2: 0.5, beta: 0.22, simulation: 61"
[1] "n sub: 30, n images per sub: 1, sigma^2: 2, beta: 0.22, simulation: 62"
[1] "n sub: 30, n images per sub: 1, sigma^2: 1, beta: 0.22, simulation: 62"
[1] "n sub: 30, n images per sub: 1, sigma^2: 0.5, beta: 0.22, simulation: 62"
[1] "n sub: 30, n images per sub: 1, sigma^2: 2, beta: 0.22, simulation: 63"
[1] "n sub: 30, n images per sub: 1, sigma^2: 0.5, beta: 0.22, simulation: 63"
[1] "n sub: 30, n images per sub: 1, sigma^2: 1, beta: 0.22, simulation: 63"
[1] "n sub: 30, n images per sub: 1, sigma^2: 2, beta: 0.22, simulation: 64"
[1] "n sub: 30, n images per sub: 1, sigma^2: 1, beta: 0.22, simulation: 64"
[1] "n sub: 30, n images per sub: 1, sigma^2: 0.5, beta: 0.22, simulation: 64"
[1] "n sub: 30, n images per sub: 1, sigma^2: 2, beta: 0.22, simulation: 65"
[1] "n sub: 30, n images per sub: 1, sigma^2: 1, beta: 0.22, simulation: 65"
[1] "n sub: 30, n images per sub: 1, sigma^2: 0.5, beta: 0.22, simulation: 65"
[1] "n sub: 30, n images per sub: 1, sigma^2: 2, beta: 0.22, simulation: 66"
[1] "n sub: 30, n images per sub: 1, sigma^2: 1, beta: 0.22, simulation: 66"
[1] "n sub: 30, n images per sub: 1, sigma^2: 0.5, beta: 0.22, simulation: 66"
[1] "n sub: 30, n images per sub: 1, sigma^2: 2, beta: 0.22, simulation: 67"
[1] "n sub: 30, n images per sub: 1, sigma^2: 1, beta: 0.22, simulation: 67"
[1] "n sub: 30, n images per sub: 1, sigma^2: 0.5, beta: 0.22, simulation: 67"
[1] "n sub: 30, n images per sub: 1, sigma^2: 2, beta: 0.22, simulation: 68"
[1] "n sub: 30, n images per sub: 1, sigma^2: 1, beta: 0.22, simulation: 68"
[1] "n sub: 30, n images per sub: 1, sigma^2: 0.5, beta: 0.22, simulation: 68"
[1] "n sub: 30, n images per sub: 1, sigma^2: 2, beta: 0.22, simulation: 69"
[1] "n sub: 30, n images per sub: 1, sigma^2: 1, beta: 0.22, simulation: 69"
[1] "n sub: 30, n images per sub: 1, sigma^2: 0.5, beta: 0.22, simulation: 69"
[1] "n sub: 30, n images per sub: 1, sigma^2: 2, beta: 0.22, simulation: 70"
[1] "n sub: 30, n images per sub: 1, sigma^2: 1, beta: 0.22, simulation: 70"
[1] "n sub: 30, n images per sub: 1, sigma^2: 0.5, beta: 0.22, simulation: 70"
[1] "n sub: 30, n images per sub: 1, sigma^2: 2, beta: 0.22, simulation: 71"
[1] "n sub: 30, n images per sub: 1, sigma^2: 1, beta: 0.22, simulation: 71"
[1] "n sub: 30, n images per sub: 1, sigma^2: 0.5, beta: 0.22, simulation: 71"
[1] "n sub: 30, n images per sub: 1, sigma^2: 2, beta: 0.22, simulation: 72"
[1] "n sub: 30, n images per sub: 1, sigma^2: 1, beta: 0.22, simulation: 72"
[1] "n sub: 30, n images per sub: 1, sigma^2: 0.5, beta: 0.22, simulation: 72"
[1] "n sub: 30, n images per sub: 1, sigma^2: 2, beta: 0.22, simulation: 73"
[1] "n sub: 30, n images per sub: 1, sigma^2: 1, beta: 0.22, simulation: 73"
[1] "n sub: 30, n images per sub: 1, sigma^2: 0.5, beta: 0.22, simulation: 73"
[1] "n sub: 30, n images per sub: 1, sigma^2: 2, beta: 0.22, simulation: 74"
[1] "n sub: 30, n images per sub: 1, sigma^2: 1, beta: 0.22, simulation: 74"
[1] "n sub: 30, n images per sub: 1, sigma^2: 0.5, beta: 0.22, simulation: 74"
[1] "n sub: 30, n images per sub: 1, sigma^2: 2, beta: 0.22, simulation: 75"
[1] "n sub: 30, n images per sub: 1, sigma^2: 1, beta: 0.22, simulation: 75"
[1] "n sub: 30, n images per sub: 1, sigma^2: 0.5, beta: 0.22, simulation: 75"
[1] "n sub: 30, n images per sub: 1, sigma^2: 2, beta: 0.22, simulation: 76"
[1] "n sub: 30, n images per sub: 1, sigma^2: 1, beta: 0.22, simulation: 76"
[1] "n sub: 30, n images per sub: 1, sigma^2: 0.5, beta: 0.22, simulation: 76"
[1] "n sub: 30, n images per sub: 1, sigma^2: 2, beta: 0.22, simulation: 77"
[1] "n sub: 30, n images per sub: 1, sigma^2: 1, beta: 0.22, simulation: 77"
[1] "n sub: 30, n images per sub: 1, sigma^2: 0.5, beta: 0.22, simulation: 77"
[1] "n sub: 30, n images per sub: 1, sigma^2: 2, beta: 0.22, simulation: 78"
[1] "n sub: 30, n images per sub: 1, sigma^2: 1, beta: 0.22, simulation: 78"
[1] "n sub: 30, n images per sub: 1, sigma^2: 0.5, beta: 0.22, simulation: 78"
[1] "n sub: 30, n images per sub: 1, sigma^2: 2, beta: 0.22, simulation: 79"
[1] "n sub: 30, n images per sub: 1, sigma^2: 1, beta: 0.22, simulation: 79"
[1] "n sub: 30, n images per sub: 1, sigma^2: 0.5, beta: 0.22, simulation: 79"
[1] "n sub: 30, n images per sub: 1, sigma^2: 2, beta: 0.22, simulation: 80"
[1] "n sub: 30, n images per sub: 1, sigma^2: 1, beta: 0.22, simulation: 80"
[1] "n sub: 30, n images per sub: 1, sigma^2: 0.5, beta: 0.22, simulation: 80"
[1] "n sub: 30, n images per sub: 1, sigma^2: 2, beta: 0.22, simulation: 81"
[1] "n sub: 30, n images per sub: 1, sigma^2: 1, beta: 0.22, simulation: 81"
[1] "n sub: 30, n images per sub: 1, sigma^2: 0.5, beta: 0.22, simulation: 81"
[1] "n sub: 30, n images per sub: 1, sigma^2: 2, beta: 0.22, simulation: 82"
[1] "n sub: 30, n images per sub: 1, sigma^2: 1, beta: 0.22, simulation: 82"
[1] "n sub: 30, n images per sub: 1, sigma^2: 0.5, beta: 0.22, simulation: 82"
[1] "n sub: 30, n images per sub: 1, sigma^2: 2, beta: 0.22, simulation: 83"
[1] "n sub: 30, n images per sub: 1, sigma^2: 1, beta: 0.22, simulation: 83"
[1] "n sub: 30, n images per sub: 1, sigma^2: 0.5, beta: 0.22, simulation: 83"
[1] "n sub: 30, n images per sub: 1, sigma^2: 2, beta: 0.22, simulation: 84"
[1] "n sub: 30, n images per sub: 1, sigma^2: 1, beta: 0.22, simulation: 84"
[1] "n sub: 30, n images per sub: 1, sigma^2: 0.5, beta: 0.22, simulation: 84"
[1] "n sub: 30, n images per sub: 1, sigma^2: 2, beta: 0.22, simulation: 85"
[1] "n sub: 30, n images per sub: 1, sigma^2: 1, beta: 0.22, simulation: 85"
[1] "n sub: 30, n images per sub: 1, sigma^2: 0.5, beta: 0.22, simulation: 85"
