 [1] 16093 16094 16095 16096 16097 16098 16099 16100 16101 16102 16103 16104
[13] 16105 16106 16107 16108 16109 16110 16111 16112 16113 16114 16115 16116
[25] 16117 16118 16119
[1] "n sub: 50, n images per sub: 5, sigma^2: 2, beta: 1.1, simulation: 65"
[1] "n sub: 50, n images per sub: 5, sigma^2: 1, beta: 1.1, simulation: 65"
[1] "n sub: 50, n images per sub: 5, sigma^2: 0.5, beta: 1.1, simulation: 65"
[1] "n sub: 50, n images per sub: 5, sigma^2: 2, beta: 1.1, simulation: 66"
[1] "n sub: 50, n images per sub: 5, sigma^2: 1, beta: 1.1, simulation: 66"
[1] "n sub: 50, n images per sub: 5, sigma^2: 0.5, beta: 1.1, simulation: 66"
[1] "n sub: 50, n images per sub: 5, sigma^2: 2, beta: 1.1, simulation: 67"
[1] "n sub: 50, n images per sub: 5, sigma^2: 1, beta: 1.1, simulation: 67"
[1] "n sub: 50, n images per sub: 5, sigma^2: 0.5, beta: 1.1, simulation: 67"
[1] "n sub: 50, n images per sub: 5, sigma^2: 2, beta: 1.1, simulation: 68"
[1] "n sub: 50, n images per sub: 5, sigma^2: 1, beta: 1.1, simulation: 68"
[1] "n sub: 50, n images per sub: 5, sigma^2: 0.5, beta: 1.1, simulation: 68"
[1] "n sub: 50, n images per sub: 5, sigma^2: 1, beta: 1.1, simulation: 69"
[1] "n sub: 50, n images per sub: 5, sigma^2: 2, beta: 1.1, simulation: 69"
[1] "n sub: 50, n images per sub: 5, sigma^2: 0.5, beta: 1.1, simulation: 69"
[1] "n sub: 50, n images per sub: 5, sigma^2: 2, beta: 1.1, simulation: 70"
[1] "n sub: 50, n images per sub: 5, sigma^2: 1, beta: 1.1, simulation: 70"
[1] "n sub: 50, n images per sub: 5, sigma^2: 0.5, beta: 1.1, simulation: 70"
[1] "n sub: 50, n images per sub: 5, sigma^2: 1, beta: 1.1, simulation: 71"
[1] "n sub: 50, n images per sub: 5, sigma^2: 2, beta: 1.1, simulation: 71"
[1] "n sub: 50, n images per sub: 5, sigma^2: 0.5, beta: 1.1, simulation: 71"
[1] "n sub: 50, n images per sub: 5, sigma^2: 0.5, beta: 1.1, simulation: 72"
[1] "n sub: 50, n images per sub: 5, sigma^2: 1, beta: 1.1, simulation: 72"
[1] "n sub: 50, n images per sub: 5, sigma^2: 2, beta: 1.1, simulation: 72"
[1] "n sub: 50, n images per sub: 5, sigma^2: 0.5, beta: 1.1, simulation: 73"
[1] "n sub: 50, n images per sub: 5, sigma^2: 1, beta: 1.1, simulation: 73"
[1] "n sub: 50, n images per sub: 5, sigma^2: 2, beta: 1.1, simulation: 73"
