 [1] 14284 14285 14286 14287 14288 14289 14290 14291 14292 14293 14294 14295
[13] 14296 14297 14298 14299 14300 14301 14302 14303 14304 14305 14306 14307
[25] 14308 14309 14310
[1] "n sub: 50, n images per sub: 5, sigma^2: 0.5, beta: -0.41, simulation: 62"
[1] "n sub: 50, n images per sub: 5, sigma^2: 1, beta: -0.41, simulation: 62"
[1] "n sub: 50, n images per sub: 5, sigma^2: 2, beta: -0.41, simulation: 62"
[1] "n sub: 50, n images per sub: 5, sigma^2: 0.5, beta: -0.41, simulation: 63"
[1] "n sub: 50, n images per sub: 5, sigma^2: 1, beta: -0.41, simulation: 63"
[1] "n sub: 50, n images per sub: 5, sigma^2: 2, beta: -0.41, simulation: 63"
[1] "n sub: 50, n images per sub: 5, sigma^2: 0.5, beta: -0.41, simulation: 64"
[1] "n sub: 50, n images per sub: 5, sigma^2: 1, beta: -0.41, simulation: 64"
[1] "n sub: 50, n images per sub: 5, sigma^2: 2, beta: -0.41, simulation: 64"
[1] "n sub: 50, n images per sub: 5, sigma^2: 0.5, beta: -0.41, simulation: 65"
[1] "n sub: 50, n images per sub: 5, sigma^2: 1, beta: -0.41, simulation: 65"
[1] "n sub: 50, n images per sub: 5, sigma^2: 2, beta: -0.41, simulation: 65"
[1] "n sub: 50, n images per sub: 5, sigma^2: 0.5, beta: -0.41, simulation: 66"
[1] "n sub: 50, n images per sub: 5, sigma^2: 1, beta: -0.41, simulation: 66"
[1] "n sub: 50, n images per sub: 5, sigma^2: 2, beta: -0.41, simulation: 66"
[1] "n sub: 50, n images per sub: 5, sigma^2: 0.5, beta: -0.41, simulation: 67"
[1] "n sub: 50, n images per sub: 5, sigma^2: 1, beta: -0.41, simulation: 67"
[1] "n sub: 50, n images per sub: 5, sigma^2: 2, beta: -0.41, simulation: 67"
[1] "n sub: 50, n images per sub: 5, sigma^2: 0.5, beta: -0.41, simulation: 68"
[1] "n sub: 50, n images per sub: 5, sigma^2: 1, beta: -0.41, simulation: 68"
[1] "n sub: 50, n images per sub: 5, sigma^2: 2, beta: -0.41, simulation: 68"
[1] "n sub: 50, n images per sub: 5, sigma^2: 2, beta: -0.41, simulation: 69"
[1] "n sub: 50, n images per sub: 5, sigma^2: 0.5, beta: -0.41, simulation: 69"
[1] "n sub: 50, n images per sub: 5, sigma^2: 1, beta: -0.41, simulation: 69"
[1] "n sub: 50, n images per sub: 5, sigma^2: 2, beta: -0.41, simulation: 70"
[1] "n sub: 50, n images per sub: 5, sigma^2: 0.5, beta: -0.41, simulation: 70"
[1] "n sub: 50, n images per sub: 5, sigma^2: 1, beta: -0.41, simulation: 70"
