  [1] 9829 9830 9831 9832 9833 9834 9835 9836 9837 9838 9839 9840 9841 9842 9843
 [16] 9844 9845 9846 9847 9848 9849 9850 9851 9852 9853 9854 9855 9856 9857 9858
 [31] 9859 9860 9861 9862 9863 9864 9865 9866 9867 9868 9869 9870 9871 9872 9873
 [46] 9874 9875 9876 9877 9878 9879 9880 9881 9882 9883 9884 9885 9886 9887 9888
 [61] 9889 9890 9891 9892 9893 9894 9895 9896 9897 9898 9899 9900 9901 9902 9903
 [76] 9904 9905 9906 9907 9908 9909 9910 9911 9912 9913 9914 9915 9916 9917 9918
 [91] 9919 9920 9921 9922 9923 9924 9925 9926 9927 9928 9929 9930 9931 9932 9933
[106] 9934 9935 9936
[1] "n sub: 10, n images per sub: 5, sigma^2: 2, beta: 0.22, simulation: 77"
[1] "n sub: 10, n images per sub: 5, sigma^2: 1, beta: 0.22, simulation: 77"
[1] "n sub: 10, n images per sub: 5, sigma^2: 0.5, beta: 0.22, simulation: 77"
[1] "n sub: 10, n images per sub: 5, sigma^2: 2, beta: 0.22, simulation: 78"
[1] "n sub: 10, n images per sub: 5, sigma^2: 1, beta: 0.22, simulation: 78"
[1] "n sub: 10, n images per sub: 5, sigma^2: 0.5, beta: 0.22, simulation: 78"
[1] "n sub: 10, n images per sub: 5, sigma^2: 2, beta: 0.22, simulation: 79"
[1] "n sub: 10, n images per sub: 5, sigma^2: 1, beta: 0.22, simulation: 79"
[1] "n sub: 10, n images per sub: 5, sigma^2: 0.5, beta: 0.22, simulation: 79"
[1] "n sub: 10, n images per sub: 5, sigma^2: 2, beta: 0.22, simulation: 80"
[1] "n sub: 10, n images per sub: 5, sigma^2: 1, beta: 0.22, simulation: 80"
[1] "n sub: 10, n images per sub: 5, sigma^2: 0.5, beta: 0.22, simulation: 80"
[1] "n sub: 10, n images per sub: 5, sigma^2: 2, beta: 0.22, simulation: 81"
[1] "n sub: 10, n images per sub: 5, sigma^2: 1, beta: 0.22, simulation: 81"
[1] "n sub: 10, n images per sub: 5, sigma^2: 0.5, beta: 0.22, simulation: 81"
[1] "n sub: 10, n images per sub: 5, sigma^2: 2, beta: 0.22, simulation: 82"
[1] "n sub: 10, n images per sub: 5, sigma^2: 1, beta: 0.22, simulation: 82"
[1] "n sub: 10, n images per sub: 5, sigma^2: 0.5, beta: 0.22, simulation: 82"
[1] "n sub: 10, n images per sub: 5, sigma^2: 2, beta: 0.22, simulation: 83"
[1] "n sub: 10, n images per sub: 5, sigma^2: 1, beta: 0.22, simulation: 83"
[1] "n sub: 10, n images per sub: 5, sigma^2: 0.5, beta: 0.22, simulation: 83"
[1] "n sub: 10, n images per sub: 5, sigma^2: 2, beta: 0.22, simulation: 84"
[1] "n sub: 10, n images per sub: 5, sigma^2: 1, beta: 0.22, simulation: 84"
[1] "n sub: 10, n images per sub: 5, sigma^2: 0.5, beta: 0.22, simulation: 84"
[1] "n sub: 10, n images per sub: 5, sigma^2: 2, beta: 0.22, simulation: 85"
[1] "n sub: 10, n images per sub: 5, sigma^2: 1, beta: 0.22, simulation: 85"
[1] "n sub: 10, n images per sub: 5, sigma^2: 0.5, beta: 0.22, simulation: 85"
[1] "n sub: 10, n images per sub: 5, sigma^2: 2, beta: 0.22, simulation: 86"
[1] "n sub: 10, n images per sub: 5, sigma^2: 1, beta: 0.22, simulation: 86"
[1] "n sub: 10, n images per sub: 5, sigma^2: 0.5, beta: 0.22, simulation: 86"
[1] "n sub: 10, n images per sub: 5, sigma^2: 2, beta: 0.22, simulation: 87"
[1] "n sub: 10, n images per sub: 5, sigma^2: 1, beta: 0.22, simulation: 87"
[1] "n sub: 10, n images per sub: 5, sigma^2: 0.5, beta: 0.22, simulation: 87"
[1] "n sub: 10, n images per sub: 5, sigma^2: 2, beta: 0.22, simulation: 88"
[1] "n sub: 10, n images per sub: 5, sigma^2: 1, beta: 0.22, simulation: 88"
[1] "n sub: 10, n images per sub: 5, sigma^2: 0.5, beta: 0.22, simulation: 88"
[1] "n sub: 10, n images per sub: 5, sigma^2: 2, beta: 0.22, simulation: 89"
[1] "n sub: 10, n images per sub: 5, sigma^2: 1, beta: 0.22, simulation: 89"
[1] "n sub: 10, n images per sub: 5, sigma^2: 0.5, beta: 0.22, simulation: 89"
[1] "n sub: 10, n images per sub: 5, sigma^2: 2, beta: 0.22, simulation: 90"
[1] "n sub: 10, n images per sub: 5, sigma^2: 1, beta: 0.22, simulation: 90"
[1] "n sub: 10, n images per sub: 5, sigma^2: 0.5, beta: 0.22, simulation: 90"
[1] "n sub: 10, n images per sub: 5, sigma^2: 2, beta: 0.22, simulation: 91"
[1] "n sub: 10, n images per sub: 5, sigma^2: 1, beta: 0.22, simulation: 91"
[1] "n sub: 10, n images per sub: 5, sigma^2: 0.5, beta: 0.22, simulation: 91"
[1] "n sub: 10, n images per sub: 5, sigma^2: 2, beta: 0.22, simulation: 92"
[1] "n sub: 10, n images per sub: 5, sigma^2: 1, beta: 0.22, simulation: 92"
[1] "n sub: 10, n images per sub: 5, sigma^2: 0.5, beta: 0.22, simulation: 92"
[1] "n sub: 10, n images per sub: 5, sigma^2: 2, beta: 0.22, simulation: 93"
[1] "n sub: 10, n images per sub: 5, sigma^2: 1, beta: 0.22, simulation: 93"
[1] "n sub: 10, n images per sub: 5, sigma^2: 0.5, beta: 0.22, simulation: 93"
[1] "n sub: 10, n images per sub: 5, sigma^2: 2, beta: 0.22, simulation: 94"
[1] "n sub: 10, n images per sub: 5, sigma^2: 1, beta: 0.22, simulation: 94"
[1] "n sub: 10, n images per sub: 5, sigma^2: 0.5, beta: 0.22, simulation: 94"
[1] "n sub: 10, n images per sub: 5, sigma^2: 2, beta: 0.22, simulation: 95"
[1] "n sub: 10, n images per sub: 5, sigma^2: 1, beta: 0.22, simulation: 95"
[1] "n sub: 10, n images per sub: 5, sigma^2: 0.5, beta: 0.22, simulation: 95"
[1] "n sub: 10, n images per sub: 5, sigma^2: 2, beta: 0.22, simulation: 96"
[1] "n sub: 10, n images per sub: 5, sigma^2: 1, beta: 0.22, simulation: 96"
[1] "n sub: 10, n images per sub: 5, sigma^2: 0.5, beta: 0.22, simulation: 96"
[1] "n sub: 10, n images per sub: 5, sigma^2: 2, beta: 0.22, simulation: 97"
[1] "n sub: 10, n images per sub: 5, sigma^2: 1, beta: 0.22, simulation: 97"
[1] "n sub: 10, n images per sub: 5, sigma^2: 0.5, beta: 0.22, simulation: 97"
[1] "n sub: 10, n images per sub: 5, sigma^2: 2, beta: 0.22, simulation: 98"
[1] "n sub: 10, n images per sub: 5, sigma^2: 1, beta: 0.22, simulation: 98"
[1] "n sub: 10, n images per sub: 5, sigma^2: 0.5, beta: 0.22, simulation: 98"
[1] "n sub: 10, n images per sub: 5, sigma^2: 2, beta: 0.22, simulation: 99"
[1] "n sub: 10, n images per sub: 5, sigma^2: 1, beta: 0.22, simulation: 99"
[1] "n sub: 10, n images per sub: 5, sigma^2: 0.5, beta: 0.22, simulation: 99"
[1] "n sub: 10, n images per sub: 5, sigma^2: 1, beta: 0.22, simulation: 100"
[1] "n sub: 10, n images per sub: 5, sigma^2: 2, beta: 0.22, simulation: 100"
[1] "n sub: 10, n images per sub: 5, sigma^2: 0.5, beta: 0.22, simulation: 100"
[1] "n sub: 10, n images per sub: 5, sigma^2: 2, beta: 0.41, simulation: 1"
[1] "n sub: 10, n images per sub: 5, sigma^2: 1, beta: 0.41, simulation: 1"
[1] "n sub: 10, n images per sub: 5, sigma^2: 0.5, beta: 0.41, simulation: 1"
[1] "n sub: 10, n images per sub: 5, sigma^2: 2, beta: 0.41, simulation: 2"
[1] "n sub: 10, n images per sub: 5, sigma^2: 1, beta: 0.41, simulation: 2"
[1] "n sub: 10, n images per sub: 5, sigma^2: 0.5, beta: 0.41, simulation: 2"
[1] "n sub: 10, n images per sub: 5, sigma^2: 2, beta: 0.41, simulation: 3"
[1] "n sub: 10, n images per sub: 5, sigma^2: 1, beta: 0.41, simulation: 3"
[1] "n sub: 10, n images per sub: 5, sigma^2: 0.5, beta: 0.41, simulation: 3"
[1] "n sub: 10, n images per sub: 5, sigma^2: 2, beta: 0.41, simulation: 4"
[1] "n sub: 10, n images per sub: 5, sigma^2: 1, beta: 0.41, simulation: 4"
[1] "n sub: 10, n images per sub: 5, sigma^2: 0.5, beta: 0.41, simulation: 4"
[1] "n sub: 10, n images per sub: 5, sigma^2: 1, beta: 0.41, simulation: 5"
[1] "n sub: 10, n images per sub: 5, sigma^2: 0.5, beta: 0.41, simulation: 5"
[1] "n sub: 10, n images per sub: 5, sigma^2: 2, beta: 0.41, simulation: 5"
[1] "n sub: 10, n images per sub: 5, sigma^2: 2, beta: 0.41, simulation: 6"
[1] "n sub: 10, n images per sub: 5, sigma^2: 1, beta: 0.41, simulation: 6"
[1] "n sub: 10, n images per sub: 5, sigma^2: 0.5, beta: 0.41, simulation: 6"
[1] "n sub: 10, n images per sub: 5, sigma^2: 1, beta: 0.41, simulation: 7"
[1] "n sub: 10, n images per sub: 5, sigma^2: 0.5, beta: 0.41, simulation: 7"
[1] "n sub: 10, n images per sub: 5, sigma^2: 2, beta: 0.41, simulation: 7"
[1] "n sub: 10, n images per sub: 5, sigma^2: 1, beta: 0.41, simulation: 8"
[1] "n sub: 10, n images per sub: 5, sigma^2: 0.5, beta: 0.41, simulation: 8"
[1] "n sub: 10, n images per sub: 5, sigma^2: 2, beta: 0.41, simulation: 8"
[1] "n sub: 10, n images per sub: 5, sigma^2: 1, beta: 0.41, simulation: 9"
[1] "n sub: 10, n images per sub: 5, sigma^2: 0.5, beta: 0.41, simulation: 9"
[1] "n sub: 10, n images per sub: 5, sigma^2: 2, beta: 0.41, simulation: 9"
[1] "n sub: 10, n images per sub: 5, sigma^2: 1, beta: 0.41, simulation: 10"
[1] "n sub: 10, n images per sub: 5, sigma^2: 0.5, beta: 0.41, simulation: 10"
[1] "n sub: 10, n images per sub: 5, sigma^2: 2, beta: 0.41, simulation: 10"
[1] "n sub: 10, n images per sub: 5, sigma^2: 1, beta: 0.41, simulation: 11"
[1] "n sub: 10, n images per sub: 5, sigma^2: 0.5, beta: 0.41, simulation: 11"
[1] "n sub: 10, n images per sub: 5, sigma^2: 2, beta: 0.41, simulation: 11"
[1] "n sub: 10, n images per sub: 5, sigma^2: 1, beta: 0.41, simulation: 12"
[1] "n sub: 10, n images per sub: 5, sigma^2: 0.5, beta: 0.41, simulation: 12"
[1] "n sub: 10, n images per sub: 5, sigma^2: 2, beta: 0.41, simulation: 12"
