 [1] 11935 11936 11937 11938 11939 11940 11941 11942 11943 11944 11945 11946
[13] 11947 11948 11949 11950 11951 11952 11953 11954 11955 11956 11957 11958
[25] 11959 11960 11961 11962 11963 11964 11965 11966 11967 11968 11969 11970
[37] 11971 11972 11973 11974 11975 11976 11977 11978 11979 11980 11981 11982
[49] 11983 11984 11985 11986 11987 11988
[1] "n sub: 30, n images per sub: 5, sigma^2: 2, beta: -0.22, simulation: 79"
[1] "n sub: 30, n images per sub: 5, sigma^2: 1, beta: -0.22, simulation: 79"
[1] "n sub: 30, n images per sub: 5, sigma^2: 0.5, beta: -0.22, simulation: 79"
[1] "n sub: 30, n images per sub: 5, sigma^2: 2, beta: -0.22, simulation: 80"
[1] "n sub: 30, n images per sub: 5, sigma^2: 1, beta: -0.22, simulation: 80"
[1] "n sub: 30, n images per sub: 5, sigma^2: 0.5, beta: -0.22, simulation: 80"
[1] "n sub: 30, n images per sub: 5, sigma^2: 2, beta: -0.22, simulation: 81"
[1] "n sub: 30, n images per sub: 5, sigma^2: 1, beta: -0.22, simulation: 81"
[1] "n sub: 30, n images per sub: 5, sigma^2: 0.5, beta: -0.22, simulation: 81"
[1] "n sub: 30, n images per sub: 5, sigma^2: 2, beta: -0.22, simulation: 82"
[1] "n sub: 30, n images per sub: 5, sigma^2: 1, beta: -0.22, simulation: 82"
[1] "n sub: 30, n images per sub: 5, sigma^2: 0.5, beta: -0.22, simulation: 82"
[1] "n sub: 30, n images per sub: 5, sigma^2: 2, beta: -0.22, simulation: 83"
[1] "n sub: 30, n images per sub: 5, sigma^2: 1, beta: -0.22, simulation: 83"
[1] "n sub: 30, n images per sub: 5, sigma^2: 0.5, beta: -0.22, simulation: 83"
[1] "n sub: 30, n images per sub: 5, sigma^2: 2, beta: -0.22, simulation: 84"
[1] "n sub: 30, n images per sub: 5, sigma^2: 1, beta: -0.22, simulation: 84"
[1] "n sub: 30, n images per sub: 5, sigma^2: 0.5, beta: -0.22, simulation: 84"
[1] "n sub: 30, n images per sub: 5, sigma^2: 2, beta: -0.22, simulation: 85"
[1] "n sub: 30, n images per sub: 5, sigma^2: 1, beta: -0.22, simulation: 85"
[1] "n sub: 30, n images per sub: 5, sigma^2: 0.5, beta: -0.22, simulation: 85"
[1] "n sub: 30, n images per sub: 5, sigma^2: 1, beta: -0.22, simulation: 86"
[1] "n sub: 30, n images per sub: 5, sigma^2: 2, beta: -0.22, simulation: 86"
[1] "n sub: 30, n images per sub: 5, sigma^2: 0.5, beta: -0.22, simulation: 86"
[1] "n sub: 30, n images per sub: 5, sigma^2: 1, beta: -0.22, simulation: 87"
[1] "n sub: 30, n images per sub: 5, sigma^2: 2, beta: -0.22, simulation: 87"
[1] "n sub: 30, n images per sub: 5, sigma^2: 0.5, beta: -0.22, simulation: 87"
[1] "n sub: 30, n images per sub: 5, sigma^2: 1, beta: -0.22, simulation: 88"
[1] "n sub: 30, n images per sub: 5, sigma^2: 2, beta: -0.22, simulation: 88"
[1] "n sub: 30, n images per sub: 5, sigma^2: 0.5, beta: -0.22, simulation: 88"
[1] "n sub: 30, n images per sub: 5, sigma^2: 2, beta: -0.22, simulation: 89"
[1] "n sub: 30, n images per sub: 5, sigma^2: 1, beta: -0.22, simulation: 89"
[1] "n sub: 30, n images per sub: 5, sigma^2: 0.5, beta: -0.22, simulation: 89"
[1] "n sub: 30, n images per sub: 5, sigma^2: 2, beta: -0.22, simulation: 90"
[1] "n sub: 30, n images per sub: 5, sigma^2: 1, beta: -0.22, simulation: 90"
[1] "n sub: 30, n images per sub: 5, sigma^2: 0.5, beta: -0.22, simulation: 90"
[1] "n sub: 30, n images per sub: 5, sigma^2: 2, beta: -0.22, simulation: 91"
[1] "n sub: 30, n images per sub: 5, sigma^2: 1, beta: -0.22, simulation: 91"
[1] "n sub: 30, n images per sub: 5, sigma^2: 0.5, beta: -0.22, simulation: 91"
[1] "n sub: 30, n images per sub: 5, sigma^2: 2, beta: -0.22, simulation: 92"
[1] "n sub: 30, n images per sub: 5, sigma^2: 1, beta: -0.22, simulation: 92"
[1] "n sub: 30, n images per sub: 5, sigma^2: 0.5, beta: -0.22, simulation: 92"
[1] "n sub: 30, n images per sub: 5, sigma^2: 2, beta: -0.22, simulation: 93"
[1] "n sub: 30, n images per sub: 5, sigma^2: 1, beta: -0.22, simulation: 93"
[1] "n sub: 30, n images per sub: 5, sigma^2: 0.5, beta: -0.22, simulation: 93"
[1] "n sub: 30, n images per sub: 5, sigma^2: 2, beta: -0.22, simulation: 94"
[1] "n sub: 30, n images per sub: 5, sigma^2: 1, beta: -0.22, simulation: 94"
[1] "n sub: 30, n images per sub: 5, sigma^2: 0.5, beta: -0.22, simulation: 94"
[1] "n sub: 30, n images per sub: 5, sigma^2: 2, beta: -0.22, simulation: 95"
[1] "n sub: 30, n images per sub: 5, sigma^2: 1, beta: -0.22, simulation: 95"
[1] "n sub: 30, n images per sub: 5, sigma^2: 0.5, beta: -0.22, simulation: 95"
[1] "n sub: 30, n images per sub: 5, sigma^2: 2, beta: -0.22, simulation: 96"
[1] "n sub: 30, n images per sub: 5, sigma^2: 1, beta: -0.22, simulation: 96"
[1] "n sub: 30, n images per sub: 5, sigma^2: 0.5, beta: -0.22, simulation: 96"
