  [1] 2026 2027 2028 2029 2030 2031 2032 2033 2034 2035 2036 2037 2038 2039 2040
 [16] 2041 2042 2043 2044 2045 2046 2047 2048 2049 2050 2051 2052 2053 2054 2055
 [31] 2056 2057 2058 2059 2060 2061 2062 2063 2064 2065 2066 2067 2068 2069 2070
 [46] 2071 2072 2073 2074 2075 2076 2077 2078 2079 2080 2081 2082 2083 2084 2085
 [61] 2086 2087 2088 2089 2090 2091 2092 2093 2094 2095 2096 2097 2098 2099 2100
 [76] 2101 2102 2103 2104 2105 2106 2107 2108 2109 2110 2111 2112 2113 2114 2115
 [91] 2116 2117 2118 2119 2120 2121 2122 2123 2124 2125 2126 2127 2128 2129 2130
[106] 2131 2132 2133 2134 2135 2136 2137 2138 2139 2140 2141 2142 2143 2144 2145
[121] 2146 2147 2148 2149 2150 2151 2152 2153 2154 2155 2156 2157 2158 2159 2160
[1] "n sub: 10, n images per sub: 1, sigma^2: 1, beta: 0.41, simulation: 76"
[1] "n sub: 10, n images per sub: 1, sigma^2: 0.5, beta: 0.41, simulation: 76"
[1] "n sub: 10, n images per sub: 1, sigma^2: 2, beta: 0.41, simulation: 76"
[1] "n sub: 10, n images per sub: 1, sigma^2: 0.5, beta: 0.41, simulation: 77"
[1] "n sub: 10, n images per sub: 1, sigma^2: 1, beta: 0.41, simulation: 77"
[1] "n sub: 10, n images per sub: 1, sigma^2: 2, beta: 0.41, simulation: 77"
[1] "n sub: 10, n images per sub: 1, sigma^2: 1, beta: 0.41, simulation: 78"
[1] "n sub: 10, n images per sub: 1, sigma^2: 0.5, beta: 0.41, simulation: 78"
[1] "n sub: 10, n images per sub: 1, sigma^2: 2, beta: 0.41, simulation: 78"
[1] "n sub: 10, n images per sub: 1, sigma^2: 1, beta: 0.41, simulation: 79"
[1] "n sub: 10, n images per sub: 1, sigma^2: 0.5, beta: 0.41, simulation: 79"
[1] "n sub: 10, n images per sub: 1, sigma^2: 2, beta: 0.41, simulation: 79"
[1] "n sub: 10, n images per sub: 1, sigma^2: 1, beta: 0.41, simulation: 80"
[1] "n sub: 10, n images per sub: 1, sigma^2: 0.5, beta: 0.41, simulation: 80"
[1] "n sub: 10, n images per sub: 1, sigma^2: 2, beta: 0.41, simulation: 80"
[1] "n sub: 10, n images per sub: 1, sigma^2: 1, beta: 0.41, simulation: 81"
[1] "n sub: 10, n images per sub: 1, sigma^2: 0.5, beta: 0.41, simulation: 81"
[1] "n sub: 10, n images per sub: 1, sigma^2: 2, beta: 0.41, simulation: 81"
[1] "n sub: 10, n images per sub: 1, sigma^2: 1, beta: 0.41, simulation: 82"
[1] "n sub: 10, n images per sub: 1, sigma^2: 0.5, beta: 0.41, simulation: 82"
[1] "n sub: 10, n images per sub: 1, sigma^2: 2, beta: 0.41, simulation: 82"
[1] "n sub: 10, n images per sub: 1, sigma^2: 1, beta: 0.41, simulation: 83"
[1] "n sub: 10, n images per sub: 1, sigma^2: 0.5, beta: 0.41, simulation: 83"
[1] "n sub: 10, n images per sub: 1, sigma^2: 2, beta: 0.41, simulation: 83"
[1] "n sub: 10, n images per sub: 1, sigma^2: 1, beta: 0.41, simulation: 84"
[1] "n sub: 10, n images per sub: 1, sigma^2: 0.5, beta: 0.41, simulation: 84"
[1] "n sub: 10, n images per sub: 1, sigma^2: 2, beta: 0.41, simulation: 84"
[1] "n sub: 10, n images per sub: 1, sigma^2: 1, beta: 0.41, simulation: 85"
[1] "n sub: 10, n images per sub: 1, sigma^2: 0.5, beta: 0.41, simulation: 85"
[1] "n sub: 10, n images per sub: 1, sigma^2: 2, beta: 0.41, simulation: 85"
[1] "n sub: 10, n images per sub: 1, sigma^2: 1, beta: 0.41, simulation: 86"
[1] "n sub: 10, n images per sub: 1, sigma^2: 0.5, beta: 0.41, simulation: 86"
[1] "n sub: 10, n images per sub: 1, sigma^2: 2, beta: 0.41, simulation: 86"
[1] "n sub: 10, n images per sub: 1, sigma^2: 1, beta: 0.41, simulation: 87"
[1] "n sub: 10, n images per sub: 1, sigma^2: 0.5, beta: 0.41, simulation: 87"
[1] "n sub: 10, n images per sub: 1, sigma^2: 2, beta: 0.41, simulation: 87"
[1] "n sub: 10, n images per sub: 1, sigma^2: 1, beta: 0.41, simulation: 88"
[1] "n sub: 10, n images per sub: 1, sigma^2: 0.5, beta: 0.41, simulation: 88"
[1] "n sub: 10, n images per sub: 1, sigma^2: 2, beta: 0.41, simulation: 88"
[1] "n sub: 10, n images per sub: 1, sigma^2: 1, beta: 0.41, simulation: 89"
[1] "n sub: 10, n images per sub: 1, sigma^2: 0.5, beta: 0.41, simulation: 89"
[1] "n sub: 10, n images per sub: 1, sigma^2: 2, beta: 0.41, simulation: 89"
[1] "n sub: 10, n images per sub: 1, sigma^2: 1, beta: 0.41, simulation: 90"
[1] "n sub: 10, n images per sub: 1, sigma^2: 0.5, beta: 0.41, simulation: 90"
[1] "n sub: 10, n images per sub: 1, sigma^2: 2, beta: 0.41, simulation: 90"
[1] "n sub: 10, n images per sub: 1, sigma^2: 1, beta: 0.41, simulation: 91"
[1] "n sub: 10, n images per sub: 1, sigma^2: 0.5, beta: 0.41, simulation: 91"
[1] "n sub: 10, n images per sub: 1, sigma^2: 2, beta: 0.41, simulation: 91"
[1] "n sub: 10, n images per sub: 1, sigma^2: 1, beta: 0.41, simulation: 92"
[1] "n sub: 10, n images per sub: 1, sigma^2: 0.5, beta: 0.41, simulation: 92"
[1] "n sub: 10, n images per sub: 1, sigma^2: 2, beta: 0.41, simulation: 92"
[1] "n sub: 10, n images per sub: 1, sigma^2: 1, beta: 0.41, simulation: 93"
[1] "n sub: 10, n images per sub: 1, sigma^2: 0.5, beta: 0.41, simulation: 93"
[1] "n sub: 10, n images per sub: 1, sigma^2: 2, beta: 0.41, simulation: 93"
[1] "n sub: 10, n images per sub: 1, sigma^2: 1, beta: 0.41, simulation: 94"
[1] "n sub: 10, n images per sub: 1, sigma^2: 0.5, beta: 0.41, simulation: 94"
[1] "n sub: 10, n images per sub: 1, sigma^2: 2, beta: 0.41, simulation: 94"
[1] "n sub: 10, n images per sub: 1, sigma^2: 1, beta: 0.41, simulation: 95"
[1] "n sub: 10, n images per sub: 1, sigma^2: 0.5, beta: 0.41, simulation: 95"
[1] "n sub: 10, n images per sub: 1, sigma^2: 2, beta: 0.41, simulation: 95"
[1] "n sub: 10, n images per sub: 1, sigma^2: 0.5, beta: 0.41, simulation: 96"
[1] "n sub: 10, n images per sub: 1, sigma^2: 1, beta: 0.41, simulation: 96"
[1] "n sub: 10, n images per sub: 1, sigma^2: 2, beta: 0.41, simulation: 96"
[1] "n sub: 10, n images per sub: 1, sigma^2: 0.5, beta: 0.41, simulation: 97"
[1] "n sub: 10, n images per sub: 1, sigma^2: 1, beta: 0.41, simulation: 97"
[1] "n sub: 10, n images per sub: 1, sigma^2: 2, beta: 0.41, simulation: 97"
[1] "n sub: 10, n images per sub: 1, sigma^2: 0.5, beta: 0.41, simulation: 98"
[1] "n sub: 10, n images per sub: 1, sigma^2: 1, beta: 0.41, simulation: 98"
[1] "n sub: 10, n images per sub: 1, sigma^2: 2, beta: 0.41, simulation: 98"
[1] "n sub: 10, n images per sub: 1, sigma^2: 0.5, beta: 0.41, simulation: 99"
[1] "n sub: 10, n images per sub: 1, sigma^2: 1, beta: 0.41, simulation: 99"
[1] "n sub: 10, n images per sub: 1, sigma^2: 2, beta: 0.41, simulation: 99"
[1] "n sub: 10, n images per sub: 1, sigma^2: 0.5, beta: 0.41, simulation: 100"
[1] "n sub: 10, n images per sub: 1, sigma^2: 1, beta: 0.41, simulation: 100"
[1] "n sub: 10, n images per sub: 1, sigma^2: 2, beta: 0.41, simulation: 100"
[1] "n sub: 10, n images per sub: 1, sigma^2: 2, beta: 0.69, simulation: 1"
[1] "n sub: 10, n images per sub: 1, sigma^2: 1, beta: 0.69, simulation: 1"
[1] "n sub: 10, n images per sub: 1, sigma^2: 0.5, beta: 0.69, simulation: 1"
[1] "n sub: 10, n images per sub: 1, sigma^2: 2, beta: 0.69, simulation: 2"
[1] "n sub: 10, n images per sub: 1, sigma^2: 1, beta: 0.69, simulation: 2"
[1] "n sub: 10, n images per sub: 1, sigma^2: 0.5, beta: 0.69, simulation: 2"
[1] "n sub: 10, n images per sub: 1, sigma^2: 2, beta: 0.69, simulation: 3"
[1] "n sub: 10, n images per sub: 1, sigma^2: 1, beta: 0.69, simulation: 3"
[1] "n sub: 10, n images per sub: 1, sigma^2: 0.5, beta: 0.69, simulation: 3"
[1] "n sub: 10, n images per sub: 1, sigma^2: 2, beta: 0.69, simulation: 4"
[1] "n sub: 10, n images per sub: 1, sigma^2: 1, beta: 0.69, simulation: 4"
[1] "n sub: 10, n images per sub: 1, sigma^2: 0.5, beta: 0.69, simulation: 4"
[1] "n sub: 10, n images per sub: 1, sigma^2: 2, beta: 0.69, simulation: 5"
[1] "n sub: 10, n images per sub: 1, sigma^2: 1, beta: 0.69, simulation: 5"
[1] "n sub: 10, n images per sub: 1, sigma^2: 0.5, beta: 0.69, simulation: 5"
[1] "n sub: 10, n images per sub: 1, sigma^2: 2, beta: 0.69, simulation: 6"
[1] "n sub: 10, n images per sub: 1, sigma^2: 1, beta: 0.69, simulation: 6"
[1] "n sub: 10, n images per sub: 1, sigma^2: 0.5, beta: 0.69, simulation: 6"
[1] "n sub: 10, n images per sub: 1, sigma^2: 2, beta: 0.69, simulation: 7"
[1] "n sub: 10, n images per sub: 1, sigma^2: 1, beta: 0.69, simulation: 7"
[1] "n sub: 10, n images per sub: 1, sigma^2: 0.5, beta: 0.69, simulation: 7"
[1] "n sub: 10, n images per sub: 1, sigma^2: 2, beta: 0.69, simulation: 8"
[1] "n sub: 10, n images per sub: 1, sigma^2: 1, beta: 0.69, simulation: 8"
[1] "n sub: 10, n images per sub: 1, sigma^2: 0.5, beta: 0.69, simulation: 8"
[1] "n sub: 10, n images per sub: 1, sigma^2: 2, beta: 0.69, simulation: 9"
[1] "n sub: 10, n images per sub: 1, sigma^2: 1, beta: 0.69, simulation: 9"
[1] "n sub: 10, n images per sub: 1, sigma^2: 0.5, beta: 0.69, simulation: 9"
[1] "n sub: 10, n images per sub: 1, sigma^2: 2, beta: 0.69, simulation: 10"
[1] "n sub: 10, n images per sub: 1, sigma^2: 1, beta: 0.69, simulation: 10"
[1] "n sub: 10, n images per sub: 1, sigma^2: 0.5, beta: 0.69, simulation: 10"
[1] "n sub: 10, n images per sub: 1, sigma^2: 2, beta: 0.69, simulation: 11"
[1] "n sub: 10, n images per sub: 1, sigma^2: 1, beta: 0.69, simulation: 11"
[1] "n sub: 10, n images per sub: 1, sigma^2: 0.5, beta: 0.69, simulation: 11"
[1] "n sub: 10, n images per sub: 1, sigma^2: 2, beta: 0.69, simulation: 12"
[1] "n sub: 10, n images per sub: 1, sigma^2: 1, beta: 0.69, simulation: 12"
[1] "n sub: 10, n images per sub: 1, sigma^2: 0.5, beta: 0.69, simulation: 12"
[1] "n sub: 10, n images per sub: 1, sigma^2: 2, beta: 0.69, simulation: 13"
[1] "n sub: 10, n images per sub: 1, sigma^2: 1, beta: 0.69, simulation: 13"
[1] "n sub: 10, n images per sub: 1, sigma^2: 0.5, beta: 0.69, simulation: 13"
[1] "n sub: 10, n images per sub: 1, sigma^2: 2, beta: 0.69, simulation: 14"
[1] "n sub: 10, n images per sub: 1, sigma^2: 1, beta: 0.69, simulation: 14"
[1] "n sub: 10, n images per sub: 1, sigma^2: 0.5, beta: 0.69, simulation: 14"
[1] "n sub: 10, n images per sub: 1, sigma^2: 2, beta: 0.69, simulation: 15"
[1] "n sub: 10, n images per sub: 1, sigma^2: 1, beta: 0.69, simulation: 15"
[1] "n sub: 10, n images per sub: 1, sigma^2: 0.5, beta: 0.69, simulation: 15"
[1] "n sub: 10, n images per sub: 1, sigma^2: 2, beta: 0.69, simulation: 16"
[1] "n sub: 10, n images per sub: 1, sigma^2: 1, beta: 0.69, simulation: 16"
[1] "n sub: 10, n images per sub: 1, sigma^2: 0.5, beta: 0.69, simulation: 16"
[1] "n sub: 10, n images per sub: 1, sigma^2: 2, beta: 0.69, simulation: 17"
[1] "n sub: 10, n images per sub: 1, sigma^2: 1, beta: 0.69, simulation: 17"
[1] "n sub: 10, n images per sub: 1, sigma^2: 0.5, beta: 0.69, simulation: 17"
[1] "n sub: 10, n images per sub: 1, sigma^2: 2, beta: 0.69, simulation: 18"
[1] "n sub: 10, n images per sub: 1, sigma^2: 1, beta: 0.69, simulation: 18"
[1] "n sub: 10, n images per sub: 1, sigma^2: 0.5, beta: 0.69, simulation: 18"
[1] "n sub: 10, n images per sub: 1, sigma^2: 2, beta: 0.69, simulation: 19"
[1] "n sub: 10, n images per sub: 1, sigma^2: 1, beta: 0.69, simulation: 19"
[1] "n sub: 10, n images per sub: 1, sigma^2: 0.5, beta: 0.69, simulation: 19"
[1] "n sub: 10, n images per sub: 1, sigma^2: 2, beta: 0.69, simulation: 20"
[1] "n sub: 10, n images per sub: 1, sigma^2: 1, beta: 0.69, simulation: 20"
[1] "n sub: 10, n images per sub: 1, sigma^2: 0.5, beta: 0.69, simulation: 20"
