  [1] 5536 5537 5538 5539 5540 5541 5542 5543 5544 5545 5546 5547 5548 5549 5550
 [16] 5551 5552 5553 5554 5555 5556 5557 5558 5559 5560 5561 5562 5563 5564 5565
 [31] 5566 5567 5568 5569 5570 5571 5572 5573 5574 5575 5576 5577 5578 5579 5580
 [46] 5581 5582 5583 5584 5585 5586 5587 5588 5589 5590 5591 5592 5593 5594 5595
 [61] 5596 5597 5598 5599 5600 5601 5602 5603 5604 5605 5606 5607 5608 5609 5610
 [76] 5611 5612 5613 5614 5615 5616 5617 5618 5619 5620 5621 5622 5623 5624 5625
 [91] 5626 5627 5628 5629 5630 5631 5632 5633 5634 5635 5636 5637 5638 5639 5640
[106] 5641 5642 5643 5644 5645 5646 5647 5648 5649 5650 5651 5652 5653 5654 5655
[121] 5656 5657 5658 5659 5660 5661 5662 5663 5664 5665 5666 5667 5668 5669 5670
[1] "n sub: 50, n images per sub: 1, sigma^2: 0.5, beta: -1.1, simulation: 46"
[1] "n sub: 50, n images per sub: 1, sigma^2: 1, beta: -1.1, simulation: 46"
[1] "n sub: 50, n images per sub: 1, sigma^2: 2, beta: -1.1, simulation: 46"
[1] "n sub: 50, n images per sub: 1, sigma^2: 0.5, beta: -1.1, simulation: 47"
[1] "n sub: 50, n images per sub: 1, sigma^2: 1, beta: -1.1, simulation: 47"
[1] "n sub: 50, n images per sub: 1, sigma^2: 2, beta: -1.1, simulation: 47"
[1] "n sub: 50, n images per sub: 1, sigma^2: 0.5, beta: -1.1, simulation: 48"
[1] "n sub: 50, n images per sub: 1, sigma^2: 1, beta: -1.1, simulation: 48"
[1] "n sub: 50, n images per sub: 1, sigma^2: 2, beta: -1.1, simulation: 48"
[1] "n sub: 50, n images per sub: 1, sigma^2: 0.5, beta: -1.1, simulation: 49"
[1] "n sub: 50, n images per sub: 1, sigma^2: 1, beta: -1.1, simulation: 49"
[1] "n sub: 50, n images per sub: 1, sigma^2: 2, beta: -1.1, simulation: 49"
[1] "n sub: 50, n images per sub: 1, sigma^2: 2, beta: -1.1, simulation: 50"
[1] "n sub: 50, n images per sub: 1, sigma^2: 0.5, beta: -1.1, simulation: 50"
[1] "n sub: 50, n images per sub: 1, sigma^2: 1, beta: -1.1, simulation: 50"
[1] "n sub: 50, n images per sub: 1, sigma^2: 2, beta: -1.1, simulation: 51"
[1] "n sub: 50, n images per sub: 1, sigma^2: 1, beta: -1.1, simulation: 51"
[1] "n sub: 50, n images per sub: 1, sigma^2: 0.5, beta: -1.1, simulation: 51"
[1] "n sub: 50, n images per sub: 1, sigma^2: 2, beta: -1.1, simulation: 52"
[1] "n sub: 50, n images per sub: 1, sigma^2: 0.5, beta: -1.1, simulation: 52"
[1] "n sub: 50, n images per sub: 1, sigma^2: 1, beta: -1.1, simulation: 52"
[1] "n sub: 50, n images per sub: 1, sigma^2: 2, beta: -1.1, simulation: 53"
[1] "n sub: 50, n images per sub: 1, sigma^2: 1, beta: -1.1, simulation: 53"
[1] "n sub: 50, n images per sub: 1, sigma^2: 0.5, beta: -1.1, simulation: 53"
[1] "n sub: 50, n images per sub: 1, sigma^2: 2, beta: -1.1, simulation: 54"
[1] "n sub: 50, n images per sub: 1, sigma^2: 1, beta: -1.1, simulation: 54"
[1] "n sub: 50, n images per sub: 1, sigma^2: 0.5, beta: -1.1, simulation: 54"
[1] "n sub: 50, n images per sub: 1, sigma^2: 2, beta: -1.1, simulation: 55"
[1] "n sub: 50, n images per sub: 1, sigma^2: 1, beta: -1.1, simulation: 55"
[1] "n sub: 50, n images per sub: 1, sigma^2: 0.5, beta: -1.1, simulation: 55"
[1] "n sub: 50, n images per sub: 1, sigma^2: 2, beta: -1.1, simulation: 56"
[1] "n sub: 50, n images per sub: 1, sigma^2: 1, beta: -1.1, simulation: 56"
[1] "n sub: 50, n images per sub: 1, sigma^2: 0.5, beta: -1.1, simulation: 56"
[1] "n sub: 50, n images per sub: 1, sigma^2: 2, beta: -1.1, simulation: 57"
[1] "n sub: 50, n images per sub: 1, sigma^2: 1, beta: -1.1, simulation: 57"
[1] "n sub: 50, n images per sub: 1, sigma^2: 0.5, beta: -1.1, simulation: 57"
[1] "n sub: 50, n images per sub: 1, sigma^2: 2, beta: -1.1, simulation: 58"
[1] "n sub: 50, n images per sub: 1, sigma^2: 1, beta: -1.1, simulation: 58"
[1] "n sub: 50, n images per sub: 1, sigma^2: 0.5, beta: -1.1, simulation: 58"
[1] "n sub: 50, n images per sub: 1, sigma^2: 2, beta: -1.1, simulation: 59"
[1] "n sub: 50, n images per sub: 1, sigma^2: 1, beta: -1.1, simulation: 59"
[1] "n sub: 50, n images per sub: 1, sigma^2: 0.5, beta: -1.1, simulation: 59"
[1] "n sub: 50, n images per sub: 1, sigma^2: 2, beta: -1.1, simulation: 60"
[1] "n sub: 50, n images per sub: 1, sigma^2: 1, beta: -1.1, simulation: 60"
[1] "n sub: 50, n images per sub: 1, sigma^2: 0.5, beta: -1.1, simulation: 60"
[1] "n sub: 50, n images per sub: 1, sigma^2: 2, beta: -1.1, simulation: 61"
[1] "n sub: 50, n images per sub: 1, sigma^2: 1, beta: -1.1, simulation: 61"
[1] "n sub: 50, n images per sub: 1, sigma^2: 0.5, beta: -1.1, simulation: 61"
[1] "n sub: 50, n images per sub: 1, sigma^2: 0.5, beta: -1.1, simulation: 62"
[1] "n sub: 50, n images per sub: 1, sigma^2: 1, beta: -1.1, simulation: 62"
[1] "n sub: 50, n images per sub: 1, sigma^2: 2, beta: -1.1, simulation: 62"
[1] "n sub: 50, n images per sub: 1, sigma^2: 0.5, beta: -1.1, simulation: 63"
[1] "n sub: 50, n images per sub: 1, sigma^2: 1, beta: -1.1, simulation: 63"
[1] "n sub: 50, n images per sub: 1, sigma^2: 2, beta: -1.1, simulation: 63"
[1] "n sub: 50, n images per sub: 1, sigma^2: 0.5, beta: -1.1, simulation: 64"
[1] "n sub: 50, n images per sub: 1, sigma^2: 1, beta: -1.1, simulation: 64"
[1] "n sub: 50, n images per sub: 1, sigma^2: 2, beta: -1.1, simulation: 64"
[1] "n sub: 50, n images per sub: 1, sigma^2: 0.5, beta: -1.1, simulation: 65"
[1] "n sub: 50, n images per sub: 1, sigma^2: 1, beta: -1.1, simulation: 65"
[1] "n sub: 50, n images per sub: 1, sigma^2: 2, beta: -1.1, simulation: 65"
[1] "n sub: 50, n images per sub: 1, sigma^2: 0.5, beta: -1.1, simulation: 66"
[1] "n sub: 50, n images per sub: 1, sigma^2: 1, beta: -1.1, simulation: 66"
[1] "n sub: 50, n images per sub: 1, sigma^2: 2, beta: -1.1, simulation: 66"
[1] "n sub: 50, n images per sub: 1, sigma^2: 0.5, beta: -1.1, simulation: 67"
[1] "n sub: 50, n images per sub: 1, sigma^2: 1, beta: -1.1, simulation: 67"
[1] "n sub: 50, n images per sub: 1, sigma^2: 2, beta: -1.1, simulation: 67"
[1] "n sub: 50, n images per sub: 1, sigma^2: 0.5, beta: -1.1, simulation: 68"
[1] "n sub: 50, n images per sub: 1, sigma^2: 1, beta: -1.1, simulation: 68"
[1] "n sub: 50, n images per sub: 1, sigma^2: 2, beta: -1.1, simulation: 68"
[1] "n sub: 50, n images per sub: 1, sigma^2: 0.5, beta: -1.1, simulation: 69"
[1] "n sub: 50, n images per sub: 1, sigma^2: 1, beta: -1.1, simulation: 69"
[1] "n sub: 50, n images per sub: 1, sigma^2: 2, beta: -1.1, simulation: 69"
[1] "n sub: 50, n images per sub: 1, sigma^2: 2, beta: -1.1, simulation: 70"
[1] "n sub: 50, n images per sub: 1, sigma^2: 0.5, beta: -1.1, simulation: 70"
[1] "n sub: 50, n images per sub: 1, sigma^2: 1, beta: -1.1, simulation: 70"
[1] "n sub: 50, n images per sub: 1, sigma^2: 2, beta: -1.1, simulation: 71"
[1] "n sub: 50, n images per sub: 1, sigma^2: 1, beta: -1.1, simulation: 71"
[1] "n sub: 50, n images per sub: 1, sigma^2: 0.5, beta: -1.1, simulation: 71"
[1] "n sub: 50, n images per sub: 1, sigma^2: 2, beta: -1.1, simulation: 72"
[1] "n sub: 50, n images per sub: 1, sigma^2: 0.5, beta: -1.1, simulation: 72"
[1] "n sub: 50, n images per sub: 1, sigma^2: 1, beta: -1.1, simulation: 72"
[1] "n sub: 50, n images per sub: 1, sigma^2: 2, beta: -1.1, simulation: 73"
[1] "n sub: 50, n images per sub: 1, sigma^2: 1, beta: -1.1, simulation: 73"
[1] "n sub: 50, n images per sub: 1, sigma^2: 0.5, beta: -1.1, simulation: 73"
[1] "n sub: 50, n images per sub: 1, sigma^2: 2, beta: -1.1, simulation: 74"
[1] "n sub: 50, n images per sub: 1, sigma^2: 1, beta: -1.1, simulation: 74"
[1] "n sub: 50, n images per sub: 1, sigma^2: 0.5, beta: -1.1, simulation: 74"
[1] "n sub: 50, n images per sub: 1, sigma^2: 2, beta: -1.1, simulation: 75"
[1] "n sub: 50, n images per sub: 1, sigma^2: 1, beta: -1.1, simulation: 75"
[1] "n sub: 50, n images per sub: 1, sigma^2: 0.5, beta: -1.1, simulation: 75"
[1] "n sub: 50, n images per sub: 1, sigma^2: 2, beta: -1.1, simulation: 76"
[1] "n sub: 50, n images per sub: 1, sigma^2: 1, beta: -1.1, simulation: 76"
[1] "n sub: 50, n images per sub: 1, sigma^2: 0.5, beta: -1.1, simulation: 76"
[1] "n sub: 50, n images per sub: 1, sigma^2: 2, beta: -1.1, simulation: 77"
[1] "n sub: 50, n images per sub: 1, sigma^2: 1, beta: -1.1, simulation: 77"
[1] "n sub: 50, n images per sub: 1, sigma^2: 0.5, beta: -1.1, simulation: 77"
[1] "n sub: 50, n images per sub: 1, sigma^2: 2, beta: -1.1, simulation: 78"
[1] "n sub: 50, n images per sub: 1, sigma^2: 1, beta: -1.1, simulation: 78"
[1] "n sub: 50, n images per sub: 1, sigma^2: 0.5, beta: -1.1, simulation: 78"
[1] "n sub: 50, n images per sub: 1, sigma^2: 2, beta: -1.1, simulation: 79"
[1] "n sub: 50, n images per sub: 1, sigma^2: 1, beta: -1.1, simulation: 79"
[1] "n sub: 50, n images per sub: 1, sigma^2: 0.5, beta: -1.1, simulation: 79"
[1] "n sub: 50, n images per sub: 1, sigma^2: 2, beta: -1.1, simulation: 80"
[1] "n sub: 50, n images per sub: 1, sigma^2: 1, beta: -1.1, simulation: 80"
[1] "n sub: 50, n images per sub: 1, sigma^2: 0.5, beta: -1.1, simulation: 80"
[1] "n sub: 50, n images per sub: 1, sigma^2: 2, beta: -1.1, simulation: 81"
[1] "n sub: 50, n images per sub: 1, sigma^2: 1, beta: -1.1, simulation: 81"
[1] "n sub: 50, n images per sub: 1, sigma^2: 0.5, beta: -1.1, simulation: 81"
[1] "n sub: 50, n images per sub: 1, sigma^2: 2, beta: -1.1, simulation: 82"
[1] "n sub: 50, n images per sub: 1, sigma^2: 1, beta: -1.1, simulation: 82"
[1] "n sub: 50, n images per sub: 1, sigma^2: 0.5, beta: -1.1, simulation: 82"
[1] "n sub: 50, n images per sub: 1, sigma^2: 2, beta: -1.1, simulation: 83"
[1] "n sub: 50, n images per sub: 1, sigma^2: 1, beta: -1.1, simulation: 83"
[1] "n sub: 50, n images per sub: 1, sigma^2: 0.5, beta: -1.1, simulation: 83"
[1] "n sub: 50, n images per sub: 1, sigma^2: 2, beta: -1.1, simulation: 84"
[1] "n sub: 50, n images per sub: 1, sigma^2: 1, beta: -1.1, simulation: 84"
[1] "n sub: 50, n images per sub: 1, sigma^2: 0.5, beta: -1.1, simulation: 84"
[1] "n sub: 50, n images per sub: 1, sigma^2: 2, beta: -1.1, simulation: 85"
[1] "n sub: 50, n images per sub: 1, sigma^2: 1, beta: -1.1, simulation: 85"
[1] "n sub: 50, n images per sub: 1, sigma^2: 0.5, beta: -1.1, simulation: 85"
[1] "n sub: 50, n images per sub: 1, sigma^2: 2, beta: -1.1, simulation: 86"
[1] "n sub: 50, n images per sub: 1, sigma^2: 1, beta: -1.1, simulation: 86"
[1] "n sub: 50, n images per sub: 1, sigma^2: 0.5, beta: -1.1, simulation: 86"
[1] "n sub: 50, n images per sub: 1, sigma^2: 2, beta: -1.1, simulation: 87"
[1] "n sub: 50, n images per sub: 1, sigma^2: 1, beta: -1.1, simulation: 87"
[1] "n sub: 50, n images per sub: 1, sigma^2: 0.5, beta: -1.1, simulation: 87"
[1] "n sub: 50, n images per sub: 1, sigma^2: 2, beta: -1.1, simulation: 88"
[1] "n sub: 50, n images per sub: 1, sigma^2: 1, beta: -1.1, simulation: 88"
[1] "n sub: 50, n images per sub: 1, sigma^2: 0.5, beta: -1.1, simulation: 88"
[1] "n sub: 50, n images per sub: 1, sigma^2: 2, beta: -1.1, simulation: 89"
[1] "n sub: 50, n images per sub: 1, sigma^2: 1, beta: -1.1, simulation: 89"
[1] "n sub: 50, n images per sub: 1, sigma^2: 0.5, beta: -1.1, simulation: 89"
[1] "n sub: 50, n images per sub: 1, sigma^2: 2, beta: -1.1, simulation: 90"
[1] "n sub: 50, n images per sub: 1, sigma^2: 1, beta: -1.1, simulation: 90"
[1] "n sub: 50, n images per sub: 1, sigma^2: 0.5, beta: -1.1, simulation: 90"
