 [1] 13231 13232 13233 13234 13235 13236 13237 13238 13239 13240 13241 13242
[13] 13243 13244 13245 13246 13247 13248 13249 13250 13251 13252 13253 13254
[25] 13255 13256 13257 13258 13259 13260 13261 13262 13263 13264 13265 13266
[37] 13267 13268 13269 13270 13271 13272 13273 13274 13275 13276 13277 13278
[49] 13279 13280 13281 13282 13283 13284
[1] "n sub: 30, n images per sub: 5, sigma^2: 2, beta: 1.1, simulation: 11"
[1] "n sub: 30, n images per sub: 5, sigma^2: 1, beta: 1.1, simulation: 11"
[1] "n sub: 30, n images per sub: 5, sigma^2: 0.5, beta: 1.1, simulation: 11"
[1] "n sub: 30, n images per sub: 5, sigma^2: 2, beta: 1.1, simulation: 12"
[1] "n sub: 30, n images per sub: 5, sigma^2: 1, beta: 1.1, simulation: 12"
[1] "n sub: 30, n images per sub: 5, sigma^2: 0.5, beta: 1.1, simulation: 12"
[1] "n sub: 30, n images per sub: 5, sigma^2: 2, beta: 1.1, simulation: 13"
[1] "n sub: 30, n images per sub: 5, sigma^2: 1, beta: 1.1, simulation: 13"
[1] "n sub: 30, n images per sub: 5, sigma^2: 0.5, beta: 1.1, simulation: 13"
[1] "n sub: 30, n images per sub: 5, sigma^2: 2, beta: 1.1, simulation: 14"
[1] "n sub: 30, n images per sub: 5, sigma^2: 1, beta: 1.1, simulation: 14"
[1] "n sub: 30, n images per sub: 5, sigma^2: 0.5, beta: 1.1, simulation: 14"
[1] "n sub: 30, n images per sub: 5, sigma^2: 2, beta: 1.1, simulation: 15"
[1] "n sub: 30, n images per sub: 5, sigma^2: 1, beta: 1.1, simulation: 15"
[1] "n sub: 30, n images per sub: 5, sigma^2: 0.5, beta: 1.1, simulation: 15"
[1] "n sub: 30, n images per sub: 5, sigma^2: 2, beta: 1.1, simulation: 16"
[1] "n sub: 30, n images per sub: 5, sigma^2: 1, beta: 1.1, simulation: 16"
[1] "n sub: 30, n images per sub: 5, sigma^2: 0.5, beta: 1.1, simulation: 16"
[1] "n sub: 30, n images per sub: 5, sigma^2: 2, beta: 1.1, simulation: 17"
[1] "n sub: 30, n images per sub: 5, sigma^2: 1, beta: 1.1, simulation: 17"
[1] "n sub: 30, n images per sub: 5, sigma^2: 0.5, beta: 1.1, simulation: 17"
[1] "n sub: 30, n images per sub: 5, sigma^2: 2, beta: 1.1, simulation: 18"
[1] "n sub: 30, n images per sub: 5, sigma^2: 1, beta: 1.1, simulation: 18"
[1] "n sub: 30, n images per sub: 5, sigma^2: 0.5, beta: 1.1, simulation: 18"
[1] "n sub: 30, n images per sub: 5, sigma^2: 2, beta: 1.1, simulation: 19"
[1] "n sub: 30, n images per sub: 5, sigma^2: 1, beta: 1.1, simulation: 19"
[1] "n sub: 30, n images per sub: 5, sigma^2: 0.5, beta: 1.1, simulation: 19"
[1] "n sub: 30, n images per sub: 5, sigma^2: 2, beta: 1.1, simulation: 20"
[1] "n sub: 30, n images per sub: 5, sigma^2: 1, beta: 1.1, simulation: 20"
[1] "n sub: 30, n images per sub: 5, sigma^2: 0.5, beta: 1.1, simulation: 20"
[1] "n sub: 30, n images per sub: 5, sigma^2: 2, beta: 1.1, simulation: 21"
[1] "n sub: 30, n images per sub: 5, sigma^2: 1, beta: 1.1, simulation: 21"
[1] "n sub: 30, n images per sub: 5, sigma^2: 0.5, beta: 1.1, simulation: 21"
[1] "n sub: 30, n images per sub: 5, sigma^2: 2, beta: 1.1, simulation: 22"
[1] "n sub: 30, n images per sub: 5, sigma^2: 1, beta: 1.1, simulation: 22"
[1] "n sub: 30, n images per sub: 5, sigma^2: 0.5, beta: 1.1, simulation: 22"
[1] "n sub: 30, n images per sub: 5, sigma^2: 2, beta: 1.1, simulation: 23"
[1] "n sub: 30, n images per sub: 5, sigma^2: 1, beta: 1.1, simulation: 23"
[1] "n sub: 30, n images per sub: 5, sigma^2: 0.5, beta: 1.1, simulation: 23"
[1] "n sub: 30, n images per sub: 5, sigma^2: 2, beta: 1.1, simulation: 24"
[1] "n sub: 30, n images per sub: 5, sigma^2: 1, beta: 1.1, simulation: 24"
[1] "n sub: 30, n images per sub: 5, sigma^2: 0.5, beta: 1.1, simulation: 24"
[1] "n sub: 30, n images per sub: 5, sigma^2: 2, beta: 1.1, simulation: 25"
[1] "n sub: 30, n images per sub: 5, sigma^2: 1, beta: 1.1, simulation: 25"
[1] "n sub: 30, n images per sub: 5, sigma^2: 0.5, beta: 1.1, simulation: 25"
[1] "n sub: 30, n images per sub: 5, sigma^2: 2, beta: 1.1, simulation: 26"
[1] "n sub: 30, n images per sub: 5, sigma^2: 1, beta: 1.1, simulation: 26"
[1] "n sub: 30, n images per sub: 5, sigma^2: 0.5, beta: 1.1, simulation: 26"
[1] "n sub: 30, n images per sub: 5, sigma^2: 2, beta: 1.1, simulation: 27"
[1] "n sub: 30, n images per sub: 5, sigma^2: 1, beta: 1.1, simulation: 27"
[1] "n sub: 30, n images per sub: 5, sigma^2: 0.5, beta: 1.1, simulation: 27"
[1] "n sub: 30, n images per sub: 5, sigma^2: 1, beta: 1.1, simulation: 28"
[1] "n sub: 30, n images per sub: 5, sigma^2: 2, beta: 1.1, simulation: 28"
[1] "n sub: 30, n images per sub: 5, sigma^2: 0.5, beta: 1.1, simulation: 28"
