 [1] 14176 14177 14178 14179 14180 14181 14182 14183 14184 14185 14186 14187
[13] 14188 14189 14190 14191 14192 14193 14194 14195 14196 14197 14198 14199
[25] 14200 14201 14202
[1] "n sub: 50, n images per sub: 5, sigma^2: 0.5, beta: -0.41, simulation: 26"
[1] "n sub: 50, n images per sub: 5, sigma^2: 2, beta: -0.41, simulation: 26"
[1] "n sub: 50, n images per sub: 5, sigma^2: 1, beta: -0.41, simulation: 26"
[1] "n sub: 50, n images per sub: 5, sigma^2: 1, beta: -0.41, simulation: 27"
[1] "n sub: 50, n images per sub: 5, sigma^2: 0.5, beta: -0.41, simulation: 27"
[1] "n sub: 50, n images per sub: 5, sigma^2: 2, beta: -0.41, simulation: 27"
[1] "n sub: 50, n images per sub: 5, sigma^2: 1, beta: -0.41, simulation: 28"
[1] "n sub: 50, n images per sub: 5, sigma^2: 0.5, beta: -0.41, simulation: 28"
[1] "n sub: 50, n images per sub: 5, sigma^2: 2, beta: -0.41, simulation: 28"
[1] "n sub: 50, n images per sub: 5, sigma^2: 1, beta: -0.41, simulation: 29"
[1] "n sub: 50, n images per sub: 5, sigma^2: 2, beta: -0.41, simulation: 29"
[1] "n sub: 50, n images per sub: 5, sigma^2: 0.5, beta: -0.41, simulation: 29"
[1] "n sub: 50, n images per sub: 5, sigma^2: 1, beta: -0.41, simulation: 30"
[1] "n sub: 50, n images per sub: 5, sigma^2: 2, beta: -0.41, simulation: 30"
[1] "n sub: 50, n images per sub: 5, sigma^2: 0.5, beta: -0.41, simulation: 30"
[1] "n sub: 50, n images per sub: 5, sigma^2: 2, beta: -0.41, simulation: 31"
[1] "n sub: 50, n images per sub: 5, sigma^2: 1, beta: -0.41, simulation: 31"
[1] "n sub: 50, n images per sub: 5, sigma^2: 0.5, beta: -0.41, simulation: 31"
[1] "n sub: 50, n images per sub: 5, sigma^2: 1, beta: -0.41, simulation: 32"
[1] "n sub: 50, n images per sub: 5, sigma^2: 2, beta: -0.41, simulation: 32"
[1] "n sub: 50, n images per sub: 5, sigma^2: 0.5, beta: -0.41, simulation: 32"
[1] "n sub: 50, n images per sub: 5, sigma^2: 2, beta: -0.41, simulation: 33"
[1] "n sub: 50, n images per sub: 5, sigma^2: 1, beta: -0.41, simulation: 33"
[1] "n sub: 50, n images per sub: 5, sigma^2: 0.5, beta: -0.41, simulation: 33"
[1] "n sub: 50, n images per sub: 5, sigma^2: 2, beta: -0.41, simulation: 34"
[1] "n sub: 50, n images per sub: 5, sigma^2: 1, beta: -0.41, simulation: 34"
[1] "n sub: 50, n images per sub: 5, sigma^2: 0.5, beta: -0.41, simulation: 34"
