 [1] 13717 13718 13719 13720 13721 13722 13723 13724 13725 13726 13727 13728
[13] 13729 13730 13731 13732 13733 13734 13735 13736 13737 13738 13739 13740
[25] 13741 13742 13743
[1] "n sub: 50, n images per sub: 5, sigma^2: 2, beta: -1.1, simulation: 73"
[1] "n sub: 50, n images per sub: 5, sigma^2: 1, beta: -1.1, simulation: 73"
[1] "n sub: 50, n images per sub: 5, sigma^2: 0.5, beta: -1.1, simulation: 73"
[1] "n sub: 50, n images per sub: 5, sigma^2: 2, beta: -1.1, simulation: 74"
[1] "n sub: 50, n images per sub: 5, sigma^2: 1, beta: -1.1, simulation: 74"
[1] "n sub: 50, n images per sub: 5, sigma^2: 0.5, beta: -1.1, simulation: 74"
[1] "n sub: 50, n images per sub: 5, sigma^2: 2, beta: -1.1, simulation: 75"
[1] "n sub: 50, n images per sub: 5, sigma^2: 1, beta: -1.1, simulation: 75"
[1] "n sub: 50, n images per sub: 5, sigma^2: 0.5, beta: -1.1, simulation: 75"
[1] "n sub: 50, n images per sub: 5, sigma^2: 2, beta: -1.1, simulation: 76"
[1] "n sub: 50, n images per sub: 5, sigma^2: 1, beta: -1.1, simulation: 76"
[1] "n sub: 50, n images per sub: 5, sigma^2: 0.5, beta: -1.1, simulation: 76"
[1] "n sub: 50, n images per sub: 5, sigma^2: 2, beta: -1.1, simulation: 77"
[1] "n sub: 50, n images per sub: 5, sigma^2: 1, beta: -1.1, simulation: 77"
[1] "n sub: 50, n images per sub: 5, sigma^2: 0.5, beta: -1.1, simulation: 77"
[1] "n sub: 50, n images per sub: 5, sigma^2: 2, beta: -1.1, simulation: 78"
[1] "n sub: 50, n images per sub: 5, sigma^2: 1, beta: -1.1, simulation: 78"
[1] "n sub: 50, n images per sub: 5, sigma^2: 0.5, beta: -1.1, simulation: 78"
[1] "n sub: 50, n images per sub: 5, sigma^2: 1, beta: -1.1, simulation: 79"
[1] "n sub: 50, n images per sub: 5, sigma^2: 2, beta: -1.1, simulation: 79"
[1] "n sub: 50, n images per sub: 5, sigma^2: 0.5, beta: -1.1, simulation: 79"
[1] "n sub: 50, n images per sub: 5, sigma^2: 1, beta: -1.1, simulation: 80"
[1] "n sub: 50, n images per sub: 5, sigma^2: 2, beta: -1.1, simulation: 80"
[1] "n sub: 50, n images per sub: 5, sigma^2: 0.5, beta: -1.1, simulation: 80"
[1] "n sub: 50, n images per sub: 5, sigma^2: 1, beta: -1.1, simulation: 81"
[1] "n sub: 50, n images per sub: 5, sigma^2: 2, beta: -1.1, simulation: 81"
[1] "n sub: 50, n images per sub: 5, sigma^2: 0.5, beta: -1.1, simulation: 81"
