 [1] 11449 11450 11451 11452 11453 11454 11455 11456 11457 11458 11459 11460
[13] 11461 11462 11463 11464 11465 11466 11467 11468 11469 11470 11471 11472
[25] 11473 11474 11475 11476 11477 11478 11479 11480 11481 11482 11483 11484
[37] 11485 11486 11487 11488 11489 11490 11491 11492 11493 11494 11495 11496
[49] 11497 11498 11499 11500 11501 11502
[1] "n sub: 30, n images per sub: 5, sigma^2: 0.5, beta: -0.41, simulation: 17"
[1] "n sub: 30, n images per sub: 5, sigma^2: 2, beta: -0.41, simulation: 17"
[1] "n sub: 30, n images per sub: 5, sigma^2: 1, beta: -0.41, simulation: 17"
[1] "n sub: 30, n images per sub: 5, sigma^2: 0.5, beta: -0.41, simulation: 18"
[1] "n sub: 30, n images per sub: 5, sigma^2: 2, beta: -0.41, simulation: 18"
[1] "n sub: 30, n images per sub: 5, sigma^2: 1, beta: -0.41, simulation: 18"
[1] "n sub: 30, n images per sub: 5, sigma^2: 0.5, beta: -0.41, simulation: 19"
[1] "n sub: 30, n images per sub: 5, sigma^2: 2, beta: -0.41, simulation: 19"
[1] "n sub: 30, n images per sub: 5, sigma^2: 1, beta: -0.41, simulation: 19"
[1] "n sub: 30, n images per sub: 5, sigma^2: 0.5, beta: -0.41, simulation: 20"
[1] "n sub: 30, n images per sub: 5, sigma^2: 2, beta: -0.41, simulation: 20"
[1] "n sub: 30, n images per sub: 5, sigma^2: 1, beta: -0.41, simulation: 20"
[1] "n sub: 30, n images per sub: 5, sigma^2: 0.5, beta: -0.41, simulation: 21"
[1] "n sub: 30, n images per sub: 5, sigma^2: 2, beta: -0.41, simulation: 21"
[1] "n sub: 30, n images per sub: 5, sigma^2: 1, beta: -0.41, simulation: 21"
[1] "n sub: 30, n images per sub: 5, sigma^2: 0.5, beta: -0.41, simulation: 22"
[1] "n sub: 30, n images per sub: 5, sigma^2: 2, beta: -0.41, simulation: 22"
[1] "n sub: 30, n images per sub: 5, sigma^2: 1, beta: -0.41, simulation: 22"
[1] "n sub: 30, n images per sub: 5, sigma^2: 0.5, beta: -0.41, simulation: 23"
[1] "n sub: 30, n images per sub: 5, sigma^2: 2, beta: -0.41, simulation: 23"
[1] "n sub: 30, n images per sub: 5, sigma^2: 1, beta: -0.41, simulation: 23"
[1] "n sub: 30, n images per sub: 5, sigma^2: 0.5, beta: -0.41, simulation: 24"
[1] "n sub: 30, n images per sub: 5, sigma^2: 2, beta: -0.41, simulation: 24"
[1] "n sub: 30, n images per sub: 5, sigma^2: 1, beta: -0.41, simulation: 24"
[1] "n sub: 30, n images per sub: 5, sigma^2: 0.5, beta: -0.41, simulation: 25"
[1] "n sub: 30, n images per sub: 5, sigma^2: 2, beta: -0.41, simulation: 25"
[1] "n sub: 30, n images per sub: 5, sigma^2: 1, beta: -0.41, simulation: 25"
[1] "n sub: 30, n images per sub: 5, sigma^2: 0.5, beta: -0.41, simulation: 26"
[1] "n sub: 30, n images per sub: 5, sigma^2: 2, beta: -0.41, simulation: 26"
[1] "n sub: 30, n images per sub: 5, sigma^2: 1, beta: -0.41, simulation: 26"
[1] "n sub: 30, n images per sub: 5, sigma^2: 2, beta: -0.41, simulation: 27"
[1] "n sub: 30, n images per sub: 5, sigma^2: 0.5, beta: -0.41, simulation: 27"
[1] "n sub: 30, n images per sub: 5, sigma^2: 1, beta: -0.41, simulation: 27"
[1] "n sub: 30, n images per sub: 5, sigma^2: 2, beta: -0.41, simulation: 28"
[1] "n sub: 30, n images per sub: 5, sigma^2: 1, beta: -0.41, simulation: 28"
[1] "n sub: 30, n images per sub: 5, sigma^2: 0.5, beta: -0.41, simulation: 28"
[1] "n sub: 30, n images per sub: 5, sigma^2: 2, beta: -0.41, simulation: 29"
[1] "n sub: 30, n images per sub: 5, sigma^2: 1, beta: -0.41, simulation: 29"
[1] "n sub: 30, n images per sub: 5, sigma^2: 0.5, beta: -0.41, simulation: 29"
[1] "n sub: 30, n images per sub: 5, sigma^2: 2, beta: -0.41, simulation: 30"
[1] "n sub: 30, n images per sub: 5, sigma^2: 1, beta: -0.41, simulation: 30"
[1] "n sub: 30, n images per sub: 5, sigma^2: 0.5, beta: -0.41, simulation: 30"
[1] "n sub: 30, n images per sub: 5, sigma^2: 1, beta: -0.41, simulation: 31"
[1] "n sub: 30, n images per sub: 5, sigma^2: 2, beta: -0.41, simulation: 31"
[1] "n sub: 30, n images per sub: 5, sigma^2: 0.5, beta: -0.41, simulation: 31"
[1] "n sub: 30, n images per sub: 5, sigma^2: 1, beta: -0.41, simulation: 32"
[1] "n sub: 30, n images per sub: 5, sigma^2: 2, beta: -0.41, simulation: 32"
[1] "n sub: 30, n images per sub: 5, sigma^2: 0.5, beta: -0.41, simulation: 32"
[1] "n sub: 30, n images per sub: 5, sigma^2: 1, beta: -0.41, simulation: 33"
[1] "n sub: 30, n images per sub: 5, sigma^2: 2, beta: -0.41, simulation: 33"
[1] "n sub: 30, n images per sub: 5, sigma^2: 0.5, beta: -0.41, simulation: 33"
[1] "n sub: 30, n images per sub: 5, sigma^2: 2, beta: -0.41, simulation: 34"
[1] "n sub: 30, n images per sub: 5, sigma^2: 1, beta: -0.41, simulation: 34"
[1] "n sub: 30, n images per sub: 5, sigma^2: 0.5, beta: -0.41, simulation: 34"
