  [1] 7696 7697 7698 7699 7700 7701 7702 7703 7704 7705 7706 7707 7708 7709 7710
 [16] 7711 7712 7713 7714 7715 7716 7717 7718 7719 7720 7721 7722 7723 7724 7725
 [31] 7726 7727 7728 7729 7730 7731 7732 7733 7734 7735 7736 7737 7738 7739 7740
 [46] 7741 7742 7743 7744 7745 7746 7747 7748 7749 7750 7751 7752 7753 7754 7755
 [61] 7756 7757 7758 7759 7760 7761 7762 7763 7764 7765 7766 7767 7768 7769 7770
 [76] 7771 7772 7773 7774 7775 7776 7777 7778 7779 7780 7781 7782 7783 7784 7785
 [91] 7786 7787 7788 7789 7790 7791 7792 7793 7794 7795 7796 7797 7798 7799 7800
[106] 7801 7802 7803 7804 7805 7806 7807 7808 7809 7810 7811 7812 7813 7814 7815
[121] 7816 7817 7818 7819 7820 7821 7822 7823 7824 7825 7826 7827 7828 7829 7830
[1] "n sub: 50, n images per sub: 1, sigma^2: 2, beta: 0.69, simulation: 66"
[1] "n sub: 50, n images per sub: 1, sigma^2: 1, beta: 0.69, simulation: 66"
[1] "n sub: 50, n images per sub: 1, sigma^2: 0.5, beta: 0.69, simulation: 66"
[1] "n sub: 50, n images per sub: 1, sigma^2: 2, beta: 0.69, simulation: 67"
[1] "n sub: 50, n images per sub: 1, sigma^2: 1, beta: 0.69, simulation: 67"
[1] "n sub: 50, n images per sub: 1, sigma^2: 0.5, beta: 0.69, simulation: 67"
[1] "n sub: 50, n images per sub: 1, sigma^2: 2, beta: 0.69, simulation: 68"
[1] "n sub: 50, n images per sub: 1, sigma^2: 1, beta: 0.69, simulation: 68"
[1] "n sub: 50, n images per sub: 1, sigma^2: 0.5, beta: 0.69, simulation: 68"
[1] "n sub: 50, n images per sub: 1, sigma^2: 2, beta: 0.69, simulation: 69"
[1] "n sub: 50, n images per sub: 1, sigma^2: 1, beta: 0.69, simulation: 69"
[1] "n sub: 50, n images per sub: 1, sigma^2: 0.5, beta: 0.69, simulation: 69"
[1] "n sub: 50, n images per sub: 1, sigma^2: 2, beta: 0.69, simulation: 70"
[1] "n sub: 50, n images per sub: 1, sigma^2: 1, beta: 0.69, simulation: 70"
[1] "n sub: 50, n images per sub: 1, sigma^2: 0.5, beta: 0.69, simulation: 70"
[1] "n sub: 50, n images per sub: 1, sigma^2: 2, beta: 0.69, simulation: 71"
[1] "n sub: 50, n images per sub: 1, sigma^2: 1, beta: 0.69, simulation: 71"
[1] "n sub: 50, n images per sub: 1, sigma^2: 0.5, beta: 0.69, simulation: 71"
[1] "n sub: 50, n images per sub: 1, sigma^2: 2, beta: 0.69, simulation: 72"
[1] "n sub: 50, n images per sub: 1, sigma^2: 1, beta: 0.69, simulation: 72"
[1] "n sub: 50, n images per sub: 1, sigma^2: 0.5, beta: 0.69, simulation: 72"
[1] "n sub: 50, n images per sub: 1, sigma^2: 2, beta: 0.69, simulation: 73"
[1] "n sub: 50, n images per sub: 1, sigma^2: 1, beta: 0.69, simulation: 73"
[1] "n sub: 50, n images per sub: 1, sigma^2: 0.5, beta: 0.69, simulation: 73"
[1] "n sub: 50, n images per sub: 1, sigma^2: 2, beta: 0.69, simulation: 74"
[1] "n sub: 50, n images per sub: 1, sigma^2: 1, beta: 0.69, simulation: 74"
[1] "n sub: 50, n images per sub: 1, sigma^2: 0.5, beta: 0.69, simulation: 74"
[1] "n sub: 50, n images per sub: 1, sigma^2: 2, beta: 0.69, simulation: 75"
[1] "n sub: 50, n images per sub: 1, sigma^2: 1, beta: 0.69, simulation: 75"
[1] "n sub: 50, n images per sub: 1, sigma^2: 0.5, beta: 0.69, simulation: 75"
[1] "n sub: 50, n images per sub: 1, sigma^2: 2, beta: 0.69, simulation: 76"
[1] "n sub: 50, n images per sub: 1, sigma^2: 1, beta: 0.69, simulation: 76"
[1] "n sub: 50, n images per sub: 1, sigma^2: 0.5, beta: 0.69, simulation: 76"
[1] "n sub: 50, n images per sub: 1, sigma^2: 2, beta: 0.69, simulation: 77"
[1] "n sub: 50, n images per sub: 1, sigma^2: 1, beta: 0.69, simulation: 77"
[1] "n sub: 50, n images per sub: 1, sigma^2: 0.5, beta: 0.69, simulation: 77"
[1] "n sub: 50, n images per sub: 1, sigma^2: 2, beta: 0.69, simulation: 78"
[1] "n sub: 50, n images per sub: 1, sigma^2: 1, beta: 0.69, simulation: 78"
[1] "n sub: 50, n images per sub: 1, sigma^2: 0.5, beta: 0.69, simulation: 78"
[1] "n sub: 50, n images per sub: 1, sigma^2: 2, beta: 0.69, simulation: 79"
[1] "n sub: 50, n images per sub: 1, sigma^2: 1, beta: 0.69, simulation: 79"
[1] "n sub: 50, n images per sub: 1, sigma^2: 0.5, beta: 0.69, simulation: 79"
[1] "n sub: 50, n images per sub: 1, sigma^2: 2, beta: 0.69, simulation: 80"
[1] "n sub: 50, n images per sub: 1, sigma^2: 1, beta: 0.69, simulation: 80"
[1] "n sub: 50, n images per sub: 1, sigma^2: 0.5, beta: 0.69, simulation: 80"
[1] "n sub: 50, n images per sub: 1, sigma^2: 1, beta: 0.69, simulation: 81"
[1] "n sub: 50, n images per sub: 1, sigma^2: 2, beta: 0.69, simulation: 81"
[1] "n sub: 50, n images per sub: 1, sigma^2: 0.5, beta: 0.69, simulation: 81"
[1] "n sub: 50, n images per sub: 1, sigma^2: 1, beta: 0.69, simulation: 82"
[1] "n sub: 50, n images per sub: 1, sigma^2: 2, beta: 0.69, simulation: 82"
[1] "n sub: 50, n images per sub: 1, sigma^2: 0.5, beta: 0.69, simulation: 82"
[1] "n sub: 50, n images per sub: 1, sigma^2: 2, beta: 0.69, simulation: 83"
[1] "n sub: 50, n images per sub: 1, sigma^2: 1, beta: 0.69, simulation: 83"
[1] "n sub: 50, n images per sub: 1, sigma^2: 0.5, beta: 0.69, simulation: 83"
[1] "n sub: 50, n images per sub: 1, sigma^2: 2, beta: 0.69, simulation: 84"
[1] "n sub: 50, n images per sub: 1, sigma^2: 1, beta: 0.69, simulation: 84"
[1] "n sub: 50, n images per sub: 1, sigma^2: 0.5, beta: 0.69, simulation: 84"
[1] "n sub: 50, n images per sub: 1, sigma^2: 2, beta: 0.69, simulation: 85"
[1] "n sub: 50, n images per sub: 1, sigma^2: 1, beta: 0.69, simulation: 85"
[1] "n sub: 50, n images per sub: 1, sigma^2: 0.5, beta: 0.69, simulation: 85"
[1] "n sub: 50, n images per sub: 1, sigma^2: 2, beta: 0.69, simulation: 86"
[1] "n sub: 50, n images per sub: 1, sigma^2: 1, beta: 0.69, simulation: 86"
[1] "n sub: 50, n images per sub: 1, sigma^2: 0.5, beta: 0.69, simulation: 86"
[1] "n sub: 50, n images per sub: 1, sigma^2: 2, beta: 0.69, simulation: 87"
[1] "n sub: 50, n images per sub: 1, sigma^2: 1, beta: 0.69, simulation: 87"
[1] "n sub: 50, n images per sub: 1, sigma^2: 0.5, beta: 0.69, simulation: 87"
[1] "n sub: 50, n images per sub: 1, sigma^2: 2, beta: 0.69, simulation: 88"
[1] "n sub: 50, n images per sub: 1, sigma^2: 1, beta: 0.69, simulation: 88"
[1] "n sub: 50, n images per sub: 1, sigma^2: 0.5, beta: 0.69, simulation: 88"
[1] "n sub: 50, n images per sub: 1, sigma^2: 2, beta: 0.69, simulation: 89"
[1] "n sub: 50, n images per sub: 1, sigma^2: 1, beta: 0.69, simulation: 89"
[1] "n sub: 50, n images per sub: 1, sigma^2: 0.5, beta: 0.69, simulation: 89"
[1] "n sub: 50, n images per sub: 1, sigma^2: 2, beta: 0.69, simulation: 90"
[1] "n sub: 50, n images per sub: 1, sigma^2: 1, beta: 0.69, simulation: 90"
[1] "n sub: 50, n images per sub: 1, sigma^2: 0.5, beta: 0.69, simulation: 90"
[1] "n sub: 50, n images per sub: 1, sigma^2: 2, beta: 0.69, simulation: 91"
[1] "n sub: 50, n images per sub: 1, sigma^2: 1, beta: 0.69, simulation: 91"
[1] "n sub: 50, n images per sub: 1, sigma^2: 0.5, beta: 0.69, simulation: 91"
[1] "n sub: 50, n images per sub: 1, sigma^2: 2, beta: 0.69, simulation: 92"
[1] "n sub: 50, n images per sub: 1, sigma^2: 1, beta: 0.69, simulation: 92"
[1] "n sub: 50, n images per sub: 1, sigma^2: 0.5, beta: 0.69, simulation: 92"
[1] "n sub: 50, n images per sub: 1, sigma^2: 2, beta: 0.69, simulation: 93"
[1] "n sub: 50, n images per sub: 1, sigma^2: 1, beta: 0.69, simulation: 93"
[1] "n sub: 50, n images per sub: 1, sigma^2: 0.5, beta: 0.69, simulation: 93"
[1] "n sub: 50, n images per sub: 1, sigma^2: 2, beta: 0.69, simulation: 94"
[1] "n sub: 50, n images per sub: 1, sigma^2: 1, beta: 0.69, simulation: 94"
[1] "n sub: 50, n images per sub: 1, sigma^2: 0.5, beta: 0.69, simulation: 94"
[1] "n sub: 50, n images per sub: 1, sigma^2: 2, beta: 0.69, simulation: 95"
[1] "n sub: 50, n images per sub: 1, sigma^2: 1, beta: 0.69, simulation: 95"
[1] "n sub: 50, n images per sub: 1, sigma^2: 0.5, beta: 0.69, simulation: 95"
[1] "n sub: 50, n images per sub: 1, sigma^2: 2, beta: 0.69, simulation: 96"
[1] "n sub: 50, n images per sub: 1, sigma^2: 1, beta: 0.69, simulation: 96"
[1] "n sub: 50, n images per sub: 1, sigma^2: 0.5, beta: 0.69, simulation: 96"
[1] "n sub: 50, n images per sub: 1, sigma^2: 2, beta: 0.69, simulation: 97"
[1] "n sub: 50, n images per sub: 1, sigma^2: 1, beta: 0.69, simulation: 97"
[1] "n sub: 50, n images per sub: 1, sigma^2: 0.5, beta: 0.69, simulation: 97"
[1] "n sub: 50, n images per sub: 1, sigma^2: 2, beta: 0.69, simulation: 98"
[1] "n sub: 50, n images per sub: 1, sigma^2: 1, beta: 0.69, simulation: 98"
[1] "n sub: 50, n images per sub: 1, sigma^2: 0.5, beta: 0.69, simulation: 98"
[1] "n sub: 50, n images per sub: 1, sigma^2: 2, beta: 0.69, simulation: 99"
[1] "n sub: 50, n images per sub: 1, sigma^2: 1, beta: 0.69, simulation: 99"
[1] "n sub: 50, n images per sub: 1, sigma^2: 0.5, beta: 0.69, simulation: 99"
[1] "n sub: 50, n images per sub: 1, sigma^2: 2, beta: 0.69, simulation: 100"
[1] "n sub: 50, n images per sub: 1, sigma^2: 1, beta: 0.69, simulation: 100"
[1] "n sub: 50, n images per sub: 1, sigma^2: 0.5, beta: 0.69, simulation: 100"
[1] "n sub: 50, n images per sub: 1, sigma^2: 2, beta: 1.1, simulation: 1"
[1] "n sub: 50, n images per sub: 1, sigma^2: 1, beta: 1.1, simulation: 1"
[1] "n sub: 50, n images per sub: 1, sigma^2: 0.5, beta: 1.1, simulation: 1"
[1] "n sub: 50, n images per sub: 1, sigma^2: 2, beta: 1.1, simulation: 2"
[1] "n sub: 50, n images per sub: 1, sigma^2: 0.5, beta: 1.1, simulation: 2"
[1] "n sub: 50, n images per sub: 1, sigma^2: 1, beta: 1.1, simulation: 2"
[1] "n sub: 50, n images per sub: 1, sigma^2: 2, beta: 1.1, simulation: 3"
[1] "n sub: 50, n images per sub: 1, sigma^2: 1, beta: 1.1, simulation: 3"
[1] "n sub: 50, n images per sub: 1, sigma^2: 0.5, beta: 1.1, simulation: 3"
[1] "n sub: 50, n images per sub: 1, sigma^2: 2, beta: 1.1, simulation: 4"
[1] "n sub: 50, n images per sub: 1, sigma^2: 0.5, beta: 1.1, simulation: 4"
[1] "n sub: 50, n images per sub: 1, sigma^2: 1, beta: 1.1, simulation: 4"
[1] "n sub: 50, n images per sub: 1, sigma^2: 2, beta: 1.1, simulation: 5"
[1] "n sub: 50, n images per sub: 1, sigma^2: 0.5, beta: 1.1, simulation: 5"
[1] "n sub: 50, n images per sub: 1, sigma^2: 1, beta: 1.1, simulation: 5"
[1] "n sub: 50, n images per sub: 1, sigma^2: 2, beta: 1.1, simulation: 6"
[1] "n sub: 50, n images per sub: 1, sigma^2: 0.5, beta: 1.1, simulation: 6"
[1] "n sub: 50, n images per sub: 1, sigma^2: 1, beta: 1.1, simulation: 6"
[1] "n sub: 50, n images per sub: 1, sigma^2: 2, beta: 1.1, simulation: 7"
[1] "n sub: 50, n images per sub: 1, sigma^2: 1, beta: 1.1, simulation: 7"
[1] "n sub: 50, n images per sub: 1, sigma^2: 0.5, beta: 1.1, simulation: 7"
[1] "n sub: 50, n images per sub: 1, sigma^2: 2, beta: 1.1, simulation: 8"
[1] "n sub: 50, n images per sub: 1, sigma^2: 0.5, beta: 1.1, simulation: 8"
[1] "n sub: 50, n images per sub: 1, sigma^2: 1, beta: 1.1, simulation: 8"
[1] "n sub: 50, n images per sub: 1, sigma^2: 2, beta: 1.1, simulation: 9"
[1] "n sub: 50, n images per sub: 1, sigma^2: 1, beta: 1.1, simulation: 9"
[1] "n sub: 50, n images per sub: 1, sigma^2: 0.5, beta: 1.1, simulation: 9"
[1] "n sub: 50, n images per sub: 1, sigma^2: 2, beta: 1.1, simulation: 10"
[1] "n sub: 50, n images per sub: 1, sigma^2: 1, beta: 1.1, simulation: 10"
[1] "n sub: 50, n images per sub: 1, sigma^2: 0.5, beta: 1.1, simulation: 10"
