  [1] 6616 6617 6618 6619 6620 6621 6622 6623 6624 6625 6626 6627 6628 6629 6630
 [16] 6631 6632 6633 6634 6635 6636 6637 6638 6639 6640 6641 6642 6643 6644 6645
 [31] 6646 6647 6648 6649 6650 6651 6652 6653 6654 6655 6656 6657 6658 6659 6660
 [46] 6661 6662 6663 6664 6665 6666 6667 6668 6669 6670 6671 6672 6673 6674 6675
 [61] 6676 6677 6678 6679 6680 6681 6682 6683 6684 6685 6686 6687 6688 6689 6690
 [76] 6691 6692 6693 6694 6695 6696 6697 6698 6699 6700 6701 6702 6703 6704 6705
 [91] 6706 6707 6708 6709 6710 6711 6712 6713 6714 6715 6716 6717 6718 6719 6720
[106] 6721 6722 6723 6724 6725 6726 6727 6728 6729 6730 6731 6732 6733 6734 6735
[121] 6736 6737 6738 6739 6740 6741 6742 6743 6744 6745 6746 6747 6748 6749 6750
[1] "n sub: 50, n images per sub: 1, sigma^2: 1, beta: 0, simulation: 6"
[1] "n sub: 50, n images per sub: 1, sigma^2: 0.5, beta: 0, simulation: 6"
[1] "n sub: 50, n images per sub: 1, sigma^2: 2, beta: 0, simulation: 6"
[1] "n sub: 50, n images per sub: 1, sigma^2: 1, beta: 0, simulation: 7"
[1] "n sub: 50, n images per sub: 1, sigma^2: 0.5, beta: 0, simulation: 7"
[1] "n sub: 50, n images per sub: 1, sigma^2: 2, beta: 0, simulation: 7"
[1] "n sub: 50, n images per sub: 1, sigma^2: 1, beta: 0, simulation: 8"
[1] "n sub: 50, n images per sub: 1, sigma^2: 0.5, beta: 0, simulation: 8"
[1] "n sub: 50, n images per sub: 1, sigma^2: 2, beta: 0, simulation: 8"
[1] "n sub: 50, n images per sub: 1, sigma^2: 1, beta: 0, simulation: 9"
[1] "n sub: 50, n images per sub: 1, sigma^2: 0.5, beta: 0, simulation: 9"
[1] "n sub: 50, n images per sub: 1, sigma^2: 2, beta: 0, simulation: 9"
[1] "n sub: 50, n images per sub: 1, sigma^2: 1, beta: 0, simulation: 10"
[1] "n sub: 50, n images per sub: 1, sigma^2: 0.5, beta: 0, simulation: 10"
[1] "n sub: 50, n images per sub: 1, sigma^2: 2, beta: 0, simulation: 10"
[1] "n sub: 50, n images per sub: 1, sigma^2: 1, beta: 0, simulation: 11"
[1] "n sub: 50, n images per sub: 1, sigma^2: 0.5, beta: 0, simulation: 11"
[1] "n sub: 50, n images per sub: 1, sigma^2: 2, beta: 0, simulation: 11"
[1] "n sub: 50, n images per sub: 1, sigma^2: 1, beta: 0, simulation: 12"
[1] "n sub: 50, n images per sub: 1, sigma^2: 0.5, beta: 0, simulation: 12"
[1] "n sub: 50, n images per sub: 1, sigma^2: 2, beta: 0, simulation: 12"
[1] "n sub: 50, n images per sub: 1, sigma^2: 0.5, beta: 0, simulation: 13"
[1] "n sub: 50, n images per sub: 1, sigma^2: 1, beta: 0, simulation: 13"
[1] "n sub: 50, n images per sub: 1, sigma^2: 2, beta: 0, simulation: 13"
[1] "n sub: 50, n images per sub: 1, sigma^2: 0.5, beta: 0, simulation: 14"
[1] "n sub: 50, n images per sub: 1, sigma^2: 1, beta: 0, simulation: 14"
[1] "n sub: 50, n images per sub: 1, sigma^2: 2, beta: 0, simulation: 14"
[1] "n sub: 50, n images per sub: 1, sigma^2: 1, beta: 0, simulation: 15"
[1] "n sub: 50, n images per sub: 1, sigma^2: 0.5, beta: 0, simulation: 15"
[1] "n sub: 50, n images per sub: 1, sigma^2: 2, beta: 0, simulation: 15"
[1] "n sub: 50, n images per sub: 1, sigma^2: 1, beta: 0, simulation: 16"
[1] "n sub: 50, n images per sub: 1, sigma^2: 0.5, beta: 0, simulation: 16"
[1] "n sub: 50, n images per sub: 1, sigma^2: 2, beta: 0, simulation: 16"
[1] "n sub: 50, n images per sub: 1, sigma^2: 1, beta: 0, simulation: 17"
[1] "n sub: 50, n images per sub: 1, sigma^2: 0.5, beta: 0, simulation: 17"
[1] "n sub: 50, n images per sub: 1, sigma^2: 2, beta: 0, simulation: 17"
[1] "n sub: 50, n images per sub: 1, sigma^2: 1, beta: 0, simulation: 18"
[1] "n sub: 50, n images per sub: 1, sigma^2: 0.5, beta: 0, simulation: 18"
[1] "n sub: 50, n images per sub: 1, sigma^2: 2, beta: 0, simulation: 18"
[1] "n sub: 50, n images per sub: 1, sigma^2: 1, beta: 0, simulation: 19"
[1] "n sub: 50, n images per sub: 1, sigma^2: 0.5, beta: 0, simulation: 19"
[1] "n sub: 50, n images per sub: 1, sigma^2: 2, beta: 0, simulation: 19"
[1] "n sub: 50, n images per sub: 1, sigma^2: 1, beta: 0, simulation: 20"
[1] "n sub: 50, n images per sub: 1, sigma^2: 0.5, beta: 0, simulation: 20"
[1] "n sub: 50, n images per sub: 1, sigma^2: 2, beta: 0, simulation: 20"
[1] "n sub: 50, n images per sub: 1, sigma^2: 1, beta: 0, simulation: 21"
[1] "n sub: 50, n images per sub: 1, sigma^2: 0.5, beta: 0, simulation: 21"
[1] "n sub: 50, n images per sub: 1, sigma^2: 2, beta: 0, simulation: 21"
[1] "n sub: 50, n images per sub: 1, sigma^2: 1, beta: 0, simulation: 22"
[1] "n sub: 50, n images per sub: 1, sigma^2: 0.5, beta: 0, simulation: 22"
[1] "n sub: 50, n images per sub: 1, sigma^2: 2, beta: 0, simulation: 22"
[1] "n sub: 50, n images per sub: 1, sigma^2: 0.5, beta: 0, simulation: 23"
[1] "n sub: 50, n images per sub: 1, sigma^2: 1, beta: 0, simulation: 23"
[1] "n sub: 50, n images per sub: 1, sigma^2: 2, beta: 0, simulation: 23"
[1] "n sub: 50, n images per sub: 1, sigma^2: 1, beta: 0, simulation: 24"
[1] "n sub: 50, n images per sub: 1, sigma^2: 0.5, beta: 0, simulation: 24"
[1] "n sub: 50, n images per sub: 1, sigma^2: 2, beta: 0, simulation: 24"
[1] "n sub: 50, n images per sub: 1, sigma^2: 1, beta: 0, simulation: 25"
[1] "n sub: 50, n images per sub: 1, sigma^2: 0.5, beta: 0, simulation: 25"
[1] "n sub: 50, n images per sub: 1, sigma^2: 2, beta: 0, simulation: 25"
[1] "n sub: 50, n images per sub: 1, sigma^2: 0.5, beta: 0, simulation: 26"
[1] "n sub: 50, n images per sub: 1, sigma^2: 1, beta: 0, simulation: 26"
[1] "n sub: 50, n images per sub: 1, sigma^2: 2, beta: 0, simulation: 26"
[1] "n sub: 50, n images per sub: 1, sigma^2: 0.5, beta: 0, simulation: 27"
[1] "n sub: 50, n images per sub: 1, sigma^2: 1, beta: 0, simulation: 27"
[1] "n sub: 50, n images per sub: 1, sigma^2: 2, beta: 0, simulation: 27"
[1] "n sub: 50, n images per sub: 1, sigma^2: 1, beta: 0, simulation: 28"
[1] "n sub: 50, n images per sub: 1, sigma^2: 0.5, beta: 0, simulation: 28"
[1] "n sub: 50, n images per sub: 1, sigma^2: 2, beta: 0, simulation: 28"
[1] "n sub: 50, n images per sub: 1, sigma^2: 0.5, beta: 0, simulation: 29"
[1] "n sub: 50, n images per sub: 1, sigma^2: 1, beta: 0, simulation: 29"
[1] "n sub: 50, n images per sub: 1, sigma^2: 2, beta: 0, simulation: 29"
[1] "n sub: 50, n images per sub: 1, sigma^2: 0.5, beta: 0, simulation: 30"
[1] "n sub: 50, n images per sub: 1, sigma^2: 1, beta: 0, simulation: 30"
[1] "n sub: 50, n images per sub: 1, sigma^2: 2, beta: 0, simulation: 30"
[1] "n sub: 50, n images per sub: 1, sigma^2: 0.5, beta: 0, simulation: 31"
[1] "n sub: 50, n images per sub: 1, sigma^2: 1, beta: 0, simulation: 31"
[1] "n sub: 50, n images per sub: 1, sigma^2: 2, beta: 0, simulation: 31"
[1] "n sub: 50, n images per sub: 1, sigma^2: 0.5, beta: 0, simulation: 32"
[1] "n sub: 50, n images per sub: 1, sigma^2: 2, beta: 0, simulation: 32"
[1] "n sub: 50, n images per sub: 1, sigma^2: 1, beta: 0, simulation: 32"
[1] "n sub: 50, n images per sub: 1, sigma^2: 0.5, beta: 0, simulation: 33"
[1] "n sub: 50, n images per sub: 1, sigma^2: 2, beta: 0, simulation: 33"
[1] "n sub: 50, n images per sub: 1, sigma^2: 1, beta: 0, simulation: 33"
[1] "n sub: 50, n images per sub: 1, sigma^2: 0.5, beta: 0, simulation: 34"
[1] "n sub: 50, n images per sub: 1, sigma^2: 2, beta: 0, simulation: 34"
[1] "n sub: 50, n images per sub: 1, sigma^2: 1, beta: 0, simulation: 34"
[1] "n sub: 50, n images per sub: 1, sigma^2: 0.5, beta: 0, simulation: 35"
[1] "n sub: 50, n images per sub: 1, sigma^2: 2, beta: 0, simulation: 35"
[1] "n sub: 50, n images per sub: 1, sigma^2: 1, beta: 0, simulation: 35"
[1] "n sub: 50, n images per sub: 1, sigma^2: 0.5, beta: 0, simulation: 36"
[1] "n sub: 50, n images per sub: 1, sigma^2: 2, beta: 0, simulation: 36"
[1] "n sub: 50, n images per sub: 1, sigma^2: 1, beta: 0, simulation: 36"
[1] "n sub: 50, n images per sub: 1, sigma^2: 0.5, beta: 0, simulation: 37"
[1] "n sub: 50, n images per sub: 1, sigma^2: 2, beta: 0, simulation: 37"
[1] "n sub: 50, n images per sub: 1, sigma^2: 1, beta: 0, simulation: 37"
[1] "n sub: 50, n images per sub: 1, sigma^2: 0.5, beta: 0, simulation: 38"
[1] "n sub: 50, n images per sub: 1, sigma^2: 2, beta: 0, simulation: 38"
[1] "n sub: 50, n images per sub: 1, sigma^2: 1, beta: 0, simulation: 38"
[1] "n sub: 50, n images per sub: 1, sigma^2: 0.5, beta: 0, simulation: 39"
[1] "n sub: 50, n images per sub: 1, sigma^2: 2, beta: 0, simulation: 39"
[1] "n sub: 50, n images per sub: 1, sigma^2: 1, beta: 0, simulation: 39"
[1] "n sub: 50, n images per sub: 1, sigma^2: 1, beta: 0, simulation: 40"
[1] "n sub: 50, n images per sub: 1, sigma^2: 0.5, beta: 0, simulation: 40"
[1] "n sub: 50, n images per sub: 1, sigma^2: 2, beta: 0, simulation: 40"
[1] "n sub: 50, n images per sub: 1, sigma^2: 1, beta: 0, simulation: 41"
[1] "n sub: 50, n images per sub: 1, sigma^2: 0.5, beta: 0, simulation: 41"
[1] "n sub: 50, n images per sub: 1, sigma^2: 2, beta: 0, simulation: 41"
[1] "n sub: 50, n images per sub: 1, sigma^2: 1, beta: 0, simulation: 42"
[1] "n sub: 50, n images per sub: 1, sigma^2: 0.5, beta: 0, simulation: 42"
[1] "n sub: 50, n images per sub: 1, sigma^2: 2, beta: 0, simulation: 42"
[1] "n sub: 50, n images per sub: 1, sigma^2: 1, beta: 0, simulation: 43"
[1] "n sub: 50, n images per sub: 1, sigma^2: 0.5, beta: 0, simulation: 43"
[1] "n sub: 50, n images per sub: 1, sigma^2: 2, beta: 0, simulation: 43"
[1] "n sub: 50, n images per sub: 1, sigma^2: 1, beta: 0, simulation: 44"
[1] "n sub: 50, n images per sub: 1, sigma^2: 0.5, beta: 0, simulation: 44"
[1] "n sub: 50, n images per sub: 1, sigma^2: 2, beta: 0, simulation: 44"
[1] "n sub: 50, n images per sub: 1, sigma^2: 1, beta: 0, simulation: 45"
[1] "n sub: 50, n images per sub: 1, sigma^2: 0.5, beta: 0, simulation: 45"
[1] "n sub: 50, n images per sub: 1, sigma^2: 2, beta: 0, simulation: 45"
[1] "n sub: 50, n images per sub: 1, sigma^2: 1, beta: 0, simulation: 46"
[1] "n sub: 50, n images per sub: 1, sigma^2: 0.5, beta: 0, simulation: 46"
[1] "n sub: 50, n images per sub: 1, sigma^2: 2, beta: 0, simulation: 46"
[1] "n sub: 50, n images per sub: 1, sigma^2: 1, beta: 0, simulation: 47"
[1] "n sub: 50, n images per sub: 1, sigma^2: 0.5, beta: 0, simulation: 47"
[1] "n sub: 50, n images per sub: 1, sigma^2: 2, beta: 0, simulation: 47"
[1] "n sub: 50, n images per sub: 1, sigma^2: 1, beta: 0, simulation: 48"
[1] "n sub: 50, n images per sub: 1, sigma^2: 0.5, beta: 0, simulation: 48"
[1] "n sub: 50, n images per sub: 1, sigma^2: 2, beta: 0, simulation: 48"
[1] "n sub: 50, n images per sub: 1, sigma^2: 1, beta: 0, simulation: 49"
[1] "n sub: 50, n images per sub: 1, sigma^2: 0.5, beta: 0, simulation: 49"
[1] "n sub: 50, n images per sub: 1, sigma^2: 2, beta: 0, simulation: 49"
[1] "n sub: 50, n images per sub: 1, sigma^2: 0.5, beta: 0, simulation: 50"
[1] "n sub: 50, n images per sub: 1, sigma^2: 1, beta: 0, simulation: 50"
[1] "n sub: 50, n images per sub: 1, sigma^2: 2, beta: 0, simulation: 50"
