[1] "n sub: 10, n images per sub: 1, zero distance: 50, sigma^2: 1, beta: -0.22, simulation: 601"
[1] "no_corr"
[1] "pc_exp"
[1] "pc_sqexp"
[1] "n sub: 10, n images per sub: 1, zero distance: 50, sigma^2: 0.5, beta: -0.22, simulation: 601"
[1] "no_corr"
[1] "pc_exp"
[1] "pc_sqexp"
[1] "n sub: 10, n images per sub: 1, zero distance: 50, sigma^2: 2, beta: -0.22, simulation: 601"
[1] "no_corr"
[1] "pc_exp"
[1] "pc_sqexp"
[1] "n sub: 10, n images per sub: 1, zero distance: 50, sigma^2: 1, beta: -0.22, simulation: 602"
[1] "no_corr"
[1] "pc_exp"
[1] "pc_sqexp"
[1] "n sub: 10, n images per sub: 1, zero distance: 50, sigma^2: 0.5, beta: -0.22, simulation: 602"
[1] "no_corr"
[1] "pc_exp"
[1] "pc_sqexp"
[1] "n sub: 10, n images per sub: 1, zero distance: 50, sigma^2: 2, beta: -0.22, simulation: 602"
[1] "no_corr"
[1] "pc_exp"
[1] "pc_sqexp"
[1] "n sub: 10, n images per sub: 1, zero distance: 50, sigma^2: 1, beta: -0.22, simulation: 603"
[1] "no_corr"
[1] "pc_exp"
[1] "pc_sqexp"
[1] "n sub: 10, n images per sub: 1, zero distance: 50, sigma^2: 0.5, beta: -0.22, simulation: 603"
[1] "no_corr"
[1] "pc_exp"
[1] "pc_sqexp"
[1] "n sub: 10, n images per sub: 1, zero distance: 50, sigma^2: 2, beta: -0.22, simulation: 603"
[1] "no_corr"
[1] "pc_exp"
[1] "pc_sqexp"
[1] "n sub: 10, n images per sub: 1, zero distance: 50, sigma^2: 1, beta: -0.22, simulation: 604"
[1] "no_corr"
[1] "pc_exp"
[1] "pc_sqexp"
[1] "n sub: 10, n images per sub: 1, zero distance: 50, sigma^2: 0.5, beta: -0.22, simulation: 604"
[1] "no_corr"
[1] "pc_exp"
[1] "pc_sqexp"
[1] "n sub: 10, n images per sub: 1, zero distance: 50, sigma^2: 2, beta: -0.22, simulation: 604"
[1] "no_corr"
[1] "pc_exp"
[1] "pc_sqexp"
[1] "n sub: 10, n images per sub: 1, zero distance: 50, sigma^2: 1, beta: -0.22, simulation: 605"
[1] "no_corr"
[1] "pc_exp"
[1] "pc_sqexp"
[1] "n sub: 10, n images per sub: 1, zero distance: 50, sigma^2: 0.5, beta: -0.22, simulation: 605"
[1] "no_corr"
[1] "pc_exp"
[1] "pc_sqexp"
[1] "n sub: 10, n images per sub: 1, zero distance: 50, sigma^2: 2, beta: -0.22, simulation: 605"
[1] "no_corr"
[1] "pc_exp"
[1] "pc_sqexp"
[1] "n sub: 10, n images per sub: 1, zero distance: 50, sigma^2: 1, beta: -0.22, simulation: 606"
[1] "no_corr"
[1] "pc_exp"
[1] "pc_sqexp"
[1] "n sub: 10, n images per sub: 1, zero distance: 50, sigma^2: 0.5, beta: -0.22, simulation: 606"
[1] "no_corr"
[1] "pc_exp"
[1] "pc_sqexp"
[1] "n sub: 10, n images per sub: 1, zero distance: 50, sigma^2: 2, beta: -0.22, simulation: 606"
[1] "no_corr"
[1] "pc_exp"
[1] "pc_sqexp"
[1] "n sub: 10, n images per sub: 1, zero distance: 50, sigma^2: 1, beta: -0.22, simulation: 607"
[1] "no_corr"
[1] "pc_exp"
[1] "pc_sqexp"
[1] "n sub: 10, n images per sub: 1, zero distance: 50, sigma^2: 0.5, beta: -0.22, simulation: 607"
[1] "no_corr"
[1] "pc_exp"
[1] "pc_sqexp"
[1] "n sub: 10, n images per sub: 1, zero distance: 50, sigma^2: 2, beta: -0.22, simulation: 607"
[1] "no_corr"
[1] "pc_exp"
[1] "pc_sqexp"
[1] "n sub: 10, n images per sub: 1, zero distance: 50, sigma^2: 1, beta: -0.22, simulation: 608"
[1] "no_corr"
[1] "pc_exp"
[1] "pc_sqexp"
[1] "n sub: 10, n images per sub: 1, zero distance: 50, sigma^2: 0.5, beta: -0.22, simulation: 608"
[1] "no_corr"
[1] "pc_exp"
[1] "pc_sqexp"
[1] "n sub: 10, n images per sub: 1, zero distance: 50, sigma^2: 2, beta: -0.22, simulation: 608"
[1] "no_corr"
[1] "pc_exp"
[1] "pc_sqexp"
[1] "n sub: 10, n images per sub: 1, zero distance: 50, sigma^2: 1, beta: -0.22, simulation: 609"
[1] "no_corr"
[1] "pc_exp"
[1] "pc_sqexp"
[1] "n sub: 10, n images per sub: 1, zero distance: 50, sigma^2: 0.5, beta: -0.22, simulation: 609"
[1] "no_corr"
[1] "pc_exp"
[1] "pc_sqexp"
[1] "n sub: 10, n images per sub: 1, zero distance: 50, sigma^2: 2, beta: -0.22, simulation: 609"
[1] "no_corr"
[1] "pc_exp"
[1] "pc_sqexp"
[1] "n sub: 10, n images per sub: 1, zero distance: 50, sigma^2: 1, beta: -0.22, simulation: 610"
[1] "no_corr"
[1] "pc_exp"
[1] "pc_sqexp"
[1] "n sub: 10, n images per sub: 1, zero distance: 50, sigma^2: 0.5, beta: -0.22, simulation: 610"
[1] "no_corr"
[1] "pc_exp"
[1] "pc_sqexp"
[1] "n sub: 10, n images per sub: 1, zero distance: 50, sigma^2: 2, beta: -0.22, simulation: 610"
[1] "no_corr"
[1] "pc_exp"
[1] "pc_sqexp"
[1] "n sub: 10, n images per sub: 1, zero distance: 50, sigma^2: 1, beta: -0.22, simulation: 611"
[1] "no_corr"
[1] "pc_exp"
[1] "pc_sqexp"
[1] "n sub: 10, n images per sub: 1, zero distance: 50, sigma^2: 0.5, beta: -0.22, simulation: 611"
[1] "no_corr"
[1] "pc_exp"
[1] "pc_sqexp"
[1] "n sub: 10, n images per sub: 1, zero distance: 50, sigma^2: 2, beta: -0.22, simulation: 611"
[1] "no_corr"
[1] "pc_exp"
[1] "pc_sqexp"
[1] "n sub: 10, n images per sub: 1, zero distance: 50, sigma^2: 1, beta: -0.22, simulation: 612"
[1] "no_corr"
[1] "pc_exp"
[1] "pc_sqexp"
[1] "n sub: 10, n images per sub: 1, zero distance: 50, sigma^2: 0.5, beta: -0.22, simulation: 612"
[1] "no_corr"
[1] "pc_exp"
[1] "pc_sqexp"
[1] "n sub: 10, n images per sub: 1, zero distance: 50, sigma^2: 2, beta: -0.22, simulation: 612"
[1] "no_corr"
[1] "pc_exp"
[1] "pc_sqexp"
[1] "n sub: 10, n images per sub: 1, zero distance: 50, sigma^2: 1, beta: -0.22, simulation: 613"
[1] "no_corr"
[1] "pc_exp"
[1] "pc_sqexp"
[1] "n sub: 10, n images per sub: 1, zero distance: 50, sigma^2: 0.5, beta: -0.22, simulation: 613"
[1] "no_corr"
[1] "pc_exp"
[1] "pc_sqexp"
[1] "n sub: 10, n images per sub: 1, zero distance: 50, sigma^2: 2, beta: -0.22, simulation: 613"
[1] "no_corr"
[1] "pc_exp"
[1] "pc_sqexp"
[1] "n sub: 10, n images per sub: 1, zero distance: 50, sigma^2: 1, beta: -0.22, simulation: 614"
[1] "no_corr"
[1] "pc_exp"
[1] "pc_sqexp"
[1] "n sub: 10, n images per sub: 1, zero distance: 50, sigma^2: 0.5, beta: -0.22, simulation: 614"
[1] "no_corr"
[1] "pc_exp"
[1] "pc_sqexp"
[1] "n sub: 10, n images per sub: 1, zero distance: 50, sigma^2: 2, beta: -0.22, simulation: 614"
[1] "no_corr"
[1] "pc_exp"
[1] "pc_sqexp"
[1] "n sub: 10, n images per sub: 1, zero distance: 50, sigma^2: 1, beta: -0.22, simulation: 615"
[1] "no_corr"
[1] "pc_exp"
[1] "pc_sqexp"
[1] "n sub: 10, n images per sub: 1, zero distance: 50, sigma^2: 0.5, beta: -0.22, simulation: 615"
[1] "no_corr"
[1] "pc_exp"
[1] "pc_sqexp"
[1] "n sub: 10, n images per sub: 1, zero distance: 50, sigma^2: 2, beta: -0.22, simulation: 615"
[1] "no_corr"
[1] "pc_exp"
[1] "pc_sqexp"
[1] "n sub: 10, n images per sub: 1, zero distance: 50, sigma^2: 1, beta: -0.22, simulation: 616"
[1] "no_corr"
[1] "pc_exp"
[1] "pc_sqexp"
[1] "n sub: 10, n images per sub: 1, zero distance: 50, sigma^2: 0.5, beta: -0.22, simulation: 616"
[1] "no_corr"
[1] "pc_exp"
[1] "pc_sqexp"
[1] "n sub: 10, n images per sub: 1, zero distance: 50, sigma^2: 2, beta: -0.22, simulation: 616"
[1] "no_corr"
[1] "pc_exp"
[1] "pc_sqexp"
[1] "n sub: 10, n images per sub: 1, zero distance: 50, sigma^2: 1, beta: -0.22, simulation: 617"
[1] "no_corr"
[1] "pc_exp"
[1] "pc_sqexp"
[1] "n sub: 10, n images per sub: 1, zero distance: 50, sigma^2: 0.5, beta: -0.22, simulation: 617"
[1] "no_corr"
[1] "pc_exp"
[1] "pc_sqexp"
[1] "n sub: 10, n images per sub: 1, zero distance: 50, sigma^2: 2, beta: -0.22, simulation: 617"
[1] "no_corr"
[1] "pc_exp"
[1] "pc_sqexp"
[1] "n sub: 10, n images per sub: 1, zero distance: 50, sigma^2: 1, beta: -0.22, simulation: 618"
[1] "no_corr"
[1] "pc_exp"
[1] "pc_sqexp"
[1] "n sub: 10, n images per sub: 1, zero distance: 50, sigma^2: 0.5, beta: -0.22, simulation: 618"
[1] "no_corr"
[1] "pc_exp"
[1] "pc_sqexp"
[1] "n sub: 10, n images per sub: 1, zero distance: 50, sigma^2: 2, beta: -0.22, simulation: 618"
[1] "no_corr"
[1] "pc_exp"
[1] "pc_sqexp"
[1] "n sub: 10, n images per sub: 1, zero distance: 50, sigma^2: 1, beta: -0.22, simulation: 619"
[1] "no_corr"
[1] "pc_exp"
[1] "pc_sqexp"
[1] "n sub: 10, n images per sub: 1, zero distance: 50, sigma^2: 0.5, beta: -0.22, simulation: 619"
[1] "no_corr"
[1] "pc_exp"
[1] "pc_sqexp"
[1] "n sub: 10, n images per sub: 1, zero distance: 50, sigma^2: 2, beta: -0.22, simulation: 619"
[1] "no_corr"
[1] "pc_exp"
[1] "pc_sqexp"
[1] "n sub: 10, n images per sub: 1, zero distance: 50, sigma^2: 1, beta: -0.22, simulation: 620"
[1] "no_corr"
[1] "pc_exp"
[1] "pc_sqexp"
[1] "n sub: 10, n images per sub: 1, zero distance: 50, sigma^2: 0.5, beta: -0.22, simulation: 620"
[1] "no_corr"
[1] "pc_exp"
[1] "pc_sqexp"
[1] "n sub: 10, n images per sub: 1, zero distance: 50, sigma^2: 2, beta: -0.22, simulation: 620"
[1] "no_corr"
[1] "pc_exp"
[1] "pc_sqexp"
[1] "n sub: 10, n images per sub: 1, zero distance: 50, sigma^2: 1, beta: -0.22, simulation: 621"
[1] "no_corr"
[1] "pc_exp"
[1] "pc_sqexp"
[1] "n sub: 10, n images per sub: 1, zero distance: 50, sigma^2: 0.5, beta: -0.22, simulation: 621"
[1] "no_corr"
[1] "pc_exp"
[1] "pc_sqexp"
[1] "n sub: 10, n images per sub: 1, zero distance: 50, sigma^2: 2, beta: -0.22, simulation: 621"
[1] "no_corr"
[1] "pc_exp"
[1] "pc_sqexp"
[1] "n sub: 10, n images per sub: 1, zero distance: 50, sigma^2: 1, beta: -0.22, simulation: 622"
[1] "no_corr"
[1] "pc_exp"
[1] "pc_sqexp"
[1] "n sub: 10, n images per sub: 1, zero distance: 50, sigma^2: 0.5, beta: -0.22, simulation: 622"
[1] "no_corr"
[1] "pc_exp"
[1] "pc_sqexp"
[1] "n sub: 10, n images per sub: 1, zero distance: 50, sigma^2: 2, beta: -0.22, simulation: 622"
[1] "no_corr"
[1] "pc_exp"
[1] "pc_sqexp"
[1] "n sub: 10, n images per sub: 1, zero distance: 50, sigma^2: 1, beta: -0.22, simulation: 623"
[1] "no_corr"
[1] "pc_exp"
[1] "pc_sqexp"
[1] "n sub: 10, n images per sub: 1, zero distance: 50, sigma^2: 0.5, beta: -0.22, simulation: 623"
[1] "no_corr"
[1] "pc_exp"
[1] "pc_sqexp"
[1] "n sub: 10, n images per sub: 1, zero distance: 50, sigma^2: 2, beta: -0.22, simulation: 623"
[1] "no_corr"
[1] "pc_exp"
[1] "pc_sqexp"
[1] "n sub: 10, n images per sub: 1, zero distance: 50, sigma^2: 1, beta: -0.22, simulation: 624"
[1] "no_corr"
[1] "pc_exp"
[1] "pc_sqexp"
[1] "n sub: 10, n images per sub: 1, zero distance: 50, sigma^2: 0.5, beta: -0.22, simulation: 624"
[1] "no_corr"
[1] "pc_exp"
[1] "pc_sqexp"
[1] "n sub: 10, n images per sub: 1, zero distance: 50, sigma^2: 2, beta: -0.22, simulation: 624"
[1] "no_corr"
[1] "pc_exp"
[1] "pc_sqexp"
[1] "n sub: 10, n images per sub: 1, zero distance: 50, sigma^2: 1, beta: -0.22, simulation: 625"
[1] "no_corr"
[1] "pc_exp"
[1] "pc_sqexp"
[1] "n sub: 10, n images per sub: 1, zero distance: 50, sigma^2: 0.5, beta: -0.22, simulation: 625"
[1] "no_corr"
[1] "pc_exp"
[1] "pc_sqexp"
[1] "n sub: 10, n images per sub: 1, zero distance: 50, sigma^2: 2, beta: -0.22, simulation: 625"
[1] "no_corr"
[1] "pc_exp"
[1] "pc_sqexp"
[1] "n sub: 10, n images per sub: 1, zero distance: 50, sigma^2: 1, beta: -0.22, simulation: 626"
[1] "no_corr"
[1] "pc_exp"
[1] "pc_sqexp"
[1] "n sub: 10, n images per sub: 1, zero distance: 50, sigma^2: 0.5, beta: -0.22, simulation: 626"
[1] "no_corr"
[1] "pc_exp"
[1] "pc_sqexp"
[1] "n sub: 10, n images per sub: 1, zero distance: 50, sigma^2: 2, beta: -0.22, simulation: 626"
[1] "no_corr"
[1] "pc_exp"
[1] "pc_sqexp"
[1] "n sub: 10, n images per sub: 1, zero distance: 50, sigma^2: 1, beta: -0.22, simulation: 627"
[1] "no_corr"
[1] "pc_exp"
[1] "pc_sqexp"
[1] "n sub: 10, n images per sub: 1, zero distance: 50, sigma^2: 0.5, beta: -0.22, simulation: 627"
[1] "no_corr"
[1] "pc_exp"
[1] "pc_sqexp"
[1] "n sub: 10, n images per sub: 1, zero distance: 50, sigma^2: 2, beta: -0.22, simulation: 627"
[1] "no_corr"
[1] "pc_exp"
[1] "pc_sqexp"
[1] "n sub: 10, n images per sub: 1, zero distance: 50, sigma^2: 1, beta: -0.22, simulation: 628"
[1] "no_corr"
[1] "pc_exp"
[1] "pc_sqexp"
[1] "n sub: 10, n images per sub: 1, zero distance: 50, sigma^2: 0.5, beta: -0.22, simulation: 628"
[1] "no_corr"
[1] "pc_exp"
[1] "pc_sqexp"
[1] "n sub: 10, n images per sub: 1, zero distance: 50, sigma^2: 2, beta: -0.22, simulation: 628"
[1] "no_corr"
[1] "pc_exp"
[1] "pc_sqexp"
[1] "n sub: 10, n images per sub: 1, zero distance: 50, sigma^2: 1, beta: -0.22, simulation: 629"
[1] "no_corr"
[1] "pc_exp"
[1] "pc_sqexp"
[1] "n sub: 10, n images per sub: 1, zero distance: 50, sigma^2: 0.5, beta: -0.22, simulation: 629"
[1] "no_corr"
[1] "pc_exp"
[1] "pc_sqexp"
[1] "n sub: 10, n images per sub: 1, zero distance: 50, sigma^2: 2, beta: -0.22, simulation: 629"
[1] "no_corr"
[1] "pc_exp"
[1] "pc_sqexp"
[1] "n sub: 10, n images per sub: 1, zero distance: 50, sigma^2: 1, beta: -0.22, simulation: 630"
[1] "no_corr"
[1] "pc_exp"
[1] "pc_sqexp"
[1] "n sub: 10, n images per sub: 1, zero distance: 50, sigma^2: 0.5, beta: -0.22, simulation: 630"
[1] "no_corr"
[1] "pc_exp"
[1] "pc_sqexp"
[1] "n sub: 10, n images per sub: 1, zero distance: 50, sigma^2: 2, beta: -0.22, simulation: 630"
[1] "no_corr"
[1] "pc_exp"
[1] "pc_sqexp"
[1] "n sub: 10, n images per sub: 1, zero distance: 50, sigma^2: 1, beta: -0.22, simulation: 631"
[1] "no_corr"
[1] "pc_exp"
[1] "pc_sqexp"
[1] "n sub: 10, n images per sub: 1, zero distance: 50, sigma^2: 0.5, beta: -0.22, simulation: 631"
[1] "no_corr"
[1] "pc_exp"
[1] "pc_sqexp"
[1] "n sub: 10, n images per sub: 1, zero distance: 50, sigma^2: 2, beta: -0.22, simulation: 631"
[1] "no_corr"
[1] "pc_exp"
[1] "pc_sqexp"
[1] "n sub: 10, n images per sub: 1, zero distance: 50, sigma^2: 1, beta: -0.22, simulation: 632"
[1] "no_corr"
[1] "pc_exp"
[1] "pc_sqexp"
[1] "n sub: 10, n images per sub: 1, zero distance: 50, sigma^2: 0.5, beta: -0.22, simulation: 632"
[1] "no_corr"
[1] "pc_exp"
[1] "pc_sqexp"
[1] "n sub: 10, n images per sub: 1, zero distance: 50, sigma^2: 2, beta: -0.22, simulation: 632"
[1] "no_corr"
[1] "pc_exp"
[1] "pc_sqexp"
[1] "n sub: 10, n images per sub: 1, zero distance: 50, sigma^2: 1, beta: -0.22, simulation: 633"
[1] "no_corr"
[1] "pc_exp"
[1] "pc_sqexp"
[1] "n sub: 10, n images per sub: 1, zero distance: 50, sigma^2: 0.5, beta: -0.22, simulation: 633"
[1] "no_corr"
[1] "pc_exp"
[1] "pc_sqexp"
[1] "n sub: 10, n images per sub: 1, zero distance: 50, sigma^2: 2, beta: -0.22, simulation: 633"
[1] "no_corr"
[1] "pc_exp"
[1] "pc_sqexp"
[1] "n sub: 10, n images per sub: 1, zero distance: 50, sigma^2: 1, beta: -0.22, simulation: 634"
[1] "no_corr"
[1] "pc_exp"
[1] "pc_sqexp"
[1] "n sub: 10, n images per sub: 1, zero distance: 50, sigma^2: 0.5, beta: -0.22, simulation: 634"
[1] "no_corr"
[1] "pc_exp"
[1] "pc_sqexp"
[1] "n sub: 10, n images per sub: 1, zero distance: 50, sigma^2: 2, beta: -0.22, simulation: 634"
[1] "no_corr"
[1] "pc_exp"
[1] "pc_sqexp"
[1] "n sub: 10, n images per sub: 1, zero distance: 50, sigma^2: 1, beta: -0.22, simulation: 635"
[1] "no_corr"
[1] "pc_exp"
[1] "pc_sqexp"
[1] "n sub: 10, n images per sub: 1, zero distance: 50, sigma^2: 0.5, beta: -0.22, simulation: 635"
[1] "no_corr"
[1] "pc_exp"
[1] "pc_sqexp"
[1] "n sub: 10, n images per sub: 1, zero distance: 50, sigma^2: 2, beta: -0.22, simulation: 635"
[1] "no_corr"
[1] "pc_exp"
[1] "pc_sqexp"
[1] "n sub: 10, n images per sub: 1, zero distance: 50, sigma^2: 1, beta: -0.22, simulation: 636"
[1] "no_corr"
[1] "pc_exp"
[1] "pc_sqexp"
[1] "n sub: 10, n images per sub: 1, zero distance: 50, sigma^2: 0.5, beta: -0.22, simulation: 636"
[1] "no_corr"
[1] "pc_exp"
[1] "pc_sqexp"
[1] "n sub: 10, n images per sub: 1, zero distance: 50, sigma^2: 2, beta: -0.22, simulation: 636"
[1] "no_corr"
[1] "pc_exp"
[1] "pc_sqexp"
[1] "n sub: 10, n images per sub: 1, zero distance: 50, sigma^2: 1, beta: -0.22, simulation: 637"
[1] "no_corr"
[1] "pc_exp"
[1] "pc_sqexp"
[1] "n sub: 10, n images per sub: 1, zero distance: 50, sigma^2: 0.5, beta: -0.22, simulation: 637"
[1] "no_corr"
[1] "pc_exp"
[1] "pc_sqexp"
[1] "n sub: 10, n images per sub: 1, zero distance: 50, sigma^2: 2, beta: -0.22, simulation: 637"
[1] "no_corr"
[1] "pc_exp"
[1] "pc_sqexp"
[1] "n sub: 10, n images per sub: 1, zero distance: 50, sigma^2: 1, beta: -0.22, simulation: 638"
[1] "no_corr"
[1] "pc_exp"
[1] "pc_sqexp"
[1] "n sub: 10, n images per sub: 1, zero distance: 50, sigma^2: 0.5, beta: -0.22, simulation: 638"
[1] "no_corr"
[1] "pc_exp"
[1] "pc_sqexp"
[1] "n sub: 10, n images per sub: 1, zero distance: 50, sigma^2: 2, beta: -0.22, simulation: 638"
[1] "no_corr"
[1] "pc_exp"
[1] "pc_sqexp"
[1] "n sub: 10, n images per sub: 1, zero distance: 50, sigma^2: 1, beta: -0.22, simulation: 639"
[1] "no_corr"
[1] "pc_exp"
[1] "pc_sqexp"
[1] "n sub: 10, n images per sub: 1, zero distance: 50, sigma^2: 0.5, beta: -0.22, simulation: 639"
[1] "no_corr"
[1] "pc_exp"
[1] "pc_sqexp"
[1] "n sub: 10, n images per sub: 1, zero distance: 50, sigma^2: 2, beta: -0.22, simulation: 639"
[1] "no_corr"
[1] "pc_exp"
[1] "pc_sqexp"
[1] "n sub: 10, n images per sub: 1, zero distance: 50, sigma^2: 1, beta: -0.22, simulation: 640"
[1] "no_corr"
[1] "pc_exp"
[1] "pc_sqexp"
[1] "n sub: 10, n images per sub: 1, zero distance: 50, sigma^2: 0.5, beta: -0.22, simulation: 640"
[1] "no_corr"
[1] "pc_exp"
[1] "pc_sqexp"
[1] "n sub: 10, n images per sub: 1, zero distance: 50, sigma^2: 2, beta: -0.22, simulation: 640"
[1] "no_corr"
[1] "pc_exp"
[1] "pc_sqexp"
[1] "n sub: 10, n images per sub: 1, zero distance: 50, sigma^2: 1, beta: -0.22, simulation: 641"
[1] "no_corr"
[1] "pc_exp"
[1] "pc_sqexp"
[1] "n sub: 10, n images per sub: 1, zero distance: 50, sigma^2: 0.5, beta: -0.22, simulation: 641"
[1] "no_corr"
[1] "pc_exp"
[1] "pc_sqexp"
[1] "n sub: 10, n images per sub: 1, zero distance: 50, sigma^2: 2, beta: -0.22, simulation: 641"
[1] "no_corr"
[1] "pc_exp"
[1] "pc_sqexp"
[1] "n sub: 10, n images per sub: 1, zero distance: 50, sigma^2: 1, beta: -0.22, simulation: 642"
[1] "no_corr"
[1] "pc_exp"
[1] "pc_sqexp"
[1] "n sub: 10, n images per sub: 1, zero distance: 50, sigma^2: 0.5, beta: -0.22, simulation: 642"
[1] "no_corr"
[1] "pc_exp"
[1] "pc_sqexp"
[1] "n sub: 10, n images per sub: 1, zero distance: 50, sigma^2: 2, beta: -0.22, simulation: 642"
[1] "no_corr"
[1] "pc_exp"
[1] "pc_sqexp"
[1] "n sub: 10, n images per sub: 1, zero distance: 50, sigma^2: 1, beta: -0.22, simulation: 643"
[1] "no_corr"
[1] "pc_exp"
[1] "pc_sqexp"
[1] "n sub: 10, n images per sub: 1, zero distance: 50, sigma^2: 0.5, beta: -0.22, simulation: 643"
[1] "no_corr"
[1] "pc_exp"
[1] "pc_sqexp"
[1] "n sub: 10, n images per sub: 1, zero distance: 50, sigma^2: 2, beta: -0.22, simulation: 643"
[1] "no_corr"
[1] "pc_exp"
[1] "pc_sqexp"
[1] "n sub: 10, n images per sub: 1, zero distance: 50, sigma^2: 1, beta: -0.22, simulation: 644"
[1] "no_corr"
[1] "pc_exp"
[1] "pc_sqexp"
[1] "n sub: 10, n images per sub: 1, zero distance: 50, sigma^2: 0.5, beta: -0.22, simulation: 644"
[1] "no_corr"
[1] "pc_exp"
[1] "pc_sqexp"
[1] "n sub: 10, n images per sub: 1, zero distance: 50, sigma^2: 2, beta: -0.22, simulation: 644"
[1] "no_corr"
[1] "pc_exp"
[1] "pc_sqexp"
[1] "n sub: 10, n images per sub: 1, zero distance: 50, sigma^2: 1, beta: -0.22, simulation: 645"
[1] "no_corr"
[1] "pc_exp"
[1] "pc_sqexp"
[1] "n sub: 10, n images per sub: 1, zero distance: 50, sigma^2: 0.5, beta: -0.22, simulation: 645"
[1] "no_corr"
[1] "pc_exp"
[1] "pc_sqexp"
[1] "n sub: 10, n images per sub: 1, zero distance: 50, sigma^2: 2, beta: -0.22, simulation: 645"
[1] "no_corr"
[1] "pc_exp"
[1] "pc_sqexp"
[1] "n sub: 10, n images per sub: 1, zero distance: 50, sigma^2: 1, beta: -0.22, simulation: 646"
[1] "no_corr"
[1] "pc_exp"
[1] "pc_sqexp"
[1] "n sub: 10, n images per sub: 1, zero distance: 50, sigma^2: 0.5, beta: -0.22, simulation: 646"
[1] "no_corr"
[1] "pc_exp"
[1] "pc_sqexp"
[1] "n sub: 10, n images per sub: 1, zero distance: 50, sigma^2: 2, beta: -0.22, simulation: 646"
[1] "no_corr"
[1] "pc_exp"
[1] "pc_sqexp"
[1] "n sub: 10, n images per sub: 1, zero distance: 50, sigma^2: 1, beta: -0.22, simulation: 647"
[1] "no_corr"
[1] "pc_exp"
[1] "pc_sqexp"
[1] "n sub: 10, n images per sub: 1, zero distance: 50, sigma^2: 0.5, beta: -0.22, simulation: 647"
[1] "no_corr"
[1] "pc_exp"
[1] "pc_sqexp"
[1] "n sub: 10, n images per sub: 1, zero distance: 50, sigma^2: 2, beta: -0.22, simulation: 647"
[1] "no_corr"
[1] "pc_exp"
[1] "pc_sqexp"
[1] "n sub: 10, n images per sub: 1, zero distance: 50, sigma^2: 1, beta: -0.22, simulation: 648"
[1] "no_corr"
[1] "pc_exp"
[1] "pc_sqexp"
[1] "n sub: 10, n images per sub: 1, zero distance: 50, sigma^2: 0.5, beta: -0.22, simulation: 648"
[1] "no_corr"
[1] "pc_exp"
[1] "pc_sqexp"
[1] "n sub: 10, n images per sub: 1, zero distance: 50, sigma^2: 2, beta: -0.22, simulation: 648"
[1] "no_corr"
[1] "pc_exp"
[1] "pc_sqexp"
[1] "n sub: 10, n images per sub: 1, zero distance: 50, sigma^2: 1, beta: -0.22, simulation: 649"
[1] "no_corr"
[1] "pc_exp"
[1] "pc_sqexp"
[1] "n sub: 10, n images per sub: 1, zero distance: 50, sigma^2: 0.5, beta: -0.22, simulation: 649"
[1] "no_corr"
[1] "pc_exp"
[1] "pc_sqexp"
[1] "n sub: 10, n images per sub: 1, zero distance: 50, sigma^2: 2, beta: -0.22, simulation: 649"
[1] "no_corr"
[1] "pc_exp"
[1] "pc_sqexp"
[1] "n sub: 10, n images per sub: 1, zero distance: 50, sigma^2: 1, beta: -0.22, simulation: 650"
[1] "no_corr"
[1] "pc_exp"
[1] "pc_sqexp"
[1] "n sub: 10, n images per sub: 1, zero distance: 50, sigma^2: 0.5, beta: -0.22, simulation: 650"
[1] "no_corr"
[1] "pc_exp"
[1] "pc_sqexp"
[1] "n sub: 10, n images per sub: 1, zero distance: 50, sigma^2: 2, beta: -0.22, simulation: 650"
[1] "no_corr"
[1] "pc_exp"
[1] "pc_sqexp"
[1] "n sub: 10, n images per sub: 1, zero distance: 50, sigma^2: 1, beta: -0.22, simulation: 651"
[1] "no_corr"
[1] "pc_exp"
[1] "pc_sqexp"
[1] "n sub: 10, n images per sub: 1, zero distance: 50, sigma^2: 0.5, beta: -0.22, simulation: 651"
[1] "no_corr"
[1] "pc_exp"
[1] "pc_sqexp"
[1] "n sub: 10, n images per sub: 1, zero distance: 50, sigma^2: 2, beta: -0.22, simulation: 651"
[1] "no_corr"
[1] "pc_exp"
[1] "pc_sqexp"
[1] "n sub: 10, n images per sub: 1, zero distance: 50, sigma^2: 1, beta: -0.22, simulation: 652"
[1] "no_corr"
[1] "pc_exp"
[1] "pc_sqexp"
[1] "n sub: 10, n images per sub: 1, zero distance: 50, sigma^2: 0.5, beta: -0.22, simulation: 652"
[1] "no_corr"
[1] "pc_exp"
[1] "pc_sqexp"
[1] "n sub: 10, n images per sub: 1, zero distance: 50, sigma^2: 2, beta: -0.22, simulation: 652"
[1] "no_corr"
[1] "pc_exp"
[1] "pc_sqexp"
[1] "n sub: 10, n images per sub: 1, zero distance: 50, sigma^2: 1, beta: -0.22, simulation: 653"
[1] "no_corr"
[1] "pc_exp"
[1] "pc_sqexp"
[1] "n sub: 10, n images per sub: 1, zero distance: 50, sigma^2: 0.5, beta: -0.22, simulation: 653"
[1] "no_corr"
[1] "pc_exp"
[1] "pc_sqexp"
[1] "n sub: 10, n images per sub: 1, zero distance: 50, sigma^2: 2, beta: -0.22, simulation: 653"
[1] "no_corr"
[1] "pc_exp"
[1] "pc_sqexp"
[1] "n sub: 10, n images per sub: 1, zero distance: 50, sigma^2: 1, beta: -0.22, simulation: 654"
[1] "no_corr"
[1] "pc_exp"
[1] "pc_sqexp"
[1] "n sub: 10, n images per sub: 1, zero distance: 50, sigma^2: 0.5, beta: -0.22, simulation: 654"
[1] "no_corr"
[1] "pc_exp"
[1] "pc_sqexp"
[1] "n sub: 10, n images per sub: 1, zero distance: 50, sigma^2: 2, beta: -0.22, simulation: 654"
[1] "no_corr"
[1] "pc_exp"
[1] "pc_sqexp"
[1] "n sub: 10, n images per sub: 1, zero distance: 50, sigma^2: 1, beta: -0.22, simulation: 655"
[1] "no_corr"
[1] "pc_exp"
[1] "pc_sqexp"
[1] "n sub: 10, n images per sub: 1, zero distance: 50, sigma^2: 0.5, beta: -0.22, simulation: 655"
[1] "no_corr"
[1] "pc_exp"
[1] "pc_sqexp"
[1] "n sub: 10, n images per sub: 1, zero distance: 50, sigma^2: 2, beta: -0.22, simulation: 655"
[1] "no_corr"
[1] "pc_exp"
[1] "pc_sqexp"
[1] "n sub: 10, n images per sub: 1, zero distance: 50, sigma^2: 1, beta: -0.22, simulation: 656"
[1] "no_corr"
[1] "pc_exp"
[1] "pc_sqexp"
[1] "n sub: 10, n images per sub: 1, zero distance: 50, sigma^2: 0.5, beta: -0.22, simulation: 656"
[1] "no_corr"
[1] "pc_exp"
[1] "pc_sqexp"
[1] "n sub: 10, n images per sub: 1, zero distance: 50, sigma^2: 2, beta: -0.22, simulation: 656"
[1] "no_corr"
[1] "pc_exp"
[1] "pc_sqexp"
[1] "n sub: 10, n images per sub: 1, zero distance: 50, sigma^2: 1, beta: -0.22, simulation: 657"
[1] "no_corr"
[1] "pc_exp"
[1] "pc_sqexp"
[1] "n sub: 10, n images per sub: 1, zero distance: 50, sigma^2: 0.5, beta: -0.22, simulation: 657"
[1] "no_corr"
[1] "pc_exp"
[1] "pc_sqexp"
[1] "n sub: 10, n images per sub: 1, zero distance: 50, sigma^2: 2, beta: -0.22, simulation: 657"
[1] "no_corr"
[1] "pc_exp"
[1] "pc_sqexp"
[1] "n sub: 10, n images per sub: 1, zero distance: 50, sigma^2: 1, beta: -0.22, simulation: 658"
[1] "no_corr"
[1] "pc_exp"
[1] "pc_sqexp"
[1] "n sub: 10, n images per sub: 1, zero distance: 50, sigma^2: 0.5, beta: -0.22, simulation: 658"
[1] "no_corr"
[1] "pc_exp"
[1] "pc_sqexp"
[1] "n sub: 10, n images per sub: 1, zero distance: 50, sigma^2: 2, beta: -0.22, simulation: 658"
[1] "no_corr"
[1] "pc_exp"
[1] "pc_sqexp"
[1] "n sub: 10, n images per sub: 1, zero distance: 50, sigma^2: 1, beta: -0.22, simulation: 659"
[1] "no_corr"
[1] "pc_exp"
[1] "pc_sqexp"
[1] "n sub: 10, n images per sub: 1, zero distance: 50, sigma^2: 0.5, beta: -0.22, simulation: 659"
[1] "no_corr"
[1] "pc_exp"
[1] "pc_sqexp"
[1] "n sub: 10, n images per sub: 1, zero distance: 50, sigma^2: 2, beta: -0.22, simulation: 659"
[1] "no_corr"
[1] "pc_exp"
[1] "pc_sqexp"
[1] "n sub: 10, n images per sub: 1, zero distance: 50, sigma^2: 1, beta: -0.22, simulation: 660"
[1] "no_corr"
[1] "pc_exp"
[1] "pc_sqexp"
[1] "n sub: 10, n images per sub: 1, zero distance: 50, sigma^2: 0.5, beta: -0.22, simulation: 660"
[1] "no_corr"
[1] "pc_exp"
[1] "pc_sqexp"
[1] "n sub: 10, n images per sub: 1, zero distance: 50, sigma^2: 2, beta: -0.22, simulation: 660"
[1] "no_corr"
[1] "pc_exp"
[1] "pc_sqexp"
[1] "n sub: 10, n images per sub: 1, zero distance: 50, sigma^2: 1, beta: -0.22, simulation: 661"
[1] "no_corr"
[1] "pc_exp"
[1] "pc_sqexp"
[1] "n sub: 10, n images per sub: 1, zero distance: 50, sigma^2: 0.5, beta: -0.22, simulation: 661"
[1] "no_corr"
[1] "pc_exp"
[1] "pc_sqexp"
[1] "n sub: 10, n images per sub: 1, zero distance: 50, sigma^2: 2, beta: -0.22, simulation: 661"
[1] "no_corr"
[1] "pc_exp"
[1] "pc_sqexp"
[1] "n sub: 10, n images per sub: 1, zero distance: 50, sigma^2: 1, beta: -0.22, simulation: 662"
[1] "no_corr"
[1] "pc_exp"
[1] "pc_sqexp"
[1] "n sub: 10, n images per sub: 1, zero distance: 50, sigma^2: 0.5, beta: -0.22, simulation: 662"
[1] "no_corr"
[1] "pc_exp"
[1] "pc_sqexp"
[1] "n sub: 10, n images per sub: 1, zero distance: 50, sigma^2: 2, beta: -0.22, simulation: 662"
[1] "no_corr"
[1] "pc_exp"
[1] "pc_sqexp"
[1] "n sub: 10, n images per sub: 1, zero distance: 50, sigma^2: 1, beta: -0.22, simulation: 663"
[1] "no_corr"
[1] "pc_exp"
[1] "pc_sqexp"
[1] "n sub: 10, n images per sub: 1, zero distance: 50, sigma^2: 0.5, beta: -0.22, simulation: 663"
[1] "no_corr"
[1] "pc_exp"
[1] "pc_sqexp"
[1] "n sub: 10, n images per sub: 1, zero distance: 50, sigma^2: 2, beta: -0.22, simulation: 663"
[1] "no_corr"
[1] "pc_exp"
[1] "pc_sqexp"
[1] "n sub: 10, n images per sub: 1, zero distance: 50, sigma^2: 1, beta: -0.22, simulation: 664"
[1] "no_corr"
[1] "pc_exp"
[1] "pc_sqexp"
[1] "n sub: 10, n images per sub: 1, zero distance: 50, sigma^2: 0.5, beta: -0.22, simulation: 664"
[1] "no_corr"
[1] "pc_exp"
[1] "pc_sqexp"
[1] "n sub: 10, n images per sub: 1, zero distance: 50, sigma^2: 2, beta: -0.22, simulation: 664"
[1] "no_corr"
[1] "pc_exp"
[1] "pc_sqexp"
[1] "n sub: 10, n images per sub: 1, zero distance: 50, sigma^2: 1, beta: -0.22, simulation: 665"
[1] "no_corr"
[1] "pc_exp"
[1] "pc_sqexp"
[1] "n sub: 10, n images per sub: 1, zero distance: 50, sigma^2: 0.5, beta: -0.22, simulation: 665"
[1] "no_corr"
[1] "pc_exp"
[1] "pc_sqexp"
[1] "n sub: 10, n images per sub: 1, zero distance: 50, sigma^2: 2, beta: -0.22, simulation: 665"
[1] "no_corr"
[1] "pc_exp"
[1] "pc_sqexp"
[1] "n sub: 10, n images per sub: 1, zero distance: 50, sigma^2: 1, beta: -0.22, simulation: 666"
[1] "no_corr"
[1] "pc_exp"
[1] "pc_sqexp"
[1] "n sub: 10, n images per sub: 1, zero distance: 50, sigma^2: 0.5, beta: -0.22, simulation: 666"
[1] "no_corr"
[1] "pc_exp"
[1] "pc_sqexp"
[1] "n sub: 10, n images per sub: 1, zero distance: 50, sigma^2: 2, beta: -0.22, simulation: 666"
[1] "no_corr"
[1] "pc_exp"
[1] "pc_sqexp"
[1] "n sub: 10, n images per sub: 1, zero distance: 50, sigma^2: 1, beta: -0.22, simulation: 667"
[1] "no_corr"
[1] "pc_exp"
[1] "pc_sqexp"
[1] "n sub: 10, n images per sub: 1, zero distance: 50, sigma^2: 0.5, beta: -0.22, simulation: 667"
[1] "no_corr"
[1] "pc_exp"
[1] "pc_sqexp"
