 [1] 14338 14339 14340 14341 14342 14343 14344 14345 14346 14347 14348 14349
[13] 14350 14351 14352 14353 14354 14355 14356 14357 14358 14359 14360 14361
[25] 14362 14363 14364
[1] "n sub: 50, n images per sub: 5, sigma^2: 2, beta: -0.41, simulation: 80"
[1] "n sub: 50, n images per sub: 5, sigma^2: 1, beta: -0.41, simulation: 80"
[1] "n sub: 50, n images per sub: 5, sigma^2: 0.5, beta: -0.41, simulation: 80"
[1] "n sub: 50, n images per sub: 5, sigma^2: 2, beta: -0.41, simulation: 81"
[1] "n sub: 50, n images per sub: 5, sigma^2: 1, beta: -0.41, simulation: 81"
[1] "n sub: 50, n images per sub: 5, sigma^2: 0.5, beta: -0.41, simulation: 81"
[1] "n sub: 50, n images per sub: 5, sigma^2: 2, beta: -0.41, simulation: 82"
[1] "n sub: 50, n images per sub: 5, sigma^2: 1, beta: -0.41, simulation: 82"
[1] "n sub: 50, n images per sub: 5, sigma^2: 0.5, beta: -0.41, simulation: 82"
[1] "n sub: 50, n images per sub: 5, sigma^2: 1, beta: -0.41, simulation: 83"
[1] "n sub: 50, n images per sub: 5, sigma^2: 2, beta: -0.41, simulation: 83"
[1] "n sub: 50, n images per sub: 5, sigma^2: 0.5, beta: -0.41, simulation: 83"
[1] "n sub: 50, n images per sub: 5, sigma^2: 1, beta: -0.41, simulation: 84"
[1] "n sub: 50, n images per sub: 5, sigma^2: 2, beta: -0.41, simulation: 84"
[1] "n sub: 50, n images per sub: 5, sigma^2: 0.5, beta: -0.41, simulation: 84"
[1] "n sub: 50, n images per sub: 5, sigma^2: 1, beta: -0.41, simulation: 85"
[1] "n sub: 50, n images per sub: 5, sigma^2: 2, beta: -0.41, simulation: 85"
[1] "n sub: 50, n images per sub: 5, sigma^2: 0.5, beta: -0.41, simulation: 85"
[1] "n sub: 50, n images per sub: 5, sigma^2: 1, beta: -0.41, simulation: 86"
[1] "n sub: 50, n images per sub: 5, sigma^2: 0.5, beta: -0.41, simulation: 86"
[1] "n sub: 50, n images per sub: 5, sigma^2: 2, beta: -0.41, simulation: 86"
[1] "n sub: 50, n images per sub: 5, sigma^2: 1, beta: -0.41, simulation: 87"
[1] "n sub: 50, n images per sub: 5, sigma^2: 2, beta: -0.41, simulation: 87"
[1] "n sub: 50, n images per sub: 5, sigma^2: 0.5, beta: -0.41, simulation: 87"
[1] "n sub: 50, n images per sub: 5, sigma^2: 1, beta: -0.41, simulation: 88"
[1] "n sub: 50, n images per sub: 5, sigma^2: 2, beta: -0.41, simulation: 88"
[1] "n sub: 50, n images per sub: 5, sigma^2: 0.5, beta: -0.41, simulation: 88"
