  [1] 4051 4052 4053 4054 4055 4056 4057 4058 4059 4060 4061 4062 4063 4064 4065
 [16] 4066 4067 4068 4069 4070 4071 4072 4073 4074 4075 4076 4077 4078 4079 4080
 [31] 4081 4082 4083 4084 4085 4086 4087 4088 4089 4090 4091 4092 4093 4094 4095
 [46] 4096 4097 4098 4099 4100 4101 4102 4103 4104 4105 4106 4107 4108 4109 4110
 [61] 4111 4112 4113 4114 4115 4116 4117 4118 4119 4120 4121 4122 4123 4124 4125
 [76] 4126 4127 4128 4129 4130 4131 4132 4133 4134 4135 4136 4137 4138 4139 4140
 [91] 4141 4142 4143 4144 4145 4146 4147 4148 4149 4150 4151 4152 4153 4154 4155
[106] 4156 4157 4158 4159 4160 4161 4162 4163 4164 4165 4166 4167 4168 4169 4170
[121] 4171 4172 4173 4174 4175 4176 4177 4178 4179 4180 4181 4182 4183 4184 4185
[1] "n sub: 30, n images per sub: 1, sigma^2: 1, beta: 0, simulation: 51"
[1] "n sub: 30, n images per sub: 1, sigma^2: 0.5, beta: 0, simulation: 51"
[1] "n sub: 30, n images per sub: 1, sigma^2: 2, beta: 0, simulation: 51"
[1] "n sub: 30, n images per sub: 1, sigma^2: 0.5, beta: 0, simulation: 52"
[1] "n sub: 30, n images per sub: 1, sigma^2: 1, beta: 0, simulation: 52"
[1] "n sub: 30, n images per sub: 1, sigma^2: 2, beta: 0, simulation: 52"
[1] "n sub: 30, n images per sub: 1, sigma^2: 0.5, beta: 0, simulation: 53"
[1] "n sub: 30, n images per sub: 1, sigma^2: 1, beta: 0, simulation: 53"
[1] "n sub: 30, n images per sub: 1, sigma^2: 2, beta: 0, simulation: 53"
[1] "n sub: 30, n images per sub: 1, sigma^2: 1, beta: 0, simulation: 54"
[1] "n sub: 30, n images per sub: 1, sigma^2: 0.5, beta: 0, simulation: 54"
[1] "n sub: 30, n images per sub: 1, sigma^2: 2, beta: 0, simulation: 54"
[1] "n sub: 30, n images per sub: 1, sigma^2: 1, beta: 0, simulation: 55"
[1] "n sub: 30, n images per sub: 1, sigma^2: 0.5, beta: 0, simulation: 55"
[1] "n sub: 30, n images per sub: 1, sigma^2: 2, beta: 0, simulation: 55"
[1] "n sub: 30, n images per sub: 1, sigma^2: 1, beta: 0, simulation: 56"
[1] "n sub: 30, n images per sub: 1, sigma^2: 0.5, beta: 0, simulation: 56"
[1] "n sub: 30, n images per sub: 1, sigma^2: 2, beta: 0, simulation: 56"
[1] "n sub: 30, n images per sub: 1, sigma^2: 1, beta: 0, simulation: 57"
[1] "n sub: 30, n images per sub: 1, sigma^2: 0.5, beta: 0, simulation: 57"
[1] "n sub: 30, n images per sub: 1, sigma^2: 2, beta: 0, simulation: 57"
[1] "n sub: 30, n images per sub: 1, sigma^2: 1, beta: 0, simulation: 58"
[1] "n sub: 30, n images per sub: 1, sigma^2: 0.5, beta: 0, simulation: 58"
[1] "n sub: 30, n images per sub: 1, sigma^2: 2, beta: 0, simulation: 58"
[1] "n sub: 30, n images per sub: 1, sigma^2: 1, beta: 0, simulation: 59"
[1] "n sub: 30, n images per sub: 1, sigma^2: 0.5, beta: 0, simulation: 59"
[1] "n sub: 30, n images per sub: 1, sigma^2: 2, beta: 0, simulation: 59"
[1] "n sub: 30, n images per sub: 1, sigma^2: 1, beta: 0, simulation: 60"
[1] "n sub: 30, n images per sub: 1, sigma^2: 0.5, beta: 0, simulation: 60"
[1] "n sub: 30, n images per sub: 1, sigma^2: 2, beta: 0, simulation: 60"
[1] "n sub: 30, n images per sub: 1, sigma^2: 1, beta: 0, simulation: 61"
[1] "n sub: 30, n images per sub: 1, sigma^2: 0.5, beta: 0, simulation: 61"
[1] "n sub: 30, n images per sub: 1, sigma^2: 2, beta: 0, simulation: 61"
[1] "n sub: 30, n images per sub: 1, sigma^2: 0.5, beta: 0, simulation: 62"
[1] "n sub: 30, n images per sub: 1, sigma^2: 1, beta: 0, simulation: 62"
[1] "n sub: 30, n images per sub: 1, sigma^2: 2, beta: 0, simulation: 62"
[1] "n sub: 30, n images per sub: 1, sigma^2: 0.5, beta: 0, simulation: 63"
[1] "n sub: 30, n images per sub: 1, sigma^2: 1, beta: 0, simulation: 63"
[1] "n sub: 30, n images per sub: 1, sigma^2: 2, beta: 0, simulation: 63"
[1] "n sub: 30, n images per sub: 1, sigma^2: 0.5, beta: 0, simulation: 64"
[1] "n sub: 30, n images per sub: 1, sigma^2: 1, beta: 0, simulation: 64"
[1] "n sub: 30, n images per sub: 1, sigma^2: 2, beta: 0, simulation: 64"
[1] "n sub: 30, n images per sub: 1, sigma^2: 0.5, beta: 0, simulation: 65"
[1] "n sub: 30, n images per sub: 1, sigma^2: 1, beta: 0, simulation: 65"
[1] "n sub: 30, n images per sub: 1, sigma^2: 2, beta: 0, simulation: 65"
[1] "n sub: 30, n images per sub: 1, sigma^2: 0.5, beta: 0, simulation: 66"
[1] "n sub: 30, n images per sub: 1, sigma^2: 1, beta: 0, simulation: 66"
[1] "n sub: 30, n images per sub: 1, sigma^2: 2, beta: 0, simulation: 66"
[1] "n sub: 30, n images per sub: 1, sigma^2: 1, beta: 0, simulation: 67"
[1] "n sub: 30, n images per sub: 1, sigma^2: 0.5, beta: 0, simulation: 67"
[1] "n sub: 30, n images per sub: 1, sigma^2: 2, beta: 0, simulation: 67"
[1] "n sub: 30, n images per sub: 1, sigma^2: 0.5, beta: 0, simulation: 68"
[1] "n sub: 30, n images per sub: 1, sigma^2: 1, beta: 0, simulation: 68"
[1] "n sub: 30, n images per sub: 1, sigma^2: 2, beta: 0, simulation: 68"
[1] "n sub: 30, n images per sub: 1, sigma^2: 1, beta: 0, simulation: 69"
[1] "n sub: 30, n images per sub: 1, sigma^2: 0.5, beta: 0, simulation: 69"
[1] "n sub: 30, n images per sub: 1, sigma^2: 2, beta: 0, simulation: 69"
[1] "n sub: 30, n images per sub: 1, sigma^2: 1, beta: 0, simulation: 70"
[1] "n sub: 30, n images per sub: 1, sigma^2: 0.5, beta: 0, simulation: 70"
[1] "n sub: 30, n images per sub: 1, sigma^2: 2, beta: 0, simulation: 70"
[1] "n sub: 30, n images per sub: 1, sigma^2: 0.5, beta: 0, simulation: 71"
[1] "n sub: 30, n images per sub: 1, sigma^2: 1, beta: 0, simulation: 71"
[1] "n sub: 30, n images per sub: 1, sigma^2: 2, beta: 0, simulation: 71"
[1] "n sub: 30, n images per sub: 1, sigma^2: 0.5, beta: 0, simulation: 72"
[1] "n sub: 30, n images per sub: 1, sigma^2: 1, beta: 0, simulation: 72"
[1] "n sub: 30, n images per sub: 1, sigma^2: 2, beta: 0, simulation: 72"
[1] "n sub: 30, n images per sub: 1, sigma^2: 0.5, beta: 0, simulation: 73"
[1] "n sub: 30, n images per sub: 1, sigma^2: 1, beta: 0, simulation: 73"
[1] "n sub: 30, n images per sub: 1, sigma^2: 2, beta: 0, simulation: 73"
[1] "n sub: 30, n images per sub: 1, sigma^2: 1, beta: 0, simulation: 74"
[1] "n sub: 30, n images per sub: 1, sigma^2: 0.5, beta: 0, simulation: 74"
[1] "n sub: 30, n images per sub: 1, sigma^2: 2, beta: 0, simulation: 74"
[1] "n sub: 30, n images per sub: 1, sigma^2: 1, beta: 0, simulation: 75"
[1] "n sub: 30, n images per sub: 1, sigma^2: 0.5, beta: 0, simulation: 75"
[1] "n sub: 30, n images per sub: 1, sigma^2: 2, beta: 0, simulation: 75"
[1] "n sub: 30, n images per sub: 1, sigma^2: 1, beta: 0, simulation: 76"
[1] "n sub: 30, n images per sub: 1, sigma^2: 0.5, beta: 0, simulation: 76"
[1] "n sub: 30, n images per sub: 1, sigma^2: 2, beta: 0, simulation: 76"
[1] "n sub: 30, n images per sub: 1, sigma^2: 1, beta: 0, simulation: 77"
[1] "n sub: 30, n images per sub: 1, sigma^2: 0.5, beta: 0, simulation: 77"
[1] "n sub: 30, n images per sub: 1, sigma^2: 2, beta: 0, simulation: 77"
[1] "n sub: 30, n images per sub: 1, sigma^2: 1, beta: 0, simulation: 78"
[1] "n sub: 30, n images per sub: 1, sigma^2: 0.5, beta: 0, simulation: 78"
[1] "n sub: 30, n images per sub: 1, sigma^2: 2, beta: 0, simulation: 78"
[1] "n sub: 30, n images per sub: 1, sigma^2: 1, beta: 0, simulation: 79"
[1] "n sub: 30, n images per sub: 1, sigma^2: 0.5, beta: 0, simulation: 79"
[1] "n sub: 30, n images per sub: 1, sigma^2: 2, beta: 0, simulation: 79"
[1] "n sub: 30, n images per sub: 1, sigma^2: 1, beta: 0, simulation: 80"
[1] "n sub: 30, n images per sub: 1, sigma^2: 0.5, beta: 0, simulation: 80"
[1] "n sub: 30, n images per sub: 1, sigma^2: 2, beta: 0, simulation: 80"
[1] "n sub: 30, n images per sub: 1, sigma^2: 1, beta: 0, simulation: 81"
[1] "n sub: 30, n images per sub: 1, sigma^2: 0.5, beta: 0, simulation: 81"
[1] "n sub: 30, n images per sub: 1, sigma^2: 2, beta: 0, simulation: 81"
[1] "n sub: 30, n images per sub: 1, sigma^2: 1, beta: 0, simulation: 82"
[1] "n sub: 30, n images per sub: 1, sigma^2: 0.5, beta: 0, simulation: 82"
[1] "n sub: 30, n images per sub: 1, sigma^2: 2, beta: 0, simulation: 82"
[1] "n sub: 30, n images per sub: 1, sigma^2: 1, beta: 0, simulation: 83"
[1] "n sub: 30, n images per sub: 1, sigma^2: 0.5, beta: 0, simulation: 83"
[1] "n sub: 30, n images per sub: 1, sigma^2: 2, beta: 0, simulation: 83"
[1] "n sub: 30, n images per sub: 1, sigma^2: 0.5, beta: 0, simulation: 84"
[1] "n sub: 30, n images per sub: 1, sigma^2: 1, beta: 0, simulation: 84"
[1] "n sub: 30, n images per sub: 1, sigma^2: 2, beta: 0, simulation: 84"
[1] "n sub: 30, n images per sub: 1, sigma^2: 1, beta: 0, simulation: 85"
[1] "n sub: 30, n images per sub: 1, sigma^2: 0.5, beta: 0, simulation: 85"
[1] "n sub: 30, n images per sub: 1, sigma^2: 2, beta: 0, simulation: 85"
[1] "n sub: 30, n images per sub: 1, sigma^2: 0.5, beta: 0, simulation: 86"
[1] "n sub: 30, n images per sub: 1, sigma^2: 1, beta: 0, simulation: 86"
[1] "n sub: 30, n images per sub: 1, sigma^2: 2, beta: 0, simulation: 86"
[1] "n sub: 30, n images per sub: 1, sigma^2: 0.5, beta: 0, simulation: 87"
[1] "n sub: 30, n images per sub: 1, sigma^2: 1, beta: 0, simulation: 87"
[1] "n sub: 30, n images per sub: 1, sigma^2: 2, beta: 0, simulation: 87"
[1] "n sub: 30, n images per sub: 1, sigma^2: 0.5, beta: 0, simulation: 88"
[1] "n sub: 30, n images per sub: 1, sigma^2: 1, beta: 0, simulation: 88"
[1] "n sub: 30, n images per sub: 1, sigma^2: 2, beta: 0, simulation: 88"
[1] "n sub: 30, n images per sub: 1, sigma^2: 0.5, beta: 0, simulation: 89"
[1] "n sub: 30, n images per sub: 1, sigma^2: 1, beta: 0, simulation: 89"
[1] "n sub: 30, n images per sub: 1, sigma^2: 2, beta: 0, simulation: 89"
[1] "n sub: 30, n images per sub: 1, sigma^2: 0.5, beta: 0, simulation: 90"
[1] "n sub: 30, n images per sub: 1, sigma^2: 1, beta: 0, simulation: 90"
[1] "n sub: 30, n images per sub: 1, sigma^2: 2, beta: 0, simulation: 90"
[1] "n sub: 30, n images per sub: 1, sigma^2: 0.5, beta: 0, simulation: 91"
[1] "n sub: 30, n images per sub: 1, sigma^2: 1, beta: 0, simulation: 91"
[1] "n sub: 30, n images per sub: 1, sigma^2: 2, beta: 0, simulation: 91"
[1] "n sub: 30, n images per sub: 1, sigma^2: 0.5, beta: 0, simulation: 92"
[1] "n sub: 30, n images per sub: 1, sigma^2: 1, beta: 0, simulation: 92"
[1] "n sub: 30, n images per sub: 1, sigma^2: 2, beta: 0, simulation: 92"
[1] "n sub: 30, n images per sub: 1, sigma^2: 0.5, beta: 0, simulation: 93"
[1] "n sub: 30, n images per sub: 1, sigma^2: 1, beta: 0, simulation: 93"
[1] "n sub: 30, n images per sub: 1, sigma^2: 2, beta: 0, simulation: 93"
[1] "n sub: 30, n images per sub: 1, sigma^2: 0.5, beta: 0, simulation: 94"
[1] "n sub: 30, n images per sub: 1, sigma^2: 2, beta: 0, simulation: 94"
[1] "n sub: 30, n images per sub: 1, sigma^2: 1, beta: 0, simulation: 94"
[1] "n sub: 30, n images per sub: 1, sigma^2: 0.5, beta: 0, simulation: 95"
[1] "n sub: 30, n images per sub: 1, sigma^2: 2, beta: 0, simulation: 95"
[1] "n sub: 30, n images per sub: 1, sigma^2: 1, beta: 0, simulation: 95"
