 [1] 11233 11234 11235 11236 11237 11238 11239 11240 11241 11242 11243 11244
[13] 11245 11246 11247 11248 11249 11250 11251 11252 11253 11254 11255 11256
[25] 11257 11258 11259 11260 11261 11262 11263 11264 11265 11266 11267 11268
[37] 11269 11270 11271 11272 11273 11274 11275 11276 11277 11278 11279 11280
[49] 11281 11282 11283 11284 11285 11286
[1] "n sub: 30, n images per sub: 5, sigma^2: 2, beta: -0.69, simulation: 45"
[1] "n sub: 30, n images per sub: 5, sigma^2: 1, beta: -0.69, simulation: 45"
[1] "n sub: 30, n images per sub: 5, sigma^2: 0.5, beta: -0.69, simulation: 45"
[1] "n sub: 30, n images per sub: 5, sigma^2: 2, beta: -0.69, simulation: 46"
[1] "n sub: 30, n images per sub: 5, sigma^2: 1, beta: -0.69, simulation: 46"
[1] "n sub: 30, n images per sub: 5, sigma^2: 0.5, beta: -0.69, simulation: 46"
[1] "n sub: 30, n images per sub: 5, sigma^2: 2, beta: -0.69, simulation: 47"
[1] "n sub: 30, n images per sub: 5, sigma^2: 1, beta: -0.69, simulation: 47"
[1] "n sub: 30, n images per sub: 5, sigma^2: 0.5, beta: -0.69, simulation: 47"
[1] "n sub: 30, n images per sub: 5, sigma^2: 2, beta: -0.69, simulation: 48"
[1] "n sub: 30, n images per sub: 5, sigma^2: 1, beta: -0.69, simulation: 48"
[1] "n sub: 30, n images per sub: 5, sigma^2: 0.5, beta: -0.69, simulation: 48"
[1] "n sub: 30, n images per sub: 5, sigma^2: 2, beta: -0.69, simulation: 49"
[1] "n sub: 30, n images per sub: 5, sigma^2: 1, beta: -0.69, simulation: 49"
[1] "n sub: 30, n images per sub: 5, sigma^2: 0.5, beta: -0.69, simulation: 49"
[1] "n sub: 30, n images per sub: 5, sigma^2: 2, beta: -0.69, simulation: 50"
[1] "n sub: 30, n images per sub: 5, sigma^2: 1, beta: -0.69, simulation: 50"
[1] "n sub: 30, n images per sub: 5, sigma^2: 0.5, beta: -0.69, simulation: 50"
[1] "n sub: 30, n images per sub: 5, sigma^2: 2, beta: -0.69, simulation: 51"
[1] "n sub: 30, n images per sub: 5, sigma^2: 1, beta: -0.69, simulation: 51"
[1] "n sub: 30, n images per sub: 5, sigma^2: 0.5, beta: -0.69, simulation: 51"
[1] "n sub: 30, n images per sub: 5, sigma^2: 2, beta: -0.69, simulation: 52"
[1] "n sub: 30, n images per sub: 5, sigma^2: 1, beta: -0.69, simulation: 52"
[1] "n sub: 30, n images per sub: 5, sigma^2: 0.5, beta: -0.69, simulation: 52"
[1] "n sub: 30, n images per sub: 5, sigma^2: 2, beta: -0.69, simulation: 53"
[1] "n sub: 30, n images per sub: 5, sigma^2: 1, beta: -0.69, simulation: 53"
[1] "n sub: 30, n images per sub: 5, sigma^2: 0.5, beta: -0.69, simulation: 53"
[1] "n sub: 30, n images per sub: 5, sigma^2: 2, beta: -0.69, simulation: 54"
[1] "n sub: 30, n images per sub: 5, sigma^2: 1, beta: -0.69, simulation: 54"
[1] "n sub: 30, n images per sub: 5, sigma^2: 0.5, beta: -0.69, simulation: 54"
[1] "n sub: 30, n images per sub: 5, sigma^2: 2, beta: -0.69, simulation: 55"
[1] "n sub: 30, n images per sub: 5, sigma^2: 1, beta: -0.69, simulation: 55"
[1] "n sub: 30, n images per sub: 5, sigma^2: 0.5, beta: -0.69, simulation: 55"
[1] "n sub: 30, n images per sub: 5, sigma^2: 2, beta: -0.69, simulation: 56"
[1] "n sub: 30, n images per sub: 5, sigma^2: 1, beta: -0.69, simulation: 56"
[1] "n sub: 30, n images per sub: 5, sigma^2: 0.5, beta: -0.69, simulation: 56"
[1] "n sub: 30, n images per sub: 5, sigma^2: 2, beta: -0.69, simulation: 57"
[1] "n sub: 30, n images per sub: 5, sigma^2: 1, beta: -0.69, simulation: 57"
[1] "n sub: 30, n images per sub: 5, sigma^2: 0.5, beta: -0.69, simulation: 57"
[1] "n sub: 30, n images per sub: 5, sigma^2: 2, beta: -0.69, simulation: 58"
[1] "n sub: 30, n images per sub: 5, sigma^2: 0.5, beta: -0.69, simulation: 58"
[1] "n sub: 30, n images per sub: 5, sigma^2: 1, beta: -0.69, simulation: 58"
[1] "n sub: 30, n images per sub: 5, sigma^2: 2, beta: -0.69, simulation: 59"
[1] "n sub: 30, n images per sub: 5, sigma^2: 1, beta: -0.69, simulation: 59"
[1] "n sub: 30, n images per sub: 5, sigma^2: 0.5, beta: -0.69, simulation: 59"
[1] "n sub: 30, n images per sub: 5, sigma^2: 2, beta: -0.69, simulation: 60"
[1] "n sub: 30, n images per sub: 5, sigma^2: 1, beta: -0.69, simulation: 60"
[1] "n sub: 30, n images per sub: 5, sigma^2: 0.5, beta: -0.69, simulation: 60"
[1] "n sub: 30, n images per sub: 5, sigma^2: 2, beta: -0.69, simulation: 61"
[1] "n sub: 30, n images per sub: 5, sigma^2: 1, beta: -0.69, simulation: 61"
[1] "n sub: 30, n images per sub: 5, sigma^2: 0.5, beta: -0.69, simulation: 61"
[1] "n sub: 30, n images per sub: 5, sigma^2: 2, beta: -0.69, simulation: 62"
[1] "n sub: 30, n images per sub: 5, sigma^2: 1, beta: -0.69, simulation: 62"
[1] "n sub: 30, n images per sub: 5, sigma^2: 0.5, beta: -0.69, simulation: 62"
