 [1] 13447 13448 13449 13450 13451 13452 13453 13454 13455 13456 13457 13458
[13] 13459 13460 13461 13462 13463 13464 13465 13466 13467 13468 13469 13470
[25] 13471 13472 13473 13474 13475 13476 13477 13478 13479 13480 13481 13482
[37] 13483 13484 13485 13486 13487 13488 13489 13490 13491 13492 13493 13494
[49] 13495 13496 13497 13498 13499 13500
[1] "n sub: 30, n images per sub: 5, sigma^2: 2, beta: 1.1, simulation: 83"
[1] "n sub: 30, n images per sub: 5, sigma^2: 1, beta: 1.1, simulation: 83"
[1] "n sub: 30, n images per sub: 5, sigma^2: 0.5, beta: 1.1, simulation: 83"
[1] "n sub: 30, n images per sub: 5, sigma^2: 2, beta: 1.1, simulation: 84"
[1] "n sub: 30, n images per sub: 5, sigma^2: 1, beta: 1.1, simulation: 84"
[1] "n sub: 30, n images per sub: 5, sigma^2: 0.5, beta: 1.1, simulation: 84"
[1] "n sub: 30, n images per sub: 5, sigma^2: 2, beta: 1.1, simulation: 85"
[1] "n sub: 30, n images per sub: 5, sigma^2: 1, beta: 1.1, simulation: 85"
[1] "n sub: 30, n images per sub: 5, sigma^2: 0.5, beta: 1.1, simulation: 85"
[1] "n sub: 30, n images per sub: 5, sigma^2: 2, beta: 1.1, simulation: 86"
[1] "n sub: 30, n images per sub: 5, sigma^2: 1, beta: 1.1, simulation: 86"
[1] "n sub: 30, n images per sub: 5, sigma^2: 0.5, beta: 1.1, simulation: 86"
[1] "n sub: 30, n images per sub: 5, sigma^2: 2, beta: 1.1, simulation: 87"
[1] "n sub: 30, n images per sub: 5, sigma^2: 1, beta: 1.1, simulation: 87"
[1] "n sub: 30, n images per sub: 5, sigma^2: 0.5, beta: 1.1, simulation: 87"
[1] "n sub: 30, n images per sub: 5, sigma^2: 1, beta: 1.1, simulation: 88"
[1] "n sub: 30, n images per sub: 5, sigma^2: 2, beta: 1.1, simulation: 88"
[1] "n sub: 30, n images per sub: 5, sigma^2: 0.5, beta: 1.1, simulation: 88"
[1] "n sub: 30, n images per sub: 5, sigma^2: 2, beta: 1.1, simulation: 89"
[1] "n sub: 30, n images per sub: 5, sigma^2: 1, beta: 1.1, simulation: 89"
[1] "n sub: 30, n images per sub: 5, sigma^2: 0.5, beta: 1.1, simulation: 89"
[1] "n sub: 30, n images per sub: 5, sigma^2: 2, beta: 1.1, simulation: 90"
[1] "n sub: 30, n images per sub: 5, sigma^2: 1, beta: 1.1, simulation: 90"
[1] "n sub: 30, n images per sub: 5, sigma^2: 0.5, beta: 1.1, simulation: 90"
[1] "n sub: 30, n images per sub: 5, sigma^2: 2, beta: 1.1, simulation: 91"
[1] "n sub: 30, n images per sub: 5, sigma^2: 0.5, beta: 1.1, simulation: 91"
[1] "n sub: 30, n images per sub: 5, sigma^2: 1, beta: 1.1, simulation: 91"
[1] "n sub: 30, n images per sub: 5, sigma^2: 1, beta: 1.1, simulation: 92"
[1] "n sub: 30, n images per sub: 5, sigma^2: 2, beta: 1.1, simulation: 92"
[1] "n sub: 30, n images per sub: 5, sigma^2: 0.5, beta: 1.1, simulation: 92"
[1] "n sub: 30, n images per sub: 5, sigma^2: 0.5, beta: 1.1, simulation: 93"
[1] "n sub: 30, n images per sub: 5, sigma^2: 1, beta: 1.1, simulation: 93"
[1] "n sub: 30, n images per sub: 5, sigma^2: 2, beta: 1.1, simulation: 93"
[1] "n sub: 30, n images per sub: 5, sigma^2: 0.5, beta: 1.1, simulation: 94"
[1] "n sub: 30, n images per sub: 5, sigma^2: 1, beta: 1.1, simulation: 94"
[1] "n sub: 30, n images per sub: 5, sigma^2: 2, beta: 1.1, simulation: 94"
[1] "n sub: 30, n images per sub: 5, sigma^2: 0.5, beta: 1.1, simulation: 95"
[1] "n sub: 30, n images per sub: 5, sigma^2: 1, beta: 1.1, simulation: 95"
[1] "n sub: 30, n images per sub: 5, sigma^2: 2, beta: 1.1, simulation: 95"
[1] "n sub: 30, n images per sub: 5, sigma^2: 0.5, beta: 1.1, simulation: 96"
[1] "n sub: 30, n images per sub: 5, sigma^2: 1, beta: 1.1, simulation: 96"
[1] "n sub: 30, n images per sub: 5, sigma^2: 2, beta: 1.1, simulation: 96"
[1] "n sub: 30, n images per sub: 5, sigma^2: 0.5, beta: 1.1, simulation: 97"
[1] "n sub: 30, n images per sub: 5, sigma^2: 1, beta: 1.1, simulation: 97"
[1] "n sub: 30, n images per sub: 5, sigma^2: 2, beta: 1.1, simulation: 97"
[1] "n sub: 30, n images per sub: 5, sigma^2: 0.5, beta: 1.1, simulation: 98"
[1] "n sub: 30, n images per sub: 5, sigma^2: 1, beta: 1.1, simulation: 98"
[1] "n sub: 30, n images per sub: 5, sigma^2: 2, beta: 1.1, simulation: 98"
[1] "n sub: 30, n images per sub: 5, sigma^2: 0.5, beta: 1.1, simulation: 99"
[1] "n sub: 30, n images per sub: 5, sigma^2: 1, beta: 1.1, simulation: 99"
[1] "n sub: 30, n images per sub: 5, sigma^2: 2, beta: 1.1, simulation: 99"
[1] "n sub: 30, n images per sub: 5, sigma^2: 0.5, beta: 1.1, simulation: 100"
[1] "n sub: 30, n images per sub: 5, sigma^2: 1, beta: 1.1, simulation: 100"
[1] "n sub: 30, n images per sub: 5, sigma^2: 2, beta: 1.1, simulation: 100"
