 [1] 15796 15797 15798 15799 15800 15801 15802 15803 15804 15805 15806 15807
[13] 15808 15809 15810 15811 15812 15813 15814 15815 15816 15817 15818 15819
[25] 15820 15821 15822
[1] "n sub: 50, n images per sub: 5, sigma^2: 2, beta: 0.69, simulation: 66"
[1] "n sub: 50, n images per sub: 5, sigma^2: 1, beta: 0.69, simulation: 66"
[1] "n sub: 50, n images per sub: 5, sigma^2: 0.5, beta: 0.69, simulation: 66"
[1] "n sub: 50, n images per sub: 5, sigma^2: 2, beta: 0.69, simulation: 67"
[1] "n sub: 50, n images per sub: 5, sigma^2: 1, beta: 0.69, simulation: 67"
[1] "n sub: 50, n images per sub: 5, sigma^2: 0.5, beta: 0.69, simulation: 67"
[1] "n sub: 50, n images per sub: 5, sigma^2: 2, beta: 0.69, simulation: 68"
[1] "n sub: 50, n images per sub: 5, sigma^2: 1, beta: 0.69, simulation: 68"
[1] "n sub: 50, n images per sub: 5, sigma^2: 0.5, beta: 0.69, simulation: 68"
[1] "n sub: 50, n images per sub: 5, sigma^2: 2, beta: 0.69, simulation: 69"
[1] "n sub: 50, n images per sub: 5, sigma^2: 1, beta: 0.69, simulation: 69"
[1] "n sub: 50, n images per sub: 5, sigma^2: 0.5, beta: 0.69, simulation: 69"
[1] "n sub: 50, n images per sub: 5, sigma^2: 2, beta: 0.69, simulation: 70"
[1] "n sub: 50, n images per sub: 5, sigma^2: 1, beta: 0.69, simulation: 70"
[1] "n sub: 50, n images per sub: 5, sigma^2: 0.5, beta: 0.69, simulation: 70"
[1] "n sub: 50, n images per sub: 5, sigma^2: 2, beta: 0.69, simulation: 71"
[1] "n sub: 50, n images per sub: 5, sigma^2: 1, beta: 0.69, simulation: 71"
[1] "n sub: 50, n images per sub: 5, sigma^2: 0.5, beta: 0.69, simulation: 71"
[1] "n sub: 50, n images per sub: 5, sigma^2: 2, beta: 0.69, simulation: 72"
[1] "n sub: 50, n images per sub: 5, sigma^2: 1, beta: 0.69, simulation: 72"
[1] "n sub: 50, n images per sub: 5, sigma^2: 0.5, beta: 0.69, simulation: 72"
[1] "n sub: 50, n images per sub: 5, sigma^2: 2, beta: 0.69, simulation: 73"
[1] "n sub: 50, n images per sub: 5, sigma^2: 1, beta: 0.69, simulation: 73"
[1] "n sub: 50, n images per sub: 5, sigma^2: 0.5, beta: 0.69, simulation: 73"
[1] "n sub: 50, n images per sub: 5, sigma^2: 2, beta: 0.69, simulation: 74"
[1] "n sub: 50, n images per sub: 5, sigma^2: 1, beta: 0.69, simulation: 74"
[1] "n sub: 50, n images per sub: 5, sigma^2: 0.5, beta: 0.69, simulation: 74"
