 [1] 12421 12422 12423 12424 12425 12426 12427 12428 12429 12430 12431 12432
[13] 12433 12434 12435 12436 12437 12438 12439 12440 12441 12442 12443 12444
[25] 12445 12446 12447 12448 12449 12450 12451 12452 12453 12454 12455 12456
[37] 12457 12458 12459 12460 12461 12462 12463 12464 12465 12466 12467 12468
[49] 12469 12470 12471 12472 12473 12474
[1] "n sub: 30, n images per sub: 5, sigma^2: 2, beta: 0.22, simulation: 41"
[1] "n sub: 30, n images per sub: 5, sigma^2: 1, beta: 0.22, simulation: 41"
[1] "n sub: 30, n images per sub: 5, sigma^2: 0.5, beta: 0.22, simulation: 41"
[1] "n sub: 30, n images per sub: 5, sigma^2: 2, beta: 0.22, simulation: 42"
[1] "n sub: 30, n images per sub: 5, sigma^2: 1, beta: 0.22, simulation: 42"
[1] "n sub: 30, n images per sub: 5, sigma^2: 0.5, beta: 0.22, simulation: 42"
[1] "n sub: 30, n images per sub: 5, sigma^2: 2, beta: 0.22, simulation: 43"
[1] "n sub: 30, n images per sub: 5, sigma^2: 1, beta: 0.22, simulation: 43"
[1] "n sub: 30, n images per sub: 5, sigma^2: 0.5, beta: 0.22, simulation: 43"
[1] "n sub: 30, n images per sub: 5, sigma^2: 2, beta: 0.22, simulation: 44"
[1] "n sub: 30, n images per sub: 5, sigma^2: 1, beta: 0.22, simulation: 44"
[1] "n sub: 30, n images per sub: 5, sigma^2: 0.5, beta: 0.22, simulation: 44"
[1] "n sub: 30, n images per sub: 5, sigma^2: 2, beta: 0.22, simulation: 45"
[1] "n sub: 30, n images per sub: 5, sigma^2: 1, beta: 0.22, simulation: 45"
[1] "n sub: 30, n images per sub: 5, sigma^2: 0.5, beta: 0.22, simulation: 45"
[1] "n sub: 30, n images per sub: 5, sigma^2: 2, beta: 0.22, simulation: 46"
[1] "n sub: 30, n images per sub: 5, sigma^2: 1, beta: 0.22, simulation: 46"
[1] "n sub: 30, n images per sub: 5, sigma^2: 0.5, beta: 0.22, simulation: 46"
[1] "n sub: 30, n images per sub: 5, sigma^2: 2, beta: 0.22, simulation: 47"
[1] "n sub: 30, n images per sub: 5, sigma^2: 1, beta: 0.22, simulation: 47"
[1] "n sub: 30, n images per sub: 5, sigma^2: 0.5, beta: 0.22, simulation: 47"
[1] "n sub: 30, n images per sub: 5, sigma^2: 2, beta: 0.22, simulation: 48"
[1] "n sub: 30, n images per sub: 5, sigma^2: 1, beta: 0.22, simulation: 48"
[1] "n sub: 30, n images per sub: 5, sigma^2: 0.5, beta: 0.22, simulation: 48"
[1] "n sub: 30, n images per sub: 5, sigma^2: 2, beta: 0.22, simulation: 49"
[1] "n sub: 30, n images per sub: 5, sigma^2: 1, beta: 0.22, simulation: 49"
[1] "n sub: 30, n images per sub: 5, sigma^2: 0.5, beta: 0.22, simulation: 49"
[1] "n sub: 30, n images per sub: 5, sigma^2: 2, beta: 0.22, simulation: 50"
[1] "n sub: 30, n images per sub: 5, sigma^2: 1, beta: 0.22, simulation: 50"
[1] "n sub: 30, n images per sub: 5, sigma^2: 0.5, beta: 0.22, simulation: 50"
[1] "n sub: 30, n images per sub: 5, sigma^2: 2, beta: 0.22, simulation: 51"
[1] "n sub: 30, n images per sub: 5, sigma^2: 1, beta: 0.22, simulation: 51"
[1] "n sub: 30, n images per sub: 5, sigma^2: 0.5, beta: 0.22, simulation: 51"
[1] "n sub: 30, n images per sub: 5, sigma^2: 2, beta: 0.22, simulation: 52"
[1] "n sub: 30, n images per sub: 5, sigma^2: 1, beta: 0.22, simulation: 52"
[1] "n sub: 30, n images per sub: 5, sigma^2: 0.5, beta: 0.22, simulation: 52"
[1] "n sub: 30, n images per sub: 5, sigma^2: 2, beta: 0.22, simulation: 53"
[1] "n sub: 30, n images per sub: 5, sigma^2: 1, beta: 0.22, simulation: 53"
[1] "n sub: 30, n images per sub: 5, sigma^2: 0.5, beta: 0.22, simulation: 53"
[1] "n sub: 30, n images per sub: 5, sigma^2: 2, beta: 0.22, simulation: 54"
[1] "n sub: 30, n images per sub: 5, sigma^2: 1, beta: 0.22, simulation: 54"
[1] "n sub: 30, n images per sub: 5, sigma^2: 0.5, beta: 0.22, simulation: 54"
[1] "n sub: 30, n images per sub: 5, sigma^2: 1, beta: 0.22, simulation: 55"
[1] "n sub: 30, n images per sub: 5, sigma^2: 2, beta: 0.22, simulation: 55"
[1] "n sub: 30, n images per sub: 5, sigma^2: 0.5, beta: 0.22, simulation: 55"
[1] "n sub: 30, n images per sub: 5, sigma^2: 1, beta: 0.22, simulation: 56"
[1] "n sub: 30, n images per sub: 5, sigma^2: 2, beta: 0.22, simulation: 56"
[1] "n sub: 30, n images per sub: 5, sigma^2: 0.5, beta: 0.22, simulation: 56"
[1] "n sub: 30, n images per sub: 5, sigma^2: 1, beta: 0.22, simulation: 57"
[1] "n sub: 30, n images per sub: 5, sigma^2: 2, beta: 0.22, simulation: 57"
[1] "n sub: 30, n images per sub: 5, sigma^2: 0.5, beta: 0.22, simulation: 57"
[1] "n sub: 30, n images per sub: 5, sigma^2: 1, beta: 0.22, simulation: 58"
[1] "n sub: 30, n images per sub: 5, sigma^2: 2, beta: 0.22, simulation: 58"
[1] "n sub: 30, n images per sub: 5, sigma^2: 0.5, beta: 0.22, simulation: 58"
