 [1] 14068 14069 14070 14071 14072 14073 14074 14075 14076 14077 14078 14079
[13] 14080 14081 14082 14083 14084 14085 14086 14087 14088 14089 14090 14091
[25] 14092 14093 14094
[1] "n sub: 50, n images per sub: 5, sigma^2: 2, beta: -0.69, simulation: 90"
[1] "n sub: 50, n images per sub: 5, sigma^2: 1, beta: -0.69, simulation: 90"
[1] "n sub: 50, n images per sub: 5, sigma^2: 0.5, beta: -0.69, simulation: 90"
[1] "n sub: 50, n images per sub: 5, sigma^2: 2, beta: -0.69, simulation: 91"
[1] "n sub: 50, n images per sub: 5, sigma^2: 1, beta: -0.69, simulation: 91"
[1] "n sub: 50, n images per sub: 5, sigma^2: 0.5, beta: -0.69, simulation: 91"
[1] "n sub: 50, n images per sub: 5, sigma^2: 2, beta: -0.69, simulation: 92"
[1] "n sub: 50, n images per sub: 5, sigma^2: 1, beta: -0.69, simulation: 92"
[1] "n sub: 50, n images per sub: 5, sigma^2: 0.5, beta: -0.69, simulation: 92"
[1] "n sub: 50, n images per sub: 5, sigma^2: 2, beta: -0.69, simulation: 93"
[1] "n sub: 50, n images per sub: 5, sigma^2: 1, beta: -0.69, simulation: 93"
[1] "n sub: 50, n images per sub: 5, sigma^2: 0.5, beta: -0.69, simulation: 93"
[1] "n sub: 50, n images per sub: 5, sigma^2: 2, beta: -0.69, simulation: 94"
[1] "n sub: 50, n images per sub: 5, sigma^2: 1, beta: -0.69, simulation: 94"
[1] "n sub: 50, n images per sub: 5, sigma^2: 0.5, beta: -0.69, simulation: 94"
[1] "n sub: 50, n images per sub: 5, sigma^2: 2, beta: -0.69, simulation: 95"
[1] "n sub: 50, n images per sub: 5, sigma^2: 1, beta: -0.69, simulation: 95"
[1] "n sub: 50, n images per sub: 5, sigma^2: 0.5, beta: -0.69, simulation: 95"
[1] "n sub: 50, n images per sub: 5, sigma^2: 2, beta: -0.69, simulation: 96"
[1] "n sub: 50, n images per sub: 5, sigma^2: 1, beta: -0.69, simulation: 96"
[1] "n sub: 50, n images per sub: 5, sigma^2: 0.5, beta: -0.69, simulation: 96"
[1] "n sub: 50, n images per sub: 5, sigma^2: 2, beta: -0.69, simulation: 97"
[1] "n sub: 50, n images per sub: 5, sigma^2: 1, beta: -0.69, simulation: 97"
[1] "n sub: 50, n images per sub: 5, sigma^2: 0.5, beta: -0.69, simulation: 97"
[1] "n sub: 50, n images per sub: 5, sigma^2: 2, beta: -0.69, simulation: 98"
[1] "n sub: 50, n images per sub: 5, sigma^2: 1, beta: -0.69, simulation: 98"
[1] "n sub: 50, n images per sub: 5, sigma^2: 0.5, beta: -0.69, simulation: 98"
