 [1] 11719 11720 11721 11722 11723 11724 11725 11726 11727 11728 11729 11730
[13] 11731 11732 11733 11734 11735 11736 11737 11738 11739 11740 11741 11742
[25] 11743 11744 11745 11746 11747 11748 11749 11750 11751 11752 11753 11754
[37] 11755 11756 11757 11758 11759 11760 11761 11762 11763 11764 11765 11766
[49] 11767 11768 11769 11770 11771 11772
[1] "n sub: 30, n images per sub: 5, sigma^2: 2, beta: -0.22, simulation: 7"
[1] "n sub: 30, n images per sub: 5, sigma^2: 1, beta: -0.22, simulation: 7"
[1] "n sub: 30, n images per sub: 5, sigma^2: 0.5, beta: -0.22, simulation: 7"
[1] "n sub: 30, n images per sub: 5, sigma^2: 2, beta: -0.22, simulation: 8"
[1] "n sub: 30, n images per sub: 5, sigma^2: 1, beta: -0.22, simulation: 8"
[1] "n sub: 30, n images per sub: 5, sigma^2: 0.5, beta: -0.22, simulation: 8"
[1] "n sub: 30, n images per sub: 5, sigma^2: 2, beta: -0.22, simulation: 9"
[1] "n sub: 30, n images per sub: 5, sigma^2: 1, beta: -0.22, simulation: 9"
[1] "n sub: 30, n images per sub: 5, sigma^2: 0.5, beta: -0.22, simulation: 9"
[1] "n sub: 30, n images per sub: 5, sigma^2: 2, beta: -0.22, simulation: 10"
[1] "n sub: 30, n images per sub: 5, sigma^2: 1, beta: -0.22, simulation: 10"
[1] "n sub: 30, n images per sub: 5, sigma^2: 0.5, beta: -0.22, simulation: 10"
[1] "n sub: 30, n images per sub: 5, sigma^2: 2, beta: -0.22, simulation: 11"
[1] "n sub: 30, n images per sub: 5, sigma^2: 1, beta: -0.22, simulation: 11"
[1] "n sub: 30, n images per sub: 5, sigma^2: 0.5, beta: -0.22, simulation: 11"
[1] "n sub: 30, n images per sub: 5, sigma^2: 2, beta: -0.22, simulation: 12"
[1] "n sub: 30, n images per sub: 5, sigma^2: 1, beta: -0.22, simulation: 12"
[1] "n sub: 30, n images per sub: 5, sigma^2: 0.5, beta: -0.22, simulation: 12"
[1] "n sub: 30, n images per sub: 5, sigma^2: 2, beta: -0.22, simulation: 13"
[1] "n sub: 30, n images per sub: 5, sigma^2: 1, beta: -0.22, simulation: 13"
[1] "n sub: 30, n images per sub: 5, sigma^2: 0.5, beta: -0.22, simulation: 13"
[1] "n sub: 30, n images per sub: 5, sigma^2: 2, beta: -0.22, simulation: 14"
[1] "n sub: 30, n images per sub: 5, sigma^2: 1, beta: -0.22, simulation: 14"
[1] "n sub: 30, n images per sub: 5, sigma^2: 0.5, beta: -0.22, simulation: 14"
[1] "n sub: 30, n images per sub: 5, sigma^2: 2, beta: -0.22, simulation: 15"
[1] "n sub: 30, n images per sub: 5, sigma^2: 1, beta: -0.22, simulation: 15"
[1] "n sub: 30, n images per sub: 5, sigma^2: 0.5, beta: -0.22, simulation: 15"
[1] "n sub: 30, n images per sub: 5, sigma^2: 2, beta: -0.22, simulation: 16"
[1] "n sub: 30, n images per sub: 5, sigma^2: 1, beta: -0.22, simulation: 16"
[1] "n sub: 30, n images per sub: 5, sigma^2: 0.5, beta: -0.22, simulation: 16"
[1] "n sub: 30, n images per sub: 5, sigma^2: 2, beta: -0.22, simulation: 17"
[1] "n sub: 30, n images per sub: 5, sigma^2: 1, beta: -0.22, simulation: 17"
[1] "n sub: 30, n images per sub: 5, sigma^2: 0.5, beta: -0.22, simulation: 17"
[1] "n sub: 30, n images per sub: 5, sigma^2: 2, beta: -0.22, simulation: 18"
[1] "n sub: 30, n images per sub: 5, sigma^2: 1, beta: -0.22, simulation: 18"
[1] "n sub: 30, n images per sub: 5, sigma^2: 0.5, beta: -0.22, simulation: 18"
[1] "n sub: 30, n images per sub: 5, sigma^2: 2, beta: -0.22, simulation: 19"
[1] "n sub: 30, n images per sub: 5, sigma^2: 1, beta: -0.22, simulation: 19"
[1] "n sub: 30, n images per sub: 5, sigma^2: 0.5, beta: -0.22, simulation: 19"
[1] "n sub: 30, n images per sub: 5, sigma^2: 2, beta: -0.22, simulation: 20"
[1] "n sub: 30, n images per sub: 5, sigma^2: 1, beta: -0.22, simulation: 20"
[1] "n sub: 30, n images per sub: 5, sigma^2: 0.5, beta: -0.22, simulation: 20"
[1] "n sub: 30, n images per sub: 5, sigma^2: 2, beta: -0.22, simulation: 21"
[1] "n sub: 30, n images per sub: 5, sigma^2: 1, beta: -0.22, simulation: 21"
[1] "n sub: 30, n images per sub: 5, sigma^2: 0.5, beta: -0.22, simulation: 21"
[1] "n sub: 30, n images per sub: 5, sigma^2: 2, beta: -0.22, simulation: 22"
[1] "n sub: 30, n images per sub: 5, sigma^2: 1, beta: -0.22, simulation: 22"
[1] "n sub: 30, n images per sub: 5, sigma^2: 0.5, beta: -0.22, simulation: 22"
[1] "n sub: 30, n images per sub: 5, sigma^2: 2, beta: -0.22, simulation: 23"
[1] "n sub: 30, n images per sub: 5, sigma^2: 1, beta: -0.22, simulation: 23"
[1] "n sub: 30, n images per sub: 5, sigma^2: 0.5, beta: -0.22, simulation: 23"
[1] "n sub: 30, n images per sub: 5, sigma^2: 2, beta: -0.22, simulation: 24"
[1] "n sub: 30, n images per sub: 5, sigma^2: 1, beta: -0.22, simulation: 24"
[1] "n sub: 30, n images per sub: 5, sigma^2: 0.5, beta: -0.22, simulation: 24"
