 [1] 14203 14204 14205 14206 14207 14208 14209 14210 14211 14212 14213 14214
[13] 14215 14216 14217 14218 14219 14220 14221 14222 14223 14224 14225 14226
[25] 14227 14228 14229
[1] "n sub: 50, n images per sub: 5, sigma^2: 1, beta: -0.41, simulation: 35"
[1] "n sub: 50, n images per sub: 5, sigma^2: 2, beta: -0.41, simulation: 35"
[1] "n sub: 50, n images per sub: 5, sigma^2: 0.5, beta: -0.41, simulation: 35"
[1] "n sub: 50, n images per sub: 5, sigma^2: 1, beta: -0.41, simulation: 36"
[1] "n sub: 50, n images per sub: 5, sigma^2: 2, beta: -0.41, simulation: 36"
[1] "n sub: 50, n images per sub: 5, sigma^2: 0.5, beta: -0.41, simulation: 36"
[1] "n sub: 50, n images per sub: 5, sigma^2: 2, beta: -0.41, simulation: 37"
[1] "n sub: 50, n images per sub: 5, sigma^2: 1, beta: -0.41, simulation: 37"
[1] "n sub: 50, n images per sub: 5, sigma^2: 0.5, beta: -0.41, simulation: 37"
[1] "n sub: 50, n images per sub: 5, sigma^2: 1, beta: -0.41, simulation: 38"
[1] "n sub: 50, n images per sub: 5, sigma^2: 2, beta: -0.41, simulation: 38"
[1] "n sub: 50, n images per sub: 5, sigma^2: 0.5, beta: -0.41, simulation: 38"
[1] "n sub: 50, n images per sub: 5, sigma^2: 1, beta: -0.41, simulation: 39"
[1] "n sub: 50, n images per sub: 5, sigma^2: 2, beta: -0.41, simulation: 39"
[1] "n sub: 50, n images per sub: 5, sigma^2: 0.5, beta: -0.41, simulation: 39"
[1] "n sub: 50, n images per sub: 5, sigma^2: 2, beta: -0.41, simulation: 40"
[1] "n sub: 50, n images per sub: 5, sigma^2: 1, beta: -0.41, simulation: 40"
[1] "n sub: 50, n images per sub: 5, sigma^2: 0.5, beta: -0.41, simulation: 40"
[1] "n sub: 50, n images per sub: 5, sigma^2: 2, beta: -0.41, simulation: 41"
[1] "n sub: 50, n images per sub: 5, sigma^2: 1, beta: -0.41, simulation: 41"
[1] "n sub: 50, n images per sub: 5, sigma^2: 0.5, beta: -0.41, simulation: 41"
[1] "n sub: 50, n images per sub: 5, sigma^2: 0.5, beta: -0.41, simulation: 42"
[1] "n sub: 50, n images per sub: 5, sigma^2: 1, beta: -0.41, simulation: 42"
[1] "n sub: 50, n images per sub: 5, sigma^2: 2, beta: -0.41, simulation: 42"
[1] "n sub: 50, n images per sub: 5, sigma^2: 0.5, beta: -0.41, simulation: 43"
[1] "n sub: 50, n images per sub: 5, sigma^2: 1, beta: -0.41, simulation: 43"
[1] "n sub: 50, n images per sub: 5, sigma^2: 2, beta: -0.41, simulation: 43"
