 [1] 14365 14366 14367 14368 14369 14370 14371 14372 14373 14374 14375 14376
[13] 14377 14378 14379 14380 14381 14382 14383 14384 14385 14386 14387 14388
[25] 14389 14390 14391
[1] "n sub: 50, n images per sub: 5, sigma^2: 2, beta: -0.41, simulation: 89"
[1] "n sub: 50, n images per sub: 5, sigma^2: 1, beta: -0.41, simulation: 89"
[1] "n sub: 50, n images per sub: 5, sigma^2: 0.5, beta: -0.41, simulation: 89"
[1] "n sub: 50, n images per sub: 5, sigma^2: 1, beta: -0.41, simulation: 90"
[1] "n sub: 50, n images per sub: 5, sigma^2: 2, beta: -0.41, simulation: 90"
[1] "n sub: 50, n images per sub: 5, sigma^2: 0.5, beta: -0.41, simulation: 90"
[1] "n sub: 50, n images per sub: 5, sigma^2: 2, beta: -0.41, simulation: 91"
[1] "n sub: 50, n images per sub: 5, sigma^2: 1, beta: -0.41, simulation: 91"
[1] "n sub: 50, n images per sub: 5, sigma^2: 0.5, beta: -0.41, simulation: 91"
[1] "n sub: 50, n images per sub: 5, sigma^2: 2, beta: -0.41, simulation: 92"
[1] "n sub: 50, n images per sub: 5, sigma^2: 1, beta: -0.41, simulation: 92"
[1] "n sub: 50, n images per sub: 5, sigma^2: 0.5, beta: -0.41, simulation: 92"
[1] "n sub: 50, n images per sub: 5, sigma^2: 1, beta: -0.41, simulation: 93"
[1] "n sub: 50, n images per sub: 5, sigma^2: 2, beta: -0.41, simulation: 93"
[1] "n sub: 50, n images per sub: 5, sigma^2: 0.5, beta: -0.41, simulation: 93"
[1] "n sub: 50, n images per sub: 5, sigma^2: 2, beta: -0.41, simulation: 94"
[1] "n sub: 50, n images per sub: 5, sigma^2: 1, beta: -0.41, simulation: 94"
[1] "n sub: 50, n images per sub: 5, sigma^2: 0.5, beta: -0.41, simulation: 94"
[1] "n sub: 50, n images per sub: 5, sigma^2: 1, beta: -0.41, simulation: 95"
[1] "n sub: 50, n images per sub: 5, sigma^2: 2, beta: -0.41, simulation: 95"
[1] "n sub: 50, n images per sub: 5, sigma^2: 0.5, beta: -0.41, simulation: 95"
[1] "n sub: 50, n images per sub: 5, sigma^2: 2, beta: -0.41, simulation: 96"
[1] "n sub: 50, n images per sub: 5, sigma^2: 1, beta: -0.41, simulation: 96"
[1] "n sub: 50, n images per sub: 5, sigma^2: 0.5, beta: -0.41, simulation: 96"
[1] "n sub: 50, n images per sub: 5, sigma^2: 2, beta: -0.41, simulation: 97"
[1] "n sub: 50, n images per sub: 5, sigma^2: 1, beta: -0.41, simulation: 97"
[1] "n sub: 50, n images per sub: 5, sigma^2: 0.5, beta: -0.41, simulation: 97"
