 [1] 15769 15770 15771 15772 15773 15774 15775 15776 15777 15778 15779 15780
[13] 15781 15782 15783 15784 15785 15786 15787 15788 15789 15790 15791 15792
[25] 15793 15794 15795
[1] "n sub: 50, n images per sub: 5, sigma^2: 2, beta: 0.69, simulation: 57"
[1] "n sub: 50, n images per sub: 5, sigma^2: 1, beta: 0.69, simulation: 57"
[1] "n sub: 50, n images per sub: 5, sigma^2: 0.5, beta: 0.69, simulation: 57"
[1] "n sub: 50, n images per sub: 5, sigma^2: 2, beta: 0.69, simulation: 58"
[1] "n sub: 50, n images per sub: 5, sigma^2: 1, beta: 0.69, simulation: 58"
[1] "n sub: 50, n images per sub: 5, sigma^2: 0.5, beta: 0.69, simulation: 58"
[1] "n sub: 50, n images per sub: 5, sigma^2: 2, beta: 0.69, simulation: 59"
[1] "n sub: 50, n images per sub: 5, sigma^2: 1, beta: 0.69, simulation: 59"
[1] "n sub: 50, n images per sub: 5, sigma^2: 0.5, beta: 0.69, simulation: 59"
[1] "n sub: 50, n images per sub: 5, sigma^2: 2, beta: 0.69, simulation: 60"
[1] "n sub: 50, n images per sub: 5, sigma^2: 1, beta: 0.69, simulation: 60"
[1] "n sub: 50, n images per sub: 5, sigma^2: 0.5, beta: 0.69, simulation: 60"
[1] "n sub: 50, n images per sub: 5, sigma^2: 2, beta: 0.69, simulation: 61"
[1] "n sub: 50, n images per sub: 5, sigma^2: 1, beta: 0.69, simulation: 61"
[1] "n sub: 50, n images per sub: 5, sigma^2: 0.5, beta: 0.69, simulation: 61"
[1] "n sub: 50, n images per sub: 5, sigma^2: 2, beta: 0.69, simulation: 62"
[1] "n sub: 50, n images per sub: 5, sigma^2: 1, beta: 0.69, simulation: 62"
[1] "n sub: 50, n images per sub: 5, sigma^2: 0.5, beta: 0.69, simulation: 62"
[1] "n sub: 50, n images per sub: 5, sigma^2: 2, beta: 0.69, simulation: 63"
[1] "n sub: 50, n images per sub: 5, sigma^2: 1, beta: 0.69, simulation: 63"
[1] "n sub: 50, n images per sub: 5, sigma^2: 0.5, beta: 0.69, simulation: 63"
[1] "n sub: 50, n images per sub: 5, sigma^2: 2, beta: 0.69, simulation: 64"
[1] "n sub: 50, n images per sub: 5, sigma^2: 0.5, beta: 0.69, simulation: 64"
[1] "n sub: 50, n images per sub: 5, sigma^2: 1, beta: 0.69, simulation: 64"
[1] "n sub: 50, n images per sub: 5, sigma^2: 2, beta: 0.69, simulation: 65"
[1] "n sub: 50, n images per sub: 5, sigma^2: 1, beta: 0.69, simulation: 65"
[1] "n sub: 50, n images per sub: 5, sigma^2: 0.5, beta: 0.69, simulation: 65"
