 [1] 12151 12152 12153 12154 12155 12156 12157 12158 12159 12160 12161 12162
[13] 12163 12164 12165 12166 12167 12168 12169 12170 12171 12172 12173 12174
[25] 12175 12176 12177 12178 12179 12180 12181 12182 12183 12184 12185 12186
[37] 12187 12188 12189 12190 12191 12192 12193 12194 12195 12196 12197 12198
[49] 12199 12200 12201 12202 12203 12204
[1] "n sub: 30, n images per sub: 5, sigma^2: 0.5, beta: 0, simulation: 51"
[1] "n sub: 30, n images per sub: 5, sigma^2: 1, beta: 0, simulation: 51"
[1] "n sub: 30, n images per sub: 5, sigma^2: 2, beta: 0, simulation: 51"
[1] "n sub: 30, n images per sub: 5, sigma^2: 0.5, beta: 0, simulation: 52"
[1] "n sub: 30, n images per sub: 5, sigma^2: 2, beta: 0, simulation: 52"
[1] "n sub: 30, n images per sub: 5, sigma^2: 1, beta: 0, simulation: 52"
[1] "n sub: 30, n images per sub: 5, sigma^2: 0.5, beta: 0, simulation: 53"
[1] "n sub: 30, n images per sub: 5, sigma^2: 1, beta: 0, simulation: 53"
[1] "n sub: 30, n images per sub: 5, sigma^2: 2, beta: 0, simulation: 53"
[1] "n sub: 30, n images per sub: 5, sigma^2: 0.5, beta: 0, simulation: 54"
[1] "n sub: 30, n images per sub: 5, sigma^2: 1, beta: 0, simulation: 54"
[1] "n sub: 30, n images per sub: 5, sigma^2: 2, beta: 0, simulation: 54"
[1] "n sub: 30, n images per sub: 5, sigma^2: 0.5, beta: 0, simulation: 55"
[1] "n sub: 30, n images per sub: 5, sigma^2: 1, beta: 0, simulation: 55"
[1] "n sub: 30, n images per sub: 5, sigma^2: 2, beta: 0, simulation: 55"
[1] "n sub: 30, n images per sub: 5, sigma^2: 0.5, beta: 0, simulation: 56"
[1] "n sub: 30, n images per sub: 5, sigma^2: 1, beta: 0, simulation: 56"
[1] "n sub: 30, n images per sub: 5, sigma^2: 2, beta: 0, simulation: 56"
[1] "n sub: 30, n images per sub: 5, sigma^2: 0.5, beta: 0, simulation: 57"
[1] "n sub: 30, n images per sub: 5, sigma^2: 1, beta: 0, simulation: 57"
[1] "n sub: 30, n images per sub: 5, sigma^2: 2, beta: 0, simulation: 57"
[1] "n sub: 30, n images per sub: 5, sigma^2: 0.5, beta: 0, simulation: 58"
[1] "n sub: 30, n images per sub: 5, sigma^2: 1, beta: 0, simulation: 58"
[1] "n sub: 30, n images per sub: 5, sigma^2: 2, beta: 0, simulation: 58"
[1] "n sub: 30, n images per sub: 5, sigma^2: 0.5, beta: 0, simulation: 59"
[1] "n sub: 30, n images per sub: 5, sigma^2: 1, beta: 0, simulation: 59"
[1] "n sub: 30, n images per sub: 5, sigma^2: 2, beta: 0, simulation: 59"
[1] "n sub: 30, n images per sub: 5, sigma^2: 0.5, beta: 0, simulation: 60"
[1] "n sub: 30, n images per sub: 5, sigma^2: 2, beta: 0, simulation: 60"
[1] "n sub: 30, n images per sub: 5, sigma^2: 1, beta: 0, simulation: 60"
[1] "n sub: 30, n images per sub: 5, sigma^2: 0.5, beta: 0, simulation: 61"
[1] "n sub: 30, n images per sub: 5, sigma^2: 2, beta: 0, simulation: 61"
[1] "n sub: 30, n images per sub: 5, sigma^2: 1, beta: 0, simulation: 61"
[1] "n sub: 30, n images per sub: 5, sigma^2: 1, beta: 0, simulation: 62"
[1] "n sub: 30, n images per sub: 5, sigma^2: 0.5, beta: 0, simulation: 62"
[1] "n sub: 30, n images per sub: 5, sigma^2: 2, beta: 0, simulation: 62"
[1] "n sub: 30, n images per sub: 5, sigma^2: 0.5, beta: 0, simulation: 63"
[1] "n sub: 30, n images per sub: 5, sigma^2: 1, beta: 0, simulation: 63"
[1] "n sub: 30, n images per sub: 5, sigma^2: 2, beta: 0, simulation: 63"
[1] "n sub: 30, n images per sub: 5, sigma^2: 0.5, beta: 0, simulation: 64"
[1] "n sub: 30, n images per sub: 5, sigma^2: 1, beta: 0, simulation: 64"
[1] "n sub: 30, n images per sub: 5, sigma^2: 2, beta: 0, simulation: 64"
[1] "n sub: 30, n images per sub: 5, sigma^2: 0.5, beta: 0, simulation: 65"
[1] "n sub: 30, n images per sub: 5, sigma^2: 2, beta: 0, simulation: 65"
[1] "n sub: 30, n images per sub: 5, sigma^2: 1, beta: 0, simulation: 65"
[1] "n sub: 30, n images per sub: 5, sigma^2: 0.5, beta: 0, simulation: 66"
[1] "n sub: 30, n images per sub: 5, sigma^2: 2, beta: 0, simulation: 66"
[1] "n sub: 30, n images per sub: 5, sigma^2: 1, beta: 0, simulation: 66"
[1] "n sub: 30, n images per sub: 5, sigma^2: 1, beta: 0, simulation: 67"
[1] "n sub: 30, n images per sub: 5, sigma^2: 0.5, beta: 0, simulation: 67"
[1] "n sub: 30, n images per sub: 5, sigma^2: 2, beta: 0, simulation: 67"
[1] "n sub: 30, n images per sub: 5, sigma^2: 0.5, beta: 0, simulation: 68"
[1] "n sub: 30, n images per sub: 5, sigma^2: 1, beta: 0, simulation: 68"
[1] "n sub: 30, n images per sub: 5, sigma^2: 2, beta: 0, simulation: 68"
