 [1] 14122 14123 14124 14125 14126 14127 14128 14129 14130 14131 14132 14133
[13] 14134 14135 14136 14137 14138 14139 14140 14141 14142 14143 14144 14145
[25] 14146 14147 14148
[1] "n sub: 50, n images per sub: 5, sigma^2: 0.5, beta: -0.41, simulation: 8"
[1] "n sub: 50, n images per sub: 5, sigma^2: 2, beta: -0.41, simulation: 8"
[1] "n sub: 50, n images per sub: 5, sigma^2: 1, beta: -0.41, simulation: 8"
[1] "n sub: 50, n images per sub: 5, sigma^2: 0.5, beta: -0.41, simulation: 9"
[1] "n sub: 50, n images per sub: 5, sigma^2: 2, beta: -0.41, simulation: 9"
[1] "n sub: 50, n images per sub: 5, sigma^2: 1, beta: -0.41, simulation: 9"
[1] "n sub: 50, n images per sub: 5, sigma^2: 0.5, beta: -0.41, simulation: 10"
[1] "n sub: 50, n images per sub: 5, sigma^2: 2, beta: -0.41, simulation: 10"
[1] "n sub: 50, n images per sub: 5, sigma^2: 1, beta: -0.41, simulation: 10"
[1] "n sub: 50, n images per sub: 5, sigma^2: 0.5, beta: -0.41, simulation: 11"
[1] "n sub: 50, n images per sub: 5, sigma^2: 2, beta: -0.41, simulation: 11"
[1] "n sub: 50, n images per sub: 5, sigma^2: 1, beta: -0.41, simulation: 11"
[1] "n sub: 50, n images per sub: 5, sigma^2: 0.5, beta: -0.41, simulation: 12"
[1] "n sub: 50, n images per sub: 5, sigma^2: 2, beta: -0.41, simulation: 12"
[1] "n sub: 50, n images per sub: 5, sigma^2: 1, beta: -0.41, simulation: 12"
[1] "n sub: 50, n images per sub: 5, sigma^2: 0.5, beta: -0.41, simulation: 13"
[1] "n sub: 50, n images per sub: 5, sigma^2: 2, beta: -0.41, simulation: 13"
[1] "n sub: 50, n images per sub: 5, sigma^2: 1, beta: -0.41, simulation: 13"
[1] "n sub: 50, n images per sub: 5, sigma^2: 0.5, beta: -0.41, simulation: 14"
[1] "n sub: 50, n images per sub: 5, sigma^2: 2, beta: -0.41, simulation: 14"
[1] "n sub: 50, n images per sub: 5, sigma^2: 1, beta: -0.41, simulation: 14"
[1] "n sub: 50, n images per sub: 5, sigma^2: 0.5, beta: -0.41, simulation: 15"
[1] "n sub: 50, n images per sub: 5, sigma^2: 2, beta: -0.41, simulation: 15"
[1] "n sub: 50, n images per sub: 5, sigma^2: 1, beta: -0.41, simulation: 15"
[1] "n sub: 50, n images per sub: 5, sigma^2: 0.5, beta: -0.41, simulation: 16"
[1] "n sub: 50, n images per sub: 5, sigma^2: 2, beta: -0.41, simulation: 16"
[1] "n sub: 50, n images per sub: 5, sigma^2: 1, beta: -0.41, simulation: 16"
