  [1]  9937  9938  9939  9940  9941  9942  9943  9944  9945  9946  9947  9948
 [13]  9949  9950  9951  9952  9953  9954  9955  9956  9957  9958  9959  9960
 [25]  9961  9962  9963  9964  9965  9966  9967  9968  9969  9970  9971  9972
 [37]  9973  9974  9975  9976  9977  9978  9979  9980  9981  9982  9983  9984
 [49]  9985  9986  9987  9988  9989  9990  9991  9992  9993  9994  9995  9996
 [61]  9997  9998  9999 10000 10001 10002 10003 10004 10005 10006 10007 10008
 [73] 10009 10010 10011 10012 10013 10014 10015 10016 10017 10018 10019 10020
 [85] 10021 10022 10023 10024 10025 10026 10027 10028 10029 10030 10031 10032
 [97] 10033 10034 10035 10036 10037 10038 10039 10040 10041 10042 10043 10044
[1] "n sub: 10, n images per sub: 5, sigma^2: 1, beta: 0.41, simulation: 13"
[1] "n sub: 10, n images per sub: 5, sigma^2: 2, beta: 0.41, simulation: 13"
[1] "n sub: 10, n images per sub: 5, sigma^2: 0.5, beta: 0.41, simulation: 13"
[1] "n sub: 10, n images per sub: 5, sigma^2: 1, beta: 0.41, simulation: 14"
[1] "n sub: 10, n images per sub: 5, sigma^2: 0.5, beta: 0.41, simulation: 14"
[1] "n sub: 10, n images per sub: 5, sigma^2: 2, beta: 0.41, simulation: 14"
[1] "n sub: 10, n images per sub: 5, sigma^2: 1, beta: 0.41, simulation: 15"
[1] "n sub: 10, n images per sub: 5, sigma^2: 0.5, beta: 0.41, simulation: 15"
[1] "n sub: 10, n images per sub: 5, sigma^2: 2, beta: 0.41, simulation: 15"
[1] "n sub: 10, n images per sub: 5, sigma^2: 1, beta: 0.41, simulation: 16"
[1] "n sub: 10, n images per sub: 5, sigma^2: 0.5, beta: 0.41, simulation: 16"
[1] "n sub: 10, n images per sub: 5, sigma^2: 2, beta: 0.41, simulation: 16"
[1] "n sub: 10, n images per sub: 5, sigma^2: 1, beta: 0.41, simulation: 17"
[1] "n sub: 10, n images per sub: 5, sigma^2: 0.5, beta: 0.41, simulation: 17"
[1] "n sub: 10, n images per sub: 5, sigma^2: 2, beta: 0.41, simulation: 17"
[1] "n sub: 10, n images per sub: 5, sigma^2: 1, beta: 0.41, simulation: 18"
[1] "n sub: 10, n images per sub: 5, sigma^2: 0.5, beta: 0.41, simulation: 18"
[1] "n sub: 10, n images per sub: 5, sigma^2: 2, beta: 0.41, simulation: 18"
[1] "n sub: 10, n images per sub: 5, sigma^2: 1, beta: 0.41, simulation: 19"
[1] "n sub: 10, n images per sub: 5, sigma^2: 0.5, beta: 0.41, simulation: 19"
[1] "n sub: 10, n images per sub: 5, sigma^2: 2, beta: 0.41, simulation: 19"
[1] "n sub: 10, n images per sub: 5, sigma^2: 1, beta: 0.41, simulation: 20"
[1] "n sub: 10, n images per sub: 5, sigma^2: 0.5, beta: 0.41, simulation: 20"
[1] "n sub: 10, n images per sub: 5, sigma^2: 2, beta: 0.41, simulation: 20"
[1] "n sub: 10, n images per sub: 5, sigma^2: 1, beta: 0.41, simulation: 21"
[1] "n sub: 10, n images per sub: 5, sigma^2: 0.5, beta: 0.41, simulation: 21"
[1] "n sub: 10, n images per sub: 5, sigma^2: 2, beta: 0.41, simulation: 21"
[1] "n sub: 10, n images per sub: 5, sigma^2: 1, beta: 0.41, simulation: 22"
[1] "n sub: 10, n images per sub: 5, sigma^2: 0.5, beta: 0.41, simulation: 22"
[1] "n sub: 10, n images per sub: 5, sigma^2: 2, beta: 0.41, simulation: 22"
[1] "n sub: 10, n images per sub: 5, sigma^2: 1, beta: 0.41, simulation: 23"
[1] "n sub: 10, n images per sub: 5, sigma^2: 0.5, beta: 0.41, simulation: 23"
[1] "n sub: 10, n images per sub: 5, sigma^2: 2, beta: 0.41, simulation: 23"
[1] "n sub: 10, n images per sub: 5, sigma^2: 1, beta: 0.41, simulation: 24"
[1] "n sub: 10, n images per sub: 5, sigma^2: 0.5, beta: 0.41, simulation: 24"
[1] "n sub: 10, n images per sub: 5, sigma^2: 2, beta: 0.41, simulation: 24"
[1] "n sub: 10, n images per sub: 5, sigma^2: 1, beta: 0.41, simulation: 25"
[1] "n sub: 10, n images per sub: 5, sigma^2: 0.5, beta: 0.41, simulation: 25"
[1] "n sub: 10, n images per sub: 5, sigma^2: 2, beta: 0.41, simulation: 25"
[1] "n sub: 10, n images per sub: 5, sigma^2: 1, beta: 0.41, simulation: 26"
[1] "n sub: 10, n images per sub: 5, sigma^2: 0.5, beta: 0.41, simulation: 26"
[1] "n sub: 10, n images per sub: 5, sigma^2: 2, beta: 0.41, simulation: 26"
[1] "n sub: 10, n images per sub: 5, sigma^2: 1, beta: 0.41, simulation: 27"
[1] "n sub: 10, n images per sub: 5, sigma^2: 0.5, beta: 0.41, simulation: 27"
[1] "n sub: 10, n images per sub: 5, sigma^2: 2, beta: 0.41, simulation: 27"
[1] "n sub: 10, n images per sub: 5, sigma^2: 0.5, beta: 0.41, simulation: 28"
[1] "n sub: 10, n images per sub: 5, sigma^2: 1, beta: 0.41, simulation: 28"
[1] "n sub: 10, n images per sub: 5, sigma^2: 2, beta: 0.41, simulation: 28"
[1] "n sub: 10, n images per sub: 5, sigma^2: 1, beta: 0.41, simulation: 29"
[1] "n sub: 10, n images per sub: 5, sigma^2: 0.5, beta: 0.41, simulation: 29"
[1] "n sub: 10, n images per sub: 5, sigma^2: 2, beta: 0.41, simulation: 29"
[1] "n sub: 10, n images per sub: 5, sigma^2: 0.5, beta: 0.41, simulation: 30"
[1] "n sub: 10, n images per sub: 5, sigma^2: 1, beta: 0.41, simulation: 30"
[1] "n sub: 10, n images per sub: 5, sigma^2: 2, beta: 0.41, simulation: 30"
[1] "n sub: 10, n images per sub: 5, sigma^2: 0.5, beta: 0.41, simulation: 31"
[1] "n sub: 10, n images per sub: 5, sigma^2: 1, beta: 0.41, simulation: 31"
[1] "n sub: 10, n images per sub: 5, sigma^2: 2, beta: 0.41, simulation: 31"
[1] "n sub: 10, n images per sub: 5, sigma^2: 0.5, beta: 0.41, simulation: 32"
[1] "n sub: 10, n images per sub: 5, sigma^2: 1, beta: 0.41, simulation: 32"
[1] "n sub: 10, n images per sub: 5, sigma^2: 2, beta: 0.41, simulation: 32"
[1] "n sub: 10, n images per sub: 5, sigma^2: 0.5, beta: 0.41, simulation: 33"
[1] "n sub: 10, n images per sub: 5, sigma^2: 1, beta: 0.41, simulation: 33"
[1] "n sub: 10, n images per sub: 5, sigma^2: 2, beta: 0.41, simulation: 33"
[1] "n sub: 10, n images per sub: 5, sigma^2: 0.5, beta: 0.41, simulation: 34"
[1] "n sub: 10, n images per sub: 5, sigma^2: 1, beta: 0.41, simulation: 34"
[1] "n sub: 10, n images per sub: 5, sigma^2: 2, beta: 0.41, simulation: 34"
[1] "n sub: 10, n images per sub: 5, sigma^2: 0.5, beta: 0.41, simulation: 35"
[1] "n sub: 10, n images per sub: 5, sigma^2: 1, beta: 0.41, simulation: 35"
[1] "n sub: 10, n images per sub: 5, sigma^2: 2, beta: 0.41, simulation: 35"
[1] "n sub: 10, n images per sub: 5, sigma^2: 0.5, beta: 0.41, simulation: 36"
[1] "n sub: 10, n images per sub: 5, sigma^2: 1, beta: 0.41, simulation: 36"
[1] "n sub: 10, n images per sub: 5, sigma^2: 2, beta: 0.41, simulation: 36"
[1] "n sub: 10, n images per sub: 5, sigma^2: 0.5, beta: 0.41, simulation: 37"
[1] "n sub: 10, n images per sub: 5, sigma^2: 1, beta: 0.41, simulation: 37"
[1] "n sub: 10, n images per sub: 5, sigma^2: 2, beta: 0.41, simulation: 37"
[1] "n sub: 10, n images per sub: 5, sigma^2: 0.5, beta: 0.41, simulation: 38"
[1] "n sub: 10, n images per sub: 5, sigma^2: 1, beta: 0.41, simulation: 38"
[1] "n sub: 10, n images per sub: 5, sigma^2: 2, beta: 0.41, simulation: 38"
[1] "n sub: 10, n images per sub: 5, sigma^2: 0.5, beta: 0.41, simulation: 39"
[1] "n sub: 10, n images per sub: 5, sigma^2: 1, beta: 0.41, simulation: 39"
[1] "n sub: 10, n images per sub: 5, sigma^2: 2, beta: 0.41, simulation: 39"
[1] "n sub: 10, n images per sub: 5, sigma^2: 1, beta: 0.41, simulation: 40"
[1] "n sub: 10, n images per sub: 5, sigma^2: 0.5, beta: 0.41, simulation: 40"
[1] "n sub: 10, n images per sub: 5, sigma^2: 2, beta: 0.41, simulation: 40"
[1] "n sub: 10, n images per sub: 5, sigma^2: 1, beta: 0.41, simulation: 41"
[1] "n sub: 10, n images per sub: 5, sigma^2: 0.5, beta: 0.41, simulation: 41"
[1] "n sub: 10, n images per sub: 5, sigma^2: 2, beta: 0.41, simulation: 41"
[1] "n sub: 10, n images per sub: 5, sigma^2: 1, beta: 0.41, simulation: 42"
[1] "n sub: 10, n images per sub: 5, sigma^2: 0.5, beta: 0.41, simulation: 42"
[1] "n sub: 10, n images per sub: 5, sigma^2: 2, beta: 0.41, simulation: 42"
[1] "n sub: 10, n images per sub: 5, sigma^2: 1, beta: 0.41, simulation: 43"
[1] "n sub: 10, n images per sub: 5, sigma^2: 0.5, beta: 0.41, simulation: 43"
[1] "n sub: 10, n images per sub: 5, sigma^2: 2, beta: 0.41, simulation: 43"
[1] "n sub: 10, n images per sub: 5, sigma^2: 1, beta: 0.41, simulation: 44"
[1] "n sub: 10, n images per sub: 5, sigma^2: 0.5, beta: 0.41, simulation: 44"
[1] "n sub: 10, n images per sub: 5, sigma^2: 2, beta: 0.41, simulation: 44"
[1] "n sub: 10, n images per sub: 5, sigma^2: 1, beta: 0.41, simulation: 45"
[1] "n sub: 10, n images per sub: 5, sigma^2: 0.5, beta: 0.41, simulation: 45"
[1] "n sub: 10, n images per sub: 5, sigma^2: 2, beta: 0.41, simulation: 45"
[1] "n sub: 10, n images per sub: 5, sigma^2: 1, beta: 0.41, simulation: 46"
[1] "n sub: 10, n images per sub: 5, sigma^2: 0.5, beta: 0.41, simulation: 46"
[1] "n sub: 10, n images per sub: 5, sigma^2: 2, beta: 0.41, simulation: 46"
[1] "n sub: 10, n images per sub: 5, sigma^2: 1, beta: 0.41, simulation: 47"
[1] "n sub: 10, n images per sub: 5, sigma^2: 0.5, beta: 0.41, simulation: 47"
[1] "n sub: 10, n images per sub: 5, sigma^2: 2, beta: 0.41, simulation: 47"
[1] "n sub: 10, n images per sub: 5, sigma^2: 1, beta: 0.41, simulation: 48"
[1] "n sub: 10, n images per sub: 5, sigma^2: 0.5, beta: 0.41, simulation: 48"
[1] "n sub: 10, n images per sub: 5, sigma^2: 2, beta: 0.41, simulation: 48"
