  [1] 1351 1352 1353 1354 1355 1356 1357 1358 1359 1360 1361 1362 1363 1364 1365
 [16] 1366 1367 1368 1369 1370 1371 1372 1373 1374 1375 1376 1377 1378 1379 1380
 [31] 1381 1382 1383 1384 1385 1386 1387 1388 1389 1390 1391 1392 1393 1394 1395
 [46] 1396 1397 1398 1399 1400 1401 1402 1403 1404 1405 1406 1407 1408 1409 1410
 [61] 1411 1412 1413 1414 1415 1416 1417 1418 1419 1420 1421 1422 1423 1424 1425
 [76] 1426 1427 1428 1429 1430 1431 1432 1433 1434 1435 1436 1437 1438 1439 1440
 [91] 1441 1442 1443 1444 1445 1446 1447 1448 1449 1450 1451 1452 1453 1454 1455
[106] 1456 1457 1458 1459 1460 1461 1462 1463 1464 1465 1466 1467 1468 1469 1470
[121] 1471 1472 1473 1474 1475 1476 1477 1478 1479 1480 1481 1482 1483 1484 1485
[1] "n sub: 10, n images per sub: 1, sigma^2: 0.5, beta: 0, simulation: 51"
[1] "n sub: 10, n images per sub: 1, sigma^2: 1, beta: 0, simulation: 51"
[1] "n sub: 10, n images per sub: 1, sigma^2: 2, beta: 0, simulation: 51"
[1] "n sub: 10, n images per sub: 1, sigma^2: 0.5, beta: 0, simulation: 52"
[1] "n sub: 10, n images per sub: 1, sigma^2: 1, beta: 0, simulation: 52"
[1] "n sub: 10, n images per sub: 1, sigma^2: 2, beta: 0, simulation: 52"
[1] "n sub: 10, n images per sub: 1, sigma^2: 0.5, beta: 0, simulation: 53"
[1] "n sub: 10, n images per sub: 1, sigma^2: 1, beta: 0, simulation: 53"
[1] "n sub: 10, n images per sub: 1, sigma^2: 2, beta: 0, simulation: 53"
[1] "n sub: 10, n images per sub: 1, sigma^2: 0.5, beta: 0, simulation: 54"
[1] "n sub: 10, n images per sub: 1, sigma^2: 1, beta: 0, simulation: 54"
[1] "n sub: 10, n images per sub: 1, sigma^2: 2, beta: 0, simulation: 54"
[1] "n sub: 10, n images per sub: 1, sigma^2: 1, beta: 0, simulation: 55"
[1] "n sub: 10, n images per sub: 1, sigma^2: 0.5, beta: 0, simulation: 55"
[1] "n sub: 10, n images per sub: 1, sigma^2: 2, beta: 0, simulation: 55"
[1] "n sub: 10, n images per sub: 1, sigma^2: 1, beta: 0, simulation: 56"
[1] "n sub: 10, n images per sub: 1, sigma^2: 0.5, beta: 0, simulation: 56"
[1] "n sub: 10, n images per sub: 1, sigma^2: 2, beta: 0, simulation: 56"
[1] "n sub: 10, n images per sub: 1, sigma^2: 1, beta: 0, simulation: 57"
[1] "n sub: 10, n images per sub: 1, sigma^2: 0.5, beta: 0, simulation: 57"
[1] "n sub: 10, n images per sub: 1, sigma^2: 2, beta: 0, simulation: 57"
[1] "n sub: 10, n images per sub: 1, sigma^2: 1, beta: 0, simulation: 58"
[1] "n sub: 10, n images per sub: 1, sigma^2: 0.5, beta: 0, simulation: 58"
[1] "n sub: 10, n images per sub: 1, sigma^2: 2, beta: 0, simulation: 58"
[1] "n sub: 10, n images per sub: 1, sigma^2: 1, beta: 0, simulation: 59"
[1] "n sub: 10, n images per sub: 1, sigma^2: 0.5, beta: 0, simulation: 59"
[1] "n sub: 10, n images per sub: 1, sigma^2: 2, beta: 0, simulation: 59"
[1] "n sub: 10, n images per sub: 1, sigma^2: 1, beta: 0, simulation: 60"
[1] "n sub: 10, n images per sub: 1, sigma^2: 0.5, beta: 0, simulation: 60"
[1] "n sub: 10, n images per sub: 1, sigma^2: 2, beta: 0, simulation: 60"
[1] "n sub: 10, n images per sub: 1, sigma^2: 1, beta: 0, simulation: 61"
[1] "n sub: 10, n images per sub: 1, sigma^2: 0.5, beta: 0, simulation: 61"
[1] "n sub: 10, n images per sub: 1, sigma^2: 2, beta: 0, simulation: 61"
[1] "n sub: 10, n images per sub: 1, sigma^2: 0.5, beta: 0, simulation: 62"
[1] "n sub: 10, n images per sub: 1, sigma^2: 1, beta: 0, simulation: 62"
[1] "n sub: 10, n images per sub: 1, sigma^2: 2, beta: 0, simulation: 62"
[1] "n sub: 10, n images per sub: 1, sigma^2: 0.5, beta: 0, simulation: 63"
[1] "n sub: 10, n images per sub: 1, sigma^2: 1, beta: 0, simulation: 63"
[1] "n sub: 10, n images per sub: 1, sigma^2: 2, beta: 0, simulation: 63"
[1] "n sub: 10, n images per sub: 1, sigma^2: 0.5, beta: 0, simulation: 64"
[1] "n sub: 10, n images per sub: 1, sigma^2: 1, beta: 0, simulation: 64"
[1] "n sub: 10, n images per sub: 1, sigma^2: 2, beta: 0, simulation: 64"
[1] "n sub: 10, n images per sub: 1, sigma^2: 0.5, beta: 0, simulation: 65"
[1] "n sub: 10, n images per sub: 1, sigma^2: 1, beta: 0, simulation: 65"
[1] "n sub: 10, n images per sub: 1, sigma^2: 2, beta: 0, simulation: 65"
[1] "n sub: 10, n images per sub: 1, sigma^2: 0.5, beta: 0, simulation: 66"
[1] "n sub: 10, n images per sub: 1, sigma^2: 1, beta: 0, simulation: 66"
[1] "n sub: 10, n images per sub: 1, sigma^2: 2, beta: 0, simulation: 66"
[1] "n sub: 10, n images per sub: 1, sigma^2: 0.5, beta: 0, simulation: 67"
[1] "n sub: 10, n images per sub: 1, sigma^2: 1, beta: 0, simulation: 67"
[1] "n sub: 10, n images per sub: 1, sigma^2: 2, beta: 0, simulation: 67"
[1] "n sub: 10, n images per sub: 1, sigma^2: 0.5, beta: 0, simulation: 68"
[1] "n sub: 10, n images per sub: 1, sigma^2: 1, beta: 0, simulation: 68"
[1] "n sub: 10, n images per sub: 1, sigma^2: 2, beta: 0, simulation: 68"
[1] "n sub: 10, n images per sub: 1, sigma^2: 0.5, beta: 0, simulation: 69"
[1] "n sub: 10, n images per sub: 1, sigma^2: 1, beta: 0, simulation: 69"
[1] "n sub: 10, n images per sub: 1, sigma^2: 2, beta: 0, simulation: 69"
[1] "n sub: 10, n images per sub: 1, sigma^2: 0.5, beta: 0, simulation: 70"
[1] "n sub: 10, n images per sub: 1, sigma^2: 1, beta: 0, simulation: 70"
[1] "n sub: 10, n images per sub: 1, sigma^2: 2, beta: 0, simulation: 70"
[1] "n sub: 10, n images per sub: 1, sigma^2: 0.5, beta: 0, simulation: 71"
[1] "n sub: 10, n images per sub: 1, sigma^2: 1, beta: 0, simulation: 71"
[1] "n sub: 10, n images per sub: 1, sigma^2: 2, beta: 0, simulation: 71"
[1] "n sub: 10, n images per sub: 1, sigma^2: 0.5, beta: 0, simulation: 72"
[1] "n sub: 10, n images per sub: 1, sigma^2: 1, beta: 0, simulation: 72"
[1] "n sub: 10, n images per sub: 1, sigma^2: 2, beta: 0, simulation: 72"
[1] "n sub: 10, n images per sub: 1, sigma^2: 0.5, beta: 0, simulation: 73"
[1] "n sub: 10, n images per sub: 1, sigma^2: 1, beta: 0, simulation: 73"
[1] "n sub: 10, n images per sub: 1, sigma^2: 2, beta: 0, simulation: 73"
[1] "n sub: 10, n images per sub: 1, sigma^2: 0.5, beta: 0, simulation: 74"
[1] "n sub: 10, n images per sub: 1, sigma^2: 1, beta: 0, simulation: 74"
[1] "n sub: 10, n images per sub: 1, sigma^2: 2, beta: 0, simulation: 74"
[1] "n sub: 10, n images per sub: 1, sigma^2: 0.5, beta: 0, simulation: 75"
[1] "n sub: 10, n images per sub: 1, sigma^2: 1, beta: 0, simulation: 75"
[1] "n sub: 10, n images per sub: 1, sigma^2: 2, beta: 0, simulation: 75"
[1] "n sub: 10, n images per sub: 1, sigma^2: 1, beta: 0, simulation: 76"
[1] "n sub: 10, n images per sub: 1, sigma^2: 0.5, beta: 0, simulation: 76"
[1] "n sub: 10, n images per sub: 1, sigma^2: 2, beta: 0, simulation: 76"
[1] "n sub: 10, n images per sub: 1, sigma^2: 1, beta: 0, simulation: 77"
[1] "n sub: 10, n images per sub: 1, sigma^2: 0.5, beta: 0, simulation: 77"
[1] "n sub: 10, n images per sub: 1, sigma^2: 2, beta: 0, simulation: 77"
[1] "n sub: 10, n images per sub: 1, sigma^2: 1, beta: 0, simulation: 78"
[1] "n sub: 10, n images per sub: 1, sigma^2: 0.5, beta: 0, simulation: 78"
[1] "n sub: 10, n images per sub: 1, sigma^2: 2, beta: 0, simulation: 78"
[1] "n sub: 10, n images per sub: 1, sigma^2: 1, beta: 0, simulation: 79"
[1] "n sub: 10, n images per sub: 1, sigma^2: 0.5, beta: 0, simulation: 79"
[1] "n sub: 10, n images per sub: 1, sigma^2: 2, beta: 0, simulation: 79"
[1] "n sub: 10, n images per sub: 1, sigma^2: 1, beta: 0, simulation: 80"
[1] "n sub: 10, n images per sub: 1, sigma^2: 0.5, beta: 0, simulation: 80"
[1] "n sub: 10, n images per sub: 1, sigma^2: 2, beta: 0, simulation: 80"
[1] "n sub: 10, n images per sub: 1, sigma^2: 1, beta: 0, simulation: 81"
[1] "n sub: 10, n images per sub: 1, sigma^2: 0.5, beta: 0, simulation: 81"
[1] "n sub: 10, n images per sub: 1, sigma^2: 2, beta: 0, simulation: 81"
[1] "n sub: 10, n images per sub: 1, sigma^2: 1, beta: 0, simulation: 82"
[1] "n sub: 10, n images per sub: 1, sigma^2: 0.5, beta: 0, simulation: 82"
[1] "n sub: 10, n images per sub: 1, sigma^2: 2, beta: 0, simulation: 82"
[1] "n sub: 10, n images per sub: 1, sigma^2: 1, beta: 0, simulation: 83"
[1] "n sub: 10, n images per sub: 1, sigma^2: 0.5, beta: 0, simulation: 83"
[1] "n sub: 10, n images per sub: 1, sigma^2: 2, beta: 0, simulation: 83"
[1] "n sub: 10, n images per sub: 1, sigma^2: 0.5, beta: 0, simulation: 84"
[1] "n sub: 10, n images per sub: 1, sigma^2: 1, beta: 0, simulation: 84"
[1] "n sub: 10, n images per sub: 1, sigma^2: 2, beta: 0, simulation: 84"
[1] "n sub: 10, n images per sub: 1, sigma^2: 1, beta: 0, simulation: 85"
[1] "n sub: 10, n images per sub: 1, sigma^2: 0.5, beta: 0, simulation: 85"
[1] "n sub: 10, n images per sub: 1, sigma^2: 2, beta: 0, simulation: 85"
[1] "n sub: 10, n images per sub: 1, sigma^2: 1, beta: 0, simulation: 86"
[1] "n sub: 10, n images per sub: 1, sigma^2: 0.5, beta: 0, simulation: 86"
[1] "n sub: 10, n images per sub: 1, sigma^2: 2, beta: 0, simulation: 86"
[1] "n sub: 10, n images per sub: 1, sigma^2: 1, beta: 0, simulation: 87"
[1] "n sub: 10, n images per sub: 1, sigma^2: 0.5, beta: 0, simulation: 87"
[1] "n sub: 10, n images per sub: 1, sigma^2: 2, beta: 0, simulation: 87"
[1] "n sub: 10, n images per sub: 1, sigma^2: 0.5, beta: 0, simulation: 88"
[1] "n sub: 10, n images per sub: 1, sigma^2: 1, beta: 0, simulation: 88"
[1] "n sub: 10, n images per sub: 1, sigma^2: 2, beta: 0, simulation: 88"
[1] "n sub: 10, n images per sub: 1, sigma^2: 1, beta: 0, simulation: 89"
[1] "n sub: 10, n images per sub: 1, sigma^2: 0.5, beta: 0, simulation: 89"
[1] "n sub: 10, n images per sub: 1, sigma^2: 2, beta: 0, simulation: 89"
[1] "n sub: 10, n images per sub: 1, sigma^2: 1, beta: 0, simulation: 90"
[1] "n sub: 10, n images per sub: 1, sigma^2: 0.5, beta: 0, simulation: 90"
[1] "n sub: 10, n images per sub: 1, sigma^2: 2, beta: 0, simulation: 90"
[1] "n sub: 10, n images per sub: 1, sigma^2: 0.5, beta: 0, simulation: 91"
[1] "n sub: 10, n images per sub: 1, sigma^2: 1, beta: 0, simulation: 91"
[1] "n sub: 10, n images per sub: 1, sigma^2: 2, beta: 0, simulation: 91"
[1] "n sub: 10, n images per sub: 1, sigma^2: 1, beta: 0, simulation: 92"
[1] "n sub: 10, n images per sub: 1, sigma^2: 0.5, beta: 0, simulation: 92"
[1] "n sub: 10, n images per sub: 1, sigma^2: 2, beta: 0, simulation: 92"
[1] "n sub: 10, n images per sub: 1, sigma^2: 1, beta: 0, simulation: 93"
[1] "n sub: 10, n images per sub: 1, sigma^2: 0.5, beta: 0, simulation: 93"
[1] "n sub: 10, n images per sub: 1, sigma^2: 2, beta: 0, simulation: 93"
[1] "n sub: 10, n images per sub: 1, sigma^2: 1, beta: 0, simulation: 94"
[1] "n sub: 10, n images per sub: 1, sigma^2: 0.5, beta: 0, simulation: 94"
[1] "n sub: 10, n images per sub: 1, sigma^2: 2, beta: 0, simulation: 94"
[1] "n sub: 10, n images per sub: 1, sigma^2: 0.5, beta: 0, simulation: 95"
[1] "n sub: 10, n images per sub: 1, sigma^2: 1, beta: 0, simulation: 95"
[1] "n sub: 10, n images per sub: 1, sigma^2: 2, beta: 0, simulation: 95"
