 [1] 15634 15635 15636 15637 15638 15639 15640 15641 15642 15643 15644 15645
[13] 15646 15647 15648 15649 15650 15651 15652 15653 15654 15655 15656 15657
[25] 15658 15659 15660
[1] "n sub: 50, n images per sub: 5, sigma^2: 2, beta: 0.69, simulation: 12"
[1] "n sub: 50, n images per sub: 5, sigma^2: 1, beta: 0.69, simulation: 12"
[1] "n sub: 50, n images per sub: 5, sigma^2: 0.5, beta: 0.69, simulation: 12"
[1] "n sub: 50, n images per sub: 5, sigma^2: 2, beta: 0.69, simulation: 13"
[1] "n sub: 50, n images per sub: 5, sigma^2: 1, beta: 0.69, simulation: 13"
[1] "n sub: 50, n images per sub: 5, sigma^2: 0.5, beta: 0.69, simulation: 13"
[1] "n sub: 50, n images per sub: 5, sigma^2: 2, beta: 0.69, simulation: 14"
[1] "n sub: 50, n images per sub: 5, sigma^2: 1, beta: 0.69, simulation: 14"
[1] "n sub: 50, n images per sub: 5, sigma^2: 0.5, beta: 0.69, simulation: 14"
[1] "n sub: 50, n images per sub: 5, sigma^2: 2, beta: 0.69, simulation: 15"
[1] "n sub: 50, n images per sub: 5, sigma^2: 1, beta: 0.69, simulation: 15"
[1] "n sub: 50, n images per sub: 5, sigma^2: 0.5, beta: 0.69, simulation: 15"
[1] "n sub: 50, n images per sub: 5, sigma^2: 2, beta: 0.69, simulation: 16"
[1] "n sub: 50, n images per sub: 5, sigma^2: 1, beta: 0.69, simulation: 16"
[1] "n sub: 50, n images per sub: 5, sigma^2: 0.5, beta: 0.69, simulation: 16"
[1] "n sub: 50, n images per sub: 5, sigma^2: 2, beta: 0.69, simulation: 17"
[1] "n sub: 50, n images per sub: 5, sigma^2: 1, beta: 0.69, simulation: 17"
[1] "n sub: 50, n images per sub: 5, sigma^2: 0.5, beta: 0.69, simulation: 17"
[1] "n sub: 50, n images per sub: 5, sigma^2: 2, beta: 0.69, simulation: 18"
[1] "n sub: 50, n images per sub: 5, sigma^2: 1, beta: 0.69, simulation: 18"
[1] "n sub: 50, n images per sub: 5, sigma^2: 0.5, beta: 0.69, simulation: 18"
[1] "n sub: 50, n images per sub: 5, sigma^2: 2, beta: 0.69, simulation: 19"
[1] "n sub: 50, n images per sub: 5, sigma^2: 1, beta: 0.69, simulation: 19"
[1] "n sub: 50, n images per sub: 5, sigma^2: 0.5, beta: 0.69, simulation: 19"
[1] "n sub: 50, n images per sub: 5, sigma^2: 1, beta: 0.69, simulation: 20"
[1] "n sub: 50, n images per sub: 5, sigma^2: 2, beta: 0.69, simulation: 20"
[1] "n sub: 50, n images per sub: 5, sigma^2: 0.5, beta: 0.69, simulation: 20"
