 [1] 15013 15014 15015 15016 15017 15018 15019 15020 15021 15022 15023 15024
[13] 15025 15026 15027 15028 15029 15030 15031 15032 15033 15034 15035 15036
[25] 15037 15038 15039
[1] "n sub: 50, n images per sub: 5, sigma^2: 2, beta: 0.22, simulation: 5"
[1] "n sub: 50, n images per sub: 5, sigma^2: 1, beta: 0.22, simulation: 5"
[1] "n sub: 50, n images per sub: 5, sigma^2: 0.5, beta: 0.22, simulation: 5"
[1] "n sub: 50, n images per sub: 5, sigma^2: 2, beta: 0.22, simulation: 6"
[1] "n sub: 50, n images per sub: 5, sigma^2: 1, beta: 0.22, simulation: 6"
[1] "n sub: 50, n images per sub: 5, sigma^2: 0.5, beta: 0.22, simulation: 6"
[1] "n sub: 50, n images per sub: 5, sigma^2: 2, beta: 0.22, simulation: 7"
[1] "n sub: 50, n images per sub: 5, sigma^2: 1, beta: 0.22, simulation: 7"
[1] "n sub: 50, n images per sub: 5, sigma^2: 0.5, beta: 0.22, simulation: 7"
[1] "n sub: 50, n images per sub: 5, sigma^2: 2, beta: 0.22, simulation: 8"
[1] "n sub: 50, n images per sub: 5, sigma^2: 1, beta: 0.22, simulation: 8"
[1] "n sub: 50, n images per sub: 5, sigma^2: 0.5, beta: 0.22, simulation: 8"
[1] "n sub: 50, n images per sub: 5, sigma^2: 2, beta: 0.22, simulation: 9"
[1] "n sub: 50, n images per sub: 5, sigma^2: 1, beta: 0.22, simulation: 9"
[1] "n sub: 50, n images per sub: 5, sigma^2: 0.5, beta: 0.22, simulation: 9"
[1] "n sub: 50, n images per sub: 5, sigma^2: 2, beta: 0.22, simulation: 10"
[1] "n sub: 50, n images per sub: 5, sigma^2: 1, beta: 0.22, simulation: 10"
[1] "n sub: 50, n images per sub: 5, sigma^2: 0.5, beta: 0.22, simulation: 10"
[1] "n sub: 50, n images per sub: 5, sigma^2: 2, beta: 0.22, simulation: 11"
[1] "n sub: 50, n images per sub: 5, sigma^2: 1, beta: 0.22, simulation: 11"
[1] "n sub: 50, n images per sub: 5, sigma^2: 0.5, beta: 0.22, simulation: 11"
[1] "n sub: 50, n images per sub: 5, sigma^2: 2, beta: 0.22, simulation: 12"
[1] "n sub: 50, n images per sub: 5, sigma^2: 1, beta: 0.22, simulation: 12"
[1] "n sub: 50, n images per sub: 5, sigma^2: 0.5, beta: 0.22, simulation: 12"
[1] "n sub: 50, n images per sub: 5, sigma^2: 2, beta: 0.22, simulation: 13"
[1] "n sub: 50, n images per sub: 5, sigma^2: 1, beta: 0.22, simulation: 13"
[1] "n sub: 50, n images per sub: 5, sigma^2: 0.5, beta: 0.22, simulation: 13"
