 [1] 14932 14933 14934 14935 14936 14937 14938 14939 14940 14941 14942 14943
[13] 14944 14945 14946 14947 14948 14949 14950 14951 14952 14953 14954 14955
[25] 14956 14957 14958
[1] "n sub: 50, n images per sub: 5, sigma^2: 0.5, beta: 0, simulation: 78"
[1] "n sub: 50, n images per sub: 5, sigma^2: 2, beta: 0, simulation: 78"
[1] "n sub: 50, n images per sub: 5, sigma^2: 1, beta: 0, simulation: 78"
[1] "n sub: 50, n images per sub: 5, sigma^2: 0.5, beta: 0, simulation: 79"
[1] "n sub: 50, n images per sub: 5, sigma^2: 2, beta: 0, simulation: 79"
[1] "n sub: 50, n images per sub: 5, sigma^2: 1, beta: 0, simulation: 79"
[1] "n sub: 50, n images per sub: 5, sigma^2: 0.5, beta: 0, simulation: 80"
[1] "n sub: 50, n images per sub: 5, sigma^2: 2, beta: 0, simulation: 80"
[1] "n sub: 50, n images per sub: 5, sigma^2: 1, beta: 0, simulation: 80"
[1] "n sub: 50, n images per sub: 5, sigma^2: 0.5, beta: 0, simulation: 81"
[1] "n sub: 50, n images per sub: 5, sigma^2: 2, beta: 0, simulation: 81"
[1] "n sub: 50, n images per sub: 5, sigma^2: 1, beta: 0, simulation: 81"
[1] "n sub: 50, n images per sub: 5, sigma^2: 0.5, beta: 0, simulation: 82"
[1] "n sub: 50, n images per sub: 5, sigma^2: 2, beta: 0, simulation: 82"
[1] "n sub: 50, n images per sub: 5, sigma^2: 1, beta: 0, simulation: 82"
[1] "n sub: 50, n images per sub: 5, sigma^2: 0.5, beta: 0, simulation: 83"
[1] "n sub: 50, n images per sub: 5, sigma^2: 2, beta: 0, simulation: 83"
[1] "n sub: 50, n images per sub: 5, sigma^2: 1, beta: 0, simulation: 83"
[1] "n sub: 50, n images per sub: 5, sigma^2: 0.5, beta: 0, simulation: 84"
[1] "n sub: 50, n images per sub: 5, sigma^2: 1, beta: 0, simulation: 84"
[1] "n sub: 50, n images per sub: 5, sigma^2: 2, beta: 0, simulation: 84"
[1] "n sub: 50, n images per sub: 5, sigma^2: 0.5, beta: 0, simulation: 85"
[1] "n sub: 50, n images per sub: 5, sigma^2: 2, beta: 0, simulation: 85"
[1] "n sub: 50, n images per sub: 5, sigma^2: 1, beta: 0, simulation: 85"
[1] "n sub: 50, n images per sub: 5, sigma^2: 0.5, beta: 0, simulation: 86"
[1] "n sub: 50, n images per sub: 5, sigma^2: 1, beta: 0, simulation: 86"
[1] "n sub: 50, n images per sub: 5, sigma^2: 2, beta: 0, simulation: 86"
