 [1] 15742 15743 15744 15745 15746 15747 15748 15749 15750 15751 15752 15753
[13] 15754 15755 15756 15757 15758 15759 15760 15761 15762 15763 15764 15765
[25] 15766 15767 15768
[1] "n sub: 50, n images per sub: 5, sigma^2: 2, beta: 0.69, simulation: 48"
[1] "n sub: 50, n images per sub: 5, sigma^2: 1, beta: 0.69, simulation: 48"
[1] "n sub: 50, n images per sub: 5, sigma^2: 0.5, beta: 0.69, simulation: 48"
[1] "n sub: 50, n images per sub: 5, sigma^2: 2, beta: 0.69, simulation: 49"
[1] "n sub: 50, n images per sub: 5, sigma^2: 1, beta: 0.69, simulation: 49"
[1] "n sub: 50, n images per sub: 5, sigma^2: 0.5, beta: 0.69, simulation: 49"
[1] "n sub: 50, n images per sub: 5, sigma^2: 2, beta: 0.69, simulation: 50"
[1] "n sub: 50, n images per sub: 5, sigma^2: 1, beta: 0.69, simulation: 50"
[1] "n sub: 50, n images per sub: 5, sigma^2: 0.5, beta: 0.69, simulation: 50"
[1] "n sub: 50, n images per sub: 5, sigma^2: 2, beta: 0.69, simulation: 51"
[1] "n sub: 50, n images per sub: 5, sigma^2: 1, beta: 0.69, simulation: 51"
[1] "n sub: 50, n images per sub: 5, sigma^2: 0.5, beta: 0.69, simulation: 51"
[1] "n sub: 50, n images per sub: 5, sigma^2: 2, beta: 0.69, simulation: 52"
[1] "n sub: 50, n images per sub: 5, sigma^2: 1, beta: 0.69, simulation: 52"
[1] "n sub: 50, n images per sub: 5, sigma^2: 0.5, beta: 0.69, simulation: 52"
[1] "n sub: 50, n images per sub: 5, sigma^2: 2, beta: 0.69, simulation: 53"
[1] "n sub: 50, n images per sub: 5, sigma^2: 1, beta: 0.69, simulation: 53"
[1] "n sub: 50, n images per sub: 5, sigma^2: 0.5, beta: 0.69, simulation: 53"
[1] "n sub: 50, n images per sub: 5, sigma^2: 2, beta: 0.69, simulation: 54"
[1] "n sub: 50, n images per sub: 5, sigma^2: 1, beta: 0.69, simulation: 54"
[1] "n sub: 50, n images per sub: 5, sigma^2: 0.5, beta: 0.69, simulation: 54"
[1] "n sub: 50, n images per sub: 5, sigma^2: 2, beta: 0.69, simulation: 55"
[1] "n sub: 50, n images per sub: 5, sigma^2: 1, beta: 0.69, simulation: 55"
[1] "n sub: 50, n images per sub: 5, sigma^2: 0.5, beta: 0.69, simulation: 55"
[1] "n sub: 50, n images per sub: 5, sigma^2: 2, beta: 0.69, simulation: 56"
[1] "n sub: 50, n images per sub: 5, sigma^2: 1, beta: 0.69, simulation: 56"
[1] "n sub: 50, n images per sub: 5, sigma^2: 0.5, beta: 0.69, simulation: 56"
