 [1] 15688 15689 15690 15691 15692 15693 15694 15695 15696 15697 15698 15699
[13] 15700 15701 15702 15703 15704 15705 15706 15707 15708 15709 15710 15711
[25] 15712 15713 15714
[1] "n sub: 50, n images per sub: 5, sigma^2: 2, beta: 0.69, simulation: 30"
[1] "n sub: 50, n images per sub: 5, sigma^2: 1, beta: 0.69, simulation: 30"
[1] "n sub: 50, n images per sub: 5, sigma^2: 0.5, beta: 0.69, simulation: 30"
[1] "n sub: 50, n images per sub: 5, sigma^2: 2, beta: 0.69, simulation: 31"
[1] "n sub: 50, n images per sub: 5, sigma^2: 1, beta: 0.69, simulation: 31"
[1] "n sub: 50, n images per sub: 5, sigma^2: 0.5, beta: 0.69, simulation: 31"
[1] "n sub: 50, n images per sub: 5, sigma^2: 2, beta: 0.69, simulation: 32"
[1] "n sub: 50, n images per sub: 5, sigma^2: 1, beta: 0.69, simulation: 32"
[1] "n sub: 50, n images per sub: 5, sigma^2: 0.5, beta: 0.69, simulation: 32"
[1] "n sub: 50, n images per sub: 5, sigma^2: 2, beta: 0.69, simulation: 33"
[1] "n sub: 50, n images per sub: 5, sigma^2: 1, beta: 0.69, simulation: 33"
[1] "n sub: 50, n images per sub: 5, sigma^2: 0.5, beta: 0.69, simulation: 33"
[1] "n sub: 50, n images per sub: 5, sigma^2: 2, beta: 0.69, simulation: 34"
[1] "n sub: 50, n images per sub: 5, sigma^2: 1, beta: 0.69, simulation: 34"
[1] "n sub: 50, n images per sub: 5, sigma^2: 0.5, beta: 0.69, simulation: 34"
[1] "n sub: 50, n images per sub: 5, sigma^2: 2, beta: 0.69, simulation: 35"
[1] "n sub: 50, n images per sub: 5, sigma^2: 1, beta: 0.69, simulation: 35"
[1] "n sub: 50, n images per sub: 5, sigma^2: 0.5, beta: 0.69, simulation: 35"
[1] "n sub: 50, n images per sub: 5, sigma^2: 2, beta: 0.69, simulation: 36"
[1] "n sub: 50, n images per sub: 5, sigma^2: 1, beta: 0.69, simulation: 36"
[1] "n sub: 50, n images per sub: 5, sigma^2: 0.5, beta: 0.69, simulation: 36"
[1] "n sub: 50, n images per sub: 5, sigma^2: 2, beta: 0.69, simulation: 37"
[1] "n sub: 50, n images per sub: 5, sigma^2: 1, beta: 0.69, simulation: 37"
[1] "n sub: 50, n images per sub: 5, sigma^2: 0.5, beta: 0.69, simulation: 37"
[1] "n sub: 50, n images per sub: 5, sigma^2: 2, beta: 0.69, simulation: 38"
[1] "n sub: 50, n images per sub: 5, sigma^2: 1, beta: 0.69, simulation: 38"
[1] "n sub: 50, n images per sub: 5, sigma^2: 0.5, beta: 0.69, simulation: 38"
