 [1] 12043 12044 12045 12046 12047 12048 12049 12050 12051 12052 12053 12054
[13] 12055 12056 12057 12058 12059 12060 12061 12062 12063 12064 12065 12066
[25] 12067 12068 12069 12070 12071 12072 12073 12074 12075 12076 12077 12078
[37] 12079 12080 12081 12082 12083 12084 12085 12086 12087 12088 12089 12090
[49] 12091 12092 12093 12094 12095 12096
[1] "n sub: 30, n images per sub: 5, sigma^2: 0.5, beta: 0, simulation: 15"
[1] "n sub: 30, n images per sub: 5, sigma^2: 1, beta: 0, simulation: 15"
[1] "n sub: 30, n images per sub: 5, sigma^2: 2, beta: 0, simulation: 15"
[1] "n sub: 30, n images per sub: 5, sigma^2: 0.5, beta: 0, simulation: 16"
[1] "n sub: 30, n images per sub: 5, sigma^2: 2, beta: 0, simulation: 16"
[1] "n sub: 30, n images per sub: 5, sigma^2: 1, beta: 0, simulation: 16"
[1] "n sub: 30, n images per sub: 5, sigma^2: 0.5, beta: 0, simulation: 17"
[1] "n sub: 30, n images per sub: 5, sigma^2: 1, beta: 0, simulation: 17"
[1] "n sub: 30, n images per sub: 5, sigma^2: 2, beta: 0, simulation: 17"
[1] "n sub: 30, n images per sub: 5, sigma^2: 0.5, beta: 0, simulation: 18"
[1] "n sub: 30, n images per sub: 5, sigma^2: 2, beta: 0, simulation: 18"
[1] "n sub: 30, n images per sub: 5, sigma^2: 1, beta: 0, simulation: 18"
[1] "n sub: 30, n images per sub: 5, sigma^2: 0.5, beta: 0, simulation: 19"
[1] "n sub: 30, n images per sub: 5, sigma^2: 2, beta: 0, simulation: 19"
[1] "n sub: 30, n images per sub: 5, sigma^2: 1, beta: 0, simulation: 19"
[1] "n sub: 30, n images per sub: 5, sigma^2: 0.5, beta: 0, simulation: 20"
[1] "n sub: 30, n images per sub: 5, sigma^2: 2, beta: 0, simulation: 20"
[1] "n sub: 30, n images per sub: 5, sigma^2: 1, beta: 0, simulation: 20"
[1] "n sub: 30, n images per sub: 5, sigma^2: 0.5, beta: 0, simulation: 21"
[1] "n sub: 30, n images per sub: 5, sigma^2: 2, beta: 0, simulation: 21"
[1] "n sub: 30, n images per sub: 5, sigma^2: 1, beta: 0, simulation: 21"
[1] "n sub: 30, n images per sub: 5, sigma^2: 0.5, beta: 0, simulation: 22"
[1] "n sub: 30, n images per sub: 5, sigma^2: 2, beta: 0, simulation: 22"
[1] "n sub: 30, n images per sub: 5, sigma^2: 1, beta: 0, simulation: 22"
[1] "n sub: 30, n images per sub: 5, sigma^2: 0.5, beta: 0, simulation: 23"
[1] "n sub: 30, n images per sub: 5, sigma^2: 2, beta: 0, simulation: 23"
[1] "n sub: 30, n images per sub: 5, sigma^2: 1, beta: 0, simulation: 23"
[1] "n sub: 30, n images per sub: 5, sigma^2: 0.5, beta: 0, simulation: 24"
[1] "n sub: 30, n images per sub: 5, sigma^2: 2, beta: 0, simulation: 24"
[1] "n sub: 30, n images per sub: 5, sigma^2: 1, beta: 0, simulation: 24"
[1] "n sub: 30, n images per sub: 5, sigma^2: 0.5, beta: 0, simulation: 25"
[1] "n sub: 30, n images per sub: 5, sigma^2: 2, beta: 0, simulation: 25"
[1] "n sub: 30, n images per sub: 5, sigma^2: 1, beta: 0, simulation: 25"
[1] "n sub: 30, n images per sub: 5, sigma^2: 0.5, beta: 0, simulation: 26"
[1] "n sub: 30, n images per sub: 5, sigma^2: 2, beta: 0, simulation: 26"
[1] "n sub: 30, n images per sub: 5, sigma^2: 1, beta: 0, simulation: 26"
[1] "n sub: 30, n images per sub: 5, sigma^2: 0.5, beta: 0, simulation: 27"
[1] "n sub: 30, n images per sub: 5, sigma^2: 2, beta: 0, simulation: 27"
[1] "n sub: 30, n images per sub: 5, sigma^2: 1, beta: 0, simulation: 27"
[1] "n sub: 30, n images per sub: 5, sigma^2: 0.5, beta: 0, simulation: 28"
[1] "n sub: 30, n images per sub: 5, sigma^2: 1, beta: 0, simulation: 28"
[1] "n sub: 30, n images per sub: 5, sigma^2: 2, beta: 0, simulation: 28"
[1] "n sub: 30, n images per sub: 5, sigma^2: 0.5, beta: 0, simulation: 29"
[1] "n sub: 30, n images per sub: 5, sigma^2: 1, beta: 0, simulation: 29"
[1] "n sub: 30, n images per sub: 5, sigma^2: 2, beta: 0, simulation: 29"
[1] "n sub: 30, n images per sub: 5, sigma^2: 0.5, beta: 0, simulation: 30"
[1] "n sub: 30, n images per sub: 5, sigma^2: 1, beta: 0, simulation: 30"
[1] "n sub: 30, n images per sub: 5, sigma^2: 2, beta: 0, simulation: 30"
[1] "n sub: 30, n images per sub: 5, sigma^2: 0.5, beta: 0, simulation: 31"
[1] "n sub: 30, n images per sub: 5, sigma^2: 2, beta: 0, simulation: 31"
[1] "n sub: 30, n images per sub: 5, sigma^2: 1, beta: 0, simulation: 31"
[1] "n sub: 30, n images per sub: 5, sigma^2: 0.5, beta: 0, simulation: 32"
[1] "n sub: 30, n images per sub: 5, sigma^2: 2, beta: 0, simulation: 32"
[1] "n sub: 30, n images per sub: 5, sigma^2: 1, beta: 0, simulation: 32"
