  [1] 8857 8858 8859 8860 8861 8862 8863 8864 8865 8866 8867 8868 8869 8870 8871
 [16] 8872 8873 8874 8875 8876 8877 8878 8879 8880 8881 8882 8883 8884 8885 8886
 [31] 8887 8888 8889 8890 8891 8892 8893 8894 8895 8896 8897 8898 8899 8900 8901
 [46] 8902 8903 8904 8905 8906 8907 8908 8909 8910 8911 8912 8913 8914 8915 8916
 [61] 8917 8918 8919 8920 8921 8922 8923 8924 8925 8926 8927 8928 8929 8930 8931
 [76] 8932 8933 8934 8935 8936 8937 8938 8939 8940 8941 8942 8943 8944 8945 8946
 [91] 8947 8948 8949 8950 8951 8952 8953 8954 8955 8956 8957 8958 8959 8960 8961
[106] 8962 8963 8964
[1] "n sub: 10, n images per sub: 5, sigma^2: 0.5, beta: -0.41, simulation: 53"
[1] "n sub: 10, n images per sub: 5, sigma^2: 2, beta: -0.41, simulation: 53"
[1] "n sub: 10, n images per sub: 5, sigma^2: 1, beta: -0.41, simulation: 53"
[1] "n sub: 10, n images per sub: 5, sigma^2: 0.5, beta: -0.41, simulation: 54"
[1] "n sub: 10, n images per sub: 5, sigma^2: 2, beta: -0.41, simulation: 54"
[1] "n sub: 10, n images per sub: 5, sigma^2: 1, beta: -0.41, simulation: 54"
[1] "n sub: 10, n images per sub: 5, sigma^2: 0.5, beta: -0.41, simulation: 55"
[1] "n sub: 10, n images per sub: 5, sigma^2: 2, beta: -0.41, simulation: 55"
[1] "n sub: 10, n images per sub: 5, sigma^2: 1, beta: -0.41, simulation: 55"
[1] "n sub: 10, n images per sub: 5, sigma^2: 0.5, beta: -0.41, simulation: 56"
[1] "n sub: 10, n images per sub: 5, sigma^2: 2, beta: -0.41, simulation: 56"
[1] "n sub: 10, n images per sub: 5, sigma^2: 1, beta: -0.41, simulation: 56"
[1] "n sub: 10, n images per sub: 5, sigma^2: 0.5, beta: -0.41, simulation: 57"
[1] "n sub: 10, n images per sub: 5, sigma^2: 2, beta: -0.41, simulation: 57"
[1] "n sub: 10, n images per sub: 5, sigma^2: 1, beta: -0.41, simulation: 57"
[1] "n sub: 10, n images per sub: 5, sigma^2: 0.5, beta: -0.41, simulation: 58"
[1] "n sub: 10, n images per sub: 5, sigma^2: 2, beta: -0.41, simulation: 58"
[1] "n sub: 10, n images per sub: 5, sigma^2: 1, beta: -0.41, simulation: 58"
[1] "n sub: 10, n images per sub: 5, sigma^2: 0.5, beta: -0.41, simulation: 59"
[1] "n sub: 10, n images per sub: 5, sigma^2: 2, beta: -0.41, simulation: 59"
[1] "n sub: 10, n images per sub: 5, sigma^2: 1, beta: -0.41, simulation: 59"
[1] "n sub: 10, n images per sub: 5, sigma^2: 0.5, beta: -0.41, simulation: 60"
[1] "n sub: 10, n images per sub: 5, sigma^2: 2, beta: -0.41, simulation: 60"
[1] "n sub: 10, n images per sub: 5, sigma^2: 1, beta: -0.41, simulation: 60"
[1] "n sub: 10, n images per sub: 5, sigma^2: 0.5, beta: -0.41, simulation: 61"
[1] "n sub: 10, n images per sub: 5, sigma^2: 2, beta: -0.41, simulation: 61"
[1] "n sub: 10, n images per sub: 5, sigma^2: 1, beta: -0.41, simulation: 61"
[1] "n sub: 10, n images per sub: 5, sigma^2: 0.5, beta: -0.41, simulation: 62"
[1] "n sub: 10, n images per sub: 5, sigma^2: 1, beta: -0.41, simulation: 62"
[1] "n sub: 10, n images per sub: 5, sigma^2: 2, beta: -0.41, simulation: 62"
[1] "n sub: 10, n images per sub: 5, sigma^2: 0.5, beta: -0.41, simulation: 63"
[1] "n sub: 10, n images per sub: 5, sigma^2: 1, beta: -0.41, simulation: 63"
[1] "n sub: 10, n images per sub: 5, sigma^2: 2, beta: -0.41, simulation: 63"
[1] "n sub: 10, n images per sub: 5, sigma^2: 0.5, beta: -0.41, simulation: 64"
[1] "n sub: 10, n images per sub: 5, sigma^2: 1, beta: -0.41, simulation: 64"
[1] "n sub: 10, n images per sub: 5, sigma^2: 2, beta: -0.41, simulation: 64"
[1] "n sub: 10, n images per sub: 5, sigma^2: 0.5, beta: -0.41, simulation: 65"
[1] "n sub: 10, n images per sub: 5, sigma^2: 1, beta: -0.41, simulation: 65"
[1] "n sub: 10, n images per sub: 5, sigma^2: 2, beta: -0.41, simulation: 65"
[1] "n sub: 10, n images per sub: 5, sigma^2: 0.5, beta: -0.41, simulation: 66"
[1] "n sub: 10, n images per sub: 5, sigma^2: 1, beta: -0.41, simulation: 66"
[1] "n sub: 10, n images per sub: 5, sigma^2: 2, beta: -0.41, simulation: 66"
[1] "n sub: 10, n images per sub: 5, sigma^2: 0.5, beta: -0.41, simulation: 67"
[1] "n sub: 10, n images per sub: 5, sigma^2: 1, beta: -0.41, simulation: 67"
[1] "n sub: 10, n images per sub: 5, sigma^2: 2, beta: -0.41, simulation: 67"
[1] "n sub: 10, n images per sub: 5, sigma^2: 0.5, beta: -0.41, simulation: 68"
[1] "n sub: 10, n images per sub: 5, sigma^2: 1, beta: -0.41, simulation: 68"
[1] "n sub: 10, n images per sub: 5, sigma^2: 2, beta: -0.41, simulation: 68"
[1] "n sub: 10, n images per sub: 5, sigma^2: 0.5, beta: -0.41, simulation: 69"
[1] "n sub: 10, n images per sub: 5, sigma^2: 1, beta: -0.41, simulation: 69"
[1] "n sub: 10, n images per sub: 5, sigma^2: 2, beta: -0.41, simulation: 69"
[1] "n sub: 10, n images per sub: 5, sigma^2: 0.5, beta: -0.41, simulation: 70"
[1] "n sub: 10, n images per sub: 5, sigma^2: 1, beta: -0.41, simulation: 70"
[1] "n sub: 10, n images per sub: 5, sigma^2: 2, beta: -0.41, simulation: 70"
[1] "n sub: 10, n images per sub: 5, sigma^2: 0.5, beta: -0.41, simulation: 71"
[1] "n sub: 10, n images per sub: 5, sigma^2: 1, beta: -0.41, simulation: 71"
[1] "n sub: 10, n images per sub: 5, sigma^2: 2, beta: -0.41, simulation: 71"
[1] "n sub: 10, n images per sub: 5, sigma^2: 0.5, beta: -0.41, simulation: 72"
[1] "n sub: 10, n images per sub: 5, sigma^2: 2, beta: -0.41, simulation: 72"
[1] "n sub: 10, n images per sub: 5, sigma^2: 1, beta: -0.41, simulation: 72"
[1] "n sub: 10, n images per sub: 5, sigma^2: 0.5, beta: -0.41, simulation: 73"
[1] "n sub: 10, n images per sub: 5, sigma^2: 1, beta: -0.41, simulation: 73"
[1] "n sub: 10, n images per sub: 5, sigma^2: 2, beta: -0.41, simulation: 73"
[1] "n sub: 10, n images per sub: 5, sigma^2: 0.5, beta: -0.41, simulation: 74"
[1] "n sub: 10, n images per sub: 5, sigma^2: 2, beta: -0.41, simulation: 74"
[1] "n sub: 10, n images per sub: 5, sigma^2: 1, beta: -0.41, simulation: 74"
[1] "n sub: 10, n images per sub: 5, sigma^2: 0.5, beta: -0.41, simulation: 75"
[1] "n sub: 10, n images per sub: 5, sigma^2: 2, beta: -0.41, simulation: 75"
[1] "n sub: 10, n images per sub: 5, sigma^2: 1, beta: -0.41, simulation: 75"
[1] "n sub: 10, n images per sub: 5, sigma^2: 0.5, beta: -0.41, simulation: 76"
[1] "n sub: 10, n images per sub: 5, sigma^2: 2, beta: -0.41, simulation: 76"
[1] "n sub: 10, n images per sub: 5, sigma^2: 1, beta: -0.41, simulation: 76"
[1] "n sub: 10, n images per sub: 5, sigma^2: 0.5, beta: -0.41, simulation: 77"
[1] "n sub: 10, n images per sub: 5, sigma^2: 2, beta: -0.41, simulation: 77"
[1] "n sub: 10, n images per sub: 5, sigma^2: 1, beta: -0.41, simulation: 77"
[1] "n sub: 10, n images per sub: 5, sigma^2: 0.5, beta: -0.41, simulation: 78"
[1] "n sub: 10, n images per sub: 5, sigma^2: 2, beta: -0.41, simulation: 78"
[1] "n sub: 10, n images per sub: 5, sigma^2: 1, beta: -0.41, simulation: 78"
[1] "n sub: 10, n images per sub: 5, sigma^2: 0.5, beta: -0.41, simulation: 79"
[1] "n sub: 10, n images per sub: 5, sigma^2: 2, beta: -0.41, simulation: 79"
[1] "n sub: 10, n images per sub: 5, sigma^2: 1, beta: -0.41, simulation: 79"
[1] "n sub: 10, n images per sub: 5, sigma^2: 0.5, beta: -0.41, simulation: 80"
[1] "n sub: 10, n images per sub: 5, sigma^2: 2, beta: -0.41, simulation: 80"
[1] "n sub: 10, n images per sub: 5, sigma^2: 1, beta: -0.41, simulation: 80"
[1] "n sub: 10, n images per sub: 5, sigma^2: 0.5, beta: -0.41, simulation: 81"
[1] "n sub: 10, n images per sub: 5, sigma^2: 2, beta: -0.41, simulation: 81"
[1] "n sub: 10, n images per sub: 5, sigma^2: 1, beta: -0.41, simulation: 81"
[1] "n sub: 10, n images per sub: 5, sigma^2: 0.5, beta: -0.41, simulation: 82"
[1] "n sub: 10, n images per sub: 5, sigma^2: 2, beta: -0.41, simulation: 82"
[1] "n sub: 10, n images per sub: 5, sigma^2: 1, beta: -0.41, simulation: 82"
[1] "n sub: 10, n images per sub: 5, sigma^2: 0.5, beta: -0.41, simulation: 83"
[1] "n sub: 10, n images per sub: 5, sigma^2: 2, beta: -0.41, simulation: 83"
[1] "n sub: 10, n images per sub: 5, sigma^2: 1, beta: -0.41, simulation: 83"
[1] "n sub: 10, n images per sub: 5, sigma^2: 0.5, beta: -0.41, simulation: 84"
[1] "n sub: 10, n images per sub: 5, sigma^2: 2, beta: -0.41, simulation: 84"
[1] "n sub: 10, n images per sub: 5, sigma^2: 1, beta: -0.41, simulation: 84"
[1] "n sub: 10, n images per sub: 5, sigma^2: 0.5, beta: -0.41, simulation: 85"
[1] "n sub: 10, n images per sub: 5, sigma^2: 1, beta: -0.41, simulation: 85"
[1] "n sub: 10, n images per sub: 5, sigma^2: 2, beta: -0.41, simulation: 85"
[1] "n sub: 10, n images per sub: 5, sigma^2: 0.5, beta: -0.41, simulation: 86"
[1] "n sub: 10, n images per sub: 5, sigma^2: 2, beta: -0.41, simulation: 86"
[1] "n sub: 10, n images per sub: 5, sigma^2: 1, beta: -0.41, simulation: 86"
[1] "n sub: 10, n images per sub: 5, sigma^2: 0.5, beta: -0.41, simulation: 87"
[1] "n sub: 10, n images per sub: 5, sigma^2: 1, beta: -0.41, simulation: 87"
[1] "n sub: 10, n images per sub: 5, sigma^2: 2, beta: -0.41, simulation: 87"
[1] "n sub: 10, n images per sub: 5, sigma^2: 1, beta: -0.41, simulation: 88"
[1] "n sub: 10, n images per sub: 5, sigma^2: 0.5, beta: -0.41, simulation: 88"
[1] "n sub: 10, n images per sub: 5, sigma^2: 2, beta: -0.41, simulation: 88"
