 [1] 14689 14690 14691 14692 14693 14694 14695 14696 14697 14698 14699 14700
[13] 14701 14702 14703 14704 14705 14706 14707 14708 14709 14710 14711 14712
[25] 14713 14714 14715
[1] "n sub: 50, n images per sub: 5, sigma^2: 1, beta: -0.22, simulation: 97"
[1] "n sub: 50, n images per sub: 5, sigma^2: 2, beta: -0.22, simulation: 97"
[1] "n sub: 50, n images per sub: 5, sigma^2: 0.5, beta: -0.22, simulation: 97"
[1] "n sub: 50, n images per sub: 5, sigma^2: 1, beta: -0.22, simulation: 98"
[1] "n sub: 50, n images per sub: 5, sigma^2: 2, beta: -0.22, simulation: 98"
[1] "n sub: 50, n images per sub: 5, sigma^2: 0.5, beta: -0.22, simulation: 98"
[1] "n sub: 50, n images per sub: 5, sigma^2: 2, beta: -0.22, simulation: 99"
[1] "n sub: 50, n images per sub: 5, sigma^2: 1, beta: -0.22, simulation: 99"
[1] "n sub: 50, n images per sub: 5, sigma^2: 0.5, beta: -0.22, simulation: 99"
[1] "n sub: 50, n images per sub: 5, sigma^2: 1, beta: -0.22, simulation: 100"
[1] "n sub: 50, n images per sub: 5, sigma^2: 2, beta: -0.22, simulation: 100"
[1] "n sub: 50, n images per sub: 5, sigma^2: 0.5, beta: -0.22, simulation: 100"
[1] "n sub: 50, n images per sub: 5, sigma^2: 1, beta: 0, simulation: 1"
[1] "n sub: 50, n images per sub: 5, sigma^2: 0.5, beta: 0, simulation: 1"
[1] "n sub: 50, n images per sub: 5, sigma^2: 2, beta: 0, simulation: 1"
[1] "n sub: 50, n images per sub: 5, sigma^2: 1, beta: 0, simulation: 2"
[1] "n sub: 50, n images per sub: 5, sigma^2: 0.5, beta: 0, simulation: 2"
[1] "n sub: 50, n images per sub: 5, sigma^2: 2, beta: 0, simulation: 2"
[1] "n sub: 50, n images per sub: 5, sigma^2: 0.5, beta: 0, simulation: 3"
[1] "n sub: 50, n images per sub: 5, sigma^2: 1, beta: 0, simulation: 3"
[1] "n sub: 50, n images per sub: 5, sigma^2: 2, beta: 0, simulation: 3"
[1] "n sub: 50, n images per sub: 5, sigma^2: 0.5, beta: 0, simulation: 4"
[1] "n sub: 50, n images per sub: 5, sigma^2: 1, beta: 0, simulation: 4"
[1] "n sub: 50, n images per sub: 5, sigma^2: 2, beta: 0, simulation: 4"
[1] "n sub: 50, n images per sub: 5, sigma^2: 0.5, beta: 0, simulation: 5"
[1] "n sub: 50, n images per sub: 5, sigma^2: 1, beta: 0, simulation: 5"
[1] "n sub: 50, n images per sub: 5, sigma^2: 2, beta: 0, simulation: 5"
