 [1] 11611 11612 11613 11614 11615 11616 11617 11618 11619 11620 11621 11622
[13] 11623 11624 11625 11626 11627 11628 11629 11630 11631 11632 11633 11634
[25] 11635 11636 11637 11638 11639 11640 11641 11642 11643 11644 11645 11646
[37] 11647 11648 11649 11650 11651 11652 11653 11654 11655 11656 11657 11658
[49] 11659 11660 11661 11662 11663 11664
[1] "n sub: 30, n images per sub: 5, sigma^2: 0.5, beta: -0.41, simulation: 71"
[1] "n sub: 30, n images per sub: 5, sigma^2: 1, beta: -0.41, simulation: 71"
[1] "n sub: 30, n images per sub: 5, sigma^2: 2, beta: -0.41, simulation: 71"
[1] "n sub: 30, n images per sub: 5, sigma^2: 1, beta: -0.41, simulation: 72"
[1] "n sub: 30, n images per sub: 5, sigma^2: 0.5, beta: -0.41, simulation: 72"
[1] "n sub: 30, n images per sub: 5, sigma^2: 2, beta: -0.41, simulation: 72"
[1] "n sub: 30, n images per sub: 5, sigma^2: 2, beta: -0.41, simulation: 73"
[1] "n sub: 30, n images per sub: 5, sigma^2: 0.5, beta: -0.41, simulation: 73"
[1] "n sub: 30, n images per sub: 5, sigma^2: 1, beta: -0.41, simulation: 73"
[1] "n sub: 30, n images per sub: 5, sigma^2: 2, beta: -0.41, simulation: 74"
[1] "n sub: 30, n images per sub: 5, sigma^2: 1, beta: -0.41, simulation: 74"
[1] "n sub: 30, n images per sub: 5, sigma^2: 0.5, beta: -0.41, simulation: 74"
[1] "n sub: 30, n images per sub: 5, sigma^2: 2, beta: -0.41, simulation: 75"
[1] "n sub: 30, n images per sub: 5, sigma^2: 1, beta: -0.41, simulation: 75"
[1] "n sub: 30, n images per sub: 5, sigma^2: 0.5, beta: -0.41, simulation: 75"
[1] "n sub: 30, n images per sub: 5, sigma^2: 2, beta: -0.41, simulation: 76"
[1] "n sub: 30, n images per sub: 5, sigma^2: 0.5, beta: -0.41, simulation: 76"
[1] "n sub: 30, n images per sub: 5, sigma^2: 1, beta: -0.41, simulation: 76"
[1] "n sub: 30, n images per sub: 5, sigma^2: 2, beta: -0.41, simulation: 77"
[1] "n sub: 30, n images per sub: 5, sigma^2: 1, beta: -0.41, simulation: 77"
[1] "n sub: 30, n images per sub: 5, sigma^2: 0.5, beta: -0.41, simulation: 77"
[1] "n sub: 30, n images per sub: 5, sigma^2: 2, beta: -0.41, simulation: 78"
[1] "n sub: 30, n images per sub: 5, sigma^2: 1, beta: -0.41, simulation: 78"
[1] "n sub: 30, n images per sub: 5, sigma^2: 0.5, beta: -0.41, simulation: 78"
[1] "n sub: 30, n images per sub: 5, sigma^2: 2, beta: -0.41, simulation: 79"
[1] "n sub: 30, n images per sub: 5, sigma^2: 1, beta: -0.41, simulation: 79"
[1] "n sub: 30, n images per sub: 5, sigma^2: 0.5, beta: -0.41, simulation: 79"
[1] "n sub: 30, n images per sub: 5, sigma^2: 2, beta: -0.41, simulation: 80"
[1] "n sub: 30, n images per sub: 5, sigma^2: 1, beta: -0.41, simulation: 80"
[1] "n sub: 30, n images per sub: 5, sigma^2: 0.5, beta: -0.41, simulation: 80"
[1] "n sub: 30, n images per sub: 5, sigma^2: 2, beta: -0.41, simulation: 81"
[1] "n sub: 30, n images per sub: 5, sigma^2: 1, beta: -0.41, simulation: 81"
[1] "n sub: 30, n images per sub: 5, sigma^2: 0.5, beta: -0.41, simulation: 81"
[1] "n sub: 30, n images per sub: 5, sigma^2: 2, beta: -0.41, simulation: 82"
[1] "n sub: 30, n images per sub: 5, sigma^2: 1, beta: -0.41, simulation: 82"
[1] "n sub: 30, n images per sub: 5, sigma^2: 0.5, beta: -0.41, simulation: 82"
[1] "n sub: 30, n images per sub: 5, sigma^2: 1, beta: -0.41, simulation: 83"
[1] "n sub: 30, n images per sub: 5, sigma^2: 2, beta: -0.41, simulation: 83"
[1] "n sub: 30, n images per sub: 5, sigma^2: 0.5, beta: -0.41, simulation: 83"
[1] "n sub: 30, n images per sub: 5, sigma^2: 1, beta: -0.41, simulation: 84"
[1] "n sub: 30, n images per sub: 5, sigma^2: 2, beta: -0.41, simulation: 84"
[1] "n sub: 30, n images per sub: 5, sigma^2: 0.5, beta: -0.41, simulation: 84"
[1] "n sub: 30, n images per sub: 5, sigma^2: 1, beta: -0.41, simulation: 85"
[1] "n sub: 30, n images per sub: 5, sigma^2: 2, beta: -0.41, simulation: 85"
[1] "n sub: 30, n images per sub: 5, sigma^2: 0.5, beta: -0.41, simulation: 85"
[1] "n sub: 30, n images per sub: 5, sigma^2: 1, beta: -0.41, simulation: 86"
[1] "n sub: 30, n images per sub: 5, sigma^2: 0.5, beta: -0.41, simulation: 86"
[1] "n sub: 30, n images per sub: 5, sigma^2: 2, beta: -0.41, simulation: 86"
[1] "n sub: 30, n images per sub: 5, sigma^2: 1, beta: -0.41, simulation: 87"
[1] "n sub: 30, n images per sub: 5, sigma^2: 0.5, beta: -0.41, simulation: 87"
[1] "n sub: 30, n images per sub: 5, sigma^2: 2, beta: -0.41, simulation: 87"
[1] "n sub: 30, n images per sub: 5, sigma^2: 1, beta: -0.41, simulation: 88"
[1] "n sub: 30, n images per sub: 5, sigma^2: 0.5, beta: -0.41, simulation: 88"
[1] "n sub: 30, n images per sub: 5, sigma^2: 2, beta: -0.41, simulation: 88"
