 [1] 14554 14555 14556 14557 14558 14559 14560 14561 14562 14563 14564 14565
[13] 14566 14567 14568 14569 14570 14571 14572 14573 14574 14575 14576 14577
[25] 14578 14579 14580
[1] "n sub: 50, n images per sub: 5, sigma^2: 2, beta: -0.22, simulation: 52"
[1] "n sub: 50, n images per sub: 5, sigma^2: 1, beta: -0.22, simulation: 52"
[1] "n sub: 50, n images per sub: 5, sigma^2: 0.5, beta: -0.22, simulation: 52"
[1] "n sub: 50, n images per sub: 5, sigma^2: 2, beta: -0.22, simulation: 53"
[1] "n sub: 50, n images per sub: 5, sigma^2: 1, beta: -0.22, simulation: 53"
[1] "n sub: 50, n images per sub: 5, sigma^2: 0.5, beta: -0.22, simulation: 53"
[1] "n sub: 50, n images per sub: 5, sigma^2: 2, beta: -0.22, simulation: 54"
[1] "n sub: 50, n images per sub: 5, sigma^2: 1, beta: -0.22, simulation: 54"
[1] "n sub: 50, n images per sub: 5, sigma^2: 0.5, beta: -0.22, simulation: 54"
[1] "n sub: 50, n images per sub: 5, sigma^2: 2, beta: -0.22, simulation: 55"
[1] "n sub: 50, n images per sub: 5, sigma^2: 1, beta: -0.22, simulation: 55"
[1] "n sub: 50, n images per sub: 5, sigma^2: 0.5, beta: -0.22, simulation: 55"
[1] "n sub: 50, n images per sub: 5, sigma^2: 2, beta: -0.22, simulation: 56"
[1] "n sub: 50, n images per sub: 5, sigma^2: 1, beta: -0.22, simulation: 56"
[1] "n sub: 50, n images per sub: 5, sigma^2: 0.5, beta: -0.22, simulation: 56"
[1] "n sub: 50, n images per sub: 5, sigma^2: 2, beta: -0.22, simulation: 57"
[1] "n sub: 50, n images per sub: 5, sigma^2: 1, beta: -0.22, simulation: 57"
[1] "n sub: 50, n images per sub: 5, sigma^2: 0.5, beta: -0.22, simulation: 57"
[1] "n sub: 50, n images per sub: 5, sigma^2: 2, beta: -0.22, simulation: 58"
[1] "n sub: 50, n images per sub: 5, sigma^2: 1, beta: -0.22, simulation: 58"
[1] "n sub: 50, n images per sub: 5, sigma^2: 0.5, beta: -0.22, simulation: 58"
[1] "n sub: 50, n images per sub: 5, sigma^2: 2, beta: -0.22, simulation: 59"
[1] "n sub: 50, n images per sub: 5, sigma^2: 1, beta: -0.22, simulation: 59"
[1] "n sub: 50, n images per sub: 5, sigma^2: 0.5, beta: -0.22, simulation: 59"
[1] "n sub: 50, n images per sub: 5, sigma^2: 2, beta: -0.22, simulation: 60"
[1] "n sub: 50, n images per sub: 5, sigma^2: 1, beta: -0.22, simulation: 60"
[1] "n sub: 50, n images per sub: 5, sigma^2: 0.5, beta: -0.22, simulation: 60"
