  [1] 2971 2972 2973 2974 2975 2976 2977 2978 2979 2980 2981 2982 2983 2984 2985
 [16] 2986 2987 2988 2989 2990 2991 2992 2993 2994 2995 2996 2997 2998 2999 3000
 [31] 3001 3002 3003 3004 3005 3006 3007 3008 3009 3010 3011 3012 3013 3014 3015
 [46] 3016 3017 3018 3019 3020 3021 3022 3023 3024 3025 3026 3027 3028 3029 3030
 [61] 3031 3032 3033 3034 3035 3036 3037 3038 3039 3040 3041 3042 3043 3044 3045
 [76] 3046 3047 3048 3049 3050 3051 3052 3053 3054 3055 3056 3057 3058 3059 3060
 [91] 3061 3062 3063 3064 3065 3066 3067 3068 3069 3070 3071 3072 3073 3074 3075
[106] 3076 3077 3078 3079 3080 3081 3082 3083 3084 3085 3086 3087 3088 3089 3090
[121] 3091 3092 3093 3094 3095 3096 3097 3098 3099 3100 3101 3102 3103 3104 3105
[1] "n sub: 30, n images per sub: 1, sigma^2: 2, beta: -1.1, simulation: 91"
[1] "n sub: 30, n images per sub: 1, sigma^2: 1, beta: -1.1, simulation: 91"
[1] "n sub: 30, n images per sub: 1, sigma^2: 0.5, beta: -1.1, simulation: 91"
[1] "n sub: 30, n images per sub: 1, sigma^2: 2, beta: -1.1, simulation: 92"
[1] "n sub: 30, n images per sub: 1, sigma^2: 1, beta: -1.1, simulation: 92"
[1] "n sub: 30, n images per sub: 1, sigma^2: 0.5, beta: -1.1, simulation: 92"
[1] "n sub: 30, n images per sub: 1, sigma^2: 2, beta: -1.1, simulation: 93"
[1] "n sub: 30, n images per sub: 1, sigma^2: 1, beta: -1.1, simulation: 93"
[1] "n sub: 30, n images per sub: 1, sigma^2: 0.5, beta: -1.1, simulation: 93"
[1] "n sub: 30, n images per sub: 1, sigma^2: 2, beta: -1.1, simulation: 94"
[1] "n sub: 30, n images per sub: 1, sigma^2: 1, beta: -1.1, simulation: 94"
[1] "n sub: 30, n images per sub: 1, sigma^2: 0.5, beta: -1.1, simulation: 94"
[1] "n sub: 30, n images per sub: 1, sigma^2: 2, beta: -1.1, simulation: 95"
[1] "n sub: 30, n images per sub: 1, sigma^2: 1, beta: -1.1, simulation: 95"
[1] "n sub: 30, n images per sub: 1, sigma^2: 0.5, beta: -1.1, simulation: 95"
[1] "n sub: 30, n images per sub: 1, sigma^2: 2, beta: -1.1, simulation: 96"
[1] "n sub: 30, n images per sub: 1, sigma^2: 1, beta: -1.1, simulation: 96"
[1] "n sub: 30, n images per sub: 1, sigma^2: 0.5, beta: -1.1, simulation: 96"
[1] "n sub: 30, n images per sub: 1, sigma^2: 2, beta: -1.1, simulation: 97"
[1] "n sub: 30, n images per sub: 1, sigma^2: 1, beta: -1.1, simulation: 97"
[1] "n sub: 30, n images per sub: 1, sigma^2: 0.5, beta: -1.1, simulation: 97"
[1] "n sub: 30, n images per sub: 1, sigma^2: 2, beta: -1.1, simulation: 98"
[1] "n sub: 30, n images per sub: 1, sigma^2: 1, beta: -1.1, simulation: 98"
[1] "n sub: 30, n images per sub: 1, sigma^2: 0.5, beta: -1.1, simulation: 98"
[1] "n sub: 30, n images per sub: 1, sigma^2: 2, beta: -1.1, simulation: 99"
[1] "n sub: 30, n images per sub: 1, sigma^2: 1, beta: -1.1, simulation: 99"
[1] "n sub: 30, n images per sub: 1, sigma^2: 0.5, beta: -1.1, simulation: 99"
[1] "n sub: 30, n images per sub: 1, sigma^2: 2, beta: -1.1, simulation: 100"
[1] "n sub: 30, n images per sub: 1, sigma^2: 1, beta: -1.1, simulation: 100"
[1] "n sub: 30, n images per sub: 1, sigma^2: 0.5, beta: -1.1, simulation: 100"
[1] "n sub: 30, n images per sub: 1, sigma^2: 2, beta: -0.69, simulation: 1"
[1] "n sub: 30, n images per sub: 1, sigma^2: 0.5, beta: -0.69, simulation: 1"
[1] "n sub: 30, n images per sub: 1, sigma^2: 1, beta: -0.69, simulation: 1"
[1] "n sub: 30, n images per sub: 1, sigma^2: 2, beta: -0.69, simulation: 2"
[1] "n sub: 30, n images per sub: 1, sigma^2: 0.5, beta: -0.69, simulation: 2"
[1] "n sub: 30, n images per sub: 1, sigma^2: 1, beta: -0.69, simulation: 2"
[1] "n sub: 30, n images per sub: 1, sigma^2: 2, beta: -0.69, simulation: 3"
[1] "n sub: 30, n images per sub: 1, sigma^2: 1, beta: -0.69, simulation: 3"
[1] "n sub: 30, n images per sub: 1, sigma^2: 0.5, beta: -0.69, simulation: 3"
[1] "n sub: 30, n images per sub: 1, sigma^2: 2, beta: -0.69, simulation: 4"
[1] "n sub: 30, n images per sub: 1, sigma^2: 0.5, beta: -0.69, simulation: 4"
[1] "n sub: 30, n images per sub: 1, sigma^2: 1, beta: -0.69, simulation: 4"
[1] "n sub: 30, n images per sub: 1, sigma^2: 2, beta: -0.69, simulation: 5"
[1] "n sub: 30, n images per sub: 1, sigma^2: 1, beta: -0.69, simulation: 5"
[1] "n sub: 30, n images per sub: 1, sigma^2: 0.5, beta: -0.69, simulation: 5"
[1] "n sub: 30, n images per sub: 1, sigma^2: 2, beta: -0.69, simulation: 6"
[1] "n sub: 30, n images per sub: 1, sigma^2: 1, beta: -0.69, simulation: 6"
[1] "n sub: 30, n images per sub: 1, sigma^2: 0.5, beta: -0.69, simulation: 6"
[1] "n sub: 30, n images per sub: 1, sigma^2: 2, beta: -0.69, simulation: 7"
[1] "n sub: 30, n images per sub: 1, sigma^2: 1, beta: -0.69, simulation: 7"
[1] "n sub: 30, n images per sub: 1, sigma^2: 0.5, beta: -0.69, simulation: 7"
[1] "n sub: 30, n images per sub: 1, sigma^2: 2, beta: -0.69, simulation: 8"
[1] "n sub: 30, n images per sub: 1, sigma^2: 1, beta: -0.69, simulation: 8"
[1] "n sub: 30, n images per sub: 1, sigma^2: 0.5, beta: -0.69, simulation: 8"
[1] "n sub: 30, n images per sub: 1, sigma^2: 2, beta: -0.69, simulation: 9"
[1] "n sub: 30, n images per sub: 1, sigma^2: 1, beta: -0.69, simulation: 9"
[1] "n sub: 30, n images per sub: 1, sigma^2: 0.5, beta: -0.69, simulation: 9"
[1] "n sub: 30, n images per sub: 1, sigma^2: 2, beta: -0.69, simulation: 10"
[1] "n sub: 30, n images per sub: 1, sigma^2: 1, beta: -0.69, simulation: 10"
[1] "n sub: 30, n images per sub: 1, sigma^2: 0.5, beta: -0.69, simulation: 10"
[1] "n sub: 30, n images per sub: 1, sigma^2: 2, beta: -0.69, simulation: 11"
[1] "n sub: 30, n images per sub: 1, sigma^2: 1, beta: -0.69, simulation: 11"
[1] "n sub: 30, n images per sub: 1, sigma^2: 0.5, beta: -0.69, simulation: 11"
[1] "n sub: 30, n images per sub: 1, sigma^2: 2, beta: -0.69, simulation: 12"
[1] "n sub: 30, n images per sub: 1, sigma^2: 1, beta: -0.69, simulation: 12"
[1] "n sub: 30, n images per sub: 1, sigma^2: 0.5, beta: -0.69, simulation: 12"
[1] "n sub: 30, n images per sub: 1, sigma^2: 2, beta: -0.69, simulation: 13"
[1] "n sub: 30, n images per sub: 1, sigma^2: 1, beta: -0.69, simulation: 13"
[1] "n sub: 30, n images per sub: 1, sigma^2: 0.5, beta: -0.69, simulation: 13"
[1] "n sub: 30, n images per sub: 1, sigma^2: 2, beta: -0.69, simulation: 14"
[1] "n sub: 30, n images per sub: 1, sigma^2: 1, beta: -0.69, simulation: 14"
[1] "n sub: 30, n images per sub: 1, sigma^2: 0.5, beta: -0.69, simulation: 14"
[1] "n sub: 30, n images per sub: 1, sigma^2: 2, beta: -0.69, simulation: 15"
[1] "n sub: 30, n images per sub: 1, sigma^2: 1, beta: -0.69, simulation: 15"
[1] "n sub: 30, n images per sub: 1, sigma^2: 0.5, beta: -0.69, simulation: 15"
[1] "n sub: 30, n images per sub: 1, sigma^2: 2, beta: -0.69, simulation: 16"
[1] "n sub: 30, n images per sub: 1, sigma^2: 1, beta: -0.69, simulation: 16"
[1] "n sub: 30, n images per sub: 1, sigma^2: 0.5, beta: -0.69, simulation: 16"
[1] "n sub: 30, n images per sub: 1, sigma^2: 2, beta: -0.69, simulation: 17"
[1] "n sub: 30, n images per sub: 1, sigma^2: 1, beta: -0.69, simulation: 17"
[1] "n sub: 30, n images per sub: 1, sigma^2: 0.5, beta: -0.69, simulation: 17"
[1] "n sub: 30, n images per sub: 1, sigma^2: 2, beta: -0.69, simulation: 18"
[1] "n sub: 30, n images per sub: 1, sigma^2: 1, beta: -0.69, simulation: 18"
[1] "n sub: 30, n images per sub: 1, sigma^2: 0.5, beta: -0.69, simulation: 18"
[1] "n sub: 30, n images per sub: 1, sigma^2: 2, beta: -0.69, simulation: 19"
[1] "n sub: 30, n images per sub: 1, sigma^2: 1, beta: -0.69, simulation: 19"
[1] "n sub: 30, n images per sub: 1, sigma^2: 0.5, beta: -0.69, simulation: 19"
[1] "n sub: 30, n images per sub: 1, sigma^2: 2, beta: -0.69, simulation: 20"
[1] "n sub: 30, n images per sub: 1, sigma^2: 0.5, beta: -0.69, simulation: 20"
[1] "n sub: 30, n images per sub: 1, sigma^2: 1, beta: -0.69, simulation: 20"
[1] "n sub: 30, n images per sub: 1, sigma^2: 2, beta: -0.69, simulation: 21"
[1] "n sub: 30, n images per sub: 1, sigma^2: 0.5, beta: -0.69, simulation: 21"
[1] "n sub: 30, n images per sub: 1, sigma^2: 1, beta: -0.69, simulation: 21"
[1] "n sub: 30, n images per sub: 1, sigma^2: 2, beta: -0.69, simulation: 22"
[1] "n sub: 30, n images per sub: 1, sigma^2: 1, beta: -0.69, simulation: 22"
[1] "n sub: 30, n images per sub: 1, sigma^2: 0.5, beta: -0.69, simulation: 22"
[1] "n sub: 30, n images per sub: 1, sigma^2: 2, beta: -0.69, simulation: 23"
[1] "n sub: 30, n images per sub: 1, sigma^2: 1, beta: -0.69, simulation: 23"
[1] "n sub: 30, n images per sub: 1, sigma^2: 0.5, beta: -0.69, simulation: 23"
[1] "n sub: 30, n images per sub: 1, sigma^2: 2, beta: -0.69, simulation: 24"
[1] "n sub: 30, n images per sub: 1, sigma^2: 1, beta: -0.69, simulation: 24"
[1] "n sub: 30, n images per sub: 1, sigma^2: 0.5, beta: -0.69, simulation: 24"
[1] "n sub: 30, n images per sub: 1, sigma^2: 2, beta: -0.69, simulation: 25"
[1] "n sub: 30, n images per sub: 1, sigma^2: 1, beta: -0.69, simulation: 25"
[1] "n sub: 30, n images per sub: 1, sigma^2: 0.5, beta: -0.69, simulation: 25"
[1] "n sub: 30, n images per sub: 1, sigma^2: 2, beta: -0.69, simulation: 26"
[1] "n sub: 30, n images per sub: 1, sigma^2: 1, beta: -0.69, simulation: 26"
[1] "n sub: 30, n images per sub: 1, sigma^2: 0.5, beta: -0.69, simulation: 26"
[1] "n sub: 30, n images per sub: 1, sigma^2: 2, beta: -0.69, simulation: 27"
[1] "n sub: 30, n images per sub: 1, sigma^2: 1, beta: -0.69, simulation: 27"
[1] "n sub: 30, n images per sub: 1, sigma^2: 0.5, beta: -0.69, simulation: 27"
[1] "n sub: 30, n images per sub: 1, sigma^2: 2, beta: -0.69, simulation: 28"
[1] "n sub: 30, n images per sub: 1, sigma^2: 1, beta: -0.69, simulation: 28"
[1] "n sub: 30, n images per sub: 1, sigma^2: 0.5, beta: -0.69, simulation: 28"
[1] "n sub: 30, n images per sub: 1, sigma^2: 2, beta: -0.69, simulation: 29"
[1] "n sub: 30, n images per sub: 1, sigma^2: 1, beta: -0.69, simulation: 29"
[1] "n sub: 30, n images per sub: 1, sigma^2: 0.5, beta: -0.69, simulation: 29"
[1] "n sub: 30, n images per sub: 1, sigma^2: 2, beta: -0.69, simulation: 30"
[1] "n sub: 30, n images per sub: 1, sigma^2: 1, beta: -0.69, simulation: 30"
[1] "n sub: 30, n images per sub: 1, sigma^2: 0.5, beta: -0.69, simulation: 30"
[1] "n sub: 30, n images per sub: 1, sigma^2: 2, beta: -0.69, simulation: 31"
[1] "n sub: 30, n images per sub: 1, sigma^2: 1, beta: -0.69, simulation: 31"
[1] "n sub: 30, n images per sub: 1, sigma^2: 0.5, beta: -0.69, simulation: 31"
[1] "n sub: 30, n images per sub: 1, sigma^2: 2, beta: -0.69, simulation: 32"
[1] "n sub: 30, n images per sub: 1, sigma^2: 1, beta: -0.69, simulation: 32"
[1] "n sub: 30, n images per sub: 1, sigma^2: 0.5, beta: -0.69, simulation: 32"
[1] "n sub: 30, n images per sub: 1, sigma^2: 2, beta: -0.69, simulation: 33"
[1] "n sub: 30, n images per sub: 1, sigma^2: 1, beta: -0.69, simulation: 33"
[1] "n sub: 30, n images per sub: 1, sigma^2: 0.5, beta: -0.69, simulation: 33"
[1] "n sub: 30, n images per sub: 1, sigma^2: 2, beta: -0.69, simulation: 34"
[1] "n sub: 30, n images per sub: 1, sigma^2: 1, beta: -0.69, simulation: 34"
[1] "n sub: 30, n images per sub: 1, sigma^2: 0.5, beta: -0.69, simulation: 34"
[1] "n sub: 30, n images per sub: 1, sigma^2: 2, beta: -0.69, simulation: 35"
[1] "n sub: 30, n images per sub: 1, sigma^2: 1, beta: -0.69, simulation: 35"
[1] "n sub: 30, n images per sub: 1, sigma^2: 0.5, beta: -0.69, simulation: 35"
