 [1] 12961 12962 12963 12964 12965 12966 12967 12968 12969 12970 12971 12972
[13] 12973 12974 12975 12976 12977 12978 12979 12980 12981 12982 12983 12984
[25] 12985 12986 12987 12988 12989 12990 12991 12992 12993 12994 12995 12996
[37] 12997 12998 12999 13000 13001 13002 13003 13004 13005 13006 13007 13008
[49] 13009 13010 13011 13012 13013 13014
[1] "n sub: 30, n images per sub: 5, sigma^2: 1, beta: 0.69, simulation: 21"
[1] "n sub: 30, n images per sub: 5, sigma^2: 2, beta: 0.69, simulation: 21"
[1] "n sub: 30, n images per sub: 5, sigma^2: 0.5, beta: 0.69, simulation: 21"
[1] "n sub: 30, n images per sub: 5, sigma^2: 2, beta: 0.69, simulation: 22"
[1] "n sub: 30, n images per sub: 5, sigma^2: 1, beta: 0.69, simulation: 22"
[1] "n sub: 30, n images per sub: 5, sigma^2: 0.5, beta: 0.69, simulation: 22"
[1] "n sub: 30, n images per sub: 5, sigma^2: 2, beta: 0.69, simulation: 23"
[1] "n sub: 30, n images per sub: 5, sigma^2: 1, beta: 0.69, simulation: 23"
[1] "n sub: 30, n images per sub: 5, sigma^2: 0.5, beta: 0.69, simulation: 23"
[1] "n sub: 30, n images per sub: 5, sigma^2: 2, beta: 0.69, simulation: 24"
[1] "n sub: 30, n images per sub: 5, sigma^2: 1, beta: 0.69, simulation: 24"
[1] "n sub: 30, n images per sub: 5, sigma^2: 0.5, beta: 0.69, simulation: 24"
[1] "n sub: 30, n images per sub: 5, sigma^2: 2, beta: 0.69, simulation: 25"
[1] "n sub: 30, n images per sub: 5, sigma^2: 1, beta: 0.69, simulation: 25"
[1] "n sub: 30, n images per sub: 5, sigma^2: 0.5, beta: 0.69, simulation: 25"
[1] "n sub: 30, n images per sub: 5, sigma^2: 2, beta: 0.69, simulation: 26"
[1] "n sub: 30, n images per sub: 5, sigma^2: 1, beta: 0.69, simulation: 26"
[1] "n sub: 30, n images per sub: 5, sigma^2: 0.5, beta: 0.69, simulation: 26"
[1] "n sub: 30, n images per sub: 5, sigma^2: 2, beta: 0.69, simulation: 27"
[1] "n sub: 30, n images per sub: 5, sigma^2: 1, beta: 0.69, simulation: 27"
[1] "n sub: 30, n images per sub: 5, sigma^2: 0.5, beta: 0.69, simulation: 27"
[1] "n sub: 30, n images per sub: 5, sigma^2: 2, beta: 0.69, simulation: 28"
[1] "n sub: 30, n images per sub: 5, sigma^2: 1, beta: 0.69, simulation: 28"
[1] "n sub: 30, n images per sub: 5, sigma^2: 0.5, beta: 0.69, simulation: 28"
[1] "n sub: 30, n images per sub: 5, sigma^2: 2, beta: 0.69, simulation: 29"
[1] "n sub: 30, n images per sub: 5, sigma^2: 1, beta: 0.69, simulation: 29"
[1] "n sub: 30, n images per sub: 5, sigma^2: 0.5, beta: 0.69, simulation: 29"
[1] "n sub: 30, n images per sub: 5, sigma^2: 2, beta: 0.69, simulation: 30"
[1] "n sub: 30, n images per sub: 5, sigma^2: 1, beta: 0.69, simulation: 30"
[1] "n sub: 30, n images per sub: 5, sigma^2: 0.5, beta: 0.69, simulation: 30"
[1] "n sub: 30, n images per sub: 5, sigma^2: 2, beta: 0.69, simulation: 31"
[1] "n sub: 30, n images per sub: 5, sigma^2: 1, beta: 0.69, simulation: 31"
[1] "n sub: 30, n images per sub: 5, sigma^2: 0.5, beta: 0.69, simulation: 31"
[1] "n sub: 30, n images per sub: 5, sigma^2: 2, beta: 0.69, simulation: 32"
[1] "n sub: 30, n images per sub: 5, sigma^2: 1, beta: 0.69, simulation: 32"
[1] "n sub: 30, n images per sub: 5, sigma^2: 0.5, beta: 0.69, simulation: 32"
[1] "n sub: 30, n images per sub: 5, sigma^2: 2, beta: 0.69, simulation: 33"
[1] "n sub: 30, n images per sub: 5, sigma^2: 1, beta: 0.69, simulation: 33"
[1] "n sub: 30, n images per sub: 5, sigma^2: 0.5, beta: 0.69, simulation: 33"
[1] "n sub: 30, n images per sub: 5, sigma^2: 2, beta: 0.69, simulation: 34"
[1] "n sub: 30, n images per sub: 5, sigma^2: 1, beta: 0.69, simulation: 34"
[1] "n sub: 30, n images per sub: 5, sigma^2: 0.5, beta: 0.69, simulation: 34"
[1] "n sub: 30, n images per sub: 5, sigma^2: 2, beta: 0.69, simulation: 35"
[1] "n sub: 30, n images per sub: 5, sigma^2: 1, beta: 0.69, simulation: 35"
[1] "n sub: 30, n images per sub: 5, sigma^2: 0.5, beta: 0.69, simulation: 35"
[1] "n sub: 30, n images per sub: 5, sigma^2: 2, beta: 0.69, simulation: 36"
[1] "n sub: 30, n images per sub: 5, sigma^2: 1, beta: 0.69, simulation: 36"
[1] "n sub: 30, n images per sub: 5, sigma^2: 0.5, beta: 0.69, simulation: 36"
[1] "n sub: 30, n images per sub: 5, sigma^2: 2, beta: 0.69, simulation: 37"
[1] "n sub: 30, n images per sub: 5, sigma^2: 1, beta: 0.69, simulation: 37"
[1] "n sub: 30, n images per sub: 5, sigma^2: 0.5, beta: 0.69, simulation: 37"
[1] "n sub: 30, n images per sub: 5, sigma^2: 2, beta: 0.69, simulation: 38"
[1] "n sub: 30, n images per sub: 5, sigma^2: 1, beta: 0.69, simulation: 38"
[1] "n sub: 30, n images per sub: 5, sigma^2: 0.5, beta: 0.69, simulation: 38"
