 [1] 12745 12746 12747 12748 12749 12750 12751 12752 12753 12754 12755 12756
[13] 12757 12758 12759 12760 12761 12762 12763 12764 12765 12766 12767 12768
[25] 12769 12770 12771 12772 12773 12774 12775 12776 12777 12778 12779 12780
[37] 12781 12782 12783 12784 12785 12786 12787 12788 12789 12790 12791 12792
[49] 12793 12794 12795 12796 12797 12798
[1] "n sub: 30, n images per sub: 5, sigma^2: 1, beta: 0.41, simulation: 49"
[1] "n sub: 30, n images per sub: 5, sigma^2: 0.5, beta: 0.41, simulation: 49"
[1] "n sub: 30, n images per sub: 5, sigma^2: 2, beta: 0.41, simulation: 49"
[1] "n sub: 30, n images per sub: 5, sigma^2: 0.5, beta: 0.41, simulation: 50"
[1] "n sub: 30, n images per sub: 5, sigma^2: 1, beta: 0.41, simulation: 50"
[1] "n sub: 30, n images per sub: 5, sigma^2: 2, beta: 0.41, simulation: 50"
[1] "n sub: 30, n images per sub: 5, sigma^2: 0.5, beta: 0.41, simulation: 51"
[1] "n sub: 30, n images per sub: 5, sigma^2: 1, beta: 0.41, simulation: 51"
[1] "n sub: 30, n images per sub: 5, sigma^2: 2, beta: 0.41, simulation: 51"
[1] "n sub: 30, n images per sub: 5, sigma^2: 0.5, beta: 0.41, simulation: 52"
[1] "n sub: 30, n images per sub: 5, sigma^2: 1, beta: 0.41, simulation: 52"
[1] "n sub: 30, n images per sub: 5, sigma^2: 2, beta: 0.41, simulation: 52"
[1] "n sub: 30, n images per sub: 5, sigma^2: 0.5, beta: 0.41, simulation: 53"
[1] "n sub: 30, n images per sub: 5, sigma^2: 1, beta: 0.41, simulation: 53"
[1] "n sub: 30, n images per sub: 5, sigma^2: 2, beta: 0.41, simulation: 53"
[1] "n sub: 30, n images per sub: 5, sigma^2: 0.5, beta: 0.41, simulation: 54"
[1] "n sub: 30, n images per sub: 5, sigma^2: 1, beta: 0.41, simulation: 54"
[1] "n sub: 30, n images per sub: 5, sigma^2: 2, beta: 0.41, simulation: 54"
[1] "n sub: 30, n images per sub: 5, sigma^2: 0.5, beta: 0.41, simulation: 55"
[1] "n sub: 30, n images per sub: 5, sigma^2: 1, beta: 0.41, simulation: 55"
[1] "n sub: 30, n images per sub: 5, sigma^2: 2, beta: 0.41, simulation: 55"
[1] "n sub: 30, n images per sub: 5, sigma^2: 0.5, beta: 0.41, simulation: 56"
[1] "n sub: 30, n images per sub: 5, sigma^2: 1, beta: 0.41, simulation: 56"
[1] "n sub: 30, n images per sub: 5, sigma^2: 2, beta: 0.41, simulation: 56"
[1] "n sub: 30, n images per sub: 5, sigma^2: 0.5, beta: 0.41, simulation: 57"
[1] "n sub: 30, n images per sub: 5, sigma^2: 1, beta: 0.41, simulation: 57"
[1] "n sub: 30, n images per sub: 5, sigma^2: 2, beta: 0.41, simulation: 57"
[1] "n sub: 30, n images per sub: 5, sigma^2: 0.5, beta: 0.41, simulation: 58"
[1] "n sub: 30, n images per sub: 5, sigma^2: 1, beta: 0.41, simulation: 58"
[1] "n sub: 30, n images per sub: 5, sigma^2: 2, beta: 0.41, simulation: 58"
[1] "n sub: 30, n images per sub: 5, sigma^2: 0.5, beta: 0.41, simulation: 59"
[1] "n sub: 30, n images per sub: 5, sigma^2: 1, beta: 0.41, simulation: 59"
[1] "n sub: 30, n images per sub: 5, sigma^2: 2, beta: 0.41, simulation: 59"
[1] "n sub: 30, n images per sub: 5, sigma^2: 1, beta: 0.41, simulation: 60"
[1] "n sub: 30, n images per sub: 5, sigma^2: 0.5, beta: 0.41, simulation: 60"
[1] "n sub: 30, n images per sub: 5, sigma^2: 2, beta: 0.41, simulation: 60"
[1] "n sub: 30, n images per sub: 5, sigma^2: 1, beta: 0.41, simulation: 61"
[1] "n sub: 30, n images per sub: 5, sigma^2: 0.5, beta: 0.41, simulation: 61"
[1] "n sub: 30, n images per sub: 5, sigma^2: 2, beta: 0.41, simulation: 61"
[1] "n sub: 30, n images per sub: 5, sigma^2: 1, beta: 0.41, simulation: 62"
[1] "n sub: 30, n images per sub: 5, sigma^2: 0.5, beta: 0.41, simulation: 62"
[1] "n sub: 30, n images per sub: 5, sigma^2: 2, beta: 0.41, simulation: 62"
[1] "n sub: 30, n images per sub: 5, sigma^2: 1, beta: 0.41, simulation: 63"
[1] "n sub: 30, n images per sub: 5, sigma^2: 0.5, beta: 0.41, simulation: 63"
[1] "n sub: 30, n images per sub: 5, sigma^2: 2, beta: 0.41, simulation: 63"
[1] "n sub: 30, n images per sub: 5, sigma^2: 1, beta: 0.41, simulation: 64"
[1] "n sub: 30, n images per sub: 5, sigma^2: 0.5, beta: 0.41, simulation: 64"
[1] "n sub: 30, n images per sub: 5, sigma^2: 2, beta: 0.41, simulation: 64"
[1] "n sub: 30, n images per sub: 5, sigma^2: 1, beta: 0.41, simulation: 65"
[1] "n sub: 30, n images per sub: 5, sigma^2: 0.5, beta: 0.41, simulation: 65"
[1] "n sub: 30, n images per sub: 5, sigma^2: 2, beta: 0.41, simulation: 65"
[1] "n sub: 30, n images per sub: 5, sigma^2: 1, beta: 0.41, simulation: 66"
[1] "n sub: 30, n images per sub: 5, sigma^2: 0.5, beta: 0.41, simulation: 66"
[1] "n sub: 30, n images per sub: 5, sigma^2: 2, beta: 0.41, simulation: 66"
