 [1] 13501 13502 13503 13504 13505 13506 13507 13508 13509 13510 13511 13512
[13] 13513 13514 13515 13516 13517 13518 13519 13520 13521 13522 13523 13524
[25] 13525 13526 13527
[1] "n sub: 50, n images per sub: 5, sigma^2: 0.5, beta: -1.1, simulation: 1"
[1] "n sub: 50, n images per sub: 5, sigma^2: 1, beta: -1.1, simulation: 1"
[1] "n sub: 50, n images per sub: 5, sigma^2: 2, beta: -1.1, simulation: 1"
[1] "n sub: 50, n images per sub: 5, sigma^2: 0.5, beta: -1.1, simulation: 2"
[1] "n sub: 50, n images per sub: 5, sigma^2: 1, beta: -1.1, simulation: 2"
[1] "n sub: 50, n images per sub: 5, sigma^2: 2, beta: -1.1, simulation: 2"
[1] "n sub: 50, n images per sub: 5, sigma^2: 0.5, beta: -1.1, simulation: 3"
[1] "n sub: 50, n images per sub: 5, sigma^2: 1, beta: -1.1, simulation: 3"
[1] "n sub: 50, n images per sub: 5, sigma^2: 2, beta: -1.1, simulation: 3"
[1] "n sub: 50, n images per sub: 5, sigma^2: 0.5, beta: -1.1, simulation: 4"
[1] "n sub: 50, n images per sub: 5, sigma^2: 1, beta: -1.1, simulation: 4"
[1] "n sub: 50, n images per sub: 5, sigma^2: 2, beta: -1.1, simulation: 4"
[1] "n sub: 50, n images per sub: 5, sigma^2: 0.5, beta: -1.1, simulation: 5"
[1] "n sub: 50, n images per sub: 5, sigma^2: 1, beta: -1.1, simulation: 5"
[1] "n sub: 50, n images per sub: 5, sigma^2: 2, beta: -1.1, simulation: 5"
[1] "n sub: 50, n images per sub: 5, sigma^2: 0.5, beta: -1.1, simulation: 6"
[1] "n sub: 50, n images per sub: 5, sigma^2: 1, beta: -1.1, simulation: 6"
[1] "n sub: 50, n images per sub: 5, sigma^2: 2, beta: -1.1, simulation: 6"
[1] "n sub: 50, n images per sub: 5, sigma^2: 0.5, beta: -1.1, simulation: 7"
[1] "n sub: 50, n images per sub: 5, sigma^2: 1, beta: -1.1, simulation: 7"
[1] "n sub: 50, n images per sub: 5, sigma^2: 2, beta: -1.1, simulation: 7"
[1] "n sub: 50, n images per sub: 5, sigma^2: 0.5, beta: -1.1, simulation: 8"
[1] "n sub: 50, n images per sub: 5, sigma^2: 1, beta: -1.1, simulation: 8"
[1] "n sub: 50, n images per sub: 5, sigma^2: 2, beta: -1.1, simulation: 8"
[1] "n sub: 50, n images per sub: 5, sigma^2: 2, beta: -1.1, simulation: 9"
[1] "n sub: 50, n images per sub: 5, sigma^2: 0.5, beta: -1.1, simulation: 9"
[1] "n sub: 50, n images per sub: 5, sigma^2: 1, beta: -1.1, simulation: 9"
