  [1] 9721 9722 9723 9724 9725 9726 9727 9728 9729 9730 9731 9732 9733 9734 9735
 [16] 9736 9737 9738 9739 9740 9741 9742 9743 9744 9745 9746 9747 9748 9749 9750
 [31] 9751 9752 9753 9754 9755 9756 9757 9758 9759 9760 9761 9762 9763 9764 9765
 [46] 9766 9767 9768 9769 9770 9771 9772 9773 9774 9775 9776 9777 9778 9779 9780
 [61] 9781 9782 9783 9784 9785 9786 9787 9788 9789 9790 9791 9792 9793 9794 9795
 [76] 9796 9797 9798 9799 9800 9801 9802 9803 9804 9805 9806 9807 9808 9809 9810
 [91] 9811 9812 9813 9814 9815 9816 9817 9818 9819 9820 9821 9822 9823 9824 9825
[106] 9826 9827 9828
[1] "n sub: 10, n images per sub: 5, sigma^2: 2, beta: 0.22, simulation: 41"
[1] "n sub: 10, n images per sub: 5, sigma^2: 1, beta: 0.22, simulation: 41"
[1] "n sub: 10, n images per sub: 5, sigma^2: 0.5, beta: 0.22, simulation: 41"
[1] "n sub: 10, n images per sub: 5, sigma^2: 2, beta: 0.22, simulation: 42"
[1] "n sub: 10, n images per sub: 5, sigma^2: 1, beta: 0.22, simulation: 42"
[1] "n sub: 10, n images per sub: 5, sigma^2: 0.5, beta: 0.22, simulation: 42"
[1] "n sub: 10, n images per sub: 5, sigma^2: 2, beta: 0.22, simulation: 43"
[1] "n sub: 10, n images per sub: 5, sigma^2: 1, beta: 0.22, simulation: 43"
[1] "n sub: 10, n images per sub: 5, sigma^2: 0.5, beta: 0.22, simulation: 43"
[1] "n sub: 10, n images per sub: 5, sigma^2: 2, beta: 0.22, simulation: 44"
[1] "n sub: 10, n images per sub: 5, sigma^2: 1, beta: 0.22, simulation: 44"
[1] "n sub: 10, n images per sub: 5, sigma^2: 0.5, beta: 0.22, simulation: 44"
[1] "n sub: 10, n images per sub: 5, sigma^2: 2, beta: 0.22, simulation: 45"
[1] "n sub: 10, n images per sub: 5, sigma^2: 1, beta: 0.22, simulation: 45"
[1] "n sub: 10, n images per sub: 5, sigma^2: 0.5, beta: 0.22, simulation: 45"
[1] "n sub: 10, n images per sub: 5, sigma^2: 2, beta: 0.22, simulation: 46"
[1] "n sub: 10, n images per sub: 5, sigma^2: 1, beta: 0.22, simulation: 46"
[1] "n sub: 10, n images per sub: 5, sigma^2: 0.5, beta: 0.22, simulation: 46"
[1] "n sub: 10, n images per sub: 5, sigma^2: 2, beta: 0.22, simulation: 47"
[1] "n sub: 10, n images per sub: 5, sigma^2: 1, beta: 0.22, simulation: 47"
[1] "n sub: 10, n images per sub: 5, sigma^2: 0.5, beta: 0.22, simulation: 47"
[1] "n sub: 10, n images per sub: 5, sigma^2: 2, beta: 0.22, simulation: 48"
[1] "n sub: 10, n images per sub: 5, sigma^2: 1, beta: 0.22, simulation: 48"
[1] "n sub: 10, n images per sub: 5, sigma^2: 0.5, beta: 0.22, simulation: 48"
[1] "n sub: 10, n images per sub: 5, sigma^2: 2, beta: 0.22, simulation: 49"
[1] "n sub: 10, n images per sub: 5, sigma^2: 1, beta: 0.22, simulation: 49"
[1] "n sub: 10, n images per sub: 5, sigma^2: 0.5, beta: 0.22, simulation: 49"
[1] "n sub: 10, n images per sub: 5, sigma^2: 2, beta: 0.22, simulation: 50"
[1] "n sub: 10, n images per sub: 5, sigma^2: 1, beta: 0.22, simulation: 50"
[1] "n sub: 10, n images per sub: 5, sigma^2: 0.5, beta: 0.22, simulation: 50"
[1] "n sub: 10, n images per sub: 5, sigma^2: 2, beta: 0.22, simulation: 51"
[1] "n sub: 10, n images per sub: 5, sigma^2: 1, beta: 0.22, simulation: 51"
[1] "n sub: 10, n images per sub: 5, sigma^2: 0.5, beta: 0.22, simulation: 51"
[1] "n sub: 10, n images per sub: 5, sigma^2: 2, beta: 0.22, simulation: 52"
[1] "n sub: 10, n images per sub: 5, sigma^2: 1, beta: 0.22, simulation: 52"
[1] "n sub: 10, n images per sub: 5, sigma^2: 0.5, beta: 0.22, simulation: 52"
[1] "n sub: 10, n images per sub: 5, sigma^2: 2, beta: 0.22, simulation: 53"
[1] "n sub: 10, n images per sub: 5, sigma^2: 1, beta: 0.22, simulation: 53"
[1] "n sub: 10, n images per sub: 5, sigma^2: 0.5, beta: 0.22, simulation: 53"
[1] "n sub: 10, n images per sub: 5, sigma^2: 2, beta: 0.22, simulation: 54"
[1] "n sub: 10, n images per sub: 5, sigma^2: 1, beta: 0.22, simulation: 54"
[1] "n sub: 10, n images per sub: 5, sigma^2: 0.5, beta: 0.22, simulation: 54"
[1] "n sub: 10, n images per sub: 5, sigma^2: 2, beta: 0.22, simulation: 55"
[1] "n sub: 10, n images per sub: 5, sigma^2: 1, beta: 0.22, simulation: 55"
[1] "n sub: 10, n images per sub: 5, sigma^2: 0.5, beta: 0.22, simulation: 55"
[1] "n sub: 10, n images per sub: 5, sigma^2: 2, beta: 0.22, simulation: 56"
[1] "n sub: 10, n images per sub: 5, sigma^2: 1, beta: 0.22, simulation: 56"
[1] "n sub: 10, n images per sub: 5, sigma^2: 0.5, beta: 0.22, simulation: 56"
[1] "n sub: 10, n images per sub: 5, sigma^2: 2, beta: 0.22, simulation: 57"
[1] "n sub: 10, n images per sub: 5, sigma^2: 1, beta: 0.22, simulation: 57"
[1] "n sub: 10, n images per sub: 5, sigma^2: 0.5, beta: 0.22, simulation: 57"
[1] "n sub: 10, n images per sub: 5, sigma^2: 2, beta: 0.22, simulation: 58"
[1] "n sub: 10, n images per sub: 5, sigma^2: 1, beta: 0.22, simulation: 58"
[1] "n sub: 10, n images per sub: 5, sigma^2: 0.5, beta: 0.22, simulation: 58"
[1] "n sub: 10, n images per sub: 5, sigma^2: 2, beta: 0.22, simulation: 59"
[1] "n sub: 10, n images per sub: 5, sigma^2: 1, beta: 0.22, simulation: 59"
[1] "n sub: 10, n images per sub: 5, sigma^2: 0.5, beta: 0.22, simulation: 59"
[1] "n sub: 10, n images per sub: 5, sigma^2: 2, beta: 0.22, simulation: 60"
[1] "n sub: 10, n images per sub: 5, sigma^2: 1, beta: 0.22, simulation: 60"
[1] "n sub: 10, n images per sub: 5, sigma^2: 0.5, beta: 0.22, simulation: 60"
[1] "n sub: 10, n images per sub: 5, sigma^2: 2, beta: 0.22, simulation: 61"
[1] "n sub: 10, n images per sub: 5, sigma^2: 1, beta: 0.22, simulation: 61"
[1] "n sub: 10, n images per sub: 5, sigma^2: 0.5, beta: 0.22, simulation: 61"
[1] "n sub: 10, n images per sub: 5, sigma^2: 2, beta: 0.22, simulation: 62"
[1] "n sub: 10, n images per sub: 5, sigma^2: 1, beta: 0.22, simulation: 62"
[1] "n sub: 10, n images per sub: 5, sigma^2: 0.5, beta: 0.22, simulation: 62"
[1] "n sub: 10, n images per sub: 5, sigma^2: 2, beta: 0.22, simulation: 63"
[1] "n sub: 10, n images per sub: 5, sigma^2: 1, beta: 0.22, simulation: 63"
[1] "n sub: 10, n images per sub: 5, sigma^2: 0.5, beta: 0.22, simulation: 63"
[1] "n sub: 10, n images per sub: 5, sigma^2: 2, beta: 0.22, simulation: 64"
[1] "n sub: 10, n images per sub: 5, sigma^2: 1, beta: 0.22, simulation: 64"
[1] "n sub: 10, n images per sub: 5, sigma^2: 0.5, beta: 0.22, simulation: 64"
[1] "n sub: 10, n images per sub: 5, sigma^2: 2, beta: 0.22, simulation: 65"
[1] "n sub: 10, n images per sub: 5, sigma^2: 1, beta: 0.22, simulation: 65"
[1] "n sub: 10, n images per sub: 5, sigma^2: 0.5, beta: 0.22, simulation: 65"
[1] "n sub: 10, n images per sub: 5, sigma^2: 2, beta: 0.22, simulation: 66"
[1] "n sub: 10, n images per sub: 5, sigma^2: 1, beta: 0.22, simulation: 66"
[1] "n sub: 10, n images per sub: 5, sigma^2: 0.5, beta: 0.22, simulation: 66"
[1] "n sub: 10, n images per sub: 5, sigma^2: 2, beta: 0.22, simulation: 67"
[1] "n sub: 10, n images per sub: 5, sigma^2: 1, beta: 0.22, simulation: 67"
[1] "n sub: 10, n images per sub: 5, sigma^2: 0.5, beta: 0.22, simulation: 67"
[1] "n sub: 10, n images per sub: 5, sigma^2: 2, beta: 0.22, simulation: 68"
[1] "n sub: 10, n images per sub: 5, sigma^2: 1, beta: 0.22, simulation: 68"
[1] "n sub: 10, n images per sub: 5, sigma^2: 0.5, beta: 0.22, simulation: 68"
[1] "n sub: 10, n images per sub: 5, sigma^2: 2, beta: 0.22, simulation: 69"
[1] "n sub: 10, n images per sub: 5, sigma^2: 1, beta: 0.22, simulation: 69"
[1] "n sub: 10, n images per sub: 5, sigma^2: 0.5, beta: 0.22, simulation: 69"
[1] "n sub: 10, n images per sub: 5, sigma^2: 2, beta: 0.22, simulation: 70"
[1] "n sub: 10, n images per sub: 5, sigma^2: 1, beta: 0.22, simulation: 70"
[1] "n sub: 10, n images per sub: 5, sigma^2: 0.5, beta: 0.22, simulation: 70"
[1] "n sub: 10, n images per sub: 5, sigma^2: 2, beta: 0.22, simulation: 71"
[1] "n sub: 10, n images per sub: 5, sigma^2: 1, beta: 0.22, simulation: 71"
[1] "n sub: 10, n images per sub: 5, sigma^2: 0.5, beta: 0.22, simulation: 71"
[1] "n sub: 10, n images per sub: 5, sigma^2: 2, beta: 0.22, simulation: 72"
[1] "n sub: 10, n images per sub: 5, sigma^2: 1, beta: 0.22, simulation: 72"
[1] "n sub: 10, n images per sub: 5, sigma^2: 0.5, beta: 0.22, simulation: 72"
[1] "n sub: 10, n images per sub: 5, sigma^2: 2, beta: 0.22, simulation: 73"
[1] "n sub: 10, n images per sub: 5, sigma^2: 1, beta: 0.22, simulation: 73"
[1] "n sub: 10, n images per sub: 5, sigma^2: 0.5, beta: 0.22, simulation: 73"
[1] "n sub: 10, n images per sub: 5, sigma^2: 2, beta: 0.22, simulation: 74"
[1] "n sub: 10, n images per sub: 5, sigma^2: 1, beta: 0.22, simulation: 74"
[1] "n sub: 10, n images per sub: 5, sigma^2: 0.5, beta: 0.22, simulation: 74"
[1] "n sub: 10, n images per sub: 5, sigma^2: 2, beta: 0.22, simulation: 75"
[1] "n sub: 10, n images per sub: 5, sigma^2: 1, beta: 0.22, simulation: 75"
[1] "n sub: 10, n images per sub: 5, sigma^2: 0.5, beta: 0.22, simulation: 75"
[1] "n sub: 10, n images per sub: 5, sigma^2: 2, beta: 0.22, simulation: 76"
[1] "n sub: 10, n images per sub: 5, sigma^2: 1, beta: 0.22, simulation: 76"
[1] "n sub: 10, n images per sub: 5, sigma^2: 0.5, beta: 0.22, simulation: 76"
