 [1] 16012 16013 16014 16015 16016 16017 16018 16019 16020 16021 16022 16023
[13] 16024 16025 16026 16027 16028 16029 16030 16031 16032 16033 16034 16035
[25] 16036 16037 16038
[1] "n sub: 50, n images per sub: 5, sigma^2: 0.5, beta: 1.1, simulation: 38"
[1] "n sub: 50, n images per sub: 5, sigma^2: 1, beta: 1.1, simulation: 38"
[1] "n sub: 50, n images per sub: 5, sigma^2: 2, beta: 1.1, simulation: 38"
[1] "n sub: 50, n images per sub: 5, sigma^2: 0.5, beta: 1.1, simulation: 39"
[1] "n sub: 50, n images per sub: 5, sigma^2: 1, beta: 1.1, simulation: 39"
[1] "n sub: 50, n images per sub: 5, sigma^2: 2, beta: 1.1, simulation: 39"
[1] "n sub: 50, n images per sub: 5, sigma^2: 2, beta: 1.1, simulation: 40"
[1] "n sub: 50, n images per sub: 5, sigma^2: 1, beta: 1.1, simulation: 40"
[1] "n sub: 50, n images per sub: 5, sigma^2: 0.5, beta: 1.1, simulation: 40"
[1] "n sub: 50, n images per sub: 5, sigma^2: 2, beta: 1.1, simulation: 41"
[1] "n sub: 50, n images per sub: 5, sigma^2: 1, beta: 1.1, simulation: 41"
[1] "n sub: 50, n images per sub: 5, sigma^2: 0.5, beta: 1.1, simulation: 41"
[1] "n sub: 50, n images per sub: 5, sigma^2: 2, beta: 1.1, simulation: 42"
[1] "n sub: 50, n images per sub: 5, sigma^2: 1, beta: 1.1, simulation: 42"
[1] "n sub: 50, n images per sub: 5, sigma^2: 0.5, beta: 1.1, simulation: 42"
[1] "n sub: 50, n images per sub: 5, sigma^2: 2, beta: 1.1, simulation: 43"
[1] "n sub: 50, n images per sub: 5, sigma^2: 1, beta: 1.1, simulation: 43"
[1] "n sub: 50, n images per sub: 5, sigma^2: 0.5, beta: 1.1, simulation: 43"
[1] "n sub: 50, n images per sub: 5, sigma^2: 2, beta: 1.1, simulation: 44"
[1] "n sub: 50, n images per sub: 5, sigma^2: 1, beta: 1.1, simulation: 44"
[1] "n sub: 50, n images per sub: 5, sigma^2: 0.5, beta: 1.1, simulation: 44"
[1] "n sub: 50, n images per sub: 5, sigma^2: 2, beta: 1.1, simulation: 45"
[1] "n sub: 50, n images per sub: 5, sigma^2: 1, beta: 1.1, simulation: 45"
[1] "n sub: 50, n images per sub: 5, sigma^2: 0.5, beta: 1.1, simulation: 45"
[1] "n sub: 50, n images per sub: 5, sigma^2: 2, beta: 1.1, simulation: 46"
[1] "n sub: 50, n images per sub: 5, sigma^2: 1, beta: 1.1, simulation: 46"
[1] "n sub: 50, n images per sub: 5, sigma^2: 0.5, beta: 1.1, simulation: 46"
