  [1] 2431 2432 2433 2434 2435 2436 2437 2438 2439 2440 2441 2442 2443 2444 2445
 [16] 2446 2447 2448 2449 2450 2451 2452 2453 2454 2455 2456 2457 2458 2459 2460
 [31] 2461 2462 2463 2464 2465 2466 2467 2468 2469 2470 2471 2472 2473 2474 2475
 [46] 2476 2477 2478 2479 2480 2481 2482 2483 2484 2485 2486 2487 2488 2489 2490
 [61] 2491 2492 2493 2494 2495 2496 2497 2498 2499 2500 2501 2502 2503 2504 2505
 [76] 2506 2507 2508 2509 2510 2511 2512 2513 2514 2515 2516 2517 2518 2519 2520
 [91] 2521 2522 2523 2524 2525 2526 2527 2528 2529 2530 2531 2532 2533 2534 2535
[106] 2536 2537 2538 2539 2540 2541 2542 2543 2544 2545 2546 2547 2548 2549 2550
[121] 2551 2552 2553 2554 2555 2556 2557 2558 2559 2560 2561 2562 2563 2564 2565
[1] "n sub: 10, n images per sub: 1, sigma^2: 2, beta: 1.1, simulation: 11"
[1] "n sub: 10, n images per sub: 1, sigma^2: 1, beta: 1.1, simulation: 11"
[1] "n sub: 10, n images per sub: 1, sigma^2: 0.5, beta: 1.1, simulation: 11"
[1] "n sub: 10, n images per sub: 1, sigma^2: 2, beta: 1.1, simulation: 12"
[1] "n sub: 10, n images per sub: 1, sigma^2: 1, beta: 1.1, simulation: 12"
[1] "n sub: 10, n images per sub: 1, sigma^2: 0.5, beta: 1.1, simulation: 12"
[1] "n sub: 10, n images per sub: 1, sigma^2: 2, beta: 1.1, simulation: 13"
[1] "n sub: 10, n images per sub: 1, sigma^2: 0.5, beta: 1.1, simulation: 13"
[1] "n sub: 10, n images per sub: 1, sigma^2: 1, beta: 1.1, simulation: 13"
[1] "n sub: 10, n images per sub: 1, sigma^2: 2, beta: 1.1, simulation: 14"
[1] "n sub: 10, n images per sub: 1, sigma^2: 0.5, beta: 1.1, simulation: 14"
[1] "n sub: 10, n images per sub: 1, sigma^2: 1, beta: 1.1, simulation: 14"
[1] "n sub: 10, n images per sub: 1, sigma^2: 2, beta: 1.1, simulation: 15"
[1] "n sub: 10, n images per sub: 1, sigma^2: 0.5, beta: 1.1, simulation: 15"
[1] "n sub: 10, n images per sub: 1, sigma^2: 1, beta: 1.1, simulation: 15"
[1] "n sub: 10, n images per sub: 1, sigma^2: 2, beta: 1.1, simulation: 16"
[1] "n sub: 10, n images per sub: 1, sigma^2: 0.5, beta: 1.1, simulation: 16"
[1] "n sub: 10, n images per sub: 1, sigma^2: 1, beta: 1.1, simulation: 16"
[1] "n sub: 10, n images per sub: 1, sigma^2: 2, beta: 1.1, simulation: 17"
[1] "n sub: 10, n images per sub: 1, sigma^2: 0.5, beta: 1.1, simulation: 17"
[1] "n sub: 10, n images per sub: 1, sigma^2: 1, beta: 1.1, simulation: 17"
[1] "n sub: 10, n images per sub: 1, sigma^2: 2, beta: 1.1, simulation: 18"
[1] "n sub: 10, n images per sub: 1, sigma^2: 1, beta: 1.1, simulation: 18"
[1] "n sub: 10, n images per sub: 1, sigma^2: 0.5, beta: 1.1, simulation: 18"
[1] "n sub: 10, n images per sub: 1, sigma^2: 2, beta: 1.1, simulation: 19"
[1] "n sub: 10, n images per sub: 1, sigma^2: 1, beta: 1.1, simulation: 19"
[1] "n sub: 10, n images per sub: 1, sigma^2: 0.5, beta: 1.1, simulation: 19"
[1] "n sub: 10, n images per sub: 1, sigma^2: 2, beta: 1.1, simulation: 20"
[1] "n sub: 10, n images per sub: 1, sigma^2: 0.5, beta: 1.1, simulation: 20"
[1] "n sub: 10, n images per sub: 1, sigma^2: 1, beta: 1.1, simulation: 20"
[1] "n sub: 10, n images per sub: 1, sigma^2: 2, beta: 1.1, simulation: 21"
[1] "n sub: 10, n images per sub: 1, sigma^2: 0.5, beta: 1.1, simulation: 21"
[1] "n sub: 10, n images per sub: 1, sigma^2: 1, beta: 1.1, simulation: 21"
[1] "n sub: 10, n images per sub: 1, sigma^2: 2, beta: 1.1, simulation: 22"
[1] "n sub: 10, n images per sub: 1, sigma^2: 0.5, beta: 1.1, simulation: 22"
[1] "n sub: 10, n images per sub: 1, sigma^2: 1, beta: 1.1, simulation: 22"
[1] "n sub: 10, n images per sub: 1, sigma^2: 2, beta: 1.1, simulation: 23"
[1] "n sub: 10, n images per sub: 1, sigma^2: 1, beta: 1.1, simulation: 23"
[1] "n sub: 10, n images per sub: 1, sigma^2: 0.5, beta: 1.1, simulation: 23"
[1] "n sub: 10, n images per sub: 1, sigma^2: 2, beta: 1.1, simulation: 24"
[1] "n sub: 10, n images per sub: 1, sigma^2: 1, beta: 1.1, simulation: 24"
[1] "n sub: 10, n images per sub: 1, sigma^2: 0.5, beta: 1.1, simulation: 24"
[1] "n sub: 10, n images per sub: 1, sigma^2: 2, beta: 1.1, simulation: 25"
[1] "n sub: 10, n images per sub: 1, sigma^2: 1, beta: 1.1, simulation: 25"
[1] "n sub: 10, n images per sub: 1, sigma^2: 0.5, beta: 1.1, simulation: 25"
[1] "n sub: 10, n images per sub: 1, sigma^2: 2, beta: 1.1, simulation: 26"
[1] "n sub: 10, n images per sub: 1, sigma^2: 1, beta: 1.1, simulation: 26"
[1] "n sub: 10, n images per sub: 1, sigma^2: 0.5, beta: 1.1, simulation: 26"
[1] "n sub: 10, n images per sub: 1, sigma^2: 2, beta: 1.1, simulation: 27"
[1] "n sub: 10, n images per sub: 1, sigma^2: 1, beta: 1.1, simulation: 27"
[1] "n sub: 10, n images per sub: 1, sigma^2: 0.5, beta: 1.1, simulation: 27"
[1] "n sub: 10, n images per sub: 1, sigma^2: 2, beta: 1.1, simulation: 28"
[1] "n sub: 10, n images per sub: 1, sigma^2: 1, beta: 1.1, simulation: 28"
[1] "n sub: 10, n images per sub: 1, sigma^2: 0.5, beta: 1.1, simulation: 28"
[1] "n sub: 10, n images per sub: 1, sigma^2: 2, beta: 1.1, simulation: 29"
[1] "n sub: 10, n images per sub: 1, sigma^2: 1, beta: 1.1, simulation: 29"
[1] "n sub: 10, n images per sub: 1, sigma^2: 0.5, beta: 1.1, simulation: 29"
[1] "n sub: 10, n images per sub: 1, sigma^2: 1, beta: 1.1, simulation: 30"
[1] "n sub: 10, n images per sub: 1, sigma^2: 2, beta: 1.1, simulation: 30"
[1] "n sub: 10, n images per sub: 1, sigma^2: 0.5, beta: 1.1, simulation: 30"
[1] "n sub: 10, n images per sub: 1, sigma^2: 2, beta: 1.1, simulation: 31"
[1] "n sub: 10, n images per sub: 1, sigma^2: 1, beta: 1.1, simulation: 31"
[1] "n sub: 10, n images per sub: 1, sigma^2: 0.5, beta: 1.1, simulation: 31"
[1] "n sub: 10, n images per sub: 1, sigma^2: 1, beta: 1.1, simulation: 32"
[1] "n sub: 10, n images per sub: 1, sigma^2: 2, beta: 1.1, simulation: 32"
[1] "n sub: 10, n images per sub: 1, sigma^2: 0.5, beta: 1.1, simulation: 32"
[1] "n sub: 10, n images per sub: 1, sigma^2: 1, beta: 1.1, simulation: 33"
[1] "n sub: 10, n images per sub: 1, sigma^2: 2, beta: 1.1, simulation: 33"
[1] "n sub: 10, n images per sub: 1, sigma^2: 0.5, beta: 1.1, simulation: 33"
[1] "n sub: 10, n images per sub: 1, sigma^2: 0.5, beta: 1.1, simulation: 34"
[1] "n sub: 10, n images per sub: 1, sigma^2: 1, beta: 1.1, simulation: 34"
[1] "n sub: 10, n images per sub: 1, sigma^2: 2, beta: 1.1, simulation: 34"
[1] "n sub: 10, n images per sub: 1, sigma^2: 0.5, beta: 1.1, simulation: 35"
[1] "n sub: 10, n images per sub: 1, sigma^2: 1, beta: 1.1, simulation: 35"
[1] "n sub: 10, n images per sub: 1, sigma^2: 2, beta: 1.1, simulation: 35"
[1] "n sub: 10, n images per sub: 1, sigma^2: 0.5, beta: 1.1, simulation: 36"
[1] "n sub: 10, n images per sub: 1, sigma^2: 1, beta: 1.1, simulation: 36"
[1] "n sub: 10, n images per sub: 1, sigma^2: 2, beta: 1.1, simulation: 36"
[1] "n sub: 10, n images per sub: 1, sigma^2: 0.5, beta: 1.1, simulation: 37"
[1] "n sub: 10, n images per sub: 1, sigma^2: 1, beta: 1.1, simulation: 37"
[1] "n sub: 10, n images per sub: 1, sigma^2: 2, beta: 1.1, simulation: 37"
[1] "n sub: 10, n images per sub: 1, sigma^2: 0.5, beta: 1.1, simulation: 38"
[1] "n sub: 10, n images per sub: 1, sigma^2: 1, beta: 1.1, simulation: 38"
[1] "n sub: 10, n images per sub: 1, sigma^2: 2, beta: 1.1, simulation: 38"
[1] "n sub: 10, n images per sub: 1, sigma^2: 0.5, beta: 1.1, simulation: 39"
[1] "n sub: 10, n images per sub: 1, sigma^2: 1, beta: 1.1, simulation: 39"
[1] "n sub: 10, n images per sub: 1, sigma^2: 2, beta: 1.1, simulation: 39"
[1] "n sub: 10, n images per sub: 1, sigma^2: 2, beta: 1.1, simulation: 40"
[1] "n sub: 10, n images per sub: 1, sigma^2: 1, beta: 1.1, simulation: 40"
[1] "n sub: 10, n images per sub: 1, sigma^2: 0.5, beta: 1.1, simulation: 40"
[1] "n sub: 10, n images per sub: 1, sigma^2: 2, beta: 1.1, simulation: 41"
[1] "n sub: 10, n images per sub: 1, sigma^2: 1, beta: 1.1, simulation: 41"
[1] "n sub: 10, n images per sub: 1, sigma^2: 0.5, beta: 1.1, simulation: 41"
[1] "n sub: 10, n images per sub: 1, sigma^2: 2, beta: 1.1, simulation: 42"
[1] "n sub: 10, n images per sub: 1, sigma^2: 1, beta: 1.1, simulation: 42"
[1] "n sub: 10, n images per sub: 1, sigma^2: 0.5, beta: 1.1, simulation: 42"
[1] "n sub: 10, n images per sub: 1, sigma^2: 2, beta: 1.1, simulation: 43"
[1] "n sub: 10, n images per sub: 1, sigma^2: 1, beta: 1.1, simulation: 43"
[1] "n sub: 10, n images per sub: 1, sigma^2: 0.5, beta: 1.1, simulation: 43"
[1] "n sub: 10, n images per sub: 1, sigma^2: 2, beta: 1.1, simulation: 44"
[1] "n sub: 10, n images per sub: 1, sigma^2: 1, beta: 1.1, simulation: 44"
[1] "n sub: 10, n images per sub: 1, sigma^2: 0.5, beta: 1.1, simulation: 44"
[1] "n sub: 10, n images per sub: 1, sigma^2: 2, beta: 1.1, simulation: 45"
[1] "n sub: 10, n images per sub: 1, sigma^2: 0.5, beta: 1.1, simulation: 45"
[1] "n sub: 10, n images per sub: 1, sigma^2: 1, beta: 1.1, simulation: 45"
[1] "n sub: 10, n images per sub: 1, sigma^2: 2, beta: 1.1, simulation: 46"
[1] "n sub: 10, n images per sub: 1, sigma^2: 1, beta: 1.1, simulation: 46"
[1] "n sub: 10, n images per sub: 1, sigma^2: 0.5, beta: 1.1, simulation: 46"
[1] "n sub: 10, n images per sub: 1, sigma^2: 2, beta: 1.1, simulation: 47"
[1] "n sub: 10, n images per sub: 1, sigma^2: 1, beta: 1.1, simulation: 47"
[1] "n sub: 10, n images per sub: 1, sigma^2: 0.5, beta: 1.1, simulation: 47"
[1] "n sub: 10, n images per sub: 1, sigma^2: 2, beta: 1.1, simulation: 48"
[1] "n sub: 10, n images per sub: 1, sigma^2: 1, beta: 1.1, simulation: 48"
[1] "n sub: 10, n images per sub: 1, sigma^2: 0.5, beta: 1.1, simulation: 48"
[1] "n sub: 10, n images per sub: 1, sigma^2: 2, beta: 1.1, simulation: 49"
[1] "n sub: 10, n images per sub: 1, sigma^2: 1, beta: 1.1, simulation: 49"
[1] "n sub: 10, n images per sub: 1, sigma^2: 0.5, beta: 1.1, simulation: 49"
[1] "n sub: 10, n images per sub: 1, sigma^2: 1, beta: 1.1, simulation: 50"
[1] "n sub: 10, n images per sub: 1, sigma^2: 2, beta: 1.1, simulation: 50"
[1] "n sub: 10, n images per sub: 1, sigma^2: 0.5, beta: 1.1, simulation: 50"
[1] "n sub: 10, n images per sub: 1, sigma^2: 2, beta: 1.1, simulation: 51"
[1] "n sub: 10, n images per sub: 1, sigma^2: 1, beta: 1.1, simulation: 51"
[1] "n sub: 10, n images per sub: 1, sigma^2: 0.5, beta: 1.1, simulation: 51"
[1] "n sub: 10, n images per sub: 1, sigma^2: 1, beta: 1.1, simulation: 52"
[1] "n sub: 10, n images per sub: 1, sigma^2: 2, beta: 1.1, simulation: 52"
[1] "n sub: 10, n images per sub: 1, sigma^2: 0.5, beta: 1.1, simulation: 52"
[1] "n sub: 10, n images per sub: 1, sigma^2: 0.5, beta: 1.1, simulation: 53"
[1] "n sub: 10, n images per sub: 1, sigma^2: 1, beta: 1.1, simulation: 53"
[1] "n sub: 10, n images per sub: 1, sigma^2: 2, beta: 1.1, simulation: 53"
[1] "n sub: 10, n images per sub: 1, sigma^2: 0.5, beta: 1.1, simulation: 54"
[1] "n sub: 10, n images per sub: 1, sigma^2: 1, beta: 1.1, simulation: 54"
[1] "n sub: 10, n images per sub: 1, sigma^2: 2, beta: 1.1, simulation: 54"
[1] "n sub: 10, n images per sub: 1, sigma^2: 0.5, beta: 1.1, simulation: 55"
[1] "n sub: 10, n images per sub: 1, sigma^2: 1, beta: 1.1, simulation: 55"
[1] "n sub: 10, n images per sub: 1, sigma^2: 2, beta: 1.1, simulation: 55"
