[1] "n sub: 50, n images per sub: 5, zero distance: 50, sigma^2: 0.5, beta: 0.41, simulation: 201"
[1] "no_corr"
[1] "pc_exp"
[1] "pc_sqexp"
[1] "n sub: 50, n images per sub: 5, zero distance: 50, sigma^2: 1, beta: 0.41, simulation: 201"
[1] "no_corr"
[1] "pc_exp"
[1] "pc_sqexp"
[1] "n sub: 50, n images per sub: 5, zero distance: 50, sigma^2: 2, beta: 0.41, simulation: 201"
[1] "no_corr"
[1] "pc_exp"
[1] "pc_sqexp"
[1] "n sub: 50, n images per sub: 5, zero distance: 50, sigma^2: 0.5, beta: 0.41, simulation: 202"
[1] "no_corr"
[1] "pc_exp"
[1] "pc_sqexp"
[1] "n sub: 50, n images per sub: 5, zero distance: 50, sigma^2: 1, beta: 0.41, simulation: 202"
[1] "no_corr"
[1] "pc_exp"
[1] "pc_sqexp"
[1] "n sub: 50, n images per sub: 5, zero distance: 50, sigma^2: 2, beta: 0.41, simulation: 202"
[1] "no_corr"
[1] "pc_exp"
[1] "pc_sqexp"
[1] "n sub: 50, n images per sub: 5, zero distance: 50, sigma^2: 0.5, beta: 0.41, simulation: 203"
[1] "no_corr"
[1] "pc_exp"
[1] "pc_sqexp"
[1] "n sub: 50, n images per sub: 5, zero distance: 50, sigma^2: 1, beta: 0.41, simulation: 203"
[1] "no_corr"
[1] "pc_exp"
[1] "pc_sqexp"
[1] "n sub: 50, n images per sub: 5, zero distance: 50, sigma^2: 2, beta: 0.41, simulation: 203"
[1] "no_corr"
[1] "pc_exp"
[1] "pc_sqexp"
[1] "n sub: 50, n images per sub: 5, zero distance: 50, sigma^2: 0.5, beta: 0.41, simulation: 204"
[1] "no_corr"
[1] "pc_exp"
[1] "pc_sqexp"
[1] "n sub: 50, n images per sub: 5, zero distance: 50, sigma^2: 1, beta: 0.41, simulation: 204"
[1] "no_corr"
[1] "pc_exp"
[1] "pc_sqexp"
[1] "n sub: 50, n images per sub: 5, zero distance: 50, sigma^2: 2, beta: 0.41, simulation: 204"
[1] "no_corr"
[1] "pc_exp"
[1] "pc_sqexp"
[1] "n sub: 50, n images per sub: 5, zero distance: 50, sigma^2: 0.5, beta: 0.41, simulation: 205"
[1] "no_corr"
[1] "pc_exp"
[1] "pc_sqexp"
[1] "n sub: 50, n images per sub: 5, zero distance: 50, sigma^2: 1, beta: 0.41, simulation: 205"
[1] "no_corr"
[1] "pc_exp"
[1] "pc_sqexp"
[1] "n sub: 50, n images per sub: 5, zero distance: 50, sigma^2: 2, beta: 0.41, simulation: 205"
[1] "no_corr"
[1] "pc_exp"
[1] "pc_sqexp"
[1] "n sub: 50, n images per sub: 5, zero distance: 50, sigma^2: 0.5, beta: 0.41, simulation: 206"
[1] "no_corr"
[1] "pc_exp"
[1] "pc_sqexp"
[1] "n sub: 50, n images per sub: 5, zero distance: 50, sigma^2: 1, beta: 0.41, simulation: 206"
[1] "no_corr"
[1] "pc_exp"
[1] "pc_sqexp"
[1] "n sub: 50, n images per sub: 5, zero distance: 50, sigma^2: 2, beta: 0.41, simulation: 206"
[1] "no_corr"
[1] "pc_exp"
[1] "pc_sqexp"
[1] "n sub: 50, n images per sub: 5, zero distance: 50, sigma^2: 0.5, beta: 0.41, simulation: 207"
[1] "no_corr"
[1] "pc_exp"
[1] "pc_sqexp"
[1] "n sub: 50, n images per sub: 5, zero distance: 50, sigma^2: 1, beta: 0.41, simulation: 207"
[1] "no_corr"
[1] "pc_exp"
[1] "pc_sqexp"
[1] "n sub: 50, n images per sub: 5, zero distance: 50, sigma^2: 2, beta: 0.41, simulation: 207"
[1] "no_corr"
[1] "pc_exp"
[1] "pc_sqexp"
[1] "n sub: 50, n images per sub: 5, zero distance: 50, sigma^2: 0.5, beta: 0.41, simulation: 208"
[1] "no_corr"
[1] "pc_exp"
[1] "pc_sqexp"
[1] "n sub: 50, n images per sub: 5, zero distance: 50, sigma^2: 1, beta: 0.41, simulation: 208"
[1] "no_corr"
[1] "pc_exp"
[1] "pc_sqexp"
[1] "n sub: 50, n images per sub: 5, zero distance: 50, sigma^2: 2, beta: 0.41, simulation: 208"
[1] "no_corr"
[1] "pc_exp"
[1] "pc_sqexp"
[1] "n sub: 50, n images per sub: 5, zero distance: 50, sigma^2: 0.5, beta: 0.41, simulation: 209"
[1] "no_corr"
[1] "pc_exp"
[1] "pc_sqexp"
[1] "n sub: 50, n images per sub: 5, zero distance: 50, sigma^2: 1, beta: 0.41, simulation: 209"
[1] "no_corr"
[1] "pc_exp"
[1] "pc_sqexp"
[1] "n sub: 50, n images per sub: 5, zero distance: 50, sigma^2: 2, beta: 0.41, simulation: 209"
[1] "no_corr"
[1] "pc_exp"
[1] "pc_sqexp"
[1] "n sub: 50, n images per sub: 5, zero distance: 50, sigma^2: 0.5, beta: 0.41, simulation: 210"
[1] "no_corr"
[1] "pc_exp"
[1] "pc_sqexp"
[1] "n sub: 50, n images per sub: 5, zero distance: 50, sigma^2: 1, beta: 0.41, simulation: 210"
[1] "no_corr"
[1] "pc_exp"
[1] "pc_sqexp"
[1] "n sub: 50, n images per sub: 5, zero distance: 50, sigma^2: 2, beta: 0.41, simulation: 210"
[1] "no_corr"
[1] "pc_exp"
[1] "pc_sqexp"
[1] "n sub: 50, n images per sub: 5, zero distance: 50, sigma^2: 0.5, beta: 0.41, simulation: 211"
[1] "no_corr"
[1] "pc_exp"
[1] "pc_sqexp"
[1] "n sub: 50, n images per sub: 5, zero distance: 50, sigma^2: 1, beta: 0.41, simulation: 211"
[1] "no_corr"
[1] "pc_exp"
[1] "pc_sqexp"
[1] "n sub: 50, n images per sub: 5, zero distance: 50, sigma^2: 2, beta: 0.41, simulation: 211"
[1] "no_corr"
[1] "pc_exp"
[1] "pc_sqexp"
[1] "n sub: 50, n images per sub: 5, zero distance: 50, sigma^2: 0.5, beta: 0.41, simulation: 212"
[1] "no_corr"
[1] "pc_exp"
[1] "pc_sqexp"
[1] "n sub: 50, n images per sub: 5, zero distance: 50, sigma^2: 1, beta: 0.41, simulation: 212"
[1] "no_corr"
[1] "pc_exp"
[1] "pc_sqexp"
[1] "n sub: 50, n images per sub: 5, zero distance: 50, sigma^2: 2, beta: 0.41, simulation: 212"
[1] "no_corr"
[1] "pc_exp"
[1] "pc_sqexp"
[1] "n sub: 50, n images per sub: 5, zero distance: 50, sigma^2: 0.5, beta: 0.41, simulation: 213"
[1] "no_corr"
[1] "pc_exp"
[1] "pc_sqexp"
[1] "n sub: 50, n images per sub: 5, zero distance: 50, sigma^2: 1, beta: 0.41, simulation: 213"
[1] "no_corr"
[1] "pc_exp"
[1] "pc_sqexp"
[1] "n sub: 50, n images per sub: 5, zero distance: 50, sigma^2: 2, beta: 0.41, simulation: 213"
[1] "no_corr"
[1] "pc_exp"
[1] "pc_sqexp"
[1] "n sub: 50, n images per sub: 5, zero distance: 50, sigma^2: 0.5, beta: 0.41, simulation: 214"
[1] "no_corr"
[1] "pc_exp"
[1] "pc_sqexp"
[1] "n sub: 50, n images per sub: 5, zero distance: 50, sigma^2: 1, beta: 0.41, simulation: 214"
[1] "no_corr"
[1] "pc_exp"
[1] "pc_sqexp"
[1] "n sub: 50, n images per sub: 5, zero distance: 50, sigma^2: 2, beta: 0.41, simulation: 214"
[1] "no_corr"
[1] "pc_exp"
[1] "pc_sqexp"
[1] "n sub: 50, n images per sub: 5, zero distance: 50, sigma^2: 0.5, beta: 0.41, simulation: 215"
[1] "no_corr"
[1] "pc_exp"
[1] "pc_sqexp"
[1] "n sub: 50, n images per sub: 5, zero distance: 50, sigma^2: 1, beta: 0.41, simulation: 215"
[1] "no_corr"
[1] "pc_exp"
[1] "pc_sqexp"
[1] "n sub: 50, n images per sub: 5, zero distance: 50, sigma^2: 2, beta: 0.41, simulation: 215"
[1] "no_corr"
[1] "pc_exp"
[1] "pc_sqexp"
[1] "n sub: 50, n images per sub: 5, zero distance: 50, sigma^2: 0.5, beta: 0.41, simulation: 216"
[1] "no_corr"
[1] "pc_exp"
[1] "pc_sqexp"
[1] "n sub: 50, n images per sub: 5, zero distance: 50, sigma^2: 1, beta: 0.41, simulation: 216"
[1] "no_corr"
[1] "pc_exp"
[1] "pc_sqexp"
[1] "n sub: 50, n images per sub: 5, zero distance: 50, sigma^2: 2, beta: 0.41, simulation: 216"
[1] "no_corr"
[1] "pc_exp"
[1] "pc_sqexp"
[1] "n sub: 50, n images per sub: 5, zero distance: 50, sigma^2: 0.5, beta: 0.41, simulation: 217"
[1] "no_corr"
[1] "pc_exp"
[1] "pc_sqexp"
[1] "n sub: 50, n images per sub: 5, zero distance: 50, sigma^2: 1, beta: 0.41, simulation: 217"
[1] "no_corr"
[1] "pc_exp"
[1] "pc_sqexp"
[1] "n sub: 50, n images per sub: 5, zero distance: 50, sigma^2: 2, beta: 0.41, simulation: 217"
[1] "no_corr"
[1] "pc_exp"
[1] "pc_sqexp"
[1] "n sub: 50, n images per sub: 5, zero distance: 50, sigma^2: 0.5, beta: 0.41, simulation: 218"
[1] "no_corr"
[1] "pc_exp"
[1] "pc_sqexp"
[1] "n sub: 50, n images per sub: 5, zero distance: 50, sigma^2: 1, beta: 0.41, simulation: 218"
[1] "no_corr"
[1] "pc_exp"
[1] "pc_sqexp"
[1] "n sub: 50, n images per sub: 5, zero distance: 50, sigma^2: 2, beta: 0.41, simulation: 218"
[1] "no_corr"
[1] "pc_exp"
[1] "pc_sqexp"
[1] "n sub: 50, n images per sub: 5, zero distance: 50, sigma^2: 0.5, beta: 0.41, simulation: 219"
[1] "no_corr"
[1] "pc_exp"
[1] "pc_sqexp"
[1] "n sub: 50, n images per sub: 5, zero distance: 50, sigma^2: 1, beta: 0.41, simulation: 219"
[1] "no_corr"
[1] "pc_exp"
[1] "pc_sqexp"
[1] "n sub: 50, n images per sub: 5, zero distance: 50, sigma^2: 2, beta: 0.41, simulation: 219"
[1] "no_corr"
[1] "pc_exp"
[1] "pc_sqexp"
[1] "n sub: 50, n images per sub: 5, zero distance: 50, sigma^2: 0.5, beta: 0.41, simulation: 220"
[1] "no_corr"
[1] "pc_exp"
[1] "pc_sqexp"
[1] "n sub: 50, n images per sub: 5, zero distance: 50, sigma^2: 1, beta: 0.41, simulation: 220"
[1] "no_corr"
[1] "pc_exp"
[1] "pc_sqexp"
[1] "n sub: 50, n images per sub: 5, zero distance: 50, sigma^2: 2, beta: 0.41, simulation: 220"
[1] "no_corr"
[1] "pc_exp"
[1] "pc_sqexp"
[1] "n sub: 50, n images per sub: 5, zero distance: 50, sigma^2: 0.5, beta: 0.41, simulation: 221"
[1] "no_corr"
[1] "pc_exp"
[1] "pc_sqexp"
[1] "n sub: 50, n images per sub: 5, zero distance: 50, sigma^2: 1, beta: 0.41, simulation: 221"
[1] "no_corr"
[1] "pc_exp"
[1] "pc_sqexp"
[1] "n sub: 50, n images per sub: 5, zero distance: 50, sigma^2: 2, beta: 0.41, simulation: 221"
[1] "no_corr"
[1] "pc_exp"
[1] "pc_sqexp"
[1] "n sub: 50, n images per sub: 5, zero distance: 50, sigma^2: 0.5, beta: 0.41, simulation: 222"
[1] "no_corr"
[1] "pc_exp"
[1] "pc_sqexp"
[1] "n sub: 50, n images per sub: 5, zero distance: 50, sigma^2: 1, beta: 0.41, simulation: 222"
[1] "no_corr"
[1] "pc_exp"
[1] "pc_sqexp"
[1] "n sub: 50, n images per sub: 5, zero distance: 50, sigma^2: 2, beta: 0.41, simulation: 222"
[1] "no_corr"
[1] "pc_exp"
[1] "pc_sqexp"
[1] "n sub: 50, n images per sub: 5, zero distance: 50, sigma^2: 0.5, beta: 0.41, simulation: 223"
[1] "no_corr"
[1] "pc_exp"
[1] "pc_sqexp"
[1] "n sub: 50, n images per sub: 5, zero distance: 50, sigma^2: 1, beta: 0.41, simulation: 223"
[1] "no_corr"
[1] "pc_exp"
[1] "pc_sqexp"
[1] "n sub: 50, n images per sub: 5, zero distance: 50, sigma^2: 2, beta: 0.41, simulation: 223"
[1] "no_corr"
[1] "pc_exp"
[1] "pc_sqexp"
[1] "n sub: 50, n images per sub: 5, zero distance: 50, sigma^2: 0.5, beta: 0.41, simulation: 224"
[1] "no_corr"
[1] "pc_exp"
[1] "pc_sqexp"
[1] "n sub: 50, n images per sub: 5, zero distance: 50, sigma^2: 1, beta: 0.41, simulation: 224"
[1] "no_corr"
[1] "pc_exp"
[1] "pc_sqexp"
[1] "n sub: 50, n images per sub: 5, zero distance: 50, sigma^2: 2, beta: 0.41, simulation: 224"
[1] "no_corr"
[1] "pc_exp"
[1] "pc_sqexp"
[1] "n sub: 50, n images per sub: 5, zero distance: 50, sigma^2: 0.5, beta: 0.41, simulation: 225"
[1] "no_corr"
[1] "pc_exp"
[1] "pc_sqexp"
[1] "n sub: 50, n images per sub: 5, zero distance: 50, sigma^2: 1, beta: 0.41, simulation: 225"
[1] "no_corr"
[1] "pc_exp"
[1] "pc_sqexp"
[1] "n sub: 50, n images per sub: 5, zero distance: 50, sigma^2: 2, beta: 0.41, simulation: 225"
[1] "no_corr"
[1] "pc_exp"
[1] "pc_sqexp"
[1] "n sub: 50, n images per sub: 5, zero distance: 50, sigma^2: 0.5, beta: 0.41, simulation: 226"
[1] "no_corr"
[1] "pc_exp"
[1] "pc_sqexp"
[1] "n sub: 50, n images per sub: 5, zero distance: 50, sigma^2: 1, beta: 0.41, simulation: 226"
[1] "no_corr"
[1] "pc_exp"
[1] "pc_sqexp"
[1] "n sub: 50, n images per sub: 5, zero distance: 50, sigma^2: 2, beta: 0.41, simulation: 226"
[1] "no_corr"
[1] "pc_exp"
[1] "pc_sqexp"
[1] "n sub: 50, n images per sub: 5, zero distance: 50, sigma^2: 0.5, beta: 0.41, simulation: 227"
[1] "no_corr"
[1] "pc_exp"
[1] "pc_sqexp"
[1] "n sub: 50, n images per sub: 5, zero distance: 50, sigma^2: 1, beta: 0.41, simulation: 227"
[1] "no_corr"
[1] "pc_exp"
[1] "pc_sqexp"
[1] "n sub: 50, n images per sub: 5, zero distance: 50, sigma^2: 2, beta: 0.41, simulation: 227"
[1] "no_corr"
[1] "pc_exp"
[1] "pc_sqexp"
[1] "n sub: 50, n images per sub: 5, zero distance: 50, sigma^2: 0.5, beta: 0.41, simulation: 228"
[1] "no_corr"
[1] "pc_exp"
[1] "pc_sqexp"
[1] "n sub: 50, n images per sub: 5, zero distance: 50, sigma^2: 1, beta: 0.41, simulation: 228"
[1] "no_corr"
[1] "pc_exp"
[1] "pc_sqexp"
[1] "n sub: 50, n images per sub: 5, zero distance: 50, sigma^2: 2, beta: 0.41, simulation: 228"
[1] "no_corr"
[1] "pc_exp"
[1] "pc_sqexp"
[1] "n sub: 50, n images per sub: 5, zero distance: 50, sigma^2: 0.5, beta: 0.41, simulation: 229"
[1] "no_corr"
[1] "pc_exp"
[1] "pc_sqexp"
[1] "n sub: 50, n images per sub: 5, zero distance: 50, sigma^2: 1, beta: 0.41, simulation: 229"
[1] "no_corr"
[1] "pc_exp"
[1] "pc_sqexp"
[1] "n sub: 50, n images per sub: 5, zero distance: 50, sigma^2: 2, beta: 0.41, simulation: 229"
[1] "no_corr"
[1] "pc_exp"
[1] "pc_sqexp"
[1] "n sub: 50, n images per sub: 5, zero distance: 50, sigma^2: 0.5, beta: 0.41, simulation: 230"
[1] "no_corr"
[1] "pc_exp"
[1] "pc_sqexp"
[1] "n sub: 50, n images per sub: 5, zero distance: 50, sigma^2: 1, beta: 0.41, simulation: 230"
[1] "no_corr"
[1] "pc_exp"
[1] "pc_sqexp"
[1] "n sub: 50, n images per sub: 5, zero distance: 50, sigma^2: 2, beta: 0.41, simulation: 230"
[1] "no_corr"
[1] "pc_exp"
[1] "pc_sqexp"
[1] "n sub: 50, n images per sub: 5, zero distance: 50, sigma^2: 0.5, beta: 0.41, simulation: 231"
[1] "no_corr"
[1] "pc_exp"
[1] "pc_sqexp"
[1] "n sub: 50, n images per sub: 5, zero distance: 50, sigma^2: 1, beta: 0.41, simulation: 231"
[1] "no_corr"
[1] "pc_exp"
[1] "pc_sqexp"
[1] "n sub: 50, n images per sub: 5, zero distance: 50, sigma^2: 2, beta: 0.41, simulation: 231"
[1] "no_corr"
[1] "pc_exp"
[1] "pc_sqexp"
[1] "n sub: 50, n images per sub: 5, zero distance: 50, sigma^2: 0.5, beta: 0.41, simulation: 232"
[1] "no_corr"
[1] "pc_exp"
[1] "pc_sqexp"
[1] "n sub: 50, n images per sub: 5, zero distance: 50, sigma^2: 1, beta: 0.41, simulation: 232"
[1] "no_corr"
[1] "pc_exp"
[1] "pc_sqexp"
[1] "n sub: 50, n images per sub: 5, zero distance: 50, sigma^2: 2, beta: 0.41, simulation: 232"
[1] "no_corr"
[1] "pc_exp"
[1] "pc_sqexp"
[1] "n sub: 50, n images per sub: 5, zero distance: 50, sigma^2: 0.5, beta: 0.41, simulation: 233"
[1] "no_corr"
[1] "pc_exp"
[1] "pc_sqexp"
[1] "n sub: 50, n images per sub: 5, zero distance: 50, sigma^2: 1, beta: 0.41, simulation: 233"
[1] "no_corr"
[1] "pc_exp"
[1] "pc_sqexp"
[1] "n sub: 50, n images per sub: 5, zero distance: 50, sigma^2: 2, beta: 0.41, simulation: 233"
[1] "no_corr"
[1] "pc_exp"
[1] "pc_sqexp"
[1] "n sub: 50, n images per sub: 5, zero distance: 50, sigma^2: 0.5, beta: 0.41, simulation: 234"
[1] "no_corr"
[1] "pc_exp"
[1] "pc_sqexp"
[1] "n sub: 50, n images per sub: 5, zero distance: 50, sigma^2: 1, beta: 0.41, simulation: 234"
[1] "no_corr"
[1] "pc_exp"
[1] "pc_sqexp"
[1] "n sub: 50, n images per sub: 5, zero distance: 50, sigma^2: 2, beta: 0.41, simulation: 234"
[1] "no_corr"
[1] "pc_exp"
[1] "pc_sqexp"
[1] "n sub: 50, n images per sub: 5, zero distance: 50, sigma^2: 0.5, beta: 0.41, simulation: 235"
[1] "no_corr"
[1] "pc_exp"
[1] "pc_sqexp"
[1] "n sub: 50, n images per sub: 5, zero distance: 50, sigma^2: 1, beta: 0.41, simulation: 235"
[1] "no_corr"
[1] "pc_exp"
[1] "pc_sqexp"
[1] "n sub: 50, n images per sub: 5, zero distance: 50, sigma^2: 2, beta: 0.41, simulation: 235"
[1] "no_corr"
[1] "pc_exp"
[1] "pc_sqexp"
[1] "n sub: 50, n images per sub: 5, zero distance: 50, sigma^2: 0.5, beta: 0.41, simulation: 236"
[1] "no_corr"
[1] "pc_exp"
[1] "pc_sqexp"
[1] "n sub: 50, n images per sub: 5, zero distance: 50, sigma^2: 1, beta: 0.41, simulation: 236"
[1] "no_corr"
[1] "pc_exp"
[1] "pc_sqexp"
[1] "n sub: 50, n images per sub: 5, zero distance: 50, sigma^2: 2, beta: 0.41, simulation: 236"
[1] "no_corr"
[1] "pc_exp"
[1] "pc_sqexp"
[1] "n sub: 50, n images per sub: 5, zero distance: 50, sigma^2: 0.5, beta: 0.41, simulation: 237"
[1] "no_corr"
[1] "pc_exp"
[1] "pc_sqexp"
[1] "n sub: 50, n images per sub: 5, zero distance: 50, sigma^2: 1, beta: 0.41, simulation: 237"
[1] "no_corr"
[1] "pc_exp"
[1] "pc_sqexp"
[1] "n sub: 50, n images per sub: 5, zero distance: 50, sigma^2: 2, beta: 0.41, simulation: 237"
[1] "no_corr"
[1] "pc_exp"
[1] "pc_sqexp"
[1] "n sub: 50, n images per sub: 5, zero distance: 50, sigma^2: 0.5, beta: 0.41, simulation: 238"
[1] "no_corr"
[1] "pc_exp"
[1] "pc_sqexp"
[1] "n sub: 50, n images per sub: 5, zero distance: 50, sigma^2: 1, beta: 0.41, simulation: 238"
[1] "no_corr"
[1] "pc_exp"
[1] "pc_sqexp"
[1] "n sub: 50, n images per sub: 5, zero distance: 50, sigma^2: 2, beta: 0.41, simulation: 238"
[1] "no_corr"
[1] "pc_exp"
[1] "pc_sqexp"
[1] "n sub: 50, n images per sub: 5, zero distance: 50, sigma^2: 0.5, beta: 0.41, simulation: 239"
[1] "no_corr"
[1] "pc_exp"
[1] "pc_sqexp"
[1] "n sub: 50, n images per sub: 5, zero distance: 50, sigma^2: 1, beta: 0.41, simulation: 239"
[1] "no_corr"
[1] "pc_exp"
[1] "pc_sqexp"
[1] "n sub: 50, n images per sub: 5, zero distance: 50, sigma^2: 2, beta: 0.41, simulation: 239"
[1] "no_corr"
[1] "pc_exp"
[1] "pc_sqexp"
[1] "n sub: 50, n images per sub: 5, zero distance: 50, sigma^2: 0.5, beta: 0.41, simulation: 240"
[1] "no_corr"
[1] "pc_exp"
[1] "pc_sqexp"
[1] "n sub: 50, n images per sub: 5, zero distance: 50, sigma^2: 1, beta: 0.41, simulation: 240"
[1] "no_corr"
[1] "pc_exp"
[1] "pc_sqexp"
[1] "n sub: 50, n images per sub: 5, zero distance: 50, sigma^2: 2, beta: 0.41, simulation: 240"
[1] "no_corr"
[1] "pc_exp"
[1] "pc_sqexp"
[1] "n sub: 50, n images per sub: 5, zero distance: 50, sigma^2: 0.5, beta: 0.41, simulation: 241"
[1] "no_corr"
[1] "pc_exp"
[1] "pc_sqexp"
[1] "n sub: 50, n images per sub: 5, zero distance: 50, sigma^2: 1, beta: 0.41, simulation: 241"
[1] "no_corr"
[1] "pc_exp"
[1] "pc_sqexp"
[1] "n sub: 50, n images per sub: 5, zero distance: 50, sigma^2: 2, beta: 0.41, simulation: 241"
[1] "no_corr"
[1] "pc_exp"
[1] "pc_sqexp"
[1] "n sub: 50, n images per sub: 5, zero distance: 50, sigma^2: 0.5, beta: 0.41, simulation: 242"
[1] "no_corr"
[1] "pc_exp"
[1] "pc_sqexp"
[1] "n sub: 50, n images per sub: 5, zero distance: 50, sigma^2: 1, beta: 0.41, simulation: 242"
[1] "no_corr"
[1] "pc_exp"
[1] "pc_sqexp"
[1] "n sub: 50, n images per sub: 5, zero distance: 50, sigma^2: 2, beta: 0.41, simulation: 242"
[1] "no_corr"
[1] "pc_exp"
[1] "pc_sqexp"
[1] "n sub: 50, n images per sub: 5, zero distance: 50, sigma^2: 0.5, beta: 0.41, simulation: 243"
[1] "no_corr"
[1] "pc_exp"
[1] "pc_sqexp"
[1] "n sub: 50, n images per sub: 5, zero distance: 50, sigma^2: 1, beta: 0.41, simulation: 243"
[1] "no_corr"
[1] "pc_exp"
[1] "pc_sqexp"
[1] "n sub: 50, n images per sub: 5, zero distance: 50, sigma^2: 2, beta: 0.41, simulation: 243"
[1] "no_corr"
[1] "pc_exp"
[1] "pc_sqexp"
[1] "n sub: 50, n images per sub: 5, zero distance: 50, sigma^2: 0.5, beta: 0.41, simulation: 244"
[1] "no_corr"
[1] "pc_exp"
[1] "pc_sqexp"
[1] "n sub: 50, n images per sub: 5, zero distance: 50, sigma^2: 1, beta: 0.41, simulation: 244"
[1] "no_corr"
[1] "pc_exp"
[1] "pc_sqexp"
[1] "n sub: 50, n images per sub: 5, zero distance: 50, sigma^2: 2, beta: 0.41, simulation: 244"
[1] "no_corr"
[1] "pc_exp"
[1] "pc_sqexp"
[1] "n sub: 50, n images per sub: 5, zero distance: 50, sigma^2: 0.5, beta: 0.41, simulation: 245"
[1] "no_corr"
[1] "pc_exp"
[1] "pc_sqexp"
[1] "n sub: 50, n images per sub: 5, zero distance: 50, sigma^2: 1, beta: 0.41, simulation: 245"
[1] "no_corr"
[1] "pc_exp"
[1] "pc_sqexp"
[1] "n sub: 50, n images per sub: 5, zero distance: 50, sigma^2: 2, beta: 0.41, simulation: 245"
[1] "no_corr"
[1] "pc_exp"
[1] "pc_sqexp"
[1] "n sub: 50, n images per sub: 5, zero distance: 50, sigma^2: 0.5, beta: 0.41, simulation: 246"
[1] "no_corr"
[1] "pc_exp"
[1] "pc_sqexp"
[1] "n sub: 50, n images per sub: 5, zero distance: 50, sigma^2: 1, beta: 0.41, simulation: 246"
[1] "no_corr"
[1] "pc_exp"
[1] "pc_sqexp"
[1] "n sub: 50, n images per sub: 5, zero distance: 50, sigma^2: 2, beta: 0.41, simulation: 246"
[1] "no_corr"
[1] "pc_exp"
[1] "pc_sqexp"
[1] "n sub: 50, n images per sub: 5, zero distance: 50, sigma^2: 0.5, beta: 0.41, simulation: 247"
[1] "no_corr"
[1] "pc_exp"
[1] "pc_sqexp"
[1] "n sub: 50, n images per sub: 5, zero distance: 50, sigma^2: 1, beta: 0.41, simulation: 247"
[1] "no_corr"
[1] "pc_exp"
[1] "pc_sqexp"
[1] "n sub: 50, n images per sub: 5, zero distance: 50, sigma^2: 2, beta: 0.41, simulation: 247"
[1] "no_corr"
[1] "pc_exp"
[1] "pc_sqexp"
[1] "n sub: 50, n images per sub: 5, zero distance: 50, sigma^2: 0.5, beta: 0.41, simulation: 248"
[1] "no_corr"
[1] "pc_exp"
[1] "pc_sqexp"
[1] "n sub: 50, n images per sub: 5, zero distance: 50, sigma^2: 1, beta: 0.41, simulation: 248"
[1] "no_corr"
[1] "pc_exp"
[1] "pc_sqexp"
[1] "n sub: 50, n images per sub: 5, zero distance: 50, sigma^2: 2, beta: 0.41, simulation: 248"
[1] "no_corr"
[1] "pc_exp"
[1] "pc_sqexp"
[1] "n sub: 50, n images per sub: 5, zero distance: 50, sigma^2: 0.5, beta: 0.41, simulation: 249"
[1] "no_corr"
[1] "pc_exp"
[1] "pc_sqexp"
[1] "n sub: 50, n images per sub: 5, zero distance: 50, sigma^2: 1, beta: 0.41, simulation: 249"
[1] "no_corr"
[1] "pc_exp"
[1] "pc_sqexp"
[1] "n sub: 50, n images per sub: 5, zero distance: 50, sigma^2: 2, beta: 0.41, simulation: 249"
[1] "no_corr"
[1] "pc_exp"
[1] "pc_sqexp"
[1] "n sub: 50, n images per sub: 5, zero distance: 50, sigma^2: 0.5, beta: 0.41, simulation: 250"
[1] "no_corr"
[1] "pc_exp"
[1] "pc_sqexp"
[1] "n sub: 50, n images per sub: 5, zero distance: 50, sigma^2: 1, beta: 0.41, simulation: 250"
[1] "no_corr"
[1] "pc_exp"
[1] "pc_sqexp"
[1] "n sub: 50, n images per sub: 5, zero distance: 50, sigma^2: 2, beta: 0.41, simulation: 250"
[1] "no_corr"
[1] "pc_exp"
[1] "pc_sqexp"
[1] "n sub: 50, n images per sub: 5, zero distance: 50, sigma^2: 0.5, beta: 0.41, simulation: 251"
[1] "no_corr"
[1] "pc_exp"
[1] "pc_sqexp"
[1] "n sub: 50, n images per sub: 5, zero distance: 50, sigma^2: 1, beta: 0.41, simulation: 251"
[1] "no_corr"
[1] "pc_exp"
[1] "pc_sqexp"
[1] "n sub: 50, n images per sub: 5, zero distance: 50, sigma^2: 2, beta: 0.41, simulation: 251"
[1] "no_corr"
[1] "pc_exp"
[1] "pc_sqexp"
[1] "n sub: 50, n images per sub: 5, zero distance: 50, sigma^2: 0.5, beta: 0.41, simulation: 252"
[1] "no_corr"
[1] "pc_exp"
[1] "pc_sqexp"
[1] "n sub: 50, n images per sub: 5, zero distance: 50, sigma^2: 1, beta: 0.41, simulation: 252"
[1] "no_corr"
[1] "pc_exp"
[1] "pc_sqexp"
[1] "n sub: 50, n images per sub: 5, zero distance: 50, sigma^2: 2, beta: 0.41, simulation: 252"
[1] "no_corr"
[1] "pc_exp"
[1] "pc_sqexp"
[1] "n sub: 50, n images per sub: 5, zero distance: 50, sigma^2: 0.5, beta: 0.41, simulation: 253"
[1] "no_corr"
[1] "pc_exp"
[1] "pc_sqexp"
[1] "n sub: 50, n images per sub: 5, zero distance: 50, sigma^2: 1, beta: 0.41, simulation: 253"
[1] "no_corr"
[1] "pc_exp"
[1] "pc_sqexp"
[1] "n sub: 50, n images per sub: 5, zero distance: 50, sigma^2: 2, beta: 0.41, simulation: 253"
[1] "no_corr"
[1] "pc_exp"
[1] "pc_sqexp"
[1] "n sub: 50, n images per sub: 5, zero distance: 50, sigma^2: 0.5, beta: 0.41, simulation: 254"
[1] "no_corr"
[1] "pc_exp"
[1] "pc_sqexp"
[1] "n sub: 50, n images per sub: 5, zero distance: 50, sigma^2: 1, beta: 0.41, simulation: 254"
[1] "no_corr"
[1] "pc_exp"
[1] "pc_sqexp"
[1] "n sub: 50, n images per sub: 5, zero distance: 50, sigma^2: 2, beta: 0.41, simulation: 254"
[1] "no_corr"
[1] "pc_exp"
[1] "pc_sqexp"
[1] "n sub: 50, n images per sub: 5, zero distance: 50, sigma^2: 0.5, beta: 0.41, simulation: 255"
[1] "no_corr"
[1] "pc_exp"
[1] "pc_sqexp"
[1] "n sub: 50, n images per sub: 5, zero distance: 50, sigma^2: 1, beta: 0.41, simulation: 255"
[1] "no_corr"
[1] "pc_exp"
[1] "pc_sqexp"
[1] "n sub: 50, n images per sub: 5, zero distance: 50, sigma^2: 2, beta: 0.41, simulation: 255"
[1] "no_corr"
[1] "pc_exp"
[1] "pc_sqexp"
[1] "n sub: 50, n images per sub: 5, zero distance: 50, sigma^2: 0.5, beta: 0.41, simulation: 256"
[1] "no_corr"
[1] "pc_exp"
[1] "pc_sqexp"
[1] "n sub: 50, n images per sub: 5, zero distance: 50, sigma^2: 1, beta: 0.41, simulation: 256"
[1] "no_corr"
[1] "pc_exp"
[1] "pc_sqexp"
[1] "n sub: 50, n images per sub: 5, zero distance: 50, sigma^2: 2, beta: 0.41, simulation: 256"
[1] "no_corr"
[1] "pc_exp"
[1] "pc_sqexp"
[1] "n sub: 50, n images per sub: 5, zero distance: 50, sigma^2: 0.5, beta: 0.41, simulation: 257"
[1] "no_corr"
[1] "pc_exp"
[1] "pc_sqexp"
[1] "n sub: 50, n images per sub: 5, zero distance: 50, sigma^2: 1, beta: 0.41, simulation: 257"
[1] "no_corr"
[1] "pc_exp"
[1] "pc_sqexp"
[1] "n sub: 50, n images per sub: 5, zero distance: 50, sigma^2: 2, beta: 0.41, simulation: 257"
[1] "no_corr"
[1] "pc_exp"
[1] "pc_sqexp"
[1] "n sub: 50, n images per sub: 5, zero distance: 50, sigma^2: 0.5, beta: 0.41, simulation: 258"
[1] "no_corr"
[1] "pc_exp"
[1] "pc_sqexp"
[1] "n sub: 50, n images per sub: 5, zero distance: 50, sigma^2: 1, beta: 0.41, simulation: 258"
[1] "no_corr"
[1] "pc_exp"
[1] "pc_sqexp"
[1] "n sub: 50, n images per sub: 5, zero distance: 50, sigma^2: 2, beta: 0.41, simulation: 258"
[1] "no_corr"
[1] "pc_exp"
[1] "pc_sqexp"
[1] "n sub: 50, n images per sub: 5, zero distance: 50, sigma^2: 0.5, beta: 0.41, simulation: 259"
[1] "no_corr"
[1] "pc_exp"
[1] "pc_sqexp"
[1] "n sub: 50, n images per sub: 5, zero distance: 50, sigma^2: 1, beta: 0.41, simulation: 259"
[1] "no_corr"
[1] "pc_exp"
[1] "pc_sqexp"
[1] "n sub: 50, n images per sub: 5, zero distance: 50, sigma^2: 2, beta: 0.41, simulation: 259"
[1] "no_corr"
[1] "pc_exp"
[1] "pc_sqexp"
[1] "n sub: 50, n images per sub: 5, zero distance: 50, sigma^2: 0.5, beta: 0.41, simulation: 260"
[1] "no_corr"
[1] "pc_exp"
[1] "pc_sqexp"
[1] "n sub: 50, n images per sub: 5, zero distance: 50, sigma^2: 1, beta: 0.41, simulation: 260"
[1] "no_corr"
[1] "pc_exp"
[1] "pc_sqexp"
[1] "n sub: 50, n images per sub: 5, zero distance: 50, sigma^2: 2, beta: 0.41, simulation: 260"
[1] "no_corr"
[1] "pc_exp"
[1] "pc_sqexp"
[1] "n sub: 50, n images per sub: 5, zero distance: 50, sigma^2: 0.5, beta: 0.41, simulation: 261"
[1] "no_corr"
[1] "pc_exp"
[1] "pc_sqexp"
[1] "n sub: 50, n images per sub: 5, zero distance: 50, sigma^2: 1, beta: 0.41, simulation: 261"
[1] "no_corr"
[1] "pc_exp"
[1] "pc_sqexp"
[1] "n sub: 50, n images per sub: 5, zero distance: 50, sigma^2: 2, beta: 0.41, simulation: 261"
[1] "no_corr"
[1] "pc_exp"
[1] "pc_sqexp"
[1] "n sub: 50, n images per sub: 5, zero distance: 50, sigma^2: 0.5, beta: 0.41, simulation: 262"
[1] "no_corr"
[1] "pc_exp"
[1] "pc_sqexp"
[1] "n sub: 50, n images per sub: 5, zero distance: 50, sigma^2: 1, beta: 0.41, simulation: 262"
[1] "no_corr"
[1] "pc_exp"
[1] "pc_sqexp"
[1] "n sub: 50, n images per sub: 5, zero distance: 50, sigma^2: 2, beta: 0.41, simulation: 262"
[1] "no_corr"
[1] "pc_exp"
[1] "pc_sqexp"
[1] "n sub: 50, n images per sub: 5, zero distance: 50, sigma^2: 0.5, beta: 0.41, simulation: 263"
[1] "no_corr"
[1] "pc_exp"
[1] "pc_sqexp"
[1] "n sub: 50, n images per sub: 5, zero distance: 50, sigma^2: 1, beta: 0.41, simulation: 263"
[1] "no_corr"
[1] "pc_exp"
[1] "pc_sqexp"
[1] "n sub: 50, n images per sub: 5, zero distance: 50, sigma^2: 2, beta: 0.41, simulation: 263"
[1] "no_corr"
[1] "pc_exp"
[1] "pc_sqexp"
[1] "n sub: 50, n images per sub: 5, zero distance: 50, sigma^2: 0.5, beta: 0.41, simulation: 264"
[1] "no_corr"
[1] "pc_exp"
[1] "pc_sqexp"
[1] "n sub: 50, n images per sub: 5, zero distance: 50, sigma^2: 1, beta: 0.41, simulation: 264"
[1] "no_corr"
[1] "pc_exp"
[1] "pc_sqexp"
[1] "n sub: 50, n images per sub: 5, zero distance: 50, sigma^2: 2, beta: 0.41, simulation: 264"
[1] "no_corr"
[1] "pc_exp"
[1] "pc_sqexp"
[1] "n sub: 50, n images per sub: 5, zero distance: 50, sigma^2: 0.5, beta: 0.41, simulation: 265"
[1] "no_corr"
[1] "pc_exp"
[1] "pc_sqexp"
[1] "n sub: 50, n images per sub: 5, zero distance: 50, sigma^2: 1, beta: 0.41, simulation: 265"
[1] "no_corr"
[1] "pc_exp"
[1] "pc_sqexp"
[1] "n sub: 50, n images per sub: 5, zero distance: 50, sigma^2: 2, beta: 0.41, simulation: 265"
[1] "no_corr"
[1] "pc_exp"
[1] "pc_sqexp"
[1] "n sub: 50, n images per sub: 5, zero distance: 50, sigma^2: 0.5, beta: 0.41, simulation: 266"
[1] "no_corr"
[1] "pc_exp"
[1] "pc_sqexp"
[1] "n sub: 50, n images per sub: 5, zero distance: 50, sigma^2: 1, beta: 0.41, simulation: 266"
[1] "no_corr"
[1] "pc_exp"
[1] "pc_sqexp"
[1] "n sub: 50, n images per sub: 5, zero distance: 50, sigma^2: 2, beta: 0.41, simulation: 266"
[1] "no_corr"
[1] "pc_exp"
[1] "pc_sqexp"
[1] "n sub: 50, n images per sub: 5, zero distance: 50, sigma^2: 0.5, beta: 0.41, simulation: 267"
[1] "no_corr"
[1] "pc_exp"
[1] "pc_sqexp"
[1] "n sub: 50, n images per sub: 5, zero distance: 50, sigma^2: 1, beta: 0.41, simulation: 267"
[1] "no_corr"
[1] "pc_exp"
[1] "pc_sqexp"
