 [1] 15472 15473 15474 15475 15476 15477 15478 15479 15480 15481 15482 15483
[13] 15484 15485 15486 15487 15488 15489 15490 15491 15492 15493 15494 15495
[25] 15496 15497 15498
[1] "n sub: 50, n images per sub: 5, sigma^2: 0.5, beta: 0.41, simulation: 58"
[1] "n sub: 50, n images per sub: 5, sigma^2: 1, beta: 0.41, simulation: 58"
[1] "n sub: 50, n images per sub: 5, sigma^2: 2, beta: 0.41, simulation: 58"
[1] "n sub: 50, n images per sub: 5, sigma^2: 0.5, beta: 0.41, simulation: 59"
[1] "n sub: 50, n images per sub: 5, sigma^2: 2, beta: 0.41, simulation: 59"
[1] "n sub: 50, n images per sub: 5, sigma^2: 1, beta: 0.41, simulation: 59"
[1] "n sub: 50, n images per sub: 5, sigma^2: 1, beta: 0.41, simulation: 60"
[1] "n sub: 50, n images per sub: 5, sigma^2: 0.5, beta: 0.41, simulation: 60"
[1] "n sub: 50, n images per sub: 5, sigma^2: 2, beta: 0.41, simulation: 60"
[1] "n sub: 50, n images per sub: 5, sigma^2: 1, beta: 0.41, simulation: 61"
[1] "n sub: 50, n images per sub: 5, sigma^2: 0.5, beta: 0.41, simulation: 61"
[1] "n sub: 50, n images per sub: 5, sigma^2: 2, beta: 0.41, simulation: 61"
[1] "n sub: 50, n images per sub: 5, sigma^2: 1, beta: 0.41, simulation: 62"
[1] "n sub: 50, n images per sub: 5, sigma^2: 0.5, beta: 0.41, simulation: 62"
[1] "n sub: 50, n images per sub: 5, sigma^2: 2, beta: 0.41, simulation: 62"
[1] "n sub: 50, n images per sub: 5, sigma^2: 1, beta: 0.41, simulation: 63"
[1] "n sub: 50, n images per sub: 5, sigma^2: 0.5, beta: 0.41, simulation: 63"
[1] "n sub: 50, n images per sub: 5, sigma^2: 2, beta: 0.41, simulation: 63"
[1] "n sub: 50, n images per sub: 5, sigma^2: 1, beta: 0.41, simulation: 64"
[1] "n sub: 50, n images per sub: 5, sigma^2: 0.5, beta: 0.41, simulation: 64"
[1] "n sub: 50, n images per sub: 5, sigma^2: 2, beta: 0.41, simulation: 64"
[1] "n sub: 50, n images per sub: 5, sigma^2: 1, beta: 0.41, simulation: 65"
[1] "n sub: 50, n images per sub: 5, sigma^2: 0.5, beta: 0.41, simulation: 65"
[1] "n sub: 50, n images per sub: 5, sigma^2: 2, beta: 0.41, simulation: 65"
[1] "n sub: 50, n images per sub: 5, sigma^2: 1, beta: 0.41, simulation: 66"
[1] "n sub: 50, n images per sub: 5, sigma^2: 0.5, beta: 0.41, simulation: 66"
[1] "n sub: 50, n images per sub: 5, sigma^2: 2, beta: 0.41, simulation: 66"
