 [1] 14500 14501 14502 14503 14504 14505 14506 14507 14508 14509 14510 14511
[13] 14512 14513 14514 14515 14516 14517 14518 14519 14520 14521 14522 14523
[25] 14524 14525 14526
[1] "n sub: 50, n images per sub: 5, sigma^2: 1, beta: -0.22, simulation: 34"
[1] "n sub: 50, n images per sub: 5, sigma^2: 2, beta: -0.22, simulation: 34"
[1] "n sub: 50, n images per sub: 5, sigma^2: 0.5, beta: -0.22, simulation: 34"
[1] "n sub: 50, n images per sub: 5, sigma^2: 1, beta: -0.22, simulation: 35"
[1] "n sub: 50, n images per sub: 5, sigma^2: 2, beta: -0.22, simulation: 35"
[1] "n sub: 50, n images per sub: 5, sigma^2: 0.5, beta: -0.22, simulation: 35"
[1] "n sub: 50, n images per sub: 5, sigma^2: 1, beta: -0.22, simulation: 36"
[1] "n sub: 50, n images per sub: 5, sigma^2: 2, beta: -0.22, simulation: 36"
[1] "n sub: 50, n images per sub: 5, sigma^2: 0.5, beta: -0.22, simulation: 36"
[1] "n sub: 50, n images per sub: 5, sigma^2: 1, beta: -0.22, simulation: 37"
[1] "n sub: 50, n images per sub: 5, sigma^2: 2, beta: -0.22, simulation: 37"
[1] "n sub: 50, n images per sub: 5, sigma^2: 0.5, beta: -0.22, simulation: 37"
[1] "n sub: 50, n images per sub: 5, sigma^2: 1, beta: -0.22, simulation: 38"
[1] "n sub: 50, n images per sub: 5, sigma^2: 2, beta: -0.22, simulation: 38"
[1] "n sub: 50, n images per sub: 5, sigma^2: 0.5, beta: -0.22, simulation: 38"
[1] "n sub: 50, n images per sub: 5, sigma^2: 1, beta: -0.22, simulation: 39"
[1] "n sub: 50, n images per sub: 5, sigma^2: 2, beta: -0.22, simulation: 39"
[1] "n sub: 50, n images per sub: 5, sigma^2: 0.5, beta: -0.22, simulation: 39"
[1] "n sub: 50, n images per sub: 5, sigma^2: 2, beta: -0.22, simulation: 40"
[1] "n sub: 50, n images per sub: 5, sigma^2: 1, beta: -0.22, simulation: 40"
[1] "n sub: 50, n images per sub: 5, sigma^2: 0.5, beta: -0.22, simulation: 40"
[1] "n sub: 50, n images per sub: 5, sigma^2: 2, beta: -0.22, simulation: 41"
[1] "n sub: 50, n images per sub: 5, sigma^2: 1, beta: -0.22, simulation: 41"
[1] "n sub: 50, n images per sub: 5, sigma^2: 0.5, beta: -0.22, simulation: 41"
[1] "n sub: 50, n images per sub: 5, sigma^2: 2, beta: -0.22, simulation: 42"
[1] "n sub: 50, n images per sub: 5, sigma^2: 1, beta: -0.22, simulation: 42"
[1] "n sub: 50, n images per sub: 5, sigma^2: 0.5, beta: -0.22, simulation: 42"
