 [1] 15958 15959 15960 15961 15962 15963 15964 15965 15966 15967 15968 15969
[13] 15970 15971 15972 15973 15974 15975 15976 15977 15978 15979 15980 15981
[25] 15982 15983 15984
[1] "n sub: 50, n images per sub: 5, sigma^2: 2, beta: 1.1, simulation: 20"
[1] "n sub: 50, n images per sub: 5, sigma^2: 1, beta: 1.1, simulation: 20"
[1] "n sub: 50, n images per sub: 5, sigma^2: 0.5, beta: 1.1, simulation: 20"
[1] "n sub: 50, n images per sub: 5, sigma^2: 2, beta: 1.1, simulation: 21"
[1] "n sub: 50, n images per sub: 5, sigma^2: 1, beta: 1.1, simulation: 21"
[1] "n sub: 50, n images per sub: 5, sigma^2: 0.5, beta: 1.1, simulation: 21"
[1] "n sub: 50, n images per sub: 5, sigma^2: 2, beta: 1.1, simulation: 22"
[1] "n sub: 50, n images per sub: 5, sigma^2: 1, beta: 1.1, simulation: 22"
[1] "n sub: 50, n images per sub: 5, sigma^2: 0.5, beta: 1.1, simulation: 22"
[1] "n sub: 50, n images per sub: 5, sigma^2: 2, beta: 1.1, simulation: 23"
[1] "n sub: 50, n images per sub: 5, sigma^2: 1, beta: 1.1, simulation: 23"
[1] "n sub: 50, n images per sub: 5, sigma^2: 0.5, beta: 1.1, simulation: 23"
[1] "n sub: 50, n images per sub: 5, sigma^2: 2, beta: 1.1, simulation: 24"
[1] "n sub: 50, n images per sub: 5, sigma^2: 1, beta: 1.1, simulation: 24"
[1] "n sub: 50, n images per sub: 5, sigma^2: 0.5, beta: 1.1, simulation: 24"
[1] "n sub: 50, n images per sub: 5, sigma^2: 2, beta: 1.1, simulation: 25"
[1] "n sub: 50, n images per sub: 5, sigma^2: 1, beta: 1.1, simulation: 25"
[1] "n sub: 50, n images per sub: 5, sigma^2: 0.5, beta: 1.1, simulation: 25"
[1] "n sub: 50, n images per sub: 5, sigma^2: 2, beta: 1.1, simulation: 26"
[1] "n sub: 50, n images per sub: 5, sigma^2: 1, beta: 1.1, simulation: 26"
[1] "n sub: 50, n images per sub: 5, sigma^2: 0.5, beta: 1.1, simulation: 26"
[1] "n sub: 50, n images per sub: 5, sigma^2: 2, beta: 1.1, simulation: 27"
[1] "n sub: 50, n images per sub: 5, sigma^2: 1, beta: 1.1, simulation: 27"
[1] "n sub: 50, n images per sub: 5, sigma^2: 0.5, beta: 1.1, simulation: 27"
[1] "n sub: 50, n images per sub: 5, sigma^2: 2, beta: 1.1, simulation: 28"
[1] "n sub: 50, n images per sub: 5, sigma^2: 1, beta: 1.1, simulation: 28"
[1] "n sub: 50, n images per sub: 5, sigma^2: 0.5, beta: 1.1, simulation: 28"
