 [1] 12799 12800 12801 12802 12803 12804 12805 12806 12807 12808 12809 12810
[13] 12811 12812 12813 12814 12815 12816 12817 12818 12819 12820 12821 12822
[25] 12823 12824 12825 12826 12827 12828 12829 12830 12831 12832 12833 12834
[37] 12835 12836 12837 12838 12839 12840 12841 12842 12843 12844 12845 12846
[49] 12847 12848 12849 12850 12851 12852
[1] "n sub: 30, n images per sub: 5, sigma^2: 1, beta: 0.41, simulation: 67"
[1] "n sub: 30, n images per sub: 5, sigma^2: 0.5, beta: 0.41, simulation: 67"
[1] "n sub: 30, n images per sub: 5, sigma^2: 2, beta: 0.41, simulation: 67"
[1] "n sub: 30, n images per sub: 5, sigma^2: 1, beta: 0.41, simulation: 68"
[1] "n sub: 30, n images per sub: 5, sigma^2: 0.5, beta: 0.41, simulation: 68"
[1] "n sub: 30, n images per sub: 5, sigma^2: 2, beta: 0.41, simulation: 68"
[1] "n sub: 30, n images per sub: 5, sigma^2: 1, beta: 0.41, simulation: 69"
[1] "n sub: 30, n images per sub: 5, sigma^2: 0.5, beta: 0.41, simulation: 69"
[1] "n sub: 30, n images per sub: 5, sigma^2: 2, beta: 0.41, simulation: 69"
[1] "n sub: 30, n images per sub: 5, sigma^2: 1, beta: 0.41, simulation: 70"
[1] "n sub: 30, n images per sub: 5, sigma^2: 0.5, beta: 0.41, simulation: 70"
[1] "n sub: 30, n images per sub: 5, sigma^2: 2, beta: 0.41, simulation: 70"
[1] "n sub: 30, n images per sub: 5, sigma^2: 1, beta: 0.41, simulation: 71"
[1] "n sub: 30, n images per sub: 5, sigma^2: 0.5, beta: 0.41, simulation: 71"
[1] "n sub: 30, n images per sub: 5, sigma^2: 2, beta: 0.41, simulation: 71"
[1] "n sub: 30, n images per sub: 5, sigma^2: 1, beta: 0.41, simulation: 72"
[1] "n sub: 30, n images per sub: 5, sigma^2: 0.5, beta: 0.41, simulation: 72"
[1] "n sub: 30, n images per sub: 5, sigma^2: 2, beta: 0.41, simulation: 72"
[1] "n sub: 30, n images per sub: 5, sigma^2: 1, beta: 0.41, simulation: 73"
[1] "n sub: 30, n images per sub: 5, sigma^2: 0.5, beta: 0.41, simulation: 73"
[1] "n sub: 30, n images per sub: 5, sigma^2: 2, beta: 0.41, simulation: 73"
[1] "n sub: 30, n images per sub: 5, sigma^2: 1, beta: 0.41, simulation: 74"
[1] "n sub: 30, n images per sub: 5, sigma^2: 0.5, beta: 0.41, simulation: 74"
[1] "n sub: 30, n images per sub: 5, sigma^2: 2, beta: 0.41, simulation: 74"
[1] "n sub: 30, n images per sub: 5, sigma^2: 1, beta: 0.41, simulation: 75"
[1] "n sub: 30, n images per sub: 5, sigma^2: 0.5, beta: 0.41, simulation: 75"
[1] "n sub: 30, n images per sub: 5, sigma^2: 2, beta: 0.41, simulation: 75"
[1] "n sub: 30, n images per sub: 5, sigma^2: 1, beta: 0.41, simulation: 76"
[1] "n sub: 30, n images per sub: 5, sigma^2: 0.5, beta: 0.41, simulation: 76"
[1] "n sub: 30, n images per sub: 5, sigma^2: 2, beta: 0.41, simulation: 76"
[1] "n sub: 30, n images per sub: 5, sigma^2: 1, beta: 0.41, simulation: 77"
[1] "n sub: 30, n images per sub: 5, sigma^2: 0.5, beta: 0.41, simulation: 77"
[1] "n sub: 30, n images per sub: 5, sigma^2: 2, beta: 0.41, simulation: 77"
[1] "n sub: 30, n images per sub: 5, sigma^2: 1, beta: 0.41, simulation: 78"
[1] "n sub: 30, n images per sub: 5, sigma^2: 0.5, beta: 0.41, simulation: 78"
[1] "n sub: 30, n images per sub: 5, sigma^2: 2, beta: 0.41, simulation: 78"
[1] "n sub: 30, n images per sub: 5, sigma^2: 1, beta: 0.41, simulation: 79"
[1] "n sub: 30, n images per sub: 5, sigma^2: 0.5, beta: 0.41, simulation: 79"
[1] "n sub: 30, n images per sub: 5, sigma^2: 2, beta: 0.41, simulation: 79"
[1] "n sub: 30, n images per sub: 5, sigma^2: 1, beta: 0.41, simulation: 80"
[1] "n sub: 30, n images per sub: 5, sigma^2: 0.5, beta: 0.41, simulation: 80"
[1] "n sub: 30, n images per sub: 5, sigma^2: 2, beta: 0.41, simulation: 80"
[1] "n sub: 30, n images per sub: 5, sigma^2: 1, beta: 0.41, simulation: 81"
[1] "n sub: 30, n images per sub: 5, sigma^2: 0.5, beta: 0.41, simulation: 81"
[1] "n sub: 30, n images per sub: 5, sigma^2: 2, beta: 0.41, simulation: 81"
[1] "n sub: 30, n images per sub: 5, sigma^2: 1, beta: 0.41, simulation: 82"
[1] "n sub: 30, n images per sub: 5, sigma^2: 0.5, beta: 0.41, simulation: 82"
[1] "n sub: 30, n images per sub: 5, sigma^2: 2, beta: 0.41, simulation: 82"
[1] "n sub: 30, n images per sub: 5, sigma^2: 1, beta: 0.41, simulation: 83"
[1] "n sub: 30, n images per sub: 5, sigma^2: 0.5, beta: 0.41, simulation: 83"
[1] "n sub: 30, n images per sub: 5, sigma^2: 2, beta: 0.41, simulation: 83"
[1] "n sub: 30, n images per sub: 5, sigma^2: 1, beta: 0.41, simulation: 84"
[1] "n sub: 30, n images per sub: 5, sigma^2: 0.5, beta: 0.41, simulation: 84"
[1] "n sub: 30, n images per sub: 5, sigma^2: 2, beta: 0.41, simulation: 84"
