[1] "n sub: 10, n images per sub: 1, zero distance: 50, sigma^2: 0.5, beta: -0.41, simulation: 801"
[1] "no_corr"
[1] "pc_exp"
[1] "pc_sqexp"
[1] "n sub: 10, n images per sub: 1, zero distance: 50, sigma^2: 1, beta: -0.41, simulation: 801"
[1] "no_corr"
[1] "pc_exp"
[1] "pc_sqexp"
[1] "n sub: 10, n images per sub: 1, zero distance: 50, sigma^2: 2, beta: -0.41, simulation: 801"
[1] "no_corr"
[1] "pc_exp"
[1] "pc_sqexp"
[1] "n sub: 10, n images per sub: 1, zero distance: 50, sigma^2: 0.5, beta: -0.41, simulation: 802"
[1] "no_corr"
[1] "pc_exp"
[1] "pc_sqexp"
[1] "n sub: 10, n images per sub: 1, zero distance: 50, sigma^2: 1, beta: -0.41, simulation: 802"
[1] "no_corr"
[1] "pc_exp"
[1] "pc_sqexp"
[1] "n sub: 10, n images per sub: 1, zero distance: 50, sigma^2: 2, beta: -0.41, simulation: 802"
[1] "no_corr"
[1] "pc_exp"
[1] "pc_sqexp"
[1] "n sub: 10, n images per sub: 1, zero distance: 50, sigma^2: 0.5, beta: -0.41, simulation: 803"
[1] "no_corr"
[1] "pc_exp"
[1] "pc_sqexp"
[1] "n sub: 10, n images per sub: 1, zero distance: 50, sigma^2: 1, beta: -0.41, simulation: 803"
[1] "no_corr"
[1] "pc_exp"
[1] "pc_sqexp"
[1] "n sub: 10, n images per sub: 1, zero distance: 50, sigma^2: 2, beta: -0.41, simulation: 803"
[1] "no_corr"
[1] "pc_exp"
[1] "pc_sqexp"
[1] "n sub: 10, n images per sub: 1, zero distance: 50, sigma^2: 0.5, beta: -0.41, simulation: 804"
[1] "no_corr"
[1] "pc_exp"
[1] "pc_sqexp"
[1] "n sub: 10, n images per sub: 1, zero distance: 50, sigma^2: 1, beta: -0.41, simulation: 804"
[1] "no_corr"
[1] "pc_exp"
[1] "pc_sqexp"
[1] "n sub: 10, n images per sub: 1, zero distance: 50, sigma^2: 2, beta: -0.41, simulation: 804"
[1] "no_corr"
[1] "pc_exp"
[1] "pc_sqexp"
[1] "n sub: 10, n images per sub: 1, zero distance: 50, sigma^2: 0.5, beta: -0.41, simulation: 805"
[1] "no_corr"
[1] "pc_exp"
[1] "pc_sqexp"
[1] "n sub: 10, n images per sub: 1, zero distance: 50, sigma^2: 1, beta: -0.41, simulation: 805"
[1] "no_corr"
[1] "pc_exp"
[1] "pc_sqexp"
[1] "n sub: 10, n images per sub: 1, zero distance: 50, sigma^2: 2, beta: -0.41, simulation: 805"
[1] "no_corr"
[1] "pc_exp"
[1] "pc_sqexp"
[1] "n sub: 10, n images per sub: 1, zero distance: 50, sigma^2: 0.5, beta: -0.41, simulation: 806"
[1] "no_corr"
[1] "pc_exp"
[1] "pc_sqexp"
[1] "n sub: 10, n images per sub: 1, zero distance: 50, sigma^2: 1, beta: -0.41, simulation: 806"
[1] "no_corr"
[1] "pc_exp"
[1] "pc_sqexp"
[1] "n sub: 10, n images per sub: 1, zero distance: 50, sigma^2: 2, beta: -0.41, simulation: 806"
[1] "no_corr"
[1] "pc_exp"
[1] "pc_sqexp"
[1] "n sub: 10, n images per sub: 1, zero distance: 50, sigma^2: 0.5, beta: -0.41, simulation: 807"
[1] "no_corr"
[1] "pc_exp"
[1] "pc_sqexp"
[1] "n sub: 10, n images per sub: 1, zero distance: 50, sigma^2: 1, beta: -0.41, simulation: 807"
[1] "no_corr"
[1] "pc_exp"
[1] "pc_sqexp"
[1] "n sub: 10, n images per sub: 1, zero distance: 50, sigma^2: 2, beta: -0.41, simulation: 807"
[1] "no_corr"
[1] "pc_exp"
[1] "pc_sqexp"
[1] "n sub: 10, n images per sub: 1, zero distance: 50, sigma^2: 0.5, beta: -0.41, simulation: 808"
[1] "no_corr"
[1] "pc_exp"
[1] "pc_sqexp"
[1] "n sub: 10, n images per sub: 1, zero distance: 50, sigma^2: 1, beta: -0.41, simulation: 808"
[1] "no_corr"
[1] "pc_exp"
[1] "pc_sqexp"
[1] "n sub: 10, n images per sub: 1, zero distance: 50, sigma^2: 2, beta: -0.41, simulation: 808"
[1] "no_corr"
[1] "pc_exp"
[1] "pc_sqexp"
[1] "n sub: 10, n images per sub: 1, zero distance: 50, sigma^2: 0.5, beta: -0.41, simulation: 809"
[1] "no_corr"
[1] "pc_exp"
[1] "pc_sqexp"
[1] "n sub: 10, n images per sub: 1, zero distance: 50, sigma^2: 1, beta: -0.41, simulation: 809"
[1] "no_corr"
[1] "pc_exp"
[1] "pc_sqexp"
[1] "n sub: 10, n images per sub: 1, zero distance: 50, sigma^2: 2, beta: -0.41, simulation: 809"
[1] "no_corr"
[1] "pc_exp"
[1] "pc_sqexp"
[1] "n sub: 10, n images per sub: 1, zero distance: 50, sigma^2: 0.5, beta: -0.41, simulation: 810"
[1] "no_corr"
[1] "pc_exp"
[1] "pc_sqexp"
[1] "n sub: 10, n images per sub: 1, zero distance: 50, sigma^2: 1, beta: -0.41, simulation: 810"
[1] "no_corr"
[1] "pc_exp"
[1] "pc_sqexp"
[1] "n sub: 10, n images per sub: 1, zero distance: 50, sigma^2: 2, beta: -0.41, simulation: 810"
[1] "no_corr"
[1] "pc_exp"
[1] "pc_sqexp"
[1] "n sub: 10, n images per sub: 1, zero distance: 50, sigma^2: 0.5, beta: -0.41, simulation: 811"
[1] "no_corr"
[1] "pc_exp"
[1] "pc_sqexp"
[1] "n sub: 10, n images per sub: 1, zero distance: 50, sigma^2: 1, beta: -0.41, simulation: 811"
[1] "no_corr"
[1] "pc_exp"
[1] "pc_sqexp"
[1] "n sub: 10, n images per sub: 1, zero distance: 50, sigma^2: 2, beta: -0.41, simulation: 811"
[1] "no_corr"
[1] "pc_exp"
[1] "pc_sqexp"
[1] "n sub: 10, n images per sub: 1, zero distance: 50, sigma^2: 0.5, beta: -0.41, simulation: 812"
[1] "no_corr"
[1] "pc_exp"
[1] "pc_sqexp"
[1] "n sub: 10, n images per sub: 1, zero distance: 50, sigma^2: 1, beta: -0.41, simulation: 812"
[1] "no_corr"
[1] "pc_exp"
[1] "pc_sqexp"
[1] "n sub: 10, n images per sub: 1, zero distance: 50, sigma^2: 2, beta: -0.41, simulation: 812"
[1] "no_corr"
[1] "pc_exp"
[1] "pc_sqexp"
[1] "n sub: 10, n images per sub: 1, zero distance: 50, sigma^2: 0.5, beta: -0.41, simulation: 813"
[1] "no_corr"
[1] "pc_exp"
[1] "pc_sqexp"
[1] "n sub: 10, n images per sub: 1, zero distance: 50, sigma^2: 1, beta: -0.41, simulation: 813"
[1] "no_corr"
[1] "pc_exp"
[1] "pc_sqexp"
[1] "n sub: 10, n images per sub: 1, zero distance: 50, sigma^2: 2, beta: -0.41, simulation: 813"
[1] "no_corr"
[1] "pc_exp"
[1] "pc_sqexp"
[1] "n sub: 10, n images per sub: 1, zero distance: 50, sigma^2: 0.5, beta: -0.41, simulation: 814"
[1] "no_corr"
[1] "pc_exp"
[1] "pc_sqexp"
[1] "n sub: 10, n images per sub: 1, zero distance: 50, sigma^2: 1, beta: -0.41, simulation: 814"
[1] "no_corr"
[1] "pc_exp"
[1] "pc_sqexp"
[1] "n sub: 10, n images per sub: 1, zero distance: 50, sigma^2: 2, beta: -0.41, simulation: 814"
[1] "no_corr"
[1] "pc_exp"
[1] "pc_sqexp"
[1] "n sub: 10, n images per sub: 1, zero distance: 50, sigma^2: 0.5, beta: -0.41, simulation: 815"
[1] "no_corr"
[1] "pc_exp"
[1] "pc_sqexp"
[1] "n sub: 10, n images per sub: 1, zero distance: 50, sigma^2: 1, beta: -0.41, simulation: 815"
[1] "no_corr"
[1] "pc_exp"
[1] "pc_sqexp"
[1] "n sub: 10, n images per sub: 1, zero distance: 50, sigma^2: 2, beta: -0.41, simulation: 815"
[1] "no_corr"
[1] "pc_exp"
[1] "pc_sqexp"
[1] "n sub: 10, n images per sub: 1, zero distance: 50, sigma^2: 0.5, beta: -0.41, simulation: 816"
[1] "no_corr"
[1] "pc_exp"
[1] "pc_sqexp"
[1] "n sub: 10, n images per sub: 1, zero distance: 50, sigma^2: 1, beta: -0.41, simulation: 816"
[1] "no_corr"
[1] "pc_exp"
[1] "pc_sqexp"
[1] "n sub: 10, n images per sub: 1, zero distance: 50, sigma^2: 2, beta: -0.41, simulation: 816"
[1] "no_corr"
[1] "pc_exp"
[1] "pc_sqexp"
[1] "n sub: 10, n images per sub: 1, zero distance: 50, sigma^2: 0.5, beta: -0.41, simulation: 817"
[1] "no_corr"
[1] "pc_exp"
[1] "pc_sqexp"
[1] "n sub: 10, n images per sub: 1, zero distance: 50, sigma^2: 1, beta: -0.41, simulation: 817"
[1] "no_corr"
[1] "pc_exp"
[1] "pc_sqexp"
[1] "n sub: 10, n images per sub: 1, zero distance: 50, sigma^2: 2, beta: -0.41, simulation: 817"
[1] "no_corr"
[1] "pc_exp"
[1] "pc_sqexp"
[1] "n sub: 10, n images per sub: 1, zero distance: 50, sigma^2: 0.5, beta: -0.41, simulation: 818"
[1] "no_corr"
[1] "pc_exp"
[1] "pc_sqexp"
[1] "n sub: 10, n images per sub: 1, zero distance: 50, sigma^2: 1, beta: -0.41, simulation: 818"
[1] "no_corr"
[1] "pc_exp"
[1] "pc_sqexp"
[1] "n sub: 10, n images per sub: 1, zero distance: 50, sigma^2: 2, beta: -0.41, simulation: 818"
[1] "no_corr"
[1] "pc_exp"
[1] "pc_sqexp"
[1] "n sub: 10, n images per sub: 1, zero distance: 50, sigma^2: 0.5, beta: -0.41, simulation: 819"
[1] "no_corr"
[1] "pc_exp"
[1] "pc_sqexp"
[1] "n sub: 10, n images per sub: 1, zero distance: 50, sigma^2: 1, beta: -0.41, simulation: 819"
[1] "no_corr"
[1] "pc_exp"
[1] "pc_sqexp"
[1] "n sub: 10, n images per sub: 1, zero distance: 50, sigma^2: 2, beta: -0.41, simulation: 819"
[1] "no_corr"
[1] "pc_exp"
[1] "pc_sqexp"
[1] "n sub: 10, n images per sub: 1, zero distance: 50, sigma^2: 0.5, beta: -0.41, simulation: 820"
[1] "no_corr"
[1] "pc_exp"
[1] "pc_sqexp"
[1] "n sub: 10, n images per sub: 1, zero distance: 50, sigma^2: 1, beta: -0.41, simulation: 820"
[1] "no_corr"
[1] "pc_exp"
[1] "pc_sqexp"
[1] "n sub: 10, n images per sub: 1, zero distance: 50, sigma^2: 2, beta: -0.41, simulation: 820"
[1] "no_corr"
[1] "pc_exp"
[1] "pc_sqexp"
[1] "n sub: 10, n images per sub: 1, zero distance: 50, sigma^2: 0.5, beta: -0.41, simulation: 821"
[1] "no_corr"
[1] "pc_exp"
[1] "pc_sqexp"
[1] "n sub: 10, n images per sub: 1, zero distance: 50, sigma^2: 1, beta: -0.41, simulation: 821"
[1] "no_corr"
[1] "pc_exp"
[1] "pc_sqexp"
[1] "n sub: 10, n images per sub: 1, zero distance: 50, sigma^2: 2, beta: -0.41, simulation: 821"
[1] "no_corr"
[1] "pc_exp"
[1] "pc_sqexp"
[1] "n sub: 10, n images per sub: 1, zero distance: 50, sigma^2: 0.5, beta: -0.41, simulation: 822"
[1] "no_corr"
[1] "pc_exp"
[1] "pc_sqexp"
[1] "n sub: 10, n images per sub: 1, zero distance: 50, sigma^2: 1, beta: -0.41, simulation: 822"
[1] "no_corr"
[1] "pc_exp"
[1] "pc_sqexp"
[1] "n sub: 10, n images per sub: 1, zero distance: 50, sigma^2: 2, beta: -0.41, simulation: 822"
[1] "no_corr"
[1] "pc_exp"
[1] "pc_sqexp"
[1] "n sub: 10, n images per sub: 1, zero distance: 50, sigma^2: 0.5, beta: -0.41, simulation: 823"
[1] "no_corr"
[1] "pc_exp"
[1] "pc_sqexp"
[1] "n sub: 10, n images per sub: 1, zero distance: 50, sigma^2: 1, beta: -0.41, simulation: 823"
[1] "no_corr"
[1] "pc_exp"
[1] "pc_sqexp"
[1] "n sub: 10, n images per sub: 1, zero distance: 50, sigma^2: 2, beta: -0.41, simulation: 823"
[1] "no_corr"
[1] "pc_exp"
[1] "pc_sqexp"
[1] "n sub: 10, n images per sub: 1, zero distance: 50, sigma^2: 0.5, beta: -0.41, simulation: 824"
[1] "no_corr"
[1] "pc_exp"
[1] "pc_sqexp"
[1] "n sub: 10, n images per sub: 1, zero distance: 50, sigma^2: 1, beta: -0.41, simulation: 824"
[1] "no_corr"
[1] "pc_exp"
[1] "pc_sqexp"
[1] "n sub: 10, n images per sub: 1, zero distance: 50, sigma^2: 2, beta: -0.41, simulation: 824"
[1] "no_corr"
[1] "pc_exp"
[1] "pc_sqexp"
[1] "n sub: 10, n images per sub: 1, zero distance: 50, sigma^2: 0.5, beta: -0.41, simulation: 825"
[1] "no_corr"
[1] "pc_exp"
[1] "pc_sqexp"
[1] "n sub: 10, n images per sub: 1, zero distance: 50, sigma^2: 1, beta: -0.41, simulation: 825"
[1] "no_corr"
[1] "pc_exp"
[1] "pc_sqexp"
[1] "n sub: 10, n images per sub: 1, zero distance: 50, sigma^2: 2, beta: -0.41, simulation: 825"
[1] "no_corr"
[1] "pc_exp"
[1] "pc_sqexp"
[1] "n sub: 10, n images per sub: 1, zero distance: 50, sigma^2: 0.5, beta: -0.41, simulation: 826"
[1] "no_corr"
[1] "pc_exp"
[1] "pc_sqexp"
[1] "n sub: 10, n images per sub: 1, zero distance: 50, sigma^2: 1, beta: -0.41, simulation: 826"
[1] "no_corr"
[1] "pc_exp"
[1] "pc_sqexp"
[1] "n sub: 10, n images per sub: 1, zero distance: 50, sigma^2: 2, beta: -0.41, simulation: 826"
[1] "no_corr"
[1] "pc_exp"
[1] "pc_sqexp"
[1] "n sub: 10, n images per sub: 1, zero distance: 50, sigma^2: 0.5, beta: -0.41, simulation: 827"
[1] "no_corr"
[1] "pc_exp"
[1] "pc_sqexp"
[1] "n sub: 10, n images per sub: 1, zero distance: 50, sigma^2: 1, beta: -0.41, simulation: 827"
[1] "no_corr"
[1] "pc_exp"
[1] "pc_sqexp"
[1] "n sub: 10, n images per sub: 1, zero distance: 50, sigma^2: 2, beta: -0.41, simulation: 827"
[1] "no_corr"
[1] "pc_exp"
[1] "pc_sqexp"
[1] "n sub: 10, n images per sub: 1, zero distance: 50, sigma^2: 0.5, beta: -0.41, simulation: 828"
[1] "no_corr"
[1] "pc_exp"
[1] "pc_sqexp"
[1] "n sub: 10, n images per sub: 1, zero distance: 50, sigma^2: 1, beta: -0.41, simulation: 828"
[1] "no_corr"
[1] "pc_exp"
[1] "pc_sqexp"
[1] "n sub: 10, n images per sub: 1, zero distance: 50, sigma^2: 2, beta: -0.41, simulation: 828"
[1] "no_corr"
[1] "pc_exp"
[1] "pc_sqexp"
[1] "n sub: 10, n images per sub: 1, zero distance: 50, sigma^2: 0.5, beta: -0.41, simulation: 829"
[1] "no_corr"
[1] "pc_exp"
[1] "pc_sqexp"
[1] "n sub: 10, n images per sub: 1, zero distance: 50, sigma^2: 1, beta: -0.41, simulation: 829"
[1] "no_corr"
[1] "pc_exp"
[1] "pc_sqexp"
[1] "n sub: 10, n images per sub: 1, zero distance: 50, sigma^2: 2, beta: -0.41, simulation: 829"
[1] "no_corr"
[1] "pc_exp"
[1] "pc_sqexp"
[1] "n sub: 10, n images per sub: 1, zero distance: 50, sigma^2: 0.5, beta: -0.41, simulation: 830"
[1] "no_corr"
[1] "pc_exp"
[1] "pc_sqexp"
[1] "n sub: 10, n images per sub: 1, zero distance: 50, sigma^2: 1, beta: -0.41, simulation: 830"
[1] "no_corr"
[1] "pc_exp"
[1] "pc_sqexp"
[1] "n sub: 10, n images per sub: 1, zero distance: 50, sigma^2: 2, beta: -0.41, simulation: 830"
[1] "no_corr"
[1] "pc_exp"
[1] "pc_sqexp"
[1] "n sub: 10, n images per sub: 1, zero distance: 50, sigma^2: 0.5, beta: -0.41, simulation: 831"
[1] "no_corr"
[1] "pc_exp"
[1] "pc_sqexp"
[1] "n sub: 10, n images per sub: 1, zero distance: 50, sigma^2: 1, beta: -0.41, simulation: 831"
[1] "no_corr"
[1] "pc_exp"
[1] "pc_sqexp"
[1] "n sub: 10, n images per sub: 1, zero distance: 50, sigma^2: 2, beta: -0.41, simulation: 831"
[1] "no_corr"
[1] "pc_exp"
[1] "pc_sqexp"
[1] "n sub: 10, n images per sub: 1, zero distance: 50, sigma^2: 0.5, beta: -0.41, simulation: 832"
[1] "no_corr"
[1] "pc_exp"
[1] "pc_sqexp"
[1] "n sub: 10, n images per sub: 1, zero distance: 50, sigma^2: 1, beta: -0.41, simulation: 832"
[1] "no_corr"
[1] "pc_exp"
[1] "pc_sqexp"
[1] "n sub: 10, n images per sub: 1, zero distance: 50, sigma^2: 2, beta: -0.41, simulation: 832"
[1] "no_corr"
[1] "pc_exp"
[1] "pc_sqexp"
[1] "n sub: 10, n images per sub: 1, zero distance: 50, sigma^2: 0.5, beta: -0.41, simulation: 833"
[1] "no_corr"
[1] "pc_exp"
[1] "pc_sqexp"
[1] "n sub: 10, n images per sub: 1, zero distance: 50, sigma^2: 2, beta: -0.41, simulation: 833"
[1] "no_corr"
[1] "pc_exp"
[1] "pc_sqexp"
[1] "n sub: 10, n images per sub: 1, zero distance: 50, sigma^2: 1, beta: -0.41, simulation: 833"
[1] "no_corr"
[1] "pc_exp"
[1] "pc_sqexp"
[1] "n sub: 10, n images per sub: 1, zero distance: 50, sigma^2: 0.5, beta: -0.41, simulation: 834"
[1] "no_corr"
[1] "pc_exp"
[1] "pc_sqexp"
[1] "n sub: 10, n images per sub: 1, zero distance: 50, sigma^2: 2, beta: -0.41, simulation: 834"
[1] "no_corr"
[1] "pc_exp"
[1] "pc_sqexp"
[1] "n sub: 10, n images per sub: 1, zero distance: 50, sigma^2: 1, beta: -0.41, simulation: 834"
[1] "no_corr"
[1] "pc_exp"
[1] "pc_sqexp"
[1] "n sub: 10, n images per sub: 1, zero distance: 50, sigma^2: 0.5, beta: -0.41, simulation: 835"
[1] "no_corr"
[1] "pc_exp"
[1] "pc_sqexp"
[1] "n sub: 10, n images per sub: 1, zero distance: 50, sigma^2: 2, beta: -0.41, simulation: 835"
[1] "no_corr"
[1] "pc_exp"
[1] "pc_sqexp"
[1] "n sub: 10, n images per sub: 1, zero distance: 50, sigma^2: 1, beta: -0.41, simulation: 835"
[1] "no_corr"
[1] "pc_exp"
[1] "pc_sqexp"
[1] "n sub: 10, n images per sub: 1, zero distance: 50, sigma^2: 0.5, beta: -0.41, simulation: 836"
[1] "no_corr"
[1] "pc_exp"
[1] "pc_sqexp"
[1] "n sub: 10, n images per sub: 1, zero distance: 50, sigma^2: 2, beta: -0.41, simulation: 836"
[1] "no_corr"
[1] "pc_exp"
[1] "pc_sqexp"
[1] "n sub: 10, n images per sub: 1, zero distance: 50, sigma^2: 1, beta: -0.41, simulation: 836"
[1] "no_corr"
[1] "pc_exp"
[1] "pc_sqexp"
[1] "n sub: 10, n images per sub: 1, zero distance: 50, sigma^2: 0.5, beta: -0.41, simulation: 837"
[1] "no_corr"
[1] "pc_exp"
[1] "pc_sqexp"
[1] "n sub: 10, n images per sub: 1, zero distance: 50, sigma^2: 2, beta: -0.41, simulation: 837"
[1] "no_corr"
[1] "pc_exp"
[1] "pc_sqexp"
[1] "n sub: 10, n images per sub: 1, zero distance: 50, sigma^2: 1, beta: -0.41, simulation: 837"
[1] "no_corr"
[1] "pc_exp"
[1] "pc_sqexp"
[1] "n sub: 10, n images per sub: 1, zero distance: 50, sigma^2: 0.5, beta: -0.41, simulation: 838"
[1] "no_corr"
[1] "pc_exp"
[1] "pc_sqexp"
[1] "n sub: 10, n images per sub: 1, zero distance: 50, sigma^2: 2, beta: -0.41, simulation: 838"
[1] "no_corr"
[1] "pc_exp"
[1] "pc_sqexp"
[1] "n sub: 10, n images per sub: 1, zero distance: 50, sigma^2: 1, beta: -0.41, simulation: 838"
[1] "no_corr"
[1] "pc_exp"
[1] "pc_sqexp"
[1] "n sub: 10, n images per sub: 1, zero distance: 50, sigma^2: 0.5, beta: -0.41, simulation: 839"
[1] "no_corr"
[1] "pc_exp"
[1] "pc_sqexp"
[1] "n sub: 10, n images per sub: 1, zero distance: 50, sigma^2: 2, beta: -0.41, simulation: 839"
[1] "no_corr"
[1] "pc_exp"
[1] "pc_sqexp"
[1] "n sub: 10, n images per sub: 1, zero distance: 50, sigma^2: 1, beta: -0.41, simulation: 839"
[1] "no_corr"
[1] "pc_exp"
[1] "pc_sqexp"
[1] "n sub: 10, n images per sub: 1, zero distance: 50, sigma^2: 0.5, beta: -0.41, simulation: 840"
[1] "no_corr"
[1] "pc_exp"
[1] "pc_sqexp"
[1] "n sub: 10, n images per sub: 1, zero distance: 50, sigma^2: 2, beta: -0.41, simulation: 840"
[1] "no_corr"
[1] "pc_exp"
[1] "pc_sqexp"
[1] "n sub: 10, n images per sub: 1, zero distance: 50, sigma^2: 1, beta: -0.41, simulation: 840"
[1] "no_corr"
[1] "pc_exp"
[1] "pc_sqexp"
[1] "n sub: 10, n images per sub: 1, zero distance: 50, sigma^2: 0.5, beta: -0.41, simulation: 841"
[1] "no_corr"
[1] "pc_exp"
[1] "pc_sqexp"
[1] "n sub: 10, n images per sub: 1, zero distance: 50, sigma^2: 2, beta: -0.41, simulation: 841"
[1] "no_corr"
[1] "pc_exp"
[1] "pc_sqexp"
[1] "n sub: 10, n images per sub: 1, zero distance: 50, sigma^2: 1, beta: -0.41, simulation: 841"
[1] "no_corr"
[1] "pc_exp"
[1] "pc_sqexp"
[1] "n sub: 10, n images per sub: 1, zero distance: 50, sigma^2: 0.5, beta: -0.41, simulation: 842"
[1] "no_corr"
[1] "pc_exp"
[1] "pc_sqexp"
[1] "n sub: 10, n images per sub: 1, zero distance: 50, sigma^2: 2, beta: -0.41, simulation: 842"
[1] "no_corr"
[1] "pc_exp"
[1] "pc_sqexp"
[1] "n sub: 10, n images per sub: 1, zero distance: 50, sigma^2: 1, beta: -0.41, simulation: 842"
[1] "no_corr"
[1] "pc_exp"
[1] "pc_sqexp"
[1] "n sub: 10, n images per sub: 1, zero distance: 50, sigma^2: 0.5, beta: -0.41, simulation: 843"
[1] "no_corr"
[1] "pc_exp"
[1] "pc_sqexp"
[1] "n sub: 10, n images per sub: 1, zero distance: 50, sigma^2: 2, beta: -0.41, simulation: 843"
[1] "no_corr"
[1] "pc_exp"
[1] "pc_sqexp"
[1] "n sub: 10, n images per sub: 1, zero distance: 50, sigma^2: 1, beta: -0.41, simulation: 843"
[1] "no_corr"
[1] "pc_exp"
[1] "pc_sqexp"
[1] "n sub: 10, n images per sub: 1, zero distance: 50, sigma^2: 0.5, beta: -0.41, simulation: 844"
[1] "no_corr"
[1] "pc_exp"
[1] "pc_sqexp"
[1] "n sub: 10, n images per sub: 1, zero distance: 50, sigma^2: 2, beta: -0.41, simulation: 844"
[1] "no_corr"
[1] "pc_exp"
[1] "pc_sqexp"
[1] "n sub: 10, n images per sub: 1, zero distance: 50, sigma^2: 1, beta: -0.41, simulation: 844"
[1] "no_corr"
[1] "pc_exp"
[1] "pc_sqexp"
[1] "n sub: 10, n images per sub: 1, zero distance: 50, sigma^2: 0.5, beta: -0.41, simulation: 845"
[1] "no_corr"
[1] "pc_exp"
[1] "pc_sqexp"
[1] "n sub: 10, n images per sub: 1, zero distance: 50, sigma^2: 2, beta: -0.41, simulation: 845"
[1] "no_corr"
[1] "pc_exp"
[1] "pc_sqexp"
[1] "n sub: 10, n images per sub: 1, zero distance: 50, sigma^2: 1, beta: -0.41, simulation: 845"
[1] "no_corr"
[1] "pc_exp"
[1] "pc_sqexp"
[1] "n sub: 10, n images per sub: 1, zero distance: 50, sigma^2: 0.5, beta: -0.41, simulation: 846"
[1] "no_corr"
[1] "pc_exp"
[1] "pc_sqexp"
[1] "n sub: 10, n images per sub: 1, zero distance: 50, sigma^2: 2, beta: -0.41, simulation: 846"
[1] "no_corr"
[1] "pc_exp"
[1] "pc_sqexp"
[1] "n sub: 10, n images per sub: 1, zero distance: 50, sigma^2: 1, beta: -0.41, simulation: 846"
[1] "no_corr"
[1] "pc_exp"
[1] "pc_sqexp"
[1] "n sub: 10, n images per sub: 1, zero distance: 50, sigma^2: 0.5, beta: -0.41, simulation: 847"
[1] "no_corr"
[1] "pc_exp"
[1] "pc_sqexp"
[1] "n sub: 10, n images per sub: 1, zero distance: 50, sigma^2: 2, beta: -0.41, simulation: 847"
[1] "no_corr"
[1] "pc_exp"
[1] "pc_sqexp"
[1] "n sub: 10, n images per sub: 1, zero distance: 50, sigma^2: 1, beta: -0.41, simulation: 847"
[1] "no_corr"
[1] "pc_exp"
[1] "pc_sqexp"
[1] "n sub: 10, n images per sub: 1, zero distance: 50, sigma^2: 0.5, beta: -0.41, simulation: 848"
[1] "no_corr"
[1] "pc_exp"
[1] "pc_sqexp"
[1] "n sub: 10, n images per sub: 1, zero distance: 50, sigma^2: 2, beta: -0.41, simulation: 848"
[1] "no_corr"
[1] "pc_exp"
[1] "pc_sqexp"
[1] "n sub: 10, n images per sub: 1, zero distance: 50, sigma^2: 1, beta: -0.41, simulation: 848"
[1] "no_corr"
[1] "pc_exp"
[1] "pc_sqexp"
[1] "n sub: 10, n images per sub: 1, zero distance: 50, sigma^2: 0.5, beta: -0.41, simulation: 849"
[1] "no_corr"
[1] "pc_exp"
[1] "pc_sqexp"
[1] "n sub: 10, n images per sub: 1, zero distance: 50, sigma^2: 1, beta: -0.41, simulation: 849"
[1] "no_corr"
[1] "pc_exp"
[1] "pc_sqexp"
[1] "n sub: 10, n images per sub: 1, zero distance: 50, sigma^2: 2, beta: -0.41, simulation: 849"
[1] "no_corr"
[1] "pc_exp"
[1] "pc_sqexp"
[1] "n sub: 10, n images per sub: 1, zero distance: 50, sigma^2: 0.5, beta: -0.41, simulation: 850"
[1] "no_corr"
[1] "pc_exp"
[1] "pc_sqexp"
[1] "n sub: 10, n images per sub: 1, zero distance: 50, sigma^2: 1, beta: -0.41, simulation: 850"
[1] "no_corr"
[1] "pc_exp"
[1] "pc_sqexp"
[1] "n sub: 10, n images per sub: 1, zero distance: 50, sigma^2: 2, beta: -0.41, simulation: 850"
[1] "no_corr"
[1] "pc_exp"
[1] "pc_sqexp"
[1] "n sub: 10, n images per sub: 1, zero distance: 50, sigma^2: 0.5, beta: -0.41, simulation: 851"
[1] "no_corr"
[1] "pc_exp"
[1] "pc_sqexp"
[1] "n sub: 10, n images per sub: 1, zero distance: 50, sigma^2: 1, beta: -0.41, simulation: 851"
[1] "no_corr"
[1] "pc_exp"
[1] "pc_sqexp"
[1] "n sub: 10, n images per sub: 1, zero distance: 50, sigma^2: 2, beta: -0.41, simulation: 851"
[1] "no_corr"
[1] "pc_exp"
[1] "pc_sqexp"
[1] "n sub: 10, n images per sub: 1, zero distance: 50, sigma^2: 0.5, beta: -0.41, simulation: 852"
[1] "no_corr"
[1] "pc_exp"
[1] "pc_sqexp"
[1] "n sub: 10, n images per sub: 1, zero distance: 50, sigma^2: 1, beta: -0.41, simulation: 852"
[1] "no_corr"
[1] "pc_exp"
[1] "pc_sqexp"
[1] "n sub: 10, n images per sub: 1, zero distance: 50, sigma^2: 2, beta: -0.41, simulation: 852"
[1] "no_corr"
[1] "pc_exp"
[1] "pc_sqexp"
[1] "n sub: 10, n images per sub: 1, zero distance: 50, sigma^2: 0.5, beta: -0.41, simulation: 853"
[1] "no_corr"
[1] "pc_exp"
[1] "pc_sqexp"
[1] "n sub: 10, n images per sub: 1, zero distance: 50, sigma^2: 1, beta: -0.41, simulation: 853"
[1] "no_corr"
[1] "pc_exp"
[1] "pc_sqexp"
[1] "n sub: 10, n images per sub: 1, zero distance: 50, sigma^2: 2, beta: -0.41, simulation: 853"
[1] "no_corr"
[1] "pc_exp"
[1] "pc_sqexp"
[1] "n sub: 10, n images per sub: 1, zero distance: 50, sigma^2: 0.5, beta: -0.41, simulation: 854"
[1] "no_corr"
[1] "pc_exp"
[1] "pc_sqexp"
[1] "n sub: 10, n images per sub: 1, zero distance: 50, sigma^2: 1, beta: -0.41, simulation: 854"
[1] "no_corr"
[1] "pc_exp"
[1] "pc_sqexp"
[1] "n sub: 10, n images per sub: 1, zero distance: 50, sigma^2: 2, beta: -0.41, simulation: 854"
[1] "no_corr"
[1] "pc_exp"
[1] "pc_sqexp"
[1] "n sub: 10, n images per sub: 1, zero distance: 50, sigma^2: 0.5, beta: -0.41, simulation: 855"
[1] "no_corr"
[1] "pc_exp"
[1] "pc_sqexp"
[1] "n sub: 10, n images per sub: 1, zero distance: 50, sigma^2: 1, beta: -0.41, simulation: 855"
[1] "no_corr"
[1] "pc_exp"
[1] "pc_sqexp"
[1] "n sub: 10, n images per sub: 1, zero distance: 50, sigma^2: 2, beta: -0.41, simulation: 855"
[1] "no_corr"
[1] "pc_exp"
[1] "pc_sqexp"
[1] "n sub: 10, n images per sub: 1, zero distance: 50, sigma^2: 0.5, beta: -0.41, simulation: 856"
[1] "no_corr"
[1] "pc_exp"
[1] "pc_sqexp"
[1] "n sub: 10, n images per sub: 1, zero distance: 50, sigma^2: 1, beta: -0.41, simulation: 856"
[1] "no_corr"
[1] "pc_exp"
[1] "pc_sqexp"
[1] "n sub: 10, n images per sub: 1, zero distance: 50, sigma^2: 2, beta: -0.41, simulation: 856"
[1] "no_corr"
[1] "pc_exp"
[1] "pc_sqexp"
[1] "n sub: 10, n images per sub: 1, zero distance: 50, sigma^2: 0.5, beta: -0.41, simulation: 857"
[1] "no_corr"
[1] "pc_exp"
[1] "pc_sqexp"
[1] "n sub: 10, n images per sub: 1, zero distance: 50, sigma^2: 1, beta: -0.41, simulation: 857"
[1] "no_corr"
[1] "pc_exp"
[1] "pc_sqexp"
[1] "n sub: 10, n images per sub: 1, zero distance: 50, sigma^2: 2, beta: -0.41, simulation: 857"
[1] "no_corr"
[1] "pc_exp"
[1] "pc_sqexp"
[1] "n sub: 10, n images per sub: 1, zero distance: 50, sigma^2: 0.5, beta: -0.41, simulation: 858"
[1] "no_corr"
[1] "pc_exp"
[1] "pc_sqexp"
[1] "n sub: 10, n images per sub: 1, zero distance: 50, sigma^2: 1, beta: -0.41, simulation: 858"
[1] "no_corr"
[1] "pc_exp"
[1] "pc_sqexp"
[1] "n sub: 10, n images per sub: 1, zero distance: 50, sigma^2: 2, beta: -0.41, simulation: 858"
[1] "no_corr"
[1] "pc_exp"
[1] "pc_sqexp"
[1] "n sub: 10, n images per sub: 1, zero distance: 50, sigma^2: 0.5, beta: -0.41, simulation: 859"
[1] "no_corr"
[1] "pc_exp"
[1] "pc_sqexp"
[1] "n sub: 10, n images per sub: 1, zero distance: 50, sigma^2: 1, beta: -0.41, simulation: 859"
[1] "no_corr"
[1] "pc_exp"
[1] "pc_sqexp"
[1] "n sub: 10, n images per sub: 1, zero distance: 50, sigma^2: 2, beta: -0.41, simulation: 859"
[1] "no_corr"
[1] "pc_exp"
[1] "pc_sqexp"
[1] "n sub: 10, n images per sub: 1, zero distance: 50, sigma^2: 0.5, beta: -0.41, simulation: 860"
[1] "no_corr"
[1] "pc_exp"
[1] "pc_sqexp"
[1] "n sub: 10, n images per sub: 1, zero distance: 50, sigma^2: 2, beta: -0.41, simulation: 860"
[1] "no_corr"
[1] "pc_exp"
[1] "pc_sqexp"
[1] "n sub: 10, n images per sub: 1, zero distance: 50, sigma^2: 1, beta: -0.41, simulation: 860"
[1] "no_corr"
[1] "pc_exp"
[1] "pc_sqexp"
[1] "n sub: 10, n images per sub: 1, zero distance: 50, sigma^2: 0.5, beta: -0.41, simulation: 861"
[1] "no_corr"
[1] "pc_exp"
[1] "pc_sqexp"
[1] "n sub: 10, n images per sub: 1, zero distance: 50, sigma^2: 2, beta: -0.41, simulation: 861"
[1] "no_corr"
[1] "pc_exp"
[1] "pc_sqexp"
[1] "n sub: 10, n images per sub: 1, zero distance: 50, sigma^2: 1, beta: -0.41, simulation: 861"
[1] "no_corr"
[1] "pc_exp"
[1] "pc_sqexp"
[1] "n sub: 10, n images per sub: 1, zero distance: 50, sigma^2: 0.5, beta: -0.41, simulation: 862"
[1] "no_corr"
[1] "pc_exp"
[1] "pc_sqexp"
[1] "n sub: 10, n images per sub: 1, zero distance: 50, sigma^2: 2, beta: -0.41, simulation: 862"
[1] "no_corr"
[1] "pc_exp"
[1] "pc_sqexp"
[1] "n sub: 10, n images per sub: 1, zero distance: 50, sigma^2: 1, beta: -0.41, simulation: 862"
[1] "no_corr"
[1] "pc_exp"
[1] "pc_sqexp"
[1] "n sub: 10, n images per sub: 1, zero distance: 50, sigma^2: 0.5, beta: -0.41, simulation: 863"
[1] "no_corr"
[1] "pc_exp"
[1] "pc_sqexp"
[1] "n sub: 10, n images per sub: 1, zero distance: 50, sigma^2: 2, beta: -0.41, simulation: 863"
[1] "no_corr"
[1] "pc_exp"
[1] "pc_sqexp"
[1] "n sub: 10, n images per sub: 1, zero distance: 50, sigma^2: 1, beta: -0.41, simulation: 863"
[1] "no_corr"
[1] "pc_exp"
[1] "pc_sqexp"
[1] "n sub: 10, n images per sub: 1, zero distance: 50, sigma^2: 0.5, beta: -0.41, simulation: 864"
[1] "no_corr"
[1] "pc_exp"
[1] "pc_sqexp"
[1] "n sub: 10, n images per sub: 1, zero distance: 50, sigma^2: 2, beta: -0.41, simulation: 864"
[1] "no_corr"
[1] "pc_exp"
[1] "pc_sqexp"
[1] "n sub: 10, n images per sub: 1, zero distance: 50, sigma^2: 1, beta: -0.41, simulation: 864"
[1] "no_corr"
[1] "pc_exp"
[1] "pc_sqexp"
[1] "n sub: 10, n images per sub: 1, zero distance: 50, sigma^2: 0.5, beta: -0.41, simulation: 865"
[1] "no_corr"
[1] "pc_exp"
[1] "pc_sqexp"
[1] "n sub: 10, n images per sub: 1, zero distance: 50, sigma^2: 2, beta: -0.41, simulation: 865"
[1] "no_corr"
[1] "pc_exp"
[1] "pc_sqexp"
[1] "n sub: 10, n images per sub: 1, zero distance: 50, sigma^2: 1, beta: -0.41, simulation: 865"
[1] "no_corr"
[1] "pc_exp"
[1] "pc_sqexp"
[1] "n sub: 10, n images per sub: 1, zero distance: 50, sigma^2: 0.5, beta: -0.41, simulation: 866"
[1] "no_corr"
[1] "pc_exp"
[1] "pc_sqexp"
[1] "n sub: 10, n images per sub: 1, zero distance: 50, sigma^2: 2, beta: -0.41, simulation: 866"
[1] "no_corr"
[1] "pc_exp"
[1] "pc_sqexp"
[1] "n sub: 10, n images per sub: 1, zero distance: 50, sigma^2: 1, beta: -0.41, simulation: 866"
[1] "no_corr"
[1] "pc_exp"
[1] "pc_sqexp"
[1] "n sub: 10, n images per sub: 1, zero distance: 50, sigma^2: 0.5, beta: -0.41, simulation: 867"
[1] "no_corr"
[1] "pc_exp"
[1] "pc_sqexp"
[1] "n sub: 10, n images per sub: 1, zero distance: 50, sigma^2: 2, beta: -0.41, simulation: 867"
[1] "no_corr"
[1] "pc_exp"
[1] "pc_sqexp"
