 [1] 13987 13988 13989 13990 13991 13992 13993 13994 13995 13996 13997 13998
[13] 13999 14000 14001 14002 14003 14004 14005 14006 14007 14008 14009 14010
[25] 14011 14012 14013
[1] "n sub: 50, n images per sub: 5, sigma^2: 2, beta: -0.69, simulation: 63"
[1] "n sub: 50, n images per sub: 5, sigma^2: 1, beta: -0.69, simulation: 63"
[1] "n sub: 50, n images per sub: 5, sigma^2: 0.5, beta: -0.69, simulation: 63"
[1] "n sub: 50, n images per sub: 5, sigma^2: 2, beta: -0.69, simulation: 64"
[1] "n sub: 50, n images per sub: 5, sigma^2: 1, beta: -0.69, simulation: 64"
[1] "n sub: 50, n images per sub: 5, sigma^2: 0.5, beta: -0.69, simulation: 64"
[1] "n sub: 50, n images per sub: 5, sigma^2: 2, beta: -0.69, simulation: 65"
[1] "n sub: 50, n images per sub: 5, sigma^2: 1, beta: -0.69, simulation: 65"
[1] "n sub: 50, n images per sub: 5, sigma^2: 0.5, beta: -0.69, simulation: 65"
[1] "n sub: 50, n images per sub: 5, sigma^2: 2, beta: -0.69, simulation: 66"
[1] "n sub: 50, n images per sub: 5, sigma^2: 1, beta: -0.69, simulation: 66"
[1] "n sub: 50, n images per sub: 5, sigma^2: 0.5, beta: -0.69, simulation: 66"
[1] "n sub: 50, n images per sub: 5, sigma^2: 2, beta: -0.69, simulation: 67"
[1] "n sub: 50, n images per sub: 5, sigma^2: 1, beta: -0.69, simulation: 67"
[1] "n sub: 50, n images per sub: 5, sigma^2: 0.5, beta: -0.69, simulation: 67"
[1] "n sub: 50, n images per sub: 5, sigma^2: 2, beta: -0.69, simulation: 68"
[1] "n sub: 50, n images per sub: 5, sigma^2: 1, beta: -0.69, simulation: 68"
[1] "n sub: 50, n images per sub: 5, sigma^2: 0.5, beta: -0.69, simulation: 68"
[1] "n sub: 50, n images per sub: 5, sigma^2: 2, beta: -0.69, simulation: 69"
[1] "n sub: 50, n images per sub: 5, sigma^2: 1, beta: -0.69, simulation: 69"
[1] "n sub: 50, n images per sub: 5, sigma^2: 0.5, beta: -0.69, simulation: 69"
[1] "n sub: 50, n images per sub: 5, sigma^2: 2, beta: -0.69, simulation: 70"
[1] "n sub: 50, n images per sub: 5, sigma^2: 1, beta: -0.69, simulation: 70"
[1] "n sub: 50, n images per sub: 5, sigma^2: 0.5, beta: -0.69, simulation: 70"
[1] "n sub: 50, n images per sub: 5, sigma^2: 2, beta: -0.69, simulation: 71"
[1] "n sub: 50, n images per sub: 5, sigma^2: 1, beta: -0.69, simulation: 71"
[1] "n sub: 50, n images per sub: 5, sigma^2: 0.5, beta: -0.69, simulation: 71"
