 [1] 14257 14258 14259 14260 14261 14262 14263 14264 14265 14266 14267 14268
[13] 14269 14270 14271 14272 14273 14274 14275 14276 14277 14278 14279 14280
[25] 14281 14282 14283
[1] "n sub: 50, n images per sub: 5, sigma^2: 2, beta: -0.41, simulation: 53"
[1] "n sub: 50, n images per sub: 5, sigma^2: 0.5, beta: -0.41, simulation: 53"
[1] "n sub: 50, n images per sub: 5, sigma^2: 1, beta: -0.41, simulation: 53"
[1] "n sub: 50, n images per sub: 5, sigma^2: 2, beta: -0.41, simulation: 54"
[1] "n sub: 50, n images per sub: 5, sigma^2: 1, beta: -0.41, simulation: 54"
[1] "n sub: 50, n images per sub: 5, sigma^2: 0.5, beta: -0.41, simulation: 54"
[1] "n sub: 50, n images per sub: 5, sigma^2: 2, beta: -0.41, simulation: 55"
[1] "n sub: 50, n images per sub: 5, sigma^2: 0.5, beta: -0.41, simulation: 55"
[1] "n sub: 50, n images per sub: 5, sigma^2: 1, beta: -0.41, simulation: 55"
[1] "n sub: 50, n images per sub: 5, sigma^2: 2, beta: -0.41, simulation: 56"
[1] "n sub: 50, n images per sub: 5, sigma^2: 1, beta: -0.41, simulation: 56"
[1] "n sub: 50, n images per sub: 5, sigma^2: 0.5, beta: -0.41, simulation: 56"
[1] "n sub: 50, n images per sub: 5, sigma^2: 2, beta: -0.41, simulation: 57"
[1] "n sub: 50, n images per sub: 5, sigma^2: 1, beta: -0.41, simulation: 57"
[1] "n sub: 50, n images per sub: 5, sigma^2: 0.5, beta: -0.41, simulation: 57"
[1] "n sub: 50, n images per sub: 5, sigma^2: 2, beta: -0.41, simulation: 58"
[1] "n sub: 50, n images per sub: 5, sigma^2: 1, beta: -0.41, simulation: 58"
[1] "n sub: 50, n images per sub: 5, sigma^2: 0.5, beta: -0.41, simulation: 58"
[1] "n sub: 50, n images per sub: 5, sigma^2: 2, beta: -0.41, simulation: 59"
[1] "n sub: 50, n images per sub: 5, sigma^2: 1, beta: -0.41, simulation: 59"
[1] "n sub: 50, n images per sub: 5, sigma^2: 0.5, beta: -0.41, simulation: 59"
[1] "n sub: 50, n images per sub: 5, sigma^2: 2, beta: -0.41, simulation: 60"
[1] "n sub: 50, n images per sub: 5, sigma^2: 1, beta: -0.41, simulation: 60"
[1] "n sub: 50, n images per sub: 5, sigma^2: 0.5, beta: -0.41, simulation: 60"
[1] "n sub: 50, n images per sub: 5, sigma^2: 2, beta: -0.41, simulation: 61"
[1] "n sub: 50, n images per sub: 5, sigma^2: 1, beta: -0.41, simulation: 61"
[1] "n sub: 50, n images per sub: 5, sigma^2: 0.5, beta: -0.41, simulation: 61"
