  [1] 7831 7832 7833 7834 7835 7836 7837 7838 7839 7840 7841 7842 7843 7844 7845
 [16] 7846 7847 7848 7849 7850 7851 7852 7853 7854 7855 7856 7857 7858 7859 7860
 [31] 7861 7862 7863 7864 7865 7866 7867 7868 7869 7870 7871 7872 7873 7874 7875
 [46] 7876 7877 7878 7879 7880 7881 7882 7883 7884 7885 7886 7887 7888 7889 7890
 [61] 7891 7892 7893 7894 7895 7896 7897 7898 7899 7900 7901 7902 7903 7904 7905
 [76] 7906 7907 7908 7909 7910 7911 7912 7913 7914 7915 7916 7917 7918 7919 7920
 [91] 7921 7922 7923 7924 7925 7926 7927 7928 7929 7930 7931 7932 7933 7934 7935
[106] 7936 7937 7938 7939 7940 7941 7942 7943 7944 7945 7946 7947 7948 7949 7950
[121] 7951 7952 7953 7954 7955 7956 7957 7958 7959 7960 7961 7962 7963 7964 7965
[1] "n sub: 50, n images per sub: 1, sigma^2: 2, beta: 1.1, simulation: 11"
[1] "n sub: 50, n images per sub: 1, sigma^2: 1, beta: 1.1, simulation: 11"
[1] "n sub: 50, n images per sub: 1, sigma^2: 0.5, beta: 1.1, simulation: 11"
[1] "n sub: 50, n images per sub: 1, sigma^2: 2, beta: 1.1, simulation: 12"
[1] "n sub: 50, n images per sub: 1, sigma^2: 1, beta: 1.1, simulation: 12"
[1] "n sub: 50, n images per sub: 1, sigma^2: 0.5, beta: 1.1, simulation: 12"
[1] "n sub: 50, n images per sub: 1, sigma^2: 2, beta: 1.1, simulation: 13"
[1] "n sub: 50, n images per sub: 1, sigma^2: 0.5, beta: 1.1, simulation: 13"
[1] "n sub: 50, n images per sub: 1, sigma^2: 1, beta: 1.1, simulation: 13"
[1] "n sub: 50, n images per sub: 1, sigma^2: 2, beta: 1.1, simulation: 14"
[1] "n sub: 50, n images per sub: 1, sigma^2: 1, beta: 1.1, simulation: 14"
[1] "n sub: 50, n images per sub: 1, sigma^2: 0.5, beta: 1.1, simulation: 14"
[1] "n sub: 50, n images per sub: 1, sigma^2: 2, beta: 1.1, simulation: 15"
[1] "n sub: 50, n images per sub: 1, sigma^2: 1, beta: 1.1, simulation: 15"
[1] "n sub: 50, n images per sub: 1, sigma^2: 0.5, beta: 1.1, simulation: 15"
[1] "n sub: 50, n images per sub: 1, sigma^2: 2, beta: 1.1, simulation: 16"
[1] "n sub: 50, n images per sub: 1, sigma^2: 1, beta: 1.1, simulation: 16"
[1] "n sub: 50, n images per sub: 1, sigma^2: 0.5, beta: 1.1, simulation: 16"
[1] "n sub: 50, n images per sub: 1, sigma^2: 2, beta: 1.1, simulation: 17"
[1] "n sub: 50, n images per sub: 1, sigma^2: 1, beta: 1.1, simulation: 17"
[1] "n sub: 50, n images per sub: 1, sigma^2: 0.5, beta: 1.1, simulation: 17"
[1] "n sub: 50, n images per sub: 1, sigma^2: 2, beta: 1.1, simulation: 18"
[1] "n sub: 50, n images per sub: 1, sigma^2: 1, beta: 1.1, simulation: 18"
[1] "n sub: 50, n images per sub: 1, sigma^2: 0.5, beta: 1.1, simulation: 18"
[1] "n sub: 50, n images per sub: 1, sigma^2: 2, beta: 1.1, simulation: 19"
[1] "n sub: 50, n images per sub: 1, sigma^2: 1, beta: 1.1, simulation: 19"
[1] "n sub: 50, n images per sub: 1, sigma^2: 0.5, beta: 1.1, simulation: 19"
[1] "n sub: 50, n images per sub: 1, sigma^2: 2, beta: 1.1, simulation: 20"
[1] "n sub: 50, n images per sub: 1, sigma^2: 1, beta: 1.1, simulation: 20"
[1] "n sub: 50, n images per sub: 1, sigma^2: 0.5, beta: 1.1, simulation: 20"
[1] "n sub: 50, n images per sub: 1, sigma^2: 2, beta: 1.1, simulation: 21"
[1] "n sub: 50, n images per sub: 1, sigma^2: 1, beta: 1.1, simulation: 21"
[1] "n sub: 50, n images per sub: 1, sigma^2: 0.5, beta: 1.1, simulation: 21"
[1] "n sub: 50, n images per sub: 1, sigma^2: 2, beta: 1.1, simulation: 22"
[1] "n sub: 50, n images per sub: 1, sigma^2: 1, beta: 1.1, simulation: 22"
[1] "n sub: 50, n images per sub: 1, sigma^2: 0.5, beta: 1.1, simulation: 22"
[1] "n sub: 50, n images per sub: 1, sigma^2: 2, beta: 1.1, simulation: 23"
[1] "n sub: 50, n images per sub: 1, sigma^2: 1, beta: 1.1, simulation: 23"
[1] "n sub: 50, n images per sub: 1, sigma^2: 0.5, beta: 1.1, simulation: 23"
[1] "n sub: 50, n images per sub: 1, sigma^2: 2, beta: 1.1, simulation: 24"
[1] "n sub: 50, n images per sub: 1, sigma^2: 1, beta: 1.1, simulation: 24"
[1] "n sub: 50, n images per sub: 1, sigma^2: 0.5, beta: 1.1, simulation: 24"
[1] "n sub: 50, n images per sub: 1, sigma^2: 2, beta: 1.1, simulation: 25"
[1] "n sub: 50, n images per sub: 1, sigma^2: 1, beta: 1.1, simulation: 25"
[1] "n sub: 50, n images per sub: 1, sigma^2: 0.5, beta: 1.1, simulation: 25"
[1] "n sub: 50, n images per sub: 1, sigma^2: 2, beta: 1.1, simulation: 26"
[1] "n sub: 50, n images per sub: 1, sigma^2: 1, beta: 1.1, simulation: 26"
[1] "n sub: 50, n images per sub: 1, sigma^2: 0.5, beta: 1.1, simulation: 26"
[1] "n sub: 50, n images per sub: 1, sigma^2: 2, beta: 1.1, simulation: 27"
[1] "n sub: 50, n images per sub: 1, sigma^2: 1, beta: 1.1, simulation: 27"
[1] "n sub: 50, n images per sub: 1, sigma^2: 0.5, beta: 1.1, simulation: 27"
[1] "n sub: 50, n images per sub: 1, sigma^2: 2, beta: 1.1, simulation: 28"
[1] "n sub: 50, n images per sub: 1, sigma^2: 1, beta: 1.1, simulation: 28"
[1] "n sub: 50, n images per sub: 1, sigma^2: 0.5, beta: 1.1, simulation: 28"
[1] "n sub: 50, n images per sub: 1, sigma^2: 1, beta: 1.1, simulation: 29"
[1] "n sub: 50, n images per sub: 1, sigma^2: 2, beta: 1.1, simulation: 29"
[1] "n sub: 50, n images per sub: 1, sigma^2: 0.5, beta: 1.1, simulation: 29"
[1] "n sub: 50, n images per sub: 1, sigma^2: 2, beta: 1.1, simulation: 30"
[1] "n sub: 50, n images per sub: 1, sigma^2: 1, beta: 1.1, simulation: 30"
[1] "n sub: 50, n images per sub: 1, sigma^2: 0.5, beta: 1.1, simulation: 30"
[1] "n sub: 50, n images per sub: 1, sigma^2: 1, beta: 1.1, simulation: 31"
[1] "n sub: 50, n images per sub: 1, sigma^2: 2, beta: 1.1, simulation: 31"
[1] "n sub: 50, n images per sub: 1, sigma^2: 0.5, beta: 1.1, simulation: 31"
[1] "n sub: 50, n images per sub: 1, sigma^2: 0.5, beta: 1.1, simulation: 32"
[1] "n sub: 50, n images per sub: 1, sigma^2: 1, beta: 1.1, simulation: 32"
[1] "n sub: 50, n images per sub: 1, sigma^2: 2, beta: 1.1, simulation: 32"
[1] "n sub: 50, n images per sub: 1, sigma^2: 0.5, beta: 1.1, simulation: 33"
[1] "n sub: 50, n images per sub: 1, sigma^2: 1, beta: 1.1, simulation: 33"
[1] "n sub: 50, n images per sub: 1, sigma^2: 2, beta: 1.1, simulation: 33"
[1] "n sub: 50, n images per sub: 1, sigma^2: 0.5, beta: 1.1, simulation: 34"
[1] "n sub: 50, n images per sub: 1, sigma^2: 1, beta: 1.1, simulation: 34"
[1] "n sub: 50, n images per sub: 1, sigma^2: 2, beta: 1.1, simulation: 34"
[1] "n sub: 50, n images per sub: 1, sigma^2: 0.5, beta: 1.1, simulation: 35"
[1] "n sub: 50, n images per sub: 1, sigma^2: 1, beta: 1.1, simulation: 35"
[1] "n sub: 50, n images per sub: 1, sigma^2: 2, beta: 1.1, simulation: 35"
[1] "n sub: 50, n images per sub: 1, sigma^2: 0.5, beta: 1.1, simulation: 36"
[1] "n sub: 50, n images per sub: 1, sigma^2: 1, beta: 1.1, simulation: 36"
[1] "n sub: 50, n images per sub: 1, sigma^2: 2, beta: 1.1, simulation: 36"
[1] "n sub: 50, n images per sub: 1, sigma^2: 0.5, beta: 1.1, simulation: 37"
[1] "n sub: 50, n images per sub: 1, sigma^2: 1, beta: 1.1, simulation: 37"
[1] "n sub: 50, n images per sub: 1, sigma^2: 2, beta: 1.1, simulation: 37"
[1] "n sub: 50, n images per sub: 1, sigma^2: 0.5, beta: 1.1, simulation: 38"
[1] "n sub: 50, n images per sub: 1, sigma^2: 1, beta: 1.1, simulation: 38"
[1] "n sub: 50, n images per sub: 1, sigma^2: 2, beta: 1.1, simulation: 38"
[1] "n sub: 50, n images per sub: 1, sigma^2: 0.5, beta: 1.1, simulation: 39"
[1] "n sub: 50, n images per sub: 1, sigma^2: 1, beta: 1.1, simulation: 39"
[1] "n sub: 50, n images per sub: 1, sigma^2: 2, beta: 1.1, simulation: 39"
[1] "n sub: 50, n images per sub: 1, sigma^2: 2, beta: 1.1, simulation: 40"
[1] "n sub: 50, n images per sub: 1, sigma^2: 1, beta: 1.1, simulation: 40"
[1] "n sub: 50, n images per sub: 1, sigma^2: 0.5, beta: 1.1, simulation: 40"
[1] "n sub: 50, n images per sub: 1, sigma^2: 2, beta: 1.1, simulation: 41"
[1] "n sub: 50, n images per sub: 1, sigma^2: 1, beta: 1.1, simulation: 41"
[1] "n sub: 50, n images per sub: 1, sigma^2: 0.5, beta: 1.1, simulation: 41"
[1] "n sub: 50, n images per sub: 1, sigma^2: 2, beta: 1.1, simulation: 42"
[1] "n sub: 50, n images per sub: 1, sigma^2: 1, beta: 1.1, simulation: 42"
[1] "n sub: 50, n images per sub: 1, sigma^2: 0.5, beta: 1.1, simulation: 42"
[1] "n sub: 50, n images per sub: 1, sigma^2: 2, beta: 1.1, simulation: 43"
[1] "n sub: 50, n images per sub: 1, sigma^2: 1, beta: 1.1, simulation: 43"
[1] "n sub: 50, n images per sub: 1, sigma^2: 0.5, beta: 1.1, simulation: 43"
[1] "n sub: 50, n images per sub: 1, sigma^2: 2, beta: 1.1, simulation: 44"
[1] "n sub: 50, n images per sub: 1, sigma^2: 1, beta: 1.1, simulation: 44"
[1] "n sub: 50, n images per sub: 1, sigma^2: 0.5, beta: 1.1, simulation: 44"
[1] "n sub: 50, n images per sub: 1, sigma^2: 2, beta: 1.1, simulation: 45"
[1] "n sub: 50, n images per sub: 1, sigma^2: 1, beta: 1.1, simulation: 45"
[1] "n sub: 50, n images per sub: 1, sigma^2: 0.5, beta: 1.1, simulation: 45"
[1] "n sub: 50, n images per sub: 1, sigma^2: 2, beta: 1.1, simulation: 46"
[1] "n sub: 50, n images per sub: 1, sigma^2: 1, beta: 1.1, simulation: 46"
[1] "n sub: 50, n images per sub: 1, sigma^2: 0.5, beta: 1.1, simulation: 46"
[1] "n sub: 50, n images per sub: 1, sigma^2: 2, beta: 1.1, simulation: 47"
[1] "n sub: 50, n images per sub: 1, sigma^2: 1, beta: 1.1, simulation: 47"
[1] "n sub: 50, n images per sub: 1, sigma^2: 0.5, beta: 1.1, simulation: 47"
[1] "n sub: 50, n images per sub: 1, sigma^2: 2, beta: 1.1, simulation: 48"
[1] "n sub: 50, n images per sub: 1, sigma^2: 1, beta: 1.1, simulation: 48"
[1] "n sub: 50, n images per sub: 1, sigma^2: 0.5, beta: 1.1, simulation: 48"
[1] "n sub: 50, n images per sub: 1, sigma^2: 1, beta: 1.1, simulation: 49"
[1] "n sub: 50, n images per sub: 1, sigma^2: 2, beta: 1.1, simulation: 49"
[1] "n sub: 50, n images per sub: 1, sigma^2: 0.5, beta: 1.1, simulation: 49"
[1] "n sub: 50, n images per sub: 1, sigma^2: 2, beta: 1.1, simulation: 50"
[1] "n sub: 50, n images per sub: 1, sigma^2: 1, beta: 1.1, simulation: 50"
[1] "n sub: 50, n images per sub: 1, sigma^2: 0.5, beta: 1.1, simulation: 50"
[1] "n sub: 50, n images per sub: 1, sigma^2: 2, beta: 1.1, simulation: 51"
[1] "n sub: 50, n images per sub: 1, sigma^2: 1, beta: 1.1, simulation: 51"
[1] "n sub: 50, n images per sub: 1, sigma^2: 0.5, beta: 1.1, simulation: 51"
[1] "n sub: 50, n images per sub: 1, sigma^2: 0.5, beta: 1.1, simulation: 52"
[1] "n sub: 50, n images per sub: 1, sigma^2: 1, beta: 1.1, simulation: 52"
[1] "n sub: 50, n images per sub: 1, sigma^2: 2, beta: 1.1, simulation: 52"
[1] "n sub: 50, n images per sub: 1, sigma^2: 0.5, beta: 1.1, simulation: 53"
[1] "n sub: 50, n images per sub: 1, sigma^2: 1, beta: 1.1, simulation: 53"
[1] "n sub: 50, n images per sub: 1, sigma^2: 2, beta: 1.1, simulation: 53"
[1] "n sub: 50, n images per sub: 1, sigma^2: 0.5, beta: 1.1, simulation: 54"
[1] "n sub: 50, n images per sub: 1, sigma^2: 1, beta: 1.1, simulation: 54"
[1] "n sub: 50, n images per sub: 1, sigma^2: 2, beta: 1.1, simulation: 54"
[1] "n sub: 50, n images per sub: 1, sigma^2: 0.5, beta: 1.1, simulation: 55"
[1] "n sub: 50, n images per sub: 1, sigma^2: 1, beta: 1.1, simulation: 55"
[1] "n sub: 50, n images per sub: 1, sigma^2: 2, beta: 1.1, simulation: 55"
