 [1] 15877 15878 15879 15880 15881 15882 15883 15884 15885 15886 15887 15888
[13] 15889 15890 15891 15892 15893 15894 15895 15896 15897 15898 15899 15900
[25] 15901 15902 15903
[1] "n sub: 50, n images per sub: 5, sigma^2: 2, beta: 0.69, simulation: 93"
[1] "n sub: 50, n images per sub: 5, sigma^2: 1, beta: 0.69, simulation: 93"
[1] "n sub: 50, n images per sub: 5, sigma^2: 0.5, beta: 0.69, simulation: 93"
[1] "n sub: 50, n images per sub: 5, sigma^2: 2, beta: 0.69, simulation: 94"
[1] "n sub: 50, n images per sub: 5, sigma^2: 1, beta: 0.69, simulation: 94"
[1] "n sub: 50, n images per sub: 5, sigma^2: 0.5, beta: 0.69, simulation: 94"
[1] "n sub: 50, n images per sub: 5, sigma^2: 2, beta: 0.69, simulation: 95"
[1] "n sub: 50, n images per sub: 5, sigma^2: 1, beta: 0.69, simulation: 95"
[1] "n sub: 50, n images per sub: 5, sigma^2: 0.5, beta: 0.69, simulation: 95"
[1] "n sub: 50, n images per sub: 5, sigma^2: 2, beta: 0.69, simulation: 96"
[1] "n sub: 50, n images per sub: 5, sigma^2: 1, beta: 0.69, simulation: 96"
[1] "n sub: 50, n images per sub: 5, sigma^2: 0.5, beta: 0.69, simulation: 96"
[1] "n sub: 50, n images per sub: 5, sigma^2: 2, beta: 0.69, simulation: 97"
[1] "n sub: 50, n images per sub: 5, sigma^2: 1, beta: 0.69, simulation: 97"
[1] "n sub: 50, n images per sub: 5, sigma^2: 0.5, beta: 0.69, simulation: 97"
[1] "n sub: 50, n images per sub: 5, sigma^2: 2, beta: 0.69, simulation: 98"
[1] "n sub: 50, n images per sub: 5, sigma^2: 1, beta: 0.69, simulation: 98"
[1] "n sub: 50, n images per sub: 5, sigma^2: 0.5, beta: 0.69, simulation: 98"
[1] "n sub: 50, n images per sub: 5, sigma^2: 1, beta: 0.69, simulation: 99"
[1] "n sub: 50, n images per sub: 5, sigma^2: 2, beta: 0.69, simulation: 99"
[1] "n sub: 50, n images per sub: 5, sigma^2: 0.5, beta: 0.69, simulation: 99"
[1] "n sub: 50, n images per sub: 5, sigma^2: 1, beta: 0.69, simulation: 100"
[1] "n sub: 50, n images per sub: 5, sigma^2: 2, beta: 0.69, simulation: 100"
[1] "n sub: 50, n images per sub: 5, sigma^2: 0.5, beta: 0.69, simulation: 100"
[1] "n sub: 50, n images per sub: 5, sigma^2: 2, beta: 1.1, simulation: 1"
[1] "n sub: 50, n images per sub: 5, sigma^2: 1, beta: 1.1, simulation: 1"
[1] "n sub: 50, n images per sub: 5, sigma^2: 0.5, beta: 1.1, simulation: 1"
