  [1] 811 812 813 814 815 816 817 818 819 820 821 822 823 824 825 826 827 828
 [19] 829 830 831 832 833 834 835 836 837 838 839 840 841 842 843 844 845 846
 [37] 847 848 849 850 851 852 853 854 855 856 857 858 859 860 861 862 863 864
 [55] 865 866 867 868 869 870 871 872 873 874 875 876 877 878 879 880 881 882
 [73] 883 884 885 886 887 888 889 890 891 892 893 894 895 896 897 898 899 900
 [91] 901 902 903 904 905 906 907 908 909 910 911 912 913 914 915 916 917 918
[109] 919 920 921 922 923 924 925 926 927 928 929 930 931 932 933 934 935 936
[127] 937 938 939 940 941 942 943 944 945
[1] "n sub: 10, n images per sub: 1, sigma^2: 0.5, beta: -0.41, simulation: 71"
[1] "n sub: 10, n images per sub: 1, sigma^2: 1, beta: -0.41, simulation: 71"
[1] "n sub: 10, n images per sub: 1, sigma^2: 2, beta: -0.41, simulation: 71"
[1] "n sub: 10, n images per sub: 1, sigma^2: 0.5, beta: -0.41, simulation: 72"
[1] "n sub: 10, n images per sub: 1, sigma^2: 2, beta: -0.41, simulation: 72"
[1] "n sub: 10, n images per sub: 1, sigma^2: 1, beta: -0.41, simulation: 72"
[1] "n sub: 10, n images per sub: 1, sigma^2: 0.5, beta: -0.41, simulation: 73"
[1] "n sub: 10, n images per sub: 1, sigma^2: 1, beta: -0.41, simulation: 73"
[1] "n sub: 10, n images per sub: 1, sigma^2: 2, beta: -0.41, simulation: 73"
[1] "n sub: 10, n images per sub: 1, sigma^2: 0.5, beta: -0.41, simulation: 74"
[1] "n sub: 10, n images per sub: 1, sigma^2: 2, beta: -0.41, simulation: 74"
[1] "n sub: 10, n images per sub: 1, sigma^2: 1, beta: -0.41, simulation: 74"
[1] "n sub: 10, n images per sub: 1, sigma^2: 0.5, beta: -0.41, simulation: 75"
[1] "n sub: 10, n images per sub: 1, sigma^2: 1, beta: -0.41, simulation: 75"
[1] "n sub: 10, n images per sub: 1, sigma^2: 2, beta: -0.41, simulation: 75"
[1] "n sub: 10, n images per sub: 1, sigma^2: 0.5, beta: -0.41, simulation: 76"
[1] "n sub: 10, n images per sub: 1, sigma^2: 2, beta: -0.41, simulation: 76"
[1] "n sub: 10, n images per sub: 1, sigma^2: 1, beta: -0.41, simulation: 76"
[1] "n sub: 10, n images per sub: 1, sigma^2: 0.5, beta: -0.41, simulation: 77"
[1] "n sub: 10, n images per sub: 1, sigma^2: 2, beta: -0.41, simulation: 77"
[1] "n sub: 10, n images per sub: 1, sigma^2: 1, beta: -0.41, simulation: 77"
[1] "n sub: 10, n images per sub: 1, sigma^2: 0.5, beta: -0.41, simulation: 78"
[1] "n sub: 10, n images per sub: 1, sigma^2: 2, beta: -0.41, simulation: 78"
[1] "n sub: 10, n images per sub: 1, sigma^2: 1, beta: -0.41, simulation: 78"
[1] "n sub: 10, n images per sub: 1, sigma^2: 0.5, beta: -0.41, simulation: 79"
[1] "n sub: 10, n images per sub: 1, sigma^2: 2, beta: -0.41, simulation: 79"
[1] "n sub: 10, n images per sub: 1, sigma^2: 1, beta: -0.41, simulation: 79"
[1] "n sub: 10, n images per sub: 1, sigma^2: 0.5, beta: -0.41, simulation: 80"
[1] "n sub: 10, n images per sub: 1, sigma^2: 2, beta: -0.41, simulation: 80"
[1] "n sub: 10, n images per sub: 1, sigma^2: 1, beta: -0.41, simulation: 80"
[1] "n sub: 10, n images per sub: 1, sigma^2: 0.5, beta: -0.41, simulation: 81"
[1] "n sub: 10, n images per sub: 1, sigma^2: 2, beta: -0.41, simulation: 81"
[1] "n sub: 10, n images per sub: 1, sigma^2: 1, beta: -0.41, simulation: 81"
[1] "n sub: 10, n images per sub: 1, sigma^2: 0.5, beta: -0.41, simulation: 82"
[1] "n sub: 10, n images per sub: 1, sigma^2: 2, beta: -0.41, simulation: 82"
[1] "n sub: 10, n images per sub: 1, sigma^2: 1, beta: -0.41, simulation: 82"
[1] "n sub: 10, n images per sub: 1, sigma^2: 0.5, beta: -0.41, simulation: 83"
[1] "n sub: 10, n images per sub: 1, sigma^2: 2, beta: -0.41, simulation: 83"
[1] "n sub: 10, n images per sub: 1, sigma^2: 1, beta: -0.41, simulation: 83"
[1] "n sub: 10, n images per sub: 1, sigma^2: 0.5, beta: -0.41, simulation: 84"
[1] "n sub: 10, n images per sub: 1, sigma^2: 2, beta: -0.41, simulation: 84"
[1] "n sub: 10, n images per sub: 1, sigma^2: 1, beta: -0.41, simulation: 84"
[1] "n sub: 10, n images per sub: 1, sigma^2: 0.5, beta: -0.41, simulation: 85"
[1] "n sub: 10, n images per sub: 1, sigma^2: 2, beta: -0.41, simulation: 85"
[1] "n sub: 10, n images per sub: 1, sigma^2: 1, beta: -0.41, simulation: 85"
[1] "n sub: 10, n images per sub: 1, sigma^2: 0.5, beta: -0.41, simulation: 86"
[1] "n sub: 10, n images per sub: 1, sigma^2: 2, beta: -0.41, simulation: 86"
[1] "n sub: 10, n images per sub: 1, sigma^2: 1, beta: -0.41, simulation: 86"
[1] "n sub: 10, n images per sub: 1, sigma^2: 0.5, beta: -0.41, simulation: 87"
[1] "n sub: 10, n images per sub: 1, sigma^2: 2, beta: -0.41, simulation: 87"
[1] "n sub: 10, n images per sub: 1, sigma^2: 1, beta: -0.41, simulation: 87"
[1] "n sub: 10, n images per sub: 1, sigma^2: 0.5, beta: -0.41, simulation: 88"
[1] "n sub: 10, n images per sub: 1, sigma^2: 2, beta: -0.41, simulation: 88"
[1] "n sub: 10, n images per sub: 1, sigma^2: 1, beta: -0.41, simulation: 88"
[1] "n sub: 10, n images per sub: 1, sigma^2: 0.5, beta: -0.41, simulation: 89"
[1] "n sub: 10, n images per sub: 1, sigma^2: 2, beta: -0.41, simulation: 89"
[1] "n sub: 10, n images per sub: 1, sigma^2: 1, beta: -0.41, simulation: 89"
[1] "n sub: 10, n images per sub: 1, sigma^2: 0.5, beta: -0.41, simulation: 90"
[1] "n sub: 10, n images per sub: 1, sigma^2: 2, beta: -0.41, simulation: 90"
[1] "n sub: 10, n images per sub: 1, sigma^2: 1, beta: -0.41, simulation: 90"
[1] "n sub: 10, n images per sub: 1, sigma^2: 0.5, beta: -0.41, simulation: 91"
[1] "n sub: 10, n images per sub: 1, sigma^2: 2, beta: -0.41, simulation: 91"
[1] "n sub: 10, n images per sub: 1, sigma^2: 1, beta: -0.41, simulation: 91"
[1] "n sub: 10, n images per sub: 1, sigma^2: 0.5, beta: -0.41, simulation: 92"
[1] "n sub: 10, n images per sub: 1, sigma^2: 2, beta: -0.41, simulation: 92"
[1] "n sub: 10, n images per sub: 1, sigma^2: 1, beta: -0.41, simulation: 92"
[1] "n sub: 10, n images per sub: 1, sigma^2: 0.5, beta: -0.41, simulation: 93"
[1] "n sub: 10, n images per sub: 1, sigma^2: 2, beta: -0.41, simulation: 93"
[1] "n sub: 10, n images per sub: 1, sigma^2: 1, beta: -0.41, simulation: 93"
[1] "n sub: 10, n images per sub: 1, sigma^2: 0.5, beta: -0.41, simulation: 94"
[1] "n sub: 10, n images per sub: 1, sigma^2: 2, beta: -0.41, simulation: 94"
[1] "n sub: 10, n images per sub: 1, sigma^2: 1, beta: -0.41, simulation: 94"
[1] "n sub: 10, n images per sub: 1, sigma^2: 0.5, beta: -0.41, simulation: 95"
[1] "n sub: 10, n images per sub: 1, sigma^2: 2, beta: -0.41, simulation: 95"
[1] "n sub: 10, n images per sub: 1, sigma^2: 1, beta: -0.41, simulation: 95"
[1] "n sub: 10, n images per sub: 1, sigma^2: 0.5, beta: -0.41, simulation: 96"
[1] "n sub: 10, n images per sub: 1, sigma^2: 2, beta: -0.41, simulation: 96"
[1] "n sub: 10, n images per sub: 1, sigma^2: 1, beta: -0.41, simulation: 96"
[1] "n sub: 10, n images per sub: 1, sigma^2: 0.5, beta: -0.41, simulation: 97"
[1] "n sub: 10, n images per sub: 1, sigma^2: 2, beta: -0.41, simulation: 97"
[1] "n sub: 10, n images per sub: 1, sigma^2: 1, beta: -0.41, simulation: 97"
[1] "n sub: 10, n images per sub: 1, sigma^2: 0.5, beta: -0.41, simulation: 98"
[1] "n sub: 10, n images per sub: 1, sigma^2: 2, beta: -0.41, simulation: 98"
[1] "n sub: 10, n images per sub: 1, sigma^2: 1, beta: -0.41, simulation: 98"
[1] "n sub: 10, n images per sub: 1, sigma^2: 0.5, beta: -0.41, simulation: 99"
[1] "n sub: 10, n images per sub: 1, sigma^2: 2, beta: -0.41, simulation: 99"
[1] "n sub: 10, n images per sub: 1, sigma^2: 1, beta: -0.41, simulation: 99"
[1] "n sub: 10, n images per sub: 1, sigma^2: 0.5, beta: -0.41, simulation: 100"
[1] "n sub: 10, n images per sub: 1, sigma^2: 2, beta: -0.41, simulation: 100"
[1] "n sub: 10, n images per sub: 1, sigma^2: 1, beta: -0.41, simulation: 100"
[1] "n sub: 10, n images per sub: 1, sigma^2: 2, beta: -0.22, simulation: 1"
[1] "n sub: 10, n images per sub: 1, sigma^2: 0.5, beta: -0.22, simulation: 1"
[1] "n sub: 10, n images per sub: 1, sigma^2: 1, beta: -0.22, simulation: 1"
[1] "n sub: 10, n images per sub: 1, sigma^2: 2, beta: -0.22, simulation: 2"
[1] "n sub: 10, n images per sub: 1, sigma^2: 0.5, beta: -0.22, simulation: 2"
[1] "n sub: 10, n images per sub: 1, sigma^2: 1, beta: -0.22, simulation: 2"
[1] "n sub: 10, n images per sub: 1, sigma^2: 2, beta: -0.22, simulation: 3"
[1] "n sub: 10, n images per sub: 1, sigma^2: 0.5, beta: -0.22, simulation: 3"
[1] "n sub: 10, n images per sub: 1, sigma^2: 1, beta: -0.22, simulation: 3"
[1] "n sub: 10, n images per sub: 1, sigma^2: 2, beta: -0.22, simulation: 4"
[1] "n sub: 10, n images per sub: 1, sigma^2: 0.5, beta: -0.22, simulation: 4"
[1] "n sub: 10, n images per sub: 1, sigma^2: 1, beta: -0.22, simulation: 4"
[1] "n sub: 10, n images per sub: 1, sigma^2: 2, beta: -0.22, simulation: 5"
[1] "n sub: 10, n images per sub: 1, sigma^2: 0.5, beta: -0.22, simulation: 5"
[1] "n sub: 10, n images per sub: 1, sigma^2: 1, beta: -0.22, simulation: 5"
[1] "n sub: 10, n images per sub: 1, sigma^2: 2, beta: -0.22, simulation: 6"
[1] "n sub: 10, n images per sub: 1, sigma^2: 0.5, beta: -0.22, simulation: 6"
[1] "n sub: 10, n images per sub: 1, sigma^2: 1, beta: -0.22, simulation: 6"
[1] "n sub: 10, n images per sub: 1, sigma^2: 2, beta: -0.22, simulation: 7"
[1] "n sub: 10, n images per sub: 1, sigma^2: 0.5, beta: -0.22, simulation: 7"
[1] "n sub: 10, n images per sub: 1, sigma^2: 1, beta: -0.22, simulation: 7"
[1] "n sub: 10, n images per sub: 1, sigma^2: 2, beta: -0.22, simulation: 8"
[1] "n sub: 10, n images per sub: 1, sigma^2: 1, beta: -0.22, simulation: 8"
[1] "n sub: 10, n images per sub: 1, sigma^2: 0.5, beta: -0.22, simulation: 8"
[1] "n sub: 10, n images per sub: 1, sigma^2: 2, beta: -0.22, simulation: 9"
[1] "n sub: 10, n images per sub: 1, sigma^2: 1, beta: -0.22, simulation: 9"
[1] "n sub: 10, n images per sub: 1, sigma^2: 0.5, beta: -0.22, simulation: 9"
[1] "n sub: 10, n images per sub: 1, sigma^2: 2, beta: -0.22, simulation: 10"
[1] "n sub: 10, n images per sub: 1, sigma^2: 1, beta: -0.22, simulation: 10"
[1] "n sub: 10, n images per sub: 1, sigma^2: 0.5, beta: -0.22, simulation: 10"
[1] "n sub: 10, n images per sub: 1, sigma^2: 2, beta: -0.22, simulation: 11"
[1] "n sub: 10, n images per sub: 1, sigma^2: 1, beta: -0.22, simulation: 11"
[1] "n sub: 10, n images per sub: 1, sigma^2: 0.5, beta: -0.22, simulation: 11"
[1] "n sub: 10, n images per sub: 1, sigma^2: 2, beta: -0.22, simulation: 12"
[1] "n sub: 10, n images per sub: 1, sigma^2: 1, beta: -0.22, simulation: 12"
[1] "n sub: 10, n images per sub: 1, sigma^2: 0.5, beta: -0.22, simulation: 12"
[1] "n sub: 10, n images per sub: 1, sigma^2: 2, beta: -0.22, simulation: 13"
[1] "n sub: 10, n images per sub: 1, sigma^2: 0.5, beta: -0.22, simulation: 13"
[1] "n sub: 10, n images per sub: 1, sigma^2: 1, beta: -0.22, simulation: 13"
[1] "n sub: 10, n images per sub: 1, sigma^2: 2, beta: -0.22, simulation: 14"
[1] "n sub: 10, n images per sub: 1, sigma^2: 1, beta: -0.22, simulation: 14"
[1] "n sub: 10, n images per sub: 1, sigma^2: 0.5, beta: -0.22, simulation: 14"
[1] "n sub: 10, n images per sub: 1, sigma^2: 2, beta: -0.22, simulation: 15"
[1] "n sub: 10, n images per sub: 1, sigma^2: 1, beta: -0.22, simulation: 15"
[1] "n sub: 10, n images per sub: 1, sigma^2: 0.5, beta: -0.22, simulation: 15"
