 [1] 10855 10856 10857 10858 10859 10860 10861 10862 10863 10864 10865 10866
[13] 10867 10868 10869 10870 10871 10872 10873 10874 10875 10876 10877 10878
[25] 10879 10880 10881 10882 10883 10884 10885 10886 10887 10888 10889 10890
[37] 10891 10892 10893 10894 10895 10896 10897 10898 10899 10900 10901 10902
[49] 10903 10904 10905 10906 10907 10908
[1] "n sub: 30, n images per sub: 5, sigma^2: 2, beta: -1.1, simulation: 19"
[1] "n sub: 30, n images per sub: 5, sigma^2: 1, beta: -1.1, simulation: 19"
[1] "n sub: 30, n images per sub: 5, sigma^2: 0.5, beta: -1.1, simulation: 19"
[1] "n sub: 30, n images per sub: 5, sigma^2: 2, beta: -1.1, simulation: 20"
[1] "n sub: 30, n images per sub: 5, sigma^2: 1, beta: -1.1, simulation: 20"
[1] "n sub: 30, n images per sub: 5, sigma^2: 0.5, beta: -1.1, simulation: 20"
[1] "n sub: 30, n images per sub: 5, sigma^2: 2, beta: -1.1, simulation: 21"
[1] "n sub: 30, n images per sub: 5, sigma^2: 1, beta: -1.1, simulation: 21"
[1] "n sub: 30, n images per sub: 5, sigma^2: 0.5, beta: -1.1, simulation: 21"
[1] "n sub: 30, n images per sub: 5, sigma^2: 0.5, beta: -1.1, simulation: 22"
[1] "n sub: 30, n images per sub: 5, sigma^2: 1, beta: -1.1, simulation: 22"
[1] "n sub: 30, n images per sub: 5, sigma^2: 2, beta: -1.1, simulation: 22"
[1] "n sub: 30, n images per sub: 5, sigma^2: 0.5, beta: -1.1, simulation: 23"
[1] "n sub: 30, n images per sub: 5, sigma^2: 1, beta: -1.1, simulation: 23"
[1] "n sub: 30, n images per sub: 5, sigma^2: 2, beta: -1.1, simulation: 23"
[1] "n sub: 30, n images per sub: 5, sigma^2: 0.5, beta: -1.1, simulation: 24"
[1] "n sub: 30, n images per sub: 5, sigma^2: 1, beta: -1.1, simulation: 24"
[1] "n sub: 30, n images per sub: 5, sigma^2: 2, beta: -1.1, simulation: 24"
[1] "n sub: 30, n images per sub: 5, sigma^2: 0.5, beta: -1.1, simulation: 25"
[1] "n sub: 30, n images per sub: 5, sigma^2: 1, beta: -1.1, simulation: 25"
[1] "n sub: 30, n images per sub: 5, sigma^2: 2, beta: -1.1, simulation: 25"
[1] "n sub: 30, n images per sub: 5, sigma^2: 0.5, beta: -1.1, simulation: 26"
[1] "n sub: 30, n images per sub: 5, sigma^2: 1, beta: -1.1, simulation: 26"
[1] "n sub: 30, n images per sub: 5, sigma^2: 2, beta: -1.1, simulation: 26"
[1] "n sub: 30, n images per sub: 5, sigma^2: 0.5, beta: -1.1, simulation: 27"
[1] "n sub: 30, n images per sub: 5, sigma^2: 1, beta: -1.1, simulation: 27"
[1] "n sub: 30, n images per sub: 5, sigma^2: 2, beta: -1.1, simulation: 27"
[1] "n sub: 30, n images per sub: 5, sigma^2: 0.5, beta: -1.1, simulation: 28"
[1] "n sub: 30, n images per sub: 5, sigma^2: 1, beta: -1.1, simulation: 28"
[1] "n sub: 30, n images per sub: 5, sigma^2: 2, beta: -1.1, simulation: 28"
[1] "n sub: 30, n images per sub: 5, sigma^2: 2, beta: -1.1, simulation: 29"
[1] "n sub: 30, n images per sub: 5, sigma^2: 0.5, beta: -1.1, simulation: 29"
[1] "n sub: 30, n images per sub: 5, sigma^2: 1, beta: -1.1, simulation: 29"
[1] "n sub: 30, n images per sub: 5, sigma^2: 2, beta: -1.1, simulation: 30"
[1] "n sub: 30, n images per sub: 5, sigma^2: 1, beta: -1.1, simulation: 30"
[1] "n sub: 30, n images per sub: 5, sigma^2: 0.5, beta: -1.1, simulation: 30"
[1] "n sub: 30, n images per sub: 5, sigma^2: 2, beta: -1.1, simulation: 31"
[1] "n sub: 30, n images per sub: 5, sigma^2: 0.5, beta: -1.1, simulation: 31"
[1] "n sub: 30, n images per sub: 5, sigma^2: 1, beta: -1.1, simulation: 31"
[1] "n sub: 30, n images per sub: 5, sigma^2: 2, beta: -1.1, simulation: 32"
[1] "n sub: 30, n images per sub: 5, sigma^2: 1, beta: -1.1, simulation: 32"
[1] "n sub: 30, n images per sub: 5, sigma^2: 0.5, beta: -1.1, simulation: 32"
[1] "n sub: 30, n images per sub: 5, sigma^2: 2, beta: -1.1, simulation: 33"
[1] "n sub: 30, n images per sub: 5, sigma^2: 1, beta: -1.1, simulation: 33"
[1] "n sub: 30, n images per sub: 5, sigma^2: 0.5, beta: -1.1, simulation: 33"
[1] "n sub: 30, n images per sub: 5, sigma^2: 2, beta: -1.1, simulation: 34"
[1] "n sub: 30, n images per sub: 5, sigma^2: 1, beta: -1.1, simulation: 34"
[1] "n sub: 30, n images per sub: 5, sigma^2: 0.5, beta: -1.1, simulation: 34"
[1] "n sub: 30, n images per sub: 5, sigma^2: 2, beta: -1.1, simulation: 35"
[1] "n sub: 30, n images per sub: 5, sigma^2: 1, beta: -1.1, simulation: 35"
[1] "n sub: 30, n images per sub: 5, sigma^2: 0.5, beta: -1.1, simulation: 35"
[1] "n sub: 30, n images per sub: 5, sigma^2: 2, beta: -1.1, simulation: 36"
[1] "n sub: 30, n images per sub: 5, sigma^2: 1, beta: -1.1, simulation: 36"
[1] "n sub: 30, n images per sub: 5, sigma^2: 0.5, beta: -1.1, simulation: 36"
