  [1] 4861 4862 4863 4864 4865 4866 4867 4868 4869 4870 4871 4872 4873 4874 4875
 [16] 4876 4877 4878 4879 4880 4881 4882 4883 4884 4885 4886 4887 4888 4889 4890
 [31] 4891 4892 4893 4894 4895 4896 4897 4898 4899 4900 4901 4902 4903 4904 4905
 [46] 4906 4907 4908 4909 4910 4911 4912 4913 4914 4915 4916 4917 4918 4919 4920
 [61] 4921 4922 4923 4924 4925 4926 4927 4928 4929 4930 4931 4932 4933 4934 4935
 [76] 4936 4937 4938 4939 4940 4941 4942 4943 4944 4945 4946 4947 4948 4949 4950
 [91] 4951 4952 4953 4954 4955 4956 4957 4958 4959 4960 4961 4962 4963 4964 4965
[106] 4966 4967 4968 4969 4970 4971 4972 4973 4974 4975 4976 4977 4978 4979 4980
[121] 4981 4982 4983 4984 4985 4986 4987 4988 4989 4990 4991 4992 4993 4994 4995
[1] "n sub: 30, n images per sub: 1, sigma^2: 2, beta: 0.69, simulation: 21"
[1] "n sub: 30, n images per sub: 1, sigma^2: 1, beta: 0.69, simulation: 21"
[1] "n sub: 30, n images per sub: 1, sigma^2: 0.5, beta: 0.69, simulation: 21"
[1] "n sub: 30, n images per sub: 1, sigma^2: 1, beta: 0.69, simulation: 22"
[1] "n sub: 30, n images per sub: 1, sigma^2: 2, beta: 0.69, simulation: 22"
[1] "n sub: 30, n images per sub: 1, sigma^2: 0.5, beta: 0.69, simulation: 22"
[1] "n sub: 30, n images per sub: 1, sigma^2: 1, beta: 0.69, simulation: 23"
[1] "n sub: 30, n images per sub: 1, sigma^2: 2, beta: 0.69, simulation: 23"
[1] "n sub: 30, n images per sub: 1, sigma^2: 0.5, beta: 0.69, simulation: 23"
[1] "n sub: 30, n images per sub: 1, sigma^2: 2, beta: 0.69, simulation: 24"
[1] "n sub: 30, n images per sub: 1, sigma^2: 1, beta: 0.69, simulation: 24"
[1] "n sub: 30, n images per sub: 1, sigma^2: 0.5, beta: 0.69, simulation: 24"
[1] "n sub: 30, n images per sub: 1, sigma^2: 2, beta: 0.69, simulation: 25"
[1] "n sub: 30, n images per sub: 1, sigma^2: 1, beta: 0.69, simulation: 25"
[1] "n sub: 30, n images per sub: 1, sigma^2: 0.5, beta: 0.69, simulation: 25"
[1] "n sub: 30, n images per sub: 1, sigma^2: 2, beta: 0.69, simulation: 26"
[1] "n sub: 30, n images per sub: 1, sigma^2: 1, beta: 0.69, simulation: 26"
[1] "n sub: 30, n images per sub: 1, sigma^2: 0.5, beta: 0.69, simulation: 26"
[1] "n sub: 30, n images per sub: 1, sigma^2: 2, beta: 0.69, simulation: 27"
[1] "n sub: 30, n images per sub: 1, sigma^2: 1, beta: 0.69, simulation: 27"
[1] "n sub: 30, n images per sub: 1, sigma^2: 0.5, beta: 0.69, simulation: 27"
[1] "n sub: 30, n images per sub: 1, sigma^2: 2, beta: 0.69, simulation: 28"
[1] "n sub: 30, n images per sub: 1, sigma^2: 1, beta: 0.69, simulation: 28"
[1] "n sub: 30, n images per sub: 1, sigma^2: 0.5, beta: 0.69, simulation: 28"
[1] "n sub: 30, n images per sub: 1, sigma^2: 2, beta: 0.69, simulation: 29"
[1] "n sub: 30, n images per sub: 1, sigma^2: 1, beta: 0.69, simulation: 29"
[1] "n sub: 30, n images per sub: 1, sigma^2: 0.5, beta: 0.69, simulation: 29"
[1] "n sub: 30, n images per sub: 1, sigma^2: 2, beta: 0.69, simulation: 30"
[1] "n sub: 30, n images per sub: 1, sigma^2: 1, beta: 0.69, simulation: 30"
[1] "n sub: 30, n images per sub: 1, sigma^2: 0.5, beta: 0.69, simulation: 30"
[1] "n sub: 30, n images per sub: 1, sigma^2: 2, beta: 0.69, simulation: 31"
[1] "n sub: 30, n images per sub: 1, sigma^2: 1, beta: 0.69, simulation: 31"
[1] "n sub: 30, n images per sub: 1, sigma^2: 0.5, beta: 0.69, simulation: 31"
[1] "n sub: 30, n images per sub: 1, sigma^2: 2, beta: 0.69, simulation: 32"
[1] "n sub: 30, n images per sub: 1, sigma^2: 1, beta: 0.69, simulation: 32"
[1] "n sub: 30, n images per sub: 1, sigma^2: 0.5, beta: 0.69, simulation: 32"
[1] "n sub: 30, n images per sub: 1, sigma^2: 2, beta: 0.69, simulation: 33"
[1] "n sub: 30, n images per sub: 1, sigma^2: 1, beta: 0.69, simulation: 33"
[1] "n sub: 30, n images per sub: 1, sigma^2: 0.5, beta: 0.69, simulation: 33"
[1] "n sub: 30, n images per sub: 1, sigma^2: 2, beta: 0.69, simulation: 34"
[1] "n sub: 30, n images per sub: 1, sigma^2: 1, beta: 0.69, simulation: 34"
[1] "n sub: 30, n images per sub: 1, sigma^2: 0.5, beta: 0.69, simulation: 34"
[1] "n sub: 30, n images per sub: 1, sigma^2: 2, beta: 0.69, simulation: 35"
[1] "n sub: 30, n images per sub: 1, sigma^2: 1, beta: 0.69, simulation: 35"
[1] "n sub: 30, n images per sub: 1, sigma^2: 0.5, beta: 0.69, simulation: 35"
[1] "n sub: 30, n images per sub: 1, sigma^2: 2, beta: 0.69, simulation: 36"
[1] "n sub: 30, n images per sub: 1, sigma^2: 1, beta: 0.69, simulation: 36"
[1] "n sub: 30, n images per sub: 1, sigma^2: 0.5, beta: 0.69, simulation: 36"
[1] "n sub: 30, n images per sub: 1, sigma^2: 2, beta: 0.69, simulation: 37"
[1] "n sub: 30, n images per sub: 1, sigma^2: 1, beta: 0.69, simulation: 37"
[1] "n sub: 30, n images per sub: 1, sigma^2: 0.5, beta: 0.69, simulation: 37"
[1] "n sub: 30, n images per sub: 1, sigma^2: 2, beta: 0.69, simulation: 38"
[1] "n sub: 30, n images per sub: 1, sigma^2: 1, beta: 0.69, simulation: 38"
[1] "n sub: 30, n images per sub: 1, sigma^2: 0.5, beta: 0.69, simulation: 38"
[1] "n sub: 30, n images per sub: 1, sigma^2: 2, beta: 0.69, simulation: 39"
[1] "n sub: 30, n images per sub: 1, sigma^2: 1, beta: 0.69, simulation: 39"
[1] "n sub: 30, n images per sub: 1, sigma^2: 0.5, beta: 0.69, simulation: 39"
[1] "n sub: 30, n images per sub: 1, sigma^2: 2, beta: 0.69, simulation: 40"
[1] "n sub: 30, n images per sub: 1, sigma^2: 1, beta: 0.69, simulation: 40"
[1] "n sub: 30, n images per sub: 1, sigma^2: 0.5, beta: 0.69, simulation: 40"
[1] "n sub: 30, n images per sub: 1, sigma^2: 2, beta: 0.69, simulation: 41"
[1] "n sub: 30, n images per sub: 1, sigma^2: 1, beta: 0.69, simulation: 41"
[1] "n sub: 30, n images per sub: 1, sigma^2: 0.5, beta: 0.69, simulation: 41"
[1] "n sub: 30, n images per sub: 1, sigma^2: 2, beta: 0.69, simulation: 42"
[1] "n sub: 30, n images per sub: 1, sigma^2: 1, beta: 0.69, simulation: 42"
[1] "n sub: 30, n images per sub: 1, sigma^2: 0.5, beta: 0.69, simulation: 42"
[1] "n sub: 30, n images per sub: 1, sigma^2: 1, beta: 0.69, simulation: 43"
[1] "n sub: 30, n images per sub: 1, sigma^2: 2, beta: 0.69, simulation: 43"
[1] "n sub: 30, n images per sub: 1, sigma^2: 0.5, beta: 0.69, simulation: 43"
[1] "n sub: 30, n images per sub: 1, sigma^2: 2, beta: 0.69, simulation: 44"
[1] "n sub: 30, n images per sub: 1, sigma^2: 1, beta: 0.69, simulation: 44"
[1] "n sub: 30, n images per sub: 1, sigma^2: 0.5, beta: 0.69, simulation: 44"
[1] "n sub: 30, n images per sub: 1, sigma^2: 2, beta: 0.69, simulation: 45"
[1] "n sub: 30, n images per sub: 1, sigma^2: 1, beta: 0.69, simulation: 45"
[1] "n sub: 30, n images per sub: 1, sigma^2: 0.5, beta: 0.69, simulation: 45"
[1] "n sub: 30, n images per sub: 1, sigma^2: 2, beta: 0.69, simulation: 46"
[1] "n sub: 30, n images per sub: 1, sigma^2: 1, beta: 0.69, simulation: 46"
[1] "n sub: 30, n images per sub: 1, sigma^2: 0.5, beta: 0.69, simulation: 46"
[1] "n sub: 30, n images per sub: 1, sigma^2: 2, beta: 0.69, simulation: 47"
[1] "n sub: 30, n images per sub: 1, sigma^2: 1, beta: 0.69, simulation: 47"
[1] "n sub: 30, n images per sub: 1, sigma^2: 0.5, beta: 0.69, simulation: 47"
[1] "n sub: 30, n images per sub: 1, sigma^2: 2, beta: 0.69, simulation: 48"
[1] "n sub: 30, n images per sub: 1, sigma^2: 1, beta: 0.69, simulation: 48"
[1] "n sub: 30, n images per sub: 1, sigma^2: 0.5, beta: 0.69, simulation: 48"
[1] "n sub: 30, n images per sub: 1, sigma^2: 2, beta: 0.69, simulation: 49"
[1] "n sub: 30, n images per sub: 1, sigma^2: 1, beta: 0.69, simulation: 49"
[1] "n sub: 30, n images per sub: 1, sigma^2: 0.5, beta: 0.69, simulation: 49"
[1] "n sub: 30, n images per sub: 1, sigma^2: 2, beta: 0.69, simulation: 50"
[1] "n sub: 30, n images per sub: 1, sigma^2: 1, beta: 0.69, simulation: 50"
[1] "n sub: 30, n images per sub: 1, sigma^2: 0.5, beta: 0.69, simulation: 50"
[1] "n sub: 30, n images per sub: 1, sigma^2: 2, beta: 0.69, simulation: 51"
[1] "n sub: 30, n images per sub: 1, sigma^2: 1, beta: 0.69, simulation: 51"
[1] "n sub: 30, n images per sub: 1, sigma^2: 0.5, beta: 0.69, simulation: 51"
[1] "n sub: 30, n images per sub: 1, sigma^2: 2, beta: 0.69, simulation: 52"
[1] "n sub: 30, n images per sub: 1, sigma^2: 1, beta: 0.69, simulation: 52"
[1] "n sub: 30, n images per sub: 1, sigma^2: 0.5, beta: 0.69, simulation: 52"
[1] "n sub: 30, n images per sub: 1, sigma^2: 2, beta: 0.69, simulation: 53"
[1] "n sub: 30, n images per sub: 1, sigma^2: 1, beta: 0.69, simulation: 53"
[1] "n sub: 30, n images per sub: 1, sigma^2: 0.5, beta: 0.69, simulation: 53"
[1] "n sub: 30, n images per sub: 1, sigma^2: 2, beta: 0.69, simulation: 54"
[1] "n sub: 30, n images per sub: 1, sigma^2: 1, beta: 0.69, simulation: 54"
[1] "n sub: 30, n images per sub: 1, sigma^2: 0.5, beta: 0.69, simulation: 54"
[1] "n sub: 30, n images per sub: 1, sigma^2: 2, beta: 0.69, simulation: 55"
[1] "n sub: 30, n images per sub: 1, sigma^2: 1, beta: 0.69, simulation: 55"
[1] "n sub: 30, n images per sub: 1, sigma^2: 0.5, beta: 0.69, simulation: 55"
[1] "n sub: 30, n images per sub: 1, sigma^2: 2, beta: 0.69, simulation: 56"
[1] "n sub: 30, n images per sub: 1, sigma^2: 1, beta: 0.69, simulation: 56"
[1] "n sub: 30, n images per sub: 1, sigma^2: 0.5, beta: 0.69, simulation: 56"
[1] "n sub: 30, n images per sub: 1, sigma^2: 2, beta: 0.69, simulation: 57"
[1] "n sub: 30, n images per sub: 1, sigma^2: 1, beta: 0.69, simulation: 57"
[1] "n sub: 30, n images per sub: 1, sigma^2: 0.5, beta: 0.69, simulation: 57"
[1] "n sub: 30, n images per sub: 1, sigma^2: 2, beta: 0.69, simulation: 58"
[1] "n sub: 30, n images per sub: 1, sigma^2: 1, beta: 0.69, simulation: 58"
[1] "n sub: 30, n images per sub: 1, sigma^2: 0.5, beta: 0.69, simulation: 58"
[1] "n sub: 30, n images per sub: 1, sigma^2: 2, beta: 0.69, simulation: 59"
[1] "n sub: 30, n images per sub: 1, sigma^2: 1, beta: 0.69, simulation: 59"
[1] "n sub: 30, n images per sub: 1, sigma^2: 0.5, beta: 0.69, simulation: 59"
[1] "n sub: 30, n images per sub: 1, sigma^2: 2, beta: 0.69, simulation: 60"
[1] "n sub: 30, n images per sub: 1, sigma^2: 1, beta: 0.69, simulation: 60"
[1] "n sub: 30, n images per sub: 1, sigma^2: 0.5, beta: 0.69, simulation: 60"
[1] "n sub: 30, n images per sub: 1, sigma^2: 1, beta: 0.69, simulation: 61"
[1] "n sub: 30, n images per sub: 1, sigma^2: 2, beta: 0.69, simulation: 61"
[1] "n sub: 30, n images per sub: 1, sigma^2: 0.5, beta: 0.69, simulation: 61"
[1] "n sub: 30, n images per sub: 1, sigma^2: 1, beta: 0.69, simulation: 62"
[1] "n sub: 30, n images per sub: 1, sigma^2: 2, beta: 0.69, simulation: 62"
[1] "n sub: 30, n images per sub: 1, sigma^2: 0.5, beta: 0.69, simulation: 62"
[1] "n sub: 30, n images per sub: 1, sigma^2: 1, beta: 0.69, simulation: 63"
[1] "n sub: 30, n images per sub: 1, sigma^2: 2, beta: 0.69, simulation: 63"
[1] "n sub: 30, n images per sub: 1, sigma^2: 0.5, beta: 0.69, simulation: 63"
[1] "n sub: 30, n images per sub: 1, sigma^2: 2, beta: 0.69, simulation: 64"
[1] "n sub: 30, n images per sub: 1, sigma^2: 1, beta: 0.69, simulation: 64"
[1] "n sub: 30, n images per sub: 1, sigma^2: 0.5, beta: 0.69, simulation: 64"
[1] "n sub: 30, n images per sub: 1, sigma^2: 2, beta: 0.69, simulation: 65"
[1] "n sub: 30, n images per sub: 1, sigma^2: 1, beta: 0.69, simulation: 65"
[1] "n sub: 30, n images per sub: 1, sigma^2: 0.5, beta: 0.69, simulation: 65"
