  [1] 6886 6887 6888 6889 6890 6891 6892 6893 6894 6895 6896 6897 6898 6899 6900
 [16] 6901 6902 6903 6904 6905 6906 6907 6908 6909 6910 6911 6912 6913 6914 6915
 [31] 6916 6917 6918 6919 6920 6921 6922 6923 6924 6925 6926 6927 6928 6929 6930
 [46] 6931 6932 6933 6934 6935 6936 6937 6938 6939 6940 6941 6942 6943 6944 6945
 [61] 6946 6947 6948 6949 6950 6951 6952 6953 6954 6955 6956 6957 6958 6959 6960
 [76] 6961 6962 6963 6964 6965 6966 6967 6968 6969 6970 6971 6972 6973 6974 6975
 [91] 6976 6977 6978 6979 6980 6981 6982 6983 6984 6985 6986 6987 6988 6989 6990
[106] 6991 6992 6993 6994 6995 6996 6997 6998 6999 7000 7001 7002 7003 7004 7005
[121] 7006 7007 7008 7009 7010 7011 7012 7013 7014 7015 7016 7017 7018 7019 7020
[1] "n sub: 50, n images per sub: 1, sigma^2: 0.5, beta: 0, simulation: 96"
[1] "n sub: 50, n images per sub: 1, sigma^2: 1, beta: 0, simulation: 96"
[1] "n sub: 50, n images per sub: 1, sigma^2: 2, beta: 0, simulation: 96"
[1] "n sub: 50, n images per sub: 1, sigma^2: 0.5, beta: 0, simulation: 97"
[1] "n sub: 50, n images per sub: 1, sigma^2: 1, beta: 0, simulation: 97"
[1] "n sub: 50, n images per sub: 1, sigma^2: 2, beta: 0, simulation: 97"
[1] "n sub: 50, n images per sub: 1, sigma^2: 0.5, beta: 0, simulation: 98"
[1] "n sub: 50, n images per sub: 1, sigma^2: 1, beta: 0, simulation: 98"
[1] "n sub: 50, n images per sub: 1, sigma^2: 2, beta: 0, simulation: 98"
[1] "n sub: 50, n images per sub: 1, sigma^2: 0.5, beta: 0, simulation: 99"
[1] "n sub: 50, n images per sub: 1, sigma^2: 1, beta: 0, simulation: 99"
[1] "n sub: 50, n images per sub: 1, sigma^2: 2, beta: 0, simulation: 99"
[1] "n sub: 50, n images per sub: 1, sigma^2: 0.5, beta: 0, simulation: 100"
[1] "n sub: 50, n images per sub: 1, sigma^2: 1, beta: 0, simulation: 100"
[1] "n sub: 50, n images per sub: 1, sigma^2: 2, beta: 0, simulation: 100"
[1] "n sub: 50, n images per sub: 1, sigma^2: 2, beta: 0.22, simulation: 1"
[1] "n sub: 50, n images per sub: 1, sigma^2: 1, beta: 0.22, simulation: 1"
[1] "n sub: 50, n images per sub: 1, sigma^2: 0.5, beta: 0.22, simulation: 1"
[1] "n sub: 50, n images per sub: 1, sigma^2: 2, beta: 0.22, simulation: 2"
[1] "n sub: 50, n images per sub: 1, sigma^2: 1, beta: 0.22, simulation: 2"
[1] "n sub: 50, n images per sub: 1, sigma^2: 0.5, beta: 0.22, simulation: 2"
[1] "n sub: 50, n images per sub: 1, sigma^2: 2, beta: 0.22, simulation: 3"
[1] "n sub: 50, n images per sub: 1, sigma^2: 1, beta: 0.22, simulation: 3"
[1] "n sub: 50, n images per sub: 1, sigma^2: 0.5, beta: 0.22, simulation: 3"
[1] "n sub: 50, n images per sub: 1, sigma^2: 2, beta: 0.22, simulation: 4"
[1] "n sub: 50, n images per sub: 1, sigma^2: 1, beta: 0.22, simulation: 4"
[1] "n sub: 50, n images per sub: 1, sigma^2: 0.5, beta: 0.22, simulation: 4"
[1] "n sub: 50, n images per sub: 1, sigma^2: 2, beta: 0.22, simulation: 5"
[1] "n sub: 50, n images per sub: 1, sigma^2: 1, beta: 0.22, simulation: 5"
[1] "n sub: 50, n images per sub: 1, sigma^2: 0.5, beta: 0.22, simulation: 5"
[1] "n sub: 50, n images per sub: 1, sigma^2: 2, beta: 0.22, simulation: 6"
[1] "n sub: 50, n images per sub: 1, sigma^2: 1, beta: 0.22, simulation: 6"
[1] "n sub: 50, n images per sub: 1, sigma^2: 0.5, beta: 0.22, simulation: 6"
[1] "n sub: 50, n images per sub: 1, sigma^2: 2, beta: 0.22, simulation: 7"
[1] "n sub: 50, n images per sub: 1, sigma^2: 1, beta: 0.22, simulation: 7"
[1] "n sub: 50, n images per sub: 1, sigma^2: 0.5, beta: 0.22, simulation: 7"
[1] "n sub: 50, n images per sub: 1, sigma^2: 2, beta: 0.22, simulation: 8"
[1] "n sub: 50, n images per sub: 1, sigma^2: 1, beta: 0.22, simulation: 8"
[1] "n sub: 50, n images per sub: 1, sigma^2: 0.5, beta: 0.22, simulation: 8"
[1] "n sub: 50, n images per sub: 1, sigma^2: 2, beta: 0.22, simulation: 9"
[1] "n sub: 50, n images per sub: 1, sigma^2: 1, beta: 0.22, simulation: 9"
[1] "n sub: 50, n images per sub: 1, sigma^2: 0.5, beta: 0.22, simulation: 9"
[1] "n sub: 50, n images per sub: 1, sigma^2: 2, beta: 0.22, simulation: 10"
[1] "n sub: 50, n images per sub: 1, sigma^2: 1, beta: 0.22, simulation: 10"
[1] "n sub: 50, n images per sub: 1, sigma^2: 0.5, beta: 0.22, simulation: 10"
[1] "n sub: 50, n images per sub: 1, sigma^2: 2, beta: 0.22, simulation: 11"
[1] "n sub: 50, n images per sub: 1, sigma^2: 1, beta: 0.22, simulation: 11"
[1] "n sub: 50, n images per sub: 1, sigma^2: 0.5, beta: 0.22, simulation: 11"
[1] "n sub: 50, n images per sub: 1, sigma^2: 2, beta: 0.22, simulation: 12"
[1] "n sub: 50, n images per sub: 1, sigma^2: 1, beta: 0.22, simulation: 12"
[1] "n sub: 50, n images per sub: 1, sigma^2: 0.5, beta: 0.22, simulation: 12"
[1] "n sub: 50, n images per sub: 1, sigma^2: 2, beta: 0.22, simulation: 13"
[1] "n sub: 50, n images per sub: 1, sigma^2: 1, beta: 0.22, simulation: 13"
[1] "n sub: 50, n images per sub: 1, sigma^2: 0.5, beta: 0.22, simulation: 13"
[1] "n sub: 50, n images per sub: 1, sigma^2: 2, beta: 0.22, simulation: 14"
[1] "n sub: 50, n images per sub: 1, sigma^2: 1, beta: 0.22, simulation: 14"
[1] "n sub: 50, n images per sub: 1, sigma^2: 0.5, beta: 0.22, simulation: 14"
[1] "n sub: 50, n images per sub: 1, sigma^2: 2, beta: 0.22, simulation: 15"
[1] "n sub: 50, n images per sub: 1, sigma^2: 1, beta: 0.22, simulation: 15"
[1] "n sub: 50, n images per sub: 1, sigma^2: 0.5, beta: 0.22, simulation: 15"
[1] "n sub: 50, n images per sub: 1, sigma^2: 2, beta: 0.22, simulation: 16"
[1] "n sub: 50, n images per sub: 1, sigma^2: 1, beta: 0.22, simulation: 16"
[1] "n sub: 50, n images per sub: 1, sigma^2: 0.5, beta: 0.22, simulation: 16"
[1] "n sub: 50, n images per sub: 1, sigma^2: 2, beta: 0.22, simulation: 17"
[1] "n sub: 50, n images per sub: 1, sigma^2: 1, beta: 0.22, simulation: 17"
[1] "n sub: 50, n images per sub: 1, sigma^2: 0.5, beta: 0.22, simulation: 17"
[1] "n sub: 50, n images per sub: 1, sigma^2: 2, beta: 0.22, simulation: 18"
[1] "n sub: 50, n images per sub: 1, sigma^2: 1, beta: 0.22, simulation: 18"
[1] "n sub: 50, n images per sub: 1, sigma^2: 0.5, beta: 0.22, simulation: 18"
[1] "n sub: 50, n images per sub: 1, sigma^2: 2, beta: 0.22, simulation: 19"
[1] "n sub: 50, n images per sub: 1, sigma^2: 1, beta: 0.22, simulation: 19"
[1] "n sub: 50, n images per sub: 1, sigma^2: 0.5, beta: 0.22, simulation: 19"
[1] "n sub: 50, n images per sub: 1, sigma^2: 2, beta: 0.22, simulation: 20"
[1] "n sub: 50, n images per sub: 1, sigma^2: 1, beta: 0.22, simulation: 20"
[1] "n sub: 50, n images per sub: 1, sigma^2: 0.5, beta: 0.22, simulation: 20"
[1] "n sub: 50, n images per sub: 1, sigma^2: 2, beta: 0.22, simulation: 21"
[1] "n sub: 50, n images per sub: 1, sigma^2: 1, beta: 0.22, simulation: 21"
[1] "n sub: 50, n images per sub: 1, sigma^2: 0.5, beta: 0.22, simulation: 21"
[1] "n sub: 50, n images per sub: 1, sigma^2: 2, beta: 0.22, simulation: 22"
[1] "n sub: 50, n images per sub: 1, sigma^2: 1, beta: 0.22, simulation: 22"
[1] "n sub: 50, n images per sub: 1, sigma^2: 0.5, beta: 0.22, simulation: 22"
[1] "n sub: 50, n images per sub: 1, sigma^2: 2, beta: 0.22, simulation: 23"
[1] "n sub: 50, n images per sub: 1, sigma^2: 1, beta: 0.22, simulation: 23"
[1] "n sub: 50, n images per sub: 1, sigma^2: 0.5, beta: 0.22, simulation: 23"
[1] "n sub: 50, n images per sub: 1, sigma^2: 2, beta: 0.22, simulation: 24"
[1] "n sub: 50, n images per sub: 1, sigma^2: 1, beta: 0.22, simulation: 24"
[1] "n sub: 50, n images per sub: 1, sigma^2: 0.5, beta: 0.22, simulation: 24"
[1] "n sub: 50, n images per sub: 1, sigma^2: 2, beta: 0.22, simulation: 25"
[1] "n sub: 50, n images per sub: 1, sigma^2: 1, beta: 0.22, simulation: 25"
[1] "n sub: 50, n images per sub: 1, sigma^2: 0.5, beta: 0.22, simulation: 25"
[1] "n sub: 50, n images per sub: 1, sigma^2: 2, beta: 0.22, simulation: 26"
[1] "n sub: 50, n images per sub: 1, sigma^2: 1, beta: 0.22, simulation: 26"
[1] "n sub: 50, n images per sub: 1, sigma^2: 0.5, beta: 0.22, simulation: 26"
[1] "n sub: 50, n images per sub: 1, sigma^2: 2, beta: 0.22, simulation: 27"
[1] "n sub: 50, n images per sub: 1, sigma^2: 1, beta: 0.22, simulation: 27"
[1] "n sub: 50, n images per sub: 1, sigma^2: 0.5, beta: 0.22, simulation: 27"
[1] "n sub: 50, n images per sub: 1, sigma^2: 2, beta: 0.22, simulation: 28"
[1] "n sub: 50, n images per sub: 1, sigma^2: 1, beta: 0.22, simulation: 28"
[1] "n sub: 50, n images per sub: 1, sigma^2: 0.5, beta: 0.22, simulation: 28"
[1] "n sub: 50, n images per sub: 1, sigma^2: 2, beta: 0.22, simulation: 29"
[1] "n sub: 50, n images per sub: 1, sigma^2: 1, beta: 0.22, simulation: 29"
[1] "n sub: 50, n images per sub: 1, sigma^2: 0.5, beta: 0.22, simulation: 29"
[1] "n sub: 50, n images per sub: 1, sigma^2: 2, beta: 0.22, simulation: 30"
[1] "n sub: 50, n images per sub: 1, sigma^2: 1, beta: 0.22, simulation: 30"
[1] "n sub: 50, n images per sub: 1, sigma^2: 0.5, beta: 0.22, simulation: 30"
[1] "n sub: 50, n images per sub: 1, sigma^2: 2, beta: 0.22, simulation: 31"
[1] "n sub: 50, n images per sub: 1, sigma^2: 1, beta: 0.22, simulation: 31"
[1] "n sub: 50, n images per sub: 1, sigma^2: 0.5, beta: 0.22, simulation: 31"
[1] "n sub: 50, n images per sub: 1, sigma^2: 2, beta: 0.22, simulation: 32"
[1] "n sub: 50, n images per sub: 1, sigma^2: 1, beta: 0.22, simulation: 32"
[1] "n sub: 50, n images per sub: 1, sigma^2: 0.5, beta: 0.22, simulation: 32"
[1] "n sub: 50, n images per sub: 1, sigma^2: 2, beta: 0.22, simulation: 33"
[1] "n sub: 50, n images per sub: 1, sigma^2: 1, beta: 0.22, simulation: 33"
[1] "n sub: 50, n images per sub: 1, sigma^2: 0.5, beta: 0.22, simulation: 33"
[1] "n sub: 50, n images per sub: 1, sigma^2: 2, beta: 0.22, simulation: 34"
[1] "n sub: 50, n images per sub: 1, sigma^2: 1, beta: 0.22, simulation: 34"
[1] "n sub: 50, n images per sub: 1, sigma^2: 0.5, beta: 0.22, simulation: 34"
[1] "n sub: 50, n images per sub: 1, sigma^2: 2, beta: 0.22, simulation: 35"
[1] "n sub: 50, n images per sub: 1, sigma^2: 1, beta: 0.22, simulation: 35"
[1] "n sub: 50, n images per sub: 1, sigma^2: 0.5, beta: 0.22, simulation: 35"
[1] "n sub: 50, n images per sub: 1, sigma^2: 2, beta: 0.22, simulation: 36"
[1] "n sub: 50, n images per sub: 1, sigma^2: 1, beta: 0.22, simulation: 36"
[1] "n sub: 50, n images per sub: 1, sigma^2: 0.5, beta: 0.22, simulation: 36"
[1] "n sub: 50, n images per sub: 1, sigma^2: 2, beta: 0.22, simulation: 37"
[1] "n sub: 50, n images per sub: 1, sigma^2: 1, beta: 0.22, simulation: 37"
[1] "n sub: 50, n images per sub: 1, sigma^2: 0.5, beta: 0.22, simulation: 37"
[1] "n sub: 50, n images per sub: 1, sigma^2: 2, beta: 0.22, simulation: 38"
[1] "n sub: 50, n images per sub: 1, sigma^2: 1, beta: 0.22, simulation: 38"
[1] "n sub: 50, n images per sub: 1, sigma^2: 0.5, beta: 0.22, simulation: 38"
[1] "n sub: 50, n images per sub: 1, sigma^2: 2, beta: 0.22, simulation: 39"
[1] "n sub: 50, n images per sub: 1, sigma^2: 1, beta: 0.22, simulation: 39"
[1] "n sub: 50, n images per sub: 1, sigma^2: 0.5, beta: 0.22, simulation: 39"
[1] "n sub: 50, n images per sub: 1, sigma^2: 2, beta: 0.22, simulation: 40"
[1] "n sub: 50, n images per sub: 1, sigma^2: 1, beta: 0.22, simulation: 40"
[1] "n sub: 50, n images per sub: 1, sigma^2: 0.5, beta: 0.22, simulation: 40"
