 [1] 13393 13394 13395 13396 13397 13398 13399 13400 13401 13402 13403 13404
[13] 13405 13406 13407 13408 13409 13410 13411 13412 13413 13414 13415 13416
[25] 13417 13418 13419 13420 13421 13422 13423 13424 13425 13426 13427 13428
[37] 13429 13430 13431 13432 13433 13434 13435 13436 13437 13438 13439 13440
[49] 13441 13442 13443 13444 13445 13446
[1] "n sub: 30, n images per sub: 5, sigma^2: 2, beta: 1.1, simulation: 65"
[1] "n sub: 30, n images per sub: 5, sigma^2: 1, beta: 1.1, simulation: 65"
[1] "n sub: 30, n images per sub: 5, sigma^2: 0.5, beta: 1.1, simulation: 65"
[1] "n sub: 30, n images per sub: 5, sigma^2: 2, beta: 1.1, simulation: 66"
[1] "n sub: 30, n images per sub: 5, sigma^2: 1, beta: 1.1, simulation: 66"
[1] "n sub: 30, n images per sub: 5, sigma^2: 0.5, beta: 1.1, simulation: 66"
[1] "n sub: 30, n images per sub: 5, sigma^2: 2, beta: 1.1, simulation: 67"
[1] "n sub: 30, n images per sub: 5, sigma^2: 1, beta: 1.1, simulation: 67"
[1] "n sub: 30, n images per sub: 5, sigma^2: 0.5, beta: 1.1, simulation: 67"
[1] "n sub: 30, n images per sub: 5, sigma^2: 2, beta: 1.1, simulation: 68"
[1] "n sub: 30, n images per sub: 5, sigma^2: 1, beta: 1.1, simulation: 68"
[1] "n sub: 30, n images per sub: 5, sigma^2: 0.5, beta: 1.1, simulation: 68"
[1] "n sub: 30, n images per sub: 5, sigma^2: 1, beta: 1.1, simulation: 69"
[1] "n sub: 30, n images per sub: 5, sigma^2: 2, beta: 1.1, simulation: 69"
[1] "n sub: 30, n images per sub: 5, sigma^2: 0.5, beta: 1.1, simulation: 69"
[1] "n sub: 30, n images per sub: 5, sigma^2: 2, beta: 1.1, simulation: 70"
[1] "n sub: 30, n images per sub: 5, sigma^2: 1, beta: 1.1, simulation: 70"
[1] "n sub: 30, n images per sub: 5, sigma^2: 0.5, beta: 1.1, simulation: 70"
[1] "n sub: 30, n images per sub: 5, sigma^2: 0.5, beta: 1.1, simulation: 71"
[1] "n sub: 30, n images per sub: 5, sigma^2: 1, beta: 1.1, simulation: 71"
[1] "n sub: 30, n images per sub: 5, sigma^2: 2, beta: 1.1, simulation: 71"
[1] "n sub: 30, n images per sub: 5, sigma^2: 0.5, beta: 1.1, simulation: 72"
[1] "n sub: 30, n images per sub: 5, sigma^2: 1, beta: 1.1, simulation: 72"
[1] "n sub: 30, n images per sub: 5, sigma^2: 2, beta: 1.1, simulation: 72"
[1] "n sub: 30, n images per sub: 5, sigma^2: 0.5, beta: 1.1, simulation: 73"
[1] "n sub: 30, n images per sub: 5, sigma^2: 1, beta: 1.1, simulation: 73"
[1] "n sub: 30, n images per sub: 5, sigma^2: 2, beta: 1.1, simulation: 73"
[1] "n sub: 30, n images per sub: 5, sigma^2: 0.5, beta: 1.1, simulation: 74"
[1] "n sub: 30, n images per sub: 5, sigma^2: 1, beta: 1.1, simulation: 74"
[1] "n sub: 30, n images per sub: 5, sigma^2: 2, beta: 1.1, simulation: 74"
[1] "n sub: 30, n images per sub: 5, sigma^2: 0.5, beta: 1.1, simulation: 75"
[1] "n sub: 30, n images per sub: 5, sigma^2: 1, beta: 1.1, simulation: 75"
[1] "n sub: 30, n images per sub: 5, sigma^2: 2, beta: 1.1, simulation: 75"
[1] "n sub: 30, n images per sub: 5, sigma^2: 0.5, beta: 1.1, simulation: 76"
[1] "n sub: 30, n images per sub: 5, sigma^2: 1, beta: 1.1, simulation: 76"
[1] "n sub: 30, n images per sub: 5, sigma^2: 2, beta: 1.1, simulation: 76"
[1] "n sub: 30, n images per sub: 5, sigma^2: 0.5, beta: 1.1, simulation: 77"
[1] "n sub: 30, n images per sub: 5, sigma^2: 1, beta: 1.1, simulation: 77"
[1] "n sub: 30, n images per sub: 5, sigma^2: 2, beta: 1.1, simulation: 77"
[1] "n sub: 30, n images per sub: 5, sigma^2: 0.5, beta: 1.1, simulation: 78"
[1] "n sub: 30, n images per sub: 5, sigma^2: 1, beta: 1.1, simulation: 78"
[1] "n sub: 30, n images per sub: 5, sigma^2: 2, beta: 1.1, simulation: 78"
[1] "n sub: 30, n images per sub: 5, sigma^2: 0.5, beta: 1.1, simulation: 79"
[1] "n sub: 30, n images per sub: 5, sigma^2: 1, beta: 1.1, simulation: 79"
[1] "n sub: 30, n images per sub: 5, sigma^2: 2, beta: 1.1, simulation: 79"
[1] "n sub: 30, n images per sub: 5, sigma^2: 2, beta: 1.1, simulation: 80"
[1] "n sub: 30, n images per sub: 5, sigma^2: 1, beta: 1.1, simulation: 80"
[1] "n sub: 30, n images per sub: 5, sigma^2: 0.5, beta: 1.1, simulation: 80"
[1] "n sub: 30, n images per sub: 5, sigma^2: 2, beta: 1.1, simulation: 81"
[1] "n sub: 30, n images per sub: 5, sigma^2: 1, beta: 1.1, simulation: 81"
[1] "n sub: 30, n images per sub: 5, sigma^2: 0.5, beta: 1.1, simulation: 81"
[1] "n sub: 30, n images per sub: 5, sigma^2: 2, beta: 1.1, simulation: 82"
[1] "n sub: 30, n images per sub: 5, sigma^2: 1, beta: 1.1, simulation: 82"
[1] "n sub: 30, n images per sub: 5, sigma^2: 0.5, beta: 1.1, simulation: 82"
