 [1] 15499 15500 15501 15502 15503 15504 15505 15506 15507 15508 15509 15510
[13] 15511 15512 15513 15514 15515 15516 15517 15518 15519 15520 15521 15522
[25] 15523 15524 15525
[1] "n sub: 50, n images per sub: 5, sigma^2: 1, beta: 0.41, simulation: 67"
[1] "n sub: 50, n images per sub: 5, sigma^2: 0.5, beta: 0.41, simulation: 67"
[1] "n sub: 50, n images per sub: 5, sigma^2: 2, beta: 0.41, simulation: 67"
[1] "n sub: 50, n images per sub: 5, sigma^2: 1, beta: 0.41, simulation: 68"
[1] "n sub: 50, n images per sub: 5, sigma^2: 0.5, beta: 0.41, simulation: 68"
[1] "n sub: 50, n images per sub: 5, sigma^2: 2, beta: 0.41, simulation: 68"
[1] "n sub: 50, n images per sub: 5, sigma^2: 1, beta: 0.41, simulation: 69"
[1] "n sub: 50, n images per sub: 5, sigma^2: 0.5, beta: 0.41, simulation: 69"
[1] "n sub: 50, n images per sub: 5, sigma^2: 2, beta: 0.41, simulation: 69"
[1] "n sub: 50, n images per sub: 5, sigma^2: 1, beta: 0.41, simulation: 70"
[1] "n sub: 50, n images per sub: 5, sigma^2: 0.5, beta: 0.41, simulation: 70"
[1] "n sub: 50, n images per sub: 5, sigma^2: 2, beta: 0.41, simulation: 70"
[1] "n sub: 50, n images per sub: 5, sigma^2: 1, beta: 0.41, simulation: 71"
[1] "n sub: 50, n images per sub: 5, sigma^2: 0.5, beta: 0.41, simulation: 71"
[1] "n sub: 50, n images per sub: 5, sigma^2: 2, beta: 0.41, simulation: 71"
[1] "n sub: 50, n images per sub: 5, sigma^2: 1, beta: 0.41, simulation: 72"
[1] "n sub: 50, n images per sub: 5, sigma^2: 0.5, beta: 0.41, simulation: 72"
[1] "n sub: 50, n images per sub: 5, sigma^2: 2, beta: 0.41, simulation: 72"
[1] "n sub: 50, n images per sub: 5, sigma^2: 1, beta: 0.41, simulation: 73"
[1] "n sub: 50, n images per sub: 5, sigma^2: 0.5, beta: 0.41, simulation: 73"
[1] "n sub: 50, n images per sub: 5, sigma^2: 2, beta: 0.41, simulation: 73"
[1] "n sub: 50, n images per sub: 5, sigma^2: 1, beta: 0.41, simulation: 74"
[1] "n sub: 50, n images per sub: 5, sigma^2: 0.5, beta: 0.41, simulation: 74"
[1] "n sub: 50, n images per sub: 5, sigma^2: 2, beta: 0.41, simulation: 74"
[1] "n sub: 50, n images per sub: 5, sigma^2: 1, beta: 0.41, simulation: 75"
[1] "n sub: 50, n images per sub: 5, sigma^2: 0.5, beta: 0.41, simulation: 75"
[1] "n sub: 50, n images per sub: 5, sigma^2: 2, beta: 0.41, simulation: 75"
