[1] "n sub: 10, n images per sub: 5, zero distance: 50, sigma^2: 0.5, beta: 0.69, simulation: 601"
[1] "no_corr"
[1] "pc_exp"
[1] "pc_exp_raw_image_sigma"
[1] "pc_exp_raw_overall_1"
[1] "pc_exp_raw_overall_sigma"
[1] "pc_exp_norm_image_sigma"
[1] "pc_exp_norm_overall_1"
[1] "pc_exp_norm_overall_sigma"
[1] "pc_sqexp"
[1] "pc_sqexp_raw_image_sigma"
[1] "pc_sqexp_raw_overall_1"
[1] "pc_sqexp_raw_overall_sigma"
[1] "pc_sqexp_norm_image_sigma"
[1] "pc_sqexp_norm_overall_1"
[1] "pc_sqexp_norm_overall_sigma"
[1] "n sub: 10, n images per sub: 5, zero distance: 50, sigma^2: 1, beta: 0.69, simulation: 601"
[1] "no_corr"
[1] "pc_exp"
[1] "pc_exp_raw_image_sigma"
[1] "pc_exp_raw_overall_1"
[1] "pc_exp_raw_overall_sigma"
[1] "pc_exp_norm_image_sigma"
[1] "pc_exp_norm_overall_1"
[1] "pc_exp_norm_overall_sigma"
[1] "pc_sqexp"
[1] "pc_sqexp_raw_image_sigma"
[1] "pc_sqexp_raw_overall_1"
[1] "pc_sqexp_raw_overall_sigma"
[1] "pc_sqexp_norm_image_sigma"
[1] "pc_sqexp_norm_overall_1"
[1] "pc_sqexp_norm_overall_sigma"
[1] "n sub: 10, n images per sub: 5, zero distance: 50, sigma^2: 2, beta: 0.69, simulation: 601"
[1] "no_corr"
[1] "pc_exp"
[1] "pc_exp_raw_image_sigma"
[1] "pc_exp_raw_overall_1"
[1] "pc_exp_raw_overall_sigma"
[1] "pc_exp_norm_image_sigma"
[1] "pc_exp_norm_overall_1"
[1] "pc_exp_norm_overall_sigma"
[1] "pc_sqexp"
[1] "pc_sqexp_raw_image_sigma"
[1] "pc_sqexp_raw_overall_1"
[1] "pc_sqexp_raw_overall_sigma"
[1] "pc_sqexp_norm_image_sigma"
[1] "pc_sqexp_norm_overall_1"
[1] "pc_sqexp_norm_overall_sigma"
[1] "n sub: 10, n images per sub: 5, zero distance: 50, sigma^2: 0.5, beta: 0.69, simulation: 602"
[1] "no_corr"
[1] "pc_exp"
[1] "pc_exp_raw_image_sigma"
[1] "pc_exp_raw_overall_1"
[1] "pc_exp_raw_overall_sigma"
[1] "pc_exp_norm_image_sigma"
[1] "pc_exp_norm_overall_1"
[1] "pc_exp_norm_overall_sigma"
[1] "pc_sqexp"
[1] "pc_sqexp_raw_image_sigma"
[1] "pc_sqexp_raw_overall_1"
[1] "pc_sqexp_raw_overall_sigma"
[1] "pc_sqexp_norm_image_sigma"
[1] "pc_sqexp_norm_overall_1"
[1] "pc_sqexp_norm_overall_sigma"
[1] "n sub: 10, n images per sub: 5, zero distance: 50, sigma^2: 1, beta: 0.69, simulation: 602"
[1] "no_corr"
[1] "pc_exp"
[1] "pc_exp_raw_image_sigma"
[1] "pc_exp_raw_overall_1"
[1] "pc_exp_raw_overall_sigma"
[1] "pc_exp_norm_image_sigma"
[1] "pc_exp_norm_overall_1"
[1] "pc_exp_norm_overall_sigma"
[1] "pc_sqexp"
[1] "pc_sqexp_raw_image_sigma"
[1] "pc_sqexp_raw_overall_1"
[1] "pc_sqexp_raw_overall_sigma"
[1] "pc_sqexp_norm_image_sigma"
[1] "pc_sqexp_norm_overall_1"
[1] "pc_sqexp_norm_overall_sigma"
[1] "n sub: 10, n images per sub: 5, zero distance: 50, sigma^2: 2, beta: 0.69, simulation: 602"
[1] "no_corr"
[1] "pc_exp"
[1] "pc_exp_raw_image_sigma"
[1] "pc_exp_raw_overall_1"
[1] "pc_exp_raw_overall_sigma"
[1] "pc_exp_norm_image_sigma"
[1] "pc_exp_norm_overall_1"
[1] "pc_exp_norm_overall_sigma"
[1] "pc_sqexp"
[1] "pc_sqexp_raw_image_sigma"
[1] "pc_sqexp_raw_overall_1"
[1] "pc_sqexp_raw_overall_sigma"
[1] "pc_sqexp_norm_image_sigma"
[1] "pc_sqexp_norm_overall_1"
[1] "pc_sqexp_norm_overall_sigma"
[1] "n sub: 10, n images per sub: 5, zero distance: 50, sigma^2: 0.5, beta: 0.69, simulation: 603"
[1] "no_corr"
[1] "pc_exp"
[1] "pc_exp_raw_image_sigma"
[1] "pc_exp_raw_overall_1"
[1] "pc_exp_raw_overall_sigma"
[1] "pc_exp_norm_image_sigma"
[1] "pc_exp_norm_overall_1"
[1] "pc_exp_norm_overall_sigma"
[1] "pc_sqexp"
[1] "pc_sqexp_raw_image_sigma"
[1] "pc_sqexp_raw_overall_1"
[1] "pc_sqexp_raw_overall_sigma"
[1] "pc_sqexp_norm_image_sigma"
[1] "pc_sqexp_norm_overall_1"
[1] "pc_sqexp_norm_overall_sigma"
[1] "n sub: 10, n images per sub: 5, zero distance: 50, sigma^2: 1, beta: 0.69, simulation: 603"
[1] "no_corr"
[1] "pc_exp"
[1] "pc_exp_raw_image_sigma"
[1] "pc_exp_raw_overall_1"
[1] "pc_exp_raw_overall_sigma"
[1] "pc_exp_norm_image_sigma"
[1] "pc_exp_norm_overall_1"
[1] "pc_exp_norm_overall_sigma"
[1] "pc_sqexp"
[1] "pc_sqexp_raw_image_sigma"
[1] "pc_sqexp_raw_overall_1"
[1] "pc_sqexp_raw_overall_sigma"
[1] "pc_sqexp_norm_image_sigma"
[1] "pc_sqexp_norm_overall_1"
[1] "pc_sqexp_norm_overall_sigma"
[1] "n sub: 10, n images per sub: 5, zero distance: 50, sigma^2: 2, beta: 0.69, simulation: 603"
[1] "no_corr"
[1] "pc_exp"
[1] "pc_exp_raw_image_sigma"
[1] "pc_exp_raw_overall_1"
[1] "pc_exp_raw_overall_sigma"
[1] "pc_exp_norm_image_sigma"
[1] "pc_exp_norm_overall_1"
[1] "pc_exp_norm_overall_sigma"
[1] "pc_sqexp"
[1] "pc_sqexp_raw_image_sigma"
[1] "pc_sqexp_raw_overall_1"
[1] "pc_sqexp_raw_overall_sigma"
[1] "pc_sqexp_norm_image_sigma"
[1] "pc_sqexp_norm_overall_1"
[1] "pc_sqexp_norm_overall_sigma"
[1] "n sub: 10, n images per sub: 5, zero distance: 50, sigma^2: 0.5, beta: 0.69, simulation: 604"
[1] "no_corr"
[1] "pc_exp"
[1] "pc_exp_raw_image_sigma"
[1] "pc_exp_raw_overall_1"
[1] "pc_exp_raw_overall_sigma"
[1] "pc_exp_norm_image_sigma"
[1] "pc_exp_norm_overall_1"
[1] "pc_exp_norm_overall_sigma"
[1] "pc_sqexp"
[1] "pc_sqexp_raw_image_sigma"
[1] "pc_sqexp_raw_overall_1"
[1] "pc_sqexp_raw_overall_sigma"
[1] "pc_sqexp_norm_image_sigma"
[1] "pc_sqexp_norm_overall_1"
[1] "pc_sqexp_norm_overall_sigma"
[1] "n sub: 10, n images per sub: 5, zero distance: 50, sigma^2: 1, beta: 0.69, simulation: 604"
[1] "no_corr"
[1] "pc_exp"
[1] "pc_exp_raw_image_sigma"
[1] "pc_exp_raw_overall_1"
[1] "pc_exp_raw_overall_sigma"
[1] "pc_exp_norm_image_sigma"
[1] "pc_exp_norm_overall_1"
[1] "pc_exp_norm_overall_sigma"
[1] "pc_sqexp"
[1] "pc_sqexp_raw_image_sigma"
[1] "pc_sqexp_raw_overall_1"
[1] "pc_sqexp_raw_overall_sigma"
[1] "pc_sqexp_norm_image_sigma"
[1] "pc_sqexp_norm_overall_1"
[1] "pc_sqexp_norm_overall_sigma"
[1] "n sub: 10, n images per sub: 5, zero distance: 50, sigma^2: 2, beta: 0.69, simulation: 604"
[1] "no_corr"
[1] "pc_exp"
[1] "pc_exp_raw_image_sigma"
[1] "pc_exp_raw_overall_1"
[1] "pc_exp_raw_overall_sigma"
[1] "pc_exp_norm_image_sigma"
[1] "pc_exp_norm_overall_1"
[1] "pc_exp_norm_overall_sigma"
[1] "pc_sqexp"
[1] "pc_sqexp_raw_image_sigma"
[1] "pc_sqexp_raw_overall_1"
[1] "pc_sqexp_raw_overall_sigma"
[1] "pc_sqexp_norm_image_sigma"
[1] "pc_sqexp_norm_overall_1"
[1] "pc_sqexp_norm_overall_sigma"
[1] "n sub: 10, n images per sub: 5, zero distance: 50, sigma^2: 0.5, beta: 0.69, simulation: 605"
[1] "no_corr"
[1] "pc_exp"
[1] "pc_exp_raw_image_sigma"
[1] "pc_exp_raw_overall_1"
[1] "pc_exp_raw_overall_sigma"
[1] "pc_exp_norm_image_sigma"
[1] "pc_exp_norm_overall_1"
[1] "pc_exp_norm_overall_sigma"
[1] "pc_sqexp"
[1] "pc_sqexp_raw_image_sigma"
[1] "pc_sqexp_raw_overall_1"
[1] "pc_sqexp_raw_overall_sigma"
[1] "pc_sqexp_norm_image_sigma"
[1] "pc_sqexp_norm_overall_1"
[1] "pc_sqexp_norm_overall_sigma"
[1] "n sub: 10, n images per sub: 5, zero distance: 50, sigma^2: 1, beta: 0.69, simulation: 605"
[1] "no_corr"
[1] "pc_exp"
[1] "pc_exp_raw_image_sigma"
[1] "pc_exp_raw_overall_1"
[1] "pc_exp_raw_overall_sigma"
[1] "pc_exp_norm_image_sigma"
[1] "pc_exp_norm_overall_1"
[1] "pc_exp_norm_overall_sigma"
[1] "pc_sqexp"
[1] "pc_sqexp_raw_image_sigma"
[1] "pc_sqexp_raw_overall_1"
[1] "pc_sqexp_raw_overall_sigma"
[1] "pc_sqexp_norm_image_sigma"
[1] "pc_sqexp_norm_overall_1"
[1] "pc_sqexp_norm_overall_sigma"
[1] "n sub: 10, n images per sub: 5, zero distance: 50, sigma^2: 2, beta: 0.69, simulation: 605"
[1] "no_corr"
[1] "pc_exp"
[1] "pc_exp_raw_image_sigma"
[1] "pc_exp_raw_overall_1"
[1] "pc_exp_raw_overall_sigma"
[1] "pc_exp_norm_image_sigma"
[1] "pc_exp_norm_overall_1"
[1] "pc_exp_norm_overall_sigma"
[1] "pc_sqexp"
[1] "pc_sqexp_raw_image_sigma"
[1] "pc_sqexp_raw_overall_1"
[1] "pc_sqexp_raw_overall_sigma"
[1] "pc_sqexp_norm_image_sigma"
[1] "pc_sqexp_norm_overall_1"
[1] "pc_sqexp_norm_overall_sigma"
[1] "n sub: 10, n images per sub: 5, zero distance: 50, sigma^2: 0.5, beta: 0.69, simulation: 606"
[1] "no_corr"
[1] "pc_exp"
[1] "pc_exp_raw_image_sigma"
[1] "pc_exp_raw_overall_1"
[1] "pc_exp_raw_overall_sigma"
[1] "pc_exp_norm_image_sigma"
[1] "pc_exp_norm_overall_1"
[1] "pc_exp_norm_overall_sigma"
[1] "pc_sqexp"
[1] "pc_sqexp_raw_image_sigma"
[1] "pc_sqexp_raw_overall_1"
[1] "pc_sqexp_raw_overall_sigma"
[1] "pc_sqexp_norm_image_sigma"
[1] "pc_sqexp_norm_overall_1"
[1] "pc_sqexp_norm_overall_sigma"
[1] "n sub: 10, n images per sub: 5, zero distance: 50, sigma^2: 1, beta: 0.69, simulation: 606"
[1] "no_corr"
[1] "pc_exp"
[1] "pc_exp_raw_image_sigma"
[1] "pc_exp_raw_overall_1"
[1] "pc_exp_raw_overall_sigma"
[1] "pc_exp_norm_image_sigma"
[1] "pc_exp_norm_overall_1"
[1] "pc_exp_norm_overall_sigma"
[1] "pc_sqexp"
[1] "pc_sqexp_raw_image_sigma"
[1] "pc_sqexp_raw_overall_1"
[1] "pc_sqexp_raw_overall_sigma"
[1] "pc_sqexp_norm_image_sigma"
[1] "pc_sqexp_norm_overall_1"
[1] "pc_sqexp_norm_overall_sigma"
[1] "n sub: 10, n images per sub: 5, zero distance: 50, sigma^2: 2, beta: 0.69, simulation: 606"
[1] "no_corr"
[1] "pc_exp"
[1] "pc_exp_raw_image_sigma"
[1] "pc_exp_raw_overall_1"
[1] "pc_exp_raw_overall_sigma"
[1] "pc_exp_norm_image_sigma"
[1] "pc_exp_norm_overall_1"
[1] "pc_exp_norm_overall_sigma"
[1] "pc_sqexp"
[1] "pc_sqexp_raw_image_sigma"
[1] "pc_sqexp_raw_overall_1"
[1] "pc_sqexp_raw_overall_sigma"
[1] "pc_sqexp_norm_image_sigma"
[1] "pc_sqexp_norm_overall_1"
[1] "pc_sqexp_norm_overall_sigma"
[1] "n sub: 10, n images per sub: 5, zero distance: 50, sigma^2: 0.5, beta: 0.69, simulation: 607"
[1] "no_corr"
[1] "pc_exp"
[1] "pc_exp_raw_image_sigma"
[1] "pc_exp_raw_overall_1"
[1] "pc_exp_raw_overall_sigma"
[1] "pc_exp_norm_image_sigma"
[1] "pc_exp_norm_overall_1"
[1] "pc_exp_norm_overall_sigma"
[1] "pc_sqexp"
[1] "pc_sqexp_raw_image_sigma"
[1] "pc_sqexp_raw_overall_1"
[1] "pc_sqexp_raw_overall_sigma"
[1] "pc_sqexp_norm_image_sigma"
[1] "pc_sqexp_norm_overall_1"
[1] "pc_sqexp_norm_overall_sigma"
[1] "n sub: 10, n images per sub: 5, zero distance: 50, sigma^2: 1, beta: 0.69, simulation: 607"
[1] "no_corr"
[1] "pc_exp"
[1] "pc_exp_raw_image_sigma"
[1] "pc_exp_raw_overall_1"
[1] "pc_exp_raw_overall_sigma"
[1] "pc_exp_norm_image_sigma"
[1] "pc_exp_norm_overall_1"
[1] "pc_exp_norm_overall_sigma"
[1] "pc_sqexp"
[1] "pc_sqexp_raw_image_sigma"
[1] "pc_sqexp_raw_overall_1"
[1] "pc_sqexp_raw_overall_sigma"
[1] "pc_sqexp_norm_image_sigma"
[1] "pc_sqexp_norm_overall_1"
[1] "pc_sqexp_norm_overall_sigma"
[1] "n sub: 10, n images per sub: 5, zero distance: 50, sigma^2: 2, beta: 0.69, simulation: 607"
[1] "no_corr"
[1] "pc_exp"
[1] "pc_exp_raw_image_sigma"
[1] "pc_exp_raw_overall_1"
[1] "pc_exp_raw_overall_sigma"
[1] "pc_exp_norm_image_sigma"
[1] "pc_exp_norm_overall_1"
[1] "pc_exp_norm_overall_sigma"
[1] "pc_sqexp"
[1] "pc_sqexp_raw_image_sigma"
[1] "pc_sqexp_raw_overall_1"
[1] "pc_sqexp_raw_overall_sigma"
[1] "pc_sqexp_norm_image_sigma"
[1] "pc_sqexp_norm_overall_1"
[1] "pc_sqexp_norm_overall_sigma"
[1] "n sub: 10, n images per sub: 5, zero distance: 50, sigma^2: 0.5, beta: 0.69, simulation: 608"
[1] "no_corr"
[1] "pc_exp"
[1] "pc_exp_raw_image_sigma"
[1] "pc_exp_raw_overall_1"
[1] "pc_exp_raw_overall_sigma"
[1] "pc_exp_norm_image_sigma"
[1] "pc_exp_norm_overall_1"
[1] "pc_exp_norm_overall_sigma"
[1] "pc_sqexp"
[1] "pc_sqexp_raw_image_sigma"
[1] "pc_sqexp_raw_overall_1"
[1] "pc_sqexp_raw_overall_sigma"
[1] "pc_sqexp_norm_image_sigma"
[1] "pc_sqexp_norm_overall_1"
[1] "pc_sqexp_norm_overall_sigma"
[1] "n sub: 10, n images per sub: 5, zero distance: 50, sigma^2: 1, beta: 0.69, simulation: 608"
[1] "no_corr"
[1] "pc_exp"
[1] "pc_exp_raw_image_sigma"
[1] "pc_exp_raw_overall_1"
[1] "pc_exp_raw_overall_sigma"
[1] "pc_exp_norm_image_sigma"
[1] "pc_exp_norm_overall_1"
[1] "pc_exp_norm_overall_sigma"
[1] "pc_sqexp"
[1] "pc_sqexp_raw_image_sigma"
[1] "pc_sqexp_raw_overall_1"
[1] "pc_sqexp_raw_overall_sigma"
[1] "pc_sqexp_norm_image_sigma"
[1] "pc_sqexp_norm_overall_1"
[1] "pc_sqexp_norm_overall_sigma"
[1] "n sub: 10, n images per sub: 5, zero distance: 50, sigma^2: 2, beta: 0.69, simulation: 608"
[1] "no_corr"
[1] "pc_exp"
[1] "pc_exp_raw_image_sigma"
[1] "pc_exp_raw_overall_1"
[1] "pc_exp_raw_overall_sigma"
[1] "pc_exp_norm_image_sigma"
[1] "pc_exp_norm_overall_1"
[1] "pc_exp_norm_overall_sigma"
[1] "pc_sqexp"
[1] "pc_sqexp_raw_image_sigma"
[1] "pc_sqexp_raw_overall_1"
[1] "pc_sqexp_raw_overall_sigma"
[1] "pc_sqexp_norm_image_sigma"
[1] "pc_sqexp_norm_overall_1"
[1] "pc_sqexp_norm_overall_sigma"
[1] "n sub: 10, n images per sub: 5, zero distance: 50, sigma^2: 0.5, beta: 0.69, simulation: 609"
[1] "no_corr"
[1] "pc_exp"
[1] "pc_exp_raw_image_sigma"
[1] "pc_exp_raw_overall_1"
[1] "pc_exp_raw_overall_sigma"
[1] "pc_exp_norm_image_sigma"
[1] "pc_exp_norm_overall_1"
[1] "pc_exp_norm_overall_sigma"
[1] "pc_sqexp"
[1] "pc_sqexp_raw_image_sigma"
[1] "pc_sqexp_raw_overall_1"
[1] "pc_sqexp_raw_overall_sigma"
[1] "pc_sqexp_norm_image_sigma"
[1] "pc_sqexp_norm_overall_1"
[1] "pc_sqexp_norm_overall_sigma"
[1] "n sub: 10, n images per sub: 5, zero distance: 50, sigma^2: 1, beta: 0.69, simulation: 609"
[1] "no_corr"
[1] "pc_exp"
[1] "pc_exp_raw_image_sigma"
[1] "pc_exp_raw_overall_1"
[1] "pc_exp_raw_overall_sigma"
[1] "pc_exp_norm_image_sigma"
[1] "pc_exp_norm_overall_1"
[1] "pc_exp_norm_overall_sigma"
[1] "pc_sqexp"
[1] "pc_sqexp_raw_image_sigma"
[1] "pc_sqexp_raw_overall_1"
[1] "pc_sqexp_raw_overall_sigma"
[1] "pc_sqexp_norm_image_sigma"
[1] "pc_sqexp_norm_overall_1"
[1] "pc_sqexp_norm_overall_sigma"
[1] "n sub: 10, n images per sub: 5, zero distance: 50, sigma^2: 2, beta: 0.69, simulation: 609"
[1] "no_corr"
[1] "pc_exp"
[1] "pc_exp_raw_image_sigma"
[1] "pc_exp_raw_overall_1"
[1] "pc_exp_raw_overall_sigma"
[1] "pc_exp_norm_image_sigma"
[1] "pc_exp_norm_overall_1"
[1] "pc_exp_norm_overall_sigma"
[1] "pc_sqexp"
[1] "pc_sqexp_raw_image_sigma"
[1] "pc_sqexp_raw_overall_1"
[1] "pc_sqexp_raw_overall_sigma"
[1] "pc_sqexp_norm_image_sigma"
[1] "pc_sqexp_norm_overall_1"
[1] "pc_sqexp_norm_overall_sigma"
[1] "n sub: 10, n images per sub: 5, zero distance: 50, sigma^2: 0.5, beta: 0.69, simulation: 610"
[1] "no_corr"
[1] "pc_exp"
[1] "pc_exp_raw_image_sigma"
[1] "pc_exp_raw_overall_1"
[1] "pc_exp_raw_overall_sigma"
[1] "pc_exp_norm_image_sigma"
[1] "pc_exp_norm_overall_1"
[1] "pc_exp_norm_overall_sigma"
[1] "pc_sqexp"
[1] "pc_sqexp_raw_image_sigma"
[1] "pc_sqexp_raw_overall_1"
[1] "pc_sqexp_raw_overall_sigma"
[1] "pc_sqexp_norm_image_sigma"
[1] "pc_sqexp_norm_overall_1"
[1] "pc_sqexp_norm_overall_sigma"
[1] "n sub: 10, n images per sub: 5, zero distance: 50, sigma^2: 1, beta: 0.69, simulation: 610"
[1] "no_corr"
[1] "pc_exp"
[1] "pc_exp_raw_image_sigma"
[1] "pc_exp_raw_overall_1"
[1] "pc_exp_raw_overall_sigma"
[1] "pc_exp_norm_image_sigma"
[1] "pc_exp_norm_overall_1"
[1] "pc_exp_norm_overall_sigma"
[1] "pc_sqexp"
[1] "pc_sqexp_raw_image_sigma"
[1] "pc_sqexp_raw_overall_1"
[1] "pc_sqexp_raw_overall_sigma"
[1] "pc_sqexp_norm_image_sigma"
[1] "pc_sqexp_norm_overall_1"
[1] "pc_sqexp_norm_overall_sigma"
[1] "n sub: 10, n images per sub: 5, zero distance: 50, sigma^2: 2, beta: 0.69, simulation: 610"
[1] "no_corr"
[1] "pc_exp"
[1] "pc_exp_raw_image_sigma"
[1] "pc_exp_raw_overall_1"
[1] "pc_exp_raw_overall_sigma"
[1] "pc_exp_norm_image_sigma"
[1] "pc_exp_norm_overall_1"
[1] "pc_exp_norm_overall_sigma"
[1] "pc_sqexp"
[1] "pc_sqexp_raw_image_sigma"
[1] "pc_sqexp_raw_overall_1"
[1] "pc_sqexp_raw_overall_sigma"
[1] "pc_sqexp_norm_image_sigma"
[1] "pc_sqexp_norm_overall_1"
[1] "pc_sqexp_norm_overall_sigma"
[1] "n sub: 10, n images per sub: 5, zero distance: 50, sigma^2: 0.5, beta: 0.69, simulation: 611"
[1] "no_corr"
[1] "pc_exp"
[1] "pc_exp_raw_image_sigma"
[1] "pc_exp_raw_overall_1"
[1] "pc_exp_raw_overall_sigma"
[1] "pc_exp_norm_image_sigma"
[1] "pc_exp_norm_overall_1"
[1] "pc_exp_norm_overall_sigma"
[1] "pc_sqexp"
[1] "pc_sqexp_raw_image_sigma"
[1] "pc_sqexp_raw_overall_1"
[1] "pc_sqexp_raw_overall_sigma"
[1] "pc_sqexp_norm_image_sigma"
[1] "pc_sqexp_norm_overall_1"
[1] "pc_sqexp_norm_overall_sigma"
[1] "n sub: 10, n images per sub: 5, zero distance: 50, sigma^2: 1, beta: 0.69, simulation: 611"
[1] "no_corr"
[1] "pc_exp"
[1] "pc_exp_raw_image_sigma"
[1] "pc_exp_raw_overall_1"
[1] "pc_exp_raw_overall_sigma"
[1] "pc_exp_norm_image_sigma"
[1] "pc_exp_norm_overall_1"
[1] "pc_exp_norm_overall_sigma"
[1] "pc_sqexp"
[1] "pc_sqexp_raw_image_sigma"
[1] "pc_sqexp_raw_overall_1"
[1] "pc_sqexp_raw_overall_sigma"
[1] "pc_sqexp_norm_image_sigma"
[1] "pc_sqexp_norm_overall_1"
[1] "pc_sqexp_norm_overall_sigma"
[1] "n sub: 10, n images per sub: 5, zero distance: 50, sigma^2: 2, beta: 0.69, simulation: 611"
[1] "no_corr"
[1] "pc_exp"
[1] "pc_exp_raw_image_sigma"
[1] "pc_exp_raw_overall_1"
[1] "pc_exp_raw_overall_sigma"
[1] "pc_exp_norm_image_sigma"
[1] "pc_exp_norm_overall_1"
[1] "pc_exp_norm_overall_sigma"
[1] "pc_sqexp"
[1] "pc_sqexp_raw_image_sigma"
[1] "pc_sqexp_raw_overall_1"
[1] "pc_sqexp_raw_overall_sigma"
[1] "pc_sqexp_norm_image_sigma"
[1] "pc_sqexp_norm_overall_1"
[1] "pc_sqexp_norm_overall_sigma"
[1] "n sub: 10, n images per sub: 5, zero distance: 50, sigma^2: 0.5, beta: 0.69, simulation: 612"
[1] "no_corr"
[1] "pc_exp"
[1] "pc_exp_raw_image_sigma"
[1] "pc_exp_raw_overall_1"
[1] "pc_exp_raw_overall_sigma"
[1] "pc_exp_norm_image_sigma"
[1] "pc_exp_norm_overall_1"
[1] "pc_exp_norm_overall_sigma"
[1] "pc_sqexp"
[1] "pc_sqexp_raw_image_sigma"
[1] "pc_sqexp_raw_overall_1"
[1] "pc_sqexp_raw_overall_sigma"
[1] "pc_sqexp_norm_image_sigma"
[1] "pc_sqexp_norm_overall_1"
[1] "pc_sqexp_norm_overall_sigma"
[1] "n sub: 10, n images per sub: 5, zero distance: 50, sigma^2: 1, beta: 0.69, simulation: 612"
[1] "no_corr"
[1] "pc_exp"
[1] "pc_exp_raw_image_sigma"
[1] "pc_exp_raw_overall_1"
[1] "pc_exp_raw_overall_sigma"
[1] "pc_exp_norm_image_sigma"
[1] "pc_exp_norm_overall_1"
[1] "pc_exp_norm_overall_sigma"
[1] "pc_sqexp"
[1] "pc_sqexp_raw_image_sigma"
[1] "pc_sqexp_raw_overall_1"
[1] "pc_sqexp_raw_overall_sigma"
[1] "pc_sqexp_norm_image_sigma"
[1] "pc_sqexp_norm_overall_1"
[1] "pc_sqexp_norm_overall_sigma"
[1] "n sub: 10, n images per sub: 5, zero distance: 50, sigma^2: 2, beta: 0.69, simulation: 612"
[1] "no_corr"
[1] "pc_exp"
[1] "pc_exp_raw_image_sigma"
[1] "pc_exp_raw_overall_1"
[1] "pc_exp_raw_overall_sigma"
[1] "pc_exp_norm_image_sigma"
[1] "pc_exp_norm_overall_1"
[1] "pc_exp_norm_overall_sigma"
[1] "pc_sqexp"
[1] "pc_sqexp_raw_image_sigma"
[1] "pc_sqexp_raw_overall_1"
[1] "pc_sqexp_raw_overall_sigma"
[1] "pc_sqexp_norm_image_sigma"
[1] "pc_sqexp_norm_overall_1"
[1] "pc_sqexp_norm_overall_sigma"
[1] "n sub: 10, n images per sub: 5, zero distance: 50, sigma^2: 0.5, beta: 0.69, simulation: 613"
[1] "no_corr"
[1] "pc_exp"
[1] "pc_exp_raw_image_sigma"
[1] "pc_exp_raw_overall_1"
[1] "pc_exp_raw_overall_sigma"
[1] "pc_exp_norm_image_sigma"
[1] "pc_exp_norm_overall_1"
[1] "pc_exp_norm_overall_sigma"
[1] "pc_sqexp"
[1] "pc_sqexp_raw_image_sigma"
[1] "pc_sqexp_raw_overall_1"
[1] "pc_sqexp_raw_overall_sigma"
[1] "pc_sqexp_norm_image_sigma"
[1] "pc_sqexp_norm_overall_1"
[1] "pc_sqexp_norm_overall_sigma"
[1] "n sub: 10, n images per sub: 5, zero distance: 50, sigma^2: 1, beta: 0.69, simulation: 613"
[1] "no_corr"
[1] "pc_exp"
[1] "pc_exp_raw_image_sigma"
[1] "pc_exp_raw_overall_1"
[1] "pc_exp_raw_overall_sigma"
[1] "pc_exp_norm_image_sigma"
[1] "pc_exp_norm_overall_1"
[1] "pc_exp_norm_overall_sigma"
[1] "pc_sqexp"
[1] "pc_sqexp_raw_image_sigma"
[1] "pc_sqexp_raw_overall_1"
[1] "pc_sqexp_raw_overall_sigma"
[1] "pc_sqexp_norm_image_sigma"
[1] "pc_sqexp_norm_overall_1"
[1] "pc_sqexp_norm_overall_sigma"
[1] "n sub: 10, n images per sub: 5, zero distance: 50, sigma^2: 2, beta: 0.69, simulation: 613"
[1] "no_corr"
[1] "pc_exp"
[1] "pc_exp_raw_image_sigma"
[1] "pc_exp_raw_overall_1"
[1] "pc_exp_raw_overall_sigma"
[1] "pc_exp_norm_image_sigma"
[1] "pc_exp_norm_overall_1"
[1] "pc_exp_norm_overall_sigma"
[1] "pc_sqexp"
[1] "pc_sqexp_raw_image_sigma"
[1] "pc_sqexp_raw_overall_1"
[1] "pc_sqexp_raw_overall_sigma"
[1] "pc_sqexp_norm_image_sigma"
[1] "pc_sqexp_norm_overall_1"
[1] "pc_sqexp_norm_overall_sigma"
[1] "n sub: 10, n images per sub: 5, zero distance: 50, sigma^2: 0.5, beta: 0.69, simulation: 614"
[1] "no_corr"
[1] "pc_exp"
[1] "pc_exp_raw_image_sigma"
[1] "pc_exp_raw_overall_1"
[1] "pc_exp_raw_overall_sigma"
[1] "pc_exp_norm_image_sigma"
[1] "pc_exp_norm_overall_1"
[1] "pc_exp_norm_overall_sigma"
[1] "pc_sqexp"
[1] "pc_sqexp_raw_image_sigma"
[1] "pc_sqexp_raw_overall_1"
[1] "pc_sqexp_raw_overall_sigma"
[1] "pc_sqexp_norm_image_sigma"
[1] "pc_sqexp_norm_overall_1"
[1] "pc_sqexp_norm_overall_sigma"
[1] "n sub: 10, n images per sub: 5, zero distance: 50, sigma^2: 1, beta: 0.69, simulation: 614"
[1] "no_corr"
[1] "pc_exp"
[1] "pc_exp_raw_image_sigma"
[1] "pc_exp_raw_overall_1"
[1] "pc_exp_raw_overall_sigma"
[1] "pc_exp_norm_image_sigma"
[1] "pc_exp_norm_overall_1"
[1] "pc_exp_norm_overall_sigma"
[1] "pc_sqexp"
[1] "pc_sqexp_raw_image_sigma"
[1] "pc_sqexp_raw_overall_1"
[1] "pc_sqexp_raw_overall_sigma"
[1] "pc_sqexp_norm_image_sigma"
[1] "pc_sqexp_norm_overall_1"
[1] "pc_sqexp_norm_overall_sigma"
[1] "n sub: 10, n images per sub: 5, zero distance: 50, sigma^2: 2, beta: 0.69, simulation: 614"
[1] "no_corr"
[1] "pc_exp"
[1] "pc_exp_raw_image_sigma"
[1] "pc_exp_raw_overall_1"
[1] "pc_exp_raw_overall_sigma"
[1] "pc_exp_norm_image_sigma"
[1] "pc_exp_norm_overall_1"
[1] "pc_exp_norm_overall_sigma"
[1] "pc_sqexp"
[1] "pc_sqexp_raw_image_sigma"
[1] "pc_sqexp_raw_overall_1"
[1] "pc_sqexp_raw_overall_sigma"
[1] "pc_sqexp_norm_image_sigma"
[1] "pc_sqexp_norm_overall_1"
[1] "pc_sqexp_norm_overall_sigma"
[1] "n sub: 10, n images per sub: 5, zero distance: 50, sigma^2: 0.5, beta: 0.69, simulation: 615"
[1] "no_corr"
[1] "pc_exp"
[1] "pc_exp_raw_image_sigma"
[1] "pc_exp_raw_overall_1"
[1] "pc_exp_raw_overall_sigma"
[1] "pc_exp_norm_image_sigma"
[1] "pc_exp_norm_overall_1"
[1] "pc_exp_norm_overall_sigma"
[1] "pc_sqexp"
[1] "pc_sqexp_raw_image_sigma"
[1] "pc_sqexp_raw_overall_1"
[1] "pc_sqexp_raw_overall_sigma"
[1] "pc_sqexp_norm_image_sigma"
[1] "pc_sqexp_norm_overall_1"
[1] "pc_sqexp_norm_overall_sigma"
[1] "n sub: 10, n images per sub: 5, zero distance: 50, sigma^2: 1, beta: 0.69, simulation: 615"
[1] "no_corr"
[1] "pc_exp"
[1] "pc_exp_raw_image_sigma"
[1] "pc_exp_raw_overall_1"
[1] "pc_exp_raw_overall_sigma"
[1] "pc_exp_norm_image_sigma"
[1] "pc_exp_norm_overall_1"
[1] "pc_exp_norm_overall_sigma"
[1] "pc_sqexp"
[1] "pc_sqexp_raw_image_sigma"
[1] "pc_sqexp_raw_overall_1"
[1] "pc_sqexp_raw_overall_sigma"
[1] "pc_sqexp_norm_image_sigma"
[1] "pc_sqexp_norm_overall_1"
[1] "pc_sqexp_norm_overall_sigma"
[1] "n sub: 10, n images per sub: 5, zero distance: 50, sigma^2: 2, beta: 0.69, simulation: 615"
[1] "no_corr"
[1] "pc_exp"
[1] "pc_exp_raw_image_sigma"
[1] "pc_exp_raw_overall_1"
[1] "pc_exp_raw_overall_sigma"
[1] "pc_exp_norm_image_sigma"
[1] "pc_exp_norm_overall_1"
[1] "pc_exp_norm_overall_sigma"
[1] "pc_sqexp"
[1] "pc_sqexp_raw_image_sigma"
[1] "pc_sqexp_raw_overall_1"
[1] "pc_sqexp_raw_overall_sigma"
[1] "pc_sqexp_norm_image_sigma"
[1] "pc_sqexp_norm_overall_1"
[1] "pc_sqexp_norm_overall_sigma"
[1] "n sub: 10, n images per sub: 5, zero distance: 50, sigma^2: 0.5, beta: 0.69, simulation: 616"
[1] "no_corr"
[1] "pc_exp"
[1] "pc_exp_raw_image_sigma"
[1] "pc_exp_raw_overall_1"
[1] "pc_exp_raw_overall_sigma"
[1] "pc_exp_norm_image_sigma"
[1] "pc_exp_norm_overall_1"
[1] "pc_exp_norm_overall_sigma"
[1] "pc_sqexp"
[1] "pc_sqexp_raw_image_sigma"
[1] "pc_sqexp_raw_overall_1"
[1] "pc_sqexp_raw_overall_sigma"
[1] "pc_sqexp_norm_image_sigma"
[1] "pc_sqexp_norm_overall_1"
[1] "pc_sqexp_norm_overall_sigma"
[1] "n sub: 10, n images per sub: 5, zero distance: 50, sigma^2: 1, beta: 0.69, simulation: 616"
[1] "no_corr"
[1] "pc_exp"
[1] "pc_exp_raw_image_sigma"
[1] "pc_exp_raw_overall_1"
[1] "pc_exp_raw_overall_sigma"
[1] "pc_exp_norm_image_sigma"
[1] "pc_exp_norm_overall_1"
[1] "pc_exp_norm_overall_sigma"
[1] "pc_sqexp"
[1] "pc_sqexp_raw_image_sigma"
[1] "pc_sqexp_raw_overall_1"
[1] "pc_sqexp_raw_overall_sigma"
[1] "pc_sqexp_norm_image_sigma"
[1] "pc_sqexp_norm_overall_1"
[1] "pc_sqexp_norm_overall_sigma"
[1] "n sub: 10, n images per sub: 5, zero distance: 50, sigma^2: 2, beta: 0.69, simulation: 616"
[1] "no_corr"
[1] "pc_exp"
[1] "pc_exp_raw_image_sigma"
[1] "pc_exp_raw_overall_1"
[1] "pc_exp_raw_overall_sigma"
[1] "pc_exp_norm_image_sigma"
[1] "pc_exp_norm_overall_1"
[1] "pc_exp_norm_overall_sigma"
[1] "pc_sqexp"
[1] "pc_sqexp_raw_image_sigma"
[1] "pc_sqexp_raw_overall_1"
[1] "pc_sqexp_raw_overall_sigma"
[1] "pc_sqexp_norm_image_sigma"
[1] "pc_sqexp_norm_overall_1"
[1] "pc_sqexp_norm_overall_sigma"
[1] "n sub: 10, n images per sub: 5, zero distance: 50, sigma^2: 0.5, beta: 0.69, simulation: 617"
[1] "no_corr"
[1] "pc_exp"
[1] "pc_exp_raw_image_sigma"
[1] "pc_exp_raw_overall_1"
[1] "pc_exp_raw_overall_sigma"
[1] "pc_exp_norm_image_sigma"
[1] "pc_exp_norm_overall_1"
[1] "pc_exp_norm_overall_sigma"
[1] "pc_sqexp"
[1] "pc_sqexp_raw_image_sigma"
[1] "pc_sqexp_raw_overall_1"
[1] "pc_sqexp_raw_overall_sigma"
[1] "pc_sqexp_norm_image_sigma"
[1] "pc_sqexp_norm_overall_1"
[1] "pc_sqexp_norm_overall_sigma"
[1] "n sub: 10, n images per sub: 5, zero distance: 50, sigma^2: 1, beta: 0.69, simulation: 617"
[1] "no_corr"
[1] "pc_exp"
[1] "pc_exp_raw_image_sigma"
[1] "pc_exp_raw_overall_1"
[1] "pc_exp_raw_overall_sigma"
[1] "pc_exp_norm_image_sigma"
[1] "pc_exp_norm_overall_1"
[1] "pc_exp_norm_overall_sigma"
[1] "pc_sqexp"
[1] "pc_sqexp_raw_image_sigma"
[1] "pc_sqexp_raw_overall_1"
[1] "pc_sqexp_raw_overall_sigma"
[1] "pc_sqexp_norm_image_sigma"
[1] "pc_sqexp_norm_overall_1"
[1] "pc_sqexp_norm_overall_sigma"
[1] "n sub: 10, n images per sub: 5, zero distance: 50, sigma^2: 2, beta: 0.69, simulation: 617"
[1] "no_corr"
[1] "pc_exp"
[1] "pc_exp_raw_image_sigma"
[1] "pc_exp_raw_overall_1"
[1] "pc_exp_raw_overall_sigma"
[1] "pc_exp_norm_image_sigma"
[1] "pc_exp_norm_overall_1"
[1] "pc_exp_norm_overall_sigma"
[1] "pc_sqexp"
[1] "pc_sqexp_raw_image_sigma"
[1] "pc_sqexp_raw_overall_1"
[1] "pc_sqexp_raw_overall_sigma"
[1] "pc_sqexp_norm_image_sigma"
[1] "pc_sqexp_norm_overall_1"
[1] "pc_sqexp_norm_overall_sigma"
[1] "n sub: 10, n images per sub: 5, zero distance: 50, sigma^2: 0.5, beta: 0.69, simulation: 618"
[1] "no_corr"
[1] "pc_exp"
[1] "pc_exp_raw_image_sigma"
[1] "pc_exp_raw_overall_1"
[1] "pc_exp_raw_overall_sigma"
[1] "pc_exp_norm_image_sigma"
[1] "pc_exp_norm_overall_1"
[1] "pc_exp_norm_overall_sigma"
[1] "pc_sqexp"
[1] "pc_sqexp_raw_image_sigma"
[1] "pc_sqexp_raw_overall_1"
[1] "pc_sqexp_raw_overall_sigma"
[1] "pc_sqexp_norm_image_sigma"
[1] "pc_sqexp_norm_overall_1"
[1] "pc_sqexp_norm_overall_sigma"
[1] "n sub: 10, n images per sub: 5, zero distance: 50, sigma^2: 1, beta: 0.69, simulation: 618"
[1] "no_corr"
[1] "pc_exp"
[1] "pc_exp_raw_image_sigma"
[1] "pc_exp_raw_overall_1"
[1] "pc_exp_raw_overall_sigma"
[1] "pc_exp_norm_image_sigma"
[1] "pc_exp_norm_overall_1"
[1] "pc_exp_norm_overall_sigma"
[1] "pc_sqexp"
[1] "pc_sqexp_raw_image_sigma"
[1] "pc_sqexp_raw_overall_1"
[1] "pc_sqexp_raw_overall_sigma"
[1] "pc_sqexp_norm_image_sigma"
[1] "pc_sqexp_norm_overall_1"
[1] "pc_sqexp_norm_overall_sigma"
[1] "n sub: 10, n images per sub: 5, zero distance: 50, sigma^2: 2, beta: 0.69, simulation: 618"
[1] "no_corr"
[1] "pc_exp"
[1] "pc_exp_raw_image_sigma"
[1] "pc_exp_raw_overall_1"
[1] "pc_exp_raw_overall_sigma"
[1] "pc_exp_norm_image_sigma"
[1] "pc_exp_norm_overall_1"
[1] "pc_exp_norm_overall_sigma"
[1] "pc_sqexp"
[1] "pc_sqexp_raw_image_sigma"
[1] "pc_sqexp_raw_overall_1"
[1] "pc_sqexp_raw_overall_sigma"
[1] "pc_sqexp_norm_image_sigma"
[1] "pc_sqexp_norm_overall_1"
[1] "pc_sqexp_norm_overall_sigma"
[1] "n sub: 10, n images per sub: 5, zero distance: 50, sigma^2: 0.5, beta: 0.69, simulation: 619"
[1] "no_corr"
[1] "pc_exp"
[1] "pc_exp_raw_image_sigma"
[1] "pc_exp_raw_overall_1"
[1] "pc_exp_raw_overall_sigma"
[1] "pc_exp_norm_image_sigma"
[1] "pc_exp_norm_overall_1"
[1] "pc_exp_norm_overall_sigma"
[1] "pc_sqexp"
[1] "pc_sqexp_raw_image_sigma"
[1] "pc_sqexp_raw_overall_1"
[1] "pc_sqexp_raw_overall_sigma"
[1] "pc_sqexp_norm_image_sigma"
[1] "pc_sqexp_norm_overall_1"
[1] "pc_sqexp_norm_overall_sigma"
[1] "n sub: 10, n images per sub: 5, zero distance: 50, sigma^2: 1, beta: 0.69, simulation: 619"
[1] "no_corr"
[1] "pc_exp"
[1] "pc_exp_raw_image_sigma"
[1] "pc_exp_raw_overall_1"
[1] "pc_exp_raw_overall_sigma"
[1] "pc_exp_norm_image_sigma"
[1] "pc_exp_norm_overall_1"
[1] "pc_exp_norm_overall_sigma"
[1] "pc_sqexp"
[1] "pc_sqexp_raw_image_sigma"
[1] "pc_sqexp_raw_overall_1"
[1] "pc_sqexp_raw_overall_sigma"
[1] "pc_sqexp_norm_image_sigma"
[1] "pc_sqexp_norm_overall_1"
[1] "pc_sqexp_norm_overall_sigma"
[1] "n sub: 10, n images per sub: 5, zero distance: 50, sigma^2: 2, beta: 0.69, simulation: 619"
[1] "no_corr"
[1] "pc_exp"
[1] "pc_exp_raw_image_sigma"
[1] "pc_exp_raw_overall_1"
[1] "pc_exp_raw_overall_sigma"
[1] "pc_exp_norm_image_sigma"
[1] "pc_exp_norm_overall_1"
[1] "pc_exp_norm_overall_sigma"
[1] "pc_sqexp"
[1] "pc_sqexp_raw_image_sigma"
[1] "pc_sqexp_raw_overall_1"
[1] "pc_sqexp_raw_overall_sigma"
[1] "pc_sqexp_norm_image_sigma"
[1] "pc_sqexp_norm_overall_1"
[1] "pc_sqexp_norm_overall_sigma"
[1] "n sub: 10, n images per sub: 5, zero distance: 50, sigma^2: 0.5, beta: 0.69, simulation: 620"
[1] "no_corr"
[1] "pc_exp"
[1] "pc_exp_raw_image_sigma"
[1] "pc_exp_raw_overall_1"
[1] "pc_exp_raw_overall_sigma"
[1] "pc_exp_norm_image_sigma"
[1] "pc_exp_norm_overall_1"
[1] "pc_exp_norm_overall_sigma"
[1] "pc_sqexp"
[1] "pc_sqexp_raw_image_sigma"
[1] "pc_sqexp_raw_overall_1"
[1] "pc_sqexp_raw_overall_sigma"
[1] "pc_sqexp_norm_image_sigma"
[1] "pc_sqexp_norm_overall_1"
[1] "pc_sqexp_norm_overall_sigma"
[1] "n sub: 10, n images per sub: 5, zero distance: 50, sigma^2: 1, beta: 0.69, simulation: 620"
[1] "no_corr"
[1] "pc_exp"
[1] "pc_exp_raw_image_sigma"
[1] "pc_exp_raw_overall_1"
[1] "pc_exp_raw_overall_sigma"
[1] "pc_exp_norm_image_sigma"
[1] "pc_exp_norm_overall_1"
[1] "pc_exp_norm_overall_sigma"
[1] "pc_sqexp"
[1] "pc_sqexp_raw_image_sigma"
[1] "pc_sqexp_raw_overall_1"
[1] "pc_sqexp_raw_overall_sigma"
[1] "pc_sqexp_norm_image_sigma"
[1] "pc_sqexp_norm_overall_1"
[1] "pc_sqexp_norm_overall_sigma"
[1] "n sub: 10, n images per sub: 5, zero distance: 50, sigma^2: 2, beta: 0.69, simulation: 620"
[1] "no_corr"
[1] "pc_exp"
[1] "pc_exp_raw_image_sigma"
[1] "pc_exp_raw_overall_1"
[1] "pc_exp_raw_overall_sigma"
[1] "pc_exp_norm_image_sigma"
[1] "pc_exp_norm_overall_1"
[1] "pc_exp_norm_overall_sigma"
[1] "pc_sqexp"
[1] "pc_sqexp_raw_image_sigma"
[1] "pc_sqexp_raw_overall_1"
[1] "pc_sqexp_raw_overall_sigma"
[1] "pc_sqexp_norm_image_sigma"
[1] "pc_sqexp_norm_overall_1"
[1] "pc_sqexp_norm_overall_sigma"
[1] "n sub: 10, n images per sub: 5, zero distance: 50, sigma^2: 0.5, beta: 0.69, simulation: 621"
[1] "no_corr"
[1] "pc_exp"
[1] "pc_exp_raw_image_sigma"
[1] "pc_exp_raw_overall_1"
[1] "pc_exp_raw_overall_sigma"
[1] "pc_exp_norm_image_sigma"
[1] "pc_exp_norm_overall_1"
[1] "pc_exp_norm_overall_sigma"
[1] "pc_sqexp"
[1] "pc_sqexp_raw_image_sigma"
[1] "pc_sqexp_raw_overall_1"
[1] "pc_sqexp_raw_overall_sigma"
[1] "pc_sqexp_norm_image_sigma"
[1] "pc_sqexp_norm_overall_1"
[1] "pc_sqexp_norm_overall_sigma"
[1] "n sub: 10, n images per sub: 5, zero distance: 50, sigma^2: 1, beta: 0.69, simulation: 621"
[1] "no_corr"
[1] "pc_exp"
[1] "pc_exp_raw_image_sigma"
[1] "pc_exp_raw_overall_1"
[1] "pc_exp_raw_overall_sigma"
[1] "pc_exp_norm_image_sigma"
[1] "pc_exp_norm_overall_1"
[1] "pc_exp_norm_overall_sigma"
[1] "pc_sqexp"
[1] "pc_sqexp_raw_image_sigma"
[1] "pc_sqexp_raw_overall_1"
[1] "pc_sqexp_raw_overall_sigma"
[1] "pc_sqexp_norm_image_sigma"
[1] "pc_sqexp_norm_overall_1"
[1] "pc_sqexp_norm_overall_sigma"
[1] "n sub: 10, n images per sub: 5, zero distance: 50, sigma^2: 2, beta: 0.69, simulation: 621"
[1] "no_corr"
[1] "pc_exp"
[1] "pc_exp_raw_image_sigma"
[1] "pc_exp_raw_overall_1"
[1] "pc_exp_raw_overall_sigma"
[1] "pc_exp_norm_image_sigma"
[1] "pc_exp_norm_overall_1"
[1] "pc_exp_norm_overall_sigma"
[1] "pc_sqexp"
[1] "pc_sqexp_raw_image_sigma"
[1] "pc_sqexp_raw_overall_1"
[1] "pc_sqexp_raw_overall_sigma"
[1] "pc_sqexp_norm_image_sigma"
[1] "pc_sqexp_norm_overall_1"
[1] "pc_sqexp_norm_overall_sigma"
[1] "n sub: 10, n images per sub: 5, zero distance: 50, sigma^2: 0.5, beta: 0.69, simulation: 622"
[1] "no_corr"
[1] "pc_exp"
[1] "pc_exp_raw_image_sigma"
[1] "pc_exp_raw_overall_1"
[1] "pc_exp_raw_overall_sigma"
[1] "pc_exp_norm_image_sigma"
[1] "pc_exp_norm_overall_1"
[1] "pc_exp_norm_overall_sigma"
[1] "pc_sqexp"
[1] "pc_sqexp_raw_image_sigma"
[1] "pc_sqexp_raw_overall_1"
[1] "pc_sqexp_raw_overall_sigma"
[1] "pc_sqexp_norm_image_sigma"
[1] "pc_sqexp_norm_overall_1"
[1] "pc_sqexp_norm_overall_sigma"
[1] "n sub: 10, n images per sub: 5, zero distance: 50, sigma^2: 1, beta: 0.69, simulation: 622"
[1] "no_corr"
[1] "pc_exp"
[1] "pc_exp_raw_image_sigma"
[1] "pc_exp_raw_overall_1"
[1] "pc_exp_raw_overall_sigma"
[1] "pc_exp_norm_image_sigma"
[1] "pc_exp_norm_overall_1"
[1] "pc_exp_norm_overall_sigma"
[1] "pc_sqexp"
[1] "pc_sqexp_raw_image_sigma"
[1] "pc_sqexp_raw_overall_1"
[1] "pc_sqexp_raw_overall_sigma"
[1] "pc_sqexp_norm_image_sigma"
[1] "pc_sqexp_norm_overall_1"
[1] "pc_sqexp_norm_overall_sigma"
[1] "n sub: 10, n images per sub: 5, zero distance: 50, sigma^2: 2, beta: 0.69, simulation: 622"
[1] "no_corr"
[1] "pc_exp"
[1] "pc_exp_raw_image_sigma"
[1] "pc_exp_raw_overall_1"
[1] "pc_exp_raw_overall_sigma"
[1] "pc_exp_norm_image_sigma"
[1] "pc_exp_norm_overall_1"
[1] "pc_exp_norm_overall_sigma"
[1] "pc_sqexp"
[1] "pc_sqexp_raw_image_sigma"
[1] "pc_sqexp_raw_overall_1"
[1] "pc_sqexp_raw_overall_sigma"
[1] "pc_sqexp_norm_image_sigma"
[1] "pc_sqexp_norm_overall_1"
[1] "pc_sqexp_norm_overall_sigma"
[1] "n sub: 10, n images per sub: 5, zero distance: 50, sigma^2: 0.5, beta: 0.69, simulation: 623"
[1] "no_corr"
[1] "pc_exp"
[1] "pc_exp_raw_image_sigma"
[1] "pc_exp_raw_overall_1"
[1] "pc_exp_raw_overall_sigma"
[1] "pc_exp_norm_image_sigma"
[1] "pc_exp_norm_overall_1"
[1] "pc_exp_norm_overall_sigma"
[1] "pc_sqexp"
[1] "pc_sqexp_raw_image_sigma"
[1] "pc_sqexp_raw_overall_1"
[1] "pc_sqexp_raw_overall_sigma"
[1] "pc_sqexp_norm_image_sigma"
[1] "pc_sqexp_norm_overall_1"
[1] "pc_sqexp_norm_overall_sigma"
[1] "n sub: 10, n images per sub: 5, zero distance: 50, sigma^2: 1, beta: 0.69, simulation: 623"
[1] "no_corr"
[1] "pc_exp"
[1] "pc_exp_raw_image_sigma"
[1] "pc_exp_raw_overall_1"
[1] "pc_exp_raw_overall_sigma"
[1] "pc_exp_norm_image_sigma"
[1] "pc_exp_norm_overall_1"
[1] "pc_exp_norm_overall_sigma"
[1] "pc_sqexp"
[1] "pc_sqexp_raw_image_sigma"
[1] "pc_sqexp_raw_overall_1"
[1] "pc_sqexp_raw_overall_sigma"
[1] "pc_sqexp_norm_image_sigma"
[1] "pc_sqexp_norm_overall_1"
[1] "pc_sqexp_norm_overall_sigma"
[1] "n sub: 10, n images per sub: 5, zero distance: 50, sigma^2: 2, beta: 0.69, simulation: 623"
[1] "no_corr"
[1] "pc_exp"
[1] "pc_exp_raw_image_sigma"
[1] "pc_exp_raw_overall_1"
[1] "pc_exp_raw_overall_sigma"
[1] "pc_exp_norm_image_sigma"
[1] "pc_exp_norm_overall_1"
[1] "pc_exp_norm_overall_sigma"
[1] "pc_sqexp"
[1] "pc_sqexp_raw_image_sigma"
[1] "pc_sqexp_raw_overall_1"
[1] "pc_sqexp_raw_overall_sigma"
[1] "pc_sqexp_norm_image_sigma"
[1] "pc_sqexp_norm_overall_1"
[1] "pc_sqexp_norm_overall_sigma"
[1] "n sub: 10, n images per sub: 5, zero distance: 50, sigma^2: 0.5, beta: 0.69, simulation: 624"
[1] "no_corr"
[1] "pc_exp"
[1] "pc_exp_raw_image_sigma"
[1] "pc_exp_raw_overall_1"
[1] "pc_exp_raw_overall_sigma"
[1] "pc_exp_norm_image_sigma"
[1] "pc_exp_norm_overall_1"
[1] "pc_exp_norm_overall_sigma"
[1] "pc_sqexp"
[1] "pc_sqexp_raw_image_sigma"
[1] "pc_sqexp_raw_overall_1"
[1] "pc_sqexp_raw_overall_sigma"
[1] "pc_sqexp_norm_image_sigma"
[1] "pc_sqexp_norm_overall_1"
[1] "pc_sqexp_norm_overall_sigma"
[1] "n sub: 10, n images per sub: 5, zero distance: 50, sigma^2: 1, beta: 0.69, simulation: 624"
[1] "no_corr"
[1] "pc_exp"
[1] "pc_exp_raw_image_sigma"
[1] "pc_exp_raw_overall_1"
[1] "pc_exp_raw_overall_sigma"
[1] "pc_exp_norm_image_sigma"
[1] "pc_exp_norm_overall_1"
[1] "pc_exp_norm_overall_sigma"
[1] "pc_sqexp"
[1] "pc_sqexp_raw_image_sigma"
[1] "pc_sqexp_raw_overall_1"
[1] "pc_sqexp_raw_overall_sigma"
[1] "pc_sqexp_norm_image_sigma"
[1] "pc_sqexp_norm_overall_1"
[1] "pc_sqexp_norm_overall_sigma"
[1] "n sub: 10, n images per sub: 5, zero distance: 50, sigma^2: 2, beta: 0.69, simulation: 624"
[1] "no_corr"
[1] "pc_exp"
[1] "pc_exp_raw_image_sigma"
[1] "pc_exp_raw_overall_1"
[1] "pc_exp_raw_overall_sigma"
[1] "pc_exp_norm_image_sigma"
[1] "pc_exp_norm_overall_1"
[1] "pc_exp_norm_overall_sigma"
[1] "pc_sqexp"
[1] "pc_sqexp_raw_image_sigma"
[1] "pc_sqexp_raw_overall_1"
[1] "pc_sqexp_raw_overall_sigma"
[1] "pc_sqexp_norm_image_sigma"
[1] "pc_sqexp_norm_overall_1"
[1] "pc_sqexp_norm_overall_sigma"
[1] "n sub: 10, n images per sub: 5, zero distance: 50, sigma^2: 0.5, beta: 0.69, simulation: 625"
[1] "no_corr"
[1] "pc_exp"
[1] "pc_exp_raw_image_sigma"
[1] "pc_exp_raw_overall_1"
[1] "pc_exp_raw_overall_sigma"
[1] "pc_exp_norm_image_sigma"
[1] "pc_exp_norm_overall_1"
[1] "pc_exp_norm_overall_sigma"
[1] "pc_sqexp"
[1] "pc_sqexp_raw_image_sigma"
[1] "pc_sqexp_raw_overall_1"
[1] "pc_sqexp_raw_overall_sigma"
[1] "pc_sqexp_norm_image_sigma"
[1] "pc_sqexp_norm_overall_1"
[1] "pc_sqexp_norm_overall_sigma"
[1] "n sub: 10, n images per sub: 5, zero distance: 50, sigma^2: 1, beta: 0.69, simulation: 625"
[1] "no_corr"
[1] "pc_exp"
[1] "pc_exp_raw_image_sigma"
[1] "pc_exp_raw_overall_1"
[1] "pc_exp_raw_overall_sigma"
[1] "pc_exp_norm_image_sigma"
[1] "pc_exp_norm_overall_1"
[1] "pc_exp_norm_overall_sigma"
[1] "pc_sqexp"
[1] "pc_sqexp_raw_image_sigma"
[1] "pc_sqexp_raw_overall_1"
[1] "pc_sqexp_raw_overall_sigma"
[1] "pc_sqexp_norm_image_sigma"
[1] "pc_sqexp_norm_overall_1"
[1] "pc_sqexp_norm_overall_sigma"
[1] "n sub: 10, n images per sub: 5, zero distance: 50, sigma^2: 2, beta: 0.69, simulation: 625"
[1] "no_corr"
[1] "pc_exp"
[1] "pc_exp_raw_image_sigma"
[1] "pc_exp_raw_overall_1"
[1] "pc_exp_raw_overall_sigma"
[1] "pc_exp_norm_image_sigma"
[1] "pc_exp_norm_overall_1"
[1] "pc_exp_norm_overall_sigma"
[1] "pc_sqexp"
[1] "pc_sqexp_raw_image_sigma"
[1] "pc_sqexp_raw_overall_1"
[1] "pc_sqexp_raw_overall_sigma"
[1] "pc_sqexp_norm_image_sigma"
[1] "pc_sqexp_norm_overall_1"
[1] "pc_sqexp_norm_overall_sigma"
[1] "n sub: 10, n images per sub: 5, zero distance: 50, sigma^2: 0.5, beta: 0.69, simulation: 626"
[1] "no_corr"
[1] "pc_exp"
[1] "pc_exp_raw_image_sigma"
[1] "pc_exp_raw_overall_1"
[1] "pc_exp_raw_overall_sigma"
[1] "pc_exp_norm_image_sigma"
[1] "pc_exp_norm_overall_1"
[1] "pc_exp_norm_overall_sigma"
[1] "pc_sqexp"
[1] "pc_sqexp_raw_image_sigma"
[1] "pc_sqexp_raw_overall_1"
[1] "pc_sqexp_raw_overall_sigma"
[1] "pc_sqexp_norm_image_sigma"
[1] "pc_sqexp_norm_overall_1"
[1] "pc_sqexp_norm_overall_sigma"
[1] "n sub: 10, n images per sub: 5, zero distance: 50, sigma^2: 1, beta: 0.69, simulation: 626"
[1] "no_corr"
[1] "pc_exp"
[1] "pc_exp_raw_image_sigma"
[1] "pc_exp_raw_overall_1"
[1] "pc_exp_raw_overall_sigma"
[1] "pc_exp_norm_image_sigma"
[1] "pc_exp_norm_overall_1"
[1] "pc_exp_norm_overall_sigma"
[1] "pc_sqexp"
[1] "pc_sqexp_raw_image_sigma"
[1] "pc_sqexp_raw_overall_1"
[1] "pc_sqexp_raw_overall_sigma"
[1] "pc_sqexp_norm_image_sigma"
[1] "pc_sqexp_norm_overall_1"
[1] "pc_sqexp_norm_overall_sigma"
[1] "n sub: 10, n images per sub: 5, zero distance: 50, sigma^2: 2, beta: 0.69, simulation: 626"
[1] "no_corr"
[1] "pc_exp"
[1] "pc_exp_raw_image_sigma"
[1] "pc_exp_raw_overall_1"
[1] "pc_exp_raw_overall_sigma"
[1] "pc_exp_norm_image_sigma"
[1] "pc_exp_norm_overall_1"
[1] "pc_exp_norm_overall_sigma"
[1] "pc_sqexp"
[1] "pc_sqexp_raw_image_sigma"
[1] "pc_sqexp_raw_overall_1"
[1] "pc_sqexp_raw_overall_sigma"
[1] "pc_sqexp_norm_image_sigma"
[1] "pc_sqexp_norm_overall_1"
[1] "pc_sqexp_norm_overall_sigma"
[1] "n sub: 10, n images per sub: 5, zero distance: 50, sigma^2: 0.5, beta: 0.69, simulation: 627"
[1] "no_corr"
[1] "pc_exp"
[1] "pc_exp_raw_image_sigma"
[1] "pc_exp_raw_overall_1"
[1] "pc_exp_raw_overall_sigma"
[1] "pc_exp_norm_image_sigma"
[1] "pc_exp_norm_overall_1"
[1] "pc_exp_norm_overall_sigma"
[1] "pc_sqexp"
[1] "pc_sqexp_raw_image_sigma"
[1] "pc_sqexp_raw_overall_1"
[1] "pc_sqexp_raw_overall_sigma"
[1] "pc_sqexp_norm_image_sigma"
[1] "pc_sqexp_norm_overall_1"
[1] "pc_sqexp_norm_overall_sigma"
[1] "n sub: 10, n images per sub: 5, zero distance: 50, sigma^2: 1, beta: 0.69, simulation: 627"
[1] "no_corr"
[1] "pc_exp"
[1] "pc_exp_raw_image_sigma"
[1] "pc_exp_raw_overall_1"
[1] "pc_exp_raw_overall_sigma"
[1] "pc_exp_norm_image_sigma"
[1] "pc_exp_norm_overall_1"
[1] "pc_exp_norm_overall_sigma"
[1] "pc_sqexp"
[1] "pc_sqexp_raw_image_sigma"
[1] "pc_sqexp_raw_overall_1"
[1] "pc_sqexp_raw_overall_sigma"
[1] "pc_sqexp_norm_image_sigma"
[1] "pc_sqexp_norm_overall_1"
[1] "pc_sqexp_norm_overall_sigma"
[1] "n sub: 10, n images per sub: 5, zero distance: 50, sigma^2: 2, beta: 0.69, simulation: 627"
[1] "no_corr"
[1] "pc_exp"
[1] "pc_exp_raw_image_sigma"
[1] "pc_exp_raw_overall_1"
[1] "pc_exp_raw_overall_sigma"
[1] "pc_exp_norm_image_sigma"
[1] "pc_exp_norm_overall_1"
[1] "pc_exp_norm_overall_sigma"
[1] "pc_sqexp"
[1] "pc_sqexp_raw_image_sigma"
[1] "pc_sqexp_raw_overall_1"
[1] "pc_sqexp_raw_overall_sigma"
[1] "pc_sqexp_norm_image_sigma"
[1] "pc_sqexp_norm_overall_1"
[1] "pc_sqexp_norm_overall_sigma"
[1] "n sub: 10, n images per sub: 5, zero distance: 50, sigma^2: 1, beta: 0.69, simulation: 628"
[1] "no_corr"
[1] "pc_exp"
[1] "pc_exp_raw_image_sigma"
[1] "pc_exp_raw_overall_1"
[1] "pc_exp_raw_overall_sigma"
[1] "pc_exp_norm_image_sigma"
[1] "pc_exp_norm_overall_1"
[1] "pc_exp_norm_overall_sigma"
[1] "pc_sqexp"
[1] "pc_sqexp_raw_image_sigma"
[1] "pc_sqexp_raw_overall_1"
[1] "pc_sqexp_raw_overall_sigma"
[1] "pc_sqexp_norm_image_sigma"
[1] "pc_sqexp_norm_overall_1"
[1] "pc_sqexp_norm_overall_sigma"
[1] "n sub: 10, n images per sub: 5, zero distance: 50, sigma^2: 0.5, beta: 0.69, simulation: 628"
[1] "no_corr"
[1] "pc_exp"
[1] "pc_exp_raw_image_sigma"
[1] "pc_exp_raw_overall_1"
[1] "pc_exp_raw_overall_sigma"
[1] "pc_exp_norm_image_sigma"
[1] "pc_exp_norm_overall_1"
[1] "pc_exp_norm_overall_sigma"
[1] "pc_sqexp"
[1] "pc_sqexp_raw_image_sigma"
[1] "pc_sqexp_raw_overall_1"
[1] "pc_sqexp_raw_overall_sigma"
[1] "pc_sqexp_norm_image_sigma"
[1] "pc_sqexp_norm_overall_1"
[1] "pc_sqexp_norm_overall_sigma"
[1] "n sub: 10, n images per sub: 5, zero distance: 50, sigma^2: 2, beta: 0.69, simulation: 628"
[1] "no_corr"
[1] "pc_exp"
[1] "pc_exp_raw_image_sigma"
[1] "pc_exp_raw_overall_1"
[1] "pc_exp_raw_overall_sigma"
[1] "pc_exp_norm_image_sigma"
[1] "pc_exp_norm_overall_1"
[1] "pc_exp_norm_overall_sigma"
[1] "pc_sqexp"
[1] "pc_sqexp_raw_image_sigma"
[1] "pc_sqexp_raw_overall_1"
[1] "pc_sqexp_raw_overall_sigma"
[1] "pc_sqexp_norm_image_sigma"
[1] "pc_sqexp_norm_overall_1"
[1] "pc_sqexp_norm_overall_sigma"
[1] "n sub: 10, n images per sub: 5, zero distance: 50, sigma^2: 1, beta: 0.69, simulation: 629"
[1] "no_corr"
[1] "pc_exp"
[1] "pc_exp_raw_image_sigma"
[1] "pc_exp_raw_overall_1"
[1] "pc_exp_raw_overall_sigma"
[1] "pc_exp_norm_image_sigma"
[1] "pc_exp_norm_overall_1"
[1] "pc_exp_norm_overall_sigma"
[1] "pc_sqexp"
[1] "pc_sqexp_raw_image_sigma"
[1] "pc_sqexp_raw_overall_1"
[1] "pc_sqexp_raw_overall_sigma"
[1] "pc_sqexp_norm_image_sigma"
[1] "pc_sqexp_norm_overall_1"
[1] "pc_sqexp_norm_overall_sigma"
[1] "n sub: 10, n images per sub: 5, zero distance: 50, sigma^2: 0.5, beta: 0.69, simulation: 629"
[1] "no_corr"
[1] "pc_exp"
[1] "pc_exp_raw_image_sigma"
[1] "pc_exp_raw_overall_1"
[1] "pc_exp_raw_overall_sigma"
[1] "pc_exp_norm_image_sigma"
[1] "pc_exp_norm_overall_1"
[1] "pc_exp_norm_overall_sigma"
[1] "pc_sqexp"
[1] "pc_sqexp_raw_image_sigma"
[1] "pc_sqexp_raw_overall_1"
[1] "pc_sqexp_raw_overall_sigma"
[1] "pc_sqexp_norm_image_sigma"
[1] "pc_sqexp_norm_overall_1"
[1] "pc_sqexp_norm_overall_sigma"
[1] "n sub: 10, n images per sub: 5, zero distance: 50, sigma^2: 2, beta: 0.69, simulation: 629"
[1] "no_corr"
[1] "pc_exp"
[1] "pc_exp_raw_image_sigma"
[1] "pc_exp_raw_overall_1"
[1] "pc_exp_raw_overall_sigma"
[1] "pc_exp_norm_image_sigma"
[1] "pc_exp_norm_overall_1"
[1] "pc_exp_norm_overall_sigma"
[1] "pc_sqexp"
[1] "pc_sqexp_raw_image_sigma"
[1] "pc_sqexp_raw_overall_1"
[1] "pc_sqexp_raw_overall_sigma"
[1] "pc_sqexp_norm_image_sigma"
[1] "pc_sqexp_norm_overall_1"
[1] "pc_sqexp_norm_overall_sigma"
[1] "n sub: 10, n images per sub: 5, zero distance: 50, sigma^2: 1, beta: 0.69, simulation: 630"
[1] "no_corr"
[1] "pc_exp"
[1] "pc_exp_raw_image_sigma"
[1] "pc_exp_raw_overall_1"
[1] "pc_exp_raw_overall_sigma"
[1] "pc_exp_norm_image_sigma"
[1] "pc_exp_norm_overall_1"
[1] "pc_exp_norm_overall_sigma"
[1] "pc_sqexp"
[1] "pc_sqexp_raw_image_sigma"
[1] "pc_sqexp_raw_overall_1"
[1] "pc_sqexp_raw_overall_sigma"
[1] "pc_sqexp_norm_image_sigma"
[1] "pc_sqexp_norm_overall_1"
[1] "pc_sqexp_norm_overall_sigma"
[1] "n sub: 10, n images per sub: 5, zero distance: 50, sigma^2: 0.5, beta: 0.69, simulation: 630"
[1] "no_corr"
[1] "pc_exp"
[1] "pc_exp_raw_image_sigma"
[1] "pc_exp_raw_overall_1"
[1] "pc_exp_raw_overall_sigma"
[1] "pc_exp_norm_image_sigma"
[1] "pc_exp_norm_overall_1"
[1] "pc_exp_norm_overall_sigma"
[1] "pc_sqexp"
[1] "pc_sqexp_raw_image_sigma"
[1] "pc_sqexp_raw_overall_1"
[1] "pc_sqexp_raw_overall_sigma"
[1] "pc_sqexp_norm_image_sigma"
[1] "pc_sqexp_norm_overall_1"
[1] "pc_sqexp_norm_overall_sigma"
[1] "n sub: 10, n images per sub: 5, zero distance: 50, sigma^2: 2, beta: 0.69, simulation: 630"
[1] "no_corr"
[1] "pc_exp"
[1] "pc_exp_raw_image_sigma"
[1] "pc_exp_raw_overall_1"
[1] "pc_exp_raw_overall_sigma"
[1] "pc_exp_norm_image_sigma"
[1] "pc_exp_norm_overall_1"
[1] "pc_exp_norm_overall_sigma"
[1] "pc_sqexp"
[1] "pc_sqexp_raw_image_sigma"
[1] "pc_sqexp_raw_overall_1"
[1] "pc_sqexp_raw_overall_sigma"
[1] "pc_sqexp_norm_image_sigma"
[1] "pc_sqexp_norm_overall_1"
[1] "pc_sqexp_norm_overall_sigma"
[1] "n sub: 10, n images per sub: 5, zero distance: 50, sigma^2: 1, beta: 0.69, simulation: 631"
[1] "no_corr"
[1] "pc_exp"
[1] "pc_exp_raw_image_sigma"
[1] "pc_exp_raw_overall_1"
[1] "pc_exp_raw_overall_sigma"
[1] "pc_exp_norm_image_sigma"
[1] "pc_exp_norm_overall_1"
[1] "pc_exp_norm_overall_sigma"
[1] "pc_sqexp"
[1] "pc_sqexp_raw_image_sigma"
[1] "pc_sqexp_raw_overall_1"
[1] "pc_sqexp_raw_overall_sigma"
[1] "pc_sqexp_norm_image_sigma"
[1] "pc_sqexp_norm_overall_1"
[1] "pc_sqexp_norm_overall_sigma"
[1] "n sub: 10, n images per sub: 5, zero distance: 50, sigma^2: 0.5, beta: 0.69, simulation: 631"
[1] "no_corr"
[1] "pc_exp"
[1] "pc_exp_raw_image_sigma"
[1] "pc_exp_raw_overall_1"
[1] "pc_exp_raw_overall_sigma"
[1] "pc_exp_norm_image_sigma"
[1] "pc_exp_norm_overall_1"
[1] "pc_exp_norm_overall_sigma"
[1] "pc_sqexp"
[1] "pc_sqexp_raw_image_sigma"
[1] "pc_sqexp_raw_overall_1"
[1] "pc_sqexp_raw_overall_sigma"
[1] "pc_sqexp_norm_image_sigma"
[1] "pc_sqexp_norm_overall_1"
[1] "pc_sqexp_norm_overall_sigma"
[1] "n sub: 10, n images per sub: 5, zero distance: 50, sigma^2: 2, beta: 0.69, simulation: 631"
[1] "no_corr"
[1] "pc_exp"
[1] "pc_exp_raw_image_sigma"
[1] "pc_exp_raw_overall_1"
[1] "pc_exp_raw_overall_sigma"
[1] "pc_exp_norm_image_sigma"
[1] "pc_exp_norm_overall_1"
[1] "pc_exp_norm_overall_sigma"
[1] "pc_sqexp"
[1] "pc_sqexp_raw_image_sigma"
[1] "pc_sqexp_raw_overall_1"
[1] "pc_sqexp_raw_overall_sigma"
[1] "pc_sqexp_norm_image_sigma"
[1] "pc_sqexp_norm_overall_1"
[1] "pc_sqexp_norm_overall_sigma"
[1] "n sub: 10, n images per sub: 5, zero distance: 50, sigma^2: 1, beta: 0.69, simulation: 632"
[1] "no_corr"
[1] "pc_exp"
[1] "pc_exp_raw_image_sigma"
[1] "pc_exp_raw_overall_1"
[1] "pc_exp_raw_overall_sigma"
[1] "pc_exp_norm_image_sigma"
[1] "pc_exp_norm_overall_1"
[1] "pc_exp_norm_overall_sigma"
[1] "pc_sqexp"
[1] "pc_sqexp_raw_image_sigma"
[1] "pc_sqexp_raw_overall_1"
[1] "pc_sqexp_raw_overall_sigma"
[1] "pc_sqexp_norm_image_sigma"
[1] "pc_sqexp_norm_overall_1"
[1] "pc_sqexp_norm_overall_sigma"
[1] "n sub: 10, n images per sub: 5, zero distance: 50, sigma^2: 0.5, beta: 0.69, simulation: 632"
[1] "no_corr"
[1] "pc_exp"
[1] "pc_exp_raw_image_sigma"
[1] "pc_exp_raw_overall_1"
[1] "pc_exp_raw_overall_sigma"
[1] "pc_exp_norm_image_sigma"
[1] "pc_exp_norm_overall_1"
[1] "pc_exp_norm_overall_sigma"
[1] "pc_sqexp"
[1] "pc_sqexp_raw_image_sigma"
[1] "pc_sqexp_raw_overall_1"
[1] "pc_sqexp_raw_overall_sigma"
[1] "pc_sqexp_norm_image_sigma"
[1] "pc_sqexp_norm_overall_1"
[1] "pc_sqexp_norm_overall_sigma"
[1] "n sub: 10, n images per sub: 5, zero distance: 50, sigma^2: 2, beta: 0.69, simulation: 632"
[1] "no_corr"
[1] "pc_exp"
[1] "pc_exp_raw_image_sigma"
[1] "pc_exp_raw_overall_1"
[1] "pc_exp_raw_overall_sigma"
[1] "pc_exp_norm_image_sigma"
[1] "pc_exp_norm_overall_1"
[1] "pc_exp_norm_overall_sigma"
[1] "pc_sqexp"
[1] "pc_sqexp_raw_image_sigma"
[1] "pc_sqexp_raw_overall_1"
[1] "pc_sqexp_raw_overall_sigma"
[1] "pc_sqexp_norm_image_sigma"
[1] "pc_sqexp_norm_overall_1"
[1] "pc_sqexp_norm_overall_sigma"
[1] "n sub: 10, n images per sub: 5, zero distance: 50, sigma^2: 1, beta: 0.69, simulation: 633"
[1] "no_corr"
[1] "pc_exp"
[1] "pc_exp_raw_image_sigma"
[1] "pc_exp_raw_overall_1"
[1] "pc_exp_raw_overall_sigma"
[1] "pc_exp_norm_image_sigma"
[1] "pc_exp_norm_overall_1"
[1] "pc_exp_norm_overall_sigma"
[1] "pc_sqexp"
[1] "pc_sqexp_raw_image_sigma"
[1] "pc_sqexp_raw_overall_1"
[1] "pc_sqexp_raw_overall_sigma"
[1] "pc_sqexp_norm_image_sigma"
[1] "pc_sqexp_norm_overall_1"
[1] "pc_sqexp_norm_overall_sigma"
[1] "n sub: 10, n images per sub: 5, zero distance: 50, sigma^2: 0.5, beta: 0.69, simulation: 633"
[1] "no_corr"
[1] "pc_exp"
[1] "pc_exp_raw_image_sigma"
[1] "pc_exp_raw_overall_1"
[1] "pc_exp_raw_overall_sigma"
[1] "pc_exp_norm_image_sigma"
[1] "pc_exp_norm_overall_1"
[1] "pc_exp_norm_overall_sigma"
[1] "pc_sqexp"
[1] "pc_sqexp_raw_image_sigma"
[1] "pc_sqexp_raw_overall_1"
[1] "pc_sqexp_raw_overall_sigma"
[1] "pc_sqexp_norm_image_sigma"
[1] "pc_sqexp_norm_overall_1"
[1] "pc_sqexp_norm_overall_sigma"
[1] "n sub: 10, n images per sub: 5, zero distance: 50, sigma^2: 2, beta: 0.69, simulation: 633"
[1] "no_corr"
[1] "pc_exp"
[1] "pc_exp_raw_image_sigma"
[1] "pc_exp_raw_overall_1"
[1] "pc_exp_raw_overall_sigma"
[1] "pc_exp_norm_image_sigma"
[1] "pc_exp_norm_overall_1"
[1] "pc_exp_norm_overall_sigma"
[1] "pc_sqexp"
[1] "pc_sqexp_raw_image_sigma"
[1] "pc_sqexp_raw_overall_1"
[1] "pc_sqexp_raw_overall_sigma"
[1] "pc_sqexp_norm_image_sigma"
[1] "pc_sqexp_norm_overall_1"
[1] "pc_sqexp_norm_overall_sigma"
[1] "n sub: 10, n images per sub: 5, zero distance: 50, sigma^2: 1, beta: 0.69, simulation: 634"
[1] "no_corr"
[1] "pc_exp"
[1] "pc_exp_raw_image_sigma"
[1] "pc_exp_raw_overall_1"
[1] "pc_exp_raw_overall_sigma"
[1] "pc_exp_norm_image_sigma"
[1] "pc_exp_norm_overall_1"
[1] "pc_exp_norm_overall_sigma"
[1] "pc_sqexp"
[1] "pc_sqexp_raw_image_sigma"
[1] "pc_sqexp_raw_overall_1"
[1] "pc_sqexp_raw_overall_sigma"
[1] "pc_sqexp_norm_image_sigma"
[1] "pc_sqexp_norm_overall_1"
[1] "pc_sqexp_norm_overall_sigma"
[1] "n sub: 10, n images per sub: 5, zero distance: 50, sigma^2: 0.5, beta: 0.69, simulation: 634"
[1] "no_corr"
[1] "pc_exp"
[1] "pc_exp_raw_image_sigma"
[1] "pc_exp_raw_overall_1"
[1] "pc_exp_raw_overall_sigma"
[1] "pc_exp_norm_image_sigma"
[1] "pc_exp_norm_overall_1"
[1] "pc_exp_norm_overall_sigma"
[1] "pc_sqexp"
[1] "pc_sqexp_raw_image_sigma"
[1] "pc_sqexp_raw_overall_1"
[1] "pc_sqexp_raw_overall_sigma"
[1] "pc_sqexp_norm_image_sigma"
[1] "pc_sqexp_norm_overall_1"
[1] "pc_sqexp_norm_overall_sigma"
[1] "n sub: 10, n images per sub: 5, zero distance: 50, sigma^2: 2, beta: 0.69, simulation: 634"
[1] "no_corr"
[1] "pc_exp"
[1] "pc_exp_raw_image_sigma"
[1] "pc_exp_raw_overall_1"
[1] "pc_exp_raw_overall_sigma"
[1] "pc_exp_norm_image_sigma"
[1] "pc_exp_norm_overall_1"
[1] "pc_exp_norm_overall_sigma"
[1] "pc_sqexp"
[1] "pc_sqexp_raw_image_sigma"
[1] "pc_sqexp_raw_overall_1"
[1] "pc_sqexp_raw_overall_sigma"
[1] "pc_sqexp_norm_image_sigma"
[1] "pc_sqexp_norm_overall_1"
[1] "pc_sqexp_norm_overall_sigma"
[1] "n sub: 10, n images per sub: 5, zero distance: 50, sigma^2: 1, beta: 0.69, simulation: 635"
[1] "no_corr"
[1] "pc_exp"
[1] "pc_exp_raw_image_sigma"
[1] "pc_exp_raw_overall_1"
[1] "pc_exp_raw_overall_sigma"
[1] "pc_exp_norm_image_sigma"
[1] "pc_exp_norm_overall_1"
[1] "pc_exp_norm_overall_sigma"
[1] "pc_sqexp"
[1] "pc_sqexp_raw_image_sigma"
[1] "pc_sqexp_raw_overall_1"
[1] "pc_sqexp_raw_overall_sigma"
[1] "pc_sqexp_norm_image_sigma"
[1] "pc_sqexp_norm_overall_1"
[1] "pc_sqexp_norm_overall_sigma"
[1] "n sub: 10, n images per sub: 5, zero distance: 50, sigma^2: 0.5, beta: 0.69, simulation: 635"
[1] "no_corr"
[1] "pc_exp"
[1] "pc_exp_raw_image_sigma"
[1] "pc_exp_raw_overall_1"
[1] "pc_exp_raw_overall_sigma"
[1] "pc_exp_norm_image_sigma"
[1] "pc_exp_norm_overall_1"
[1] "pc_exp_norm_overall_sigma"
[1] "pc_sqexp"
[1] "pc_sqexp_raw_image_sigma"
[1] "pc_sqexp_raw_overall_1"
[1] "pc_sqexp_raw_overall_sigma"
[1] "pc_sqexp_norm_image_sigma"
[1] "pc_sqexp_norm_overall_1"
[1] "pc_sqexp_norm_overall_sigma"
[1] "n sub: 10, n images per sub: 5, zero distance: 50, sigma^2: 2, beta: 0.69, simulation: 635"
[1] "no_corr"
[1] "pc_exp"
[1] "pc_exp_raw_image_sigma"
[1] "pc_exp_raw_overall_1"
[1] "pc_exp_raw_overall_sigma"
[1] "pc_exp_norm_image_sigma"
[1] "pc_exp_norm_overall_1"
[1] "pc_exp_norm_overall_sigma"
[1] "pc_sqexp"
[1] "pc_sqexp_raw_image_sigma"
[1] "pc_sqexp_raw_overall_1"
[1] "pc_sqexp_raw_overall_sigma"
[1] "pc_sqexp_norm_image_sigma"
[1] "pc_sqexp_norm_overall_1"
[1] "pc_sqexp_norm_overall_sigma"
[1] "n sub: 10, n images per sub: 5, zero distance: 50, sigma^2: 1, beta: 0.69, simulation: 636"
[1] "no_corr"
[1] "pc_exp"
[1] "pc_exp_raw_image_sigma"
[1] "pc_exp_raw_overall_1"
[1] "pc_exp_raw_overall_sigma"
[1] "pc_exp_norm_image_sigma"
[1] "pc_exp_norm_overall_1"
[1] "pc_exp_norm_overall_sigma"
[1] "pc_sqexp"
[1] "pc_sqexp_raw_image_sigma"
[1] "pc_sqexp_raw_overall_1"
[1] "pc_sqexp_raw_overall_sigma"
[1] "pc_sqexp_norm_image_sigma"
[1] "pc_sqexp_norm_overall_1"
[1] "pc_sqexp_norm_overall_sigma"
[1] "n sub: 10, n images per sub: 5, zero distance: 50, sigma^2: 0.5, beta: 0.69, simulation: 636"
[1] "no_corr"
[1] "pc_exp"
[1] "pc_exp_raw_image_sigma"
[1] "pc_exp_raw_overall_1"
[1] "pc_exp_raw_overall_sigma"
[1] "pc_exp_norm_image_sigma"
[1] "pc_exp_norm_overall_1"
[1] "pc_exp_norm_overall_sigma"
[1] "pc_sqexp"
[1] "pc_sqexp_raw_image_sigma"
[1] "pc_sqexp_raw_overall_1"
[1] "pc_sqexp_raw_overall_sigma"
[1] "pc_sqexp_norm_image_sigma"
[1] "pc_sqexp_norm_overall_1"
[1] "pc_sqexp_norm_overall_sigma"
[1] "n sub: 10, n images per sub: 5, zero distance: 50, sigma^2: 2, beta: 0.69, simulation: 636"
[1] "no_corr"
[1] "pc_exp"
[1] "pc_exp_raw_image_sigma"
[1] "pc_exp_raw_overall_1"
[1] "pc_exp_raw_overall_sigma"
[1] "pc_exp_norm_image_sigma"
[1] "pc_exp_norm_overall_1"
[1] "pc_exp_norm_overall_sigma"
[1] "pc_sqexp"
[1] "pc_sqexp_raw_image_sigma"
[1] "pc_sqexp_raw_overall_1"
[1] "pc_sqexp_raw_overall_sigma"
[1] "pc_sqexp_norm_image_sigma"
[1] "pc_sqexp_norm_overall_1"
[1] "pc_sqexp_norm_overall_sigma"
[1] "n sub: 10, n images per sub: 5, zero distance: 50, sigma^2: 1, beta: 0.69, simulation: 637"
[1] "no_corr"
[1] "pc_exp"
[1] "pc_exp_raw_image_sigma"
[1] "pc_exp_raw_overall_1"
[1] "pc_exp_raw_overall_sigma"
[1] "pc_exp_norm_image_sigma"
[1] "pc_exp_norm_overall_1"
[1] "pc_exp_norm_overall_sigma"
[1] "pc_sqexp"
[1] "pc_sqexp_raw_image_sigma"
[1] "pc_sqexp_raw_overall_1"
[1] "pc_sqexp_raw_overall_sigma"
[1] "pc_sqexp_norm_image_sigma"
[1] "pc_sqexp_norm_overall_1"
[1] "pc_sqexp_norm_overall_sigma"
[1] "n sub: 10, n images per sub: 5, zero distance: 50, sigma^2: 0.5, beta: 0.69, simulation: 637"
[1] "no_corr"
[1] "pc_exp"
[1] "pc_exp_raw_image_sigma"
[1] "pc_exp_raw_overall_1"
[1] "pc_exp_raw_overall_sigma"
[1] "pc_exp_norm_image_sigma"
[1] "pc_exp_norm_overall_1"
[1] "pc_exp_norm_overall_sigma"
[1] "pc_sqexp"
[1] "pc_sqexp_raw_image_sigma"
[1] "pc_sqexp_raw_overall_1"
[1] "pc_sqexp_raw_overall_sigma"
[1] "pc_sqexp_norm_image_sigma"
[1] "pc_sqexp_norm_overall_1"
[1] "pc_sqexp_norm_overall_sigma"
[1] "n sub: 10, n images per sub: 5, zero distance: 50, sigma^2: 2, beta: 0.69, simulation: 637"
[1] "no_corr"
[1] "pc_exp"
[1] "pc_exp_raw_image_sigma"
[1] "pc_exp_raw_overall_1"
[1] "pc_exp_raw_overall_sigma"
[1] "pc_exp_norm_image_sigma"
[1] "pc_exp_norm_overall_1"
[1] "pc_exp_norm_overall_sigma"
[1] "pc_sqexp"
[1] "pc_sqexp_raw_image_sigma"
[1] "pc_sqexp_raw_overall_1"
[1] "pc_sqexp_raw_overall_sigma"
[1] "pc_sqexp_norm_image_sigma"
[1] "pc_sqexp_norm_overall_1"
[1] "pc_sqexp_norm_overall_sigma"
[1] "n sub: 10, n images per sub: 5, zero distance: 50, sigma^2: 1, beta: 0.69, simulation: 638"
[1] "no_corr"
[1] "pc_exp"
[1] "pc_exp_raw_image_sigma"
[1] "pc_exp_raw_overall_1"
[1] "pc_exp_raw_overall_sigma"
[1] "pc_exp_norm_image_sigma"
[1] "pc_exp_norm_overall_1"
[1] "pc_exp_norm_overall_sigma"
[1] "pc_sqexp"
[1] "pc_sqexp_raw_image_sigma"
[1] "pc_sqexp_raw_overall_1"
[1] "pc_sqexp_raw_overall_sigma"
[1] "pc_sqexp_norm_image_sigma"
[1] "pc_sqexp_norm_overall_1"
[1] "pc_sqexp_norm_overall_sigma"
[1] "n sub: 10, n images per sub: 5, zero distance: 50, sigma^2: 0.5, beta: 0.69, simulation: 638"
[1] "no_corr"
[1] "pc_exp"
[1] "pc_exp_raw_image_sigma"
[1] "pc_exp_raw_overall_1"
[1] "pc_exp_raw_overall_sigma"
[1] "pc_exp_norm_image_sigma"
[1] "pc_exp_norm_overall_1"
[1] "pc_exp_norm_overall_sigma"
[1] "pc_sqexp"
[1] "pc_sqexp_raw_image_sigma"
[1] "pc_sqexp_raw_overall_1"
[1] "pc_sqexp_raw_overall_sigma"
[1] "pc_sqexp_norm_image_sigma"
[1] "pc_sqexp_norm_overall_1"
[1] "pc_sqexp_norm_overall_sigma"
[1] "n sub: 10, n images per sub: 5, zero distance: 50, sigma^2: 2, beta: 0.69, simulation: 638"
[1] "no_corr"
[1] "pc_exp"
[1] "pc_exp_raw_image_sigma"
[1] "pc_exp_raw_overall_1"
[1] "pc_exp_raw_overall_sigma"
[1] "pc_exp_norm_image_sigma"
[1] "pc_exp_norm_overall_1"
[1] "pc_exp_norm_overall_sigma"
[1] "pc_sqexp"
[1] "pc_sqexp_raw_image_sigma"
[1] "pc_sqexp_raw_overall_1"
[1] "pc_sqexp_raw_overall_sigma"
[1] "pc_sqexp_norm_image_sigma"
[1] "pc_sqexp_norm_overall_1"
[1] "pc_sqexp_norm_overall_sigma"
[1] "n sub: 10, n images per sub: 5, zero distance: 50, sigma^2: 0.5, beta: 0.69, simulation: 639"
[1] "no_corr"
[1] "pc_exp"
[1] "pc_exp_raw_image_sigma"
[1] "pc_exp_raw_overall_1"
[1] "pc_exp_raw_overall_sigma"
[1] "pc_exp_norm_image_sigma"
[1] "pc_exp_norm_overall_1"
[1] "pc_exp_norm_overall_sigma"
[1] "pc_sqexp"
[1] "pc_sqexp_raw_image_sigma"
[1] "pc_sqexp_raw_overall_1"
[1] "pc_sqexp_raw_overall_sigma"
[1] "pc_sqexp_norm_image_sigma"
[1] "pc_sqexp_norm_overall_1"
[1] "pc_sqexp_norm_overall_sigma"
[1] "n sub: 10, n images per sub: 5, zero distance: 50, sigma^2: 1, beta: 0.69, simulation: 639"
[1] "no_corr"
[1] "pc_exp"
[1] "pc_exp_raw_image_sigma"
[1] "pc_exp_raw_overall_1"
[1] "pc_exp_raw_overall_sigma"
[1] "pc_exp_norm_image_sigma"
[1] "pc_exp_norm_overall_1"
[1] "pc_exp_norm_overall_sigma"
[1] "pc_sqexp"
[1] "pc_sqexp_raw_image_sigma"
[1] "pc_sqexp_raw_overall_1"
[1] "pc_sqexp_raw_overall_sigma"
[1] "pc_sqexp_norm_image_sigma"
[1] "pc_sqexp_norm_overall_1"
[1] "pc_sqexp_norm_overall_sigma"
[1] "n sub: 10, n images per sub: 5, zero distance: 50, sigma^2: 2, beta: 0.69, simulation: 639"
[1] "no_corr"
[1] "pc_exp"
[1] "pc_exp_raw_image_sigma"
[1] "pc_exp_raw_overall_1"
[1] "pc_exp_raw_overall_sigma"
[1] "pc_exp_norm_image_sigma"
[1] "pc_exp_norm_overall_1"
[1] "pc_exp_norm_overall_sigma"
[1] "pc_sqexp"
[1] "pc_sqexp_raw_image_sigma"
[1] "pc_sqexp_raw_overall_1"
[1] "pc_sqexp_raw_overall_sigma"
[1] "pc_sqexp_norm_image_sigma"
[1] "pc_sqexp_norm_overall_1"
[1] "pc_sqexp_norm_overall_sigma"
[1] "n sub: 10, n images per sub: 5, zero distance: 50, sigma^2: 0.5, beta: 0.69, simulation: 640"
[1] "no_corr"
[1] "pc_exp"
[1] "pc_exp_raw_image_sigma"
[1] "pc_exp_raw_overall_1"
[1] "pc_exp_raw_overall_sigma"
[1] "pc_exp_norm_image_sigma"
[1] "pc_exp_norm_overall_1"
[1] "pc_exp_norm_overall_sigma"
[1] "pc_sqexp"
[1] "pc_sqexp_raw_image_sigma"
[1] "pc_sqexp_raw_overall_1"
[1] "pc_sqexp_raw_overall_sigma"
[1] "pc_sqexp_norm_image_sigma"
[1] "pc_sqexp_norm_overall_1"
[1] "pc_sqexp_norm_overall_sigma"
[1] "n sub: 10, n images per sub: 5, zero distance: 50, sigma^2: 1, beta: 0.69, simulation: 640"
[1] "no_corr"
[1] "pc_exp"
[1] "pc_exp_raw_image_sigma"
[1] "pc_exp_raw_overall_1"
[1] "pc_exp_raw_overall_sigma"
[1] "pc_exp_norm_image_sigma"
[1] "pc_exp_norm_overall_1"
[1] "pc_exp_norm_overall_sigma"
[1] "pc_sqexp"
[1] "pc_sqexp_raw_image_sigma"
[1] "pc_sqexp_raw_overall_1"
[1] "pc_sqexp_raw_overall_sigma"
[1] "pc_sqexp_norm_image_sigma"
[1] "pc_sqexp_norm_overall_1"
[1] "pc_sqexp_norm_overall_sigma"
[1] "n sub: 10, n images per sub: 5, zero distance: 50, sigma^2: 2, beta: 0.69, simulation: 640"
[1] "no_corr"
[1] "pc_exp"
[1] "pc_exp_raw_image_sigma"
[1] "pc_exp_raw_overall_1"
[1] "pc_exp_raw_overall_sigma"
[1] "pc_exp_norm_image_sigma"
[1] "pc_exp_norm_overall_1"
[1] "pc_exp_norm_overall_sigma"
[1] "pc_sqexp"
[1] "pc_sqexp_raw_image_sigma"
[1] "pc_sqexp_raw_overall_1"
[1] "pc_sqexp_raw_overall_sigma"
[1] "pc_sqexp_norm_image_sigma"
[1] "pc_sqexp_norm_overall_1"
[1] "pc_sqexp_norm_overall_sigma"
[1] "n sub: 10, n images per sub: 5, zero distance: 50, sigma^2: 0.5, beta: 0.69, simulation: 641"
[1] "no_corr"
[1] "pc_exp"
[1] "pc_exp_raw_image_sigma"
[1] "pc_exp_raw_overall_1"
[1] "pc_exp_raw_overall_sigma"
[1] "pc_exp_norm_image_sigma"
[1] "pc_exp_norm_overall_1"
[1] "pc_exp_norm_overall_sigma"
[1] "pc_sqexp"
[1] "pc_sqexp_raw_image_sigma"
[1] "pc_sqexp_raw_overall_1"
[1] "pc_sqexp_raw_overall_sigma"
[1] "pc_sqexp_norm_image_sigma"
[1] "pc_sqexp_norm_overall_1"
[1] "pc_sqexp_norm_overall_sigma"
[1] "n sub: 10, n images per sub: 5, zero distance: 50, sigma^2: 1, beta: 0.69, simulation: 641"
[1] "no_corr"
[1] "pc_exp"
[1] "pc_exp_raw_image_sigma"
[1] "pc_exp_raw_overall_1"
[1] "pc_exp_raw_overall_sigma"
[1] "pc_exp_norm_image_sigma"
[1] "pc_exp_norm_overall_1"
[1] "pc_exp_norm_overall_sigma"
[1] "pc_sqexp"
[1] "pc_sqexp_raw_image_sigma"
[1] "pc_sqexp_raw_overall_1"
[1] "pc_sqexp_raw_overall_sigma"
[1] "pc_sqexp_norm_image_sigma"
[1] "pc_sqexp_norm_overall_1"
[1] "pc_sqexp_norm_overall_sigma"
[1] "n sub: 10, n images per sub: 5, zero distance: 50, sigma^2: 2, beta: 0.69, simulation: 641"
[1] "no_corr"
[1] "pc_exp"
[1] "pc_exp_raw_image_sigma"
[1] "pc_exp_raw_overall_1"
[1] "pc_exp_raw_overall_sigma"
[1] "pc_exp_norm_image_sigma"
[1] "pc_exp_norm_overall_1"
[1] "pc_exp_norm_overall_sigma"
[1] "pc_sqexp"
[1] "pc_sqexp_raw_image_sigma"
[1] "pc_sqexp_raw_overall_1"
[1] "pc_sqexp_raw_overall_sigma"
[1] "pc_sqexp_norm_image_sigma"
[1] "pc_sqexp_norm_overall_1"
[1] "pc_sqexp_norm_overall_sigma"
[1] "n sub: 10, n images per sub: 5, zero distance: 50, sigma^2: 0.5, beta: 0.69, simulation: 642"
[1] "no_corr"
[1] "pc_exp"
[1] "pc_exp_raw_image_sigma"
[1] "pc_exp_raw_overall_1"
[1] "pc_exp_raw_overall_sigma"
[1] "pc_exp_norm_image_sigma"
[1] "pc_exp_norm_overall_1"
[1] "pc_exp_norm_overall_sigma"
[1] "pc_sqexp"
[1] "pc_sqexp_raw_image_sigma"
[1] "pc_sqexp_raw_overall_1"
[1] "pc_sqexp_raw_overall_sigma"
[1] "pc_sqexp_norm_image_sigma"
[1] "pc_sqexp_norm_overall_1"
[1] "pc_sqexp_norm_overall_sigma"
[1] "n sub: 10, n images per sub: 5, zero distance: 50, sigma^2: 1, beta: 0.69, simulation: 642"
[1] "no_corr"
[1] "pc_exp"
[1] "pc_exp_raw_image_sigma"
[1] "pc_exp_raw_overall_1"
[1] "pc_exp_raw_overall_sigma"
[1] "pc_exp_norm_image_sigma"
[1] "pc_exp_norm_overall_1"
[1] "pc_exp_norm_overall_sigma"
[1] "pc_sqexp"
[1] "pc_sqexp_raw_image_sigma"
[1] "pc_sqexp_raw_overall_1"
[1] "pc_sqexp_raw_overall_sigma"
[1] "pc_sqexp_norm_image_sigma"
[1] "pc_sqexp_norm_overall_1"
[1] "pc_sqexp_norm_overall_sigma"
[1] "n sub: 10, n images per sub: 5, zero distance: 50, sigma^2: 2, beta: 0.69, simulation: 642"
[1] "no_corr"
[1] "pc_exp"
[1] "pc_exp_raw_image_sigma"
[1] "pc_exp_raw_overall_1"
[1] "pc_exp_raw_overall_sigma"
[1] "pc_exp_norm_image_sigma"
[1] "pc_exp_norm_overall_1"
[1] "pc_exp_norm_overall_sigma"
[1] "pc_sqexp"
[1] "pc_sqexp_raw_image_sigma"
[1] "pc_sqexp_raw_overall_1"
[1] "pc_sqexp_raw_overall_sigma"
[1] "pc_sqexp_norm_image_sigma"
[1] "pc_sqexp_norm_overall_1"
[1] "pc_sqexp_norm_overall_sigma"
[1] "n sub: 10, n images per sub: 5, zero distance: 50, sigma^2: 0.5, beta: 0.69, simulation: 643"
[1] "no_corr"
[1] "pc_exp"
[1] "pc_exp_raw_image_sigma"
[1] "pc_exp_raw_overall_1"
[1] "pc_exp_raw_overall_sigma"
[1] "pc_exp_norm_image_sigma"
[1] "pc_exp_norm_overall_1"
[1] "pc_exp_norm_overall_sigma"
[1] "pc_sqexp"
[1] "pc_sqexp_raw_image_sigma"
[1] "pc_sqexp_raw_overall_1"
[1] "pc_sqexp_raw_overall_sigma"
[1] "pc_sqexp_norm_image_sigma"
[1] "pc_sqexp_norm_overall_1"
[1] "pc_sqexp_norm_overall_sigma"
[1] "n sub: 10, n images per sub: 5, zero distance: 50, sigma^2: 1, beta: 0.69, simulation: 643"
[1] "no_corr"
[1] "pc_exp"
[1] "pc_exp_raw_image_sigma"
[1] "pc_exp_raw_overall_1"
[1] "pc_exp_raw_overall_sigma"
[1] "pc_exp_norm_image_sigma"
[1] "pc_exp_norm_overall_1"
[1] "pc_exp_norm_overall_sigma"
[1] "pc_sqexp"
[1] "pc_sqexp_raw_image_sigma"
[1] "pc_sqexp_raw_overall_1"
[1] "pc_sqexp_raw_overall_sigma"
[1] "pc_sqexp_norm_image_sigma"
[1] "pc_sqexp_norm_overall_1"
[1] "pc_sqexp_norm_overall_sigma"
[1] "n sub: 10, n images per sub: 5, zero distance: 50, sigma^2: 2, beta: 0.69, simulation: 643"
[1] "no_corr"
[1] "pc_exp"
[1] "pc_exp_raw_image_sigma"
[1] "pc_exp_raw_overall_1"
[1] "pc_exp_raw_overall_sigma"
[1] "pc_exp_norm_image_sigma"
[1] "pc_exp_norm_overall_1"
[1] "pc_exp_norm_overall_sigma"
[1] "pc_sqexp"
[1] "pc_sqexp_raw_image_sigma"
[1] "pc_sqexp_raw_overall_1"
[1] "pc_sqexp_raw_overall_sigma"
[1] "pc_sqexp_norm_image_sigma"
[1] "pc_sqexp_norm_overall_1"
[1] "pc_sqexp_norm_overall_sigma"
[1] "n sub: 10, n images per sub: 5, zero distance: 50, sigma^2: 0.5, beta: 0.69, simulation: 644"
[1] "no_corr"
[1] "pc_exp"
[1] "pc_exp_raw_image_sigma"
[1] "pc_exp_raw_overall_1"
[1] "pc_exp_raw_overall_sigma"
[1] "pc_exp_norm_image_sigma"
[1] "pc_exp_norm_overall_1"
[1] "pc_exp_norm_overall_sigma"
[1] "pc_sqexp"
[1] "pc_sqexp_raw_image_sigma"
[1] "pc_sqexp_raw_overall_1"
[1] "pc_sqexp_raw_overall_sigma"
[1] "pc_sqexp_norm_image_sigma"
[1] "pc_sqexp_norm_overall_1"
[1] "pc_sqexp_norm_overall_sigma"
[1] "n sub: 10, n images per sub: 5, zero distance: 50, sigma^2: 1, beta: 0.69, simulation: 644"
[1] "no_corr"
[1] "pc_exp"
[1] "pc_exp_raw_image_sigma"
[1] "pc_exp_raw_overall_1"
[1] "pc_exp_raw_overall_sigma"
[1] "pc_exp_norm_image_sigma"
[1] "pc_exp_norm_overall_1"
[1] "pc_exp_norm_overall_sigma"
[1] "pc_sqexp"
[1] "pc_sqexp_raw_image_sigma"
[1] "pc_sqexp_raw_overall_1"
[1] "pc_sqexp_raw_overall_sigma"
[1] "pc_sqexp_norm_image_sigma"
[1] "pc_sqexp_norm_overall_1"
[1] "pc_sqexp_norm_overall_sigma"
[1] "n sub: 10, n images per sub: 5, zero distance: 50, sigma^2: 2, beta: 0.69, simulation: 644"
[1] "no_corr"
[1] "pc_exp"
[1] "pc_exp_raw_image_sigma"
[1] "pc_exp_raw_overall_1"
[1] "pc_exp_raw_overall_sigma"
[1] "pc_exp_norm_image_sigma"
[1] "pc_exp_norm_overall_1"
[1] "pc_exp_norm_overall_sigma"
[1] "pc_sqexp"
[1] "pc_sqexp_raw_image_sigma"
[1] "pc_sqexp_raw_overall_1"
[1] "pc_sqexp_raw_overall_sigma"
[1] "pc_sqexp_norm_image_sigma"
[1] "pc_sqexp_norm_overall_1"
[1] "pc_sqexp_norm_overall_sigma"
[1] "n sub: 10, n images per sub: 5, zero distance: 50, sigma^2: 0.5, beta: 0.69, simulation: 645"
[1] "no_corr"
[1] "pc_exp"
[1] "pc_exp_raw_image_sigma"
[1] "pc_exp_raw_overall_1"
[1] "pc_exp_raw_overall_sigma"
[1] "pc_exp_norm_image_sigma"
[1] "pc_exp_norm_overall_1"
[1] "pc_exp_norm_overall_sigma"
[1] "pc_sqexp"
[1] "pc_sqexp_raw_image_sigma"
[1] "pc_sqexp_raw_overall_1"
[1] "pc_sqexp_raw_overall_sigma"
[1] "pc_sqexp_norm_image_sigma"
[1] "pc_sqexp_norm_overall_1"
[1] "pc_sqexp_norm_overall_sigma"
[1] "n sub: 10, n images per sub: 5, zero distance: 50, sigma^2: 1, beta: 0.69, simulation: 645"
[1] "no_corr"
[1] "pc_exp"
[1] "pc_exp_raw_image_sigma"
[1] "pc_exp_raw_overall_1"
[1] "pc_exp_raw_overall_sigma"
[1] "pc_exp_norm_image_sigma"
[1] "pc_exp_norm_overall_1"
[1] "pc_exp_norm_overall_sigma"
[1] "pc_sqexp"
[1] "pc_sqexp_raw_image_sigma"
[1] "pc_sqexp_raw_overall_1"
[1] "pc_sqexp_raw_overall_sigma"
[1] "pc_sqexp_norm_image_sigma"
[1] "pc_sqexp_norm_overall_1"
[1] "pc_sqexp_norm_overall_sigma"
[1] "n sub: 10, n images per sub: 5, zero distance: 50, sigma^2: 2, beta: 0.69, simulation: 645"
[1] "no_corr"
[1] "pc_exp"
[1] "pc_exp_raw_image_sigma"
[1] "pc_exp_raw_overall_1"
[1] "pc_exp_raw_overall_sigma"
[1] "pc_exp_norm_image_sigma"
[1] "pc_exp_norm_overall_1"
[1] "pc_exp_norm_overall_sigma"
[1] "pc_sqexp"
[1] "pc_sqexp_raw_image_sigma"
[1] "pc_sqexp_raw_overall_1"
[1] "pc_sqexp_raw_overall_sigma"
[1] "pc_sqexp_norm_image_sigma"
[1] "pc_sqexp_norm_overall_1"
[1] "pc_sqexp_norm_overall_sigma"
[1] "n sub: 10, n images per sub: 5, zero distance: 50, sigma^2: 0.5, beta: 0.69, simulation: 646"
[1] "no_corr"
[1] "pc_exp"
[1] "pc_exp_raw_image_sigma"
[1] "pc_exp_raw_overall_1"
[1] "pc_exp_raw_overall_sigma"
[1] "pc_exp_norm_image_sigma"
[1] "pc_exp_norm_overall_1"
[1] "pc_exp_norm_overall_sigma"
[1] "pc_sqexp"
[1] "pc_sqexp_raw_image_sigma"
[1] "pc_sqexp_raw_overall_1"
[1] "pc_sqexp_raw_overall_sigma"
[1] "pc_sqexp_norm_image_sigma"
[1] "pc_sqexp_norm_overall_1"
[1] "pc_sqexp_norm_overall_sigma"
[1] "n sub: 10, n images per sub: 5, zero distance: 50, sigma^2: 1, beta: 0.69, simulation: 646"
[1] "no_corr"
[1] "pc_exp"
[1] "pc_exp_raw_image_sigma"
[1] "pc_exp_raw_overall_1"
[1] "pc_exp_raw_overall_sigma"
[1] "pc_exp_norm_image_sigma"
[1] "pc_exp_norm_overall_1"
[1] "pc_exp_norm_overall_sigma"
[1] "pc_sqexp"
[1] "pc_sqexp_raw_image_sigma"
[1] "pc_sqexp_raw_overall_1"
[1] "pc_sqexp_raw_overall_sigma"
[1] "pc_sqexp_norm_image_sigma"
[1] "pc_sqexp_norm_overall_1"
[1] "pc_sqexp_norm_overall_sigma"
[1] "n sub: 10, n images per sub: 5, zero distance: 50, sigma^2: 2, beta: 0.69, simulation: 646"
[1] "no_corr"
[1] "pc_exp"
[1] "pc_exp_raw_image_sigma"
[1] "pc_exp_raw_overall_1"
[1] "pc_exp_raw_overall_sigma"
[1] "pc_exp_norm_image_sigma"
[1] "pc_exp_norm_overall_1"
[1] "pc_exp_norm_overall_sigma"
[1] "pc_sqexp"
[1] "pc_sqexp_raw_image_sigma"
[1] "pc_sqexp_raw_overall_1"
[1] "pc_sqexp_raw_overall_sigma"
[1] "pc_sqexp_norm_image_sigma"
[1] "pc_sqexp_norm_overall_1"
[1] "pc_sqexp_norm_overall_sigma"
[1] "n sub: 10, n images per sub: 5, zero distance: 50, sigma^2: 0.5, beta: 0.69, simulation: 647"
[1] "no_corr"
[1] "pc_exp"
[1] "pc_exp_raw_image_sigma"
[1] "pc_exp_raw_overall_1"
[1] "pc_exp_raw_overall_sigma"
[1] "pc_exp_norm_image_sigma"
[1] "pc_exp_norm_overall_1"
[1] "pc_exp_norm_overall_sigma"
[1] "pc_sqexp"
[1] "pc_sqexp_raw_image_sigma"
[1] "pc_sqexp_raw_overall_1"
[1] "pc_sqexp_raw_overall_sigma"
[1] "pc_sqexp_norm_image_sigma"
[1] "pc_sqexp_norm_overall_1"
[1] "pc_sqexp_norm_overall_sigma"
[1] "n sub: 10, n images per sub: 5, zero distance: 50, sigma^2: 1, beta: 0.69, simulation: 647"
[1] "no_corr"
[1] "pc_exp"
[1] "pc_exp_raw_image_sigma"
[1] "pc_exp_raw_overall_1"
[1] "pc_exp_raw_overall_sigma"
[1] "pc_exp_norm_image_sigma"
[1] "pc_exp_norm_overall_1"
[1] "pc_exp_norm_overall_sigma"
[1] "pc_sqexp"
[1] "pc_sqexp_raw_image_sigma"
[1] "pc_sqexp_raw_overall_1"
[1] "pc_sqexp_raw_overall_sigma"
[1] "pc_sqexp_norm_image_sigma"
[1] "pc_sqexp_norm_overall_1"
[1] "pc_sqexp_norm_overall_sigma"
[1] "n sub: 10, n images per sub: 5, zero distance: 50, sigma^2: 2, beta: 0.69, simulation: 647"
[1] "no_corr"
[1] "pc_exp"
[1] "pc_exp_raw_image_sigma"
[1] "pc_exp_raw_overall_1"
[1] "pc_exp_raw_overall_sigma"
[1] "pc_exp_norm_image_sigma"
[1] "pc_exp_norm_overall_1"
[1] "pc_exp_norm_overall_sigma"
[1] "pc_sqexp"
[1] "pc_sqexp_raw_image_sigma"
[1] "pc_sqexp_raw_overall_1"
[1] "pc_sqexp_raw_overall_sigma"
[1] "pc_sqexp_norm_image_sigma"
[1] "pc_sqexp_norm_overall_1"
[1] "pc_sqexp_norm_overall_sigma"
[1] "n sub: 10, n images per sub: 5, zero distance: 50, sigma^2: 0.5, beta: 0.69, simulation: 648"
[1] "no_corr"
[1] "pc_exp"
[1] "pc_exp_raw_image_sigma"
[1] "pc_exp_raw_overall_1"
[1] "pc_exp_raw_overall_sigma"
[1] "pc_exp_norm_image_sigma"
[1] "pc_exp_norm_overall_1"
[1] "pc_exp_norm_overall_sigma"
[1] "pc_sqexp"
[1] "pc_sqexp_raw_image_sigma"
[1] "pc_sqexp_raw_overall_1"
[1] "pc_sqexp_raw_overall_sigma"
[1] "pc_sqexp_norm_image_sigma"
[1] "pc_sqexp_norm_overall_1"
[1] "pc_sqexp_norm_overall_sigma"
[1] "n sub: 10, n images per sub: 5, zero distance: 50, sigma^2: 1, beta: 0.69, simulation: 648"
[1] "no_corr"
[1] "pc_exp"
[1] "pc_exp_raw_image_sigma"
[1] "pc_exp_raw_overall_1"
[1] "pc_exp_raw_overall_sigma"
[1] "pc_exp_norm_image_sigma"
[1] "pc_exp_norm_overall_1"
[1] "pc_exp_norm_overall_sigma"
[1] "pc_sqexp"
[1] "pc_sqexp_raw_image_sigma"
[1] "pc_sqexp_raw_overall_1"
[1] "pc_sqexp_raw_overall_sigma"
[1] "pc_sqexp_norm_image_sigma"
[1] "pc_sqexp_norm_overall_1"
[1] "pc_sqexp_norm_overall_sigma"
[1] "n sub: 10, n images per sub: 5, zero distance: 50, sigma^2: 2, beta: 0.69, simulation: 648"
[1] "no_corr"
[1] "pc_exp"
[1] "pc_exp_raw_image_sigma"
[1] "pc_exp_raw_overall_1"
[1] "pc_exp_raw_overall_sigma"
[1] "pc_exp_norm_image_sigma"
[1] "pc_exp_norm_overall_1"
[1] "pc_exp_norm_overall_sigma"
[1] "pc_sqexp"
[1] "pc_sqexp_raw_image_sigma"
[1] "pc_sqexp_raw_overall_1"
[1] "pc_sqexp_raw_overall_sigma"
[1] "pc_sqexp_norm_image_sigma"
[1] "pc_sqexp_norm_overall_1"
[1] "pc_sqexp_norm_overall_sigma"
[1] "n sub: 10, n images per sub: 5, zero distance: 50, sigma^2: 0.5, beta: 0.69, simulation: 649"
[1] "no_corr"
[1] "pc_exp"
