 [1] 13015 13016 13017 13018 13019 13020 13021 13022 13023 13024 13025 13026
[13] 13027 13028 13029 13030 13031 13032 13033 13034 13035 13036 13037 13038
[25] 13039 13040 13041 13042 13043 13044 13045 13046 13047 13048 13049 13050
[37] 13051 13052 13053 13054 13055 13056 13057 13058 13059 13060 13061 13062
[49] 13063 13064 13065 13066 13067 13068
[1] "n sub: 30, n images per sub: 5, sigma^2: 2, beta: 0.69, simulation: 39"
[1] "n sub: 30, n images per sub: 5, sigma^2: 1, beta: 0.69, simulation: 39"
[1] "n sub: 30, n images per sub: 5, sigma^2: 0.5, beta: 0.69, simulation: 39"
[1] "n sub: 30, n images per sub: 5, sigma^2: 1, beta: 0.69, simulation: 40"
[1] "n sub: 30, n images per sub: 5, sigma^2: 2, beta: 0.69, simulation: 40"
[1] "n sub: 30, n images per sub: 5, sigma^2: 0.5, beta: 0.69, simulation: 40"
[1] "n sub: 30, n images per sub: 5, sigma^2: 1, beta: 0.69, simulation: 41"
[1] "n sub: 30, n images per sub: 5, sigma^2: 2, beta: 0.69, simulation: 41"
[1] "n sub: 30, n images per sub: 5, sigma^2: 0.5, beta: 0.69, simulation: 41"
[1] "n sub: 30, n images per sub: 5, sigma^2: 2, beta: 0.69, simulation: 42"
[1] "n sub: 30, n images per sub: 5, sigma^2: 1, beta: 0.69, simulation: 42"
[1] "n sub: 30, n images per sub: 5, sigma^2: 0.5, beta: 0.69, simulation: 42"
[1] "n sub: 30, n images per sub: 5, sigma^2: 2, beta: 0.69, simulation: 43"
[1] "n sub: 30, n images per sub: 5, sigma^2: 1, beta: 0.69, simulation: 43"
[1] "n sub: 30, n images per sub: 5, sigma^2: 0.5, beta: 0.69, simulation: 43"
[1] "n sub: 30, n images per sub: 5, sigma^2: 2, beta: 0.69, simulation: 44"
[1] "n sub: 30, n images per sub: 5, sigma^2: 1, beta: 0.69, simulation: 44"
[1] "n sub: 30, n images per sub: 5, sigma^2: 0.5, beta: 0.69, simulation: 44"
[1] "n sub: 30, n images per sub: 5, sigma^2: 2, beta: 0.69, simulation: 45"
[1] "n sub: 30, n images per sub: 5, sigma^2: 1, beta: 0.69, simulation: 45"
[1] "n sub: 30, n images per sub: 5, sigma^2: 0.5, beta: 0.69, simulation: 45"
[1] "n sub: 30, n images per sub: 5, sigma^2: 2, beta: 0.69, simulation: 46"
[1] "n sub: 30, n images per sub: 5, sigma^2: 1, beta: 0.69, simulation: 46"
[1] "n sub: 30, n images per sub: 5, sigma^2: 0.5, beta: 0.69, simulation: 46"
[1] "n sub: 30, n images per sub: 5, sigma^2: 2, beta: 0.69, simulation: 47"
[1] "n sub: 30, n images per sub: 5, sigma^2: 1, beta: 0.69, simulation: 47"
[1] "n sub: 30, n images per sub: 5, sigma^2: 0.5, beta: 0.69, simulation: 47"
[1] "n sub: 30, n images per sub: 5, sigma^2: 2, beta: 0.69, simulation: 48"
[1] "n sub: 30, n images per sub: 5, sigma^2: 1, beta: 0.69, simulation: 48"
[1] "n sub: 30, n images per sub: 5, sigma^2: 0.5, beta: 0.69, simulation: 48"
[1] "n sub: 30, n images per sub: 5, sigma^2: 2, beta: 0.69, simulation: 49"
[1] "n sub: 30, n images per sub: 5, sigma^2: 1, beta: 0.69, simulation: 49"
[1] "n sub: 30, n images per sub: 5, sigma^2: 0.5, beta: 0.69, simulation: 49"
[1] "n sub: 30, n images per sub: 5, sigma^2: 2, beta: 0.69, simulation: 50"
[1] "n sub: 30, n images per sub: 5, sigma^2: 1, beta: 0.69, simulation: 50"
[1] "n sub: 30, n images per sub: 5, sigma^2: 0.5, beta: 0.69, simulation: 50"
[1] "n sub: 30, n images per sub: 5, sigma^2: 2, beta: 0.69, simulation: 51"
[1] "n sub: 30, n images per sub: 5, sigma^2: 1, beta: 0.69, simulation: 51"
[1] "n sub: 30, n images per sub: 5, sigma^2: 0.5, beta: 0.69, simulation: 51"
[1] "n sub: 30, n images per sub: 5, sigma^2: 2, beta: 0.69, simulation: 52"
[1] "n sub: 30, n images per sub: 5, sigma^2: 1, beta: 0.69, simulation: 52"
[1] "n sub: 30, n images per sub: 5, sigma^2: 0.5, beta: 0.69, simulation: 52"
[1] "n sub: 30, n images per sub: 5, sigma^2: 2, beta: 0.69, simulation: 53"
[1] "n sub: 30, n images per sub: 5, sigma^2: 1, beta: 0.69, simulation: 53"
[1] "n sub: 30, n images per sub: 5, sigma^2: 0.5, beta: 0.69, simulation: 53"
[1] "n sub: 30, n images per sub: 5, sigma^2: 2, beta: 0.69, simulation: 54"
[1] "n sub: 30, n images per sub: 5, sigma^2: 1, beta: 0.69, simulation: 54"
[1] "n sub: 30, n images per sub: 5, sigma^2: 0.5, beta: 0.69, simulation: 54"
[1] "n sub: 30, n images per sub: 5, sigma^2: 2, beta: 0.69, simulation: 55"
[1] "n sub: 30, n images per sub: 5, sigma^2: 1, beta: 0.69, simulation: 55"
[1] "n sub: 30, n images per sub: 5, sigma^2: 0.5, beta: 0.69, simulation: 55"
[1] "n sub: 30, n images per sub: 5, sigma^2: 2, beta: 0.69, simulation: 56"
[1] "n sub: 30, n images per sub: 5, sigma^2: 1, beta: 0.69, simulation: 56"
[1] "n sub: 30, n images per sub: 5, sigma^2: 0.5, beta: 0.69, simulation: 56"
