 [1] 15715 15716 15717 15718 15719 15720 15721 15722 15723 15724 15725 15726
[13] 15727 15728 15729 15730 15731 15732 15733 15734 15735 15736 15737 15738
[25] 15739 15740 15741
[1] "n sub: 50, n images per sub: 5, sigma^2: 2, beta: 0.69, simulation: 39"
[1] "n sub: 50, n images per sub: 5, sigma^2: 1, beta: 0.69, simulation: 39"
[1] "n sub: 50, n images per sub: 5, sigma^2: 0.5, beta: 0.69, simulation: 39"
[1] "n sub: 50, n images per sub: 5, sigma^2: 1, beta: 0.69, simulation: 40"
[1] "n sub: 50, n images per sub: 5, sigma^2: 2, beta: 0.69, simulation: 40"
[1] "n sub: 50, n images per sub: 5, sigma^2: 0.5, beta: 0.69, simulation: 40"
[1] "n sub: 50, n images per sub: 5, sigma^2: 1, beta: 0.69, simulation: 41"
[1] "n sub: 50, n images per sub: 5, sigma^2: 2, beta: 0.69, simulation: 41"
[1] "n sub: 50, n images per sub: 5, sigma^2: 0.5, beta: 0.69, simulation: 41"
[1] "n sub: 50, n images per sub: 5, sigma^2: 2, beta: 0.69, simulation: 42"
[1] "n sub: 50, n images per sub: 5, sigma^2: 1, beta: 0.69, simulation: 42"
[1] "n sub: 50, n images per sub: 5, sigma^2: 0.5, beta: 0.69, simulation: 42"
[1] "n sub: 50, n images per sub: 5, sigma^2: 2, beta: 0.69, simulation: 43"
[1] "n sub: 50, n images per sub: 5, sigma^2: 1, beta: 0.69, simulation: 43"
[1] "n sub: 50, n images per sub: 5, sigma^2: 0.5, beta: 0.69, simulation: 43"
[1] "n sub: 50, n images per sub: 5, sigma^2: 2, beta: 0.69, simulation: 44"
[1] "n sub: 50, n images per sub: 5, sigma^2: 1, beta: 0.69, simulation: 44"
[1] "n sub: 50, n images per sub: 5, sigma^2: 0.5, beta: 0.69, simulation: 44"
[1] "n sub: 50, n images per sub: 5, sigma^2: 2, beta: 0.69, simulation: 45"
[1] "n sub: 50, n images per sub: 5, sigma^2: 1, beta: 0.69, simulation: 45"
[1] "n sub: 50, n images per sub: 5, sigma^2: 0.5, beta: 0.69, simulation: 45"
[1] "n sub: 50, n images per sub: 5, sigma^2: 2, beta: 0.69, simulation: 46"
[1] "n sub: 50, n images per sub: 5, sigma^2: 1, beta: 0.69, simulation: 46"
[1] "n sub: 50, n images per sub: 5, sigma^2: 0.5, beta: 0.69, simulation: 46"
[1] "n sub: 50, n images per sub: 5, sigma^2: 2, beta: 0.69, simulation: 47"
[1] "n sub: 50, n images per sub: 5, sigma^2: 1, beta: 0.69, simulation: 47"
[1] "n sub: 50, n images per sub: 5, sigma^2: 0.5, beta: 0.69, simulation: 47"
