 [1] 14797 14798 14799 14800 14801 14802 14803 14804 14805 14806 14807 14808
[13] 14809 14810 14811 14812 14813 14814 14815 14816 14817 14818 14819 14820
[25] 14821 14822 14823
[1] "n sub: 50, n images per sub: 5, sigma^2: 0.5, beta: 0, simulation: 33"
[1] "n sub: 50, n images per sub: 5, sigma^2: 1, beta: 0, simulation: 33"
[1] "n sub: 50, n images per sub: 5, sigma^2: 2, beta: 0, simulation: 33"
[1] "n sub: 50, n images per sub: 5, sigma^2: 0.5, beta: 0, simulation: 34"
[1] "n sub: 50, n images per sub: 5, sigma^2: 1, beta: 0, simulation: 34"
[1] "n sub: 50, n images per sub: 5, sigma^2: 2, beta: 0, simulation: 34"
[1] "n sub: 50, n images per sub: 5, sigma^2: 0.5, beta: 0, simulation: 35"
[1] "n sub: 50, n images per sub: 5, sigma^2: 1, beta: 0, simulation: 35"
[1] "n sub: 50, n images per sub: 5, sigma^2: 2, beta: 0, simulation: 35"
[1] "n sub: 50, n images per sub: 5, sigma^2: 0.5, beta: 0, simulation: 36"
[1] "n sub: 50, n images per sub: 5, sigma^2: 1, beta: 0, simulation: 36"
[1] "n sub: 50, n images per sub: 5, sigma^2: 2, beta: 0, simulation: 36"
[1] "n sub: 50, n images per sub: 5, sigma^2: 0.5, beta: 0, simulation: 37"
[1] "n sub: 50, n images per sub: 5, sigma^2: 1, beta: 0, simulation: 37"
[1] "n sub: 50, n images per sub: 5, sigma^2: 2, beta: 0, simulation: 37"
[1] "n sub: 50, n images per sub: 5, sigma^2: 0.5, beta: 0, simulation: 38"
[1] "n sub: 50, n images per sub: 5, sigma^2: 1, beta: 0, simulation: 38"
[1] "n sub: 50, n images per sub: 5, sigma^2: 2, beta: 0, simulation: 38"
[1] "n sub: 50, n images per sub: 5, sigma^2: 0.5, beta: 0, simulation: 39"
[1] "n sub: 50, n images per sub: 5, sigma^2: 1, beta: 0, simulation: 39"
[1] "n sub: 50, n images per sub: 5, sigma^2: 2, beta: 0, simulation: 39"
[1] "n sub: 50, n images per sub: 5, sigma^2: 0.5, beta: 0, simulation: 40"
[1] "n sub: 50, n images per sub: 5, sigma^2: 2, beta: 0, simulation: 40"
[1] "n sub: 50, n images per sub: 5, sigma^2: 1, beta: 0, simulation: 40"
[1] "n sub: 50, n images per sub: 5, sigma^2: 0.5, beta: 0, simulation: 41"
[1] "n sub: 50, n images per sub: 5, sigma^2: 2, beta: 0, simulation: 41"
[1] "n sub: 50, n images per sub: 5, sigma^2: 1, beta: 0, simulation: 41"
