 [1] 15931 15932 15933 15934 15935 15936 15937 15938 15939 15940 15941 15942
[13] 15943 15944 15945 15946 15947 15948 15949 15950 15951 15952 15953 15954
[25] 15955 15956 15957
[1] "n sub: 50, n images per sub: 5, sigma^2: 2, beta: 1.1, simulation: 11"
[1] "n sub: 50, n images per sub: 5, sigma^2: 1, beta: 1.1, simulation: 11"
[1] "n sub: 50, n images per sub: 5, sigma^2: 0.5, beta: 1.1, simulation: 11"
[1] "n sub: 50, n images per sub: 5, sigma^2: 2, beta: 1.1, simulation: 12"
[1] "n sub: 50, n images per sub: 5, sigma^2: 1, beta: 1.1, simulation: 12"
[1] "n sub: 50, n images per sub: 5, sigma^2: 0.5, beta: 1.1, simulation: 12"
[1] "n sub: 50, n images per sub: 5, sigma^2: 2, beta: 1.1, simulation: 13"
[1] "n sub: 50, n images per sub: 5, sigma^2: 1, beta: 1.1, simulation: 13"
[1] "n sub: 50, n images per sub: 5, sigma^2: 0.5, beta: 1.1, simulation: 13"
[1] "n sub: 50, n images per sub: 5, sigma^2: 2, beta: 1.1, simulation: 14"
[1] "n sub: 50, n images per sub: 5, sigma^2: 1, beta: 1.1, simulation: 14"
[1] "n sub: 50, n images per sub: 5, sigma^2: 0.5, beta: 1.1, simulation: 14"
[1] "n sub: 50, n images per sub: 5, sigma^2: 2, beta: 1.1, simulation: 15"
[1] "n sub: 50, n images per sub: 5, sigma^2: 1, beta: 1.1, simulation: 15"
[1] "n sub: 50, n images per sub: 5, sigma^2: 0.5, beta: 1.1, simulation: 15"
[1] "n sub: 50, n images per sub: 5, sigma^2: 2, beta: 1.1, simulation: 16"
[1] "n sub: 50, n images per sub: 5, sigma^2: 1, beta: 1.1, simulation: 16"
[1] "n sub: 50, n images per sub: 5, sigma^2: 0.5, beta: 1.1, simulation: 16"
[1] "n sub: 50, n images per sub: 5, sigma^2: 2, beta: 1.1, simulation: 17"
[1] "n sub: 50, n images per sub: 5, sigma^2: 1, beta: 1.1, simulation: 17"
[1] "n sub: 50, n images per sub: 5, sigma^2: 0.5, beta: 1.1, simulation: 17"
[1] "n sub: 50, n images per sub: 5, sigma^2: 2, beta: 1.1, simulation: 18"
[1] "n sub: 50, n images per sub: 5, sigma^2: 1, beta: 1.1, simulation: 18"
[1] "n sub: 50, n images per sub: 5, sigma^2: 0.5, beta: 1.1, simulation: 18"
[1] "n sub: 50, n images per sub: 5, sigma^2: 2, beta: 1.1, simulation: 19"
[1] "n sub: 50, n images per sub: 5, sigma^2: 1, beta: 1.1, simulation: 19"
[1] "n sub: 50, n images per sub: 5, sigma^2: 0.5, beta: 1.1, simulation: 19"
