 [1] 11179 11180 11181 11182 11183 11184 11185 11186 11187 11188 11189 11190
[13] 11191 11192 11193 11194 11195 11196 11197 11198 11199 11200 11201 11202
[25] 11203 11204 11205 11206 11207 11208 11209 11210 11211 11212 11213 11214
[37] 11215 11216 11217 11218 11219 11220 11221 11222 11223 11224 11225 11226
[49] 11227 11228 11229 11230 11231 11232
[1] "n sub: 30, n images per sub: 5, sigma^2: 2, beta: -0.69, simulation: 27"
[1] "n sub: 30, n images per sub: 5, sigma^2: 1, beta: -0.69, simulation: 27"
[1] "n sub: 30, n images per sub: 5, sigma^2: 0.5, beta: -0.69, simulation: 27"
[1] "n sub: 30, n images per sub: 5, sigma^2: 2, beta: -0.69, simulation: 28"
[1] "n sub: 30, n images per sub: 5, sigma^2: 1, beta: -0.69, simulation: 28"
[1] "n sub: 30, n images per sub: 5, sigma^2: 0.5, beta: -0.69, simulation: 28"
[1] "n sub: 30, n images per sub: 5, sigma^2: 2, beta: -0.69, simulation: 29"
[1] "n sub: 30, n images per sub: 5, sigma^2: 1, beta: -0.69, simulation: 29"
[1] "n sub: 30, n images per sub: 5, sigma^2: 0.5, beta: -0.69, simulation: 29"
[1] "n sub: 30, n images per sub: 5, sigma^2: 2, beta: -0.69, simulation: 30"
[1] "n sub: 30, n images per sub: 5, sigma^2: 1, beta: -0.69, simulation: 30"
[1] "n sub: 30, n images per sub: 5, sigma^2: 0.5, beta: -0.69, simulation: 30"
[1] "n sub: 30, n images per sub: 5, sigma^2: 2, beta: -0.69, simulation: 31"
[1] "n sub: 30, n images per sub: 5, sigma^2: 1, beta: -0.69, simulation: 31"
[1] "n sub: 30, n images per sub: 5, sigma^2: 0.5, beta: -0.69, simulation: 31"
[1] "n sub: 30, n images per sub: 5, sigma^2: 2, beta: -0.69, simulation: 32"
[1] "n sub: 30, n images per sub: 5, sigma^2: 1, beta: -0.69, simulation: 32"
[1] "n sub: 30, n images per sub: 5, sigma^2: 0.5, beta: -0.69, simulation: 32"
[1] "n sub: 30, n images per sub: 5, sigma^2: 2, beta: -0.69, simulation: 33"
[1] "n sub: 30, n images per sub: 5, sigma^2: 1, beta: -0.69, simulation: 33"
[1] "n sub: 30, n images per sub: 5, sigma^2: 0.5, beta: -0.69, simulation: 33"
[1] "n sub: 30, n images per sub: 5, sigma^2: 2, beta: -0.69, simulation: 34"
[1] "n sub: 30, n images per sub: 5, sigma^2: 1, beta: -0.69, simulation: 34"
[1] "n sub: 30, n images per sub: 5, sigma^2: 0.5, beta: -0.69, simulation: 34"
[1] "n sub: 30, n images per sub: 5, sigma^2: 2, beta: -0.69, simulation: 35"
[1] "n sub: 30, n images per sub: 5, sigma^2: 1, beta: -0.69, simulation: 35"
[1] "n sub: 30, n images per sub: 5, sigma^2: 0.5, beta: -0.69, simulation: 35"
[1] "n sub: 30, n images per sub: 5, sigma^2: 2, beta: -0.69, simulation: 36"
[1] "n sub: 30, n images per sub: 5, sigma^2: 1, beta: -0.69, simulation: 36"
[1] "n sub: 30, n images per sub: 5, sigma^2: 0.5, beta: -0.69, simulation: 36"
[1] "n sub: 30, n images per sub: 5, sigma^2: 2, beta: -0.69, simulation: 37"
[1] "n sub: 30, n images per sub: 5, sigma^2: 1, beta: -0.69, simulation: 37"
[1] "n sub: 30, n images per sub: 5, sigma^2: 0.5, beta: -0.69, simulation: 37"
[1] "n sub: 30, n images per sub: 5, sigma^2: 2, beta: -0.69, simulation: 38"
[1] "n sub: 30, n images per sub: 5, sigma^2: 0.5, beta: -0.69, simulation: 38"
[1] "n sub: 30, n images per sub: 5, sigma^2: 1, beta: -0.69, simulation: 38"
[1] "n sub: 30, n images per sub: 5, sigma^2: 2, beta: -0.69, simulation: 39"
[1] "n sub: 30, n images per sub: 5, sigma^2: 0.5, beta: -0.69, simulation: 39"
[1] "n sub: 30, n images per sub: 5, sigma^2: 1, beta: -0.69, simulation: 39"
[1] "n sub: 30, n images per sub: 5, sigma^2: 2, beta: -0.69, simulation: 40"
[1] "n sub: 30, n images per sub: 5, sigma^2: 0.5, beta: -0.69, simulation: 40"
[1] "n sub: 30, n images per sub: 5, sigma^2: 1, beta: -0.69, simulation: 40"
[1] "n sub: 30, n images per sub: 5, sigma^2: 2, beta: -0.69, simulation: 41"
[1] "n sub: 30, n images per sub: 5, sigma^2: 1, beta: -0.69, simulation: 41"
[1] "n sub: 30, n images per sub: 5, sigma^2: 0.5, beta: -0.69, simulation: 41"
[1] "n sub: 30, n images per sub: 5, sigma^2: 2, beta: -0.69, simulation: 42"
[1] "n sub: 30, n images per sub: 5, sigma^2: 1, beta: -0.69, simulation: 42"
[1] "n sub: 30, n images per sub: 5, sigma^2: 0.5, beta: -0.69, simulation: 42"
[1] "n sub: 30, n images per sub: 5, sigma^2: 2, beta: -0.69, simulation: 43"
[1] "n sub: 30, n images per sub: 5, sigma^2: 1, beta: -0.69, simulation: 43"
[1] "n sub: 30, n images per sub: 5, sigma^2: 0.5, beta: -0.69, simulation: 43"
[1] "n sub: 30, n images per sub: 5, sigma^2: 2, beta: -0.69, simulation: 44"
[1] "n sub: 30, n images per sub: 5, sigma^2: 1, beta: -0.69, simulation: 44"
[1] "n sub: 30, n images per sub: 5, sigma^2: 0.5, beta: -0.69, simulation: 44"
