 [1] 12313 12314 12315 12316 12317 12318 12319 12320 12321 12322 12323 12324
[13] 12325 12326 12327 12328 12329 12330 12331 12332 12333 12334 12335 12336
[25] 12337 12338 12339 12340 12341 12342 12343 12344 12345 12346 12347 12348
[37] 12349 12350 12351 12352 12353 12354 12355 12356 12357 12358 12359 12360
[49] 12361 12362 12363 12364 12365 12366
[1] "n sub: 30, n images per sub: 5, sigma^2: 2, beta: 0.22, simulation: 5"
[1] "n sub: 30, n images per sub: 5, sigma^2: 1, beta: 0.22, simulation: 5"
[1] "n sub: 30, n images per sub: 5, sigma^2: 0.5, beta: 0.22, simulation: 5"
[1] "n sub: 30, n images per sub: 5, sigma^2: 2, beta: 0.22, simulation: 6"
[1] "n sub: 30, n images per sub: 5, sigma^2: 1, beta: 0.22, simulation: 6"
[1] "n sub: 30, n images per sub: 5, sigma^2: 0.5, beta: 0.22, simulation: 6"
[1] "n sub: 30, n images per sub: 5, sigma^2: 2, beta: 0.22, simulation: 7"
[1] "n sub: 30, n images per sub: 5, sigma^2: 1, beta: 0.22, simulation: 7"
[1] "n sub: 30, n images per sub: 5, sigma^2: 0.5, beta: 0.22, simulation: 7"
[1] "n sub: 30, n images per sub: 5, sigma^2: 2, beta: 0.22, simulation: 8"
[1] "n sub: 30, n images per sub: 5, sigma^2: 1, beta: 0.22, simulation: 8"
[1] "n sub: 30, n images per sub: 5, sigma^2: 0.5, beta: 0.22, simulation: 8"
[1] "n sub: 30, n images per sub: 5, sigma^2: 2, beta: 0.22, simulation: 9"
[1] "n sub: 30, n images per sub: 5, sigma^2: 1, beta: 0.22, simulation: 9"
[1] "n sub: 30, n images per sub: 5, sigma^2: 0.5, beta: 0.22, simulation: 9"
[1] "n sub: 30, n images per sub: 5, sigma^2: 2, beta: 0.22, simulation: 10"
[1] "n sub: 30, n images per sub: 5, sigma^2: 1, beta: 0.22, simulation: 10"
[1] "n sub: 30, n images per sub: 5, sigma^2: 0.5, beta: 0.22, simulation: 10"
[1] "n sub: 30, n images per sub: 5, sigma^2: 2, beta: 0.22, simulation: 11"
[1] "n sub: 30, n images per sub: 5, sigma^2: 1, beta: 0.22, simulation: 11"
[1] "n sub: 30, n images per sub: 5, sigma^2: 0.5, beta: 0.22, simulation: 11"
[1] "n sub: 30, n images per sub: 5, sigma^2: 2, beta: 0.22, simulation: 12"
[1] "n sub: 30, n images per sub: 5, sigma^2: 1, beta: 0.22, simulation: 12"
[1] "n sub: 30, n images per sub: 5, sigma^2: 0.5, beta: 0.22, simulation: 12"
[1] "n sub: 30, n images per sub: 5, sigma^2: 2, beta: 0.22, simulation: 13"
[1] "n sub: 30, n images per sub: 5, sigma^2: 1, beta: 0.22, simulation: 13"
[1] "n sub: 30, n images per sub: 5, sigma^2: 0.5, beta: 0.22, simulation: 13"
[1] "n sub: 30, n images per sub: 5, sigma^2: 2, beta: 0.22, simulation: 14"
[1] "n sub: 30, n images per sub: 5, sigma^2: 1, beta: 0.22, simulation: 14"
[1] "n sub: 30, n images per sub: 5, sigma^2: 0.5, beta: 0.22, simulation: 14"
[1] "n sub: 30, n images per sub: 5, sigma^2: 2, beta: 0.22, simulation: 15"
[1] "n sub: 30, n images per sub: 5, sigma^2: 1, beta: 0.22, simulation: 15"
[1] "n sub: 30, n images per sub: 5, sigma^2: 0.5, beta: 0.22, simulation: 15"
[1] "n sub: 30, n images per sub: 5, sigma^2: 2, beta: 0.22, simulation: 16"
[1] "n sub: 30, n images per sub: 5, sigma^2: 1, beta: 0.22, simulation: 16"
[1] "n sub: 30, n images per sub: 5, sigma^2: 0.5, beta: 0.22, simulation: 16"
[1] "n sub: 30, n images per sub: 5, sigma^2: 2, beta: 0.22, simulation: 17"
[1] "n sub: 30, n images per sub: 5, sigma^2: 1, beta: 0.22, simulation: 17"
[1] "n sub: 30, n images per sub: 5, sigma^2: 0.5, beta: 0.22, simulation: 17"
[1] "n sub: 30, n images per sub: 5, sigma^2: 2, beta: 0.22, simulation: 18"
[1] "n sub: 30, n images per sub: 5, sigma^2: 1, beta: 0.22, simulation: 18"
[1] "n sub: 30, n images per sub: 5, sigma^2: 0.5, beta: 0.22, simulation: 18"
[1] "n sub: 30, n images per sub: 5, sigma^2: 2, beta: 0.22, simulation: 19"
[1] "n sub: 30, n images per sub: 5, sigma^2: 1, beta: 0.22, simulation: 19"
[1] "n sub: 30, n images per sub: 5, sigma^2: 0.5, beta: 0.22, simulation: 19"
[1] "n sub: 30, n images per sub: 5, sigma^2: 2, beta: 0.22, simulation: 20"
[1] "n sub: 30, n images per sub: 5, sigma^2: 1, beta: 0.22, simulation: 20"
[1] "n sub: 30, n images per sub: 5, sigma^2: 0.5, beta: 0.22, simulation: 20"
[1] "n sub: 30, n images per sub: 5, sigma^2: 2, beta: 0.22, simulation: 21"
[1] "n sub: 30, n images per sub: 5, sigma^2: 1, beta: 0.22, simulation: 21"
[1] "n sub: 30, n images per sub: 5, sigma^2: 0.5, beta: 0.22, simulation: 21"
[1] "n sub: 30, n images per sub: 5, sigma^2: 2, beta: 0.22, simulation: 22"
[1] "n sub: 30, n images per sub: 5, sigma^2: 1, beta: 0.22, simulation: 22"
[1] "n sub: 30, n images per sub: 5, sigma^2: 0.5, beta: 0.22, simulation: 22"
