 [1] 15850 15851 15852 15853 15854 15855 15856 15857 15858 15859 15860 15861
[13] 15862 15863 15864 15865 15866 15867 15868 15869 15870 15871 15872 15873
[25] 15874 15875 15876
[1] "n sub: 50, n images per sub: 5, sigma^2: 2, beta: 0.69, simulation: 84"
[1] "n sub: 50, n images per sub: 5, sigma^2: 1, beta: 0.69, simulation: 84"
[1] "n sub: 50, n images per sub: 5, sigma^2: 0.5, beta: 0.69, simulation: 84"
[1] "n sub: 50, n images per sub: 5, sigma^2: 2, beta: 0.69, simulation: 85"
[1] "n sub: 50, n images per sub: 5, sigma^2: 1, beta: 0.69, simulation: 85"
[1] "n sub: 50, n images per sub: 5, sigma^2: 0.5, beta: 0.69, simulation: 85"
[1] "n sub: 50, n images per sub: 5, sigma^2: 2, beta: 0.69, simulation: 86"
[1] "n sub: 50, n images per sub: 5, sigma^2: 1, beta: 0.69, simulation: 86"
[1] "n sub: 50, n images per sub: 5, sigma^2: 0.5, beta: 0.69, simulation: 86"
[1] "n sub: 50, n images per sub: 5, sigma^2: 2, beta: 0.69, simulation: 87"
[1] "n sub: 50, n images per sub: 5, sigma^2: 1, beta: 0.69, simulation: 87"
[1] "n sub: 50, n images per sub: 5, sigma^2: 0.5, beta: 0.69, simulation: 87"
[1] "n sub: 50, n images per sub: 5, sigma^2: 2, beta: 0.69, simulation: 88"
[1] "n sub: 50, n images per sub: 5, sigma^2: 1, beta: 0.69, simulation: 88"
[1] "n sub: 50, n images per sub: 5, sigma^2: 0.5, beta: 0.69, simulation: 88"
[1] "n sub: 50, n images per sub: 5, sigma^2: 2, beta: 0.69, simulation: 89"
[1] "n sub: 50, n images per sub: 5, sigma^2: 1, beta: 0.69, simulation: 89"
[1] "n sub: 50, n images per sub: 5, sigma^2: 0.5, beta: 0.69, simulation: 89"
[1] "n sub: 50, n images per sub: 5, sigma^2: 2, beta: 0.69, simulation: 90"
[1] "n sub: 50, n images per sub: 5, sigma^2: 1, beta: 0.69, simulation: 90"
[1] "n sub: 50, n images per sub: 5, sigma^2: 0.5, beta: 0.69, simulation: 90"
[1] "n sub: 50, n images per sub: 5, sigma^2: 2, beta: 0.69, simulation: 91"
[1] "n sub: 50, n images per sub: 5, sigma^2: 1, beta: 0.69, simulation: 91"
[1] "n sub: 50, n images per sub: 5, sigma^2: 0.5, beta: 0.69, simulation: 91"
[1] "n sub: 50, n images per sub: 5, sigma^2: 2, beta: 0.69, simulation: 92"
[1] "n sub: 50, n images per sub: 5, sigma^2: 1, beta: 0.69, simulation: 92"
[1] "n sub: 50, n images per sub: 5, sigma^2: 0.5, beta: 0.69, simulation: 92"
