  [1] 6346 6347 6348 6349 6350 6351 6352 6353 6354 6355 6356 6357 6358 6359 6360
 [16] 6361 6362 6363 6364 6365 6366 6367 6368 6369 6370 6371 6372 6373 6374 6375
 [31] 6376 6377 6378 6379 6380 6381 6382 6383 6384 6385 6386 6387 6388 6389 6390
 [46] 6391 6392 6393 6394 6395 6396 6397 6398 6399 6400 6401 6402 6403 6404 6405
 [61] 6406 6407 6408 6409 6410 6411 6412 6413 6414 6415 6416 6417 6418 6419 6420
 [76] 6421 6422 6423 6424 6425 6426 6427 6428 6429 6430 6431 6432 6433 6434 6435
 [91] 6436 6437 6438 6439 6440 6441 6442 6443 6444 6445 6446 6447 6448 6449 6450
[106] 6451 6452 6453 6454 6455 6456 6457 6458 6459 6460 6461 6462 6463 6464 6465
[121] 6466 6467 6468 6469 6470 6471 6472 6473 6474 6475 6476 6477 6478 6479 6480
[1] "n sub: 50, n images per sub: 1, sigma^2: 2, beta: -0.22, simulation: 16"
[1] "n sub: 50, n images per sub: 1, sigma^2: 1, beta: -0.22, simulation: 16"
[1] "n sub: 50, n images per sub: 1, sigma^2: 0.5, beta: -0.22, simulation: 16"
[1] "n sub: 50, n images per sub: 1, sigma^2: 2, beta: -0.22, simulation: 17"
[1] "n sub: 50, n images per sub: 1, sigma^2: 1, beta: -0.22, simulation: 17"
[1] "n sub: 50, n images per sub: 1, sigma^2: 0.5, beta: -0.22, simulation: 17"
[1] "n sub: 50, n images per sub: 1, sigma^2: 2, beta: -0.22, simulation: 18"
[1] "n sub: 50, n images per sub: 1, sigma^2: 1, beta: -0.22, simulation: 18"
[1] "n sub: 50, n images per sub: 1, sigma^2: 0.5, beta: -0.22, simulation: 18"
[1] "n sub: 50, n images per sub: 1, sigma^2: 2, beta: -0.22, simulation: 19"
[1] "n sub: 50, n images per sub: 1, sigma^2: 1, beta: -0.22, simulation: 19"
[1] "n sub: 50, n images per sub: 1, sigma^2: 0.5, beta: -0.22, simulation: 19"
[1] "n sub: 50, n images per sub: 1, sigma^2: 2, beta: -0.22, simulation: 20"
[1] "n sub: 50, n images per sub: 1, sigma^2: 1, beta: -0.22, simulation: 20"
[1] "n sub: 50, n images per sub: 1, sigma^2: 0.5, beta: -0.22, simulation: 20"
[1] "n sub: 50, n images per sub: 1, sigma^2: 2, beta: -0.22, simulation: 21"
[1] "n sub: 50, n images per sub: 1, sigma^2: 1, beta: -0.22, simulation: 21"
[1] "n sub: 50, n images per sub: 1, sigma^2: 0.5, beta: -0.22, simulation: 21"
[1] "n sub: 50, n images per sub: 1, sigma^2: 2, beta: -0.22, simulation: 22"
[1] "n sub: 50, n images per sub: 1, sigma^2: 1, beta: -0.22, simulation: 22"
[1] "n sub: 50, n images per sub: 1, sigma^2: 0.5, beta: -0.22, simulation: 22"
[1] "n sub: 50, n images per sub: 1, sigma^2: 2, beta: -0.22, simulation: 23"
[1] "n sub: 50, n images per sub: 1, sigma^2: 1, beta: -0.22, simulation: 23"
[1] "n sub: 50, n images per sub: 1, sigma^2: 0.5, beta: -0.22, simulation: 23"
[1] "n sub: 50, n images per sub: 1, sigma^2: 2, beta: -0.22, simulation: 24"
[1] "n sub: 50, n images per sub: 1, sigma^2: 1, beta: -0.22, simulation: 24"
[1] "n sub: 50, n images per sub: 1, sigma^2: 0.5, beta: -0.22, simulation: 24"
[1] "n sub: 50, n images per sub: 1, sigma^2: 2, beta: -0.22, simulation: 25"
[1] "n sub: 50, n images per sub: 1, sigma^2: 1, beta: -0.22, simulation: 25"
[1] "n sub: 50, n images per sub: 1, sigma^2: 0.5, beta: -0.22, simulation: 25"
[1] "n sub: 50, n images per sub: 1, sigma^2: 2, beta: -0.22, simulation: 26"
[1] "n sub: 50, n images per sub: 1, sigma^2: 1, beta: -0.22, simulation: 26"
[1] "n sub: 50, n images per sub: 1, sigma^2: 0.5, beta: -0.22, simulation: 26"
[1] "n sub: 50, n images per sub: 1, sigma^2: 2, beta: -0.22, simulation: 27"
[1] "n sub: 50, n images per sub: 1, sigma^2: 1, beta: -0.22, simulation: 27"
[1] "n sub: 50, n images per sub: 1, sigma^2: 0.5, beta: -0.22, simulation: 27"
[1] "n sub: 50, n images per sub: 1, sigma^2: 2, beta: -0.22, simulation: 28"
[1] "n sub: 50, n images per sub: 1, sigma^2: 1, beta: -0.22, simulation: 28"
[1] "n sub: 50, n images per sub: 1, sigma^2: 0.5, beta: -0.22, simulation: 28"
[1] "n sub: 50, n images per sub: 1, sigma^2: 2, beta: -0.22, simulation: 29"
[1] "n sub: 50, n images per sub: 1, sigma^2: 1, beta: -0.22, simulation: 29"
[1] "n sub: 50, n images per sub: 1, sigma^2: 0.5, beta: -0.22, simulation: 29"
[1] "n sub: 50, n images per sub: 1, sigma^2: 2, beta: -0.22, simulation: 30"
[1] "n sub: 50, n images per sub: 1, sigma^2: 1, beta: -0.22, simulation: 30"
[1] "n sub: 50, n images per sub: 1, sigma^2: 0.5, beta: -0.22, simulation: 30"
[1] "n sub: 50, n images per sub: 1, sigma^2: 2, beta: -0.22, simulation: 31"
[1] "n sub: 50, n images per sub: 1, sigma^2: 1, beta: -0.22, simulation: 31"
[1] "n sub: 50, n images per sub: 1, sigma^2: 0.5, beta: -0.22, simulation: 31"
[1] "n sub: 50, n images per sub: 1, sigma^2: 2, beta: -0.22, simulation: 32"
[1] "n sub: 50, n images per sub: 1, sigma^2: 1, beta: -0.22, simulation: 32"
[1] "n sub: 50, n images per sub: 1, sigma^2: 0.5, beta: -0.22, simulation: 32"
[1] "n sub: 50, n images per sub: 1, sigma^2: 2, beta: -0.22, simulation: 33"
[1] "n sub: 50, n images per sub: 1, sigma^2: 1, beta: -0.22, simulation: 33"
[1] "n sub: 50, n images per sub: 1, sigma^2: 0.5, beta: -0.22, simulation: 33"
[1] "n sub: 50, n images per sub: 1, sigma^2: 2, beta: -0.22, simulation: 34"
[1] "n sub: 50, n images per sub: 1, sigma^2: 1, beta: -0.22, simulation: 34"
[1] "n sub: 50, n images per sub: 1, sigma^2: 0.5, beta: -0.22, simulation: 34"
[1] "n sub: 50, n images per sub: 1, sigma^2: 2, beta: -0.22, simulation: 35"
[1] "n sub: 50, n images per sub: 1, sigma^2: 1, beta: -0.22, simulation: 35"
[1] "n sub: 50, n images per sub: 1, sigma^2: 0.5, beta: -0.22, simulation: 35"
[1] "n sub: 50, n images per sub: 1, sigma^2: 2, beta: -0.22, simulation: 36"
[1] "n sub: 50, n images per sub: 1, sigma^2: 1, beta: -0.22, simulation: 36"
[1] "n sub: 50, n images per sub: 1, sigma^2: 0.5, beta: -0.22, simulation: 36"
[1] "n sub: 50, n images per sub: 1, sigma^2: 2, beta: -0.22, simulation: 37"
[1] "n sub: 50, n images per sub: 1, sigma^2: 1, beta: -0.22, simulation: 37"
[1] "n sub: 50, n images per sub: 1, sigma^2: 0.5, beta: -0.22, simulation: 37"
[1] "n sub: 50, n images per sub: 1, sigma^2: 2, beta: -0.22, simulation: 38"
[1] "n sub: 50, n images per sub: 1, sigma^2: 1, beta: -0.22, simulation: 38"
[1] "n sub: 50, n images per sub: 1, sigma^2: 0.5, beta: -0.22, simulation: 38"
[1] "n sub: 50, n images per sub: 1, sigma^2: 2, beta: -0.22, simulation: 39"
[1] "n sub: 50, n images per sub: 1, sigma^2: 1, beta: -0.22, simulation: 39"
[1] "n sub: 50, n images per sub: 1, sigma^2: 0.5, beta: -0.22, simulation: 39"
[1] "n sub: 50, n images per sub: 1, sigma^2: 2, beta: -0.22, simulation: 40"
[1] "n sub: 50, n images per sub: 1, sigma^2: 1, beta: -0.22, simulation: 40"
[1] "n sub: 50, n images per sub: 1, sigma^2: 0.5, beta: -0.22, simulation: 40"
[1] "n sub: 50, n images per sub: 1, sigma^2: 2, beta: -0.22, simulation: 41"
[1] "n sub: 50, n images per sub: 1, sigma^2: 1, beta: -0.22, simulation: 41"
[1] "n sub: 50, n images per sub: 1, sigma^2: 0.5, beta: -0.22, simulation: 41"
[1] "n sub: 50, n images per sub: 1, sigma^2: 2, beta: -0.22, simulation: 42"
[1] "n sub: 50, n images per sub: 1, sigma^2: 1, beta: -0.22, simulation: 42"
[1] "n sub: 50, n images per sub: 1, sigma^2: 0.5, beta: -0.22, simulation: 42"
[1] "n sub: 50, n images per sub: 1, sigma^2: 2, beta: -0.22, simulation: 43"
[1] "n sub: 50, n images per sub: 1, sigma^2: 1, beta: -0.22, simulation: 43"
[1] "n sub: 50, n images per sub: 1, sigma^2: 0.5, beta: -0.22, simulation: 43"
[1] "n sub: 50, n images per sub: 1, sigma^2: 2, beta: -0.22, simulation: 44"
[1] "n sub: 50, n images per sub: 1, sigma^2: 1, beta: -0.22, simulation: 44"
[1] "n sub: 50, n images per sub: 1, sigma^2: 0.5, beta: -0.22, simulation: 44"
[1] "n sub: 50, n images per sub: 1, sigma^2: 2, beta: -0.22, simulation: 45"
[1] "n sub: 50, n images per sub: 1, sigma^2: 1, beta: -0.22, simulation: 45"
[1] "n sub: 50, n images per sub: 1, sigma^2: 0.5, beta: -0.22, simulation: 45"
[1] "n sub: 50, n images per sub: 1, sigma^2: 2, beta: -0.22, simulation: 46"
[1] "n sub: 50, n images per sub: 1, sigma^2: 1, beta: -0.22, simulation: 46"
[1] "n sub: 50, n images per sub: 1, sigma^2: 0.5, beta: -0.22, simulation: 46"
[1] "n sub: 50, n images per sub: 1, sigma^2: 2, beta: -0.22, simulation: 47"
[1] "n sub: 50, n images per sub: 1, sigma^2: 1, beta: -0.22, simulation: 47"
[1] "n sub: 50, n images per sub: 1, sigma^2: 0.5, beta: -0.22, simulation: 47"
[1] "n sub: 50, n images per sub: 1, sigma^2: 2, beta: -0.22, simulation: 48"
[1] "n sub: 50, n images per sub: 1, sigma^2: 1, beta: -0.22, simulation: 48"
[1] "n sub: 50, n images per sub: 1, sigma^2: 0.5, beta: -0.22, simulation: 48"
[1] "n sub: 50, n images per sub: 1, sigma^2: 2, beta: -0.22, simulation: 49"
[1] "n sub: 50, n images per sub: 1, sigma^2: 1, beta: -0.22, simulation: 49"
[1] "n sub: 50, n images per sub: 1, sigma^2: 0.5, beta: -0.22, simulation: 49"
[1] "n sub: 50, n images per sub: 1, sigma^2: 2, beta: -0.22, simulation: 50"
[1] "n sub: 50, n images per sub: 1, sigma^2: 1, beta: -0.22, simulation: 50"
[1] "n sub: 50, n images per sub: 1, sigma^2: 0.5, beta: -0.22, simulation: 50"
[1] "n sub: 50, n images per sub: 1, sigma^2: 2, beta: -0.22, simulation: 51"
[1] "n sub: 50, n images per sub: 1, sigma^2: 1, beta: -0.22, simulation: 51"
[1] "n sub: 50, n images per sub: 1, sigma^2: 0.5, beta: -0.22, simulation: 51"
[1] "n sub: 50, n images per sub: 1, sigma^2: 2, beta: -0.22, simulation: 52"
[1] "n sub: 50, n images per sub: 1, sigma^2: 1, beta: -0.22, simulation: 52"
[1] "n sub: 50, n images per sub: 1, sigma^2: 0.5, beta: -0.22, simulation: 52"
[1] "n sub: 50, n images per sub: 1, sigma^2: 2, beta: -0.22, simulation: 53"
[1] "n sub: 50, n images per sub: 1, sigma^2: 1, beta: -0.22, simulation: 53"
[1] "n sub: 50, n images per sub: 1, sigma^2: 0.5, beta: -0.22, simulation: 53"
[1] "n sub: 50, n images per sub: 1, sigma^2: 2, beta: -0.22, simulation: 54"
[1] "n sub: 50, n images per sub: 1, sigma^2: 1, beta: -0.22, simulation: 54"
[1] "n sub: 50, n images per sub: 1, sigma^2: 0.5, beta: -0.22, simulation: 54"
[1] "n sub: 50, n images per sub: 1, sigma^2: 2, beta: -0.22, simulation: 55"
[1] "n sub: 50, n images per sub: 1, sigma^2: 1, beta: -0.22, simulation: 55"
[1] "n sub: 50, n images per sub: 1, sigma^2: 0.5, beta: -0.22, simulation: 55"
[1] "n sub: 50, n images per sub: 1, sigma^2: 2, beta: -0.22, simulation: 56"
[1] "n sub: 50, n images per sub: 1, sigma^2: 1, beta: -0.22, simulation: 56"
[1] "n sub: 50, n images per sub: 1, sigma^2: 0.5, beta: -0.22, simulation: 56"
[1] "n sub: 50, n images per sub: 1, sigma^2: 2, beta: -0.22, simulation: 57"
[1] "n sub: 50, n images per sub: 1, sigma^2: 1, beta: -0.22, simulation: 57"
[1] "n sub: 50, n images per sub: 1, sigma^2: 0.5, beta: -0.22, simulation: 57"
[1] "n sub: 50, n images per sub: 1, sigma^2: 2, beta: -0.22, simulation: 58"
[1] "n sub: 50, n images per sub: 1, sigma^2: 1, beta: -0.22, simulation: 58"
[1] "n sub: 50, n images per sub: 1, sigma^2: 0.5, beta: -0.22, simulation: 58"
[1] "n sub: 50, n images per sub: 1, sigma^2: 2, beta: -0.22, simulation: 59"
[1] "n sub: 50, n images per sub: 1, sigma^2: 1, beta: -0.22, simulation: 59"
[1] "n sub: 50, n images per sub: 1, sigma^2: 0.5, beta: -0.22, simulation: 59"
[1] "n sub: 50, n images per sub: 1, sigma^2: 2, beta: -0.22, simulation: 60"
[1] "n sub: 50, n images per sub: 1, sigma^2: 1, beta: -0.22, simulation: 60"
[1] "n sub: 50, n images per sub: 1, sigma^2: 0.5, beta: -0.22, simulation: 60"
