 [1] 12529 12530 12531 12532 12533 12534 12535 12536 12537 12538 12539 12540
[13] 12541 12542 12543 12544 12545 12546 12547 12548 12549 12550 12551 12552
[25] 12553 12554 12555 12556 12557 12558 12559 12560 12561 12562 12563 12564
[37] 12565 12566 12567 12568 12569 12570 12571 12572 12573 12574 12575 12576
[49] 12577 12578 12579 12580 12581 12582
[1] "n sub: 30, n images per sub: 5, sigma^2: 2, beta: 0.22, simulation: 77"
[1] "n sub: 30, n images per sub: 5, sigma^2: 1, beta: 0.22, simulation: 77"
[1] "n sub: 30, n images per sub: 5, sigma^2: 0.5, beta: 0.22, simulation: 77"
[1] "n sub: 30, n images per sub: 5, sigma^2: 2, beta: 0.22, simulation: 78"
[1] "n sub: 30, n images per sub: 5, sigma^2: 1, beta: 0.22, simulation: 78"
[1] "n sub: 30, n images per sub: 5, sigma^2: 0.5, beta: 0.22, simulation: 78"
[1] "n sub: 30, n images per sub: 5, sigma^2: 2, beta: 0.22, simulation: 79"
[1] "n sub: 30, n images per sub: 5, sigma^2: 1, beta: 0.22, simulation: 79"
[1] "n sub: 30, n images per sub: 5, sigma^2: 0.5, beta: 0.22, simulation: 79"
[1] "n sub: 30, n images per sub: 5, sigma^2: 2, beta: 0.22, simulation: 80"
[1] "n sub: 30, n images per sub: 5, sigma^2: 1, beta: 0.22, simulation: 80"
[1] "n sub: 30, n images per sub: 5, sigma^2: 0.5, beta: 0.22, simulation: 80"
[1] "n sub: 30, n images per sub: 5, sigma^2: 2, beta: 0.22, simulation: 81"
[1] "n sub: 30, n images per sub: 5, sigma^2: 1, beta: 0.22, simulation: 81"
[1] "n sub: 30, n images per sub: 5, sigma^2: 0.5, beta: 0.22, simulation: 81"
[1] "n sub: 30, n images per sub: 5, sigma^2: 2, beta: 0.22, simulation: 82"
[1] "n sub: 30, n images per sub: 5, sigma^2: 1, beta: 0.22, simulation: 82"
[1] "n sub: 30, n images per sub: 5, sigma^2: 0.5, beta: 0.22, simulation: 82"
[1] "n sub: 30, n images per sub: 5, sigma^2: 2, beta: 0.22, simulation: 83"
[1] "n sub: 30, n images per sub: 5, sigma^2: 1, beta: 0.22, simulation: 83"
[1] "n sub: 30, n images per sub: 5, sigma^2: 0.5, beta: 0.22, simulation: 83"
[1] "n sub: 30, n images per sub: 5, sigma^2: 2, beta: 0.22, simulation: 84"
[1] "n sub: 30, n images per sub: 5, sigma^2: 1, beta: 0.22, simulation: 84"
[1] "n sub: 30, n images per sub: 5, sigma^2: 0.5, beta: 0.22, simulation: 84"
[1] "n sub: 30, n images per sub: 5, sigma^2: 2, beta: 0.22, simulation: 85"
[1] "n sub: 30, n images per sub: 5, sigma^2: 1, beta: 0.22, simulation: 85"
[1] "n sub: 30, n images per sub: 5, sigma^2: 0.5, beta: 0.22, simulation: 85"
[1] "n sub: 30, n images per sub: 5, sigma^2: 2, beta: 0.22, simulation: 86"
[1] "n sub: 30, n images per sub: 5, sigma^2: 1, beta: 0.22, simulation: 86"
[1] "n sub: 30, n images per sub: 5, sigma^2: 0.5, beta: 0.22, simulation: 86"
[1] "n sub: 30, n images per sub: 5, sigma^2: 2, beta: 0.22, simulation: 87"
[1] "n sub: 30, n images per sub: 5, sigma^2: 1, beta: 0.22, simulation: 87"
[1] "n sub: 30, n images per sub: 5, sigma^2: 0.5, beta: 0.22, simulation: 87"
[1] "n sub: 30, n images per sub: 5, sigma^2: 2, beta: 0.22, simulation: 88"
[1] "n sub: 30, n images per sub: 5, sigma^2: 1, beta: 0.22, simulation: 88"
[1] "n sub: 30, n images per sub: 5, sigma^2: 0.5, beta: 0.22, simulation: 88"
[1] "n sub: 30, n images per sub: 5, sigma^2: 2, beta: 0.22, simulation: 89"
[1] "n sub: 30, n images per sub: 5, sigma^2: 1, beta: 0.22, simulation: 89"
[1] "n sub: 30, n images per sub: 5, sigma^2: 0.5, beta: 0.22, simulation: 89"
[1] "n sub: 30, n images per sub: 5, sigma^2: 2, beta: 0.22, simulation: 90"
[1] "n sub: 30, n images per sub: 5, sigma^2: 1, beta: 0.22, simulation: 90"
[1] "n sub: 30, n images per sub: 5, sigma^2: 0.5, beta: 0.22, simulation: 90"
[1] "n sub: 30, n images per sub: 5, sigma^2: 2, beta: 0.22, simulation: 91"
[1] "n sub: 30, n images per sub: 5, sigma^2: 1, beta: 0.22, simulation: 91"
[1] "n sub: 30, n images per sub: 5, sigma^2: 0.5, beta: 0.22, simulation: 91"
[1] "n sub: 30, n images per sub: 5, sigma^2: 2, beta: 0.22, simulation: 92"
[1] "n sub: 30, n images per sub: 5, sigma^2: 1, beta: 0.22, simulation: 92"
[1] "n sub: 30, n images per sub: 5, sigma^2: 0.5, beta: 0.22, simulation: 92"
[1] "n sub: 30, n images per sub: 5, sigma^2: 2, beta: 0.22, simulation: 93"
[1] "n sub: 30, n images per sub: 5, sigma^2: 1, beta: 0.22, simulation: 93"
[1] "n sub: 30, n images per sub: 5, sigma^2: 0.5, beta: 0.22, simulation: 93"
[1] "n sub: 30, n images per sub: 5, sigma^2: 2, beta: 0.22, simulation: 94"
[1] "n sub: 30, n images per sub: 5, sigma^2: 1, beta: 0.22, simulation: 94"
[1] "n sub: 30, n images per sub: 5, sigma^2: 0.5, beta: 0.22, simulation: 94"
