 [1] 13690 13691 13692 13693 13694 13695 13696 13697 13698 13699 13700 13701
[13] 13702 13703 13704 13705 13706 13707 13708 13709 13710 13711 13712 13713
[25] 13714 13715 13716
[1] "n sub: 50, n images per sub: 5, sigma^2: 0.5, beta: -1.1, simulation: 64"
[1] "n sub: 50, n images per sub: 5, sigma^2: 1, beta: -1.1, simulation: 64"
[1] "n sub: 50, n images per sub: 5, sigma^2: 2, beta: -1.1, simulation: 64"
[1] "n sub: 50, n images per sub: 5, sigma^2: 0.5, beta: -1.1, simulation: 65"
[1] "n sub: 50, n images per sub: 5, sigma^2: 1, beta: -1.1, simulation: 65"
[1] "n sub: 50, n images per sub: 5, sigma^2: 2, beta: -1.1, simulation: 65"
[1] "n sub: 50, n images per sub: 5, sigma^2: 0.5, beta: -1.1, simulation: 66"
[1] "n sub: 50, n images per sub: 5, sigma^2: 1, beta: -1.1, simulation: 66"
[1] "n sub: 50, n images per sub: 5, sigma^2: 2, beta: -1.1, simulation: 66"
[1] "n sub: 50, n images per sub: 5, sigma^2: 0.5, beta: -1.1, simulation: 67"
[1] "n sub: 50, n images per sub: 5, sigma^2: 1, beta: -1.1, simulation: 67"
[1] "n sub: 50, n images per sub: 5, sigma^2: 2, beta: -1.1, simulation: 67"
[1] "n sub: 50, n images per sub: 5, sigma^2: 2, beta: -1.1, simulation: 68"
[1] "n sub: 50, n images per sub: 5, sigma^2: 0.5, beta: -1.1, simulation: 68"
[1] "n sub: 50, n images per sub: 5, sigma^2: 1, beta: -1.1, simulation: 68"
[1] "n sub: 50, n images per sub: 5, sigma^2: 2, beta: -1.1, simulation: 69"
[1] "n sub: 50, n images per sub: 5, sigma^2: 0.5, beta: -1.1, simulation: 69"
[1] "n sub: 50, n images per sub: 5, sigma^2: 1, beta: -1.1, simulation: 69"
[1] "n sub: 50, n images per sub: 5, sigma^2: 2, beta: -1.1, simulation: 70"
[1] "n sub: 50, n images per sub: 5, sigma^2: 1, beta: -1.1, simulation: 70"
[1] "n sub: 50, n images per sub: 5, sigma^2: 0.5, beta: -1.1, simulation: 70"
[1] "n sub: 50, n images per sub: 5, sigma^2: 2, beta: -1.1, simulation: 71"
[1] "n sub: 50, n images per sub: 5, sigma^2: 0.5, beta: -1.1, simulation: 71"
[1] "n sub: 50, n images per sub: 5, sigma^2: 1, beta: -1.1, simulation: 71"
[1] "n sub: 50, n images per sub: 5, sigma^2: 2, beta: -1.1, simulation: 72"
[1] "n sub: 50, n images per sub: 5, sigma^2: 1, beta: -1.1, simulation: 72"
[1] "n sub: 50, n images per sub: 5, sigma^2: 0.5, beta: -1.1, simulation: 72"
