  [1] 8425 8426 8427 8428 8429 8430 8431 8432 8433 8434 8435 8436 8437 8438 8439
 [16] 8440 8441 8442 8443 8444 8445 8446 8447 8448 8449 8450 8451 8452 8453 8454
 [31] 8455 8456 8457 8458 8459 8460 8461 8462 8463 8464 8465 8466 8467 8468 8469
 [46] 8470 8471 8472 8473 8474 8475 8476 8477 8478 8479 8480 8481 8482 8483 8484
 [61] 8485 8486 8487 8488 8489 8490 8491 8492 8493 8494 8495 8496 8497 8498 8499
 [76] 8500 8501 8502 8503 8504 8505 8506 8507 8508 8509 8510 8511 8512 8513 8514
 [91] 8515 8516 8517 8518 8519 8520 8521 8522 8523 8524 8525 8526 8527 8528 8529
[106] 8530 8531 8532
[1] "n sub: 10, n images per sub: 5, sigma^2: 2, beta: -0.69, simulation: 9"
[1] "n sub: 10, n images per sub: 5, sigma^2: 1, beta: -0.69, simulation: 9"
[1] "n sub: 10, n images per sub: 5, sigma^2: 0.5, beta: -0.69, simulation: 9"
[1] "n sub: 10, n images per sub: 5, sigma^2: 2, beta: -0.69, simulation: 10"
[1] "n sub: 10, n images per sub: 5, sigma^2: 1, beta: -0.69, simulation: 10"
[1] "n sub: 10, n images per sub: 5, sigma^2: 0.5, beta: -0.69, simulation: 10"
[1] "n sub: 10, n images per sub: 5, sigma^2: 2, beta: -0.69, simulation: 11"
[1] "n sub: 10, n images per sub: 5, sigma^2: 1, beta: -0.69, simulation: 11"
[1] "n sub: 10, n images per sub: 5, sigma^2: 0.5, beta: -0.69, simulation: 11"
[1] "n sub: 10, n images per sub: 5, sigma^2: 2, beta: -0.69, simulation: 12"
[1] "n sub: 10, n images per sub: 5, sigma^2: 1, beta: -0.69, simulation: 12"
[1] "n sub: 10, n images per sub: 5, sigma^2: 0.5, beta: -0.69, simulation: 12"
[1] "n sub: 10, n images per sub: 5, sigma^2: 2, beta: -0.69, simulation: 13"
[1] "n sub: 10, n images per sub: 5, sigma^2: 1, beta: -0.69, simulation: 13"
[1] "n sub: 10, n images per sub: 5, sigma^2: 0.5, beta: -0.69, simulation: 13"
[1] "n sub: 10, n images per sub: 5, sigma^2: 2, beta: -0.69, simulation: 14"
[1] "n sub: 10, n images per sub: 5, sigma^2: 1, beta: -0.69, simulation: 14"
[1] "n sub: 10, n images per sub: 5, sigma^2: 0.5, beta: -0.69, simulation: 14"
[1] "n sub: 10, n images per sub: 5, sigma^2: 2, beta: -0.69, simulation: 15"
[1] "n sub: 10, n images per sub: 5, sigma^2: 1, beta: -0.69, simulation: 15"
[1] "n sub: 10, n images per sub: 5, sigma^2: 0.5, beta: -0.69, simulation: 15"
[1] "n sub: 10, n images per sub: 5, sigma^2: 2, beta: -0.69, simulation: 16"
[1] "n sub: 10, n images per sub: 5, sigma^2: 1, beta: -0.69, simulation: 16"
[1] "n sub: 10, n images per sub: 5, sigma^2: 0.5, beta: -0.69, simulation: 16"
[1] "n sub: 10, n images per sub: 5, sigma^2: 2, beta: -0.69, simulation: 17"
[1] "n sub: 10, n images per sub: 5, sigma^2: 1, beta: -0.69, simulation: 17"
[1] "n sub: 10, n images per sub: 5, sigma^2: 0.5, beta: -0.69, simulation: 17"
[1] "n sub: 10, n images per sub: 5, sigma^2: 2, beta: -0.69, simulation: 18"
[1] "n sub: 10, n images per sub: 5, sigma^2: 1, beta: -0.69, simulation: 18"
[1] "n sub: 10, n images per sub: 5, sigma^2: 0.5, beta: -0.69, simulation: 18"
[1] "n sub: 10, n images per sub: 5, sigma^2: 2, beta: -0.69, simulation: 19"
[1] "n sub: 10, n images per sub: 5, sigma^2: 0.5, beta: -0.69, simulation: 19"
[1] "n sub: 10, n images per sub: 5, sigma^2: 1, beta: -0.69, simulation: 19"
[1] "n sub: 10, n images per sub: 5, sigma^2: 2, beta: -0.69, simulation: 20"
[1] "n sub: 10, n images per sub: 5, sigma^2: 0.5, beta: -0.69, simulation: 20"
[1] "n sub: 10, n images per sub: 5, sigma^2: 1, beta: -0.69, simulation: 20"
[1] "n sub: 10, n images per sub: 5, sigma^2: 2, beta: -0.69, simulation: 21"
[1] "n sub: 10, n images per sub: 5, sigma^2: 1, beta: -0.69, simulation: 21"
[1] "n sub: 10, n images per sub: 5, sigma^2: 0.5, beta: -0.69, simulation: 21"
[1] "n sub: 10, n images per sub: 5, sigma^2: 2, beta: -0.69, simulation: 22"
[1] "n sub: 10, n images per sub: 5, sigma^2: 1, beta: -0.69, simulation: 22"
[1] "n sub: 10, n images per sub: 5, sigma^2: 0.5, beta: -0.69, simulation: 22"
[1] "n sub: 10, n images per sub: 5, sigma^2: 2, beta: -0.69, simulation: 23"
[1] "n sub: 10, n images per sub: 5, sigma^2: 1, beta: -0.69, simulation: 23"
[1] "n sub: 10, n images per sub: 5, sigma^2: 0.5, beta: -0.69, simulation: 23"
[1] "n sub: 10, n images per sub: 5, sigma^2: 2, beta: -0.69, simulation: 24"
[1] "n sub: 10, n images per sub: 5, sigma^2: 1, beta: -0.69, simulation: 24"
[1] "n sub: 10, n images per sub: 5, sigma^2: 0.5, beta: -0.69, simulation: 24"
[1] "n sub: 10, n images per sub: 5, sigma^2: 2, beta: -0.69, simulation: 25"
[1] "n sub: 10, n images per sub: 5, sigma^2: 1, beta: -0.69, simulation: 25"
[1] "n sub: 10, n images per sub: 5, sigma^2: 0.5, beta: -0.69, simulation: 25"
[1] "n sub: 10, n images per sub: 5, sigma^2: 2, beta: -0.69, simulation: 26"
[1] "n sub: 10, n images per sub: 5, sigma^2: 1, beta: -0.69, simulation: 26"
[1] "n sub: 10, n images per sub: 5, sigma^2: 0.5, beta: -0.69, simulation: 26"
[1] "n sub: 10, n images per sub: 5, sigma^2: 2, beta: -0.69, simulation: 27"
[1] "n sub: 10, n images per sub: 5, sigma^2: 1, beta: -0.69, simulation: 27"
[1] "n sub: 10, n images per sub: 5, sigma^2: 0.5, beta: -0.69, simulation: 27"
[1] "n sub: 10, n images per sub: 5, sigma^2: 2, beta: -0.69, simulation: 28"
[1] "n sub: 10, n images per sub: 5, sigma^2: 1, beta: -0.69, simulation: 28"
[1] "n sub: 10, n images per sub: 5, sigma^2: 0.5, beta: -0.69, simulation: 28"
[1] "n sub: 10, n images per sub: 5, sigma^2: 2, beta: -0.69, simulation: 29"
[1] "n sub: 10, n images per sub: 5, sigma^2: 1, beta: -0.69, simulation: 29"
[1] "n sub: 10, n images per sub: 5, sigma^2: 0.5, beta: -0.69, simulation: 29"
[1] "n sub: 10, n images per sub: 5, sigma^2: 2, beta: -0.69, simulation: 30"
[1] "n sub: 10, n images per sub: 5, sigma^2: 1, beta: -0.69, simulation: 30"
[1] "n sub: 10, n images per sub: 5, sigma^2: 0.5, beta: -0.69, simulation: 30"
[1] "n sub: 10, n images per sub: 5, sigma^2: 2, beta: -0.69, simulation: 31"
[1] "n sub: 10, n images per sub: 5, sigma^2: 1, beta: -0.69, simulation: 31"
[1] "n sub: 10, n images per sub: 5, sigma^2: 0.5, beta: -0.69, simulation: 31"
[1] "n sub: 10, n images per sub: 5, sigma^2: 2, beta: -0.69, simulation: 32"
[1] "n sub: 10, n images per sub: 5, sigma^2: 1, beta: -0.69, simulation: 32"
[1] "n sub: 10, n images per sub: 5, sigma^2: 0.5, beta: -0.69, simulation: 32"
[1] "n sub: 10, n images per sub: 5, sigma^2: 2, beta: -0.69, simulation: 33"
[1] "n sub: 10, n images per sub: 5, sigma^2: 1, beta: -0.69, simulation: 33"
[1] "n sub: 10, n images per sub: 5, sigma^2: 0.5, beta: -0.69, simulation: 33"
[1] "n sub: 10, n images per sub: 5, sigma^2: 2, beta: -0.69, simulation: 34"
[1] "n sub: 10, n images per sub: 5, sigma^2: 1, beta: -0.69, simulation: 34"
[1] "n sub: 10, n images per sub: 5, sigma^2: 0.5, beta: -0.69, simulation: 34"
[1] "n sub: 10, n images per sub: 5, sigma^2: 2, beta: -0.69, simulation: 35"
[1] "n sub: 10, n images per sub: 5, sigma^2: 1, beta: -0.69, simulation: 35"
[1] "n sub: 10, n images per sub: 5, sigma^2: 0.5, beta: -0.69, simulation: 35"
[1] "n sub: 10, n images per sub: 5, sigma^2: 2, beta: -0.69, simulation: 36"
[1] "n sub: 10, n images per sub: 5, sigma^2: 1, beta: -0.69, simulation: 36"
[1] "n sub: 10, n images per sub: 5, sigma^2: 0.5, beta: -0.69, simulation: 36"
[1] "n sub: 10, n images per sub: 5, sigma^2: 2, beta: -0.69, simulation: 37"
[1] "n sub: 10, n images per sub: 5, sigma^2: 1, beta: -0.69, simulation: 37"
[1] "n sub: 10, n images per sub: 5, sigma^2: 0.5, beta: -0.69, simulation: 37"
[1] "n sub: 10, n images per sub: 5, sigma^2: 2, beta: -0.69, simulation: 38"
[1] "n sub: 10, n images per sub: 5, sigma^2: 1, beta: -0.69, simulation: 38"
[1] "n sub: 10, n images per sub: 5, sigma^2: 0.5, beta: -0.69, simulation: 38"
[1] "n sub: 10, n images per sub: 5, sigma^2: 2, beta: -0.69, simulation: 39"
[1] "n sub: 10, n images per sub: 5, sigma^2: 0.5, beta: -0.69, simulation: 39"
[1] "n sub: 10, n images per sub: 5, sigma^2: 1, beta: -0.69, simulation: 39"
[1] "n sub: 10, n images per sub: 5, sigma^2: 2, beta: -0.69, simulation: 40"
[1] "n sub: 10, n images per sub: 5, sigma^2: 0.5, beta: -0.69, simulation: 40"
[1] "n sub: 10, n images per sub: 5, sigma^2: 1, beta: -0.69, simulation: 40"
[1] "n sub: 10, n images per sub: 5, sigma^2: 2, beta: -0.69, simulation: 41"
[1] "n sub: 10, n images per sub: 5, sigma^2: 1, beta: -0.69, simulation: 41"
[1] "n sub: 10, n images per sub: 5, sigma^2: 0.5, beta: -0.69, simulation: 41"
[1] "n sub: 10, n images per sub: 5, sigma^2: 2, beta: -0.69, simulation: 42"
[1] "n sub: 10, n images per sub: 5, sigma^2: 1, beta: -0.69, simulation: 42"
[1] "n sub: 10, n images per sub: 5, sigma^2: 0.5, beta: -0.69, simulation: 42"
[1] "n sub: 10, n images per sub: 5, sigma^2: 2, beta: -0.69, simulation: 43"
[1] "n sub: 10, n images per sub: 5, sigma^2: 1, beta: -0.69, simulation: 43"
[1] "n sub: 10, n images per sub: 5, sigma^2: 0.5, beta: -0.69, simulation: 43"
[1] "n sub: 10, n images per sub: 5, sigma^2: 2, beta: -0.69, simulation: 44"
[1] "n sub: 10, n images per sub: 5, sigma^2: 1, beta: -0.69, simulation: 44"
[1] "n sub: 10, n images per sub: 5, sigma^2: 0.5, beta: -0.69, simulation: 44"
