  [1] 5401 5402 5403 5404 5405 5406 5407 5408 5409 5410 5411 5412 5413 5414 5415
 [16] 5416 5417 5418 5419 5420 5421 5422 5423 5424 5425 5426 5427 5428 5429 5430
 [31] 5431 5432 5433 5434 5435 5436 5437 5438 5439 5440 5441 5442 5443 5444 5445
 [46] 5446 5447 5448 5449 5450 5451 5452 5453 5454 5455 5456 5457 5458 5459 5460
 [61] 5461 5462 5463 5464 5465 5466 5467 5468 5469 5470 5471 5472 5473 5474 5475
 [76] 5476 5477 5478 5479 5480 5481 5482 5483 5484 5485 5486 5487 5488 5489 5490
 [91] 5491 5492 5493 5494 5495 5496 5497 5498 5499 5500 5501 5502 5503 5504 5505
[106] 5506 5507 5508 5509 5510 5511 5512 5513 5514 5515 5516 5517 5518 5519 5520
[121] 5521 5522 5523 5524 5525 5526 5527 5528 5529 5530 5531 5532 5533 5534 5535
[1] "n sub: 50, n images per sub: 1, sigma^2: 0.5, beta: -1.1, simulation: 1"
[1] "n sub: 50, n images per sub: 1, sigma^2: 1, beta: -1.1, simulation: 1"
[1] "n sub: 50, n images per sub: 1, sigma^2: 2, beta: -1.1, simulation: 1"
[1] "n sub: 50, n images per sub: 1, sigma^2: 0.5, beta: -1.1, simulation: 2"
[1] "n sub: 50, n images per sub: 1, sigma^2: 1, beta: -1.1, simulation: 2"
[1] "n sub: 50, n images per sub: 1, sigma^2: 2, beta: -1.1, simulation: 2"
[1] "n sub: 50, n images per sub: 1, sigma^2: 0.5, beta: -1.1, simulation: 3"
[1] "n sub: 50, n images per sub: 1, sigma^2: 1, beta: -1.1, simulation: 3"
[1] "n sub: 50, n images per sub: 1, sigma^2: 2, beta: -1.1, simulation: 3"
[1] "n sub: 50, n images per sub: 1, sigma^2: 0.5, beta: -1.1, simulation: 4"
[1] "n sub: 50, n images per sub: 1, sigma^2: 1, beta: -1.1, simulation: 4"
[1] "n sub: 50, n images per sub: 1, sigma^2: 2, beta: -1.1, simulation: 4"
[1] "n sub: 50, n images per sub: 1, sigma^2: 0.5, beta: -1.1, simulation: 5"
[1] "n sub: 50, n images per sub: 1, sigma^2: 1, beta: -1.1, simulation: 5"
[1] "n sub: 50, n images per sub: 1, sigma^2: 2, beta: -1.1, simulation: 5"
[1] "n sub: 50, n images per sub: 1, sigma^2: 0.5, beta: -1.1, simulation: 6"
[1] "n sub: 50, n images per sub: 1, sigma^2: 1, beta: -1.1, simulation: 6"
[1] "n sub: 50, n images per sub: 1, sigma^2: 2, beta: -1.1, simulation: 6"
[1] "n sub: 50, n images per sub: 1, sigma^2: 0.5, beta: -1.1, simulation: 7"
[1] "n sub: 50, n images per sub: 1, sigma^2: 1, beta: -1.1, simulation: 7"
[1] "n sub: 50, n images per sub: 1, sigma^2: 2, beta: -1.1, simulation: 7"
[1] "n sub: 50, n images per sub: 1, sigma^2: 0.5, beta: -1.1, simulation: 8"
[1] "n sub: 50, n images per sub: 1, sigma^2: 1, beta: -1.1, simulation: 8"
[1] "n sub: 50, n images per sub: 1, sigma^2: 2, beta: -1.1, simulation: 8"
[1] "n sub: 50, n images per sub: 1, sigma^2: 0.5, beta: -1.1, simulation: 9"
[1] "n sub: 50, n images per sub: 1, sigma^2: 1, beta: -1.1, simulation: 9"
[1] "n sub: 50, n images per sub: 1, sigma^2: 2, beta: -1.1, simulation: 9"
[1] "n sub: 50, n images per sub: 1, sigma^2: 2, beta: -1.1, simulation: 10"
[1] "n sub: 50, n images per sub: 1, sigma^2: 1, beta: -1.1, simulation: 10"
[1] "n sub: 50, n images per sub: 1, sigma^2: 0.5, beta: -1.1, simulation: 10"
[1] "n sub: 50, n images per sub: 1, sigma^2: 2, beta: -1.1, simulation: 11"
[1] "n sub: 50, n images per sub: 1, sigma^2: 1, beta: -1.1, simulation: 11"
[1] "n sub: 50, n images per sub: 1, sigma^2: 0.5, beta: -1.1, simulation: 11"
[1] "n sub: 50, n images per sub: 1, sigma^2: 2, beta: -1.1, simulation: 12"
[1] "n sub: 50, n images per sub: 1, sigma^2: 1, beta: -1.1, simulation: 12"
[1] "n sub: 50, n images per sub: 1, sigma^2: 0.5, beta: -1.1, simulation: 12"
[1] "n sub: 50, n images per sub: 1, sigma^2: 2, beta: -1.1, simulation: 13"
[1] "n sub: 50, n images per sub: 1, sigma^2: 1, beta: -1.1, simulation: 13"
[1] "n sub: 50, n images per sub: 1, sigma^2: 0.5, beta: -1.1, simulation: 13"
[1] "n sub: 50, n images per sub: 1, sigma^2: 2, beta: -1.1, simulation: 14"
[1] "n sub: 50, n images per sub: 1, sigma^2: 1, beta: -1.1, simulation: 14"
[1] "n sub: 50, n images per sub: 1, sigma^2: 0.5, beta: -1.1, simulation: 14"
[1] "n sub: 50, n images per sub: 1, sigma^2: 2, beta: -1.1, simulation: 15"
[1] "n sub: 50, n images per sub: 1, sigma^2: 1, beta: -1.1, simulation: 15"
[1] "n sub: 50, n images per sub: 1, sigma^2: 0.5, beta: -1.1, simulation: 15"
[1] "n sub: 50, n images per sub: 1, sigma^2: 2, beta: -1.1, simulation: 16"
[1] "n sub: 50, n images per sub: 1, sigma^2: 1, beta: -1.1, simulation: 16"
[1] "n sub: 50, n images per sub: 1, sigma^2: 0.5, beta: -1.1, simulation: 16"
[1] "n sub: 50, n images per sub: 1, sigma^2: 2, beta: -1.1, simulation: 17"
[1] "n sub: 50, n images per sub: 1, sigma^2: 1, beta: -1.1, simulation: 17"
[1] "n sub: 50, n images per sub: 1, sigma^2: 0.5, beta: -1.1, simulation: 17"
[1] "n sub: 50, n images per sub: 1, sigma^2: 2, beta: -1.1, simulation: 18"
[1] "n sub: 50, n images per sub: 1, sigma^2: 1, beta: -1.1, simulation: 18"
[1] "n sub: 50, n images per sub: 1, sigma^2: 0.5, beta: -1.1, simulation: 18"
[1] "n sub: 50, n images per sub: 1, sigma^2: 2, beta: -1.1, simulation: 19"
[1] "n sub: 50, n images per sub: 1, sigma^2: 1, beta: -1.1, simulation: 19"
[1] "n sub: 50, n images per sub: 1, sigma^2: 0.5, beta: -1.1, simulation: 19"
[1] "n sub: 50, n images per sub: 1, sigma^2: 2, beta: -1.1, simulation: 20"
[1] "n sub: 50, n images per sub: 1, sigma^2: 1, beta: -1.1, simulation: 20"
[1] "n sub: 50, n images per sub: 1, sigma^2: 0.5, beta: -1.1, simulation: 20"
[1] "n sub: 50, n images per sub: 1, sigma^2: 2, beta: -1.1, simulation: 21"
[1] "n sub: 50, n images per sub: 1, sigma^2: 1, beta: -1.1, simulation: 21"
[1] "n sub: 50, n images per sub: 1, sigma^2: 0.5, beta: -1.1, simulation: 21"
[1] "n sub: 50, n images per sub: 1, sigma^2: 0.5, beta: -1.1, simulation: 22"
[1] "n sub: 50, n images per sub: 1, sigma^2: 1, beta: -1.1, simulation: 22"
[1] "n sub: 50, n images per sub: 1, sigma^2: 2, beta: -1.1, simulation: 22"
[1] "n sub: 50, n images per sub: 1, sigma^2: 0.5, beta: -1.1, simulation: 23"
[1] "n sub: 50, n images per sub: 1, sigma^2: 1, beta: -1.1, simulation: 23"
[1] "n sub: 50, n images per sub: 1, sigma^2: 2, beta: -1.1, simulation: 23"
[1] "n sub: 50, n images per sub: 1, sigma^2: 0.5, beta: -1.1, simulation: 24"
[1] "n sub: 50, n images per sub: 1, sigma^2: 1, beta: -1.1, simulation: 24"
[1] "n sub: 50, n images per sub: 1, sigma^2: 2, beta: -1.1, simulation: 24"
[1] "n sub: 50, n images per sub: 1, sigma^2: 0.5, beta: -1.1, simulation: 25"
[1] "n sub: 50, n images per sub: 1, sigma^2: 1, beta: -1.1, simulation: 25"
[1] "n sub: 50, n images per sub: 1, sigma^2: 2, beta: -1.1, simulation: 25"
[1] "n sub: 50, n images per sub: 1, sigma^2: 0.5, beta: -1.1, simulation: 26"
[1] "n sub: 50, n images per sub: 1, sigma^2: 1, beta: -1.1, simulation: 26"
[1] "n sub: 50, n images per sub: 1, sigma^2: 2, beta: -1.1, simulation: 26"
[1] "n sub: 50, n images per sub: 1, sigma^2: 0.5, beta: -1.1, simulation: 27"
[1] "n sub: 50, n images per sub: 1, sigma^2: 1, beta: -1.1, simulation: 27"
[1] "n sub: 50, n images per sub: 1, sigma^2: 2, beta: -1.1, simulation: 27"
[1] "n sub: 50, n images per sub: 1, sigma^2: 0.5, beta: -1.1, simulation: 28"
[1] "n sub: 50, n images per sub: 1, sigma^2: 1, beta: -1.1, simulation: 28"
[1] "n sub: 50, n images per sub: 1, sigma^2: 2, beta: -1.1, simulation: 28"
[1] "n sub: 50, n images per sub: 1, sigma^2: 0.5, beta: -1.1, simulation: 29"
[1] "n sub: 50, n images per sub: 1, sigma^2: 1, beta: -1.1, simulation: 29"
[1] "n sub: 50, n images per sub: 1, sigma^2: 2, beta: -1.1, simulation: 29"
[1] "n sub: 50, n images per sub: 1, sigma^2: 2, beta: -1.1, simulation: 30"
[1] "n sub: 50, n images per sub: 1, sigma^2: 1, beta: -1.1, simulation: 30"
[1] "n sub: 50, n images per sub: 1, sigma^2: 0.5, beta: -1.1, simulation: 30"
[1] "n sub: 50, n images per sub: 1, sigma^2: 2, beta: -1.1, simulation: 31"
[1] "n sub: 50, n images per sub: 1, sigma^2: 1, beta: -1.1, simulation: 31"
[1] "n sub: 50, n images per sub: 1, sigma^2: 0.5, beta: -1.1, simulation: 31"
[1] "n sub: 50, n images per sub: 1, sigma^2: 2, beta: -1.1, simulation: 32"
[1] "n sub: 50, n images per sub: 1, sigma^2: 0.5, beta: -1.1, simulation: 32"
[1] "n sub: 50, n images per sub: 1, sigma^2: 1, beta: -1.1, simulation: 32"
[1] "n sub: 50, n images per sub: 1, sigma^2: 2, beta: -1.1, simulation: 33"
[1] "n sub: 50, n images per sub: 1, sigma^2: 1, beta: -1.1, simulation: 33"
[1] "n sub: 50, n images per sub: 1, sigma^2: 0.5, beta: -1.1, simulation: 33"
[1] "n sub: 50, n images per sub: 1, sigma^2: 2, beta: -1.1, simulation: 34"
[1] "n sub: 50, n images per sub: 1, sigma^2: 1, beta: -1.1, simulation: 34"
[1] "n sub: 50, n images per sub: 1, sigma^2: 0.5, beta: -1.1, simulation: 34"
[1] "n sub: 50, n images per sub: 1, sigma^2: 2, beta: -1.1, simulation: 35"
[1] "n sub: 50, n images per sub: 1, sigma^2: 1, beta: -1.1, simulation: 35"
[1] "n sub: 50, n images per sub: 1, sigma^2: 0.5, beta: -1.1, simulation: 35"
[1] "n sub: 50, n images per sub: 1, sigma^2: 2, beta: -1.1, simulation: 36"
[1] "n sub: 50, n images per sub: 1, sigma^2: 1, beta: -1.1, simulation: 36"
[1] "n sub: 50, n images per sub: 1, sigma^2: 0.5, beta: -1.1, simulation: 36"
[1] "n sub: 50, n images per sub: 1, sigma^2: 2, beta: -1.1, simulation: 37"
[1] "n sub: 50, n images per sub: 1, sigma^2: 1, beta: -1.1, simulation: 37"
[1] "n sub: 50, n images per sub: 1, sigma^2: 0.5, beta: -1.1, simulation: 37"
[1] "n sub: 50, n images per sub: 1, sigma^2: 2, beta: -1.1, simulation: 38"
[1] "n sub: 50, n images per sub: 1, sigma^2: 1, beta: -1.1, simulation: 38"
[1] "n sub: 50, n images per sub: 1, sigma^2: 0.5, beta: -1.1, simulation: 38"
[1] "n sub: 50, n images per sub: 1, sigma^2: 2, beta: -1.1, simulation: 39"
[1] "n sub: 50, n images per sub: 1, sigma^2: 1, beta: -1.1, simulation: 39"
[1] "n sub: 50, n images per sub: 1, sigma^2: 0.5, beta: -1.1, simulation: 39"
[1] "n sub: 50, n images per sub: 1, sigma^2: 2, beta: -1.1, simulation: 40"
[1] "n sub: 50, n images per sub: 1, sigma^2: 1, beta: -1.1, simulation: 40"
[1] "n sub: 50, n images per sub: 1, sigma^2: 0.5, beta: -1.1, simulation: 40"
[1] "n sub: 50, n images per sub: 1, sigma^2: 2, beta: -1.1, simulation: 41"
[1] "n sub: 50, n images per sub: 1, sigma^2: 1, beta: -1.1, simulation: 41"
[1] "n sub: 50, n images per sub: 1, sigma^2: 0.5, beta: -1.1, simulation: 41"
[1] "n sub: 50, n images per sub: 1, sigma^2: 0.5, beta: -1.1, simulation: 42"
[1] "n sub: 50, n images per sub: 1, sigma^2: 1, beta: -1.1, simulation: 42"
[1] "n sub: 50, n images per sub: 1, sigma^2: 2, beta: -1.1, simulation: 42"
[1] "n sub: 50, n images per sub: 1, sigma^2: 0.5, beta: -1.1, simulation: 43"
[1] "n sub: 50, n images per sub: 1, sigma^2: 1, beta: -1.1, simulation: 43"
[1] "n sub: 50, n images per sub: 1, sigma^2: 2, beta: -1.1, simulation: 43"
[1] "n sub: 50, n images per sub: 1, sigma^2: 0.5, beta: -1.1, simulation: 44"
[1] "n sub: 50, n images per sub: 1, sigma^2: 1, beta: -1.1, simulation: 44"
[1] "n sub: 50, n images per sub: 1, sigma^2: 2, beta: -1.1, simulation: 44"
[1] "n sub: 50, n images per sub: 1, sigma^2: 0.5, beta: -1.1, simulation: 45"
[1] "n sub: 50, n images per sub: 1, sigma^2: 1, beta: -1.1, simulation: 45"
[1] "n sub: 50, n images per sub: 1, sigma^2: 2, beta: -1.1, simulation: 45"
