 [1] 14230 14231 14232 14233 14234 14235 14236 14237 14238 14239 14240 14241
[13] 14242 14243 14244 14245 14246 14247 14248 14249 14250 14251 14252 14253
[25] 14254 14255 14256
[1] "n sub: 50, n images per sub: 5, sigma^2: 0.5, beta: -0.41, simulation: 44"
[1] "n sub: 50, n images per sub: 5, sigma^2: 1, beta: -0.41, simulation: 44"
[1] "n sub: 50, n images per sub: 5, sigma^2: 2, beta: -0.41, simulation: 44"
[1] "n sub: 50, n images per sub: 5, sigma^2: 0.5, beta: -0.41, simulation: 45"
[1] "n sub: 50, n images per sub: 5, sigma^2: 1, beta: -0.41, simulation: 45"
[1] "n sub: 50, n images per sub: 5, sigma^2: 2, beta: -0.41, simulation: 45"
[1] "n sub: 50, n images per sub: 5, sigma^2: 0.5, beta: -0.41, simulation: 46"
[1] "n sub: 50, n images per sub: 5, sigma^2: 1, beta: -0.41, simulation: 46"
[1] "n sub: 50, n images per sub: 5, sigma^2: 2, beta: -0.41, simulation: 46"
[1] "n sub: 50, n images per sub: 5, sigma^2: 0.5, beta: -0.41, simulation: 47"
[1] "n sub: 50, n images per sub: 5, sigma^2: 1, beta: -0.41, simulation: 47"
[1] "n sub: 50, n images per sub: 5, sigma^2: 2, beta: -0.41, simulation: 47"
[1] "n sub: 50, n images per sub: 5, sigma^2: 0.5, beta: -0.41, simulation: 48"
[1] "n sub: 50, n images per sub: 5, sigma^2: 1, beta: -0.41, simulation: 48"
[1] "n sub: 50, n images per sub: 5, sigma^2: 2, beta: -0.41, simulation: 48"
[1] "n sub: 50, n images per sub: 5, sigma^2: 0.5, beta: -0.41, simulation: 49"
[1] "n sub: 50, n images per sub: 5, sigma^2: 1, beta: -0.41, simulation: 49"
[1] "n sub: 50, n images per sub: 5, sigma^2: 2, beta: -0.41, simulation: 49"
[1] "n sub: 50, n images per sub: 5, sigma^2: 0.5, beta: -0.41, simulation: 50"
[1] "n sub: 50, n images per sub: 5, sigma^2: 1, beta: -0.41, simulation: 50"
[1] "n sub: 50, n images per sub: 5, sigma^2: 2, beta: -0.41, simulation: 50"
[1] "n sub: 50, n images per sub: 5, sigma^2: 0.5, beta: -0.41, simulation: 51"
[1] "n sub: 50, n images per sub: 5, sigma^2: 1, beta: -0.41, simulation: 51"
[1] "n sub: 50, n images per sub: 5, sigma^2: 2, beta: -0.41, simulation: 51"
[1] "n sub: 50, n images per sub: 5, sigma^2: 1, beta: -0.41, simulation: 52"
[1] "n sub: 50, n images per sub: 5, sigma^2: 0.5, beta: -0.41, simulation: 52"
[1] "n sub: 50, n images per sub: 5, sigma^2: 2, beta: -0.41, simulation: 52"
