 [1] 15553 15554 15555 15556 15557 15558 15559 15560 15561 15562 15563 15564
[13] 15565 15566 15567 15568 15569 15570 15571 15572 15573 15574 15575 15576
[25] 15577 15578 15579
[1] "n sub: 50, n images per sub: 5, sigma^2: 1, beta: 0.41, simulation: 85"
[1] "n sub: 50, n images per sub: 5, sigma^2: 0.5, beta: 0.41, simulation: 85"
[1] "n sub: 50, n images per sub: 5, sigma^2: 2, beta: 0.41, simulation: 85"
[1] "n sub: 50, n images per sub: 5, sigma^2: 0.5, beta: 0.41, simulation: 86"
[1] "n sub: 50, n images per sub: 5, sigma^2: 1, beta: 0.41, simulation: 86"
[1] "n sub: 50, n images per sub: 5, sigma^2: 2, beta: 0.41, simulation: 86"
[1] "n sub: 50, n images per sub: 5, sigma^2: 1, beta: 0.41, simulation: 87"
[1] "n sub: 50, n images per sub: 5, sigma^2: 0.5, beta: 0.41, simulation: 87"
[1] "n sub: 50, n images per sub: 5, sigma^2: 2, beta: 0.41, simulation: 87"
[1] "n sub: 50, n images per sub: 5, sigma^2: 1, beta: 0.41, simulation: 88"
[1] "n sub: 50, n images per sub: 5, sigma^2: 0.5, beta: 0.41, simulation: 88"
[1] "n sub: 50, n images per sub: 5, sigma^2: 2, beta: 0.41, simulation: 88"
[1] "n sub: 50, n images per sub: 5, sigma^2: 1, beta: 0.41, simulation: 89"
[1] "n sub: 50, n images per sub: 5, sigma^2: 0.5, beta: 0.41, simulation: 89"
[1] "n sub: 50, n images per sub: 5, sigma^2: 2, beta: 0.41, simulation: 89"
[1] "n sub: 50, n images per sub: 5, sigma^2: 0.5, beta: 0.41, simulation: 90"
[1] "n sub: 50, n images per sub: 5, sigma^2: 1, beta: 0.41, simulation: 90"
[1] "n sub: 50, n images per sub: 5, sigma^2: 2, beta: 0.41, simulation: 90"
[1] "n sub: 50, n images per sub: 5, sigma^2: 0.5, beta: 0.41, simulation: 91"
[1] "n sub: 50, n images per sub: 5, sigma^2: 1, beta: 0.41, simulation: 91"
[1] "n sub: 50, n images per sub: 5, sigma^2: 2, beta: 0.41, simulation: 91"
[1] "n sub: 50, n images per sub: 5, sigma^2: 0.5, beta: 0.41, simulation: 92"
[1] "n sub: 50, n images per sub: 5, sigma^2: 1, beta: 0.41, simulation: 92"
[1] "n sub: 50, n images per sub: 5, sigma^2: 2, beta: 0.41, simulation: 92"
[1] "n sub: 50, n images per sub: 5, sigma^2: 0.5, beta: 0.41, simulation: 93"
[1] "n sub: 50, n images per sub: 5, sigma^2: 1, beta: 0.41, simulation: 93"
[1] "n sub: 50, n images per sub: 5, sigma^2: 2, beta: 0.41, simulation: 93"
