 [1] 15823 15824 15825 15826 15827 15828 15829 15830 15831 15832 15833 15834
[13] 15835 15836 15837 15838 15839 15840 15841 15842 15843 15844 15845 15846
[25] 15847 15848 15849
[1] "n sub: 50, n images per sub: 5, sigma^2: 2, beta: 0.69, simulation: 75"
[1] "n sub: 50, n images per sub: 5, sigma^2: 1, beta: 0.69, simulation: 75"
[1] "n sub: 50, n images per sub: 5, sigma^2: 0.5, beta: 0.69, simulation: 75"
[1] "n sub: 50, n images per sub: 5, sigma^2: 2, beta: 0.69, simulation: 76"
[1] "n sub: 50, n images per sub: 5, sigma^2: 1, beta: 0.69, simulation: 76"
[1] "n sub: 50, n images per sub: 5, sigma^2: 0.5, beta: 0.69, simulation: 76"
[1] "n sub: 50, n images per sub: 5, sigma^2: 2, beta: 0.69, simulation: 77"
[1] "n sub: 50, n images per sub: 5, sigma^2: 1, beta: 0.69, simulation: 77"
[1] "n sub: 50, n images per sub: 5, sigma^2: 0.5, beta: 0.69, simulation: 77"
[1] "n sub: 50, n images per sub: 5, sigma^2: 2, beta: 0.69, simulation: 78"
[1] "n sub: 50, n images per sub: 5, sigma^2: 1, beta: 0.69, simulation: 78"
[1] "n sub: 50, n images per sub: 5, sigma^2: 0.5, beta: 0.69, simulation: 78"
[1] "n sub: 50, n images per sub: 5, sigma^2: 2, beta: 0.69, simulation: 79"
[1] "n sub: 50, n images per sub: 5, sigma^2: 1, beta: 0.69, simulation: 79"
[1] "n sub: 50, n images per sub: 5, sigma^2: 0.5, beta: 0.69, simulation: 79"
[1] "n sub: 50, n images per sub: 5, sigma^2: 2, beta: 0.69, simulation: 80"
[1] "n sub: 50, n images per sub: 5, sigma^2: 1, beta: 0.69, simulation: 80"
[1] "n sub: 50, n images per sub: 5, sigma^2: 0.5, beta: 0.69, simulation: 80"
[1] "n sub: 50, n images per sub: 5, sigma^2: 2, beta: 0.69, simulation: 81"
[1] "n sub: 50, n images per sub: 5, sigma^2: 1, beta: 0.69, simulation: 81"
[1] "n sub: 50, n images per sub: 5, sigma^2: 0.5, beta: 0.69, simulation: 81"
[1] "n sub: 50, n images per sub: 5, sigma^2: 2, beta: 0.69, simulation: 82"
[1] "n sub: 50, n images per sub: 5, sigma^2: 1, beta: 0.69, simulation: 82"
[1] "n sub: 50, n images per sub: 5, sigma^2: 0.5, beta: 0.69, simulation: 82"
[1] "n sub: 50, n images per sub: 5, sigma^2: 2, beta: 0.69, simulation: 83"
[1] "n sub: 50, n images per sub: 5, sigma^2: 1, beta: 0.69, simulation: 83"
[1] "n sub: 50, n images per sub: 5, sigma^2: 0.5, beta: 0.69, simulation: 83"
