 [1] 14311 14312 14313 14314 14315 14316 14317 14318 14319 14320 14321 14322
[13] 14323 14324 14325 14326 14327 14328 14329 14330 14331 14332 14333 14334
[25] 14335 14336 14337
[1] "n sub: 50, n images per sub: 5, sigma^2: 2, beta: -0.41, simulation: 71"
[1] "n sub: 50, n images per sub: 5, sigma^2: 0.5, beta: -0.41, simulation: 71"
[1] "n sub: 50, n images per sub: 5, sigma^2: 1, beta: -0.41, simulation: 71"
[1] "n sub: 50, n images per sub: 5, sigma^2: 2, beta: -0.41, simulation: 72"
[1] "n sub: 50, n images per sub: 5, sigma^2: 1, beta: -0.41, simulation: 72"
[1] "n sub: 50, n images per sub: 5, sigma^2: 0.5, beta: -0.41, simulation: 72"
[1] "n sub: 50, n images per sub: 5, sigma^2: 2, beta: -0.41, simulation: 73"
[1] "n sub: 50, n images per sub: 5, sigma^2: 0.5, beta: -0.41, simulation: 73"
[1] "n sub: 50, n images per sub: 5, sigma^2: 1, beta: -0.41, simulation: 73"
[1] "n sub: 50, n images per sub: 5, sigma^2: 2, beta: -0.41, simulation: 74"
[1] "n sub: 50, n images per sub: 5, sigma^2: 1, beta: -0.41, simulation: 74"
[1] "n sub: 50, n images per sub: 5, sigma^2: 0.5, beta: -0.41, simulation: 74"
[1] "n sub: 50, n images per sub: 5, sigma^2: 2, beta: -0.41, simulation: 75"
[1] "n sub: 50, n images per sub: 5, sigma^2: 0.5, beta: -0.41, simulation: 75"
[1] "n sub: 50, n images per sub: 5, sigma^2: 1, beta: -0.41, simulation: 75"
[1] "n sub: 50, n images per sub: 5, sigma^2: 2, beta: -0.41, simulation: 76"
[1] "n sub: 50, n images per sub: 5, sigma^2: 1, beta: -0.41, simulation: 76"
[1] "n sub: 50, n images per sub: 5, sigma^2: 0.5, beta: -0.41, simulation: 76"
[1] "n sub: 50, n images per sub: 5, sigma^2: 2, beta: -0.41, simulation: 77"
[1] "n sub: 50, n images per sub: 5, sigma^2: 1, beta: -0.41, simulation: 77"
[1] "n sub: 50, n images per sub: 5, sigma^2: 0.5, beta: -0.41, simulation: 77"
[1] "n sub: 50, n images per sub: 5, sigma^2: 2, beta: -0.41, simulation: 78"
[1] "n sub: 50, n images per sub: 5, sigma^2: 1, beta: -0.41, simulation: 78"
[1] "n sub: 50, n images per sub: 5, sigma^2: 0.5, beta: -0.41, simulation: 78"
[1] "n sub: 50, n images per sub: 5, sigma^2: 2, beta: -0.41, simulation: 79"
[1] "n sub: 50, n images per sub: 5, sigma^2: 1, beta: -0.41, simulation: 79"
[1] "n sub: 50, n images per sub: 5, sigma^2: 0.5, beta: -0.41, simulation: 79"
