 [1] 15067 15068 15069 15070 15071 15072 15073 15074 15075 15076 15077 15078
[13] 15079 15080 15081 15082 15083 15084 15085 15086 15087 15088 15089 15090
[25] 15091 15092 15093
[1] "n sub: 50, n images per sub: 5, sigma^2: 2, beta: 0.22, simulation: 23"
[1] "n sub: 50, n images per sub: 5, sigma^2: 1, beta: 0.22, simulation: 23"
[1] "n sub: 50, n images per sub: 5, sigma^2: 0.5, beta: 0.22, simulation: 23"
[1] "n sub: 50, n images per sub: 5, sigma^2: 2, beta: 0.22, simulation: 24"
[1] "n sub: 50, n images per sub: 5, sigma^2: 1, beta: 0.22, simulation: 24"
[1] "n sub: 50, n images per sub: 5, sigma^2: 0.5, beta: 0.22, simulation: 24"
[1] "n sub: 50, n images per sub: 5, sigma^2: 2, beta: 0.22, simulation: 25"
[1] "n sub: 50, n images per sub: 5, sigma^2: 1, beta: 0.22, simulation: 25"
[1] "n sub: 50, n images per sub: 5, sigma^2: 0.5, beta: 0.22, simulation: 25"
[1] "n sub: 50, n images per sub: 5, sigma^2: 2, beta: 0.22, simulation: 26"
[1] "n sub: 50, n images per sub: 5, sigma^2: 1, beta: 0.22, simulation: 26"
[1] "n sub: 50, n images per sub: 5, sigma^2: 0.5, beta: 0.22, simulation: 26"
[1] "n sub: 50, n images per sub: 5, sigma^2: 2, beta: 0.22, simulation: 27"
[1] "n sub: 50, n images per sub: 5, sigma^2: 1, beta: 0.22, simulation: 27"
[1] "n sub: 50, n images per sub: 5, sigma^2: 0.5, beta: 0.22, simulation: 27"
[1] "n sub: 50, n images per sub: 5, sigma^2: 2, beta: 0.22, simulation: 28"
[1] "n sub: 50, n images per sub: 5, sigma^2: 1, beta: 0.22, simulation: 28"
[1] "n sub: 50, n images per sub: 5, sigma^2: 0.5, beta: 0.22, simulation: 28"
[1] "n sub: 50, n images per sub: 5, sigma^2: 2, beta: 0.22, simulation: 29"
[1] "n sub: 50, n images per sub: 5, sigma^2: 1, beta: 0.22, simulation: 29"
[1] "n sub: 50, n images per sub: 5, sigma^2: 0.5, beta: 0.22, simulation: 29"
[1] "n sub: 50, n images per sub: 5, sigma^2: 2, beta: 0.22, simulation: 30"
[1] "n sub: 50, n images per sub: 5, sigma^2: 1, beta: 0.22, simulation: 30"
[1] "n sub: 50, n images per sub: 5, sigma^2: 0.5, beta: 0.22, simulation: 30"
[1] "n sub: 50, n images per sub: 5, sigma^2: 2, beta: 0.22, simulation: 31"
[1] "n sub: 50, n images per sub: 5, sigma^2: 1, beta: 0.22, simulation: 31"
[1] "n sub: 50, n images per sub: 5, sigma^2: 0.5, beta: 0.22, simulation: 31"
