  [1] 5941 5942 5943 5944 5945 5946 5947 5948 5949 5950 5951 5952 5953 5954 5955
 [16] 5956 5957 5958 5959 5960 5961 5962 5963 5964 5965 5966 5967 5968 5969 5970
 [31] 5971 5972 5973 5974 5975 5976 5977 5978 5979 5980 5981 5982 5983 5984 5985
 [46] 5986 5987 5988 5989 5990 5991 5992 5993 5994 5995 5996 5997 5998 5999 6000
 [61] 6001 6002 6003 6004 6005 6006 6007 6008 6009 6010 6011 6012 6013 6014 6015
 [76] 6016 6017 6018 6019 6020 6021 6022 6023 6024 6025 6026 6027 6028 6029 6030
 [91] 6031 6032 6033 6034 6035 6036 6037 6038 6039 6040 6041 6042 6043 6044 6045
[106] 6046 6047 6048 6049 6050 6051 6052 6053 6054 6055 6056 6057 6058 6059 6060
[121] 6061 6062 6063 6064 6065 6066 6067 6068 6069 6070 6071 6072 6073 6074 6075
[1] "n sub: 50, n images per sub: 1, sigma^2: 2, beta: -0.69, simulation: 81"
[1] "n sub: 50, n images per sub: 1, sigma^2: 1, beta: -0.69, simulation: 81"
[1] "n sub: 50, n images per sub: 1, sigma^2: 0.5, beta: -0.69, simulation: 81"
[1] "n sub: 50, n images per sub: 1, sigma^2: 2, beta: -0.69, simulation: 82"
[1] "n sub: 50, n images per sub: 1, sigma^2: 1, beta: -0.69, simulation: 82"
[1] "n sub: 50, n images per sub: 1, sigma^2: 0.5, beta: -0.69, simulation: 82"
[1] "n sub: 50, n images per sub: 1, sigma^2: 2, beta: -0.69, simulation: 83"
[1] "n sub: 50, n images per sub: 1, sigma^2: 1, beta: -0.69, simulation: 83"
[1] "n sub: 50, n images per sub: 1, sigma^2: 0.5, beta: -0.69, simulation: 83"
[1] "n sub: 50, n images per sub: 1, sigma^2: 2, beta: -0.69, simulation: 84"
[1] "n sub: 50, n images per sub: 1, sigma^2: 1, beta: -0.69, simulation: 84"
[1] "n sub: 50, n images per sub: 1, sigma^2: 0.5, beta: -0.69, simulation: 84"
[1] "n sub: 50, n images per sub: 1, sigma^2: 2, beta: -0.69, simulation: 85"
[1] "n sub: 50, n images per sub: 1, sigma^2: 1, beta: -0.69, simulation: 85"
[1] "n sub: 50, n images per sub: 1, sigma^2: 0.5, beta: -0.69, simulation: 85"
[1] "n sub: 50, n images per sub: 1, sigma^2: 2, beta: -0.69, simulation: 86"
[1] "n sub: 50, n images per sub: 1, sigma^2: 1, beta: -0.69, simulation: 86"
[1] "n sub: 50, n images per sub: 1, sigma^2: 0.5, beta: -0.69, simulation: 86"
[1] "n sub: 50, n images per sub: 1, sigma^2: 2, beta: -0.69, simulation: 87"
[1] "n sub: 50, n images per sub: 1, sigma^2: 1, beta: -0.69, simulation: 87"
[1] "n sub: 50, n images per sub: 1, sigma^2: 0.5, beta: -0.69, simulation: 87"
[1] "n sub: 50, n images per sub: 1, sigma^2: 2, beta: -0.69, simulation: 88"
[1] "n sub: 50, n images per sub: 1, sigma^2: 1, beta: -0.69, simulation: 88"
[1] "n sub: 50, n images per sub: 1, sigma^2: 0.5, beta: -0.69, simulation: 88"
[1] "n sub: 50, n images per sub: 1, sigma^2: 2, beta: -0.69, simulation: 89"
[1] "n sub: 50, n images per sub: 1, sigma^2: 1, beta: -0.69, simulation: 89"
[1] "n sub: 50, n images per sub: 1, sigma^2: 0.5, beta: -0.69, simulation: 89"
[1] "n sub: 50, n images per sub: 1, sigma^2: 2, beta: -0.69, simulation: 90"
[1] "n sub: 50, n images per sub: 1, sigma^2: 1, beta: -0.69, simulation: 90"
[1] "n sub: 50, n images per sub: 1, sigma^2: 0.5, beta: -0.69, simulation: 90"
[1] "n sub: 50, n images per sub: 1, sigma^2: 2, beta: -0.69, simulation: 91"
[1] "n sub: 50, n images per sub: 1, sigma^2: 1, beta: -0.69, simulation: 91"
[1] "n sub: 50, n images per sub: 1, sigma^2: 0.5, beta: -0.69, simulation: 91"
[1] "n sub: 50, n images per sub: 1, sigma^2: 2, beta: -0.69, simulation: 92"
[1] "n sub: 50, n images per sub: 1, sigma^2: 1, beta: -0.69, simulation: 92"
[1] "n sub: 50, n images per sub: 1, sigma^2: 0.5, beta: -0.69, simulation: 92"
[1] "n sub: 50, n images per sub: 1, sigma^2: 2, beta: -0.69, simulation: 93"
[1] "n sub: 50, n images per sub: 1, sigma^2: 1, beta: -0.69, simulation: 93"
[1] "n sub: 50, n images per sub: 1, sigma^2: 0.5, beta: -0.69, simulation: 93"
[1] "n sub: 50, n images per sub: 1, sigma^2: 2, beta: -0.69, simulation: 94"
[1] "n sub: 50, n images per sub: 1, sigma^2: 1, beta: -0.69, simulation: 94"
[1] "n sub: 50, n images per sub: 1, sigma^2: 0.5, beta: -0.69, simulation: 94"
[1] "n sub: 50, n images per sub: 1, sigma^2: 2, beta: -0.69, simulation: 95"
[1] "n sub: 50, n images per sub: 1, sigma^2: 1, beta: -0.69, simulation: 95"
[1] "n sub: 50, n images per sub: 1, sigma^2: 0.5, beta: -0.69, simulation: 95"
[1] "n sub: 50, n images per sub: 1, sigma^2: 2, beta: -0.69, simulation: 96"
[1] "n sub: 50, n images per sub: 1, sigma^2: 1, beta: -0.69, simulation: 96"
[1] "n sub: 50, n images per sub: 1, sigma^2: 0.5, beta: -0.69, simulation: 96"
[1] "n sub: 50, n images per sub: 1, sigma^2: 2, beta: -0.69, simulation: 97"
[1] "n sub: 50, n images per sub: 1, sigma^2: 1, beta: -0.69, simulation: 97"
[1] "n sub: 50, n images per sub: 1, sigma^2: 0.5, beta: -0.69, simulation: 97"
[1] "n sub: 50, n images per sub: 1, sigma^2: 2, beta: -0.69, simulation: 98"
[1] "n sub: 50, n images per sub: 1, sigma^2: 1, beta: -0.69, simulation: 98"
[1] "n sub: 50, n images per sub: 1, sigma^2: 0.5, beta: -0.69, simulation: 98"
[1] "n sub: 50, n images per sub: 1, sigma^2: 2, beta: -0.69, simulation: 99"
[1] "n sub: 50, n images per sub: 1, sigma^2: 1, beta: -0.69, simulation: 99"
[1] "n sub: 50, n images per sub: 1, sigma^2: 0.5, beta: -0.69, simulation: 99"
[1] "n sub: 50, n images per sub: 1, sigma^2: 2, beta: -0.69, simulation: 100"
[1] "n sub: 50, n images per sub: 1, sigma^2: 1, beta: -0.69, simulation: 100"
[1] "n sub: 50, n images per sub: 1, sigma^2: 0.5, beta: -0.69, simulation: 100"
[1] "n sub: 50, n images per sub: 1, sigma^2: 0.5, beta: -0.41, simulation: 1"
[1] "n sub: 50, n images per sub: 1, sigma^2: 1, beta: -0.41, simulation: 1"
[1] "n sub: 50, n images per sub: 1, sigma^2: 2, beta: -0.41, simulation: 1"
[1] "n sub: 50, n images per sub: 1, sigma^2: 0.5, beta: -0.41, simulation: 2"
[1] "n sub: 50, n images per sub: 1, sigma^2: 1, beta: -0.41, simulation: 2"
[1] "n sub: 50, n images per sub: 1, sigma^2: 2, beta: -0.41, simulation: 2"
[1] "n sub: 50, n images per sub: 1, sigma^2: 0.5, beta: -0.41, simulation: 3"
[1] "n sub: 50, n images per sub: 1, sigma^2: 1, beta: -0.41, simulation: 3"
[1] "n sub: 50, n images per sub: 1, sigma^2: 2, beta: -0.41, simulation: 3"
[1] "n sub: 50, n images per sub: 1, sigma^2: 0.5, beta: -0.41, simulation: 4"
[1] "n sub: 50, n images per sub: 1, sigma^2: 1, beta: -0.41, simulation: 4"
[1] "n sub: 50, n images per sub: 1, sigma^2: 2, beta: -0.41, simulation: 4"
[1] "n sub: 50, n images per sub: 1, sigma^2: 0.5, beta: -0.41, simulation: 5"
[1] "n sub: 50, n images per sub: 1, sigma^2: 2, beta: -0.41, simulation: 5"
[1] "n sub: 50, n images per sub: 1, sigma^2: 1, beta: -0.41, simulation: 5"
[1] "n sub: 50, n images per sub: 1, sigma^2: 0.5, beta: -0.41, simulation: 6"
[1] "n sub: 50, n images per sub: 1, sigma^2: 2, beta: -0.41, simulation: 6"
[1] "n sub: 50, n images per sub: 1, sigma^2: 1, beta: -0.41, simulation: 6"
[1] "n sub: 50, n images per sub: 1, sigma^2: 0.5, beta: -0.41, simulation: 7"
[1] "n sub: 50, n images per sub: 1, sigma^2: 2, beta: -0.41, simulation: 7"
[1] "n sub: 50, n images per sub: 1, sigma^2: 1, beta: -0.41, simulation: 7"
[1] "n sub: 50, n images per sub: 1, sigma^2: 0.5, beta: -0.41, simulation: 8"
[1] "n sub: 50, n images per sub: 1, sigma^2: 2, beta: -0.41, simulation: 8"
[1] "n sub: 50, n images per sub: 1, sigma^2: 1, beta: -0.41, simulation: 8"
[1] "n sub: 50, n images per sub: 1, sigma^2: 0.5, beta: -0.41, simulation: 9"
[1] "n sub: 50, n images per sub: 1, sigma^2: 2, beta: -0.41, simulation: 9"
[1] "n sub: 50, n images per sub: 1, sigma^2: 1, beta: -0.41, simulation: 9"
[1] "n sub: 50, n images per sub: 1, sigma^2: 0.5, beta: -0.41, simulation: 10"
[1] "n sub: 50, n images per sub: 1, sigma^2: 2, beta: -0.41, simulation: 10"
[1] "n sub: 50, n images per sub: 1, sigma^2: 1, beta: -0.41, simulation: 10"
[1] "n sub: 50, n images per sub: 1, sigma^2: 0.5, beta: -0.41, simulation: 11"
[1] "n sub: 50, n images per sub: 1, sigma^2: 2, beta: -0.41, simulation: 11"
[1] "n sub: 50, n images per sub: 1, sigma^2: 1, beta: -0.41, simulation: 11"
[1] "n sub: 50, n images per sub: 1, sigma^2: 0.5, beta: -0.41, simulation: 12"
[1] "n sub: 50, n images per sub: 1, sigma^2: 2, beta: -0.41, simulation: 12"
[1] "n sub: 50, n images per sub: 1, sigma^2: 1, beta: -0.41, simulation: 12"
[1] "n sub: 50, n images per sub: 1, sigma^2: 0.5, beta: -0.41, simulation: 13"
[1] "n sub: 50, n images per sub: 1, sigma^2: 2, beta: -0.41, simulation: 13"
[1] "n sub: 50, n images per sub: 1, sigma^2: 1, beta: -0.41, simulation: 13"
[1] "n sub: 50, n images per sub: 1, sigma^2: 0.5, beta: -0.41, simulation: 14"
[1] "n sub: 50, n images per sub: 1, sigma^2: 1, beta: -0.41, simulation: 14"
[1] "n sub: 50, n images per sub: 1, sigma^2: 2, beta: -0.41, simulation: 14"
[1] "n sub: 50, n images per sub: 1, sigma^2: 0.5, beta: -0.41, simulation: 15"
[1] "n sub: 50, n images per sub: 1, sigma^2: 2, beta: -0.41, simulation: 15"
[1] "n sub: 50, n images per sub: 1, sigma^2: 1, beta: -0.41, simulation: 15"
[1] "n sub: 50, n images per sub: 1, sigma^2: 0.5, beta: -0.41, simulation: 16"
[1] "n sub: 50, n images per sub: 1, sigma^2: 2, beta: -0.41, simulation: 16"
[1] "n sub: 50, n images per sub: 1, sigma^2: 1, beta: -0.41, simulation: 16"
[1] "n sub: 50, n images per sub: 1, sigma^2: 0.5, beta: -0.41, simulation: 17"
[1] "n sub: 50, n images per sub: 1, sigma^2: 2, beta: -0.41, simulation: 17"
[1] "n sub: 50, n images per sub: 1, sigma^2: 1, beta: -0.41, simulation: 17"
[1] "n sub: 50, n images per sub: 1, sigma^2: 0.5, beta: -0.41, simulation: 18"
[1] "n sub: 50, n images per sub: 1, sigma^2: 2, beta: -0.41, simulation: 18"
[1] "n sub: 50, n images per sub: 1, sigma^2: 1, beta: -0.41, simulation: 18"
[1] "n sub: 50, n images per sub: 1, sigma^2: 0.5, beta: -0.41, simulation: 19"
[1] "n sub: 50, n images per sub: 1, sigma^2: 2, beta: -0.41, simulation: 19"
[1] "n sub: 50, n images per sub: 1, sigma^2: 1, beta: -0.41, simulation: 19"
[1] "n sub: 50, n images per sub: 1, sigma^2: 0.5, beta: -0.41, simulation: 20"
[1] "n sub: 50, n images per sub: 1, sigma^2: 2, beta: -0.41, simulation: 20"
[1] "n sub: 50, n images per sub: 1, sigma^2: 1, beta: -0.41, simulation: 20"
[1] "n sub: 50, n images per sub: 1, sigma^2: 0.5, beta: -0.41, simulation: 21"
[1] "n sub: 50, n images per sub: 1, sigma^2: 2, beta: -0.41, simulation: 21"
[1] "n sub: 50, n images per sub: 1, sigma^2: 1, beta: -0.41, simulation: 21"
[1] "n sub: 50, n images per sub: 1, sigma^2: 0.5, beta: -0.41, simulation: 22"
[1] "n sub: 50, n images per sub: 1, sigma^2: 2, beta: -0.41, simulation: 22"
[1] "n sub: 50, n images per sub: 1, sigma^2: 1, beta: -0.41, simulation: 22"
[1] "n sub: 50, n images per sub: 1, sigma^2: 0.5, beta: -0.41, simulation: 23"
[1] "n sub: 50, n images per sub: 1, sigma^2: 2, beta: -0.41, simulation: 23"
[1] "n sub: 50, n images per sub: 1, sigma^2: 1, beta: -0.41, simulation: 23"
[1] "n sub: 50, n images per sub: 1, sigma^2: 0.5, beta: -0.41, simulation: 24"
[1] "n sub: 50, n images per sub: 1, sigma^2: 2, beta: -0.41, simulation: 24"
[1] "n sub: 50, n images per sub: 1, sigma^2: 1, beta: -0.41, simulation: 24"
[1] "n sub: 50, n images per sub: 1, sigma^2: 0.5, beta: -0.41, simulation: 25"
[1] "n sub: 50, n images per sub: 1, sigma^2: 2, beta: -0.41, simulation: 25"
[1] "n sub: 50, n images per sub: 1, sigma^2: 1, beta: -0.41, simulation: 25"
