 [1] 15526 15527 15528 15529 15530 15531 15532 15533 15534 15535 15536 15537
[13] 15538 15539 15540 15541 15542 15543 15544 15545 15546 15547 15548 15549
[25] 15550 15551 15552
[1] "n sub: 50, n images per sub: 5, sigma^2: 1, beta: 0.41, simulation: 76"
[1] "n sub: 50, n images per sub: 5, sigma^2: 0.5, beta: 0.41, simulation: 76"
[1] "n sub: 50, n images per sub: 5, sigma^2: 2, beta: 0.41, simulation: 76"
[1] "n sub: 50, n images per sub: 5, sigma^2: 1, beta: 0.41, simulation: 77"
[1] "n sub: 50, n images per sub: 5, sigma^2: 0.5, beta: 0.41, simulation: 77"
[1] "n sub: 50, n images per sub: 5, sigma^2: 2, beta: 0.41, simulation: 77"
[1] "n sub: 50, n images per sub: 5, sigma^2: 1, beta: 0.41, simulation: 78"
[1] "n sub: 50, n images per sub: 5, sigma^2: 0.5, beta: 0.41, simulation: 78"
[1] "n sub: 50, n images per sub: 5, sigma^2: 2, beta: 0.41, simulation: 78"
[1] "n sub: 50, n images per sub: 5, sigma^2: 1, beta: 0.41, simulation: 79"
[1] "n sub: 50, n images per sub: 5, sigma^2: 0.5, beta: 0.41, simulation: 79"
[1] "n sub: 50, n images per sub: 5, sigma^2: 2, beta: 0.41, simulation: 79"
[1] "n sub: 50, n images per sub: 5, sigma^2: 1, beta: 0.41, simulation: 80"
[1] "n sub: 50, n images per sub: 5, sigma^2: 0.5, beta: 0.41, simulation: 80"
[1] "n sub: 50, n images per sub: 5, sigma^2: 2, beta: 0.41, simulation: 80"
[1] "n sub: 50, n images per sub: 5, sigma^2: 1, beta: 0.41, simulation: 81"
[1] "n sub: 50, n images per sub: 5, sigma^2: 0.5, beta: 0.41, simulation: 81"
[1] "n sub: 50, n images per sub: 5, sigma^2: 2, beta: 0.41, simulation: 81"
[1] "n sub: 50, n images per sub: 5, sigma^2: 1, beta: 0.41, simulation: 82"
[1] "n sub: 50, n images per sub: 5, sigma^2: 0.5, beta: 0.41, simulation: 82"
[1] "n sub: 50, n images per sub: 5, sigma^2: 2, beta: 0.41, simulation: 82"
[1] "n sub: 50, n images per sub: 5, sigma^2: 1, beta: 0.41, simulation: 83"
[1] "n sub: 50, n images per sub: 5, sigma^2: 0.5, beta: 0.41, simulation: 83"
[1] "n sub: 50, n images per sub: 5, sigma^2: 2, beta: 0.41, simulation: 83"
[1] "n sub: 50, n images per sub: 5, sigma^2: 1, beta: 0.41, simulation: 84"
[1] "n sub: 50, n images per sub: 5, sigma^2: 0.5, beta: 0.41, simulation: 84"
[1] "n sub: 50, n images per sub: 5, sigma^2: 2, beta: 0.41, simulation: 84"
