 [1] 15283 15284 15285 15286 15287 15288 15289 15290 15291 15292 15293 15294
[13] 15295 15296 15297 15298 15299 15300 15301 15302 15303 15304 15305 15306
[25] 15307 15308 15309
[1] "n sub: 50, n images per sub: 5, sigma^2: 1, beta: 0.22, simulation: 95"
[1] "n sub: 50, n images per sub: 5, sigma^2: 2, beta: 0.22, simulation: 95"
[1] "n sub: 50, n images per sub: 5, sigma^2: 0.5, beta: 0.22, simulation: 95"
[1] "n sub: 50, n images per sub: 5, sigma^2: 1, beta: 0.22, simulation: 96"
[1] "n sub: 50, n images per sub: 5, sigma^2: 2, beta: 0.22, simulation: 96"
[1] "n sub: 50, n images per sub: 5, sigma^2: 0.5, beta: 0.22, simulation: 96"
[1] "n sub: 50, n images per sub: 5, sigma^2: 1, beta: 0.22, simulation: 97"
[1] "n sub: 50, n images per sub: 5, sigma^2: 2, beta: 0.22, simulation: 97"
[1] "n sub: 50, n images per sub: 5, sigma^2: 0.5, beta: 0.22, simulation: 97"
[1] "n sub: 50, n images per sub: 5, sigma^2: 1, beta: 0.22, simulation: 98"
[1] "n sub: 50, n images per sub: 5, sigma^2: 2, beta: 0.22, simulation: 98"
[1] "n sub: 50, n images per sub: 5, sigma^2: 0.5, beta: 0.22, simulation: 98"
[1] "n sub: 50, n images per sub: 5, sigma^2: 1, beta: 0.22, simulation: 99"
[1] "n sub: 50, n images per sub: 5, sigma^2: 2, beta: 0.22, simulation: 99"
[1] "n sub: 50, n images per sub: 5, sigma^2: 0.5, beta: 0.22, simulation: 99"
[1] "n sub: 50, n images per sub: 5, sigma^2: 1, beta: 0.22, simulation: 100"
[1] "n sub: 50, n images per sub: 5, sigma^2: 2, beta: 0.22, simulation: 100"
[1] "n sub: 50, n images per sub: 5, sigma^2: 0.5, beta: 0.22, simulation: 100"
[1] "n sub: 50, n images per sub: 5, sigma^2: 1, beta: 0.41, simulation: 1"
[1] "n sub: 50, n images per sub: 5, sigma^2: 0.5, beta: 0.41, simulation: 1"
[1] "n sub: 50, n images per sub: 5, sigma^2: 2, beta: 0.41, simulation: 1"
[1] "n sub: 50, n images per sub: 5, sigma^2: 1, beta: 0.41, simulation: 2"
[1] "n sub: 50, n images per sub: 5, sigma^2: 0.5, beta: 0.41, simulation: 2"
[1] "n sub: 50, n images per sub: 5, sigma^2: 2, beta: 0.41, simulation: 2"
[1] "n sub: 50, n images per sub: 5, sigma^2: 1, beta: 0.41, simulation: 3"
[1] "n sub: 50, n images per sub: 5, sigma^2: 0.5, beta: 0.41, simulation: 3"
[1] "n sub: 50, n images per sub: 5, sigma^2: 2, beta: 0.41, simulation: 3"
