  [1] 8317 8318 8319 8320 8321 8322 8323 8324 8325 8326 8327 8328 8329 8330 8331
 [16] 8332 8333 8334 8335 8336 8337 8338 8339 8340 8341 8342 8343 8344 8345 8346
 [31] 8347 8348 8349 8350 8351 8352 8353 8354 8355 8356 8357 8358 8359 8360 8361
 [46] 8362 8363 8364 8365 8366 8367 8368 8369 8370 8371 8372 8373 8374 8375 8376
 [61] 8377 8378 8379 8380 8381 8382 8383 8384 8385 8386 8387 8388 8389 8390 8391
 [76] 8392 8393 8394 8395 8396 8397 8398 8399 8400 8401 8402 8403 8404 8405 8406
 [91] 8407 8408 8409 8410 8411 8412 8413 8414 8415 8416 8417 8418 8419 8420 8421
[106] 8422 8423 8424
[1] "n sub: 10, n images per sub: 5, sigma^2: 2, beta: -1.1, simulation: 73"
[1] "n sub: 10, n images per sub: 5, sigma^2: 1, beta: -1.1, simulation: 73"
[1] "n sub: 10, n images per sub: 5, sigma^2: 0.5, beta: -1.1, simulation: 73"
[1] "n sub: 10, n images per sub: 5, sigma^2: 2, beta: -1.1, simulation: 74"
[1] "n sub: 10, n images per sub: 5, sigma^2: 1, beta: -1.1, simulation: 74"
[1] "n sub: 10, n images per sub: 5, sigma^2: 0.5, beta: -1.1, simulation: 74"
[1] "n sub: 10, n images per sub: 5, sigma^2: 2, beta: -1.1, simulation: 75"
[1] "n sub: 10, n images per sub: 5, sigma^2: 1, beta: -1.1, simulation: 75"
[1] "n sub: 10, n images per sub: 5, sigma^2: 0.5, beta: -1.1, simulation: 75"
[1] "n sub: 10, n images per sub: 5, sigma^2: 2, beta: -1.1, simulation: 76"
[1] "n sub: 10, n images per sub: 5, sigma^2: 1, beta: -1.1, simulation: 76"
[1] "n sub: 10, n images per sub: 5, sigma^2: 0.5, beta: -1.1, simulation: 76"
[1] "n sub: 10, n images per sub: 5, sigma^2: 2, beta: -1.1, simulation: 77"
[1] "n sub: 10, n images per sub: 5, sigma^2: 1, beta: -1.1, simulation: 77"
[1] "n sub: 10, n images per sub: 5, sigma^2: 0.5, beta: -1.1, simulation: 77"
[1] "n sub: 10, n images per sub: 5, sigma^2: 2, beta: -1.1, simulation: 78"
[1] "n sub: 10, n images per sub: 5, sigma^2: 1, beta: -1.1, simulation: 78"
[1] "n sub: 10, n images per sub: 5, sigma^2: 0.5, beta: -1.1, simulation: 78"
[1] "n sub: 10, n images per sub: 5, sigma^2: 2, beta: -1.1, simulation: 79"
[1] "n sub: 10, n images per sub: 5, sigma^2: 1, beta: -1.1, simulation: 79"
[1] "n sub: 10, n images per sub: 5, sigma^2: 0.5, beta: -1.1, simulation: 79"
[1] "n sub: 10, n images per sub: 5, sigma^2: 2, beta: -1.1, simulation: 80"
[1] "n sub: 10, n images per sub: 5, sigma^2: 1, beta: -1.1, simulation: 80"
[1] "n sub: 10, n images per sub: 5, sigma^2: 0.5, beta: -1.1, simulation: 80"
[1] "n sub: 10, n images per sub: 5, sigma^2: 2, beta: -1.1, simulation: 81"
[1] "n sub: 10, n images per sub: 5, sigma^2: 1, beta: -1.1, simulation: 81"
[1] "n sub: 10, n images per sub: 5, sigma^2: 0.5, beta: -1.1, simulation: 81"
[1] "n sub: 10, n images per sub: 5, sigma^2: 2, beta: -1.1, simulation: 82"
[1] "n sub: 10, n images per sub: 5, sigma^2: 1, beta: -1.1, simulation: 82"
[1] "n sub: 10, n images per sub: 5, sigma^2: 0.5, beta: -1.1, simulation: 82"
[1] "n sub: 10, n images per sub: 5, sigma^2: 2, beta: -1.1, simulation: 83"
[1] "n sub: 10, n images per sub: 5, sigma^2: 1, beta: -1.1, simulation: 83"
[1] "n sub: 10, n images per sub: 5, sigma^2: 0.5, beta: -1.1, simulation: 83"
[1] "n sub: 10, n images per sub: 5, sigma^2: 2, beta: -1.1, simulation: 84"
[1] "n sub: 10, n images per sub: 5, sigma^2: 1, beta: -1.1, simulation: 84"
[1] "n sub: 10, n images per sub: 5, sigma^2: 0.5, beta: -1.1, simulation: 84"
[1] "n sub: 10, n images per sub: 5, sigma^2: 2, beta: -1.1, simulation: 85"
[1] "n sub: 10, n images per sub: 5, sigma^2: 1, beta: -1.1, simulation: 85"
[1] "n sub: 10, n images per sub: 5, sigma^2: 0.5, beta: -1.1, simulation: 85"
[1] "n sub: 10, n images per sub: 5, sigma^2: 2, beta: -1.1, simulation: 86"
[1] "n sub: 10, n images per sub: 5, sigma^2: 1, beta: -1.1, simulation: 86"
[1] "n sub: 10, n images per sub: 5, sigma^2: 0.5, beta: -1.1, simulation: 86"
[1] "n sub: 10, n images per sub: 5, sigma^2: 2, beta: -1.1, simulation: 87"
[1] "n sub: 10, n images per sub: 5, sigma^2: 1, beta: -1.1, simulation: 87"
[1] "n sub: 10, n images per sub: 5, sigma^2: 0.5, beta: -1.1, simulation: 87"
[1] "n sub: 10, n images per sub: 5, sigma^2: 1, beta: -1.1, simulation: 88"
[1] "n sub: 10, n images per sub: 5, sigma^2: 2, beta: -1.1, simulation: 88"
[1] "n sub: 10, n images per sub: 5, sigma^2: 0.5, beta: -1.1, simulation: 88"
[1] "n sub: 10, n images per sub: 5, sigma^2: 2, beta: -1.1, simulation: 89"
[1] "n sub: 10, n images per sub: 5, sigma^2: 1, beta: -1.1, simulation: 89"
[1] "n sub: 10, n images per sub: 5, sigma^2: 0.5, beta: -1.1, simulation: 89"
[1] "n sub: 10, n images per sub: 5, sigma^2: 2, beta: -1.1, simulation: 90"
[1] "n sub: 10, n images per sub: 5, sigma^2: 1, beta: -1.1, simulation: 90"
[1] "n sub: 10, n images per sub: 5, sigma^2: 0.5, beta: -1.1, simulation: 90"
[1] "n sub: 10, n images per sub: 5, sigma^2: 2, beta: -1.1, simulation: 91"
[1] "n sub: 10, n images per sub: 5, sigma^2: 1, beta: -1.1, simulation: 91"
[1] "n sub: 10, n images per sub: 5, sigma^2: 0.5, beta: -1.1, simulation: 91"
[1] "n sub: 10, n images per sub: 5, sigma^2: 2, beta: -1.1, simulation: 92"
[1] "n sub: 10, n images per sub: 5, sigma^2: 1, beta: -1.1, simulation: 92"
[1] "n sub: 10, n images per sub: 5, sigma^2: 0.5, beta: -1.1, simulation: 92"
[1] "n sub: 10, n images per sub: 5, sigma^2: 1, beta: -1.1, simulation: 93"
[1] "n sub: 10, n images per sub: 5, sigma^2: 2, beta: -1.1, simulation: 93"
[1] "n sub: 10, n images per sub: 5, sigma^2: 0.5, beta: -1.1, simulation: 93"
[1] "n sub: 10, n images per sub: 5, sigma^2: 2, beta: -1.1, simulation: 94"
[1] "n sub: 10, n images per sub: 5, sigma^2: 1, beta: -1.1, simulation: 94"
[1] "n sub: 10, n images per sub: 5, sigma^2: 0.5, beta: -1.1, simulation: 94"
[1] "n sub: 10, n images per sub: 5, sigma^2: 1, beta: -1.1, simulation: 95"
[1] "n sub: 10, n images per sub: 5, sigma^2: 2, beta: -1.1, simulation: 95"
[1] "n sub: 10, n images per sub: 5, sigma^2: 0.5, beta: -1.1, simulation: 95"
[1] "n sub: 10, n images per sub: 5, sigma^2: 1, beta: -1.1, simulation: 96"
[1] "n sub: 10, n images per sub: 5, sigma^2: 2, beta: -1.1, simulation: 96"
[1] "n sub: 10, n images per sub: 5, sigma^2: 0.5, beta: -1.1, simulation: 96"
[1] "n sub: 10, n images per sub: 5, sigma^2: 1, beta: -1.1, simulation: 97"
[1] "n sub: 10, n images per sub: 5, sigma^2: 2, beta: -1.1, simulation: 97"
[1] "n sub: 10, n images per sub: 5, sigma^2: 0.5, beta: -1.1, simulation: 97"
[1] "n sub: 10, n images per sub: 5, sigma^2: 2, beta: -1.1, simulation: 98"
[1] "n sub: 10, n images per sub: 5, sigma^2: 1, beta: -1.1, simulation: 98"
[1] "n sub: 10, n images per sub: 5, sigma^2: 0.5, beta: -1.1, simulation: 98"
[1] "n sub: 10, n images per sub: 5, sigma^2: 1, beta: -1.1, simulation: 99"
[1] "n sub: 10, n images per sub: 5, sigma^2: 2, beta: -1.1, simulation: 99"
[1] "n sub: 10, n images per sub: 5, sigma^2: 0.5, beta: -1.1, simulation: 99"
[1] "n sub: 10, n images per sub: 5, sigma^2: 2, beta: -1.1, simulation: 100"
[1] "n sub: 10, n images per sub: 5, sigma^2: 1, beta: -1.1, simulation: 100"
[1] "n sub: 10, n images per sub: 5, sigma^2: 0.5, beta: -1.1, simulation: 100"
[1] "n sub: 10, n images per sub: 5, sigma^2: 2, beta: -0.69, simulation: 1"
[1] "n sub: 10, n images per sub: 5, sigma^2: 1, beta: -0.69, simulation: 1"
[1] "n sub: 10, n images per sub: 5, sigma^2: 0.5, beta: -0.69, simulation: 1"
[1] "n sub: 10, n images per sub: 5, sigma^2: 2, beta: -0.69, simulation: 2"
[1] "n sub: 10, n images per sub: 5, sigma^2: 1, beta: -0.69, simulation: 2"
[1] "n sub: 10, n images per sub: 5, sigma^2: 0.5, beta: -0.69, simulation: 2"
[1] "n sub: 10, n images per sub: 5, sigma^2: 2, beta: -0.69, simulation: 3"
[1] "n sub: 10, n images per sub: 5, sigma^2: 1, beta: -0.69, simulation: 3"
[1] "n sub: 10, n images per sub: 5, sigma^2: 0.5, beta: -0.69, simulation: 3"
[1] "n sub: 10, n images per sub: 5, sigma^2: 2, beta: -0.69, simulation: 4"
[1] "n sub: 10, n images per sub: 5, sigma^2: 1, beta: -0.69, simulation: 4"
[1] "n sub: 10, n images per sub: 5, sigma^2: 0.5, beta: -0.69, simulation: 4"
[1] "n sub: 10, n images per sub: 5, sigma^2: 2, beta: -0.69, simulation: 5"
[1] "n sub: 10, n images per sub: 5, sigma^2: 1, beta: -0.69, simulation: 5"
[1] "n sub: 10, n images per sub: 5, sigma^2: 0.5, beta: -0.69, simulation: 5"
[1] "n sub: 10, n images per sub: 5, sigma^2: 2, beta: -0.69, simulation: 6"
[1] "n sub: 10, n images per sub: 5, sigma^2: 1, beta: -0.69, simulation: 6"
[1] "n sub: 10, n images per sub: 5, sigma^2: 0.5, beta: -0.69, simulation: 6"
[1] "n sub: 10, n images per sub: 5, sigma^2: 2, beta: -0.69, simulation: 7"
[1] "n sub: 10, n images per sub: 5, sigma^2: 1, beta: -0.69, simulation: 7"
[1] "n sub: 10, n images per sub: 5, sigma^2: 0.5, beta: -0.69, simulation: 7"
[1] "n sub: 10, n images per sub: 5, sigma^2: 2, beta: -0.69, simulation: 8"
[1] "n sub: 10, n images per sub: 5, sigma^2: 1, beta: -0.69, simulation: 8"
[1] "n sub: 10, n images per sub: 5, sigma^2: 0.5, beta: -0.69, simulation: 8"
