  [1] 2566 2567 2568 2569 2570 2571 2572 2573 2574 2575 2576 2577 2578 2579 2580
 [16] 2581 2582 2583 2584 2585 2586 2587 2588 2589 2590 2591 2592 2593 2594 2595
 [31] 2596 2597 2598 2599 2600 2601 2602 2603 2604 2605 2606 2607 2608 2609 2610
 [46] 2611 2612 2613 2614 2615 2616 2617 2618 2619 2620 2621 2622 2623 2624 2625
 [61] 2626 2627 2628 2629 2630 2631 2632 2633 2634 2635 2636 2637 2638 2639 2640
 [76] 2641 2642 2643 2644 2645 2646 2647 2648 2649 2650 2651 2652 2653 2654 2655
 [91] 2656 2657 2658 2659 2660 2661 2662 2663 2664 2665 2666 2667 2668 2669 2670
[106] 2671 2672 2673 2674 2675 2676 2677 2678 2679 2680 2681 2682 2683 2684 2685
[121] 2686 2687 2688 2689 2690 2691 2692 2693 2694 2695 2696 2697 2698 2699 2700
[1] "n sub: 10, n images per sub: 1, sigma^2: 0.5, beta: 1.1, simulation: 56"
[1] "n sub: 10, n images per sub: 1, sigma^2: 1, beta: 1.1, simulation: 56"
[1] "n sub: 10, n images per sub: 1, sigma^2: 2, beta: 1.1, simulation: 56"
[1] "n sub: 10, n images per sub: 1, sigma^2: 0.5, beta: 1.1, simulation: 57"
[1] "n sub: 10, n images per sub: 1, sigma^2: 1, beta: 1.1, simulation: 57"
[1] "n sub: 10, n images per sub: 1, sigma^2: 2, beta: 1.1, simulation: 57"
[1] "n sub: 10, n images per sub: 1, sigma^2: 0.5, beta: 1.1, simulation: 58"
[1] "n sub: 10, n images per sub: 1, sigma^2: 1, beta: 1.1, simulation: 58"
[1] "n sub: 10, n images per sub: 1, sigma^2: 2, beta: 1.1, simulation: 58"
[1] "n sub: 10, n images per sub: 1, sigma^2: 0.5, beta: 1.1, simulation: 59"
[1] "n sub: 10, n images per sub: 1, sigma^2: 1, beta: 1.1, simulation: 59"
[1] "n sub: 10, n images per sub: 1, sigma^2: 2, beta: 1.1, simulation: 59"
[1] "n sub: 10, n images per sub: 1, sigma^2: 2, beta: 1.1, simulation: 60"
[1] "n sub: 10, n images per sub: 1, sigma^2: 1, beta: 1.1, simulation: 60"
[1] "n sub: 10, n images per sub: 1, sigma^2: 0.5, beta: 1.1, simulation: 60"
[1] "n sub: 10, n images per sub: 1, sigma^2: 2, beta: 1.1, simulation: 61"
[1] "n sub: 10, n images per sub: 1, sigma^2: 1, beta: 1.1, simulation: 61"
[1] "n sub: 10, n images per sub: 1, sigma^2: 0.5, beta: 1.1, simulation: 61"
[1] "n sub: 10, n images per sub: 1, sigma^2: 2, beta: 1.1, simulation: 62"
[1] "n sub: 10, n images per sub: 1, sigma^2: 1, beta: 1.1, simulation: 62"
[1] "n sub: 10, n images per sub: 1, sigma^2: 0.5, beta: 1.1, simulation: 62"
[1] "n sub: 10, n images per sub: 1, sigma^2: 2, beta: 1.1, simulation: 63"
[1] "n sub: 10, n images per sub: 1, sigma^2: 1, beta: 1.1, simulation: 63"
[1] "n sub: 10, n images per sub: 1, sigma^2: 0.5, beta: 1.1, simulation: 63"
[1] "n sub: 10, n images per sub: 1, sigma^2: 2, beta: 1.1, simulation: 64"
[1] "n sub: 10, n images per sub: 1, sigma^2: 1, beta: 1.1, simulation: 64"
[1] "n sub: 10, n images per sub: 1, sigma^2: 0.5, beta: 1.1, simulation: 64"
[1] "n sub: 10, n images per sub: 1, sigma^2: 2, beta: 1.1, simulation: 65"
[1] "n sub: 10, n images per sub: 1, sigma^2: 1, beta: 1.1, simulation: 65"
[1] "n sub: 10, n images per sub: 1, sigma^2: 0.5, beta: 1.1, simulation: 65"
[1] "n sub: 10, n images per sub: 1, sigma^2: 2, beta: 1.1, simulation: 66"
[1] "n sub: 10, n images per sub: 1, sigma^2: 1, beta: 1.1, simulation: 66"
[1] "n sub: 10, n images per sub: 1, sigma^2: 0.5, beta: 1.1, simulation: 66"
[1] "n sub: 10, n images per sub: 1, sigma^2: 2, beta: 1.1, simulation: 67"
[1] "n sub: 10, n images per sub: 1, sigma^2: 1, beta: 1.1, simulation: 67"
[1] "n sub: 10, n images per sub: 1, sigma^2: 0.5, beta: 1.1, simulation: 67"
[1] "n sub: 10, n images per sub: 1, sigma^2: 2, beta: 1.1, simulation: 68"
[1] "n sub: 10, n images per sub: 1, sigma^2: 1, beta: 1.1, simulation: 68"
[1] "n sub: 10, n images per sub: 1, sigma^2: 0.5, beta: 1.1, simulation: 68"
[1] "n sub: 10, n images per sub: 1, sigma^2: 2, beta: 1.1, simulation: 69"
[1] "n sub: 10, n images per sub: 1, sigma^2: 1, beta: 1.1, simulation: 69"
[1] "n sub: 10, n images per sub: 1, sigma^2: 0.5, beta: 1.1, simulation: 69"
[1] "n sub: 10, n images per sub: 1, sigma^2: 1, beta: 1.1, simulation: 70"
[1] "n sub: 10, n images per sub: 1, sigma^2: 2, beta: 1.1, simulation: 70"
[1] "n sub: 10, n images per sub: 1, sigma^2: 0.5, beta: 1.1, simulation: 70"
[1] "n sub: 10, n images per sub: 1, sigma^2: 2, beta: 1.1, simulation: 71"
[1] "n sub: 10, n images per sub: 1, sigma^2: 1, beta: 1.1, simulation: 71"
[1] "n sub: 10, n images per sub: 1, sigma^2: 0.5, beta: 1.1, simulation: 71"
[1] "n sub: 10, n images per sub: 1, sigma^2: 1, beta: 1.1, simulation: 72"
[1] "n sub: 10, n images per sub: 1, sigma^2: 2, beta: 1.1, simulation: 72"
[1] "n sub: 10, n images per sub: 1, sigma^2: 0.5, beta: 1.1, simulation: 72"
[1] "n sub: 10, n images per sub: 1, sigma^2: 0.5, beta: 1.1, simulation: 73"
[1] "n sub: 10, n images per sub: 1, sigma^2: 1, beta: 1.1, simulation: 73"
[1] "n sub: 10, n images per sub: 1, sigma^2: 2, beta: 1.1, simulation: 73"
[1] "n sub: 10, n images per sub: 1, sigma^2: 0.5, beta: 1.1, simulation: 74"
[1] "n sub: 10, n images per sub: 1, sigma^2: 1, beta: 1.1, simulation: 74"
[1] "n sub: 10, n images per sub: 1, sigma^2: 2, beta: 1.1, simulation: 74"
[1] "n sub: 10, n images per sub: 1, sigma^2: 0.5, beta: 1.1, simulation: 75"
[1] "n sub: 10, n images per sub: 1, sigma^2: 1, beta: 1.1, simulation: 75"
[1] "n sub: 10, n images per sub: 1, sigma^2: 2, beta: 1.1, simulation: 75"
[1] "n sub: 10, n images per sub: 1, sigma^2: 0.5, beta: 1.1, simulation: 76"
[1] "n sub: 10, n images per sub: 1, sigma^2: 1, beta: 1.1, simulation: 76"
[1] "n sub: 10, n images per sub: 1, sigma^2: 2, beta: 1.1, simulation: 76"
[1] "n sub: 10, n images per sub: 1, sigma^2: 0.5, beta: 1.1, simulation: 77"
[1] "n sub: 10, n images per sub: 1, sigma^2: 1, beta: 1.1, simulation: 77"
[1] "n sub: 10, n images per sub: 1, sigma^2: 2, beta: 1.1, simulation: 77"
[1] "n sub: 10, n images per sub: 1, sigma^2: 0.5, beta: 1.1, simulation: 78"
[1] "n sub: 10, n images per sub: 1, sigma^2: 1, beta: 1.1, simulation: 78"
[1] "n sub: 10, n images per sub: 1, sigma^2: 2, beta: 1.1, simulation: 78"
[1] "n sub: 10, n images per sub: 1, sigma^2: 0.5, beta: 1.1, simulation: 79"
[1] "n sub: 10, n images per sub: 1, sigma^2: 1, beta: 1.1, simulation: 79"
[1] "n sub: 10, n images per sub: 1, sigma^2: 2, beta: 1.1, simulation: 79"
[1] "n sub: 10, n images per sub: 1, sigma^2: 2, beta: 1.1, simulation: 80"
[1] "n sub: 10, n images per sub: 1, sigma^2: 1, beta: 1.1, simulation: 80"
[1] "n sub: 10, n images per sub: 1, sigma^2: 0.5, beta: 1.1, simulation: 80"
[1] "n sub: 10, n images per sub: 1, sigma^2: 2, beta: 1.1, simulation: 81"
[1] "n sub: 10, n images per sub: 1, sigma^2: 1, beta: 1.1, simulation: 81"
[1] "n sub: 10, n images per sub: 1, sigma^2: 0.5, beta: 1.1, simulation: 81"
[1] "n sub: 10, n images per sub: 1, sigma^2: 2, beta: 1.1, simulation: 82"
[1] "n sub: 10, n images per sub: 1, sigma^2: 1, beta: 1.1, simulation: 82"
[1] "n sub: 10, n images per sub: 1, sigma^2: 0.5, beta: 1.1, simulation: 82"
[1] "n sub: 10, n images per sub: 1, sigma^2: 2, beta: 1.1, simulation: 83"
[1] "n sub: 10, n images per sub: 1, sigma^2: 1, beta: 1.1, simulation: 83"
[1] "n sub: 10, n images per sub: 1, sigma^2: 0.5, beta: 1.1, simulation: 83"
[1] "n sub: 10, n images per sub: 1, sigma^2: 2, beta: 1.1, simulation: 84"
[1] "n sub: 10, n images per sub: 1, sigma^2: 1, beta: 1.1, simulation: 84"
[1] "n sub: 10, n images per sub: 1, sigma^2: 0.5, beta: 1.1, simulation: 84"
[1] "n sub: 10, n images per sub: 1, sigma^2: 2, beta: 1.1, simulation: 85"
[1] "n sub: 10, n images per sub: 1, sigma^2: 1, beta: 1.1, simulation: 85"
[1] "n sub: 10, n images per sub: 1, sigma^2: 0.5, beta: 1.1, simulation: 85"
[1] "n sub: 10, n images per sub: 1, sigma^2: 2, beta: 1.1, simulation: 86"
[1] "n sub: 10, n images per sub: 1, sigma^2: 1, beta: 1.1, simulation: 86"
[1] "n sub: 10, n images per sub: 1, sigma^2: 0.5, beta: 1.1, simulation: 86"
[1] "n sub: 10, n images per sub: 1, sigma^2: 2, beta: 1.1, simulation: 87"
[1] "n sub: 10, n images per sub: 1, sigma^2: 1, beta: 1.1, simulation: 87"
[1] "n sub: 10, n images per sub: 1, sigma^2: 0.5, beta: 1.1, simulation: 87"
[1] "n sub: 10, n images per sub: 1, sigma^2: 2, beta: 1.1, simulation: 88"
[1] "n sub: 10, n images per sub: 1, sigma^2: 1, beta: 1.1, simulation: 88"
[1] "n sub: 10, n images per sub: 1, sigma^2: 0.5, beta: 1.1, simulation: 88"
[1] "n sub: 10, n images per sub: 1, sigma^2: 2, beta: 1.1, simulation: 89"
[1] "n sub: 10, n images per sub: 1, sigma^2: 1, beta: 1.1, simulation: 89"
[1] "n sub: 10, n images per sub: 1, sigma^2: 0.5, beta: 1.1, simulation: 89"
[1] "n sub: 10, n images per sub: 1, sigma^2: 1, beta: 1.1, simulation: 90"
[1] "n sub: 10, n images per sub: 1, sigma^2: 2, beta: 1.1, simulation: 90"
[1] "n sub: 10, n images per sub: 1, sigma^2: 0.5, beta: 1.1, simulation: 90"
[1] "n sub: 10, n images per sub: 1, sigma^2: 2, beta: 1.1, simulation: 91"
[1] "n sub: 10, n images per sub: 1, sigma^2: 1, beta: 1.1, simulation: 91"
[1] "n sub: 10, n images per sub: 1, sigma^2: 0.5, beta: 1.1, simulation: 91"
[1] "n sub: 10, n images per sub: 1, sigma^2: 1, beta: 1.1, simulation: 92"
[1] "n sub: 10, n images per sub: 1, sigma^2: 2, beta: 1.1, simulation: 92"
[1] "n sub: 10, n images per sub: 1, sigma^2: 0.5, beta: 1.1, simulation: 92"
[1] "n sub: 10, n images per sub: 1, sigma^2: 0.5, beta: 1.1, simulation: 93"
[1] "n sub: 10, n images per sub: 1, sigma^2: 1, beta: 1.1, simulation: 93"
[1] "n sub: 10, n images per sub: 1, sigma^2: 2, beta: 1.1, simulation: 93"
[1] "n sub: 10, n images per sub: 1, sigma^2: 0.5, beta: 1.1, simulation: 94"
[1] "n sub: 10, n images per sub: 1, sigma^2: 1, beta: 1.1, simulation: 94"
[1] "n sub: 10, n images per sub: 1, sigma^2: 2, beta: 1.1, simulation: 94"
[1] "n sub: 10, n images per sub: 1, sigma^2: 0.5, beta: 1.1, simulation: 95"
[1] "n sub: 10, n images per sub: 1, sigma^2: 1, beta: 1.1, simulation: 95"
[1] "n sub: 10, n images per sub: 1, sigma^2: 2, beta: 1.1, simulation: 95"
[1] "n sub: 10, n images per sub: 1, sigma^2: 0.5, beta: 1.1, simulation: 96"
[1] "n sub: 10, n images per sub: 1, sigma^2: 1, beta: 1.1, simulation: 96"
[1] "n sub: 10, n images per sub: 1, sigma^2: 2, beta: 1.1, simulation: 96"
[1] "n sub: 10, n images per sub: 1, sigma^2: 0.5, beta: 1.1, simulation: 97"
[1] "n sub: 10, n images per sub: 1, sigma^2: 1, beta: 1.1, simulation: 97"
[1] "n sub: 10, n images per sub: 1, sigma^2: 2, beta: 1.1, simulation: 97"
[1] "n sub: 10, n images per sub: 1, sigma^2: 0.5, beta: 1.1, simulation: 98"
[1] "n sub: 10, n images per sub: 1, sigma^2: 1, beta: 1.1, simulation: 98"
[1] "n sub: 10, n images per sub: 1, sigma^2: 2, beta: 1.1, simulation: 98"
[1] "n sub: 10, n images per sub: 1, sigma^2: 0.5, beta: 1.1, simulation: 99"
[1] "n sub: 10, n images per sub: 1, sigma^2: 1, beta: 1.1, simulation: 99"
[1] "n sub: 10, n images per sub: 1, sigma^2: 2, beta: 1.1, simulation: 99"
[1] "n sub: 10, n images per sub: 1, sigma^2: 0.5, beta: 1.1, simulation: 100"
[1] "n sub: 10, n images per sub: 1, sigma^2: 1, beta: 1.1, simulation: 100"
[1] "n sub: 10, n images per sub: 1, sigma^2: 2, beta: 1.1, simulation: 100"
