 [1] 14878 14879 14880 14881 14882 14883 14884 14885 14886 14887 14888 14889
[13] 14890 14891 14892 14893 14894 14895 14896 14897 14898 14899 14900 14901
[25] 14902 14903 14904
[1] "n sub: 50, n images per sub: 5, sigma^2: 0.5, beta: 0, simulation: 60"
[1] "n sub: 50, n images per sub: 5, sigma^2: 2, beta: 0, simulation: 60"
[1] "n sub: 50, n images per sub: 5, sigma^2: 1, beta: 0, simulation: 60"
[1] "n sub: 50, n images per sub: 5, sigma^2: 0.5, beta: 0, simulation: 61"
[1] "n sub: 50, n images per sub: 5, sigma^2: 2, beta: 0, simulation: 61"
[1] "n sub: 50, n images per sub: 5, sigma^2: 1, beta: 0, simulation: 61"
[1] "n sub: 50, n images per sub: 5, sigma^2: 0.5, beta: 0, simulation: 62"
[1] "n sub: 50, n images per sub: 5, sigma^2: 1, beta: 0, simulation: 62"
[1] "n sub: 50, n images per sub: 5, sigma^2: 2, beta: 0, simulation: 62"
[1] "n sub: 50, n images per sub: 5, sigma^2: 0.5, beta: 0, simulation: 63"
[1] "n sub: 50, n images per sub: 5, sigma^2: 2, beta: 0, simulation: 63"
[1] "n sub: 50, n images per sub: 5, sigma^2: 1, beta: 0, simulation: 63"
[1] "n sub: 50, n images per sub: 5, sigma^2: 0.5, beta: 0, simulation: 64"
[1] "n sub: 50, n images per sub: 5, sigma^2: 1, beta: 0, simulation: 64"
[1] "n sub: 50, n images per sub: 5, sigma^2: 2, beta: 0, simulation: 64"
[1] "n sub: 50, n images per sub: 5, sigma^2: 0.5, beta: 0, simulation: 65"
[1] "n sub: 50, n images per sub: 5, sigma^2: 2, beta: 0, simulation: 65"
[1] "n sub: 50, n images per sub: 5, sigma^2: 1, beta: 0, simulation: 65"
[1] "n sub: 50, n images per sub: 5, sigma^2: 0.5, beta: 0, simulation: 66"
[1] "n sub: 50, n images per sub: 5, sigma^2: 1, beta: 0, simulation: 66"
[1] "n sub: 50, n images per sub: 5, sigma^2: 2, beta: 0, simulation: 66"
[1] "n sub: 50, n images per sub: 5, sigma^2: 0.5, beta: 0, simulation: 67"
[1] "n sub: 50, n images per sub: 5, sigma^2: 2, beta: 0, simulation: 67"
[1] "n sub: 50, n images per sub: 5, sigma^2: 1, beta: 0, simulation: 67"
[1] "n sub: 50, n images per sub: 5, sigma^2: 0.5, beta: 0, simulation: 68"
[1] "n sub: 50, n images per sub: 5, sigma^2: 2, beta: 0, simulation: 68"
[1] "n sub: 50, n images per sub: 5, sigma^2: 1, beta: 0, simulation: 68"
