[1] "n sub: 50, n images per sub: 1, zero distance: 100, sigma^2: 2, beta: 0.41, simulation: 467"
[1] "no_corr"
[1] "pc_exp"
[1] "pc_sqexp"
[1] "n sub: 50, n images per sub: 1, zero distance: 100, sigma^2: 0.5, beta: 0.41, simulation: 468"
[1] "no_corr"
[1] "pc_exp"
[1] "pc_sqexp"
[1] "n sub: 50, n images per sub: 1, zero distance: 100, sigma^2: 1, beta: 0.41, simulation: 468"
[1] "no_corr"
[1] "pc_exp"
[1] "pc_sqexp"
[1] "n sub: 50, n images per sub: 1, zero distance: 100, sigma^2: 2, beta: 0.41, simulation: 468"
[1] "no_corr"
[1] "pc_exp"
[1] "pc_sqexp"
[1] "n sub: 50, n images per sub: 1, zero distance: 100, sigma^2: 0.5, beta: 0.41, simulation: 469"
[1] "no_corr"
[1] "pc_exp"
[1] "pc_sqexp"
[1] "n sub: 50, n images per sub: 1, zero distance: 100, sigma^2: 1, beta: 0.41, simulation: 469"
[1] "no_corr"
[1] "pc_exp"
[1] "pc_sqexp"
[1] "n sub: 50, n images per sub: 1, zero distance: 100, sigma^2: 2, beta: 0.41, simulation: 469"
[1] "no_corr"
[1] "pc_exp"
[1] "pc_sqexp"
[1] "n sub: 50, n images per sub: 1, zero distance: 100, sigma^2: 0.5, beta: 0.41, simulation: 470"
[1] "no_corr"
[1] "pc_exp"
[1] "pc_sqexp"
[1] "n sub: 50, n images per sub: 1, zero distance: 100, sigma^2: 1, beta: 0.41, simulation: 470"
[1] "no_corr"
[1] "pc_exp"
[1] "pc_sqexp"
[1] "n sub: 50, n images per sub: 1, zero distance: 100, sigma^2: 2, beta: 0.41, simulation: 470"
[1] "no_corr"
[1] "pc_exp"
[1] "pc_sqexp"
[1] "n sub: 50, n images per sub: 1, zero distance: 100, sigma^2: 0.5, beta: 0.41, simulation: 471"
[1] "no_corr"
[1] "pc_exp"
[1] "pc_sqexp"
[1] "n sub: 50, n images per sub: 1, zero distance: 100, sigma^2: 1, beta: 0.41, simulation: 471"
[1] "no_corr"
[1] "pc_exp"
[1] "pc_sqexp"
[1] "n sub: 50, n images per sub: 1, zero distance: 100, sigma^2: 2, beta: 0.41, simulation: 471"
[1] "no_corr"
[1] "pc_exp"
[1] "pc_sqexp"
[1] "n sub: 50, n images per sub: 1, zero distance: 100, sigma^2: 0.5, beta: 0.41, simulation: 472"
[1] "no_corr"
[1] "pc_exp"
[1] "pc_sqexp"
[1] "n sub: 50, n images per sub: 1, zero distance: 100, sigma^2: 1, beta: 0.41, simulation: 472"
[1] "no_corr"
[1] "pc_exp"
[1] "pc_sqexp"
[1] "n sub: 50, n images per sub: 1, zero distance: 100, sigma^2: 2, beta: 0.41, simulation: 472"
[1] "no_corr"
[1] "pc_exp"
[1] "pc_sqexp"
[1] "n sub: 50, n images per sub: 1, zero distance: 100, sigma^2: 0.5, beta: 0.41, simulation: 473"
[1] "no_corr"
[1] "pc_exp"
[1] "pc_sqexp"
[1] "n sub: 50, n images per sub: 1, zero distance: 100, sigma^2: 1, beta: 0.41, simulation: 473"
[1] "no_corr"
[1] "pc_exp"
[1] "pc_sqexp"
[1] "n sub: 50, n images per sub: 1, zero distance: 100, sigma^2: 2, beta: 0.41, simulation: 473"
[1] "no_corr"
[1] "pc_exp"
[1] "pc_sqexp"
[1] "n sub: 50, n images per sub: 1, zero distance: 100, sigma^2: 0.5, beta: 0.41, simulation: 474"
[1] "no_corr"
[1] "pc_exp"
[1] "pc_sqexp"
[1] "n sub: 50, n images per sub: 1, zero distance: 100, sigma^2: 1, beta: 0.41, simulation: 474"
[1] "no_corr"
[1] "pc_exp"
[1] "pc_sqexp"
[1] "n sub: 50, n images per sub: 1, zero distance: 100, sigma^2: 2, beta: 0.41, simulation: 474"
[1] "no_corr"
[1] "pc_exp"
[1] "pc_sqexp"
[1] "n sub: 50, n images per sub: 1, zero distance: 100, sigma^2: 0.5, beta: 0.41, simulation: 475"
[1] "no_corr"
[1] "pc_exp"
[1] "pc_sqexp"
[1] "n sub: 50, n images per sub: 1, zero distance: 100, sigma^2: 1, beta: 0.41, simulation: 475"
[1] "no_corr"
[1] "pc_exp"
[1] "pc_sqexp"
[1] "n sub: 50, n images per sub: 1, zero distance: 100, sigma^2: 2, beta: 0.41, simulation: 475"
[1] "no_corr"
[1] "pc_exp"
[1] "pc_sqexp"
[1] "n sub: 50, n images per sub: 1, zero distance: 100, sigma^2: 0.5, beta: 0.41, simulation: 476"
[1] "no_corr"
[1] "pc_exp"
[1] "pc_sqexp"
[1] "n sub: 50, n images per sub: 1, zero distance: 100, sigma^2: 1, beta: 0.41, simulation: 476"
[1] "no_corr"
[1] "pc_exp"
[1] "pc_sqexp"
[1] "n sub: 50, n images per sub: 1, zero distance: 100, sigma^2: 2, beta: 0.41, simulation: 476"
[1] "no_corr"
[1] "pc_exp"
[1] "pc_sqexp"
[1] "n sub: 50, n images per sub: 1, zero distance: 100, sigma^2: 0.5, beta: 0.41, simulation: 477"
[1] "no_corr"
[1] "pc_exp"
[1] "pc_sqexp"
[1] "n sub: 50, n images per sub: 1, zero distance: 100, sigma^2: 1, beta: 0.41, simulation: 477"
[1] "no_corr"
[1] "pc_exp"
[1] "pc_sqexp"
[1] "n sub: 50, n images per sub: 1, zero distance: 100, sigma^2: 2, beta: 0.41, simulation: 477"
[1] "no_corr"
[1] "pc_exp"
[1] "pc_sqexp"
[1] "n sub: 50, n images per sub: 1, zero distance: 100, sigma^2: 0.5, beta: 0.41, simulation: 478"
[1] "no_corr"
[1] "pc_exp"
[1] "pc_sqexp"
[1] "n sub: 50, n images per sub: 1, zero distance: 100, sigma^2: 1, beta: 0.41, simulation: 478"
[1] "no_corr"
[1] "pc_exp"
[1] "pc_sqexp"
[1] "n sub: 50, n images per sub: 1, zero distance: 100, sigma^2: 2, beta: 0.41, simulation: 478"
[1] "no_corr"
[1] "pc_exp"
[1] "pc_sqexp"
[1] "n sub: 50, n images per sub: 1, zero distance: 100, sigma^2: 0.5, beta: 0.41, simulation: 479"
[1] "no_corr"
[1] "pc_exp"
[1] "pc_sqexp"
[1] "n sub: 50, n images per sub: 1, zero distance: 100, sigma^2: 1, beta: 0.41, simulation: 479"
[1] "no_corr"
[1] "pc_exp"
[1] "pc_sqexp"
[1] "n sub: 50, n images per sub: 1, zero distance: 100, sigma^2: 2, beta: 0.41, simulation: 479"
[1] "no_corr"
[1] "pc_exp"
[1] "pc_sqexp"
[1] "n sub: 50, n images per sub: 1, zero distance: 100, sigma^2: 0.5, beta: 0.41, simulation: 480"
[1] "no_corr"
[1] "pc_exp"
[1] "pc_sqexp"
[1] "n sub: 50, n images per sub: 1, zero distance: 100, sigma^2: 1, beta: 0.41, simulation: 480"
[1] "no_corr"
[1] "pc_exp"
[1] "pc_sqexp"
[1] "n sub: 50, n images per sub: 1, zero distance: 100, sigma^2: 2, beta: 0.41, simulation: 480"
[1] "no_corr"
[1] "pc_exp"
[1] "pc_sqexp"
[1] "n sub: 50, n images per sub: 1, zero distance: 100, sigma^2: 0.5, beta: 0.41, simulation: 481"
[1] "no_corr"
[1] "pc_exp"
[1] "pc_sqexp"
[1] "n sub: 50, n images per sub: 1, zero distance: 100, sigma^2: 1, beta: 0.41, simulation: 481"
[1] "no_corr"
[1] "pc_exp"
[1] "pc_sqexp"
[1] "n sub: 50, n images per sub: 1, zero distance: 100, sigma^2: 2, beta: 0.41, simulation: 481"
[1] "no_corr"
[1] "pc_exp"
[1] "pc_sqexp"
[1] "n sub: 50, n images per sub: 1, zero distance: 100, sigma^2: 0.5, beta: 0.41, simulation: 482"
[1] "no_corr"
[1] "pc_exp"
[1] "pc_sqexp"
[1] "n sub: 50, n images per sub: 1, zero distance: 100, sigma^2: 1, beta: 0.41, simulation: 482"
[1] "no_corr"
[1] "pc_exp"
[1] "pc_sqexp"
[1] "n sub: 50, n images per sub: 1, zero distance: 100, sigma^2: 2, beta: 0.41, simulation: 482"
[1] "no_corr"
[1] "pc_exp"
[1] "pc_sqexp"
[1] "n sub: 50, n images per sub: 1, zero distance: 100, sigma^2: 0.5, beta: 0.41, simulation: 483"
[1] "no_corr"
[1] "pc_exp"
[1] "pc_sqexp"
[1] "n sub: 50, n images per sub: 1, zero distance: 100, sigma^2: 1, beta: 0.41, simulation: 483"
[1] "no_corr"
[1] "pc_exp"
[1] "pc_sqexp"
[1] "n sub: 50, n images per sub: 1, zero distance: 100, sigma^2: 2, beta: 0.41, simulation: 483"
[1] "no_corr"
[1] "pc_exp"
[1] "pc_sqexp"
[1] "n sub: 50, n images per sub: 1, zero distance: 100, sigma^2: 0.5, beta: 0.41, simulation: 484"
[1] "no_corr"
[1] "pc_exp"
[1] "pc_sqexp"
[1] "n sub: 50, n images per sub: 1, zero distance: 100, sigma^2: 1, beta: 0.41, simulation: 484"
[1] "no_corr"
[1] "pc_exp"
[1] "pc_sqexp"
[1] "n sub: 50, n images per sub: 1, zero distance: 100, sigma^2: 2, beta: 0.41, simulation: 484"
[1] "no_corr"
[1] "pc_exp"
[1] "pc_sqexp"
[1] "n sub: 50, n images per sub: 1, zero distance: 100, sigma^2: 0.5, beta: 0.41, simulation: 485"
[1] "no_corr"
[1] "pc_exp"
[1] "pc_sqexp"
[1] "n sub: 50, n images per sub: 1, zero distance: 100, sigma^2: 1, beta: 0.41, simulation: 485"
[1] "no_corr"
[1] "pc_exp"
[1] "pc_sqexp"
[1] "n sub: 50, n images per sub: 1, zero distance: 100, sigma^2: 2, beta: 0.41, simulation: 485"
[1] "no_corr"
[1] "pc_exp"
[1] "pc_sqexp"
[1] "n sub: 50, n images per sub: 1, zero distance: 100, sigma^2: 0.5, beta: 0.41, simulation: 486"
[1] "no_corr"
[1] "pc_exp"
[1] "pc_sqexp"
[1] "n sub: 50, n images per sub: 1, zero distance: 100, sigma^2: 1, beta: 0.41, simulation: 486"
[1] "no_corr"
[1] "pc_exp"
[1] "pc_sqexp"
[1] "n sub: 50, n images per sub: 1, zero distance: 100, sigma^2: 2, beta: 0.41, simulation: 486"
[1] "no_corr"
[1] "pc_exp"
[1] "pc_sqexp"
[1] "n sub: 50, n images per sub: 1, zero distance: 100, sigma^2: 0.5, beta: 0.41, simulation: 487"
[1] "no_corr"
[1] "pc_exp"
[1] "pc_sqexp"
[1] "n sub: 50, n images per sub: 1, zero distance: 100, sigma^2: 1, beta: 0.41, simulation: 487"
[1] "no_corr"
[1] "pc_exp"
[1] "pc_sqexp"
[1] "n sub: 50, n images per sub: 1, zero distance: 100, sigma^2: 2, beta: 0.41, simulation: 487"
[1] "no_corr"
[1] "pc_exp"
[1] "pc_sqexp"
[1] "n sub: 50, n images per sub: 1, zero distance: 100, sigma^2: 0.5, beta: 0.41, simulation: 488"
[1] "no_corr"
[1] "pc_exp"
[1] "pc_sqexp"
[1] "n sub: 50, n images per sub: 1, zero distance: 100, sigma^2: 1, beta: 0.41, simulation: 488"
[1] "no_corr"
[1] "pc_exp"
[1] "pc_sqexp"
[1] "n sub: 50, n images per sub: 1, zero distance: 100, sigma^2: 2, beta: 0.41, simulation: 488"
[1] "no_corr"
[1] "pc_exp"
[1] "pc_sqexp"
[1] "n sub: 50, n images per sub: 1, zero distance: 100, sigma^2: 0.5, beta: 0.41, simulation: 489"
[1] "no_corr"
[1] "pc_exp"
[1] "pc_sqexp"
[1] "n sub: 50, n images per sub: 1, zero distance: 100, sigma^2: 1, beta: 0.41, simulation: 489"
[1] "no_corr"
[1] "pc_exp"
[1] "pc_sqexp"
[1] "n sub: 50, n images per sub: 1, zero distance: 100, sigma^2: 2, beta: 0.41, simulation: 489"
[1] "no_corr"
[1] "pc_exp"
[1] "pc_sqexp"
[1] "n sub: 50, n images per sub: 1, zero distance: 100, sigma^2: 0.5, beta: 0.41, simulation: 490"
[1] "no_corr"
[1] "pc_exp"
[1] "pc_sqexp"
[1] "n sub: 50, n images per sub: 1, zero distance: 100, sigma^2: 1, beta: 0.41, simulation: 490"
[1] "no_corr"
[1] "pc_exp"
[1] "pc_sqexp"
[1] "n sub: 50, n images per sub: 1, zero distance: 100, sigma^2: 2, beta: 0.41, simulation: 490"
[1] "no_corr"
[1] "pc_exp"
[1] "pc_sqexp"
[1] "n sub: 50, n images per sub: 1, zero distance: 100, sigma^2: 0.5, beta: 0.41, simulation: 491"
[1] "no_corr"
[1] "pc_exp"
[1] "pc_sqexp"
[1] "n sub: 50, n images per sub: 1, zero distance: 100, sigma^2: 1, beta: 0.41, simulation: 491"
[1] "no_corr"
[1] "pc_exp"
[1] "pc_sqexp"
[1] "n sub: 50, n images per sub: 1, zero distance: 100, sigma^2: 2, beta: 0.41, simulation: 491"
[1] "no_corr"
[1] "pc_exp"
[1] "pc_sqexp"
[1] "n sub: 50, n images per sub: 1, zero distance: 100, sigma^2: 0.5, beta: 0.41, simulation: 492"
[1] "no_corr"
[1] "pc_exp"
[1] "pc_sqexp"
[1] "n sub: 50, n images per sub: 1, zero distance: 100, sigma^2: 1, beta: 0.41, simulation: 492"
[1] "no_corr"
[1] "pc_exp"
[1] "pc_sqexp"
[1] "n sub: 50, n images per sub: 1, zero distance: 100, sigma^2: 2, beta: 0.41, simulation: 492"
[1] "no_corr"
[1] "pc_exp"
[1] "pc_sqexp"
[1] "n sub: 50, n images per sub: 1, zero distance: 100, sigma^2: 0.5, beta: 0.41, simulation: 493"
[1] "no_corr"
[1] "pc_exp"
[1] "pc_sqexp"
[1] "n sub: 50, n images per sub: 1, zero distance: 100, sigma^2: 1, beta: 0.41, simulation: 493"
[1] "no_corr"
[1] "pc_exp"
[1] "pc_sqexp"
[1] "n sub: 50, n images per sub: 1, zero distance: 100, sigma^2: 2, beta: 0.41, simulation: 493"
[1] "no_corr"
[1] "pc_exp"
[1] "pc_sqexp"
[1] "n sub: 50, n images per sub: 1, zero distance: 100, sigma^2: 0.5, beta: 0.41, simulation: 494"
[1] "no_corr"
[1] "pc_exp"
[1] "pc_sqexp"
[1] "n sub: 50, n images per sub: 1, zero distance: 100, sigma^2: 1, beta: 0.41, simulation: 494"
[1] "no_corr"
[1] "pc_exp"
[1] "pc_sqexp"
[1] "n sub: 50, n images per sub: 1, zero distance: 100, sigma^2: 2, beta: 0.41, simulation: 494"
[1] "no_corr"
[1] "pc_exp"
[1] "pc_sqexp"
[1] "n sub: 50, n images per sub: 1, zero distance: 100, sigma^2: 0.5, beta: 0.41, simulation: 495"
[1] "no_corr"
[1] "pc_exp"
[1] "pc_sqexp"
[1] "n sub: 50, n images per sub: 1, zero distance: 100, sigma^2: 1, beta: 0.41, simulation: 495"
[1] "no_corr"
[1] "pc_exp"
[1] "pc_sqexp"
[1] "n sub: 50, n images per sub: 1, zero distance: 100, sigma^2: 2, beta: 0.41, simulation: 495"
[1] "no_corr"
[1] "pc_exp"
[1] "pc_sqexp"
[1] "n sub: 50, n images per sub: 1, zero distance: 100, sigma^2: 0.5, beta: 0.41, simulation: 496"
[1] "no_corr"
[1] "pc_exp"
[1] "pc_sqexp"
[1] "n sub: 50, n images per sub: 1, zero distance: 100, sigma^2: 1, beta: 0.41, simulation: 496"
[1] "no_corr"
[1] "pc_exp"
[1] "pc_sqexp"
[1] "n sub: 50, n images per sub: 1, zero distance: 100, sigma^2: 2, beta: 0.41, simulation: 496"
[1] "no_corr"
[1] "pc_exp"
[1] "pc_sqexp"
[1] "n sub: 50, n images per sub: 1, zero distance: 100, sigma^2: 0.5, beta: 0.41, simulation: 497"
[1] "no_corr"
[1] "pc_exp"
[1] "pc_sqexp"
[1] "n sub: 50, n images per sub: 1, zero distance: 100, sigma^2: 1, beta: 0.41, simulation: 497"
[1] "no_corr"
[1] "pc_exp"
[1] "pc_sqexp"
[1] "n sub: 50, n images per sub: 1, zero distance: 100, sigma^2: 2, beta: 0.41, simulation: 497"
[1] "no_corr"
[1] "pc_exp"
[1] "pc_sqexp"
[1] "n sub: 50, n images per sub: 1, zero distance: 100, sigma^2: 0.5, beta: 0.41, simulation: 498"
[1] "no_corr"
[1] "pc_exp"
[1] "pc_sqexp"
[1] "n sub: 50, n images per sub: 1, zero distance: 100, sigma^2: 1, beta: 0.41, simulation: 498"
[1] "no_corr"
[1] "pc_exp"
[1] "pc_sqexp"
[1] "n sub: 50, n images per sub: 1, zero distance: 100, sigma^2: 2, beta: 0.41, simulation: 498"
[1] "no_corr"
[1] "pc_exp"
[1] "pc_sqexp"
[1] "n sub: 50, n images per sub: 1, zero distance: 100, sigma^2: 0.5, beta: 0.41, simulation: 499"
[1] "no_corr"
[1] "pc_exp"
[1] "pc_sqexp"
[1] "n sub: 50, n images per sub: 1, zero distance: 100, sigma^2: 1, beta: 0.41, simulation: 499"
[1] "no_corr"
[1] "pc_exp"
[1] "pc_sqexp"
[1] "n sub: 50, n images per sub: 1, zero distance: 100, sigma^2: 2, beta: 0.41, simulation: 499"
[1] "no_corr"
[1] "pc_exp"
[1] "pc_sqexp"
[1] "n sub: 50, n images per sub: 1, zero distance: 100, sigma^2: 0.5, beta: 0.41, simulation: 500"
[1] "no_corr"
[1] "pc_exp"
[1] "pc_sqexp"
[1] "n sub: 50, n images per sub: 1, zero distance: 100, sigma^2: 1, beta: 0.41, simulation: 500"
[1] "no_corr"
[1] "pc_exp"
[1] "pc_sqexp"
[1] "n sub: 50, n images per sub: 1, zero distance: 100, sigma^2: 2, beta: 0.41, simulation: 500"
[1] "no_corr"
[1] "pc_exp"
[1] "pc_sqexp"
[1] "n sub: 50, n images per sub: 1, zero distance: 100, sigma^2: 0.5, beta: 0.41, simulation: 501"
[1] "no_corr"
[1] "pc_exp"
[1] "pc_sqexp"
[1] "n sub: 50, n images per sub: 1, zero distance: 100, sigma^2: 1, beta: 0.41, simulation: 501"
[1] "no_corr"
[1] "pc_exp"
[1] "pc_sqexp"
[1] "n sub: 50, n images per sub: 1, zero distance: 100, sigma^2: 2, beta: 0.41, simulation: 501"
[1] "no_corr"
[1] "pc_exp"
[1] "pc_sqexp"
[1] "n sub: 50, n images per sub: 1, zero distance: 100, sigma^2: 0.5, beta: 0.41, simulation: 502"
[1] "no_corr"
[1] "pc_exp"
[1] "pc_sqexp"
[1] "n sub: 50, n images per sub: 1, zero distance: 100, sigma^2: 1, beta: 0.41, simulation: 502"
[1] "no_corr"
[1] "pc_exp"
[1] "pc_sqexp"
[1] "n sub: 50, n images per sub: 1, zero distance: 100, sigma^2: 2, beta: 0.41, simulation: 502"
[1] "no_corr"
[1] "pc_exp"
[1] "pc_sqexp"
[1] "n sub: 50, n images per sub: 1, zero distance: 100, sigma^2: 0.5, beta: 0.41, simulation: 503"
[1] "no_corr"
[1] "pc_exp"
[1] "pc_sqexp"
[1] "n sub: 50, n images per sub: 1, zero distance: 100, sigma^2: 1, beta: 0.41, simulation: 503"
[1] "no_corr"
[1] "pc_exp"
[1] "pc_sqexp"
[1] "n sub: 50, n images per sub: 1, zero distance: 100, sigma^2: 2, beta: 0.41, simulation: 503"
[1] "no_corr"
[1] "pc_exp"
[1] "pc_sqexp"
[1] "n sub: 50, n images per sub: 1, zero distance: 100, sigma^2: 0.5, beta: 0.41, simulation: 504"
[1] "no_corr"
[1] "pc_exp"
[1] "pc_sqexp"
[1] "n sub: 50, n images per sub: 1, zero distance: 100, sigma^2: 1, beta: 0.41, simulation: 504"
[1] "no_corr"
[1] "pc_exp"
[1] "pc_sqexp"
[1] "n sub: 50, n images per sub: 1, zero distance: 100, sigma^2: 2, beta: 0.41, simulation: 504"
[1] "no_corr"
[1] "pc_exp"
[1] "pc_sqexp"
[1] "n sub: 50, n images per sub: 1, zero distance: 100, sigma^2: 0.5, beta: 0.41, simulation: 505"
[1] "no_corr"
[1] "pc_exp"
[1] "pc_sqexp"
[1] "n sub: 50, n images per sub: 1, zero distance: 100, sigma^2: 1, beta: 0.41, simulation: 505"
[1] "no_corr"
[1] "pc_exp"
[1] "pc_sqexp"
[1] "n sub: 50, n images per sub: 1, zero distance: 100, sigma^2: 2, beta: 0.41, simulation: 505"
[1] "no_corr"
[1] "pc_exp"
[1] "pc_sqexp"
[1] "n sub: 50, n images per sub: 1, zero distance: 100, sigma^2: 0.5, beta: 0.41, simulation: 506"
[1] "no_corr"
[1] "pc_exp"
[1] "pc_sqexp"
[1] "n sub: 50, n images per sub: 1, zero distance: 100, sigma^2: 1, beta: 0.41, simulation: 506"
[1] "no_corr"
[1] "pc_exp"
[1] "pc_sqexp"
[1] "n sub: 50, n images per sub: 1, zero distance: 100, sigma^2: 2, beta: 0.41, simulation: 506"
[1] "no_corr"
[1] "pc_exp"
[1] "pc_sqexp"
[1] "n sub: 50, n images per sub: 1, zero distance: 100, sigma^2: 0.5, beta: 0.41, simulation: 507"
[1] "no_corr"
[1] "pc_exp"
[1] "pc_sqexp"
[1] "n sub: 50, n images per sub: 1, zero distance: 100, sigma^2: 1, beta: 0.41, simulation: 507"
[1] "no_corr"
[1] "pc_exp"
[1] "pc_sqexp"
[1] "n sub: 50, n images per sub: 1, zero distance: 100, sigma^2: 2, beta: 0.41, simulation: 507"
[1] "no_corr"
[1] "pc_exp"
[1] "pc_sqexp"
[1] "n sub: 50, n images per sub: 1, zero distance: 100, sigma^2: 0.5, beta: 0.41, simulation: 508"
[1] "no_corr"
[1] "pc_exp"
[1] "pc_sqexp"
[1] "n sub: 50, n images per sub: 1, zero distance: 100, sigma^2: 1, beta: 0.41, simulation: 508"
[1] "no_corr"
[1] "pc_exp"
[1] "pc_sqexp"
[1] "n sub: 50, n images per sub: 1, zero distance: 100, sigma^2: 2, beta: 0.41, simulation: 508"
[1] "no_corr"
[1] "pc_exp"
[1] "pc_sqexp"
[1] "n sub: 50, n images per sub: 1, zero distance: 100, sigma^2: 0.5, beta: 0.41, simulation: 509"
[1] "no_corr"
[1] "pc_exp"
[1] "pc_sqexp"
[1] "n sub: 50, n images per sub: 1, zero distance: 100, sigma^2: 1, beta: 0.41, simulation: 509"
[1] "no_corr"
[1] "pc_exp"
[1] "pc_sqexp"
[1] "n sub: 50, n images per sub: 1, zero distance: 100, sigma^2: 2, beta: 0.41, simulation: 509"
[1] "no_corr"
[1] "pc_exp"
[1] "pc_sqexp"
[1] "n sub: 50, n images per sub: 1, zero distance: 100, sigma^2: 0.5, beta: 0.41, simulation: 510"
[1] "no_corr"
[1] "pc_exp"
[1] "pc_sqexp"
[1] "n sub: 50, n images per sub: 1, zero distance: 100, sigma^2: 1, beta: 0.41, simulation: 510"
[1] "no_corr"
[1] "pc_exp"
[1] "pc_sqexp"
[1] "n sub: 50, n images per sub: 1, zero distance: 100, sigma^2: 2, beta: 0.41, simulation: 510"
[1] "no_corr"
[1] "pc_exp"
[1] "pc_sqexp"
[1] "n sub: 50, n images per sub: 1, zero distance: 100, sigma^2: 0.5, beta: 0.41, simulation: 511"
[1] "no_corr"
[1] "pc_exp"
[1] "pc_sqexp"
[1] "n sub: 50, n images per sub: 1, zero distance: 100, sigma^2: 1, beta: 0.41, simulation: 511"
[1] "no_corr"
[1] "pc_exp"
[1] "pc_sqexp"
[1] "n sub: 50, n images per sub: 1, zero distance: 100, sigma^2: 2, beta: 0.41, simulation: 511"
[1] "no_corr"
[1] "pc_exp"
[1] "pc_sqexp"
[1] "n sub: 50, n images per sub: 1, zero distance: 100, sigma^2: 0.5, beta: 0.41, simulation: 512"
[1] "no_corr"
[1] "pc_exp"
[1] "pc_sqexp"
[1] "n sub: 50, n images per sub: 1, zero distance: 100, sigma^2: 1, beta: 0.41, simulation: 512"
[1] "no_corr"
[1] "pc_exp"
[1] "pc_sqexp"
[1] "n sub: 50, n images per sub: 1, zero distance: 100, sigma^2: 2, beta: 0.41, simulation: 512"
[1] "no_corr"
[1] "pc_exp"
[1] "pc_sqexp"
[1] "n sub: 50, n images per sub: 1, zero distance: 100, sigma^2: 0.5, beta: 0.41, simulation: 513"
[1] "no_corr"
[1] "pc_exp"
[1] "pc_sqexp"
[1] "n sub: 50, n images per sub: 1, zero distance: 100, sigma^2: 1, beta: 0.41, simulation: 513"
[1] "no_corr"
[1] "pc_exp"
[1] "pc_sqexp"
[1] "n sub: 50, n images per sub: 1, zero distance: 100, sigma^2: 2, beta: 0.41, simulation: 513"
[1] "no_corr"
[1] "pc_exp"
[1] "pc_sqexp"
[1] "n sub: 50, n images per sub: 1, zero distance: 100, sigma^2: 0.5, beta: 0.41, simulation: 514"
[1] "no_corr"
[1] "pc_exp"
[1] "pc_sqexp"
[1] "n sub: 50, n images per sub: 1, zero distance: 100, sigma^2: 1, beta: 0.41, simulation: 514"
[1] "no_corr"
[1] "pc_exp"
[1] "pc_sqexp"
[1] "n sub: 50, n images per sub: 1, zero distance: 100, sigma^2: 2, beta: 0.41, simulation: 514"
[1] "no_corr"
[1] "pc_exp"
[1] "pc_sqexp"
[1] "n sub: 50, n images per sub: 1, zero distance: 100, sigma^2: 0.5, beta: 0.41, simulation: 515"
[1] "no_corr"
[1] "pc_exp"
[1] "pc_sqexp"
[1] "n sub: 50, n images per sub: 1, zero distance: 100, sigma^2: 1, beta: 0.41, simulation: 515"
[1] "no_corr"
[1] "pc_exp"
[1] "pc_sqexp"
[1] "n sub: 50, n images per sub: 1, zero distance: 100, sigma^2: 2, beta: 0.41, simulation: 515"
[1] "no_corr"
[1] "pc_exp"
[1] "pc_sqexp"
[1] "n sub: 50, n images per sub: 1, zero distance: 100, sigma^2: 0.5, beta: 0.41, simulation: 516"
[1] "no_corr"
[1] "pc_exp"
[1] "pc_sqexp"
[1] "n sub: 50, n images per sub: 1, zero distance: 100, sigma^2: 1, beta: 0.41, simulation: 516"
[1] "no_corr"
[1] "pc_exp"
[1] "pc_sqexp"
[1] "n sub: 50, n images per sub: 1, zero distance: 100, sigma^2: 2, beta: 0.41, simulation: 516"
[1] "no_corr"
[1] "pc_exp"
[1] "pc_sqexp"
[1] "n sub: 50, n images per sub: 1, zero distance: 100, sigma^2: 0.5, beta: 0.41, simulation: 517"
[1] "no_corr"
[1] "pc_exp"
[1] "pc_sqexp"
[1] "n sub: 50, n images per sub: 1, zero distance: 100, sigma^2: 1, beta: 0.41, simulation: 517"
[1] "no_corr"
[1] "pc_exp"
[1] "pc_sqexp"
[1] "n sub: 50, n images per sub: 1, zero distance: 100, sigma^2: 2, beta: 0.41, simulation: 517"
[1] "no_corr"
[1] "pc_exp"
[1] "pc_sqexp"
[1] "n sub: 50, n images per sub: 1, zero distance: 100, sigma^2: 0.5, beta: 0.41, simulation: 518"
[1] "no_corr"
[1] "pc_exp"
[1] "pc_sqexp"
[1] "n sub: 50, n images per sub: 1, zero distance: 100, sigma^2: 1, beta: 0.41, simulation: 518"
[1] "no_corr"
[1] "pc_exp"
[1] "pc_sqexp"
[1] "n sub: 50, n images per sub: 1, zero distance: 100, sigma^2: 2, beta: 0.41, simulation: 518"
[1] "no_corr"
[1] "pc_exp"
[1] "pc_sqexp"
[1] "n sub: 50, n images per sub: 1, zero distance: 100, sigma^2: 0.5, beta: 0.41, simulation: 519"
[1] "no_corr"
[1] "pc_exp"
[1] "pc_sqexp"
[1] "n sub: 50, n images per sub: 1, zero distance: 100, sigma^2: 1, beta: 0.41, simulation: 519"
[1] "no_corr"
[1] "pc_exp"
[1] "pc_sqexp"
[1] "n sub: 50, n images per sub: 1, zero distance: 100, sigma^2: 2, beta: 0.41, simulation: 519"
[1] "no_corr"
[1] "pc_exp"
[1] "pc_sqexp"
[1] "n sub: 50, n images per sub: 1, zero distance: 100, sigma^2: 0.5, beta: 0.41, simulation: 520"
[1] "no_corr"
[1] "pc_exp"
[1] "pc_sqexp"
[1] "n sub: 50, n images per sub: 1, zero distance: 100, sigma^2: 1, beta: 0.41, simulation: 520"
[1] "no_corr"
[1] "pc_exp"
[1] "pc_sqexp"
[1] "n sub: 50, n images per sub: 1, zero distance: 100, sigma^2: 2, beta: 0.41, simulation: 520"
[1] "no_corr"
[1] "pc_exp"
[1] "pc_sqexp"
[1] "n sub: 50, n images per sub: 1, zero distance: 100, sigma^2: 0.5, beta: 0.41, simulation: 521"
[1] "no_corr"
[1] "pc_exp"
[1] "pc_sqexp"
[1] "n sub: 50, n images per sub: 1, zero distance: 100, sigma^2: 1, beta: 0.41, simulation: 521"
[1] "no_corr"
[1] "pc_exp"
[1] "pc_sqexp"
[1] "n sub: 50, n images per sub: 1, zero distance: 100, sigma^2: 2, beta: 0.41, simulation: 521"
[1] "no_corr"
[1] "pc_exp"
[1] "pc_sqexp"
[1] "n sub: 50, n images per sub: 1, zero distance: 100, sigma^2: 0.5, beta: 0.41, simulation: 522"
[1] "no_corr"
[1] "pc_exp"
[1] "pc_sqexp"
[1] "n sub: 50, n images per sub: 1, zero distance: 100, sigma^2: 1, beta: 0.41, simulation: 522"
[1] "no_corr"
[1] "pc_exp"
[1] "pc_sqexp"
[1] "n sub: 50, n images per sub: 1, zero distance: 100, sigma^2: 2, beta: 0.41, simulation: 522"
[1] "no_corr"
[1] "pc_exp"
[1] "pc_sqexp"
[1] "n sub: 50, n images per sub: 1, zero distance: 100, sigma^2: 0.5, beta: 0.41, simulation: 523"
[1] "no_corr"
[1] "pc_exp"
[1] "pc_sqexp"
[1] "n sub: 50, n images per sub: 1, zero distance: 100, sigma^2: 1, beta: 0.41, simulation: 523"
[1] "no_corr"
[1] "pc_exp"
[1] "pc_sqexp"
[1] "n sub: 50, n images per sub: 1, zero distance: 100, sigma^2: 2, beta: 0.41, simulation: 523"
[1] "no_corr"
[1] "pc_exp"
[1] "pc_sqexp"
[1] "n sub: 50, n images per sub: 1, zero distance: 100, sigma^2: 0.5, beta: 0.41, simulation: 524"
[1] "no_corr"
[1] "pc_exp"
[1] "pc_sqexp"
[1] "n sub: 50, n images per sub: 1, zero distance: 100, sigma^2: 1, beta: 0.41, simulation: 524"
[1] "no_corr"
[1] "pc_exp"
[1] "pc_sqexp"
[1] "n sub: 50, n images per sub: 1, zero distance: 100, sigma^2: 2, beta: 0.41, simulation: 524"
[1] "no_corr"
[1] "pc_exp"
[1] "pc_sqexp"
[1] "n sub: 50, n images per sub: 1, zero distance: 100, sigma^2: 0.5, beta: 0.41, simulation: 525"
[1] "no_corr"
[1] "pc_exp"
[1] "pc_sqexp"
[1] "n sub: 50, n images per sub: 1, zero distance: 100, sigma^2: 1, beta: 0.41, simulation: 525"
[1] "no_corr"
[1] "pc_exp"
[1] "pc_sqexp"
[1] "n sub: 50, n images per sub: 1, zero distance: 100, sigma^2: 2, beta: 0.41, simulation: 525"
[1] "no_corr"
[1] "pc_exp"
[1] "pc_sqexp"
[1] "n sub: 50, n images per sub: 1, zero distance: 100, sigma^2: 0.5, beta: 0.41, simulation: 526"
[1] "no_corr"
[1] "pc_exp"
[1] "pc_sqexp"
[1] "n sub: 50, n images per sub: 1, zero distance: 100, sigma^2: 1, beta: 0.41, simulation: 526"
[1] "no_corr"
[1] "pc_exp"
[1] "pc_sqexp"
[1] "n sub: 50, n images per sub: 1, zero distance: 100, sigma^2: 2, beta: 0.41, simulation: 526"
[1] "no_corr"
[1] "pc_exp"
[1] "pc_sqexp"
[1] "n sub: 50, n images per sub: 1, zero distance: 100, sigma^2: 0.5, beta: 0.41, simulation: 527"
[1] "no_corr"
[1] "pc_exp"
[1] "pc_sqexp"
[1] "n sub: 50, n images per sub: 1, zero distance: 100, sigma^2: 1, beta: 0.41, simulation: 527"
[1] "no_corr"
[1] "pc_exp"
[1] "pc_sqexp"
[1] "n sub: 50, n images per sub: 1, zero distance: 100, sigma^2: 2, beta: 0.41, simulation: 527"
[1] "no_corr"
[1] "pc_exp"
[1] "pc_sqexp"
[1] "n sub: 50, n images per sub: 1, zero distance: 100, sigma^2: 0.5, beta: 0.41, simulation: 528"
[1] "no_corr"
[1] "pc_exp"
[1] "pc_sqexp"
[1] "n sub: 50, n images per sub: 1, zero distance: 100, sigma^2: 1, beta: 0.41, simulation: 528"
[1] "no_corr"
[1] "pc_exp"
[1] "pc_sqexp"
[1] "n sub: 50, n images per sub: 1, zero distance: 100, sigma^2: 2, beta: 0.41, simulation: 528"
[1] "no_corr"
[1] "pc_exp"
[1] "pc_sqexp"
[1] "n sub: 50, n images per sub: 1, zero distance: 100, sigma^2: 0.5, beta: 0.41, simulation: 529"
[1] "no_corr"
[1] "pc_exp"
[1] "pc_sqexp"
[1] "n sub: 50, n images per sub: 1, zero distance: 100, sigma^2: 1, beta: 0.41, simulation: 529"
[1] "no_corr"
[1] "pc_exp"
[1] "pc_sqexp"
[1] "n sub: 50, n images per sub: 1, zero distance: 100, sigma^2: 2, beta: 0.41, simulation: 529"
[1] "no_corr"
[1] "pc_exp"
[1] "pc_sqexp"
[1] "n sub: 50, n images per sub: 1, zero distance: 100, sigma^2: 0.5, beta: 0.41, simulation: 530"
[1] "no_corr"
[1] "pc_exp"
[1] "pc_sqexp"
[1] "n sub: 50, n images per sub: 1, zero distance: 100, sigma^2: 1, beta: 0.41, simulation: 530"
[1] "no_corr"
[1] "pc_exp"
[1] "pc_sqexp"
[1] "n sub: 50, n images per sub: 1, zero distance: 100, sigma^2: 2, beta: 0.41, simulation: 530"
[1] "no_corr"
[1] "pc_exp"
[1] "pc_sqexp"
[1] "n sub: 50, n images per sub: 1, zero distance: 100, sigma^2: 0.5, beta: 0.41, simulation: 531"
[1] "no_corr"
[1] "pc_exp"
[1] "pc_sqexp"
[1] "n sub: 50, n images per sub: 1, zero distance: 100, sigma^2: 1, beta: 0.41, simulation: 531"
[1] "no_corr"
[1] "pc_exp"
[1] "pc_sqexp"
[1] "n sub: 50, n images per sub: 1, zero distance: 100, sigma^2: 2, beta: 0.41, simulation: 531"
[1] "no_corr"
[1] "pc_exp"
[1] "pc_sqexp"
[1] "n sub: 50, n images per sub: 1, zero distance: 100, sigma^2: 0.5, beta: 0.41, simulation: 532"
[1] "no_corr"
[1] "pc_exp"
[1] "pc_sqexp"
[1] "n sub: 50, n images per sub: 1, zero distance: 100, sigma^2: 1, beta: 0.41, simulation: 532"
[1] "no_corr"
[1] "pc_exp"
[1] "pc_sqexp"
[1] "n sub: 50, n images per sub: 1, zero distance: 100, sigma^2: 2, beta: 0.41, simulation: 532"
[1] "no_corr"
[1] "pc_exp"
[1] "pc_sqexp"
[1] "n sub: 50, n images per sub: 1, zero distance: 100, sigma^2: 0.5, beta: 0.41, simulation: 533"
[1] "no_corr"
[1] "pc_exp"
[1] "pc_sqexp"
[1] "n sub: 50, n images per sub: 1, zero distance: 100, sigma^2: 1, beta: 0.41, simulation: 533"
[1] "no_corr"
[1] "pc_exp"
[1] "pc_sqexp"
[1] "n sub: 50, n images per sub: 1, zero distance: 100, sigma^2: 2, beta: 0.41, simulation: 533"
[1] "no_corr"
[1] "pc_exp"
[1] "pc_sqexp"
[1] "n sub: 50, n images per sub: 1, zero distance: 100, sigma^2: 0.5, beta: 0.41, simulation: 534"
[1] "no_corr"
[1] "pc_exp"
[1] "pc_sqexp"
