  [1] 1216 1217 1218 1219 1220 1221 1222 1223 1224 1225 1226 1227 1228 1229 1230
 [16] 1231 1232 1233 1234 1235 1236 1237 1238 1239 1240 1241 1242 1243 1244 1245
 [31] 1246 1247 1248 1249 1250 1251 1252 1253 1254 1255 1256 1257 1258 1259 1260
 [46] 1261 1262 1263 1264 1265 1266 1267 1268 1269 1270 1271 1272 1273 1274 1275
 [61] 1276 1277 1278 1279 1280 1281 1282 1283 1284 1285 1286 1287 1288 1289 1290
 [76] 1291 1292 1293 1294 1295 1296 1297 1298 1299 1300 1301 1302 1303 1304 1305
 [91] 1306 1307 1308 1309 1310 1311 1312 1313 1314 1315 1316 1317 1318 1319 1320
[106] 1321 1322 1323 1324 1325 1326 1327 1328 1329 1330 1331 1332 1333 1334 1335
[121] 1336 1337 1338 1339 1340 1341 1342 1343 1344 1345 1346 1347 1348 1349 1350
[1] "n sub: 10, n images per sub: 1, sigma^2: 1, beta: 0, simulation: 6"
[1] "n sub: 10, n images per sub: 1, sigma^2: 0.5, beta: 0, simulation: 6"
[1] "n sub: 10, n images per sub: 1, sigma^2: 2, beta: 0, simulation: 6"
[1] "n sub: 10, n images per sub: 1, sigma^2: 1, beta: 0, simulation: 7"
[1] "n sub: 10, n images per sub: 1, sigma^2: 0.5, beta: 0, simulation: 7"
[1] "n sub: 10, n images per sub: 1, sigma^2: 2, beta: 0, simulation: 7"
[1] "n sub: 10, n images per sub: 1, sigma^2: 1, beta: 0, simulation: 8"
[1] "n sub: 10, n images per sub: 1, sigma^2: 0.5, beta: 0, simulation: 8"
[1] "n sub: 10, n images per sub: 1, sigma^2: 2, beta: 0, simulation: 8"
[1] "n sub: 10, n images per sub: 1, sigma^2: 1, beta: 0, simulation: 9"
[1] "n sub: 10, n images per sub: 1, sigma^2: 0.5, beta: 0, simulation: 9"
[1] "n sub: 10, n images per sub: 1, sigma^2: 2, beta: 0, simulation: 9"
[1] "n sub: 10, n images per sub: 1, sigma^2: 1, beta: 0, simulation: 10"
[1] "n sub: 10, n images per sub: 1, sigma^2: 0.5, beta: 0, simulation: 10"
[1] "n sub: 10, n images per sub: 1, sigma^2: 2, beta: 0, simulation: 10"
[1] "n sub: 10, n images per sub: 1, sigma^2: 1, beta: 0, simulation: 11"
[1] "n sub: 10, n images per sub: 1, sigma^2: 0.5, beta: 0, simulation: 11"
[1] "n sub: 10, n images per sub: 1, sigma^2: 2, beta: 0, simulation: 11"
[1] "n sub: 10, n images per sub: 1, sigma^2: 1, beta: 0, simulation: 12"
[1] "n sub: 10, n images per sub: 1, sigma^2: 0.5, beta: 0, simulation: 12"
[1] "n sub: 10, n images per sub: 1, sigma^2: 2, beta: 0, simulation: 12"
[1] "n sub: 10, n images per sub: 1, sigma^2: 0.5, beta: 0, simulation: 13"
[1] "n sub: 10, n images per sub: 1, sigma^2: 1, beta: 0, simulation: 13"
[1] "n sub: 10, n images per sub: 1, sigma^2: 2, beta: 0, simulation: 13"
[1] "n sub: 10, n images per sub: 1, sigma^2: 0.5, beta: 0, simulation: 14"
[1] "n sub: 10, n images per sub: 1, sigma^2: 1, beta: 0, simulation: 14"
[1] "n sub: 10, n images per sub: 1, sigma^2: 2, beta: 0, simulation: 14"
[1] "n sub: 10, n images per sub: 1, sigma^2: 0.5, beta: 0, simulation: 15"
[1] "n sub: 10, n images per sub: 1, sigma^2: 1, beta: 0, simulation: 15"
[1] "n sub: 10, n images per sub: 1, sigma^2: 2, beta: 0, simulation: 15"
[1] "n sub: 10, n images per sub: 1, sigma^2: 1, beta: 0, simulation: 16"
[1] "n sub: 10, n images per sub: 1, sigma^2: 0.5, beta: 0, simulation: 16"
[1] "n sub: 10, n images per sub: 1, sigma^2: 2, beta: 0, simulation: 16"
[1] "n sub: 10, n images per sub: 1, sigma^2: 0.5, beta: 0, simulation: 17"
[1] "n sub: 10, n images per sub: 1, sigma^2: 1, beta: 0, simulation: 17"
[1] "n sub: 10, n images per sub: 1, sigma^2: 2, beta: 0, simulation: 17"
[1] "n sub: 10, n images per sub: 1, sigma^2: 1, beta: 0, simulation: 18"
[1] "n sub: 10, n images per sub: 1, sigma^2: 0.5, beta: 0, simulation: 18"
[1] "n sub: 10, n images per sub: 1, sigma^2: 2, beta: 0, simulation: 18"
[1] "n sub: 10, n images per sub: 1, sigma^2: 1, beta: 0, simulation: 19"
[1] "n sub: 10, n images per sub: 1, sigma^2: 0.5, beta: 0, simulation: 19"
[1] "n sub: 10, n images per sub: 1, sigma^2: 2, beta: 0, simulation: 19"
[1] "n sub: 10, n images per sub: 1, sigma^2: 1, beta: 0, simulation: 20"
[1] "n sub: 10, n images per sub: 1, sigma^2: 0.5, beta: 0, simulation: 20"
[1] "n sub: 10, n images per sub: 1, sigma^2: 2, beta: 0, simulation: 20"
[1] "n sub: 10, n images per sub: 1, sigma^2: 1, beta: 0, simulation: 21"
[1] "n sub: 10, n images per sub: 1, sigma^2: 0.5, beta: 0, simulation: 21"
[1] "n sub: 10, n images per sub: 1, sigma^2: 2, beta: 0, simulation: 21"
[1] "n sub: 10, n images per sub: 1, sigma^2: 1, beta: 0, simulation: 22"
[1] "n sub: 10, n images per sub: 1, sigma^2: 0.5, beta: 0, simulation: 22"
[1] "n sub: 10, n images per sub: 1, sigma^2: 2, beta: 0, simulation: 22"
[1] "n sub: 10, n images per sub: 1, sigma^2: 1, beta: 0, simulation: 23"
[1] "n sub: 10, n images per sub: 1, sigma^2: 0.5, beta: 0, simulation: 23"
[1] "n sub: 10, n images per sub: 1, sigma^2: 2, beta: 0, simulation: 23"
[1] "n sub: 10, n images per sub: 1, sigma^2: 1, beta: 0, simulation: 24"
[1] "n sub: 10, n images per sub: 1, sigma^2: 0.5, beta: 0, simulation: 24"
[1] "n sub: 10, n images per sub: 1, sigma^2: 2, beta: 0, simulation: 24"
[1] "n sub: 10, n images per sub: 1, sigma^2: 1, beta: 0, simulation: 25"
[1] "n sub: 10, n images per sub: 1, sigma^2: 0.5, beta: 0, simulation: 25"
[1] "n sub: 10, n images per sub: 1, sigma^2: 2, beta: 0, simulation: 25"
[1] "n sub: 10, n images per sub: 1, sigma^2: 1, beta: 0, simulation: 26"
[1] "n sub: 10, n images per sub: 1, sigma^2: 0.5, beta: 0, simulation: 26"
[1] "n sub: 10, n images per sub: 1, sigma^2: 2, beta: 0, simulation: 26"
[1] "n sub: 10, n images per sub: 1, sigma^2: 0.5, beta: 0, simulation: 27"
[1] "n sub: 10, n images per sub: 1, sigma^2: 1, beta: 0, simulation: 27"
[1] "n sub: 10, n images per sub: 1, sigma^2: 2, beta: 0, simulation: 27"
[1] "n sub: 10, n images per sub: 1, sigma^2: 0.5, beta: 0, simulation: 28"
[1] "n sub: 10, n images per sub: 1, sigma^2: 1, beta: 0, simulation: 28"
[1] "n sub: 10, n images per sub: 1, sigma^2: 2, beta: 0, simulation: 28"
[1] "n sub: 10, n images per sub: 1, sigma^2: 1, beta: 0, simulation: 29"
[1] "n sub: 10, n images per sub: 1, sigma^2: 0.5, beta: 0, simulation: 29"
[1] "n sub: 10, n images per sub: 1, sigma^2: 2, beta: 0, simulation: 29"
[1] "n sub: 10, n images per sub: 1, sigma^2: 0.5, beta: 0, simulation: 30"
[1] "n sub: 10, n images per sub: 1, sigma^2: 1, beta: 0, simulation: 30"
[1] "n sub: 10, n images per sub: 1, sigma^2: 2, beta: 0, simulation: 30"
[1] "n sub: 10, n images per sub: 1, sigma^2: 1, beta: 0, simulation: 31"
[1] "n sub: 10, n images per sub: 1, sigma^2: 0.5, beta: 0, simulation: 31"
[1] "n sub: 10, n images per sub: 1, sigma^2: 2, beta: 0, simulation: 31"
[1] "n sub: 10, n images per sub: 1, sigma^2: 1, beta: 0, simulation: 32"
[1] "n sub: 10, n images per sub: 1, sigma^2: 0.5, beta: 0, simulation: 32"
[1] "n sub: 10, n images per sub: 1, sigma^2: 2, beta: 0, simulation: 32"
[1] "n sub: 10, n images per sub: 1, sigma^2: 1, beta: 0, simulation: 33"
[1] "n sub: 10, n images per sub: 1, sigma^2: 0.5, beta: 0, simulation: 33"
[1] "n sub: 10, n images per sub: 1, sigma^2: 2, beta: 0, simulation: 33"
[1] "n sub: 10, n images per sub: 1, sigma^2: 1, beta: 0, simulation: 34"
[1] "n sub: 10, n images per sub: 1, sigma^2: 0.5, beta: 0, simulation: 34"
[1] "n sub: 10, n images per sub: 1, sigma^2: 2, beta: 0, simulation: 34"
[1] "n sub: 10, n images per sub: 1, sigma^2: 0.5, beta: 0, simulation: 35"
[1] "n sub: 10, n images per sub: 1, sigma^2: 1, beta: 0, simulation: 35"
[1] "n sub: 10, n images per sub: 1, sigma^2: 2, beta: 0, simulation: 35"
[1] "n sub: 10, n images per sub: 1, sigma^2: 1, beta: 0, simulation: 36"
[1] "n sub: 10, n images per sub: 1, sigma^2: 0.5, beta: 0, simulation: 36"
[1] "n sub: 10, n images per sub: 1, sigma^2: 2, beta: 0, simulation: 36"
[1] "n sub: 10, n images per sub: 1, sigma^2: 0.5, beta: 0, simulation: 37"
[1] "n sub: 10, n images per sub: 1, sigma^2: 1, beta: 0, simulation: 37"
[1] "n sub: 10, n images per sub: 1, sigma^2: 2, beta: 0, simulation: 37"
[1] "n sub: 10, n images per sub: 1, sigma^2: 1, beta: 0, simulation: 38"
[1] "n sub: 10, n images per sub: 1, sigma^2: 0.5, beta: 0, simulation: 38"
[1] "n sub: 10, n images per sub: 1, sigma^2: 2, beta: 0, simulation: 38"
[1] "n sub: 10, n images per sub: 1, sigma^2: 0.5, beta: 0, simulation: 39"
[1] "n sub: 10, n images per sub: 1, sigma^2: 1, beta: 0, simulation: 39"
[1] "n sub: 10, n images per sub: 1, sigma^2: 2, beta: 0, simulation: 39"
[1] "n sub: 10, n images per sub: 1, sigma^2: 1, beta: 0, simulation: 40"
[1] "n sub: 10, n images per sub: 1, sigma^2: 0.5, beta: 0, simulation: 40"
[1] "n sub: 10, n images per sub: 1, sigma^2: 2, beta: 0, simulation: 40"
[1] "n sub: 10, n images per sub: 1, sigma^2: 1, beta: 0, simulation: 41"
[1] "n sub: 10, n images per sub: 1, sigma^2: 0.5, beta: 0, simulation: 41"
[1] "n sub: 10, n images per sub: 1, sigma^2: 2, beta: 0, simulation: 41"
[1] "n sub: 10, n images per sub: 1, sigma^2: 0.5, beta: 0, simulation: 42"
[1] "n sub: 10, n images per sub: 1, sigma^2: 1, beta: 0, simulation: 42"
[1] "n sub: 10, n images per sub: 1, sigma^2: 2, beta: 0, simulation: 42"
[1] "n sub: 10, n images per sub: 1, sigma^2: 0.5, beta: 0, simulation: 43"
[1] "n sub: 10, n images per sub: 1, sigma^2: 1, beta: 0, simulation: 43"
[1] "n sub: 10, n images per sub: 1, sigma^2: 2, beta: 0, simulation: 43"
[1] "n sub: 10, n images per sub: 1, sigma^2: 0.5, beta: 0, simulation: 44"
[1] "n sub: 10, n images per sub: 1, sigma^2: 1, beta: 0, simulation: 44"
[1] "n sub: 10, n images per sub: 1, sigma^2: 2, beta: 0, simulation: 44"
[1] "n sub: 10, n images per sub: 1, sigma^2: 0.5, beta: 0, simulation: 45"
[1] "n sub: 10, n images per sub: 1, sigma^2: 1, beta: 0, simulation: 45"
[1] "n sub: 10, n images per sub: 1, sigma^2: 2, beta: 0, simulation: 45"
[1] "n sub: 10, n images per sub: 1, sigma^2: 0.5, beta: 0, simulation: 46"
[1] "n sub: 10, n images per sub: 1, sigma^2: 1, beta: 0, simulation: 46"
[1] "n sub: 10, n images per sub: 1, sigma^2: 2, beta: 0, simulation: 46"
[1] "n sub: 10, n images per sub: 1, sigma^2: 0.5, beta: 0, simulation: 47"
[1] "n sub: 10, n images per sub: 1, sigma^2: 1, beta: 0, simulation: 47"
[1] "n sub: 10, n images per sub: 1, sigma^2: 2, beta: 0, simulation: 47"
[1] "n sub: 10, n images per sub: 1, sigma^2: 1, beta: 0, simulation: 48"
[1] "n sub: 10, n images per sub: 1, sigma^2: 0.5, beta: 0, simulation: 48"
[1] "n sub: 10, n images per sub: 1, sigma^2: 2, beta: 0, simulation: 48"
[1] "n sub: 10, n images per sub: 1, sigma^2: 0.5, beta: 0, simulation: 49"
[1] "n sub: 10, n images per sub: 1, sigma^2: 1, beta: 0, simulation: 49"
[1] "n sub: 10, n images per sub: 1, sigma^2: 2, beta: 0, simulation: 49"
[1] "n sub: 10, n images per sub: 1, sigma^2: 1, beta: 0, simulation: 50"
[1] "n sub: 10, n images per sub: 1, sigma^2: 0.5, beta: 0, simulation: 50"
[1] "n sub: 10, n images per sub: 1, sigma^2: 2, beta: 0, simulation: 50"
