 [1] 12637 12638 12639 12640 12641 12642 12643 12644 12645 12646 12647 12648
[13] 12649 12650 12651 12652 12653 12654 12655 12656 12657 12658 12659 12660
[25] 12661 12662 12663 12664 12665 12666 12667 12668 12669 12670 12671 12672
[37] 12673 12674 12675 12676 12677 12678 12679 12680 12681 12682 12683 12684
[49] 12685 12686 12687 12688 12689 12690
[1] "n sub: 30, n images per sub: 5, sigma^2: 1, beta: 0.41, simulation: 13"
[1] "n sub: 30, n images per sub: 5, sigma^2: 0.5, beta: 0.41, simulation: 13"
[1] "n sub: 30, n images per sub: 5, sigma^2: 2, beta: 0.41, simulation: 13"
[1] "n sub: 30, n images per sub: 5, sigma^2: 1, beta: 0.41, simulation: 14"
[1] "n sub: 30, n images per sub: 5, sigma^2: 0.5, beta: 0.41, simulation: 14"
[1] "n sub: 30, n images per sub: 5, sigma^2: 2, beta: 0.41, simulation: 14"
[1] "n sub: 30, n images per sub: 5, sigma^2: 1, beta: 0.41, simulation: 15"
[1] "n sub: 30, n images per sub: 5, sigma^2: 0.5, beta: 0.41, simulation: 15"
[1] "n sub: 30, n images per sub: 5, sigma^2: 2, beta: 0.41, simulation: 15"
[1] "n sub: 30, n images per sub: 5, sigma^2: 1, beta: 0.41, simulation: 16"
[1] "n sub: 30, n images per sub: 5, sigma^2: 0.5, beta: 0.41, simulation: 16"
[1] "n sub: 30, n images per sub: 5, sigma^2: 2, beta: 0.41, simulation: 16"
[1] "n sub: 30, n images per sub: 5, sigma^2: 1, beta: 0.41, simulation: 17"
[1] "n sub: 30, n images per sub: 5, sigma^2: 0.5, beta: 0.41, simulation: 17"
[1] "n sub: 30, n images per sub: 5, sigma^2: 2, beta: 0.41, simulation: 17"
[1] "n sub: 30, n images per sub: 5, sigma^2: 1, beta: 0.41, simulation: 18"
[1] "n sub: 30, n images per sub: 5, sigma^2: 0.5, beta: 0.41, simulation: 18"
[1] "n sub: 30, n images per sub: 5, sigma^2: 2, beta: 0.41, simulation: 18"
[1] "n sub: 30, n images per sub: 5, sigma^2: 1, beta: 0.41, simulation: 19"
[1] "n sub: 30, n images per sub: 5, sigma^2: 0.5, beta: 0.41, simulation: 19"
[1] "n sub: 30, n images per sub: 5, sigma^2: 2, beta: 0.41, simulation: 19"
[1] "n sub: 30, n images per sub: 5, sigma^2: 1, beta: 0.41, simulation: 20"
[1] "n sub: 30, n images per sub: 5, sigma^2: 0.5, beta: 0.41, simulation: 20"
[1] "n sub: 30, n images per sub: 5, sigma^2: 2, beta: 0.41, simulation: 20"
[1] "n sub: 30, n images per sub: 5, sigma^2: 1, beta: 0.41, simulation: 21"
[1] "n sub: 30, n images per sub: 5, sigma^2: 0.5, beta: 0.41, simulation: 21"
[1] "n sub: 30, n images per sub: 5, sigma^2: 2, beta: 0.41, simulation: 21"
[1] "n sub: 30, n images per sub: 5, sigma^2: 1, beta: 0.41, simulation: 22"
[1] "n sub: 30, n images per sub: 5, sigma^2: 0.5, beta: 0.41, simulation: 22"
[1] "n sub: 30, n images per sub: 5, sigma^2: 2, beta: 0.41, simulation: 22"
[1] "n sub: 30, n images per sub: 5, sigma^2: 1, beta: 0.41, simulation: 23"
[1] "n sub: 30, n images per sub: 5, sigma^2: 0.5, beta: 0.41, simulation: 23"
[1] "n sub: 30, n images per sub: 5, sigma^2: 2, beta: 0.41, simulation: 23"
[1] "n sub: 30, n images per sub: 5, sigma^2: 1, beta: 0.41, simulation: 24"
[1] "n sub: 30, n images per sub: 5, sigma^2: 0.5, beta: 0.41, simulation: 24"
[1] "n sub: 30, n images per sub: 5, sigma^2: 2, beta: 0.41, simulation: 24"
[1] "n sub: 30, n images per sub: 5, sigma^2: 1, beta: 0.41, simulation: 25"
[1] "n sub: 30, n images per sub: 5, sigma^2: 0.5, beta: 0.41, simulation: 25"
[1] "n sub: 30, n images per sub: 5, sigma^2: 2, beta: 0.41, simulation: 25"
[1] "n sub: 30, n images per sub: 5, sigma^2: 1, beta: 0.41, simulation: 26"
[1] "n sub: 30, n images per sub: 5, sigma^2: 0.5, beta: 0.41, simulation: 26"
[1] "n sub: 30, n images per sub: 5, sigma^2: 2, beta: 0.41, simulation: 26"
[1] "n sub: 30, n images per sub: 5, sigma^2: 1, beta: 0.41, simulation: 27"
[1] "n sub: 30, n images per sub: 5, sigma^2: 0.5, beta: 0.41, simulation: 27"
[1] "n sub: 30, n images per sub: 5, sigma^2: 2, beta: 0.41, simulation: 27"
[1] "n sub: 30, n images per sub: 5, sigma^2: 0.5, beta: 0.41, simulation: 28"
[1] "n sub: 30, n images per sub: 5, sigma^2: 1, beta: 0.41, simulation: 28"
[1] "n sub: 30, n images per sub: 5, sigma^2: 2, beta: 0.41, simulation: 28"
[1] "n sub: 30, n images per sub: 5, sigma^2: 1, beta: 0.41, simulation: 29"
[1] "n sub: 30, n images per sub: 5, sigma^2: 0.5, beta: 0.41, simulation: 29"
[1] "n sub: 30, n images per sub: 5, sigma^2: 2, beta: 0.41, simulation: 29"
[1] "n sub: 30, n images per sub: 5, sigma^2: 0.5, beta: 0.41, simulation: 30"
[1] "n sub: 30, n images per sub: 5, sigma^2: 1, beta: 0.41, simulation: 30"
[1] "n sub: 30, n images per sub: 5, sigma^2: 2, beta: 0.41, simulation: 30"
