[1] "n sub: 30, n images per sub: 5, zero distance: 50, sigma^2: 1, beta: 0, simulation: 601"
[1] "no_corr"
[1] "pc_exp"
[1] "pc_sqexp"
[1] "n sub: 30, n images per sub: 5, zero distance: 50, sigma^2: 0.5, beta: 0, simulation: 601"
[1] "no_corr"
[1] "pc_exp"
[1] "pc_sqexp"
[1] "n sub: 30, n images per sub: 5, zero distance: 50, sigma^2: 2, beta: 0, simulation: 601"
[1] "no_corr"
[1] "pc_exp"
[1] "pc_sqexp"
[1] "n sub: 30, n images per sub: 5, zero distance: 50, sigma^2: 1, beta: 0, simulation: 602"
[1] "no_corr"
[1] "pc_exp"
[1] "pc_sqexp"
[1] "n sub: 30, n images per sub: 5, zero distance: 50, sigma^2: 0.5, beta: 0, simulation: 602"
[1] "no_corr"
[1] "pc_exp"
[1] "pc_sqexp"
[1] "n sub: 30, n images per sub: 5, zero distance: 50, sigma^2: 2, beta: 0, simulation: 602"
[1] "no_corr"
[1] "pc_exp"
[1] "pc_sqexp"
[1] "n sub: 30, n images per sub: 5, zero distance: 50, sigma^2: 1, beta: 0, simulation: 603"
[1] "no_corr"
[1] "pc_exp"
[1] "pc_sqexp"
[1] "n sub: 30, n images per sub: 5, zero distance: 50, sigma^2: 0.5, beta: 0, simulation: 603"
[1] "no_corr"
[1] "pc_exp"
[1] "pc_sqexp"
[1] "n sub: 30, n images per sub: 5, zero distance: 50, sigma^2: 2, beta: 0, simulation: 603"
[1] "no_corr"
[1] "pc_exp"
[1] "pc_sqexp"
[1] "n sub: 30, n images per sub: 5, zero distance: 50, sigma^2: 1, beta: 0, simulation: 604"
[1] "no_corr"
[1] "pc_exp"
[1] "pc_sqexp"
[1] "n sub: 30, n images per sub: 5, zero distance: 50, sigma^2: 0.5, beta: 0, simulation: 604"
[1] "no_corr"
[1] "pc_exp"
[1] "pc_sqexp"
[1] "n sub: 30, n images per sub: 5, zero distance: 50, sigma^2: 2, beta: 0, simulation: 604"
[1] "no_corr"
[1] "pc_exp"
[1] "pc_sqexp"
[1] "n sub: 30, n images per sub: 5, zero distance: 50, sigma^2: 1, beta: 0, simulation: 605"
[1] "no_corr"
[1] "pc_exp"
[1] "pc_sqexp"
[1] "n sub: 30, n images per sub: 5, zero distance: 50, sigma^2: 0.5, beta: 0, simulation: 605"
[1] "no_corr"
[1] "pc_exp"
[1] "pc_sqexp"
[1] "n sub: 30, n images per sub: 5, zero distance: 50, sigma^2: 2, beta: 0, simulation: 605"
[1] "no_corr"
[1] "pc_exp"
[1] "pc_sqexp"
[1] "n sub: 30, n images per sub: 5, zero distance: 50, sigma^2: 1, beta: 0, simulation: 606"
[1] "no_corr"
[1] "pc_exp"
[1] "pc_sqexp"
[1] "n sub: 30, n images per sub: 5, zero distance: 50, sigma^2: 0.5, beta: 0, simulation: 606"
[1] "no_corr"
[1] "pc_exp"
[1] "pc_sqexp"
[1] "n sub: 30, n images per sub: 5, zero distance: 50, sigma^2: 2, beta: 0, simulation: 606"
[1] "no_corr"
[1] "pc_exp"
[1] "pc_sqexp"
[1] "n sub: 30, n images per sub: 5, zero distance: 50, sigma^2: 1, beta: 0, simulation: 607"
[1] "no_corr"
[1] "pc_exp"
[1] "pc_sqexp"
[1] "n sub: 30, n images per sub: 5, zero distance: 50, sigma^2: 0.5, beta: 0, simulation: 607"
[1] "no_corr"
[1] "pc_exp"
[1] "pc_sqexp"
[1] "n sub: 30, n images per sub: 5, zero distance: 50, sigma^2: 2, beta: 0, simulation: 607"
[1] "no_corr"
[1] "pc_exp"
[1] "pc_sqexp"
[1] "n sub: 30, n images per sub: 5, zero distance: 50, sigma^2: 1, beta: 0, simulation: 608"
[1] "no_corr"
[1] "pc_exp"
[1] "pc_sqexp"
[1] "n sub: 30, n images per sub: 5, zero distance: 50, sigma^2: 0.5, beta: 0, simulation: 608"
[1] "no_corr"
[1] "pc_exp"
[1] "pc_sqexp"
[1] "n sub: 30, n images per sub: 5, zero distance: 50, sigma^2: 2, beta: 0, simulation: 608"
[1] "no_corr"
[1] "pc_exp"
[1] "pc_sqexp"
[1] "n sub: 30, n images per sub: 5, zero distance: 50, sigma^2: 1, beta: 0, simulation: 609"
[1] "no_corr"
[1] "pc_exp"
[1] "pc_sqexp"
[1] "n sub: 30, n images per sub: 5, zero distance: 50, sigma^2: 0.5, beta: 0, simulation: 609"
[1] "no_corr"
[1] "pc_exp"
[1] "pc_sqexp"
[1] "n sub: 30, n images per sub: 5, zero distance: 50, sigma^2: 2, beta: 0, simulation: 609"
[1] "no_corr"
[1] "pc_exp"
[1] "pc_sqexp"
[1] "n sub: 30, n images per sub: 5, zero distance: 50, sigma^2: 1, beta: 0, simulation: 610"
[1] "no_corr"
[1] "pc_exp"
[1] "pc_sqexp"
[1] "n sub: 30, n images per sub: 5, zero distance: 50, sigma^2: 0.5, beta: 0, simulation: 610"
[1] "no_corr"
[1] "pc_exp"
[1] "pc_sqexp"
[1] "n sub: 30, n images per sub: 5, zero distance: 50, sigma^2: 2, beta: 0, simulation: 610"
[1] "no_corr"
[1] "pc_exp"
[1] "pc_sqexp"
[1] "n sub: 30, n images per sub: 5, zero distance: 50, sigma^2: 1, beta: 0, simulation: 611"
[1] "no_corr"
[1] "pc_exp"
[1] "pc_sqexp"
[1] "n sub: 30, n images per sub: 5, zero distance: 50, sigma^2: 0.5, beta: 0, simulation: 611"
[1] "no_corr"
[1] "pc_exp"
[1] "pc_sqexp"
[1] "n sub: 30, n images per sub: 5, zero distance: 50, sigma^2: 2, beta: 0, simulation: 611"
[1] "no_corr"
[1] "pc_exp"
[1] "pc_sqexp"
[1] "n sub: 30, n images per sub: 5, zero distance: 50, sigma^2: 1, beta: 0, simulation: 612"
[1] "no_corr"
[1] "pc_exp"
[1] "pc_sqexp"
[1] "n sub: 30, n images per sub: 5, zero distance: 50, sigma^2: 0.5, beta: 0, simulation: 612"
[1] "no_corr"
[1] "pc_exp"
[1] "pc_sqexp"
[1] "n sub: 30, n images per sub: 5, zero distance: 50, sigma^2: 2, beta: 0, simulation: 612"
[1] "no_corr"
[1] "pc_exp"
[1] "pc_sqexp"
[1] "n sub: 30, n images per sub: 5, zero distance: 50, sigma^2: 1, beta: 0, simulation: 613"
[1] "no_corr"
[1] "pc_exp"
[1] "pc_sqexp"
[1] "n sub: 30, n images per sub: 5, zero distance: 50, sigma^2: 0.5, beta: 0, simulation: 613"
[1] "no_corr"
[1] "pc_exp"
[1] "pc_sqexp"
[1] "n sub: 30, n images per sub: 5, zero distance: 50, sigma^2: 2, beta: 0, simulation: 613"
[1] "no_corr"
[1] "pc_exp"
[1] "pc_sqexp"
[1] "n sub: 30, n images per sub: 5, zero distance: 50, sigma^2: 1, beta: 0, simulation: 614"
[1] "no_corr"
[1] "pc_exp"
[1] "pc_sqexp"
[1] "n sub: 30, n images per sub: 5, zero distance: 50, sigma^2: 0.5, beta: 0, simulation: 614"
[1] "no_corr"
[1] "pc_exp"
[1] "pc_sqexp"
[1] "n sub: 30, n images per sub: 5, zero distance: 50, sigma^2: 2, beta: 0, simulation: 614"
[1] "no_corr"
[1] "pc_exp"
[1] "pc_sqexp"
[1] "n sub: 30, n images per sub: 5, zero distance: 50, sigma^2: 1, beta: 0, simulation: 615"
[1] "no_corr"
[1] "pc_exp"
[1] "pc_sqexp"
[1] "n sub: 30, n images per sub: 5, zero distance: 50, sigma^2: 0.5, beta: 0, simulation: 615"
[1] "no_corr"
[1] "pc_exp"
[1] "pc_sqexp"
[1] "n sub: 30, n images per sub: 5, zero distance: 50, sigma^2: 2, beta: 0, simulation: 615"
[1] "no_corr"
[1] "pc_exp"
[1] "pc_sqexp"
[1] "n sub: 30, n images per sub: 5, zero distance: 50, sigma^2: 1, beta: 0, simulation: 616"
[1] "no_corr"
[1] "pc_exp"
[1] "pc_sqexp"
[1] "n sub: 30, n images per sub: 5, zero distance: 50, sigma^2: 0.5, beta: 0, simulation: 616"
[1] "no_corr"
[1] "pc_exp"
[1] "pc_sqexp"
[1] "n sub: 30, n images per sub: 5, zero distance: 50, sigma^2: 2, beta: 0, simulation: 616"
[1] "no_corr"
[1] "pc_exp"
[1] "pc_sqexp"
[1] "n sub: 30, n images per sub: 5, zero distance: 50, sigma^2: 1, beta: 0, simulation: 617"
[1] "no_corr"
[1] "pc_exp"
[1] "pc_sqexp"
[1] "n sub: 30, n images per sub: 5, zero distance: 50, sigma^2: 0.5, beta: 0, simulation: 617"
[1] "no_corr"
[1] "pc_exp"
[1] "pc_sqexp"
[1] "n sub: 30, n images per sub: 5, zero distance: 50, sigma^2: 2, beta: 0, simulation: 617"
[1] "no_corr"
[1] "pc_exp"
[1] "pc_sqexp"
[1] "n sub: 30, n images per sub: 5, zero distance: 50, sigma^2: 1, beta: 0, simulation: 618"
[1] "no_corr"
[1] "pc_exp"
[1] "pc_sqexp"
[1] "n sub: 30, n images per sub: 5, zero distance: 50, sigma^2: 0.5, beta: 0, simulation: 618"
[1] "no_corr"
[1] "pc_exp"
[1] "pc_sqexp"
[1] "n sub: 30, n images per sub: 5, zero distance: 50, sigma^2: 2, beta: 0, simulation: 618"
[1] "no_corr"
[1] "pc_exp"
[1] "pc_sqexp"
[1] "n sub: 30, n images per sub: 5, zero distance: 50, sigma^2: 1, beta: 0, simulation: 619"
[1] "no_corr"
[1] "pc_exp"
[1] "pc_sqexp"
[1] "n sub: 30, n images per sub: 5, zero distance: 50, sigma^2: 0.5, beta: 0, simulation: 619"
[1] "no_corr"
[1] "pc_exp"
[1] "pc_sqexp"
[1] "n sub: 30, n images per sub: 5, zero distance: 50, sigma^2: 2, beta: 0, simulation: 619"
[1] "no_corr"
[1] "pc_exp"
[1] "pc_sqexp"
[1] "n sub: 30, n images per sub: 5, zero distance: 50, sigma^2: 1, beta: 0, simulation: 620"
[1] "no_corr"
[1] "pc_exp"
[1] "pc_sqexp"
[1] "n sub: 30, n images per sub: 5, zero distance: 50, sigma^2: 0.5, beta: 0, simulation: 620"
[1] "no_corr"
[1] "pc_exp"
[1] "pc_sqexp"
[1] "n sub: 30, n images per sub: 5, zero distance: 50, sigma^2: 2, beta: 0, simulation: 620"
[1] "no_corr"
[1] "pc_exp"
[1] "pc_sqexp"
[1] "n sub: 30, n images per sub: 5, zero distance: 50, sigma^2: 1, beta: 0, simulation: 621"
[1] "no_corr"
[1] "pc_exp"
[1] "pc_sqexp"
[1] "n sub: 30, n images per sub: 5, zero distance: 50, sigma^2: 0.5, beta: 0, simulation: 621"
[1] "no_corr"
[1] "pc_exp"
[1] "pc_sqexp"
[1] "n sub: 30, n images per sub: 5, zero distance: 50, sigma^2: 2, beta: 0, simulation: 621"
[1] "no_corr"
[1] "pc_exp"
[1] "pc_sqexp"
[1] "n sub: 30, n images per sub: 5, zero distance: 50, sigma^2: 1, beta: 0, simulation: 622"
[1] "no_corr"
[1] "pc_exp"
[1] "pc_sqexp"
[1] "n sub: 30, n images per sub: 5, zero distance: 50, sigma^2: 0.5, beta: 0, simulation: 622"
[1] "no_corr"
[1] "pc_exp"
[1] "pc_sqexp"
[1] "n sub: 30, n images per sub: 5, zero distance: 50, sigma^2: 2, beta: 0, simulation: 622"
[1] "no_corr"
[1] "pc_exp"
[1] "pc_sqexp"
[1] "n sub: 30, n images per sub: 5, zero distance: 50, sigma^2: 1, beta: 0, simulation: 623"
[1] "no_corr"
[1] "pc_exp"
[1] "pc_sqexp"
[1] "n sub: 30, n images per sub: 5, zero distance: 50, sigma^2: 0.5, beta: 0, simulation: 623"
[1] "no_corr"
[1] "pc_exp"
[1] "pc_sqexp"
[1] "n sub: 30, n images per sub: 5, zero distance: 50, sigma^2: 2, beta: 0, simulation: 623"
[1] "no_corr"
[1] "pc_exp"
[1] "pc_sqexp"
[1] "n sub: 30, n images per sub: 5, zero distance: 50, sigma^2: 1, beta: 0, simulation: 624"
[1] "no_corr"
[1] "pc_exp"
[1] "pc_sqexp"
[1] "n sub: 30, n images per sub: 5, zero distance: 50, sigma^2: 0.5, beta: 0, simulation: 624"
[1] "no_corr"
[1] "pc_exp"
[1] "pc_sqexp"
[1] "n sub: 30, n images per sub: 5, zero distance: 50, sigma^2: 2, beta: 0, simulation: 624"
[1] "no_corr"
[1] "pc_exp"
[1] "pc_sqexp"
[1] "n sub: 30, n images per sub: 5, zero distance: 50, sigma^2: 1, beta: 0, simulation: 625"
[1] "no_corr"
[1] "pc_exp"
[1] "pc_sqexp"
[1] "n sub: 30, n images per sub: 5, zero distance: 50, sigma^2: 0.5, beta: 0, simulation: 625"
[1] "no_corr"
[1] "pc_exp"
[1] "pc_sqexp"
[1] "n sub: 30, n images per sub: 5, zero distance: 50, sigma^2: 2, beta: 0, simulation: 625"
[1] "no_corr"
[1] "pc_exp"
[1] "pc_sqexp"
[1] "n sub: 30, n images per sub: 5, zero distance: 50, sigma^2: 1, beta: 0, simulation: 626"
[1] "no_corr"
[1] "pc_exp"
[1] "pc_sqexp"
[1] "n sub: 30, n images per sub: 5, zero distance: 50, sigma^2: 0.5, beta: 0, simulation: 626"
[1] "no_corr"
[1] "pc_exp"
[1] "pc_sqexp"
[1] "n sub: 30, n images per sub: 5, zero distance: 50, sigma^2: 2, beta: 0, simulation: 626"
[1] "no_corr"
[1] "pc_exp"
[1] "pc_sqexp"
[1] "n sub: 30, n images per sub: 5, zero distance: 50, sigma^2: 1, beta: 0, simulation: 627"
[1] "no_corr"
[1] "pc_exp"
[1] "pc_sqexp"
[1] "n sub: 30, n images per sub: 5, zero distance: 50, sigma^2: 0.5, beta: 0, simulation: 627"
[1] "no_corr"
[1] "pc_exp"
[1] "pc_sqexp"
[1] "n sub: 30, n images per sub: 5, zero distance: 50, sigma^2: 2, beta: 0, simulation: 627"
[1] "no_corr"
[1] "pc_exp"
[1] "pc_sqexp"
[1] "n sub: 30, n images per sub: 5, zero distance: 50, sigma^2: 1, beta: 0, simulation: 628"
[1] "no_corr"
[1] "pc_exp"
[1] "pc_sqexp"
[1] "n sub: 30, n images per sub: 5, zero distance: 50, sigma^2: 0.5, beta: 0, simulation: 628"
[1] "no_corr"
[1] "pc_exp"
[1] "pc_sqexp"
[1] "n sub: 30, n images per sub: 5, zero distance: 50, sigma^2: 2, beta: 0, simulation: 628"
[1] "no_corr"
[1] "pc_exp"
[1] "pc_sqexp"
[1] "n sub: 30, n images per sub: 5, zero distance: 50, sigma^2: 1, beta: 0, simulation: 629"
[1] "no_corr"
[1] "pc_exp"
[1] "pc_sqexp"
[1] "n sub: 30, n images per sub: 5, zero distance: 50, sigma^2: 0.5, beta: 0, simulation: 629"
[1] "no_corr"
[1] "pc_exp"
[1] "pc_sqexp"
[1] "n sub: 30, n images per sub: 5, zero distance: 50, sigma^2: 2, beta: 0, simulation: 629"
[1] "no_corr"
[1] "pc_exp"
[1] "pc_sqexp"
[1] "n sub: 30, n images per sub: 5, zero distance: 50, sigma^2: 1, beta: 0, simulation: 630"
[1] "no_corr"
[1] "pc_exp"
[1] "pc_sqexp"
[1] "n sub: 30, n images per sub: 5, zero distance: 50, sigma^2: 0.5, beta: 0, simulation: 630"
[1] "no_corr"
[1] "pc_exp"
[1] "pc_sqexp"
[1] "n sub: 30, n images per sub: 5, zero distance: 50, sigma^2: 2, beta: 0, simulation: 630"
[1] "no_corr"
[1] "pc_exp"
[1] "pc_sqexp"
[1] "n sub: 30, n images per sub: 5, zero distance: 50, sigma^2: 1, beta: 0, simulation: 631"
[1] "no_corr"
[1] "pc_exp"
[1] "pc_sqexp"
[1] "n sub: 30, n images per sub: 5, zero distance: 50, sigma^2: 0.5, beta: 0, simulation: 631"
[1] "no_corr"
[1] "pc_exp"
[1] "pc_sqexp"
[1] "n sub: 30, n images per sub: 5, zero distance: 50, sigma^2: 2, beta: 0, simulation: 631"
[1] "no_corr"
[1] "pc_exp"
[1] "pc_sqexp"
[1] "n sub: 30, n images per sub: 5, zero distance: 50, sigma^2: 1, beta: 0, simulation: 632"
[1] "no_corr"
[1] "pc_exp"
[1] "pc_sqexp"
[1] "n sub: 30, n images per sub: 5, zero distance: 50, sigma^2: 0.5, beta: 0, simulation: 632"
[1] "no_corr"
[1] "pc_exp"
[1] "pc_sqexp"
[1] "n sub: 30, n images per sub: 5, zero distance: 50, sigma^2: 2, beta: 0, simulation: 632"
[1] "no_corr"
[1] "pc_exp"
[1] "pc_sqexp"
[1] "n sub: 30, n images per sub: 5, zero distance: 50, sigma^2: 1, beta: 0, simulation: 633"
[1] "no_corr"
[1] "pc_exp"
[1] "pc_sqexp"
[1] "n sub: 30, n images per sub: 5, zero distance: 50, sigma^2: 0.5, beta: 0, simulation: 633"
[1] "no_corr"
[1] "pc_exp"
[1] "pc_sqexp"
[1] "n sub: 30, n images per sub: 5, zero distance: 50, sigma^2: 2, beta: 0, simulation: 633"
[1] "no_corr"
[1] "pc_exp"
[1] "pc_sqexp"
[1] "n sub: 30, n images per sub: 5, zero distance: 50, sigma^2: 1, beta: 0, simulation: 634"
[1] "no_corr"
[1] "pc_exp"
[1] "pc_sqexp"
[1] "n sub: 30, n images per sub: 5, zero distance: 50, sigma^2: 0.5, beta: 0, simulation: 634"
[1] "no_corr"
[1] "pc_exp"
[1] "pc_sqexp"
[1] "n sub: 30, n images per sub: 5, zero distance: 50, sigma^2: 2, beta: 0, simulation: 634"
[1] "no_corr"
[1] "pc_exp"
[1] "pc_sqexp"
[1] "n sub: 30, n images per sub: 5, zero distance: 50, sigma^2: 1, beta: 0, simulation: 635"
