[1] "n sub: 30, n images per sub: 5, zero distance: 100, sigma^2: 1, beta: 1.1, simulation: 334"
[1] "no_corr"
[1] "pc_exp"
[1] "pc_sqexp"
[1] "n sub: 30, n images per sub: 5, zero distance: 100, sigma^2: 2, beta: 1.1, simulation: 334"
[1] "no_corr"
[1] "pc_exp"
[1] "pc_sqexp"
[1] "n sub: 30, n images per sub: 5, zero distance: 100, sigma^2: 0.5, beta: 1.1, simulation: 335"
[1] "no_corr"
[1] "pc_exp"
[1] "pc_sqexp"
[1] "n sub: 30, n images per sub: 5, zero distance: 100, sigma^2: 1, beta: 1.1, simulation: 335"
[1] "no_corr"
[1] "pc_exp"
[1] "pc_sqexp"
[1] "n sub: 30, n images per sub: 5, zero distance: 100, sigma^2: 2, beta: 1.1, simulation: 335"
[1] "no_corr"
[1] "pc_exp"
[1] "pc_sqexp"
[1] "n sub: 30, n images per sub: 5, zero distance: 100, sigma^2: 0.5, beta: 1.1, simulation: 336"
[1] "no_corr"
[1] "pc_exp"
[1] "pc_sqexp"
[1] "n sub: 30, n images per sub: 5, zero distance: 100, sigma^2: 1, beta: 1.1, simulation: 336"
[1] "no_corr"
[1] "pc_exp"
[1] "pc_sqexp"
[1] "n sub: 30, n images per sub: 5, zero distance: 100, sigma^2: 2, beta: 1.1, simulation: 336"
[1] "no_corr"
[1] "pc_exp"
[1] "pc_sqexp"
[1] "n sub: 30, n images per sub: 5, zero distance: 100, sigma^2: 0.5, beta: 1.1, simulation: 337"
[1] "no_corr"
[1] "pc_exp"
[1] "pc_sqexp"
[1] "n sub: 30, n images per sub: 5, zero distance: 100, sigma^2: 1, beta: 1.1, simulation: 337"
[1] "no_corr"
[1] "pc_exp"
[1] "pc_sqexp"
[1] "n sub: 30, n images per sub: 5, zero distance: 100, sigma^2: 2, beta: 1.1, simulation: 337"
[1] "no_corr"
[1] "pc_exp"
[1] "pc_sqexp"
[1] "n sub: 30, n images per sub: 5, zero distance: 100, sigma^2: 0.5, beta: 1.1, simulation: 338"
[1] "no_corr"
[1] "pc_exp"
[1] "pc_sqexp"
[1] "n sub: 30, n images per sub: 5, zero distance: 100, sigma^2: 1, beta: 1.1, simulation: 338"
[1] "no_corr"
[1] "pc_exp"
[1] "pc_sqexp"
[1] "n sub: 30, n images per sub: 5, zero distance: 100, sigma^2: 2, beta: 1.1, simulation: 338"
[1] "no_corr"
[1] "pc_exp"
[1] "pc_sqexp"
[1] "n sub: 30, n images per sub: 5, zero distance: 100, sigma^2: 0.5, beta: 1.1, simulation: 339"
[1] "no_corr"
[1] "pc_exp"
[1] "pc_sqexp"
[1] "n sub: 30, n images per sub: 5, zero distance: 100, sigma^2: 1, beta: 1.1, simulation: 339"
[1] "no_corr"
[1] "pc_exp"
[1] "pc_sqexp"
[1] "n sub: 30, n images per sub: 5, zero distance: 100, sigma^2: 2, beta: 1.1, simulation: 339"
[1] "no_corr"
[1] "pc_exp"
[1] "pc_sqexp"
[1] "n sub: 30, n images per sub: 5, zero distance: 100, sigma^2: 0.5, beta: 1.1, simulation: 340"
[1] "no_corr"
[1] "pc_exp"
[1] "pc_sqexp"
[1] "n sub: 30, n images per sub: 5, zero distance: 100, sigma^2: 1, beta: 1.1, simulation: 340"
[1] "no_corr"
[1] "pc_exp"
[1] "pc_sqexp"
[1] "n sub: 30, n images per sub: 5, zero distance: 100, sigma^2: 2, beta: 1.1, simulation: 340"
[1] "no_corr"
[1] "pc_exp"
[1] "pc_sqexp"
[1] "n sub: 30, n images per sub: 5, zero distance: 100, sigma^2: 0.5, beta: 1.1, simulation: 341"
[1] "no_corr"
[1] "pc_exp"
[1] "pc_sqexp"
[1] "n sub: 30, n images per sub: 5, zero distance: 100, sigma^2: 1, beta: 1.1, simulation: 341"
[1] "no_corr"
[1] "pc_exp"
[1] "pc_sqexp"
[1] "n sub: 30, n images per sub: 5, zero distance: 100, sigma^2: 2, beta: 1.1, simulation: 341"
[1] "no_corr"
[1] "pc_exp"
[1] "pc_sqexp"
[1] "n sub: 30, n images per sub: 5, zero distance: 100, sigma^2: 0.5, beta: 1.1, simulation: 342"
[1] "no_corr"
[1] "pc_exp"
[1] "pc_sqexp"
[1] "n sub: 30, n images per sub: 5, zero distance: 100, sigma^2: 1, beta: 1.1, simulation: 342"
[1] "no_corr"
[1] "pc_exp"
[1] "pc_sqexp"
[1] "n sub: 30, n images per sub: 5, zero distance: 100, sigma^2: 2, beta: 1.1, simulation: 342"
[1] "no_corr"
[1] "pc_exp"
[1] "pc_sqexp"
[1] "n sub: 30, n images per sub: 5, zero distance: 100, sigma^2: 0.5, beta: 1.1, simulation: 343"
[1] "no_corr"
[1] "pc_exp"
[1] "pc_sqexp"
[1] "n sub: 30, n images per sub: 5, zero distance: 100, sigma^2: 1, beta: 1.1, simulation: 343"
[1] "no_corr"
[1] "pc_exp"
[1] "pc_sqexp"
[1] "n sub: 30, n images per sub: 5, zero distance: 100, sigma^2: 2, beta: 1.1, simulation: 343"
[1] "no_corr"
[1] "pc_exp"
[1] "pc_sqexp"
[1] "n sub: 30, n images per sub: 5, zero distance: 100, sigma^2: 0.5, beta: 1.1, simulation: 344"
[1] "no_corr"
[1] "pc_exp"
[1] "pc_sqexp"
[1] "n sub: 30, n images per sub: 5, zero distance: 100, sigma^2: 1, beta: 1.1, simulation: 344"
[1] "no_corr"
[1] "pc_exp"
[1] "pc_sqexp"
[1] "n sub: 30, n images per sub: 5, zero distance: 100, sigma^2: 2, beta: 1.1, simulation: 344"
[1] "no_corr"
[1] "pc_exp"
[1] "pc_sqexp"
[1] "n sub: 30, n images per sub: 5, zero distance: 100, sigma^2: 0.5, beta: 1.1, simulation: 345"
[1] "no_corr"
[1] "pc_exp"
[1] "pc_sqexp"
[1] "n sub: 30, n images per sub: 5, zero distance: 100, sigma^2: 1, beta: 1.1, simulation: 345"
[1] "no_corr"
[1] "pc_exp"
[1] "pc_sqexp"
[1] "n sub: 30, n images per sub: 5, zero distance: 100, sigma^2: 2, beta: 1.1, simulation: 345"
[1] "no_corr"
[1] "pc_exp"
[1] "pc_sqexp"
[1] "n sub: 30, n images per sub: 5, zero distance: 100, sigma^2: 0.5, beta: 1.1, simulation: 346"
[1] "no_corr"
[1] "pc_exp"
[1] "pc_sqexp"
[1] "n sub: 30, n images per sub: 5, zero distance: 100, sigma^2: 1, beta: 1.1, simulation: 346"
[1] "no_corr"
[1] "pc_exp"
[1] "pc_sqexp"
[1] "n sub: 30, n images per sub: 5, zero distance: 100, sigma^2: 2, beta: 1.1, simulation: 346"
[1] "no_corr"
[1] "pc_exp"
[1] "pc_sqexp"
[1] "n sub: 30, n images per sub: 5, zero distance: 100, sigma^2: 0.5, beta: 1.1, simulation: 347"
[1] "no_corr"
[1] "pc_exp"
[1] "pc_sqexp"
[1] "n sub: 30, n images per sub: 5, zero distance: 100, sigma^2: 1, beta: 1.1, simulation: 347"
[1] "no_corr"
[1] "pc_exp"
[1] "pc_sqexp"
[1] "n sub: 30, n images per sub: 5, zero distance: 100, sigma^2: 2, beta: 1.1, simulation: 347"
[1] "no_corr"
[1] "pc_exp"
[1] "pc_sqexp"
[1] "n sub: 30, n images per sub: 5, zero distance: 100, sigma^2: 0.5, beta: 1.1, simulation: 348"
[1] "no_corr"
[1] "pc_exp"
[1] "pc_sqexp"
[1] "n sub: 30, n images per sub: 5, zero distance: 100, sigma^2: 1, beta: 1.1, simulation: 348"
[1] "no_corr"
[1] "pc_exp"
[1] "pc_sqexp"
[1] "n sub: 30, n images per sub: 5, zero distance: 100, sigma^2: 2, beta: 1.1, simulation: 348"
[1] "no_corr"
[1] "pc_exp"
[1] "pc_sqexp"
[1] "n sub: 30, n images per sub: 5, zero distance: 100, sigma^2: 0.5, beta: 1.1, simulation: 349"
[1] "no_corr"
[1] "pc_exp"
[1] "pc_sqexp"
[1] "n sub: 30, n images per sub: 5, zero distance: 100, sigma^2: 1, beta: 1.1, simulation: 349"
[1] "no_corr"
[1] "pc_exp"
[1] "pc_sqexp"
[1] "n sub: 30, n images per sub: 5, zero distance: 100, sigma^2: 2, beta: 1.1, simulation: 349"
[1] "no_corr"
[1] "pc_exp"
[1] "pc_sqexp"
[1] "n sub: 30, n images per sub: 5, zero distance: 100, sigma^2: 0.5, beta: 1.1, simulation: 350"
[1] "no_corr"
[1] "pc_exp"
[1] "pc_sqexp"
[1] "n sub: 30, n images per sub: 5, zero distance: 100, sigma^2: 1, beta: 1.1, simulation: 350"
[1] "no_corr"
[1] "pc_exp"
[1] "pc_sqexp"
[1] "n sub: 30, n images per sub: 5, zero distance: 100, sigma^2: 2, beta: 1.1, simulation: 350"
[1] "no_corr"
[1] "pc_exp"
[1] "pc_sqexp"
[1] "n sub: 30, n images per sub: 5, zero distance: 100, sigma^2: 0.5, beta: 1.1, simulation: 351"
[1] "no_corr"
[1] "pc_exp"
[1] "pc_sqexp"
[1] "n sub: 30, n images per sub: 5, zero distance: 100, sigma^2: 1, beta: 1.1, simulation: 351"
[1] "no_corr"
[1] "pc_exp"
[1] "pc_sqexp"
[1] "n sub: 30, n images per sub: 5, zero distance: 100, sigma^2: 2, beta: 1.1, simulation: 351"
[1] "no_corr"
[1] "pc_exp"
[1] "pc_sqexp"
[1] "n sub: 30, n images per sub: 5, zero distance: 100, sigma^2: 0.5, beta: 1.1, simulation: 352"
[1] "no_corr"
[1] "pc_exp"
[1] "pc_sqexp"
[1] "n sub: 30, n images per sub: 5, zero distance: 100, sigma^2: 1, beta: 1.1, simulation: 352"
[1] "no_corr"
[1] "pc_exp"
[1] "pc_sqexp"
[1] "n sub: 30, n images per sub: 5, zero distance: 100, sigma^2: 2, beta: 1.1, simulation: 352"
[1] "no_corr"
[1] "pc_exp"
[1] "pc_sqexp"
[1] "n sub: 30, n images per sub: 5, zero distance: 100, sigma^2: 0.5, beta: 1.1, simulation: 353"
[1] "no_corr"
[1] "pc_exp"
[1] "pc_sqexp"
[1] "n sub: 30, n images per sub: 5, zero distance: 100, sigma^2: 1, beta: 1.1, simulation: 353"
[1] "no_corr"
[1] "pc_exp"
[1] "pc_sqexp"
[1] "n sub: 30, n images per sub: 5, zero distance: 100, sigma^2: 2, beta: 1.1, simulation: 353"
[1] "no_corr"
[1] "pc_exp"
[1] "pc_sqexp"
[1] "n sub: 30, n images per sub: 5, zero distance: 100, sigma^2: 0.5, beta: 1.1, simulation: 354"
[1] "no_corr"
[1] "pc_exp"
[1] "pc_sqexp"
[1] "n sub: 30, n images per sub: 5, zero distance: 100, sigma^2: 1, beta: 1.1, simulation: 354"
[1] "no_corr"
[1] "pc_exp"
[1] "pc_sqexp"
[1] "n sub: 30, n images per sub: 5, zero distance: 100, sigma^2: 2, beta: 1.1, simulation: 354"
[1] "no_corr"
[1] "pc_exp"
[1] "pc_sqexp"
[1] "n sub: 30, n images per sub: 5, zero distance: 100, sigma^2: 0.5, beta: 1.1, simulation: 355"
[1] "no_corr"
[1] "pc_exp"
[1] "pc_sqexp"
[1] "n sub: 30, n images per sub: 5, zero distance: 100, sigma^2: 1, beta: 1.1, simulation: 355"
[1] "no_corr"
[1] "pc_exp"
[1] "pc_sqexp"
[1] "n sub: 30, n images per sub: 5, zero distance: 100, sigma^2: 2, beta: 1.1, simulation: 355"
[1] "no_corr"
[1] "pc_exp"
[1] "pc_sqexp"
[1] "n sub: 30, n images per sub: 5, zero distance: 100, sigma^2: 0.5, beta: 1.1, simulation: 356"
[1] "no_corr"
[1] "pc_exp"
[1] "pc_sqexp"
[1] "n sub: 30, n images per sub: 5, zero distance: 100, sigma^2: 1, beta: 1.1, simulation: 356"
[1] "no_corr"
[1] "pc_exp"
[1] "pc_sqexp"
[1] "n sub: 30, n images per sub: 5, zero distance: 100, sigma^2: 2, beta: 1.1, simulation: 356"
[1] "no_corr"
[1] "pc_exp"
[1] "pc_sqexp"
[1] "n sub: 30, n images per sub: 5, zero distance: 100, sigma^2: 0.5, beta: 1.1, simulation: 357"
[1] "no_corr"
[1] "pc_exp"
[1] "pc_sqexp"
[1] "n sub: 30, n images per sub: 5, zero distance: 100, sigma^2: 1, beta: 1.1, simulation: 357"
[1] "no_corr"
[1] "pc_exp"
[1] "pc_sqexp"
[1] "n sub: 30, n images per sub: 5, zero distance: 100, sigma^2: 2, beta: 1.1, simulation: 357"
[1] "no_corr"
[1] "pc_exp"
[1] "pc_sqexp"
[1] "n sub: 30, n images per sub: 5, zero distance: 100, sigma^2: 0.5, beta: 1.1, simulation: 358"
[1] "no_corr"
[1] "pc_exp"
[1] "pc_sqexp"
[1] "n sub: 30, n images per sub: 5, zero distance: 100, sigma^2: 1, beta: 1.1, simulation: 358"
[1] "no_corr"
[1] "pc_exp"
[1] "pc_sqexp"
[1] "n sub: 30, n images per sub: 5, zero distance: 100, sigma^2: 2, beta: 1.1, simulation: 358"
[1] "no_corr"
[1] "pc_exp"
[1] "pc_sqexp"
[1] "n sub: 30, n images per sub: 5, zero distance: 100, sigma^2: 0.5, beta: 1.1, simulation: 359"
[1] "no_corr"
[1] "pc_exp"
[1] "pc_sqexp"
[1] "n sub: 30, n images per sub: 5, zero distance: 100, sigma^2: 1, beta: 1.1, simulation: 359"
[1] "no_corr"
[1] "pc_exp"
[1] "pc_sqexp"
[1] "n sub: 30, n images per sub: 5, zero distance: 100, sigma^2: 2, beta: 1.1, simulation: 359"
[1] "no_corr"
[1] "pc_exp"
[1] "pc_sqexp"
[1] "n sub: 30, n images per sub: 5, zero distance: 100, sigma^2: 0.5, beta: 1.1, simulation: 360"
[1] "no_corr"
[1] "pc_exp"
[1] "pc_sqexp"
[1] "n sub: 30, n images per sub: 5, zero distance: 100, sigma^2: 1, beta: 1.1, simulation: 360"
[1] "no_corr"
[1] "pc_exp"
[1] "pc_sqexp"
[1] "n sub: 30, n images per sub: 5, zero distance: 100, sigma^2: 2, beta: 1.1, simulation: 360"
[1] "no_corr"
[1] "pc_exp"
[1] "pc_sqexp"
[1] "n sub: 30, n images per sub: 5, zero distance: 100, sigma^2: 0.5, beta: 1.1, simulation: 361"
[1] "no_corr"
[1] "pc_exp"
[1] "pc_sqexp"
[1] "n sub: 30, n images per sub: 5, zero distance: 100, sigma^2: 1, beta: 1.1, simulation: 361"
[1] "no_corr"
[1] "pc_exp"
[1] "pc_sqexp"
[1] "n sub: 30, n images per sub: 5, zero distance: 100, sigma^2: 2, beta: 1.1, simulation: 361"
[1] "no_corr"
[1] "pc_exp"
[1] "pc_sqexp"
[1] "n sub: 30, n images per sub: 5, zero distance: 100, sigma^2: 0.5, beta: 1.1, simulation: 362"
[1] "no_corr"
[1] "pc_exp"
[1] "pc_sqexp"
[1] "n sub: 30, n images per sub: 5, zero distance: 100, sigma^2: 1, beta: 1.1, simulation: 362"
[1] "no_corr"
[1] "pc_exp"
[1] "pc_sqexp"
[1] "n sub: 30, n images per sub: 5, zero distance: 100, sigma^2: 2, beta: 1.1, simulation: 362"
[1] "no_corr"
[1] "pc_exp"
[1] "pc_sqexp"
[1] "n sub: 30, n images per sub: 5, zero distance: 100, sigma^2: 0.5, beta: 1.1, simulation: 363"
[1] "no_corr"
[1] "pc_exp"
[1] "pc_sqexp"
[1] "n sub: 30, n images per sub: 5, zero distance: 100, sigma^2: 1, beta: 1.1, simulation: 363"
[1] "no_corr"
[1] "pc_exp"
[1] "pc_sqexp"
[1] "n sub: 30, n images per sub: 5, zero distance: 100, sigma^2: 2, beta: 1.1, simulation: 363"
[1] "no_corr"
[1] "pc_exp"
[1] "pc_sqexp"
[1] "n sub: 30, n images per sub: 5, zero distance: 100, sigma^2: 0.5, beta: 1.1, simulation: 364"
[1] "no_corr"
[1] "pc_exp"
[1] "pc_sqexp"
[1] "n sub: 30, n images per sub: 5, zero distance: 100, sigma^2: 1, beta: 1.1, simulation: 364"
[1] "no_corr"
[1] "pc_exp"
[1] "pc_sqexp"
[1] "n sub: 30, n images per sub: 5, zero distance: 100, sigma^2: 2, beta: 1.1, simulation: 364"
[1] "no_corr"
[1] "pc_exp"
[1] "pc_sqexp"
[1] "n sub: 30, n images per sub: 5, zero distance: 100, sigma^2: 0.5, beta: 1.1, simulation: 365"
[1] "no_corr"
[1] "pc_exp"
[1] "pc_sqexp"
[1] "n sub: 30, n images per sub: 5, zero distance: 100, sigma^2: 1, beta: 1.1, simulation: 365"
[1] "no_corr"
[1] "pc_exp"
[1] "pc_sqexp"
[1] "n sub: 30, n images per sub: 5, zero distance: 100, sigma^2: 2, beta: 1.1, simulation: 365"
[1] "no_corr"
[1] "pc_exp"
[1] "pc_sqexp"
[1] "n sub: 30, n images per sub: 5, zero distance: 100, sigma^2: 0.5, beta: 1.1, simulation: 366"
[1] "no_corr"
[1] "pc_exp"
[1] "pc_sqexp"
[1] "n sub: 30, n images per sub: 5, zero distance: 100, sigma^2: 1, beta: 1.1, simulation: 366"
[1] "no_corr"
[1] "pc_exp"
[1] "pc_sqexp"
[1] "n sub: 30, n images per sub: 5, zero distance: 100, sigma^2: 2, beta: 1.1, simulation: 366"
[1] "no_corr"
[1] "pc_exp"
[1] "pc_sqexp"
[1] "n sub: 30, n images per sub: 5, zero distance: 100, sigma^2: 0.5, beta: 1.1, simulation: 367"
[1] "no_corr"
[1] "pc_exp"
[1] "pc_sqexp"
[1] "n sub: 30, n images per sub: 5, zero distance: 100, sigma^2: 1, beta: 1.1, simulation: 367"
[1] "no_corr"
[1] "pc_exp"
[1] "pc_sqexp"
[1] "n sub: 30, n images per sub: 5, zero distance: 100, sigma^2: 2, beta: 1.1, simulation: 367"
[1] "no_corr"
[1] "pc_exp"
[1] "pc_sqexp"
[1] "n sub: 30, n images per sub: 5, zero distance: 100, sigma^2: 0.5, beta: 1.1, simulation: 368"
[1] "no_corr"
[1] "pc_exp"
[1] "pc_sqexp"
[1] "n sub: 30, n images per sub: 5, zero distance: 100, sigma^2: 1, beta: 1.1, simulation: 368"
[1] "no_corr"
[1] "pc_exp"
[1] "pc_sqexp"
[1] "n sub: 30, n images per sub: 5, zero distance: 100, sigma^2: 2, beta: 1.1, simulation: 368"
[1] "no_corr"
[1] "pc_exp"
[1] "pc_sqexp"
[1] "n sub: 30, n images per sub: 5, zero distance: 100, sigma^2: 0.5, beta: 1.1, simulation: 369"
[1] "no_corr"
[1] "pc_exp"
[1] "pc_sqexp"
[1] "n sub: 30, n images per sub: 5, zero distance: 100, sigma^2: 1, beta: 1.1, simulation: 369"
[1] "no_corr"
[1] "pc_exp"
[1] "pc_sqexp"
[1] "n sub: 30, n images per sub: 5, zero distance: 100, sigma^2: 2, beta: 1.1, simulation: 369"
[1] "no_corr"
[1] "pc_exp"
[1] "pc_sqexp"
[1] "n sub: 30, n images per sub: 5, zero distance: 100, sigma^2: 0.5, beta: 1.1, simulation: 370"
[1] "no_corr"
[1] "pc_exp"
[1] "pc_sqexp"
[1] "n sub: 30, n images per sub: 5, zero distance: 100, sigma^2: 1, beta: 1.1, simulation: 370"
[1] "no_corr"
[1] "pc_exp"
[1] "pc_sqexp"
[1] "n sub: 30, n images per sub: 5, zero distance: 100, sigma^2: 2, beta: 1.1, simulation: 370"
[1] "no_corr"
[1] "pc_exp"
[1] "pc_sqexp"
[1] "n sub: 30, n images per sub: 5, zero distance: 100, sigma^2: 0.5, beta: 1.1, simulation: 371"
[1] "no_corr"
[1] "pc_exp"
[1] "pc_sqexp"
[1] "n sub: 30, n images per sub: 5, zero distance: 100, sigma^2: 1, beta: 1.1, simulation: 371"
[1] "no_corr"
[1] "pc_exp"
[1] "pc_sqexp"
[1] "n sub: 30, n images per sub: 5, zero distance: 100, sigma^2: 2, beta: 1.1, simulation: 371"
[1] "no_corr"
[1] "pc_exp"
[1] "pc_sqexp"
[1] "n sub: 30, n images per sub: 5, zero distance: 100, sigma^2: 0.5, beta: 1.1, simulation: 372"
[1] "no_corr"
[1] "pc_exp"
[1] "pc_sqexp"
[1] "n sub: 30, n images per sub: 5, zero distance: 100, sigma^2: 1, beta: 1.1, simulation: 372"
[1] "no_corr"
[1] "pc_exp"
[1] "pc_sqexp"
[1] "n sub: 30, n images per sub: 5, zero distance: 100, sigma^2: 2, beta: 1.1, simulation: 372"
[1] "no_corr"
[1] "pc_exp"
[1] "pc_sqexp"
[1] "n sub: 30, n images per sub: 5, zero distance: 100, sigma^2: 0.5, beta: 1.1, simulation: 373"
[1] "no_corr"
[1] "pc_exp"
[1] "pc_sqexp"
[1] "n sub: 30, n images per sub: 5, zero distance: 100, sigma^2: 1, beta: 1.1, simulation: 373"
[1] "no_corr"
[1] "pc_exp"
[1] "pc_sqexp"
[1] "n sub: 30, n images per sub: 5, zero distance: 100, sigma^2: 2, beta: 1.1, simulation: 373"
[1] "no_corr"
[1] "pc_exp"
[1] "pc_sqexp"
[1] "n sub: 30, n images per sub: 5, zero distance: 100, sigma^2: 0.5, beta: 1.1, simulation: 374"
[1] "no_corr"
[1] "pc_exp"
[1] "pc_sqexp"
[1] "n sub: 30, n images per sub: 5, zero distance: 100, sigma^2: 1, beta: 1.1, simulation: 374"
[1] "no_corr"
[1] "pc_exp"
[1] "pc_sqexp"
[1] "n sub: 30, n images per sub: 5, zero distance: 100, sigma^2: 2, beta: 1.1, simulation: 374"
[1] "no_corr"
[1] "pc_exp"
[1] "pc_sqexp"
[1] "n sub: 30, n images per sub: 5, zero distance: 100, sigma^2: 0.5, beta: 1.1, simulation: 375"
[1] "no_corr"
[1] "pc_exp"
[1] "pc_sqexp"
[1] "n sub: 30, n images per sub: 5, zero distance: 100, sigma^2: 1, beta: 1.1, simulation: 375"
[1] "no_corr"
[1] "pc_exp"
[1] "pc_sqexp"
[1] "n sub: 30, n images per sub: 5, zero distance: 100, sigma^2: 2, beta: 1.1, simulation: 375"
[1] "no_corr"
[1] "pc_exp"
[1] "pc_sqexp"
[1] "n sub: 30, n images per sub: 5, zero distance: 100, sigma^2: 0.5, beta: 1.1, simulation: 376"
[1] "no_corr"
[1] "pc_exp"
[1] "pc_sqexp"
[1] "n sub: 30, n images per sub: 5, zero distance: 100, sigma^2: 1, beta: 1.1, simulation: 376"
[1] "no_corr"
[1] "pc_exp"
[1] "pc_sqexp"
[1] "n sub: 30, n images per sub: 5, zero distance: 100, sigma^2: 2, beta: 1.1, simulation: 376"
[1] "no_corr"
[1] "pc_exp"
[1] "pc_sqexp"
[1] "n sub: 30, n images per sub: 5, zero distance: 100, sigma^2: 0.5, beta: 1.1, simulation: 377"
[1] "no_corr"
[1] "pc_exp"
[1] "pc_sqexp"
[1] "n sub: 30, n images per sub: 5, zero distance: 100, sigma^2: 1, beta: 1.1, simulation: 377"
[1] "no_corr"
[1] "pc_exp"
[1] "pc_sqexp"
[1] "n sub: 30, n images per sub: 5, zero distance: 100, sigma^2: 2, beta: 1.1, simulation: 377"
[1] "no_corr"
[1] "pc_exp"
[1] "pc_sqexp"
[1] "n sub: 30, n images per sub: 5, zero distance: 100, sigma^2: 0.5, beta: 1.1, simulation: 378"
[1] "no_corr"
[1] "pc_exp"
[1] "pc_sqexp"
[1] "n sub: 30, n images per sub: 5, zero distance: 100, sigma^2: 1, beta: 1.1, simulation: 378"
[1] "no_corr"
[1] "pc_exp"
[1] "pc_sqexp"
[1] "n sub: 30, n images per sub: 5, zero distance: 100, sigma^2: 2, beta: 1.1, simulation: 378"
[1] "no_corr"
[1] "pc_exp"
[1] "pc_sqexp"
[1] "n sub: 30, n images per sub: 5, zero distance: 100, sigma^2: 0.5, beta: 1.1, simulation: 379"
[1] "no_corr"
[1] "pc_exp"
[1] "pc_sqexp"
[1] "n sub: 30, n images per sub: 5, zero distance: 100, sigma^2: 1, beta: 1.1, simulation: 379"
[1] "no_corr"
[1] "pc_exp"
[1] "pc_sqexp"
[1] "n sub: 30, n images per sub: 5, zero distance: 100, sigma^2: 2, beta: 1.1, simulation: 379"
[1] "no_corr"
[1] "pc_exp"
[1] "pc_sqexp"
[1] "n sub: 30, n images per sub: 5, zero distance: 100, sigma^2: 0.5, beta: 1.1, simulation: 380"
[1] "no_corr"
[1] "pc_exp"
[1] "pc_sqexp"
[1] "n sub: 30, n images per sub: 5, zero distance: 100, sigma^2: 1, beta: 1.1, simulation: 380"
[1] "no_corr"
[1] "pc_exp"
[1] "pc_sqexp"
[1] "n sub: 30, n images per sub: 5, zero distance: 100, sigma^2: 2, beta: 1.1, simulation: 380"
[1] "no_corr"
[1] "pc_exp"
[1] "pc_sqexp"
[1] "n sub: 30, n images per sub: 5, zero distance: 100, sigma^2: 0.5, beta: 1.1, simulation: 381"
[1] "no_corr"
[1] "pc_exp"
[1] "pc_sqexp"
[1] "n sub: 30, n images per sub: 5, zero distance: 100, sigma^2: 1, beta: 1.1, simulation: 381"
[1] "no_corr"
[1] "pc_exp"
[1] "pc_sqexp"
[1] "n sub: 30, n images per sub: 5, zero distance: 100, sigma^2: 2, beta: 1.1, simulation: 381"
[1] "no_corr"
[1] "pc_exp"
[1] "pc_sqexp"
[1] "n sub: 30, n images per sub: 5, zero distance: 100, sigma^2: 0.5, beta: 1.1, simulation: 382"
[1] "no_corr"
[1] "pc_exp"
[1] "pc_sqexp"
[1] "n sub: 30, n images per sub: 5, zero distance: 100, sigma^2: 1, beta: 1.1, simulation: 382"
[1] "no_corr"
[1] "pc_exp"
[1] "pc_sqexp"
[1] "n sub: 30, n images per sub: 5, zero distance: 100, sigma^2: 2, beta: 1.1, simulation: 382"
[1] "no_corr"
[1] "pc_exp"
[1] "pc_sqexp"
[1] "n sub: 30, n images per sub: 5, zero distance: 100, sigma^2: 0.5, beta: 1.1, simulation: 383"
[1] "no_corr"
[1] "pc_exp"
[1] "pc_sqexp"
[1] "n sub: 30, n images per sub: 5, zero distance: 100, sigma^2: 1, beta: 1.1, simulation: 383"
[1] "no_corr"
[1] "pc_exp"
[1] "pc_sqexp"
[1] "n sub: 30, n images per sub: 5, zero distance: 100, sigma^2: 2, beta: 1.1, simulation: 383"
[1] "no_corr"
[1] "pc_exp"
[1] "pc_sqexp"
[1] "n sub: 30, n images per sub: 5, zero distance: 100, sigma^2: 0.5, beta: 1.1, simulation: 384"
[1] "no_corr"
[1] "pc_exp"
[1] "pc_sqexp"
[1] "n sub: 30, n images per sub: 5, zero distance: 100, sigma^2: 1, beta: 1.1, simulation: 384"
[1] "no_corr"
[1] "pc_exp"
[1] "pc_sqexp"
[1] "n sub: 30, n images per sub: 5, zero distance: 100, sigma^2: 2, beta: 1.1, simulation: 384"
[1] "no_corr"
[1] "pc_exp"
[1] "pc_sqexp"
[1] "n sub: 30, n images per sub: 5, zero distance: 100, sigma^2: 0.5, beta: 1.1, simulation: 385"
[1] "no_corr"
[1] "pc_exp"
[1] "pc_sqexp"
[1] "n sub: 30, n images per sub: 5, zero distance: 100, sigma^2: 1, beta: 1.1, simulation: 385"
[1] "no_corr"
[1] "pc_exp"
[1] "pc_sqexp"
[1] "n sub: 30, n images per sub: 5, zero distance: 100, sigma^2: 2, beta: 1.1, simulation: 385"
[1] "no_corr"
[1] "pc_exp"
[1] "pc_sqexp"
[1] "n sub: 30, n images per sub: 5, zero distance: 100, sigma^2: 0.5, beta: 1.1, simulation: 386"
[1] "no_corr"
[1] "pc_exp"
[1] "pc_sqexp"
[1] "n sub: 30, n images per sub: 5, zero distance: 100, sigma^2: 1, beta: 1.1, simulation: 386"
[1] "no_corr"
[1] "pc_exp"
[1] "pc_sqexp"
[1] "n sub: 30, n images per sub: 5, zero distance: 100, sigma^2: 2, beta: 1.1, simulation: 386"
[1] "no_corr"
[1] "pc_exp"
[1] "pc_sqexp"
[1] "n sub: 30, n images per sub: 5, zero distance: 100, sigma^2: 0.5, beta: 1.1, simulation: 387"
[1] "no_corr"
[1] "pc_exp"
[1] "pc_sqexp"
[1] "n sub: 30, n images per sub: 5, zero distance: 100, sigma^2: 1, beta: 1.1, simulation: 387"
[1] "no_corr"
[1] "pc_exp"
[1] "pc_sqexp"
[1] "n sub: 30, n images per sub: 5, zero distance: 100, sigma^2: 2, beta: 1.1, simulation: 387"
[1] "no_corr"
[1] "pc_exp"
[1] "pc_sqexp"
[1] "n sub: 30, n images per sub: 5, zero distance: 100, sigma^2: 0.5, beta: 1.1, simulation: 388"
[1] "no_corr"
[1] "pc_exp"
[1] "pc_sqexp"
[1] "n sub: 30, n images per sub: 5, zero distance: 100, sigma^2: 1, beta: 1.1, simulation: 388"
[1] "no_corr"
[1] "pc_exp"
[1] "pc_sqexp"
[1] "n sub: 30, n images per sub: 5, zero distance: 100, sigma^2: 2, beta: 1.1, simulation: 388"
[1] "no_corr"
[1] "pc_exp"
[1] "pc_sqexp"
[1] "n sub: 30, n images per sub: 5, zero distance: 100, sigma^2: 0.5, beta: 1.1, simulation: 389"
[1] "no_corr"
[1] "pc_exp"
[1] "pc_sqexp"
[1] "n sub: 30, n images per sub: 5, zero distance: 100, sigma^2: 1, beta: 1.1, simulation: 389"
[1] "no_corr"
[1] "pc_exp"
[1] "pc_sqexp"
[1] "n sub: 30, n images per sub: 5, zero distance: 100, sigma^2: 2, beta: 1.1, simulation: 389"
[1] "no_corr"
[1] "pc_exp"
[1] "pc_sqexp"
[1] "n sub: 30, n images per sub: 5, zero distance: 100, sigma^2: 0.5, beta: 1.1, simulation: 390"
[1] "no_corr"
[1] "pc_exp"
[1] "pc_sqexp"
[1] "n sub: 30, n images per sub: 5, zero distance: 100, sigma^2: 1, beta: 1.1, simulation: 390"
[1] "no_corr"
[1] "pc_exp"
[1] "pc_sqexp"
[1] "n sub: 30, n images per sub: 5, zero distance: 100, sigma^2: 2, beta: 1.1, simulation: 390"
[1] "no_corr"
[1] "pc_exp"
[1] "pc_sqexp"
[1] "n sub: 30, n images per sub: 5, zero distance: 100, sigma^2: 0.5, beta: 1.1, simulation: 391"
[1] "no_corr"
[1] "pc_exp"
[1] "pc_sqexp"
[1] "n sub: 30, n images per sub: 5, zero distance: 100, sigma^2: 1, beta: 1.1, simulation: 391"
[1] "no_corr"
[1] "pc_exp"
[1] "pc_sqexp"
[1] "n sub: 30, n images per sub: 5, zero distance: 100, sigma^2: 2, beta: 1.1, simulation: 391"
[1] "no_corr"
[1] "pc_exp"
[1] "pc_sqexp"
[1] "n sub: 30, n images per sub: 5, zero distance: 100, sigma^2: 0.5, beta: 1.1, simulation: 392"
[1] "no_corr"
[1] "pc_exp"
[1] "pc_sqexp"
[1] "n sub: 30, n images per sub: 5, zero distance: 100, sigma^2: 1, beta: 1.1, simulation: 392"
[1] "no_corr"
[1] "pc_exp"
[1] "pc_sqexp"
[1] "n sub: 30, n images per sub: 5, zero distance: 100, sigma^2: 2, beta: 1.1, simulation: 392"
[1] "no_corr"
[1] "pc_exp"
[1] "pc_sqexp"
[1] "n sub: 30, n images per sub: 5, zero distance: 100, sigma^2: 0.5, beta: 1.1, simulation: 393"
[1] "no_corr"
[1] "pc_exp"
[1] "pc_sqexp"
[1] "n sub: 30, n images per sub: 5, zero distance: 100, sigma^2: 1, beta: 1.1, simulation: 393"
[1] "no_corr"
[1] "pc_exp"
[1] "pc_sqexp"
[1] "n sub: 30, n images per sub: 5, zero distance: 100, sigma^2: 2, beta: 1.1, simulation: 393"
[1] "no_corr"
[1] "pc_exp"
[1] "pc_sqexp"
[1] "n sub: 30, n images per sub: 5, zero distance: 100, sigma^2: 0.5, beta: 1.1, simulation: 394"
[1] "no_corr"
[1] "pc_exp"
[1] "pc_sqexp"
[1] "n sub: 30, n images per sub: 5, zero distance: 100, sigma^2: 1, beta: 1.1, simulation: 394"
[1] "no_corr"
[1] "pc_exp"
[1] "pc_sqexp"
[1] "n sub: 30, n images per sub: 5, zero distance: 100, sigma^2: 2, beta: 1.1, simulation: 394"
[1] "no_corr"
[1] "pc_exp"
[1] "pc_sqexp"
[1] "n sub: 30, n images per sub: 5, zero distance: 100, sigma^2: 0.5, beta: 1.1, simulation: 395"
[1] "no_corr"
[1] "pc_exp"
[1] "pc_sqexp"
[1] "n sub: 30, n images per sub: 5, zero distance: 100, sigma^2: 1, beta: 1.1, simulation: 395"
[1] "no_corr"
[1] "pc_exp"
[1] "pc_sqexp"
[1] "n sub: 30, n images per sub: 5, zero distance: 100, sigma^2: 2, beta: 1.1, simulation: 395"
[1] "no_corr"
[1] "pc_exp"
[1] "pc_sqexp"
[1] "n sub: 30, n images per sub: 5, zero distance: 100, sigma^2: 0.5, beta: 1.1, simulation: 396"
[1] "no_corr"
[1] "pc_exp"
[1] "pc_sqexp"
[1] "n sub: 30, n images per sub: 5, zero distance: 100, sigma^2: 1, beta: 1.1, simulation: 396"
[1] "no_corr"
[1] "pc_exp"
[1] "pc_sqexp"
[1] "n sub: 30, n images per sub: 5, zero distance: 100, sigma^2: 2, beta: 1.1, simulation: 396"
[1] "no_corr"
[1] "pc_exp"
[1] "pc_sqexp"
[1] "n sub: 30, n images per sub: 5, zero distance: 100, sigma^2: 0.5, beta: 1.1, simulation: 397"
[1] "no_corr"
[1] "pc_exp"
[1] "pc_sqexp"
[1] "n sub: 30, n images per sub: 5, zero distance: 100, sigma^2: 1, beta: 1.1, simulation: 397"
[1] "no_corr"
[1] "pc_exp"
[1] "pc_sqexp"
[1] "n sub: 30, n images per sub: 5, zero distance: 100, sigma^2: 2, beta: 1.1, simulation: 397"
[1] "no_corr"
[1] "pc_exp"
[1] "pc_sqexp"
[1] "n sub: 30, n images per sub: 5, zero distance: 100, sigma^2: 0.5, beta: 1.1, simulation: 398"
[1] "no_corr"
[1] "pc_exp"
[1] "pc_sqexp"
[1] "n sub: 30, n images per sub: 5, zero distance: 100, sigma^2: 1, beta: 1.1, simulation: 398"
[1] "no_corr"
[1] "pc_exp"
[1] "pc_sqexp"
[1] "n sub: 30, n images per sub: 5, zero distance: 100, sigma^2: 2, beta: 1.1, simulation: 398"
[1] "no_corr"
[1] "pc_exp"
[1] "pc_sqexp"
[1] "n sub: 30, n images per sub: 5, zero distance: 100, sigma^2: 0.5, beta: 1.1, simulation: 399"
[1] "no_corr"
[1] "pc_exp"
[1] "pc_sqexp"
[1] "n sub: 30, n images per sub: 5, zero distance: 100, sigma^2: 1, beta: 1.1, simulation: 399"
[1] "no_corr"
[1] "pc_exp"
[1] "pc_sqexp"
[1] "n sub: 30, n images per sub: 5, zero distance: 100, sigma^2: 2, beta: 1.1, simulation: 399"
[1] "no_corr"
[1] "pc_exp"
[1] "pc_sqexp"
[1] "n sub: 30, n images per sub: 5, zero distance: 100, sigma^2: 0.5, beta: 1.1, simulation: 400"
[1] "no_corr"
[1] "pc_exp"
[1] "pc_sqexp"
[1] "n sub: 30, n images per sub: 5, zero distance: 100, sigma^2: 1, beta: 1.1, simulation: 400"
[1] "no_corr"
[1] "pc_exp"
[1] "pc_sqexp"
[1] "n sub: 30, n images per sub: 5, zero distance: 100, sigma^2: 2, beta: 1.1, simulation: 400"
[1] "no_corr"
[1] "pc_exp"
[1] "pc_sqexp"
