[1] "n sub: 30, n images per sub: 1, zero distance: 100, sigma^2: 0.5, beta: 0.22, simulation: 401"
[1] "no_corr"
[1] "pc_exp"
[1] "pc_sqexp"
[1] "n sub: 30, n images per sub: 1, zero distance: 100, sigma^2: 1, beta: 0.22, simulation: 401"
[1] "no_corr"
[1] "pc_exp"
[1] "pc_sqexp"
[1] "n sub: 30, n images per sub: 1, zero distance: 100, sigma^2: 2, beta: 0.22, simulation: 401"
[1] "no_corr"
[1] "pc_exp"
[1] "pc_sqexp"
[1] "n sub: 30, n images per sub: 1, zero distance: 100, sigma^2: 0.5, beta: 0.22, simulation: 402"
[1] "no_corr"
[1] "pc_exp"
[1] "pc_sqexp"
[1] "n sub: 30, n images per sub: 1, zero distance: 100, sigma^2: 1, beta: 0.22, simulation: 402"
[1] "no_corr"
[1] "pc_exp"
[1] "pc_sqexp"
[1] "n sub: 30, n images per sub: 1, zero distance: 100, sigma^2: 2, beta: 0.22, simulation: 402"
[1] "no_corr"
[1] "pc_exp"
[1] "pc_sqexp"
[1] "n sub: 30, n images per sub: 1, zero distance: 100, sigma^2: 0.5, beta: 0.22, simulation: 403"
[1] "no_corr"
[1] "pc_exp"
[1] "pc_sqexp"
[1] "n sub: 30, n images per sub: 1, zero distance: 100, sigma^2: 1, beta: 0.22, simulation: 403"
[1] "no_corr"
[1] "pc_exp"
[1] "pc_sqexp"
[1] "n sub: 30, n images per sub: 1, zero distance: 100, sigma^2: 2, beta: 0.22, simulation: 403"
[1] "no_corr"
[1] "pc_exp"
[1] "pc_sqexp"
[1] "n sub: 30, n images per sub: 1, zero distance: 100, sigma^2: 0.5, beta: 0.22, simulation: 404"
[1] "no_corr"
[1] "pc_exp"
[1] "pc_sqexp"
[1] "n sub: 30, n images per sub: 1, zero distance: 100, sigma^2: 1, beta: 0.22, simulation: 404"
[1] "no_corr"
[1] "pc_exp"
[1] "pc_sqexp"
[1] "n sub: 30, n images per sub: 1, zero distance: 100, sigma^2: 2, beta: 0.22, simulation: 404"
[1] "no_corr"
[1] "pc_exp"
[1] "pc_sqexp"
[1] "n sub: 30, n images per sub: 1, zero distance: 100, sigma^2: 0.5, beta: 0.22, simulation: 405"
[1] "no_corr"
[1] "pc_exp"
[1] "pc_sqexp"
[1] "n sub: 30, n images per sub: 1, zero distance: 100, sigma^2: 1, beta: 0.22, simulation: 405"
[1] "no_corr"
[1] "pc_exp"
[1] "pc_sqexp"
[1] "n sub: 30, n images per sub: 1, zero distance: 100, sigma^2: 2, beta: 0.22, simulation: 405"
[1] "no_corr"
[1] "pc_exp"
[1] "pc_sqexp"
[1] "n sub: 30, n images per sub: 1, zero distance: 100, sigma^2: 0.5, beta: 0.22, simulation: 406"
[1] "no_corr"
[1] "pc_exp"
[1] "pc_sqexp"
[1] "n sub: 30, n images per sub: 1, zero distance: 100, sigma^2: 1, beta: 0.22, simulation: 406"
[1] "no_corr"
[1] "pc_exp"
[1] "pc_sqexp"
[1] "n sub: 30, n images per sub: 1, zero distance: 100, sigma^2: 2, beta: 0.22, simulation: 406"
[1] "no_corr"
[1] "pc_exp"
[1] "pc_sqexp"
[1] "n sub: 30, n images per sub: 1, zero distance: 100, sigma^2: 0.5, beta: 0.22, simulation: 407"
[1] "no_corr"
[1] "pc_exp"
[1] "pc_sqexp"
[1] "n sub: 30, n images per sub: 1, zero distance: 100, sigma^2: 1, beta: 0.22, simulation: 407"
[1] "no_corr"
[1] "pc_exp"
[1] "pc_sqexp"
[1] "n sub: 30, n images per sub: 1, zero distance: 100, sigma^2: 2, beta: 0.22, simulation: 407"
[1] "no_corr"
[1] "pc_exp"
[1] "pc_sqexp"
[1] "n sub: 30, n images per sub: 1, zero distance: 100, sigma^2: 0.5, beta: 0.22, simulation: 408"
[1] "no_corr"
[1] "pc_exp"
[1] "pc_sqexp"
[1] "n sub: 30, n images per sub: 1, zero distance: 100, sigma^2: 1, beta: 0.22, simulation: 408"
[1] "no_corr"
[1] "pc_exp"
[1] "pc_sqexp"
[1] "n sub: 30, n images per sub: 1, zero distance: 100, sigma^2: 2, beta: 0.22, simulation: 408"
[1] "no_corr"
[1] "pc_exp"
[1] "pc_sqexp"
[1] "n sub: 30, n images per sub: 1, zero distance: 100, sigma^2: 0.5, beta: 0.22, simulation: 409"
[1] "no_corr"
[1] "pc_exp"
[1] "pc_sqexp"
[1] "n sub: 30, n images per sub: 1, zero distance: 100, sigma^2: 1, beta: 0.22, simulation: 409"
[1] "no_corr"
[1] "pc_exp"
[1] "pc_sqexp"
[1] "n sub: 30, n images per sub: 1, zero distance: 100, sigma^2: 2, beta: 0.22, simulation: 409"
[1] "no_corr"
[1] "pc_exp"
[1] "pc_sqexp"
[1] "n sub: 30, n images per sub: 1, zero distance: 100, sigma^2: 0.5, beta: 0.22, simulation: 410"
[1] "no_corr"
[1] "pc_exp"
[1] "pc_sqexp"
[1] "n sub: 30, n images per sub: 1, zero distance: 100, sigma^2: 1, beta: 0.22, simulation: 410"
[1] "no_corr"
[1] "pc_exp"
[1] "pc_sqexp"
[1] "n sub: 30, n images per sub: 1, zero distance: 100, sigma^2: 2, beta: 0.22, simulation: 410"
[1] "no_corr"
[1] "pc_exp"
[1] "pc_sqexp"
[1] "n sub: 30, n images per sub: 1, zero distance: 100, sigma^2: 0.5, beta: 0.22, simulation: 411"
[1] "no_corr"
[1] "pc_exp"
[1] "pc_sqexp"
[1] "n sub: 30, n images per sub: 1, zero distance: 100, sigma^2: 1, beta: 0.22, simulation: 411"
[1] "no_corr"
[1] "pc_exp"
[1] "pc_sqexp"
[1] "n sub: 30, n images per sub: 1, zero distance: 100, sigma^2: 2, beta: 0.22, simulation: 411"
[1] "no_corr"
[1] "pc_exp"
[1] "pc_sqexp"
[1] "n sub: 30, n images per sub: 1, zero distance: 100, sigma^2: 0.5, beta: 0.22, simulation: 412"
[1] "no_corr"
[1] "pc_exp"
[1] "pc_sqexp"
[1] "n sub: 30, n images per sub: 1, zero distance: 100, sigma^2: 1, beta: 0.22, simulation: 412"
[1] "no_corr"
[1] "pc_exp"
[1] "pc_sqexp"
[1] "n sub: 30, n images per sub: 1, zero distance: 100, sigma^2: 2, beta: 0.22, simulation: 412"
[1] "no_corr"
[1] "pc_exp"
[1] "pc_sqexp"
[1] "n sub: 30, n images per sub: 1, zero distance: 100, sigma^2: 0.5, beta: 0.22, simulation: 413"
[1] "no_corr"
[1] "pc_exp"
[1] "pc_sqexp"
[1] "n sub: 30, n images per sub: 1, zero distance: 100, sigma^2: 1, beta: 0.22, simulation: 413"
[1] "no_corr"
[1] "pc_exp"
[1] "pc_sqexp"
[1] "n sub: 30, n images per sub: 1, zero distance: 100, sigma^2: 2, beta: 0.22, simulation: 413"
[1] "no_corr"
[1] "pc_exp"
[1] "pc_sqexp"
[1] "n sub: 30, n images per sub: 1, zero distance: 100, sigma^2: 0.5, beta: 0.22, simulation: 414"
[1] "no_corr"
[1] "pc_exp"
[1] "pc_sqexp"
[1] "n sub: 30, n images per sub: 1, zero distance: 100, sigma^2: 1, beta: 0.22, simulation: 414"
[1] "no_corr"
[1] "pc_exp"
[1] "pc_sqexp"
[1] "n sub: 30, n images per sub: 1, zero distance: 100, sigma^2: 2, beta: 0.22, simulation: 414"
[1] "no_corr"
[1] "pc_exp"
[1] "pc_sqexp"
[1] "n sub: 30, n images per sub: 1, zero distance: 100, sigma^2: 0.5, beta: 0.22, simulation: 415"
[1] "no_corr"
[1] "pc_exp"
[1] "pc_sqexp"
[1] "n sub: 30, n images per sub: 1, zero distance: 100, sigma^2: 1, beta: 0.22, simulation: 415"
[1] "no_corr"
[1] "pc_exp"
[1] "pc_sqexp"
[1] "n sub: 30, n images per sub: 1, zero distance: 100, sigma^2: 2, beta: 0.22, simulation: 415"
[1] "no_corr"
[1] "pc_exp"
[1] "pc_sqexp"
[1] "n sub: 30, n images per sub: 1, zero distance: 100, sigma^2: 0.5, beta: 0.22, simulation: 416"
[1] "no_corr"
[1] "pc_exp"
[1] "pc_sqexp"
[1] "n sub: 30, n images per sub: 1, zero distance: 100, sigma^2: 1, beta: 0.22, simulation: 416"
[1] "no_corr"
[1] "pc_exp"
[1] "pc_sqexp"
[1] "n sub: 30, n images per sub: 1, zero distance: 100, sigma^2: 2, beta: 0.22, simulation: 416"
[1] "no_corr"
[1] "pc_exp"
[1] "pc_sqexp"
[1] "n sub: 30, n images per sub: 1, zero distance: 100, sigma^2: 0.5, beta: 0.22, simulation: 417"
[1] "no_corr"
[1] "pc_exp"
[1] "pc_sqexp"
[1] "n sub: 30, n images per sub: 1, zero distance: 100, sigma^2: 1, beta: 0.22, simulation: 417"
[1] "no_corr"
[1] "pc_exp"
[1] "pc_sqexp"
[1] "n sub: 30, n images per sub: 1, zero distance: 100, sigma^2: 2, beta: 0.22, simulation: 417"
[1] "no_corr"
[1] "pc_exp"
[1] "pc_sqexp"
[1] "n sub: 30, n images per sub: 1, zero distance: 100, sigma^2: 0.5, beta: 0.22, simulation: 418"
[1] "no_corr"
[1] "pc_exp"
[1] "pc_sqexp"
[1] "n sub: 30, n images per sub: 1, zero distance: 100, sigma^2: 1, beta: 0.22, simulation: 418"
[1] "no_corr"
[1] "pc_exp"
[1] "pc_sqexp"
[1] "n sub: 30, n images per sub: 1, zero distance: 100, sigma^2: 2, beta: 0.22, simulation: 418"
[1] "no_corr"
[1] "pc_exp"
[1] "pc_sqexp"
[1] "n sub: 30, n images per sub: 1, zero distance: 100, sigma^2: 0.5, beta: 0.22, simulation: 419"
[1] "no_corr"
[1] "pc_exp"
[1] "pc_sqexp"
[1] "n sub: 30, n images per sub: 1, zero distance: 100, sigma^2: 1, beta: 0.22, simulation: 419"
[1] "no_corr"
[1] "pc_exp"
[1] "pc_sqexp"
[1] "n sub: 30, n images per sub: 1, zero distance: 100, sigma^2: 2, beta: 0.22, simulation: 419"
[1] "no_corr"
[1] "pc_exp"
[1] "pc_sqexp"
[1] "n sub: 30, n images per sub: 1, zero distance: 100, sigma^2: 0.5, beta: 0.22, simulation: 420"
[1] "no_corr"
[1] "pc_exp"
[1] "pc_sqexp"
[1] "n sub: 30, n images per sub: 1, zero distance: 100, sigma^2: 1, beta: 0.22, simulation: 420"
[1] "no_corr"
[1] "pc_exp"
[1] "pc_sqexp"
[1] "n sub: 30, n images per sub: 1, zero distance: 100, sigma^2: 2, beta: 0.22, simulation: 420"
[1] "no_corr"
[1] "pc_exp"
[1] "pc_sqexp"
[1] "n sub: 30, n images per sub: 1, zero distance: 100, sigma^2: 0.5, beta: 0.22, simulation: 421"
[1] "no_corr"
[1] "pc_exp"
[1] "pc_sqexp"
[1] "n sub: 30, n images per sub: 1, zero distance: 100, sigma^2: 1, beta: 0.22, simulation: 421"
[1] "no_corr"
[1] "pc_exp"
[1] "pc_sqexp"
[1] "n sub: 30, n images per sub: 1, zero distance: 100, sigma^2: 2, beta: 0.22, simulation: 421"
[1] "no_corr"
[1] "pc_exp"
[1] "pc_sqexp"
[1] "n sub: 30, n images per sub: 1, zero distance: 100, sigma^2: 0.5, beta: 0.22, simulation: 422"
[1] "no_corr"
[1] "pc_exp"
[1] "pc_sqexp"
[1] "n sub: 30, n images per sub: 1, zero distance: 100, sigma^2: 1, beta: 0.22, simulation: 422"
[1] "no_corr"
[1] "pc_exp"
[1] "pc_sqexp"
[1] "n sub: 30, n images per sub: 1, zero distance: 100, sigma^2: 2, beta: 0.22, simulation: 422"
[1] "no_corr"
[1] "pc_exp"
[1] "pc_sqexp"
[1] "n sub: 30, n images per sub: 1, zero distance: 100, sigma^2: 0.5, beta: 0.22, simulation: 423"
[1] "no_corr"
[1] "pc_exp"
[1] "pc_sqexp"
[1] "n sub: 30, n images per sub: 1, zero distance: 100, sigma^2: 2, beta: 0.22, simulation: 423"
[1] "no_corr"
[1] "pc_exp"
[1] "pc_sqexp"
[1] "n sub: 30, n images per sub: 1, zero distance: 100, sigma^2: 1, beta: 0.22, simulation: 423"
[1] "no_corr"
[1] "pc_exp"
[1] "pc_sqexp"
[1] "n sub: 30, n images per sub: 1, zero distance: 100, sigma^2: 0.5, beta: 0.22, simulation: 424"
[1] "no_corr"
[1] "pc_exp"
[1] "pc_sqexp"
[1] "n sub: 30, n images per sub: 1, zero distance: 100, sigma^2: 2, beta: 0.22, simulation: 424"
[1] "no_corr"
[1] "pc_exp"
[1] "pc_sqexp"
[1] "n sub: 30, n images per sub: 1, zero distance: 100, sigma^2: 1, beta: 0.22, simulation: 424"
[1] "no_corr"
[1] "pc_exp"
[1] "pc_sqexp"
[1] "n sub: 30, n images per sub: 1, zero distance: 100, sigma^2: 0.5, beta: 0.22, simulation: 425"
[1] "no_corr"
[1] "pc_exp"
[1] "pc_sqexp"
[1] "n sub: 30, n images per sub: 1, zero distance: 100, sigma^2: 2, beta: 0.22, simulation: 425"
[1] "no_corr"
[1] "pc_exp"
[1] "pc_sqexp"
[1] "n sub: 30, n images per sub: 1, zero distance: 100, sigma^2: 1, beta: 0.22, simulation: 425"
[1] "no_corr"
[1] "pc_exp"
[1] "pc_sqexp"
[1] "n sub: 30, n images per sub: 1, zero distance: 100, sigma^2: 0.5, beta: 0.22, simulation: 426"
[1] "no_corr"
[1] "pc_exp"
[1] "pc_sqexp"
[1] "n sub: 30, n images per sub: 1, zero distance: 100, sigma^2: 2, beta: 0.22, simulation: 426"
[1] "no_corr"
[1] "pc_exp"
[1] "pc_sqexp"
[1] "n sub: 30, n images per sub: 1, zero distance: 100, sigma^2: 1, beta: 0.22, simulation: 426"
[1] "no_corr"
[1] "pc_exp"
[1] "pc_sqexp"
[1] "n sub: 30, n images per sub: 1, zero distance: 100, sigma^2: 0.5, beta: 0.22, simulation: 427"
[1] "no_corr"
[1] "pc_exp"
[1] "pc_sqexp"
[1] "n sub: 30, n images per sub: 1, zero distance: 100, sigma^2: 2, beta: 0.22, simulation: 427"
[1] "no_corr"
[1] "pc_exp"
[1] "pc_sqexp"
[1] "n sub: 30, n images per sub: 1, zero distance: 100, sigma^2: 1, beta: 0.22, simulation: 427"
[1] "no_corr"
[1] "pc_exp"
[1] "pc_sqexp"
[1] "n sub: 30, n images per sub: 1, zero distance: 100, sigma^2: 0.5, beta: 0.22, simulation: 428"
[1] "no_corr"
[1] "pc_exp"
[1] "pc_sqexp"
[1] "n sub: 30, n images per sub: 1, zero distance: 100, sigma^2: 2, beta: 0.22, simulation: 428"
[1] "no_corr"
[1] "pc_exp"
[1] "pc_sqexp"
[1] "n sub: 30, n images per sub: 1, zero distance: 100, sigma^2: 1, beta: 0.22, simulation: 428"
[1] "no_corr"
[1] "pc_exp"
[1] "pc_sqexp"
[1] "n sub: 30, n images per sub: 1, zero distance: 100, sigma^2: 0.5, beta: 0.22, simulation: 429"
[1] "no_corr"
[1] "pc_exp"
[1] "pc_sqexp"
[1] "n sub: 30, n images per sub: 1, zero distance: 100, sigma^2: 2, beta: 0.22, simulation: 429"
[1] "no_corr"
[1] "pc_exp"
[1] "pc_sqexp"
[1] "n sub: 30, n images per sub: 1, zero distance: 100, sigma^2: 1, beta: 0.22, simulation: 429"
[1] "no_corr"
[1] "pc_exp"
[1] "pc_sqexp"
[1] "n sub: 30, n images per sub: 1, zero distance: 100, sigma^2: 0.5, beta: 0.22, simulation: 430"
[1] "no_corr"
[1] "pc_exp"
[1] "pc_sqexp"
[1] "n sub: 30, n images per sub: 1, zero distance: 100, sigma^2: 2, beta: 0.22, simulation: 430"
[1] "no_corr"
[1] "pc_exp"
[1] "pc_sqexp"
[1] "n sub: 30, n images per sub: 1, zero distance: 100, sigma^2: 1, beta: 0.22, simulation: 430"
[1] "no_corr"
[1] "pc_exp"
[1] "pc_sqexp"
[1] "n sub: 30, n images per sub: 1, zero distance: 100, sigma^2: 0.5, beta: 0.22, simulation: 431"
[1] "no_corr"
[1] "pc_exp"
[1] "pc_sqexp"
[1] "n sub: 30, n images per sub: 1, zero distance: 100, sigma^2: 2, beta: 0.22, simulation: 431"
[1] "no_corr"
[1] "pc_exp"
[1] "pc_sqexp"
[1] "n sub: 30, n images per sub: 1, zero distance: 100, sigma^2: 1, beta: 0.22, simulation: 431"
[1] "no_corr"
[1] "pc_exp"
[1] "pc_sqexp"
[1] "n sub: 30, n images per sub: 1, zero distance: 100, sigma^2: 0.5, beta: 0.22, simulation: 432"
[1] "no_corr"
[1] "pc_exp"
[1] "pc_sqexp"
[1] "n sub: 30, n images per sub: 1, zero distance: 100, sigma^2: 2, beta: 0.22, simulation: 432"
[1] "no_corr"
[1] "pc_exp"
[1] "pc_sqexp"
[1] "n sub: 30, n images per sub: 1, zero distance: 100, sigma^2: 1, beta: 0.22, simulation: 432"
[1] "no_corr"
[1] "pc_exp"
[1] "pc_sqexp"
[1] "n sub: 30, n images per sub: 1, zero distance: 100, sigma^2: 0.5, beta: 0.22, simulation: 433"
[1] "no_corr"
[1] "pc_exp"
[1] "pc_sqexp"
[1] "n sub: 30, n images per sub: 1, zero distance: 100, sigma^2: 2, beta: 0.22, simulation: 433"
[1] "no_corr"
[1] "pc_exp"
[1] "pc_sqexp"
[1] "n sub: 30, n images per sub: 1, zero distance: 100, sigma^2: 1, beta: 0.22, simulation: 433"
[1] "no_corr"
[1] "pc_exp"
[1] "pc_sqexp"
[1] "n sub: 30, n images per sub: 1, zero distance: 100, sigma^2: 0.5, beta: 0.22, simulation: 434"
[1] "no_corr"
[1] "pc_exp"
[1] "pc_sqexp"
[1] "n sub: 30, n images per sub: 1, zero distance: 100, sigma^2: 2, beta: 0.22, simulation: 434"
[1] "no_corr"
[1] "pc_exp"
[1] "pc_sqexp"
[1] "n sub: 30, n images per sub: 1, zero distance: 100, sigma^2: 1, beta: 0.22, simulation: 434"
[1] "no_corr"
[1] "pc_exp"
[1] "pc_sqexp"
[1] "n sub: 30, n images per sub: 1, zero distance: 100, sigma^2: 0.5, beta: 0.22, simulation: 435"
[1] "no_corr"
[1] "pc_exp"
[1] "pc_sqexp"
[1] "n sub: 30, n images per sub: 1, zero distance: 100, sigma^2: 2, beta: 0.22, simulation: 435"
[1] "no_corr"
[1] "pc_exp"
[1] "pc_sqexp"
[1] "n sub: 30, n images per sub: 1, zero distance: 100, sigma^2: 1, beta: 0.22, simulation: 435"
[1] "no_corr"
[1] "pc_exp"
[1] "pc_sqexp"
[1] "n sub: 30, n images per sub: 1, zero distance: 100, sigma^2: 0.5, beta: 0.22, simulation: 436"
[1] "no_corr"
[1] "pc_exp"
[1] "pc_sqexp"
[1] "n sub: 30, n images per sub: 1, zero distance: 100, sigma^2: 2, beta: 0.22, simulation: 436"
[1] "no_corr"
[1] "pc_exp"
[1] "pc_sqexp"
[1] "n sub: 30, n images per sub: 1, zero distance: 100, sigma^2: 1, beta: 0.22, simulation: 436"
[1] "no_corr"
[1] "pc_exp"
[1] "pc_sqexp"
[1] "n sub: 30, n images per sub: 1, zero distance: 100, sigma^2: 0.5, beta: 0.22, simulation: 437"
[1] "no_corr"
[1] "pc_exp"
[1] "pc_sqexp"
[1] "n sub: 30, n images per sub: 1, zero distance: 100, sigma^2: 2, beta: 0.22, simulation: 437"
[1] "no_corr"
[1] "pc_exp"
[1] "pc_sqexp"
[1] "n sub: 30, n images per sub: 1, zero distance: 100, sigma^2: 1, beta: 0.22, simulation: 437"
[1] "no_corr"
[1] "pc_exp"
[1] "pc_sqexp"
[1] "n sub: 30, n images per sub: 1, zero distance: 100, sigma^2: 0.5, beta: 0.22, simulation: 438"
[1] "no_corr"
[1] "pc_exp"
[1] "pc_sqexp"
[1] "n sub: 30, n images per sub: 1, zero distance: 100, sigma^2: 2, beta: 0.22, simulation: 438"
[1] "no_corr"
[1] "pc_exp"
[1] "pc_sqexp"
[1] "n sub: 30, n images per sub: 1, zero distance: 100, sigma^2: 1, beta: 0.22, simulation: 438"
[1] "no_corr"
[1] "pc_exp"
[1] "pc_sqexp"
[1] "n sub: 30, n images per sub: 1, zero distance: 100, sigma^2: 0.5, beta: 0.22, simulation: 439"
[1] "no_corr"
[1] "pc_exp"
[1] "pc_sqexp"
[1] "n sub: 30, n images per sub: 1, zero distance: 100, sigma^2: 2, beta: 0.22, simulation: 439"
[1] "no_corr"
[1] "pc_exp"
[1] "pc_sqexp"
[1] "n sub: 30, n images per sub: 1, zero distance: 100, sigma^2: 1, beta: 0.22, simulation: 439"
[1] "no_corr"
[1] "pc_exp"
[1] "pc_sqexp"
[1] "n sub: 30, n images per sub: 1, zero distance: 100, sigma^2: 0.5, beta: 0.22, simulation: 440"
[1] "no_corr"
[1] "pc_exp"
[1] "pc_sqexp"
[1] "n sub: 30, n images per sub: 1, zero distance: 100, sigma^2: 2, beta: 0.22, simulation: 440"
[1] "no_corr"
[1] "pc_exp"
[1] "pc_sqexp"
[1] "n sub: 30, n images per sub: 1, zero distance: 100, sigma^2: 1, beta: 0.22, simulation: 440"
[1] "no_corr"
[1] "pc_exp"
[1] "pc_sqexp"
[1] "n sub: 30, n images per sub: 1, zero distance: 100, sigma^2: 0.5, beta: 0.22, simulation: 441"
[1] "no_corr"
[1] "pc_exp"
[1] "pc_sqexp"
[1] "n sub: 30, n images per sub: 1, zero distance: 100, sigma^2: 2, beta: 0.22, simulation: 441"
[1] "no_corr"
[1] "pc_exp"
[1] "pc_sqexp"
[1] "n sub: 30, n images per sub: 1, zero distance: 100, sigma^2: 1, beta: 0.22, simulation: 441"
[1] "no_corr"
[1] "pc_exp"
[1] "pc_sqexp"
[1] "n sub: 30, n images per sub: 1, zero distance: 100, sigma^2: 0.5, beta: 0.22, simulation: 442"
[1] "no_corr"
[1] "pc_exp"
[1] "pc_sqexp"
[1] "n sub: 30, n images per sub: 1, zero distance: 100, sigma^2: 2, beta: 0.22, simulation: 442"
[1] "no_corr"
[1] "pc_exp"
[1] "pc_sqexp"
[1] "n sub: 30, n images per sub: 1, zero distance: 100, sigma^2: 1, beta: 0.22, simulation: 442"
[1] "no_corr"
[1] "pc_exp"
[1] "pc_sqexp"
[1] "n sub: 30, n images per sub: 1, zero distance: 100, sigma^2: 0.5, beta: 0.22, simulation: 443"
[1] "no_corr"
[1] "pc_exp"
[1] "pc_sqexp"
[1] "n sub: 30, n images per sub: 1, zero distance: 100, sigma^2: 2, beta: 0.22, simulation: 443"
[1] "no_corr"
[1] "pc_exp"
[1] "pc_sqexp"
[1] "n sub: 30, n images per sub: 1, zero distance: 100, sigma^2: 1, beta: 0.22, simulation: 443"
[1] "no_corr"
[1] "pc_exp"
[1] "pc_sqexp"
[1] "n sub: 30, n images per sub: 1, zero distance: 100, sigma^2: 0.5, beta: 0.22, simulation: 444"
[1] "no_corr"
[1] "pc_exp"
[1] "pc_sqexp"
[1] "n sub: 30, n images per sub: 1, zero distance: 100, sigma^2: 2, beta: 0.22, simulation: 444"
[1] "no_corr"
[1] "pc_exp"
[1] "pc_sqexp"
[1] "n sub: 30, n images per sub: 1, zero distance: 100, sigma^2: 1, beta: 0.22, simulation: 444"
[1] "no_corr"
[1] "pc_exp"
[1] "pc_sqexp"
[1] "n sub: 30, n images per sub: 1, zero distance: 100, sigma^2: 0.5, beta: 0.22, simulation: 445"
[1] "no_corr"
[1] "pc_exp"
[1] "pc_sqexp"
[1] "n sub: 30, n images per sub: 1, zero distance: 100, sigma^2: 2, beta: 0.22, simulation: 445"
[1] "no_corr"
[1] "pc_exp"
[1] "pc_sqexp"
[1] "n sub: 30, n images per sub: 1, zero distance: 100, sigma^2: 1, beta: 0.22, simulation: 445"
[1] "no_corr"
[1] "pc_exp"
[1] "pc_sqexp"
[1] "n sub: 30, n images per sub: 1, zero distance: 100, sigma^2: 0.5, beta: 0.22, simulation: 446"
[1] "no_corr"
[1] "pc_exp"
[1] "pc_sqexp"
[1] "n sub: 30, n images per sub: 1, zero distance: 100, sigma^2: 2, beta: 0.22, simulation: 446"
[1] "no_corr"
[1] "pc_exp"
[1] "pc_sqexp"
[1] "n sub: 30, n images per sub: 1, zero distance: 100, sigma^2: 1, beta: 0.22, simulation: 446"
[1] "no_corr"
[1] "pc_exp"
[1] "pc_sqexp"
[1] "n sub: 30, n images per sub: 1, zero distance: 100, sigma^2: 0.5, beta: 0.22, simulation: 447"
[1] "no_corr"
[1] "pc_exp"
[1] "pc_sqexp"
[1] "n sub: 30, n images per sub: 1, zero distance: 100, sigma^2: 2, beta: 0.22, simulation: 447"
[1] "no_corr"
[1] "pc_exp"
[1] "pc_sqexp"
[1] "n sub: 30, n images per sub: 1, zero distance: 100, sigma^2: 1, beta: 0.22, simulation: 447"
[1] "no_corr"
[1] "pc_exp"
[1] "pc_sqexp"
[1] "n sub: 30, n images per sub: 1, zero distance: 100, sigma^2: 0.5, beta: 0.22, simulation: 448"
[1] "no_corr"
[1] "pc_exp"
[1] "pc_sqexp"
[1] "n sub: 30, n images per sub: 1, zero distance: 100, sigma^2: 2, beta: 0.22, simulation: 448"
[1] "no_corr"
[1] "pc_exp"
[1] "pc_sqexp"
[1] "n sub: 30, n images per sub: 1, zero distance: 100, sigma^2: 1, beta: 0.22, simulation: 448"
[1] "no_corr"
[1] "pc_exp"
[1] "pc_sqexp"
[1] "n sub: 30, n images per sub: 1, zero distance: 100, sigma^2: 0.5, beta: 0.22, simulation: 449"
[1] "no_corr"
[1] "pc_exp"
[1] "pc_sqexp"
[1] "n sub: 30, n images per sub: 1, zero distance: 100, sigma^2: 2, beta: 0.22, simulation: 449"
[1] "no_corr"
[1] "pc_exp"
[1] "pc_sqexp"
[1] "n sub: 30, n images per sub: 1, zero distance: 100, sigma^2: 1, beta: 0.22, simulation: 449"
[1] "no_corr"
[1] "pc_exp"
[1] "pc_sqexp"
[1] "n sub: 30, n images per sub: 1, zero distance: 100, sigma^2: 0.5, beta: 0.22, simulation: 450"
[1] "no_corr"
[1] "pc_exp"
[1] "pc_sqexp"
[1] "n sub: 30, n images per sub: 1, zero distance: 100, sigma^2: 2, beta: 0.22, simulation: 450"
[1] "no_corr"
[1] "pc_exp"
[1] "pc_sqexp"
[1] "n sub: 30, n images per sub: 1, zero distance: 100, sigma^2: 1, beta: 0.22, simulation: 450"
[1] "no_corr"
[1] "pc_exp"
[1] "pc_sqexp"
[1] "n sub: 30, n images per sub: 1, zero distance: 100, sigma^2: 0.5, beta: 0.22, simulation: 451"
[1] "no_corr"
[1] "pc_exp"
[1] "pc_sqexp"
[1] "n sub: 30, n images per sub: 1, zero distance: 100, sigma^2: 2, beta: 0.22, simulation: 451"
[1] "no_corr"
[1] "pc_exp"
[1] "pc_sqexp"
[1] "n sub: 30, n images per sub: 1, zero distance: 100, sigma^2: 1, beta: 0.22, simulation: 451"
[1] "no_corr"
[1] "pc_exp"
[1] "pc_sqexp"
[1] "n sub: 30, n images per sub: 1, zero distance: 100, sigma^2: 0.5, beta: 0.22, simulation: 452"
[1] "no_corr"
[1] "pc_exp"
[1] "pc_sqexp"
[1] "n sub: 30, n images per sub: 1, zero distance: 100, sigma^2: 2, beta: 0.22, simulation: 452"
[1] "no_corr"
[1] "pc_exp"
[1] "pc_sqexp"
[1] "n sub: 30, n images per sub: 1, zero distance: 100, sigma^2: 1, beta: 0.22, simulation: 452"
[1] "no_corr"
[1] "pc_exp"
[1] "pc_sqexp"
[1] "n sub: 30, n images per sub: 1, zero distance: 100, sigma^2: 0.5, beta: 0.22, simulation: 453"
[1] "no_corr"
[1] "pc_exp"
[1] "pc_sqexp"
[1] "n sub: 30, n images per sub: 1, zero distance: 100, sigma^2: 2, beta: 0.22, simulation: 453"
[1] "no_corr"
[1] "pc_exp"
[1] "pc_sqexp"
[1] "n sub: 30, n images per sub: 1, zero distance: 100, sigma^2: 1, beta: 0.22, simulation: 453"
[1] "no_corr"
[1] "pc_exp"
[1] "pc_sqexp"
[1] "n sub: 30, n images per sub: 1, zero distance: 100, sigma^2: 0.5, beta: 0.22, simulation: 454"
[1] "no_corr"
[1] "pc_exp"
[1] "pc_sqexp"
[1] "n sub: 30, n images per sub: 1, zero distance: 100, sigma^2: 1, beta: 0.22, simulation: 454"
[1] "no_corr"
[1] "pc_exp"
[1] "pc_sqexp"
[1] "n sub: 30, n images per sub: 1, zero distance: 100, sigma^2: 2, beta: 0.22, simulation: 454"
[1] "no_corr"
[1] "pc_exp"
[1] "pc_sqexp"
[1] "n sub: 30, n images per sub: 1, zero distance: 100, sigma^2: 0.5, beta: 0.22, simulation: 455"
[1] "no_corr"
[1] "pc_exp"
[1] "pc_sqexp"
[1] "n sub: 30, n images per sub: 1, zero distance: 100, sigma^2: 1, beta: 0.22, simulation: 455"
[1] "no_corr"
[1] "pc_exp"
[1] "pc_sqexp"
[1] "n sub: 30, n images per sub: 1, zero distance: 100, sigma^2: 2, beta: 0.22, simulation: 455"
[1] "no_corr"
[1] "pc_exp"
[1] "pc_sqexp"
[1] "n sub: 30, n images per sub: 1, zero distance: 100, sigma^2: 0.5, beta: 0.22, simulation: 456"
[1] "no_corr"
[1] "pc_exp"
[1] "pc_sqexp"
[1] "n sub: 30, n images per sub: 1, zero distance: 100, sigma^2: 1, beta: 0.22, simulation: 456"
[1] "no_corr"
[1] "pc_exp"
[1] "pc_sqexp"
[1] "n sub: 30, n images per sub: 1, zero distance: 100, sigma^2: 2, beta: 0.22, simulation: 456"
[1] "no_corr"
[1] "pc_exp"
[1] "pc_sqexp"
[1] "n sub: 30, n images per sub: 1, zero distance: 100, sigma^2: 1, beta: 0.22, simulation: 457"
[1] "no_corr"
[1] "pc_exp"
[1] "pc_sqexp"
[1] "n sub: 30, n images per sub: 1, zero distance: 100, sigma^2: 0.5, beta: 0.22, simulation: 457"
[1] "no_corr"
[1] "pc_exp"
[1] "pc_sqexp"
[1] "n sub: 30, n images per sub: 1, zero distance: 100, sigma^2: 2, beta: 0.22, simulation: 457"
[1] "no_corr"
[1] "pc_exp"
[1] "pc_sqexp"
[1] "n sub: 30, n images per sub: 1, zero distance: 100, sigma^2: 1, beta: 0.22, simulation: 458"
[1] "no_corr"
[1] "pc_exp"
[1] "pc_sqexp"
[1] "n sub: 30, n images per sub: 1, zero distance: 100, sigma^2: 0.5, beta: 0.22, simulation: 458"
[1] "no_corr"
[1] "pc_exp"
[1] "pc_sqexp"
[1] "n sub: 30, n images per sub: 1, zero distance: 100, sigma^2: 2, beta: 0.22, simulation: 458"
[1] "no_corr"
[1] "pc_exp"
[1] "pc_sqexp"
[1] "n sub: 30, n images per sub: 1, zero distance: 100, sigma^2: 1, beta: 0.22, simulation: 459"
[1] "no_corr"
[1] "pc_exp"
[1] "pc_sqexp"
[1] "n sub: 30, n images per sub: 1, zero distance: 100, sigma^2: 0.5, beta: 0.22, simulation: 459"
[1] "no_corr"
[1] "pc_exp"
[1] "pc_sqexp"
[1] "n sub: 30, n images per sub: 1, zero distance: 100, sigma^2: 2, beta: 0.22, simulation: 459"
[1] "no_corr"
[1] "pc_exp"
[1] "pc_sqexp"
[1] "n sub: 30, n images per sub: 1, zero distance: 100, sigma^2: 1, beta: 0.22, simulation: 460"
[1] "no_corr"
[1] "pc_exp"
[1] "pc_sqexp"
[1] "n sub: 30, n images per sub: 1, zero distance: 100, sigma^2: 0.5, beta: 0.22, simulation: 460"
[1] "no_corr"
[1] "pc_exp"
[1] "pc_sqexp"
[1] "n sub: 30, n images per sub: 1, zero distance: 100, sigma^2: 2, beta: 0.22, simulation: 460"
[1] "no_corr"
[1] "pc_exp"
[1] "pc_sqexp"
[1] "n sub: 30, n images per sub: 1, zero distance: 100, sigma^2: 1, beta: 0.22, simulation: 461"
[1] "no_corr"
[1] "pc_exp"
[1] "pc_sqexp"
[1] "n sub: 30, n images per sub: 1, zero distance: 100, sigma^2: 0.5, beta: 0.22, simulation: 461"
[1] "no_corr"
[1] "pc_exp"
[1] "pc_sqexp"
[1] "n sub: 30, n images per sub: 1, zero distance: 100, sigma^2: 2, beta: 0.22, simulation: 461"
[1] "no_corr"
[1] "pc_exp"
[1] "pc_sqexp"
[1] "n sub: 30, n images per sub: 1, zero distance: 100, sigma^2: 1, beta: 0.22, simulation: 462"
[1] "no_corr"
[1] "pc_exp"
[1] "pc_sqexp"
[1] "n sub: 30, n images per sub: 1, zero distance: 100, sigma^2: 0.5, beta: 0.22, simulation: 462"
[1] "no_corr"
[1] "pc_exp"
[1] "pc_sqexp"
[1] "n sub: 30, n images per sub: 1, zero distance: 100, sigma^2: 2, beta: 0.22, simulation: 462"
[1] "no_corr"
[1] "pc_exp"
[1] "pc_sqexp"
[1] "n sub: 30, n images per sub: 1, zero distance: 100, sigma^2: 1, beta: 0.22, simulation: 463"
[1] "no_corr"
[1] "pc_exp"
[1] "pc_sqexp"
[1] "n sub: 30, n images per sub: 1, zero distance: 100, sigma^2: 0.5, beta: 0.22, simulation: 463"
[1] "no_corr"
[1] "pc_exp"
[1] "pc_sqexp"
[1] "n sub: 30, n images per sub: 1, zero distance: 100, sigma^2: 2, beta: 0.22, simulation: 463"
[1] "no_corr"
[1] "pc_exp"
[1] "pc_sqexp"
[1] "n sub: 30, n images per sub: 1, zero distance: 100, sigma^2: 1, beta: 0.22, simulation: 464"
[1] "no_corr"
[1] "pc_exp"
[1] "pc_sqexp"
[1] "n sub: 30, n images per sub: 1, zero distance: 100, sigma^2: 0.5, beta: 0.22, simulation: 464"
[1] "no_corr"
[1] "pc_exp"
[1] "pc_sqexp"
[1] "n sub: 30, n images per sub: 1, zero distance: 100, sigma^2: 2, beta: 0.22, simulation: 464"
[1] "no_corr"
[1] "pc_exp"
[1] "pc_sqexp"
[1] "n sub: 30, n images per sub: 1, zero distance: 100, sigma^2: 1, beta: 0.22, simulation: 465"
[1] "no_corr"
[1] "pc_exp"
[1] "pc_sqexp"
[1] "n sub: 30, n images per sub: 1, zero distance: 100, sigma^2: 0.5, beta: 0.22, simulation: 465"
[1] "no_corr"
[1] "pc_exp"
[1] "pc_sqexp"
[1] "n sub: 30, n images per sub: 1, zero distance: 100, sigma^2: 2, beta: 0.22, simulation: 465"
[1] "no_corr"
[1] "pc_exp"
[1] "pc_sqexp"
[1] "n sub: 30, n images per sub: 1, zero distance: 100, sigma^2: 1, beta: 0.22, simulation: 466"
[1] "no_corr"
[1] "pc_exp"
[1] "pc_sqexp"
[1] "n sub: 30, n images per sub: 1, zero distance: 100, sigma^2: 0.5, beta: 0.22, simulation: 466"
[1] "no_corr"
[1] "pc_exp"
[1] "pc_sqexp"
[1] "n sub: 30, n images per sub: 1, zero distance: 100, sigma^2: 2, beta: 0.22, simulation: 466"
[1] "no_corr"
[1] "pc_exp"
[1] "pc_sqexp"
[1] "n sub: 30, n images per sub: 1, zero distance: 100, sigma^2: 1, beta: 0.22, simulation: 467"
[1] "no_corr"
[1] "pc_exp"
[1] "pc_sqexp"
[1] "n sub: 30, n images per sub: 1, zero distance: 100, sigma^2: 0.5, beta: 0.22, simulation: 467"
[1] "no_corr"
[1] "pc_exp"
[1] "pc_sqexp"
