 [1] 12097 12098 12099 12100 12101 12102 12103 12104 12105 12106 12107 12108
[13] 12109 12110 12111 12112 12113 12114 12115 12116 12117 12118 12119 12120
[25] 12121 12122 12123 12124 12125 12126 12127 12128 12129 12130 12131 12132
[37] 12133 12134 12135 12136 12137 12138 12139 12140 12141 12142 12143 12144
[49] 12145 12146 12147 12148 12149 12150
[1] "n sub: 30, n images per sub: 5, sigma^2: 0.5, beta: 0, simulation: 33"
[1] "n sub: 30, n images per sub: 5, sigma^2: 1, beta: 0, simulation: 33"
[1] "n sub: 30, n images per sub: 5, sigma^2: 2, beta: 0, simulation: 33"
[1] "n sub: 30, n images per sub: 5, sigma^2: 0.5, beta: 0, simulation: 34"
[1] "n sub: 30, n images per sub: 5, sigma^2: 2, beta: 0, simulation: 34"
[1] "n sub: 30, n images per sub: 5, sigma^2: 1, beta: 0, simulation: 34"
[1] "n sub: 30, n images per sub: 5, sigma^2: 0.5, beta: 0, simulation: 35"
[1] "n sub: 30, n images per sub: 5, sigma^2: 1, beta: 0, simulation: 35"
[1] "n sub: 30, n images per sub: 5, sigma^2: 2, beta: 0, simulation: 35"
[1] "n sub: 30, n images per sub: 5, sigma^2: 0.5, beta: 0, simulation: 36"
[1] "n sub: 30, n images per sub: 5, sigma^2: 1, beta: 0, simulation: 36"
[1] "n sub: 30, n images per sub: 5, sigma^2: 2, beta: 0, simulation: 36"
[1] "n sub: 30, n images per sub: 5, sigma^2: 0.5, beta: 0, simulation: 37"
[1] "n sub: 30, n images per sub: 5, sigma^2: 1, beta: 0, simulation: 37"
[1] "n sub: 30, n images per sub: 5, sigma^2: 2, beta: 0, simulation: 37"
[1] "n sub: 30, n images per sub: 5, sigma^2: 0.5, beta: 0, simulation: 38"
[1] "n sub: 30, n images per sub: 5, sigma^2: 1, beta: 0, simulation: 38"
[1] "n sub: 30, n images per sub: 5, sigma^2: 2, beta: 0, simulation: 38"
[1] "n sub: 30, n images per sub: 5, sigma^2: 0.5, beta: 0, simulation: 39"
[1] "n sub: 30, n images per sub: 5, sigma^2: 1, beta: 0, simulation: 39"
[1] "n sub: 30, n images per sub: 5, sigma^2: 2, beta: 0, simulation: 39"
[1] "n sub: 30, n images per sub: 5, sigma^2: 0.5, beta: 0, simulation: 40"
[1] "n sub: 30, n images per sub: 5, sigma^2: 2, beta: 0, simulation: 40"
[1] "n sub: 30, n images per sub: 5, sigma^2: 1, beta: 0, simulation: 40"
[1] "n sub: 30, n images per sub: 5, sigma^2: 0.5, beta: 0, simulation: 41"
[1] "n sub: 30, n images per sub: 5, sigma^2: 2, beta: 0, simulation: 41"
[1] "n sub: 30, n images per sub: 5, sigma^2: 1, beta: 0, simulation: 41"
[1] "n sub: 30, n images per sub: 5, sigma^2: 0.5, beta: 0, simulation: 42"
[1] "n sub: 30, n images per sub: 5, sigma^2: 2, beta: 0, simulation: 42"
[1] "n sub: 30, n images per sub: 5, sigma^2: 1, beta: 0, simulation: 42"
[1] "n sub: 30, n images per sub: 5, sigma^2: 0.5, beta: 0, simulation: 43"
[1] "n sub: 30, n images per sub: 5, sigma^2: 2, beta: 0, simulation: 43"
[1] "n sub: 30, n images per sub: 5, sigma^2: 1, beta: 0, simulation: 43"
[1] "n sub: 30, n images per sub: 5, sigma^2: 0.5, beta: 0, simulation: 44"
[1] "n sub: 30, n images per sub: 5, sigma^2: 2, beta: 0, simulation: 44"
[1] "n sub: 30, n images per sub: 5, sigma^2: 1, beta: 0, simulation: 44"
[1] "n sub: 30, n images per sub: 5, sigma^2: 0.5, beta: 0, simulation: 45"
[1] "n sub: 30, n images per sub: 5, sigma^2: 2, beta: 0, simulation: 45"
[1] "n sub: 30, n images per sub: 5, sigma^2: 1, beta: 0, simulation: 45"
[1] "n sub: 30, n images per sub: 5, sigma^2: 0.5, beta: 0, simulation: 46"
[1] "n sub: 30, n images per sub: 5, sigma^2: 2, beta: 0, simulation: 46"
[1] "n sub: 30, n images per sub: 5, sigma^2: 1, beta: 0, simulation: 46"
[1] "n sub: 30, n images per sub: 5, sigma^2: 0.5, beta: 0, simulation: 47"
[1] "n sub: 30, n images per sub: 5, sigma^2: 2, beta: 0, simulation: 47"
[1] "n sub: 30, n images per sub: 5, sigma^2: 1, beta: 0, simulation: 47"
[1] "n sub: 30, n images per sub: 5, sigma^2: 0.5, beta: 0, simulation: 48"
[1] "n sub: 30, n images per sub: 5, sigma^2: 1, beta: 0, simulation: 48"
[1] "n sub: 30, n images per sub: 5, sigma^2: 2, beta: 0, simulation: 48"
[1] "n sub: 30, n images per sub: 5, sigma^2: 0.5, beta: 0, simulation: 49"
[1] "n sub: 30, n images per sub: 5, sigma^2: 1, beta: 0, simulation: 49"
[1] "n sub: 30, n images per sub: 5, sigma^2: 2, beta: 0, simulation: 49"
[1] "n sub: 30, n images per sub: 5, sigma^2: 0.5, beta: 0, simulation: 50"
[1] "n sub: 30, n images per sub: 5, sigma^2: 2, beta: 0, simulation: 50"
[1] "n sub: 30, n images per sub: 5, sigma^2: 1, beta: 0, simulation: 50"
