 [1] 14770 14771 14772 14773 14774 14775 14776 14777 14778 14779 14780 14781
[13] 14782 14783 14784 14785 14786 14787 14788 14789 14790 14791 14792 14793
[25] 14794 14795 14796
[1] "n sub: 50, n images per sub: 5, sigma^2: 0.5, beta: 0, simulation: 24"
[1] "n sub: 50, n images per sub: 5, sigma^2: 2, beta: 0, simulation: 24"
[1] "n sub: 50, n images per sub: 5, sigma^2: 1, beta: 0, simulation: 24"
[1] "n sub: 50, n images per sub: 5, sigma^2: 0.5, beta: 0, simulation: 25"
[1] "n sub: 50, n images per sub: 5, sigma^2: 2, beta: 0, simulation: 25"
[1] "n sub: 50, n images per sub: 5, sigma^2: 1, beta: 0, simulation: 25"
[1] "n sub: 50, n images per sub: 5, sigma^2: 0.5, beta: 0, simulation: 26"
[1] "n sub: 50, n images per sub: 5, sigma^2: 1, beta: 0, simulation: 26"
[1] "n sub: 50, n images per sub: 5, sigma^2: 2, beta: 0, simulation: 26"
[1] "n sub: 50, n images per sub: 5, sigma^2: 0.5, beta: 0, simulation: 27"
[1] "n sub: 50, n images per sub: 5, sigma^2: 1, beta: 0, simulation: 27"
[1] "n sub: 50, n images per sub: 5, sigma^2: 2, beta: 0, simulation: 27"
[1] "n sub: 50, n images per sub: 5, sigma^2: 0.5, beta: 0, simulation: 28"
[1] "n sub: 50, n images per sub: 5, sigma^2: 1, beta: 0, simulation: 28"
[1] "n sub: 50, n images per sub: 5, sigma^2: 2, beta: 0, simulation: 28"
[1] "n sub: 50, n images per sub: 5, sigma^2: 0.5, beta: 0, simulation: 29"
[1] "n sub: 50, n images per sub: 5, sigma^2: 1, beta: 0, simulation: 29"
[1] "n sub: 50, n images per sub: 5, sigma^2: 2, beta: 0, simulation: 29"
[1] "n sub: 50, n images per sub: 5, sigma^2: 0.5, beta: 0, simulation: 30"
[1] "n sub: 50, n images per sub: 5, sigma^2: 1, beta: 0, simulation: 30"
[1] "n sub: 50, n images per sub: 5, sigma^2: 2, beta: 0, simulation: 30"
[1] "n sub: 50, n images per sub: 5, sigma^2: 0.5, beta: 0, simulation: 31"
[1] "n sub: 50, n images per sub: 5, sigma^2: 1, beta: 0, simulation: 31"
[1] "n sub: 50, n images per sub: 5, sigma^2: 2, beta: 0, simulation: 31"
[1] "n sub: 50, n images per sub: 5, sigma^2: 0.5, beta: 0, simulation: 32"
[1] "n sub: 50, n images per sub: 5, sigma^2: 1, beta: 0, simulation: 32"
[1] "n sub: 50, n images per sub: 5, sigma^2: 2, beta: 0, simulation: 32"
