  [1] 7561 7562 7563 7564 7565 7566 7567 7568 7569 7570 7571 7572 7573 7574 7575
 [16] 7576 7577 7578 7579 7580 7581 7582 7583 7584 7585 7586 7587 7588 7589 7590
 [31] 7591 7592 7593 7594 7595 7596 7597 7598 7599 7600 7601 7602 7603 7604 7605
 [46] 7606 7607 7608 7609 7610 7611 7612 7613 7614 7615 7616 7617 7618 7619 7620
 [61] 7621 7622 7623 7624 7625 7626 7627 7628 7629 7630 7631 7632 7633 7634 7635
 [76] 7636 7637 7638 7639 7640 7641 7642 7643 7644 7645 7646 7647 7648 7649 7650
 [91] 7651 7652 7653 7654 7655 7656 7657 7658 7659 7660 7661 7662 7663 7664 7665
[106] 7666 7667 7668 7669 7670 7671 7672 7673 7674 7675 7676 7677 7678 7679 7680
[121] 7681 7682 7683 7684 7685 7686 7687 7688 7689 7690 7691 7692 7693 7694 7695
[1] "n sub: 50, n images per sub: 1, sigma^2: 2, beta: 0.69, simulation: 21"
[1] "n sub: 50, n images per sub: 1, sigma^2: 1, beta: 0.69, simulation: 21"
[1] "n sub: 50, n images per sub: 1, sigma^2: 0.5, beta: 0.69, simulation: 21"
[1] "n sub: 50, n images per sub: 1, sigma^2: 1, beta: 0.69, simulation: 22"
[1] "n sub: 50, n images per sub: 1, sigma^2: 2, beta: 0.69, simulation: 22"
[1] "n sub: 50, n images per sub: 1, sigma^2: 0.5, beta: 0.69, simulation: 22"
[1] "n sub: 50, n images per sub: 1, sigma^2: 2, beta: 0.69, simulation: 23"
[1] "n sub: 50, n images per sub: 1, sigma^2: 1, beta: 0.69, simulation: 23"
[1] "n sub: 50, n images per sub: 1, sigma^2: 0.5, beta: 0.69, simulation: 23"
[1] "n sub: 50, n images per sub: 1, sigma^2: 2, beta: 0.69, simulation: 24"
[1] "n sub: 50, n images per sub: 1, sigma^2: 1, beta: 0.69, simulation: 24"
[1] "n sub: 50, n images per sub: 1, sigma^2: 0.5, beta: 0.69, simulation: 24"
[1] "n sub: 50, n images per sub: 1, sigma^2: 2, beta: 0.69, simulation: 25"
[1] "n sub: 50, n images per sub: 1, sigma^2: 1, beta: 0.69, simulation: 25"
[1] "n sub: 50, n images per sub: 1, sigma^2: 0.5, beta: 0.69, simulation: 25"
[1] "n sub: 50, n images per sub: 1, sigma^2: 2, beta: 0.69, simulation: 26"
[1] "n sub: 50, n images per sub: 1, sigma^2: 1, beta: 0.69, simulation: 26"
[1] "n sub: 50, n images per sub: 1, sigma^2: 0.5, beta: 0.69, simulation: 26"
[1] "n sub: 50, n images per sub: 1, sigma^2: 2, beta: 0.69, simulation: 27"
[1] "n sub: 50, n images per sub: 1, sigma^2: 1, beta: 0.69, simulation: 27"
[1] "n sub: 50, n images per sub: 1, sigma^2: 0.5, beta: 0.69, simulation: 27"
[1] "n sub: 50, n images per sub: 1, sigma^2: 2, beta: 0.69, simulation: 28"
[1] "n sub: 50, n images per sub: 1, sigma^2: 1, beta: 0.69, simulation: 28"
[1] "n sub: 50, n images per sub: 1, sigma^2: 0.5, beta: 0.69, simulation: 28"
[1] "n sub: 50, n images per sub: 1, sigma^2: 2, beta: 0.69, simulation: 29"
[1] "n sub: 50, n images per sub: 1, sigma^2: 1, beta: 0.69, simulation: 29"
[1] "n sub: 50, n images per sub: 1, sigma^2: 0.5, beta: 0.69, simulation: 29"
[1] "n sub: 50, n images per sub: 1, sigma^2: 2, beta: 0.69, simulation: 30"
[1] "n sub: 50, n images per sub: 1, sigma^2: 1, beta: 0.69, simulation: 30"
[1] "n sub: 50, n images per sub: 1, sigma^2: 0.5, beta: 0.69, simulation: 30"
[1] "n sub: 50, n images per sub: 1, sigma^2: 2, beta: 0.69, simulation: 31"
[1] "n sub: 50, n images per sub: 1, sigma^2: 1, beta: 0.69, simulation: 31"
[1] "n sub: 50, n images per sub: 1, sigma^2: 0.5, beta: 0.69, simulation: 31"
[1] "n sub: 50, n images per sub: 1, sigma^2: 2, beta: 0.69, simulation: 32"
[1] "n sub: 50, n images per sub: 1, sigma^2: 1, beta: 0.69, simulation: 32"
[1] "n sub: 50, n images per sub: 1, sigma^2: 0.5, beta: 0.69, simulation: 32"
[1] "n sub: 50, n images per sub: 1, sigma^2: 2, beta: 0.69, simulation: 33"
[1] "n sub: 50, n images per sub: 1, sigma^2: 1, beta: 0.69, simulation: 33"
[1] "n sub: 50, n images per sub: 1, sigma^2: 0.5, beta: 0.69, simulation: 33"
[1] "n sub: 50, n images per sub: 1, sigma^2: 2, beta: 0.69, simulation: 34"
[1] "n sub: 50, n images per sub: 1, sigma^2: 1, beta: 0.69, simulation: 34"
[1] "n sub: 50, n images per sub: 1, sigma^2: 0.5, beta: 0.69, simulation: 34"
[1] "n sub: 50, n images per sub: 1, sigma^2: 2, beta: 0.69, simulation: 35"
[1] "n sub: 50, n images per sub: 1, sigma^2: 1, beta: 0.69, simulation: 35"
[1] "n sub: 50, n images per sub: 1, sigma^2: 0.5, beta: 0.69, simulation: 35"
[1] "n sub: 50, n images per sub: 1, sigma^2: 2, beta: 0.69, simulation: 36"
[1] "n sub: 50, n images per sub: 1, sigma^2: 1, beta: 0.69, simulation: 36"
[1] "n sub: 50, n images per sub: 1, sigma^2: 0.5, beta: 0.69, simulation: 36"
[1] "n sub: 50, n images per sub: 1, sigma^2: 2, beta: 0.69, simulation: 37"
[1] "n sub: 50, n images per sub: 1, sigma^2: 1, beta: 0.69, simulation: 37"
[1] "n sub: 50, n images per sub: 1, sigma^2: 0.5, beta: 0.69, simulation: 37"
[1] "n sub: 50, n images per sub: 1, sigma^2: 2, beta: 0.69, simulation: 38"
[1] "n sub: 50, n images per sub: 1, sigma^2: 1, beta: 0.69, simulation: 38"
[1] "n sub: 50, n images per sub: 1, sigma^2: 0.5, beta: 0.69, simulation: 38"
[1] "n sub: 50, n images per sub: 1, sigma^2: 2, beta: 0.69, simulation: 39"
[1] "n sub: 50, n images per sub: 1, sigma^2: 1, beta: 0.69, simulation: 39"
[1] "n sub: 50, n images per sub: 1, sigma^2: 0.5, beta: 0.69, simulation: 39"
[1] "n sub: 50, n images per sub: 1, sigma^2: 2, beta: 0.69, simulation: 40"
[1] "n sub: 50, n images per sub: 1, sigma^2: 1, beta: 0.69, simulation: 40"
[1] "n sub: 50, n images per sub: 1, sigma^2: 0.5, beta: 0.69, simulation: 40"
[1] "n sub: 50, n images per sub: 1, sigma^2: 1, beta: 0.69, simulation: 41"
[1] "n sub: 50, n images per sub: 1, sigma^2: 2, beta: 0.69, simulation: 41"
[1] "n sub: 50, n images per sub: 1, sigma^2: 0.5, beta: 0.69, simulation: 41"
[1] "n sub: 50, n images per sub: 1, sigma^2: 1, beta: 0.69, simulation: 42"
[1] "n sub: 50, n images per sub: 1, sigma^2: 2, beta: 0.69, simulation: 42"
[1] "n sub: 50, n images per sub: 1, sigma^2: 0.5, beta: 0.69, simulation: 42"
[1] "n sub: 50, n images per sub: 1, sigma^2: 2, beta: 0.69, simulation: 43"
[1] "n sub: 50, n images per sub: 1, sigma^2: 1, beta: 0.69, simulation: 43"
[1] "n sub: 50, n images per sub: 1, sigma^2: 0.5, beta: 0.69, simulation: 43"
[1] "n sub: 50, n images per sub: 1, sigma^2: 2, beta: 0.69, simulation: 44"
[1] "n sub: 50, n images per sub: 1, sigma^2: 1, beta: 0.69, simulation: 44"
[1] "n sub: 50, n images per sub: 1, sigma^2: 0.5, beta: 0.69, simulation: 44"
[1] "n sub: 50, n images per sub: 1, sigma^2: 2, beta: 0.69, simulation: 45"
[1] "n sub: 50, n images per sub: 1, sigma^2: 1, beta: 0.69, simulation: 45"
[1] "n sub: 50, n images per sub: 1, sigma^2: 0.5, beta: 0.69, simulation: 45"
[1] "n sub: 50, n images per sub: 1, sigma^2: 2, beta: 0.69, simulation: 46"
[1] "n sub: 50, n images per sub: 1, sigma^2: 1, beta: 0.69, simulation: 46"
[1] "n sub: 50, n images per sub: 1, sigma^2: 0.5, beta: 0.69, simulation: 46"
[1] "n sub: 50, n images per sub: 1, sigma^2: 2, beta: 0.69, simulation: 47"
[1] "n sub: 50, n images per sub: 1, sigma^2: 1, beta: 0.69, simulation: 47"
[1] "n sub: 50, n images per sub: 1, sigma^2: 0.5, beta: 0.69, simulation: 47"
[1] "n sub: 50, n images per sub: 1, sigma^2: 2, beta: 0.69, simulation: 48"
[1] "n sub: 50, n images per sub: 1, sigma^2: 1, beta: 0.69, simulation: 48"
[1] "n sub: 50, n images per sub: 1, sigma^2: 0.5, beta: 0.69, simulation: 48"
[1] "n sub: 50, n images per sub: 1, sigma^2: 2, beta: 0.69, simulation: 49"
[1] "n sub: 50, n images per sub: 1, sigma^2: 1, beta: 0.69, simulation: 49"
[1] "n sub: 50, n images per sub: 1, sigma^2: 0.5, beta: 0.69, simulation: 49"
[1] "n sub: 50, n images per sub: 1, sigma^2: 2, beta: 0.69, simulation: 50"
[1] "n sub: 50, n images per sub: 1, sigma^2: 1, beta: 0.69, simulation: 50"
[1] "n sub: 50, n images per sub: 1, sigma^2: 0.5, beta: 0.69, simulation: 50"
[1] "n sub: 50, n images per sub: 1, sigma^2: 2, beta: 0.69, simulation: 51"
[1] "n sub: 50, n images per sub: 1, sigma^2: 1, beta: 0.69, simulation: 51"
[1] "n sub: 50, n images per sub: 1, sigma^2: 0.5, beta: 0.69, simulation: 51"
[1] "n sub: 50, n images per sub: 1, sigma^2: 2, beta: 0.69, simulation: 52"
[1] "n sub: 50, n images per sub: 1, sigma^2: 1, beta: 0.69, simulation: 52"
[1] "n sub: 50, n images per sub: 1, sigma^2: 0.5, beta: 0.69, simulation: 52"
[1] "n sub: 50, n images per sub: 1, sigma^2: 2, beta: 0.69, simulation: 53"
[1] "n sub: 50, n images per sub: 1, sigma^2: 1, beta: 0.69, simulation: 53"
[1] "n sub: 50, n images per sub: 1, sigma^2: 0.5, beta: 0.69, simulation: 53"
[1] "n sub: 50, n images per sub: 1, sigma^2: 2, beta: 0.69, simulation: 54"
[1] "n sub: 50, n images per sub: 1, sigma^2: 1, beta: 0.69, simulation: 54"
[1] "n sub: 50, n images per sub: 1, sigma^2: 0.5, beta: 0.69, simulation: 54"
[1] "n sub: 50, n images per sub: 1, sigma^2: 2, beta: 0.69, simulation: 55"
[1] "n sub: 50, n images per sub: 1, sigma^2: 1, beta: 0.69, simulation: 55"
[1] "n sub: 50, n images per sub: 1, sigma^2: 0.5, beta: 0.69, simulation: 55"
[1] "n sub: 50, n images per sub: 1, sigma^2: 2, beta: 0.69, simulation: 56"
[1] "n sub: 50, n images per sub: 1, sigma^2: 1, beta: 0.69, simulation: 56"
[1] "n sub: 50, n images per sub: 1, sigma^2: 0.5, beta: 0.69, simulation: 56"
[1] "n sub: 50, n images per sub: 1, sigma^2: 2, beta: 0.69, simulation: 57"
[1] "n sub: 50, n images per sub: 1, sigma^2: 1, beta: 0.69, simulation: 57"
[1] "n sub: 50, n images per sub: 1, sigma^2: 0.5, beta: 0.69, simulation: 57"
[1] "n sub: 50, n images per sub: 1, sigma^2: 2, beta: 0.69, simulation: 58"
[1] "n sub: 50, n images per sub: 1, sigma^2: 1, beta: 0.69, simulation: 58"
[1] "n sub: 50, n images per sub: 1, sigma^2: 0.5, beta: 0.69, simulation: 58"
[1] "n sub: 50, n images per sub: 1, sigma^2: 2, beta: 0.69, simulation: 59"
[1] "n sub: 50, n images per sub: 1, sigma^2: 1, beta: 0.69, simulation: 59"
[1] "n sub: 50, n images per sub: 1, sigma^2: 0.5, beta: 0.69, simulation: 59"
[1] "n sub: 50, n images per sub: 1, sigma^2: 2, beta: 0.69, simulation: 60"
[1] "n sub: 50, n images per sub: 1, sigma^2: 1, beta: 0.69, simulation: 60"
[1] "n sub: 50, n images per sub: 1, sigma^2: 0.5, beta: 0.69, simulation: 60"
[1] "n sub: 50, n images per sub: 1, sigma^2: 1, beta: 0.69, simulation: 61"
[1] "n sub: 50, n images per sub: 1, sigma^2: 2, beta: 0.69, simulation: 61"
[1] "n sub: 50, n images per sub: 1, sigma^2: 0.5, beta: 0.69, simulation: 61"
[1] "n sub: 50, n images per sub: 1, sigma^2: 1, beta: 0.69, simulation: 62"
[1] "n sub: 50, n images per sub: 1, sigma^2: 2, beta: 0.69, simulation: 62"
[1] "n sub: 50, n images per sub: 1, sigma^2: 0.5, beta: 0.69, simulation: 62"
[1] "n sub: 50, n images per sub: 1, sigma^2: 2, beta: 0.69, simulation: 63"
[1] "n sub: 50, n images per sub: 1, sigma^2: 1, beta: 0.69, simulation: 63"
[1] "n sub: 50, n images per sub: 1, sigma^2: 0.5, beta: 0.69, simulation: 63"
[1] "n sub: 50, n images per sub: 1, sigma^2: 2, beta: 0.69, simulation: 64"
[1] "n sub: 50, n images per sub: 1, sigma^2: 1, beta: 0.69, simulation: 64"
[1] "n sub: 50, n images per sub: 1, sigma^2: 0.5, beta: 0.69, simulation: 64"
[1] "n sub: 50, n images per sub: 1, sigma^2: 2, beta: 0.69, simulation: 65"
[1] "n sub: 50, n images per sub: 1, sigma^2: 1, beta: 0.69, simulation: 65"
[1] "n sub: 50, n images per sub: 1, sigma^2: 0.5, beta: 0.69, simulation: 65"
