[1] "n sub: 10, n images per sub: 5, sigma^2: 2, beta: -0.22, simulation: 13"
[1] "n sub: 10, n images per sub: 5, sigma^2: 1, beta: -0.22, simulation: 13"
[1] "n sub: 10, n images per sub: 5, sigma^2: 0.5, beta: -0.22, simulation: 13"
[1] "n sub: 10, n images per sub: 5, sigma^2: 2, beta: -0.22, simulation: 14"
[1] "n sub: 10, n images per sub: 5, sigma^2: 0.5, beta: -0.22, simulation: 14"
[1] "n sub: 10, n images per sub: 5, sigma^2: 1, beta: -0.22, simulation: 14"
[1] "n sub: 10, n images per sub: 5, sigma^2: 2, beta: -0.22, simulation: 15"
[1] "n sub: 10, n images per sub: 5, sigma^2: 0.5, beta: -0.22, simulation: 15"
[1] "n sub: 10, n images per sub: 5, sigma^2: 1, beta: -0.22, simulation: 15"
[1] "n sub: 10, n images per sub: 5, sigma^2: 2, beta: -0.22, simulation: 16"
[1] "n sub: 10, n images per sub: 5, sigma^2: 0.5, beta: -0.22, simulation: 16"
[1] "n sub: 10, n images per sub: 5, sigma^2: 1, beta: -0.22, simulation: 16"
[1] "n sub: 10, n images per sub: 5, sigma^2: 2, beta: -0.22, simulation: 17"
[1] "n sub: 10, n images per sub: 5, sigma^2: 0.5, beta: -0.22, simulation: 17"
[1] "n sub: 10, n images per sub: 5, sigma^2: 1, beta: -0.22, simulation: 17"
[1] "n sub: 10, n images per sub: 5, sigma^2: 2, beta: -0.22, simulation: 18"
[1] "n sub: 10, n images per sub: 5, sigma^2: 0.5, beta: -0.22, simulation: 18"
[1] "n sub: 10, n images per sub: 5, sigma^2: 1, beta: -0.22, simulation: 18"
[1] "n sub: 10, n images per sub: 5, sigma^2: 2, beta: -0.22, simulation: 19"
[1] "n sub: 10, n images per sub: 5, sigma^2: 1, beta: -0.22, simulation: 19"
[1] "n sub: 10, n images per sub: 5, sigma^2: 0.5, beta: -0.22, simulation: 19"
[1] "n sub: 10, n images per sub: 5, sigma^2: 2, beta: -0.22, simulation: 20"
[1] "n sub: 10, n images per sub: 5, sigma^2: 1, beta: -0.22, simulation: 20"
[1] "n sub: 10, n images per sub: 5, sigma^2: 0.5, beta: -0.22, simulation: 20"
[1] "n sub: 10, n images per sub: 5, sigma^2: 1, beta: 0, simulation: 1"
[1] "n sub: 10, n images per sub: 5, sigma^2: 0.5, beta: 0, simulation: 1"
[1] "n sub: 10, n images per sub: 5, sigma^2: 2, beta: 0, simulation: 1"
[1] "n sub: 10, n images per sub: 5, sigma^2: 1, beta: 0, simulation: 2"
[1] "n sub: 10, n images per sub: 5, sigma^2: 0.5, beta: 0, simulation: 2"
[1] "n sub: 10, n images per sub: 5, sigma^2: 2, beta: 0, simulation: 2"
[1] "n sub: 10, n images per sub: 5, sigma^2: 1, beta: 0, simulation: 3"
[1] "n sub: 10, n images per sub: 5, sigma^2: 0.5, beta: 0, simulation: 3"
[1] "n sub: 10, n images per sub: 5, sigma^2: 2, beta: 0, simulation: 3"
[1] "n sub: 10, n images per sub: 5, sigma^2: 1, beta: 0, simulation: 4"
[1] "n sub: 10, n images per sub: 5, sigma^2: 0.5, beta: 0, simulation: 4"
[1] "n sub: 10, n images per sub: 5, sigma^2: 2, beta: 0, simulation: 4"
[1] "n sub: 10, n images per sub: 5, sigma^2: 1, beta: 0, simulation: 5"
[1] "n sub: 10, n images per sub: 5, sigma^2: 0.5, beta: 0, simulation: 5"
[1] "n sub: 10, n images per sub: 5, sigma^2: 2, beta: 0, simulation: 5"
[1] "n sub: 10, n images per sub: 5, sigma^2: 1, beta: 0, simulation: 6"
[1] "n sub: 10, n images per sub: 5, sigma^2: 0.5, beta: 0, simulation: 6"
[1] "n sub: 10, n images per sub: 5, sigma^2: 2, beta: 0, simulation: 6"
[1] "n sub: 10, n images per sub: 5, sigma^2: 0.5, beta: 0, simulation: 7"
[1] "n sub: 10, n images per sub: 5, sigma^2: 1, beta: 0, simulation: 7"
[1] "n sub: 10, n images per sub: 5, sigma^2: 2, beta: 0, simulation: 7"
[1] "n sub: 10, n images per sub: 5, sigma^2: 1, beta: 0, simulation: 8"
[1] "n sub: 10, n images per sub: 5, sigma^2: 0.5, beta: 0, simulation: 8"
[1] "n sub: 10, n images per sub: 5, sigma^2: 2, beta: 0, simulation: 8"
[1] "n sub: 10, n images per sub: 5, sigma^2: 0.5, beta: 0, simulation: 9"
[1] "n sub: 10, n images per sub: 5, sigma^2: 1, beta: 0, simulation: 9"
[1] "n sub: 10, n images per sub: 5, sigma^2: 2, beta: 0, simulation: 9"
[1] "n sub: 10, n images per sub: 5, sigma^2: 0.5, beta: 0, simulation: 10"
[1] "n sub: 10, n images per sub: 5, sigma^2: 1, beta: 0, simulation: 10"
[1] "n sub: 10, n images per sub: 5, sigma^2: 2, beta: 0, simulation: 10"
[1] "n sub: 10, n images per sub: 5, sigma^2: 0.5, beta: 0, simulation: 11"
[1] "n sub: 10, n images per sub: 5, sigma^2: 1, beta: 0, simulation: 11"
[1] "n sub: 10, n images per sub: 5, sigma^2: 2, beta: 0, simulation: 11"
[1] "n sub: 10, n images per sub: 5, sigma^2: 0.5, beta: 0, simulation: 12"
[1] "n sub: 10, n images per sub: 5, sigma^2: 2, beta: 0, simulation: 12"
[1] "n sub: 10, n images per sub: 5, sigma^2: 1, beta: 0, simulation: 12"
[1] "n sub: 10, n images per sub: 5, sigma^2: 0.5, beta: 0, simulation: 13"
[1] "n sub: 10, n images per sub: 5, sigma^2: 2, beta: 0, simulation: 13"
[1] "n sub: 10, n images per sub: 5, sigma^2: 1, beta: 0, simulation: 13"
[1] "n sub: 10, n images per sub: 5, sigma^2: 0.5, beta: 0, simulation: 14"
[1] "n sub: 10, n images per sub: 5, sigma^2: 2, beta: 0, simulation: 14"
[1] "n sub: 10, n images per sub: 5, sigma^2: 1, beta: 0, simulation: 14"
[1] "n sub: 10, n images per sub: 5, sigma^2: 0.5, beta: 0, simulation: 15"
[1] "n sub: 10, n images per sub: 5, sigma^2: 2, beta: 0, simulation: 15"
[1] "n sub: 10, n images per sub: 5, sigma^2: 1, beta: 0, simulation: 15"
[1] "n sub: 10, n images per sub: 5, sigma^2: 0.5, beta: 0, simulation: 16"
[1] "n sub: 10, n images per sub: 5, sigma^2: 2, beta: 0, simulation: 16"
[1] "n sub: 10, n images per sub: 5, sigma^2: 1, beta: 0, simulation: 16"
[1] "n sub: 10, n images per sub: 5, sigma^2: 0.5, beta: 0, simulation: 17"
[1] "n sub: 10, n images per sub: 5, sigma^2: 2, beta: 0, simulation: 17"
[1] "n sub: 10, n images per sub: 5, sigma^2: 1, beta: 0, simulation: 17"
[1] "n sub: 10, n images per sub: 5, sigma^2: 0.5, beta: 0, simulation: 18"
[1] "n sub: 10, n images per sub: 5, sigma^2: 2, beta: 0, simulation: 18"
[1] "n sub: 10, n images per sub: 5, sigma^2: 1, beta: 0, simulation: 18"
[1] "n sub: 10, n images per sub: 5, sigma^2: 0.5, beta: 0, simulation: 19"
[1] "n sub: 10, n images per sub: 5, sigma^2: 2, beta: 0, simulation: 19"
[1] "n sub: 10, n images per sub: 5, sigma^2: 1, beta: 0, simulation: 19"
[1] "n sub: 10, n images per sub: 5, sigma^2: 0.5, beta: 0, simulation: 20"
[1] "n sub: 10, n images per sub: 5, sigma^2: 2, beta: 0, simulation: 20"
[1] "n sub: 10, n images per sub: 5, sigma^2: 1, beta: 0, simulation: 20"
[1] "n sub: 10, n images per sub: 5, sigma^2: 2, beta: 0.22, simulation: 1"
[1] "n sub: 10, n images per sub: 5, sigma^2: 1, beta: 0.22, simulation: 1"
[1] "n sub: 10, n images per sub: 5, sigma^2: 0.5, beta: 0.22, simulation: 1"
[1] "n sub: 10, n images per sub: 5, sigma^2: 2, beta: 0.22, simulation: 2"
[1] "n sub: 10, n images per sub: 5, sigma^2: 1, beta: 0.22, simulation: 2"
[1] "n sub: 10, n images per sub: 5, sigma^2: 0.5, beta: 0.22, simulation: 2"
[1] "n sub: 10, n images per sub: 5, sigma^2: 1, beta: 0.22, simulation: 3"
[1] "n sub: 10, n images per sub: 5, sigma^2: 2, beta: 0.22, simulation: 3"
[1] "n sub: 10, n images per sub: 5, sigma^2: 0.5, beta: 0.22, simulation: 3"
[1] "n sub: 10, n images per sub: 5, sigma^2: 0.5, beta: 0.22, simulation: 4"
[1] "n sub: 10, n images per sub: 5, sigma^2: 1, beta: 0.22, simulation: 4"
[1] "n sub: 10, n images per sub: 5, sigma^2: 2, beta: 0.22, simulation: 4"

 *** inla.core.safe:  The inla program failed, but will rerun in case better initial values may help. try=1/1 

 *** inla.core.safe:  rerun with improved initial values 
[1] "n sub: 10, n images per sub: 5, sigma^2: 1, beta: 0.22, simulation: 5"
[1] "n sub: 10, n images per sub: 5, sigma^2: 2, beta: 0.22, simulation: 5"
[1] "n sub: 10, n images per sub: 5, sigma^2: 0.5, beta: 0.22, simulation: 5"
[1] "n sub: 10, n images per sub: 5, sigma^2: 1, beta: 0.22, simulation: 6"
[1] "n sub: 10, n images per sub: 5, sigma^2: 0.5, beta: 0.22, simulation: 6"
[1] "n sub: 10, n images per sub: 5, sigma^2: 2, beta: 0.22, simulation: 6"
[1] "n sub: 10, n images per sub: 5, sigma^2: 1, beta: 0.22, simulation: 7"
[1] "n sub: 10, n images per sub: 5, sigma^2: 2, beta: 0.22, simulation: 7"
[1] "n sub: 10, n images per sub: 5, sigma^2: 0.5, beta: 0.22, simulation: 7"
[1] "n sub: 10, n images per sub: 5, sigma^2: 2, beta: 0.22, simulation: 8"
[1] "n sub: 10, n images per sub: 5, sigma^2: 1, beta: 0.22, simulation: 8"
[1] "n sub: 10, n images per sub: 5, sigma^2: 0.5, beta: 0.22, simulation: 8"
