[1] "zero distance: 100, sigma^2: 2, beta: 0.41, simulation: 301"
[1] "no_corr"
[1] "pc_exp"
[1] "pc_exp_raw_1"
[1] "pc_exp_raw_sigma"
[1] "pc_exp_norm_1"
[1] "pc_exp_norm_sigma"
[1] "pc_sqexp"
[1] "pc_sqexp_raw_1"
[1] "pc_sqexp_raw_sigma"
[1] "pc_sqexp_norm_1"
[1] "pc_sqexp_norm_sigma"
[1] "nngp"
----------------------------------------
	Building the neighbor list
----------------------------------------
----------------------------------------
	Model description
----------------------------------------
NNGP Response model fit with 937 observations.

Number of covariates 2 (including intercept if specified).

Using the gaussian spatial correlation model.

Using 10 nearest neighbors.

Number of MCMC samples 20000.

Priors and hyperpriors:
	beta flat.
	sigma.sq IG hyperpriors shape=2.00000 and scale=1.63079
	tau.sq IG hyperpriors shape=2.00000 and scale=0.01000
	phi Unif hyperpriors a=0.01314 and b=0.52565

Source compiled with OpenMP support and model fit using 10 thread(s).
----------------------------------------
		Sampling
----------------------------------------
Sampled: 5000 of 20000, 25.00%
Report interval Metrop. Acceptance rate: 0.00%
Overall Metrop. Acceptance rate: 0.00%
-------------------------------------------------
Sampled: 10000 of 20000, 50.00%
Report interval Metrop. Acceptance rate: 0.00%
Overall Metrop. Acceptance rate: 0.00%
-------------------------------------------------
Sampled: 15000 of 20000, 75.00%
Report interval Metrop. Acceptance rate: 0.00%
Overall Metrop. Acceptance rate: 0.00%
-------------------------------------------------
Sampled: 20000 of 20000, 100.00%
Report interval Metrop. Acceptance rate: 0.00%
Overall Metrop. Acceptance rate: 0.00%
-------------------------------------------------
[1] "zero distance: 100, sigma^2: 2, beta: 0.41, simulation: 302"
[1] "no_corr"
[1] "pc_exp"
[1] "pc_exp_raw_1"
[1] "pc_exp_raw_sigma"
[1] "pc_exp_norm_1"
[1] "pc_exp_norm_sigma"
[1] "pc_sqexp"
[1] "pc_sqexp_raw_1"
[1] "pc_sqexp_raw_sigma"
[1] "pc_sqexp_norm_1"
[1] "pc_sqexp_norm_sigma"
[1] "nngp"
----------------------------------------
	Building the neighbor list
----------------------------------------
----------------------------------------
	Model description
----------------------------------------
NNGP Response model fit with 1278 observations.

Number of covariates 2 (including intercept if specified).

Using the gaussian spatial correlation model.

Using 10 nearest neighbors.

Number of MCMC samples 20000.

Priors and hyperpriors:
	beta flat.
	sigma.sq IG hyperpriors shape=2.00000 and scale=2.11783
	tau.sq IG hyperpriors shape=2.00000 and scale=0.01000
	phi Unif hyperpriors a=0.01314 and b=0.52565

Source compiled with OpenMP support and model fit using 10 thread(s).
----------------------------------------
		Sampling
----------------------------------------
Sampled: 5000 of 20000, 25.00%
Report interval Metrop. Acceptance rate: 59.70%
Overall Metrop. Acceptance rate: 59.70%
-------------------------------------------------
Sampled: 10000 of 20000, 50.00%
Report interval Metrop. Acceptance rate: 63.70%
Overall Metrop. Acceptance rate: 61.70%
-------------------------------------------------
Sampled: 15000 of 20000, 75.00%
Report interval Metrop. Acceptance rate: 66.30%
Overall Metrop. Acceptance rate: 63.23%
-------------------------------------------------
Sampled: 20000 of 20000, 100.00%
Report interval Metrop. Acceptance rate: 64.14%
Overall Metrop. Acceptance rate: 63.46%
-------------------------------------------------
[1] "zero distance: 100, sigma^2: 2, beta: 0.41, simulation: 303"
[1] "no_corr"
[1] "pc_exp"
[1] "pc_exp_raw_1"
[1] "pc_exp_raw_sigma"
[1] "pc_exp_norm_1"
[1] "pc_exp_norm_sigma"
[1] "pc_sqexp"
[1] "pc_sqexp_raw_1"
[1] "pc_sqexp_raw_sigma"
[1] "pc_sqexp_norm_1"
[1] "pc_sqexp_norm_sigma"
[1] "nngp"
----------------------------------------
	Building the neighbor list
----------------------------------------
----------------------------------------
	Model description
----------------------------------------
NNGP Response model fit with 1147 observations.

Number of covariates 2 (including intercept if specified).

Using the gaussian spatial correlation model.

Using 10 nearest neighbors.

Number of MCMC samples 20000.

Priors and hyperpriors:
	beta flat.
	sigma.sq IG hyperpriors shape=2.00000 and scale=2.08383
	tau.sq IG hyperpriors shape=2.00000 and scale=0.01000
	phi Unif hyperpriors a=0.01314 and b=0.52565

Source compiled with OpenMP support and model fit using 10 thread(s).
----------------------------------------
		Sampling
----------------------------------------
Sampled: 5000 of 20000, 25.00%
Report interval Metrop. Acceptance rate: 62.72%
Overall Metrop. Acceptance rate: 62.72%
-------------------------------------------------
Sampled: 10000 of 20000, 50.00%
Report interval Metrop. Acceptance rate: 64.38%
Overall Metrop. Acceptance rate: 63.55%
-------------------------------------------------
Sampled: 15000 of 20000, 75.00%
Report interval Metrop. Acceptance rate: 64.46%
Overall Metrop. Acceptance rate: 63.85%
-------------------------------------------------
Sampled: 20000 of 20000, 100.00%
Report interval Metrop. Acceptance rate: 64.88%
Overall Metrop. Acceptance rate: 64.11%
-------------------------------------------------
[1] "zero distance: 100, sigma^2: 2, beta: 0.41, simulation: 304"
[1] "no_corr"
[1] "pc_exp"
[1] "pc_exp_raw_1"
[1] "pc_exp_raw_sigma"
[1] "pc_exp_norm_1"
[1] "pc_exp_norm_sigma"
[1] "pc_sqexp"
[1] "pc_sqexp_raw_1"
[1] "pc_sqexp_raw_sigma"
[1] "pc_sqexp_norm_1"
[1] "pc_sqexp_norm_sigma"
[1] "nngp"
----------------------------------------
	Building the neighbor list
----------------------------------------
----------------------------------------
	Model description
----------------------------------------
NNGP Response model fit with 1461 observations.

Number of covariates 2 (including intercept if specified).

Using the gaussian spatial correlation model.

Using 10 nearest neighbors.

Number of MCMC samples 20000.

Priors and hyperpriors:
	beta flat.
	sigma.sq IG hyperpriors shape=2.00000 and scale=2.33807
	tau.sq IG hyperpriors shape=2.00000 and scale=0.01000
	phi Unif hyperpriors a=0.01314 and b=0.52565

Source compiled with OpenMP support and model fit using 10 thread(s).
----------------------------------------
		Sampling
----------------------------------------
Sampled: 5000 of 20000, 25.00%
Report interval Metrop. Acceptance rate: 47.40%
Overall Metrop. Acceptance rate: 47.40%
-------------------------------------------------
Sampled: 10000 of 20000, 50.00%
Report interval Metrop. Acceptance rate: 47.04%
Overall Metrop. Acceptance rate: 47.22%
-------------------------------------------------
Sampled: 15000 of 20000, 75.00%
Report interval Metrop. Acceptance rate: 47.08%
Overall Metrop. Acceptance rate: 47.17%
-------------------------------------------------
Sampled: 20000 of 20000, 100.00%
Report interval Metrop. Acceptance rate: 56.90%
Overall Metrop. Acceptance rate: 49.60%
-------------------------------------------------
[1] "zero distance: 100, sigma^2: 2, beta: 0.41, simulation: 305"
[1] "no_corr"
[1] "pc_exp"
[1] "pc_exp_raw_1"
[1] "pc_exp_raw_sigma"
[1] "pc_exp_norm_1"
[1] "pc_exp_norm_sigma"
[1] "pc_sqexp"
[1] "pc_sqexp_raw_1"
[1] "pc_sqexp_raw_sigma"
[1] "pc_sqexp_norm_1"
[1] "pc_sqexp_norm_sigma"
[1] "nngp"
----------------------------------------
	Building the neighbor list
----------------------------------------
----------------------------------------
	Model description
----------------------------------------
NNGP Response model fit with 784 observations.

Number of covariates 2 (including intercept if specified).

Using the gaussian spatial correlation model.

Using 10 nearest neighbors.

Number of MCMC samples 20000.

Priors and hyperpriors:
	beta flat.
	sigma.sq IG hyperpriors shape=2.00000 and scale=2.11078
	tau.sq IG hyperpriors shape=2.00000 and scale=0.01000
	phi Unif hyperpriors a=0.01314 and b=0.52565

Source compiled with OpenMP support and model fit using 10 thread(s).
----------------------------------------
		Sampling
----------------------------------------
Sampled: 5000 of 20000, 25.00%
Report interval Metrop. Acceptance rate: 57.50%
Overall Metrop. Acceptance rate: 57.50%
-------------------------------------------------
Sampled: 10000 of 20000, 50.00%
Report interval Metrop. Acceptance rate: 57.30%
Overall Metrop. Acceptance rate: 57.40%
-------------------------------------------------
Sampled: 15000 of 20000, 75.00%
Report interval Metrop. Acceptance rate: 57.10%
Overall Metrop. Acceptance rate: 57.30%
-------------------------------------------------
Sampled: 20000 of 20000, 100.00%
Report interval Metrop. Acceptance rate: 57.42%
Overall Metrop. Acceptance rate: 57.33%
-------------------------------------------------
[1] "zero distance: 100, sigma^2: 2, beta: 0.41, simulation: 306"
[1] "no_corr"
[1] "pc_exp"
[1] "pc_exp_raw_1"
[1] "pc_exp_raw_sigma"
[1] "pc_exp_norm_1"
[1] "pc_exp_norm_sigma"
[1] "pc_sqexp"
[1] "pc_sqexp_raw_1"
[1] "pc_sqexp_raw_sigma"
[1] "pc_sqexp_norm_1"
[1] "pc_sqexp_norm_sigma"
[1] "nngp"
----------------------------------------
	Building the neighbor list
----------------------------------------
----------------------------------------
	Model description
----------------------------------------
NNGP Response model fit with 1537 observations.

Number of covariates 2 (including intercept if specified).

Using the gaussian spatial correlation model.

Using 10 nearest neighbors.

Number of MCMC samples 20000.

Priors and hyperpriors:
	beta flat.
	sigma.sq IG hyperpriors shape=2.00000 and scale=1.79393
	tau.sq IG hyperpriors shape=2.00000 and scale=0.01000
	phi Unif hyperpriors a=0.01314 and b=0.52565

Source compiled with OpenMP support and model fit using 10 thread(s).
----------------------------------------
		Sampling
----------------------------------------
Sampled: 5000 of 20000, 25.00%
Report interval Metrop. Acceptance rate: 59.38%
Overall Metrop. Acceptance rate: 59.38%
-------------------------------------------------
Sampled: 10000 of 20000, 50.00%
Report interval Metrop. Acceptance rate: 61.92%
Overall Metrop. Acceptance rate: 60.65%
-------------------------------------------------
Sampled: 15000 of 20000, 75.00%
Report interval Metrop. Acceptance rate: 60.56%
Overall Metrop. Acceptance rate: 60.62%
-------------------------------------------------
Sampled: 20000 of 20000, 100.00%
Report interval Metrop. Acceptance rate: 61.90%
Overall Metrop. Acceptance rate: 60.94%
-------------------------------------------------
[1] "zero distance: 100, sigma^2: 2, beta: 0.41, simulation: 307"
[1] "no_corr"
[1] "pc_exp"
[1] "pc_exp_raw_1"
[1] "pc_exp_raw_sigma"
[1] "pc_exp_norm_1"
[1] "pc_exp_norm_sigma"
[1] "pc_sqexp"
[1] "pc_sqexp_raw_1"
[1] "pc_sqexp_raw_sigma"
[1] "pc_sqexp_norm_1"
[1] "pc_sqexp_norm_sigma"
[1] "nngp"
----------------------------------------
	Building the neighbor list
----------------------------------------
----------------------------------------
	Model description
----------------------------------------
NNGP Response model fit with 798 observations.

Number of covariates 2 (including intercept if specified).

Using the gaussian spatial correlation model.

Using 10 nearest neighbors.

Number of MCMC samples 20000.

Priors and hyperpriors:
	beta flat.
	sigma.sq IG hyperpriors shape=2.00000 and scale=2.13971
	tau.sq IG hyperpriors shape=2.00000 and scale=0.01000
	phi Unif hyperpriors a=0.01314 and b=0.52565

Source compiled with OpenMP support and model fit using 10 thread(s).
----------------------------------------
		Sampling
----------------------------------------
Sampled: 5000 of 20000, 25.00%
Report interval Metrop. Acceptance rate: 67.94%
Overall Metrop. Acceptance rate: 67.94%
-------------------------------------------------
Sampled: 10000 of 20000, 50.00%
Report interval Metrop. Acceptance rate: 68.30%
Overall Metrop. Acceptance rate: 68.12%
-------------------------------------------------
Sampled: 15000 of 20000, 75.00%
Report interval Metrop. Acceptance rate: 68.26%
Overall Metrop. Acceptance rate: 68.17%
-------------------------------------------------
Sampled: 20000 of 20000, 100.00%
Report interval Metrop. Acceptance rate: 68.04%
Overall Metrop. Acceptance rate: 68.14%
-------------------------------------------------
[1] "zero distance: 100, sigma^2: 2, beta: 0.41, simulation: 308"
[1] "no_corr"
[1] "pc_exp"
[1] "pc_exp_raw_1"
[1] "pc_exp_raw_sigma"
[1] "pc_exp_norm_1"
[1] "pc_exp_norm_sigma"
[1] "pc_sqexp"
[1] "pc_sqexp_raw_1"
[1] "pc_sqexp_raw_sigma"
[1] "pc_sqexp_norm_1"
[1] "pc_sqexp_norm_sigma"
[1] "nngp"
----------------------------------------
	Building the neighbor list
----------------------------------------
----------------------------------------
	Model description
----------------------------------------
NNGP Response model fit with 942 observations.

Number of covariates 2 (including intercept if specified).

Using the gaussian spatial correlation model.

Using 10 nearest neighbors.

Number of MCMC samples 20000.

Priors and hyperpriors:
	beta flat.
	sigma.sq IG hyperpriors shape=2.00000 and scale=2.07340
	tau.sq IG hyperpriors shape=2.00000 and scale=0.01000
	phi Unif hyperpriors a=0.01314 and b=0.52565

Source compiled with OpenMP support and model fit using 10 thread(s).
----------------------------------------
		Sampling
----------------------------------------
Sampled: 5000 of 20000, 25.00%
Report interval Metrop. Acceptance rate: 67.68%
Overall Metrop. Acceptance rate: 67.68%
-------------------------------------------------
Sampled: 10000 of 20000, 50.00%
Report interval Metrop. Acceptance rate: 68.26%
Overall Metrop. Acceptance rate: 67.97%
-------------------------------------------------
Sampled: 15000 of 20000, 75.00%
Report interval Metrop. Acceptance rate: 66.40%
Overall Metrop. Acceptance rate: 67.45%
-------------------------------------------------
Sampled: 20000 of 20000, 100.00%
Report interval Metrop. Acceptance rate: 67.22%
Overall Metrop. Acceptance rate: 67.39%
-------------------------------------------------
[1] "zero distance: 100, sigma^2: 2, beta: 0.41, simulation: 309"
[1] "no_corr"
[1] "pc_exp"
[1] "pc_exp_raw_1"
[1] "pc_exp_raw_sigma"
[1] "pc_exp_norm_1"
[1] "pc_exp_norm_sigma"
[1] "pc_sqexp"
[1] "pc_sqexp_raw_1"
[1] "pc_sqexp_raw_sigma"
[1] "pc_sqexp_norm_1"
[1] "pc_sqexp_norm_sigma"
[1] "nngp"
----------------------------------------
	Building the neighbor list
----------------------------------------
----------------------------------------
	Model description
----------------------------------------
NNGP Response model fit with 1570 observations.

Number of covariates 2 (including intercept if specified).

Using the gaussian spatial correlation model.

Using 10 nearest neighbors.

Number of MCMC samples 20000.

Priors and hyperpriors:
	beta flat.
	sigma.sq IG hyperpriors shape=2.00000 and scale=1.91679
	tau.sq IG hyperpriors shape=2.00000 and scale=0.01000
	phi Unif hyperpriors a=0.01314 and b=0.52565

Source compiled with OpenMP support and model fit using 10 thread(s).
----------------------------------------
		Sampling
----------------------------------------
Sampled: 5000 of 20000, 25.00%
Report interval Metrop. Acceptance rate: 61.82%
Overall Metrop. Acceptance rate: 61.82%
-------------------------------------------------
Sampled: 10000 of 20000, 50.00%
Report interval Metrop. Acceptance rate: 59.94%
Overall Metrop. Acceptance rate: 60.88%
-------------------------------------------------
Sampled: 15000 of 20000, 75.00%
Report interval Metrop. Acceptance rate: 61.14%
Overall Metrop. Acceptance rate: 60.97%
-------------------------------------------------
Sampled: 20000 of 20000, 100.00%
Report interval Metrop. Acceptance rate: 61.24%
Overall Metrop. Acceptance rate: 61.03%
-------------------------------------------------
[1] "zero distance: 100, sigma^2: 2, beta: 0.41, simulation: 310"
[1] "no_corr"
[1] "pc_exp"
[1] "pc_exp_raw_1"
[1] "pc_exp_raw_sigma"
[1] "pc_exp_norm_1"
[1] "pc_exp_norm_sigma"
[1] "pc_sqexp"
[1] "pc_sqexp_raw_1"
[1] "pc_sqexp_raw_sigma"
[1] "pc_sqexp_norm_1"
[1] "pc_sqexp_norm_sigma"
[1] "nngp"
----------------------------------------
	Building the neighbor list
----------------------------------------
----------------------------------------
	Model description
----------------------------------------
NNGP Response model fit with 409 observations.

Number of covariates 2 (including intercept if specified).

Using the gaussian spatial correlation model.

Using 10 nearest neighbors.

Number of MCMC samples 20000.

Priors and hyperpriors:
	beta flat.
	sigma.sq IG hyperpriors shape=2.00000 and scale=2.57284
	tau.sq IG hyperpriors shape=2.00000 and scale=0.01000
	phi Unif hyperpriors a=0.01314 and b=0.52565

Source compiled with OpenMP support and model fit using 10 thread(s).
----------------------------------------
		Sampling
----------------------------------------
Sampled: 5000 of 20000, 25.00%
Report interval Metrop. Acceptance rate: 67.80%
Overall Metrop. Acceptance rate: 67.80%
-------------------------------------------------
Sampled: 10000 of 20000, 50.00%
Report interval Metrop. Acceptance rate: 65.84%
Overall Metrop. Acceptance rate: 66.82%
-------------------------------------------------
Sampled: 15000 of 20000, 75.00%
Report interval Metrop. Acceptance rate: 67.40%
Overall Metrop. Acceptance rate: 67.01%
-------------------------------------------------
Sampled: 20000 of 20000, 100.00%
Report interval Metrop. Acceptance rate: 73.50%
Overall Metrop. Acceptance rate: 68.64%
-------------------------------------------------
[1] "zero distance: 100, sigma^2: 2, beta: 0.41, simulation: 311"
[1] "no_corr"
[1] "pc_exp"
[1] "pc_exp_raw_1"
[1] "pc_exp_raw_sigma"
[1] "pc_exp_norm_1"
[1] "pc_exp_norm_sigma"
[1] "pc_sqexp"
[1] "pc_sqexp_raw_1"
[1] "pc_sqexp_raw_sigma"
[1] "pc_sqexp_norm_1"
[1] "pc_sqexp_norm_sigma"
[1] "nngp"
----------------------------------------
	Building the neighbor list
----------------------------------------
----------------------------------------
	Model description
----------------------------------------
NNGP Response model fit with 1427 observations.

Number of covariates 2 (including intercept if specified).

Using the gaussian spatial correlation model.

Using 10 nearest neighbors.

Number of MCMC samples 20000.

Priors and hyperpriors:
	beta flat.
	sigma.sq IG hyperpriors shape=2.00000 and scale=1.88847
	tau.sq IG hyperpriors shape=2.00000 and scale=0.01000
	phi Unif hyperpriors a=0.01314 and b=0.52565

Source compiled with OpenMP support and model fit using 10 thread(s).
----------------------------------------
		Sampling
----------------------------------------
Sampled: 5000 of 20000, 25.00%
Report interval Metrop. Acceptance rate: 61.44%
Overall Metrop. Acceptance rate: 61.44%
-------------------------------------------------
Sampled: 10000 of 20000, 50.00%
Report interval Metrop. Acceptance rate: 60.82%
Overall Metrop. Acceptance rate: 61.13%
-------------------------------------------------
Sampled: 15000 of 20000, 75.00%
Report interval Metrop. Acceptance rate: 62.20%
Overall Metrop. Acceptance rate: 61.49%
-------------------------------------------------
Sampled: 20000 of 20000, 100.00%
Report interval Metrop. Acceptance rate: 62.78%
Overall Metrop. Acceptance rate: 61.81%
-------------------------------------------------
[1] "zero distance: 100, sigma^2: 2, beta: 0.41, simulation: 312"
[1] "no_corr"
[1] "pc_exp"
[1] "pc_exp_raw_1"
[1] "pc_exp_raw_sigma"
[1] "pc_exp_norm_1"
[1] "pc_exp_norm_sigma"
[1] "pc_sqexp"
[1] "pc_sqexp_raw_1"
[1] "pc_sqexp_raw_sigma"
[1] "pc_sqexp_norm_1"
[1] "pc_sqexp_norm_sigma"
[1] "nngp"
----------------------------------------
	Building the neighbor list
----------------------------------------
----------------------------------------
	Model description
----------------------------------------
NNGP Response model fit with 916 observations.

Number of covariates 2 (including intercept if specified).

Using the gaussian spatial correlation model.

Using 10 nearest neighbors.

Number of MCMC samples 20000.

Priors and hyperpriors:
	beta flat.
	sigma.sq IG hyperpriors shape=2.00000 and scale=2.24108
	tau.sq IG hyperpriors shape=2.00000 and scale=0.01000
	phi Unif hyperpriors a=0.01314 and b=0.52565

Source compiled with OpenMP support and model fit using 10 thread(s).
----------------------------------------
		Sampling
----------------------------------------
Sampled: 5000 of 20000, 25.00%
Report interval Metrop. Acceptance rate: 67.58%
Overall Metrop. Acceptance rate: 67.58%
-------------------------------------------------
Sampled: 10000 of 20000, 50.00%
Report interval Metrop. Acceptance rate: 68.24%
Overall Metrop. Acceptance rate: 67.91%
-------------------------------------------------
Sampled: 15000 of 20000, 75.00%
Report interval Metrop. Acceptance rate: 67.78%
Overall Metrop. Acceptance rate: 67.87%
-------------------------------------------------
Sampled: 20000 of 20000, 100.00%
Report interval Metrop. Acceptance rate: 69.24%
Overall Metrop. Acceptance rate: 68.21%
-------------------------------------------------
[1] "zero distance: 100, sigma^2: 2, beta: 0.41, simulation: 313"
[1] "no_corr"
[1] "pc_exp"
[1] "pc_exp_raw_1"
[1] "pc_exp_raw_sigma"
[1] "pc_exp_norm_1"
[1] "pc_exp_norm_sigma"
[1] "pc_sqexp"
[1] "pc_sqexp_raw_1"
[1] "pc_sqexp_raw_sigma"
[1] "pc_sqexp_norm_1"
[1] "pc_sqexp_norm_sigma"
[1] "nngp"
----------------------------------------
	Building the neighbor list
----------------------------------------
----------------------------------------
	Model description
----------------------------------------
NNGP Response model fit with 1004 observations.

Number of covariates 2 (including intercept if specified).

Using the gaussian spatial correlation model.

Using 10 nearest neighbors.

Number of MCMC samples 20000.

Priors and hyperpriors:
	beta flat.
	sigma.sq IG hyperpriors shape=2.00000 and scale=2.21010
	tau.sq IG hyperpriors shape=2.00000 and scale=0.01000
	phi Unif hyperpriors a=0.01314 and b=0.52565

Source compiled with OpenMP support and model fit using 10 thread(s).
----------------------------------------
		Sampling
----------------------------------------
Sampled: 5000 of 20000, 25.00%
Report interval Metrop. Acceptance rate: 64.98%
Overall Metrop. Acceptance rate: 64.98%
-------------------------------------------------
Sampled: 10000 of 20000, 50.00%
Report interval Metrop. Acceptance rate: 66.00%
Overall Metrop. Acceptance rate: 65.49%
-------------------------------------------------
Sampled: 15000 of 20000, 75.00%
Report interval Metrop. Acceptance rate: 64.56%
Overall Metrop. Acceptance rate: 65.18%
-------------------------------------------------
Sampled: 20000 of 20000, 100.00%
Report interval Metrop. Acceptance rate: 65.58%
Overall Metrop. Acceptance rate: 65.28%
-------------------------------------------------
[1] "zero distance: 100, sigma^2: 2, beta: 0.41, simulation: 314"
[1] "no_corr"
[1] "pc_exp"
[1] "pc_exp_raw_1"
[1] "pc_exp_raw_sigma"
[1] "pc_exp_norm_1"
[1] "pc_exp_norm_sigma"
[1] "pc_sqexp"
[1] "pc_sqexp_raw_1"
[1] "pc_sqexp_raw_sigma"
[1] "pc_sqexp_norm_1"
[1] "pc_sqexp_norm_sigma"
[1] "nngp"
----------------------------------------
	Building the neighbor list
----------------------------------------
----------------------------------------
	Model description
----------------------------------------
NNGP Response model fit with 956 observations.

Number of covariates 2 (including intercept if specified).

Using the gaussian spatial correlation model.

Using 10 nearest neighbors.

Number of MCMC samples 20000.

Priors and hyperpriors:
	beta flat.
	sigma.sq IG hyperpriors shape=2.00000 and scale=2.29645
	tau.sq IG hyperpriors shape=2.00000 and scale=0.01000
	phi Unif hyperpriors a=0.01314 and b=0.52565

Source compiled with OpenMP support and model fit using 10 thread(s).
----------------------------------------
		Sampling
----------------------------------------
Sampled: 5000 of 20000, 25.00%
Report interval Metrop. Acceptance rate: 57.18%
Overall Metrop. Acceptance rate: 57.18%
-------------------------------------------------
Sampled: 10000 of 20000, 50.00%
Report interval Metrop. Acceptance rate: 56.94%
Overall Metrop. Acceptance rate: 57.06%
-------------------------------------------------
Sampled: 15000 of 20000, 75.00%
Report interval Metrop. Acceptance rate: 59.04%
Overall Metrop. Acceptance rate: 57.72%
-------------------------------------------------
Sampled: 20000 of 20000, 100.00%
Report interval Metrop. Acceptance rate: 57.24%
Overall Metrop. Acceptance rate: 57.60%
-------------------------------------------------
[1] "zero distance: 100, sigma^2: 2, beta: 0.41, simulation: 315"
[1] "no_corr"
[1] "pc_exp"
[1] "pc_exp_raw_1"
[1] "pc_exp_raw_sigma"
[1] "pc_exp_norm_1"
[1] "pc_exp_norm_sigma"
[1] "pc_sqexp"
[1] "pc_sqexp_raw_1"
[1] "pc_sqexp_raw_sigma"
[1] "pc_sqexp_norm_1"
[1] "pc_sqexp_norm_sigma"
[1] "nngp"
----------------------------------------
	Building the neighbor list
----------------------------------------
----------------------------------------
	Model description
----------------------------------------
NNGP Response model fit with 830 observations.

Number of covariates 2 (including intercept if specified).

Using the gaussian spatial correlation model.

Using 10 nearest neighbors.

Number of MCMC samples 20000.

Priors and hyperpriors:
	beta flat.
	sigma.sq IG hyperpriors shape=2.00000 and scale=2.14721
	tau.sq IG hyperpriors shape=2.00000 and scale=0.01000
	phi Unif hyperpriors a=0.01314 and b=0.52565

Source compiled with OpenMP support and model fit using 10 thread(s).
----------------------------------------
		Sampling
----------------------------------------
Sampled: 5000 of 20000, 25.00%
Report interval Metrop. Acceptance rate: 60.06%
Overall Metrop. Acceptance rate: 60.06%
-------------------------------------------------
Sampled: 10000 of 20000, 50.00%
Report interval Metrop. Acceptance rate: 66.28%
Overall Metrop. Acceptance rate: 63.17%
-------------------------------------------------
Sampled: 15000 of 20000, 75.00%
Report interval Metrop. Acceptance rate: 67.30%
Overall Metrop. Acceptance rate: 64.55%
-------------------------------------------------
Sampled: 20000 of 20000, 100.00%
Report interval Metrop. Acceptance rate: 68.44%
Overall Metrop. Acceptance rate: 65.52%
-------------------------------------------------
[1] "zero distance: 100, sigma^2: 2, beta: 0.41, simulation: 316"
[1] "no_corr"
[1] "pc_exp"
[1] "pc_exp_raw_1"
[1] "pc_exp_raw_sigma"
[1] "pc_exp_norm_1"
[1] "pc_exp_norm_sigma"
[1] "pc_sqexp"
[1] "pc_sqexp_raw_1"
[1] "pc_sqexp_raw_sigma"
[1] "pc_sqexp_norm_1"
[1] "pc_sqexp_norm_sigma"
[1] "nngp"
----------------------------------------
	Building the neighbor list
----------------------------------------
----------------------------------------
	Model description
----------------------------------------
NNGP Response model fit with 1243 observations.

Number of covariates 2 (including intercept if specified).

Using the gaussian spatial correlation model.

Using 10 nearest neighbors.

Number of MCMC samples 20000.

Priors and hyperpriors:
	beta flat.
	sigma.sq IG hyperpriors shape=2.00000 and scale=2.27320
	tau.sq IG hyperpriors shape=2.00000 and scale=0.01000
	phi Unif hyperpriors a=0.01314 and b=0.52565

Source compiled with OpenMP support and model fit using 10 thread(s).
----------------------------------------
		Sampling
----------------------------------------
Sampled: 5000 of 20000, 25.00%
Report interval Metrop. Acceptance rate: 56.64%
Overall Metrop. Acceptance rate: 56.64%
-------------------------------------------------
Sampled: 10000 of 20000, 50.00%
Report interval Metrop. Acceptance rate: 57.16%
Overall Metrop. Acceptance rate: 56.90%
-------------------------------------------------
Sampled: 15000 of 20000, 75.00%
Report interval Metrop. Acceptance rate: 57.46%
Overall Metrop. Acceptance rate: 57.09%
-------------------------------------------------
Sampled: 20000 of 20000, 100.00%
Report interval Metrop. Acceptance rate: 56.84%
Overall Metrop. Acceptance rate: 57.02%
-------------------------------------------------
[1] "zero distance: 100, sigma^2: 2, beta: 0.41, simulation: 317"
[1] "no_corr"
[1] "pc_exp"
[1] "pc_exp_raw_1"
[1] "pc_exp_raw_sigma"
[1] "pc_exp_norm_1"
[1] "pc_exp_norm_sigma"
[1] "pc_sqexp"
[1] "pc_sqexp_raw_1"
[1] "pc_sqexp_raw_sigma"
[1] "pc_sqexp_norm_1"
[1] "pc_sqexp_norm_sigma"
[1] "nngp"
----------------------------------------
	Building the neighbor list
----------------------------------------
----------------------------------------
	Model description
----------------------------------------
NNGP Response model fit with 770 observations.

Number of covariates 2 (including intercept if specified).

Using the gaussian spatial correlation model.

Using 10 nearest neighbors.

Number of MCMC samples 20000.

Priors and hyperpriors:
	beta flat.
	sigma.sq IG hyperpriors shape=2.00000 and scale=1.90664
	tau.sq IG hyperpriors shape=2.00000 and scale=0.01000
	phi Unif hyperpriors a=0.01314 and b=0.52565

Source compiled with OpenMP support and model fit using 10 thread(s).
----------------------------------------
		Sampling
----------------------------------------
Sampled: 5000 of 20000, 25.00%
Report interval Metrop. Acceptance rate: 68.38%
Overall Metrop. Acceptance rate: 68.38%
-------------------------------------------------
Sampled: 10000 of 20000, 50.00%
Report interval Metrop. Acceptance rate: 68.84%
Overall Metrop. Acceptance rate: 68.61%
-------------------------------------------------
Sampled: 15000 of 20000, 75.00%
Report interval Metrop. Acceptance rate: 71.30%
Overall Metrop. Acceptance rate: 69.51%
-------------------------------------------------
Sampled: 20000 of 20000, 100.00%
Report interval Metrop. Acceptance rate: 70.50%
Overall Metrop. Acceptance rate: 69.75%
-------------------------------------------------
[1] "zero distance: 100, sigma^2: 2, beta: 0.41, simulation: 318"
[1] "no_corr"
[1] "pc_exp"
[1] "pc_exp_raw_1"
[1] "pc_exp_raw_sigma"
[1] "pc_exp_norm_1"
[1] "pc_exp_norm_sigma"
[1] "pc_sqexp"
[1] "pc_sqexp_raw_1"
[1] "pc_sqexp_raw_sigma"
[1] "pc_sqexp_norm_1"
[1] "pc_sqexp_norm_sigma"
[1] "nngp"
----------------------------------------
	Building the neighbor list
----------------------------------------
----------------------------------------
	Model description
----------------------------------------
NNGP Response model fit with 1143 observations.

Number of covariates 2 (including intercept if specified).

Using the gaussian spatial correlation model.

Using 10 nearest neighbors.

Number of MCMC samples 20000.

Priors and hyperpriors:
	beta flat.
	sigma.sq IG hyperpriors shape=2.00000 and scale=2.04532
	tau.sq IG hyperpriors shape=2.00000 and scale=0.01000
	phi Unif hyperpriors a=0.01314 and b=0.52565

Source compiled with OpenMP support and model fit using 10 thread(s).
----------------------------------------
		Sampling
----------------------------------------
Sampled: 5000 of 20000, 25.00%
Report interval Metrop. Acceptance rate: 64.12%
Overall Metrop. Acceptance rate: 64.12%
-------------------------------------------------
Sampled: 10000 of 20000, 50.00%
Report interval Metrop. Acceptance rate: 66.14%
Overall Metrop. Acceptance rate: 65.13%
-------------------------------------------------
Sampled: 15000 of 20000, 75.00%
Report interval Metrop. Acceptance rate: 66.46%
Overall Metrop. Acceptance rate: 65.57%
-------------------------------------------------
Sampled: 20000 of 20000, 100.00%
Report interval Metrop. Acceptance rate: 65.86%
Overall Metrop. Acceptance rate: 65.64%
-------------------------------------------------
[1] "zero distance: 100, sigma^2: 2, beta: 0.41, simulation: 319"
[1] "no_corr"
[1] "pc_exp"
[1] "pc_exp_raw_1"
[1] "pc_exp_raw_sigma"
[1] "pc_exp_norm_1"
[1] "pc_exp_norm_sigma"
[1] "pc_sqexp"
[1] "pc_sqexp_raw_1"
[1] "pc_sqexp_raw_sigma"
[1] "pc_sqexp_norm_1"
[1] "pc_sqexp_norm_sigma"
[1] "nngp"
----------------------------------------
	Building the neighbor list
----------------------------------------
----------------------------------------
	Model description
----------------------------------------
NNGP Response model fit with 1054 observations.

Number of covariates 2 (including intercept if specified).

Using the gaussian spatial correlation model.

Using 10 nearest neighbors.

Number of MCMC samples 20000.

Priors and hyperpriors:
	beta flat.
	sigma.sq IG hyperpriors shape=2.00000 and scale=2.21957
	tau.sq IG hyperpriors shape=2.00000 and scale=0.01000
	phi Unif hyperpriors a=0.01314 and b=0.52565

Source compiled with OpenMP support and model fit using 10 thread(s).
----------------------------------------
		Sampling
----------------------------------------
Sampled: 5000 of 20000, 25.00%
Report interval Metrop. Acceptance rate: 66.14%
Overall Metrop. Acceptance rate: 66.14%
-------------------------------------------------
Sampled: 10000 of 20000, 50.00%
Report interval Metrop. Acceptance rate: 64.64%
Overall Metrop. Acceptance rate: 65.39%
-------------------------------------------------
Sampled: 15000 of 20000, 75.00%
Report interval Metrop. Acceptance rate: 66.26%
Overall Metrop. Acceptance rate: 65.68%
-------------------------------------------------
Sampled: 20000 of 20000, 100.00%
Report interval Metrop. Acceptance rate: 65.56%
Overall Metrop. Acceptance rate: 65.65%
-------------------------------------------------
[1] "zero distance: 100, sigma^2: 2, beta: 0.41, simulation: 320"
[1] "no_corr"
[1] "pc_exp"
[1] "pc_exp_raw_1"
[1] "pc_exp_raw_sigma"
[1] "pc_exp_norm_1"
[1] "pc_exp_norm_sigma"
[1] "pc_sqexp"
[1] "pc_sqexp_raw_1"
[1] "pc_sqexp_raw_sigma"
[1] "pc_sqexp_norm_1"
[1] "pc_sqexp_norm_sigma"
[1] "nngp"
----------------------------------------
	Building the neighbor list
----------------------------------------
----------------------------------------
	Model description
----------------------------------------
NNGP Response model fit with 948 observations.

Number of covariates 2 (including intercept if specified).

Using the gaussian spatial correlation model.

Using 10 nearest neighbors.

Number of MCMC samples 20000.

Priors and hyperpriors:
	beta flat.
	sigma.sq IG hyperpriors shape=2.00000 and scale=2.29410
	tau.sq IG hyperpriors shape=2.00000 and scale=0.01000
	phi Unif hyperpriors a=0.01314 and b=0.52565

Source compiled with OpenMP support and model fit using 10 thread(s).
----------------------------------------
		Sampling
----------------------------------------
Sampled: 5000 of 20000, 25.00%
Report interval Metrop. Acceptance rate: 66.46%
Overall Metrop. Acceptance rate: 66.46%
-------------------------------------------------
Sampled: 10000 of 20000, 50.00%
Report interval Metrop. Acceptance rate: 63.36%
Overall Metrop. Acceptance rate: 64.91%
-------------------------------------------------
Sampled: 15000 of 20000, 75.00%
Report interval Metrop. Acceptance rate: 68.04%
Overall Metrop. Acceptance rate: 65.95%
-------------------------------------------------
Sampled: 20000 of 20000, 100.00%
Report interval Metrop. Acceptance rate: 69.40%
Overall Metrop. Acceptance rate: 66.81%
-------------------------------------------------
[1] "zero distance: 100, sigma^2: 2, beta: 0.41, simulation: 321"
[1] "no_corr"
[1] "pc_exp"
[1] "pc_exp_raw_1"
[1] "pc_exp_raw_sigma"
[1] "pc_exp_norm_1"
[1] "pc_exp_norm_sigma"
[1] "pc_sqexp"
[1] "pc_sqexp_raw_1"
[1] "pc_sqexp_raw_sigma"
[1] "pc_sqexp_norm_1"
[1] "pc_sqexp_norm_sigma"
[1] "nngp"
----------------------------------------
	Building the neighbor list
----------------------------------------
----------------------------------------
	Model description
----------------------------------------
NNGP Response model fit with 1383 observations.

Number of covariates 2 (including intercept if specified).

Using the gaussian spatial correlation model.

Using 10 nearest neighbors.

Number of MCMC samples 20000.

Priors and hyperpriors:
	beta flat.
	sigma.sq IG hyperpriors shape=2.00000 and scale=2.20393
	tau.sq IG hyperpriors shape=2.00000 and scale=0.01000
	phi Unif hyperpriors a=0.01314 and b=0.52565

Source compiled with OpenMP support and model fit using 10 thread(s).
----------------------------------------
		Sampling
----------------------------------------
Sampled: 5000 of 20000, 25.00%
Report interval Metrop. Acceptance rate: 61.92%
Overall Metrop. Acceptance rate: 61.92%
-------------------------------------------------
Sampled: 10000 of 20000, 50.00%
Report interval Metrop. Acceptance rate: 63.50%
Overall Metrop. Acceptance rate: 62.71%
-------------------------------------------------
Sampled: 15000 of 20000, 75.00%
Report interval Metrop. Acceptance rate: 62.32%
Overall Metrop. Acceptance rate: 62.58%
-------------------------------------------------
Sampled: 20000 of 20000, 100.00%
Report interval Metrop. Acceptance rate: 62.30%
Overall Metrop. Acceptance rate: 62.51%
-------------------------------------------------
[1] "zero distance: 100, sigma^2: 2, beta: 0.41, simulation: 322"
[1] "no_corr"
[1] "pc_exp"
[1] "pc_exp_raw_1"
[1] "pc_exp_raw_sigma"
[1] "pc_exp_norm_1"
[1] "pc_exp_norm_sigma"
[1] "pc_sqexp"
[1] "pc_sqexp_raw_1"
[1] "pc_sqexp_raw_sigma"
[1] "pc_sqexp_norm_1"
[1] "pc_sqexp_norm_sigma"
[1] "nngp"
----------------------------------------
	Building the neighbor list
----------------------------------------
----------------------------------------
	Model description
----------------------------------------
NNGP Response model fit with 844 observations.

Number of covariates 2 (including intercept if specified).

Using the gaussian spatial correlation model.

Using 10 nearest neighbors.

Number of MCMC samples 20000.

Priors and hyperpriors:
	beta flat.
	sigma.sq IG hyperpriors shape=2.00000 and scale=2.14379
	tau.sq IG hyperpriors shape=2.00000 and scale=0.01000
	phi Unif hyperpriors a=0.01314 and b=0.52565

Source compiled with OpenMP support and model fit using 10 thread(s).
----------------------------------------
		Sampling
----------------------------------------
Sampled: 5000 of 20000, 25.00%
Report interval Metrop. Acceptance rate: 68.14%
Overall Metrop. Acceptance rate: 68.14%
-------------------------------------------------
Sampled: 10000 of 20000, 50.00%
Report interval Metrop. Acceptance rate: 68.38%
Overall Metrop. Acceptance rate: 68.26%
-------------------------------------------------
Sampled: 15000 of 20000, 75.00%
Report interval Metrop. Acceptance rate: 73.24%
Overall Metrop. Acceptance rate: 69.92%
-------------------------------------------------
Sampled: 20000 of 20000, 100.00%
Report interval Metrop. Acceptance rate: 72.28%
Overall Metrop. Acceptance rate: 70.51%
-------------------------------------------------
[1] "zero distance: 100, sigma^2: 2, beta: 0.41, simulation: 323"
[1] "no_corr"
[1] "pc_exp"
[1] "pc_exp_raw_1"
[1] "pc_exp_raw_sigma"
[1] "pc_exp_norm_1"
[1] "pc_exp_norm_sigma"
[1] "pc_sqexp"
[1] "pc_sqexp_raw_1"
[1] "pc_sqexp_raw_sigma"
[1] "pc_sqexp_norm_1"
[1] "pc_sqexp_norm_sigma"
[1] "nngp"
----------------------------------------
	Building the neighbor list
----------------------------------------
----------------------------------------
	Model description
----------------------------------------
NNGP Response model fit with 1424 observations.

Number of covariates 2 (including intercept if specified).

Using the gaussian spatial correlation model.

Using 10 nearest neighbors.

Number of MCMC samples 20000.

Priors and hyperpriors:
	beta flat.
	sigma.sq IG hyperpriors shape=2.00000 and scale=2.41125
	tau.sq IG hyperpriors shape=2.00000 and scale=0.01000
	phi Unif hyperpriors a=0.01314 and b=0.52565

Source compiled with OpenMP support and model fit using 10 thread(s).
----------------------------------------
		Sampling
----------------------------------------
Sampled: 5000 of 20000, 25.00%
Report interval Metrop. Acceptance rate: 57.38%
Overall Metrop. Acceptance rate: 57.38%
-------------------------------------------------
Sampled: 10000 of 20000, 50.00%
Report interval Metrop. Acceptance rate: 56.88%
Overall Metrop. Acceptance rate: 57.13%
-------------------------------------------------
Sampled: 15000 of 20000, 75.00%
Report interval Metrop. Acceptance rate: 57.98%
Overall Metrop. Acceptance rate: 57.41%
-------------------------------------------------
Sampled: 20000 of 20000, 100.00%
Report interval Metrop. Acceptance rate: 57.80%
Overall Metrop. Acceptance rate: 57.51%
-------------------------------------------------
[1] "zero distance: 100, sigma^2: 2, beta: 0.41, simulation: 324"
[1] "no_corr"
[1] "pc_exp"
[1] "pc_exp_raw_1"
[1] "pc_exp_raw_sigma"
[1] "pc_exp_norm_1"
[1] "pc_exp_norm_sigma"
[1] "pc_sqexp"
[1] "pc_sqexp_raw_1"
[1] "pc_sqexp_raw_sigma"
[1] "pc_sqexp_norm_1"
[1] "pc_sqexp_norm_sigma"
[1] "nngp"
----------------------------------------
	Building the neighbor list
----------------------------------------
----------------------------------------
	Model description
----------------------------------------
NNGP Response model fit with 1321 observations.

Number of covariates 2 (including intercept if specified).

Using the gaussian spatial correlation model.

Using 10 nearest neighbors.

Number of MCMC samples 20000.

Priors and hyperpriors:
	beta flat.
	sigma.sq IG hyperpriors shape=2.00000 and scale=1.87431
	tau.sq IG hyperpriors shape=2.00000 and scale=0.01000
	phi Unif hyperpriors a=0.01314 and b=0.52565

Source compiled with OpenMP support and model fit using 10 thread(s).
----------------------------------------
		Sampling
----------------------------------------
Sampled: 5000 of 20000, 25.00%
Report interval Metrop. Acceptance rate: 61.82%
Overall Metrop. Acceptance rate: 61.82%
-------------------------------------------------
Sampled: 10000 of 20000, 50.00%
Report interval Metrop. Acceptance rate: 62.76%
Overall Metrop. Acceptance rate: 62.29%
-------------------------------------------------
Sampled: 15000 of 20000, 75.00%
Report interval Metrop. Acceptance rate: 61.94%
Overall Metrop. Acceptance rate: 62.17%
-------------------------------------------------
Sampled: 20000 of 20000, 100.00%
Report interval Metrop. Acceptance rate: 62.42%
Overall Metrop. Acceptance rate: 62.23%
-------------------------------------------------
[1] "zero distance: 100, sigma^2: 2, beta: 0.41, simulation: 325"
[1] "no_corr"
[1] "pc_exp"
[1] "pc_exp_raw_1"
[1] "pc_exp_raw_sigma"
[1] "pc_exp_norm_1"
[1] "pc_exp_norm_sigma"
[1] "pc_sqexp"
[1] "pc_sqexp_raw_1"
[1] "pc_sqexp_raw_sigma"
[1] "pc_sqexp_norm_1"
[1] "pc_sqexp_norm_sigma"
[1] "nngp"
----------------------------------------
	Building the neighbor list
----------------------------------------
----------------------------------------
	Model description
----------------------------------------
NNGP Response model fit with 1310 observations.

Number of covariates 2 (including intercept if specified).

Using the gaussian spatial correlation model.

Using 10 nearest neighbors.

Number of MCMC samples 20000.

Priors and hyperpriors:
	beta flat.
	sigma.sq IG hyperpriors shape=2.00000 and scale=2.44752
	tau.sq IG hyperpriors shape=2.00000 and scale=0.01000
	phi Unif hyperpriors a=0.01314 and b=0.52565

Source compiled with OpenMP support and model fit using 10 thread(s).
----------------------------------------
		Sampling
----------------------------------------
Sampled: 5000 of 20000, 25.00%
Report interval Metrop. Acceptance rate: 54.02%
Overall Metrop. Acceptance rate: 54.02%
-------------------------------------------------
Sampled: 10000 of 20000, 50.00%
Report interval Metrop. Acceptance rate: 55.06%
Overall Metrop. Acceptance rate: 54.54%
-------------------------------------------------
Sampled: 15000 of 20000, 75.00%
Report interval Metrop. Acceptance rate: 59.40%
Overall Metrop. Acceptance rate: 56.16%
-------------------------------------------------
Sampled: 20000 of 20000, 100.00%
Report interval Metrop. Acceptance rate: 61.00%
Overall Metrop. Acceptance rate: 57.37%
-------------------------------------------------
[1] "zero distance: 100, sigma^2: 2, beta: 0.41, simulation: 326"
[1] "no_corr"
[1] "pc_exp"
[1] "pc_exp_raw_1"
[1] "pc_exp_raw_sigma"
[1] "pc_exp_norm_1"
[1] "pc_exp_norm_sigma"
[1] "pc_sqexp"
[1] "pc_sqexp_raw_1"
[1] "pc_sqexp_raw_sigma"
[1] "pc_sqexp_norm_1"
[1] "pc_sqexp_norm_sigma"
[1] "nngp"
----------------------------------------
	Building the neighbor list
----------------------------------------
----------------------------------------
	Model description
----------------------------------------
NNGP Response model fit with 1256 observations.

Number of covariates 2 (including intercept if specified).

Using the gaussian spatial correlation model.

Using 10 nearest neighbors.

Number of MCMC samples 20000.

Priors and hyperpriors:
	beta flat.
	sigma.sq IG hyperpriors shape=2.00000 and scale=2.35749
	tau.sq IG hyperpriors shape=2.00000 and scale=0.01000
	phi Unif hyperpriors a=0.01314 and b=0.52565

Source compiled with OpenMP support and model fit using 10 thread(s).
----------------------------------------
		Sampling
----------------------------------------
Sampled: 5000 of 20000, 25.00%
Report interval Metrop. Acceptance rate: 64.94%
Overall Metrop. Acceptance rate: 64.94%
-------------------------------------------------
Sampled: 10000 of 20000, 50.00%
Report interval Metrop. Acceptance rate: 60.62%
Overall Metrop. Acceptance rate: 62.78%
-------------------------------------------------
Sampled: 15000 of 20000, 75.00%
Report interval Metrop. Acceptance rate: 61.90%
Overall Metrop. Acceptance rate: 62.49%
-------------------------------------------------
Sampled: 20000 of 20000, 100.00%
Report interval Metrop. Acceptance rate: 60.96%
Overall Metrop. Acceptance rate: 62.10%
-------------------------------------------------
[1] "zero distance: 100, sigma^2: 2, beta: 0.41, simulation: 327"
[1] "no_corr"
[1] "pc_exp"
[1] "pc_exp_raw_1"
[1] "pc_exp_raw_sigma"
[1] "pc_exp_norm_1"
[1] "pc_exp_norm_sigma"
[1] "pc_sqexp"
[1] "pc_sqexp_raw_1"
[1] "pc_sqexp_raw_sigma"
[1] "pc_sqexp_norm_1"
[1] "pc_sqexp_norm_sigma"
[1] "nngp"
----------------------------------------
	Building the neighbor list
----------------------------------------
----------------------------------------
	Model description
----------------------------------------
NNGP Response model fit with 773 observations.

Number of covariates 2 (including intercept if specified).

Using the gaussian spatial correlation model.

Using 10 nearest neighbors.

Number of MCMC samples 20000.

Priors and hyperpriors:
	beta flat.
	sigma.sq IG hyperpriors shape=2.00000 and scale=1.74101
	tau.sq IG hyperpriors shape=2.00000 and scale=0.01000
	phi Unif hyperpriors a=0.01314 and b=0.52565

Source compiled with OpenMP support and model fit using 10 thread(s).
----------------------------------------
		Sampling
----------------------------------------
Sampled: 5000 of 20000, 25.00%
Report interval Metrop. Acceptance rate: 66.58%
Overall Metrop. Acceptance rate: 66.58%
-------------------------------------------------
Sampled: 10000 of 20000, 50.00%
Report interval Metrop. Acceptance rate: 68.72%
Overall Metrop. Acceptance rate: 67.65%
-------------------------------------------------
Sampled: 15000 of 20000, 75.00%
Report interval Metrop. Acceptance rate: 67.76%
Overall Metrop. Acceptance rate: 67.69%
-------------------------------------------------
Sampled: 20000 of 20000, 100.00%
Report interval Metrop. Acceptance rate: 66.72%
Overall Metrop. Acceptance rate: 67.44%
-------------------------------------------------
[1] "zero distance: 100, sigma^2: 2, beta: 0.41, simulation: 328"
[1] "no_corr"
[1] "pc_exp"
[1] "pc_exp_raw_1"
[1] "pc_exp_raw_sigma"
[1] "pc_exp_norm_1"
[1] "pc_exp_norm_sigma"
[1] "pc_sqexp"
[1] "pc_sqexp_raw_1"
[1] "pc_sqexp_raw_sigma"
[1] "pc_sqexp_norm_1"
[1] "pc_sqexp_norm_sigma"
[1] "nngp"
----------------------------------------
	Building the neighbor list
----------------------------------------
----------------------------------------
	Model description
----------------------------------------
NNGP Response model fit with 1459 observations.

Number of covariates 2 (including intercept if specified).

Using the gaussian spatial correlation model.

Using 10 nearest neighbors.

Number of MCMC samples 20000.

Priors and hyperpriors:
	beta flat.
	sigma.sq IG hyperpriors shape=2.00000 and scale=2.46481
	tau.sq IG hyperpriors shape=2.00000 and scale=0.01000
	phi Unif hyperpriors a=0.01314 and b=0.52565

Source compiled with OpenMP support and model fit using 10 thread(s).
----------------------------------------
		Sampling
----------------------------------------
Sampled: 5000 of 20000, 25.00%
Report interval Metrop. Acceptance rate: 57.80%
Overall Metrop. Acceptance rate: 57.80%
-------------------------------------------------
Sampled: 10000 of 20000, 50.00%
Report interval Metrop. Acceptance rate: 61.76%
Overall Metrop. Acceptance rate: 59.78%
-------------------------------------------------
Sampled: 15000 of 20000, 75.00%
Report interval Metrop. Acceptance rate: 58.82%
Overall Metrop. Acceptance rate: 59.46%
-------------------------------------------------
Sampled: 20000 of 20000, 100.00%
Report interval Metrop. Acceptance rate: 60.56%
Overall Metrop. Acceptance rate: 59.73%
-------------------------------------------------
[1] "zero distance: 100, sigma^2: 2, beta: 0.41, simulation: 329"
[1] "no_corr"
[1] "pc_exp"
[1] "pc_exp_raw_1"
[1] "pc_exp_raw_sigma"
[1] "pc_exp_norm_1"
[1] "pc_exp_norm_sigma"
[1] "pc_sqexp"
[1] "pc_sqexp_raw_1"
[1] "pc_sqexp_raw_sigma"
[1] "pc_sqexp_norm_1"
[1] "pc_sqexp_norm_sigma"
[1] "nngp"
----------------------------------------
	Building the neighbor list
----------------------------------------
----------------------------------------
	Model description
----------------------------------------
NNGP Response model fit with 1777 observations.

Number of covariates 2 (including intercept if specified).

Using the gaussian spatial correlation model.

Using 10 nearest neighbors.

Number of MCMC samples 20000.

Priors and hyperpriors:
	beta flat.
	sigma.sq IG hyperpriors shape=2.00000 and scale=2.15526
	tau.sq IG hyperpriors shape=2.00000 and scale=0.01000
	phi Unif hyperpriors a=0.01314 and b=0.52565

Source compiled with OpenMP support and model fit using 10 thread(s).
----------------------------------------
		Sampling
----------------------------------------
Sampled: 5000 of 20000, 25.00%
Report interval Metrop. Acceptance rate: 52.82%
Overall Metrop. Acceptance rate: 52.82%
-------------------------------------------------
Sampled: 10000 of 20000, 50.00%
Report interval Metrop. Acceptance rate: 51.66%
Overall Metrop. Acceptance rate: 52.24%
-------------------------------------------------
Sampled: 15000 of 20000, 75.00%
Report interval Metrop. Acceptance rate: 50.90%
Overall Metrop. Acceptance rate: 51.79%
-------------------------------------------------
Sampled: 20000 of 20000, 100.00%
Report interval Metrop. Acceptance rate: 50.66%
Overall Metrop. Acceptance rate: 51.51%
-------------------------------------------------
[1] "zero distance: 100, sigma^2: 2, beta: 0.41, simulation: 330"
[1] "no_corr"
[1] "pc_exp"
[1] "pc_exp_raw_1"
[1] "pc_exp_raw_sigma"
[1] "pc_exp_norm_1"
[1] "pc_exp_norm_sigma"
[1] "pc_sqexp"
[1] "pc_sqexp_raw_1"
[1] "pc_sqexp_raw_sigma"
[1] "pc_sqexp_norm_1"
[1] "pc_sqexp_norm_sigma"
[1] "nngp"
----------------------------------------
	Building the neighbor list
----------------------------------------
----------------------------------------
	Model description
----------------------------------------
NNGP Response model fit with 519 observations.

Number of covariates 2 (including intercept if specified).

Using the gaussian spatial correlation model.

Using 10 nearest neighbors.

Number of MCMC samples 20000.

Priors and hyperpriors:
	beta flat.
	sigma.sq IG hyperpriors shape=2.00000 and scale=6.66165
	tau.sq IG hyperpriors shape=2.00000 and scale=0.01000
	phi Unif hyperpriors a=0.01314 and b=0.52565

Source compiled with OpenMP support and model fit using 10 thread(s).
----------------------------------------
		Sampling
----------------------------------------
Sampled: 5000 of 20000, 25.00%
Report interval Metrop. Acceptance rate: 0.00%
Overall Metrop. Acceptance rate: 0.00%
-------------------------------------------------
Sampled: 10000 of 20000, 50.00%
Report interval Metrop. Acceptance rate: 0.00%
Overall Metrop. Acceptance rate: 0.00%
-------------------------------------------------
Sampled: 15000 of 20000, 75.00%
Report interval Metrop. Acceptance rate: 0.00%
Overall Metrop. Acceptance rate: 0.00%
-------------------------------------------------
Sampled: 20000 of 20000, 100.00%
Report interval Metrop. Acceptance rate: 0.00%
Overall Metrop. Acceptance rate: 0.00%
-------------------------------------------------
