[1] "zero distance: 50, sigma^2: 0.5, beta: -1.1, simulation: 1"
[1] "no_corr"
[1] "pc_exp"
[1] "pc_exp_raw_1"
[1] "pc_exp_raw_sigma"
[1] "pc_exp_norm_1"
[1] "pc_exp_norm_sigma"
[1] "pc_sqexp"
[1] "pc_sqexp_raw_1"
[1] "pc_sqexp_raw_sigma"
[1] "pc_sqexp_norm_1"
[1] "pc_sqexp_norm_sigma"
[1] "nngp"
----------------------------------------
	Building the neighbor list
----------------------------------------
----------------------------------------
	Model description
----------------------------------------
NNGP Response model fit with 1530 observations.

Number of covariates 2 (including intercept if specified).

Using the gaussian spatial correlation model.

Using 10 nearest neighbors.

Number of MCMC samples 20000.

Priors and hyperpriors:
	beta flat.
	sigma.sq IG hyperpriors shape=2.00000 and scale=0.75632
	tau.sq IG hyperpriors shape=2.00000 and scale=0.01000
	phi Unif hyperpriors a=0.01314 and b=0.52565

Source compiled with OpenMP support and model fit using 10 thread(s).
----------------------------------------
		Sampling
----------------------------------------
Sampled: 5000 of 20000, 25.00%
Report interval Metrop. Acceptance rate: 71.74%
Overall Metrop. Acceptance rate: 71.74%
-------------------------------------------------
Sampled: 10000 of 20000, 50.00%
Report interval Metrop. Acceptance rate: 76.52%
Overall Metrop. Acceptance rate: 74.13%
-------------------------------------------------
Sampled: 15000 of 20000, 75.00%
Report interval Metrop. Acceptance rate: 76.62%
Overall Metrop. Acceptance rate: 74.96%
-------------------------------------------------
Sampled: 20000 of 20000, 100.00%
Report interval Metrop. Acceptance rate: 75.44%
Overall Metrop. Acceptance rate: 75.08%
-------------------------------------------------
[1] "zero distance: 50, sigma^2: 0.5, beta: -1.1, simulation: 2"
[1] "no_corr"
[1] "pc_exp"
[1] "pc_exp_raw_1"
[1] "pc_exp_raw_sigma"
[1] "pc_exp_norm_1"
[1] "pc_exp_norm_sigma"
[1] "pc_sqexp"
[1] "pc_sqexp_raw_1"
[1] "pc_sqexp_raw_sigma"
[1] "pc_sqexp_norm_1"
[1] "pc_sqexp_norm_sigma"
[1] "nngp"
----------------------------------------
	Building the neighbor list
----------------------------------------
----------------------------------------
	Model description
----------------------------------------
NNGP Response model fit with 809 observations.

Number of covariates 2 (including intercept if specified).

Using the gaussian spatial correlation model.

Using 10 nearest neighbors.

Number of MCMC samples 20000.

Priors and hyperpriors:
	beta flat.
	sigma.sq IG hyperpriors shape=2.00000 and scale=0.39781
	tau.sq IG hyperpriors shape=2.00000 and scale=0.01000
	phi Unif hyperpriors a=0.01314 and b=0.52565

Source compiled with OpenMP support and model fit using 10 thread(s).
----------------------------------------
		Sampling
----------------------------------------
Sampled: 5000 of 20000, 25.00%
Report interval Metrop. Acceptance rate: 68.72%
Overall Metrop. Acceptance rate: 68.72%
-------------------------------------------------
Sampled: 10000 of 20000, 50.00%
Report interval Metrop. Acceptance rate: 68.88%
Overall Metrop. Acceptance rate: 68.80%
-------------------------------------------------
Sampled: 15000 of 20000, 75.00%
Report interval Metrop. Acceptance rate: 69.68%
Overall Metrop. Acceptance rate: 69.09%
-------------------------------------------------
Sampled: 20000 of 20000, 100.00%
Report interval Metrop. Acceptance rate: 69.56%
Overall Metrop. Acceptance rate: 69.21%
-------------------------------------------------
[1] "zero distance: 50, sigma^2: 0.5, beta: -1.1, simulation: 3"
[1] "no_corr"
[1] "pc_exp"
[1] "pc_exp_raw_1"
[1] "pc_exp_raw_sigma"
[1] "pc_exp_norm_1"
[1] "pc_exp_norm_sigma"
[1] "pc_sqexp"
[1] "pc_sqexp_raw_1"
[1] "pc_sqexp_raw_sigma"
[1] "pc_sqexp_norm_1"
[1] "pc_sqexp_norm_sigma"
[1] "nngp"
----------------------------------------
	Building the neighbor list
----------------------------------------
----------------------------------------
	Model description
----------------------------------------
NNGP Response model fit with 1245 observations.

Number of covariates 2 (including intercept if specified).

Using the gaussian spatial correlation model.

Using 10 nearest neighbors.

Number of MCMC samples 20000.

Priors and hyperpriors:
	beta flat.
	sigma.sq IG hyperpriors shape=2.00000 and scale=0.83041
	tau.sq IG hyperpriors shape=2.00000 and scale=0.01000
	phi Unif hyperpriors a=0.01314 and b=0.52565

Source compiled with OpenMP support and model fit using 10 thread(s).
----------------------------------------
		Sampling
----------------------------------------
Sampled: 5000 of 20000, 25.00%
Report interval Metrop. Acceptance rate: 0.00%
Overall Metrop. Acceptance rate: 0.00%
-------------------------------------------------
Sampled: 10000 of 20000, 50.00%
Report interval Metrop. Acceptance rate: 0.00%
Overall Metrop. Acceptance rate: 0.00%
-------------------------------------------------
Sampled: 15000 of 20000, 75.00%
Report interval Metrop. Acceptance rate: 0.00%
Overall Metrop. Acceptance rate: 0.00%
-------------------------------------------------
Sampled: 20000 of 20000, 100.00%
Report interval Metrop. Acceptance rate: 0.00%
Overall Metrop. Acceptance rate: 0.00%
-------------------------------------------------
[1] "zero distance: 50, sigma^2: 0.5, beta: -1.1, simulation: 4"
[1] "no_corr"
[1] "pc_exp"
[1] "pc_exp_raw_1"
[1] "pc_exp_raw_sigma"
[1] "pc_exp_norm_1"
[1] "pc_exp_norm_sigma"
[1] "pc_sqexp"
[1] "pc_sqexp_raw_1"
[1] "pc_sqexp_raw_sigma"
[1] "pc_sqexp_norm_1"
[1] "pc_sqexp_norm_sigma"
[1] "nngp"
----------------------------------------
	Building the neighbor list
----------------------------------------
----------------------------------------
	Model description
----------------------------------------
NNGP Response model fit with 1245 observations.

Number of covariates 2 (including intercept if specified).

Using the gaussian spatial correlation model.

Using 10 nearest neighbors.

Number of MCMC samples 20000.

Priors and hyperpriors:
	beta flat.
	sigma.sq IG hyperpriors shape=2.00000 and scale=0.52832
	tau.sq IG hyperpriors shape=2.00000 and scale=0.01000
	phi Unif hyperpriors a=0.01314 and b=0.52565

Source compiled with OpenMP support and model fit using 10 thread(s).
----------------------------------------
		Sampling
----------------------------------------
Sampled: 5000 of 20000, 25.00%
Report interval Metrop. Acceptance rate: 64.04%
Overall Metrop. Acceptance rate: 64.04%
-------------------------------------------------
Sampled: 10000 of 20000, 50.00%
Report interval Metrop. Acceptance rate: 64.18%
Overall Metrop. Acceptance rate: 64.11%
-------------------------------------------------
Sampled: 15000 of 20000, 75.00%
Report interval Metrop. Acceptance rate: 66.46%
Overall Metrop. Acceptance rate: 64.89%
-------------------------------------------------
Sampled: 20000 of 20000, 100.00%
Report interval Metrop. Acceptance rate: 80.88%
Overall Metrop. Acceptance rate: 68.89%
-------------------------------------------------
[1] "zero distance: 50, sigma^2: 0.5, beta: -1.1, simulation: 5"
[1] "no_corr"
[1] "pc_exp"
[1] "pc_exp_raw_1"
[1] "pc_exp_raw_sigma"
[1] "pc_exp_norm_1"
[1] "pc_exp_norm_sigma"
[1] "pc_sqexp"
[1] "pc_sqexp_raw_1"
[1] "pc_sqexp_raw_sigma"
[1] "pc_sqexp_norm_1"
[1] "pc_sqexp_norm_sigma"
[1] "nngp"
----------------------------------------
	Building the neighbor list
----------------------------------------
----------------------------------------
	Model description
----------------------------------------
NNGP Response model fit with 1196 observations.

Number of covariates 2 (including intercept if specified).

Using the gaussian spatial correlation model.

Using 10 nearest neighbors.

Number of MCMC samples 20000.

Priors and hyperpriors:
	beta flat.
	sigma.sq IG hyperpriors shape=2.00000 and scale=0.44017
	tau.sq IG hyperpriors shape=2.00000 and scale=0.01000
	phi Unif hyperpriors a=0.01314 and b=0.52565

Source compiled with OpenMP support and model fit using 10 thread(s).
----------------------------------------
		Sampling
----------------------------------------
Sampled: 5000 of 20000, 25.00%
Report interval Metrop. Acceptance rate: 65.82%
Overall Metrop. Acceptance rate: 65.82%
-------------------------------------------------
Sampled: 10000 of 20000, 50.00%
Report interval Metrop. Acceptance rate: 82.72%
Overall Metrop. Acceptance rate: 74.27%
-------------------------------------------------
Sampled: 15000 of 20000, 75.00%
Report interval Metrop. Acceptance rate: 83.36%
Overall Metrop. Acceptance rate: 77.30%
-------------------------------------------------
Sampled: 20000 of 20000, 100.00%
Report interval Metrop. Acceptance rate: 81.68%
Overall Metrop. Acceptance rate: 78.39%
-------------------------------------------------
[1] "zero distance: 50, sigma^2: 0.5, beta: -1.1, simulation: 6"
[1] "no_corr"
[1] "pc_exp"
[1] "pc_exp_raw_1"
[1] "pc_exp_raw_sigma"
[1] "pc_exp_norm_1"
[1] "pc_exp_norm_sigma"
[1] "pc_sqexp"
[1] "pc_sqexp_raw_1"
[1] "pc_sqexp_raw_sigma"
[1] "pc_sqexp_norm_1"
[1] "pc_sqexp_norm_sigma"
[1] "nngp"
