[1] "zero distance: 50, sigma^2: 1, beta: 1.1, simulation: 901"
[1] "no_corr"
[1] "pc_exp"
[1] "pc_exp_raw_1"
[1] "pc_exp_raw_sigma"
[1] "pc_exp_norm_1"
[1] "pc_exp_norm_sigma"
[1] "pc_sqexp"
[1] "pc_sqexp_raw_1"
[1] "pc_sqexp_raw_sigma"
[1] "pc_sqexp_norm_1"
[1] "pc_sqexp_norm_sigma"
[1] "nngp"
----------------------------------------
	Building the neighbor list
----------------------------------------
----------------------------------------
	Model description
----------------------------------------
NNGP Response model fit with 1073 observations.

Number of covariates 2 (including intercept if specified).

Using the gaussian spatial correlation model.

Using 10 nearest neighbors.

Number of MCMC samples 20000.

Priors and hyperpriors:
	beta flat.
	sigma.sq IG hyperpriors shape=2.00000 and scale=1.32055
	tau.sq IG hyperpriors shape=2.00000 and scale=0.01000
	phi Unif hyperpriors a=0.01314 and b=0.52565

Source compiled with OpenMP support and model fit using 10 thread(s).
----------------------------------------
		Sampling
----------------------------------------
Sampled: 5000 of 20000, 25.00%
Report interval Metrop. Acceptance rate: 65.92%
Overall Metrop. Acceptance rate: 65.92%
-------------------------------------------------
Sampled: 10000 of 20000, 50.00%
Report interval Metrop. Acceptance rate: 65.82%
Overall Metrop. Acceptance rate: 65.87%
-------------------------------------------------
Sampled: 15000 of 20000, 75.00%
Report interval Metrop. Acceptance rate: 67.04%
Overall Metrop. Acceptance rate: 66.26%
-------------------------------------------------
Sampled: 20000 of 20000, 100.00%
Report interval Metrop. Acceptance rate: 65.10%
Overall Metrop. Acceptance rate: 65.97%
-------------------------------------------------
[1] "zero distance: 50, sigma^2: 1, beta: 1.1, simulation: 902"
[1] "no_corr"
[1] "pc_exp"
[1] "pc_exp_raw_1"
[1] "pc_exp_raw_sigma"
[1] "pc_exp_norm_1"
[1] "pc_exp_norm_sigma"
[1] "pc_sqexp"
[1] "pc_sqexp_raw_1"
[1] "pc_sqexp_raw_sigma"
[1] "pc_sqexp_norm_1"
[1] "pc_sqexp_norm_sigma"
[1] "nngp"
----------------------------------------
	Building the neighbor list
----------------------------------------
----------------------------------------
	Model description
----------------------------------------
NNGP Response model fit with 716 observations.

Number of covariates 2 (including intercept if specified).

Using the gaussian spatial correlation model.

Using 10 nearest neighbors.

Number of MCMC samples 20000.

Priors and hyperpriors:
	beta flat.
	sigma.sq IG hyperpriors shape=2.00000 and scale=0.85440
	tau.sq IG hyperpriors shape=2.00000 and scale=0.01000
	phi Unif hyperpriors a=0.01314 and b=0.52565

Source compiled with OpenMP support and model fit using 10 thread(s).
----------------------------------------
		Sampling
----------------------------------------
Sampled: 5000 of 20000, 25.00%
Report interval Metrop. Acceptance rate: 0.00%
Overall Metrop. Acceptance rate: 0.00%
-------------------------------------------------
Sampled: 10000 of 20000, 50.00%
Report interval Metrop. Acceptance rate: 0.00%
Overall Metrop. Acceptance rate: 0.00%
-------------------------------------------------
Sampled: 15000 of 20000, 75.00%
Report interval Metrop. Acceptance rate: 0.00%
Overall Metrop. Acceptance rate: 0.00%
-------------------------------------------------
Sampled: 20000 of 20000, 100.00%
Report interval Metrop. Acceptance rate: 0.00%
Overall Metrop. Acceptance rate: 0.00%
-------------------------------------------------
[1] "zero distance: 50, sigma^2: 1, beta: 1.1, simulation: 903"
[1] "no_corr"
[1] "pc_exp"
[1] "pc_exp_raw_1"
[1] "pc_exp_raw_sigma"
[1] "pc_exp_norm_1"
[1] "pc_exp_norm_sigma"
[1] "pc_sqexp"
[1] "pc_sqexp_raw_1"
[1] "pc_sqexp_raw_sigma"
[1] "pc_sqexp_norm_1"
[1] "pc_sqexp_norm_sigma"
[1] "nngp"
----------------------------------------
	Building the neighbor list
----------------------------------------
----------------------------------------
	Model description
----------------------------------------
NNGP Response model fit with 1451 observations.

Number of covariates 2 (including intercept if specified).

Using the gaussian spatial correlation model.

Using 10 nearest neighbors.

Number of MCMC samples 20000.

Priors and hyperpriors:
	beta flat.
	sigma.sq IG hyperpriors shape=2.00000 and scale=1.54789
	tau.sq IG hyperpriors shape=2.00000 and scale=0.01000
	phi Unif hyperpriors a=0.01314 and b=0.52565

Source compiled with OpenMP support and model fit using 10 thread(s).
----------------------------------------
		Sampling
----------------------------------------
Sampled: 5000 of 20000, 25.00%
Report interval Metrop. Acceptance rate: 61.00%
Overall Metrop. Acceptance rate: 61.00%
-------------------------------------------------
Sampled: 10000 of 20000, 50.00%
Report interval Metrop. Acceptance rate: 62.72%
Overall Metrop. Acceptance rate: 61.86%
-------------------------------------------------
Sampled: 15000 of 20000, 75.00%
Report interval Metrop. Acceptance rate: 63.18%
Overall Metrop. Acceptance rate: 62.30%
-------------------------------------------------
Sampled: 20000 of 20000, 100.00%
Report interval Metrop. Acceptance rate: 64.18%
Overall Metrop. Acceptance rate: 62.77%
-------------------------------------------------
[1] "zero distance: 50, sigma^2: 1, beta: 1.1, simulation: 904"
[1] "no_corr"
[1] "pc_exp"
[1] "pc_exp_raw_1"
[1] "pc_exp_raw_sigma"
[1] "pc_exp_norm_1"
[1] "pc_exp_norm_sigma"
[1] "pc_sqexp"
[1] "pc_sqexp_raw_1"
[1] "pc_sqexp_raw_sigma"
[1] "pc_sqexp_norm_1"
[1] "pc_sqexp_norm_sigma"
[1] "nngp"
----------------------------------------
	Building the neighbor list
----------------------------------------
----------------------------------------
	Model description
----------------------------------------
NNGP Response model fit with 1223 observations.

Number of covariates 2 (including intercept if specified).

Using the gaussian spatial correlation model.

Using 10 nearest neighbors.

Number of MCMC samples 20000.

Priors and hyperpriors:
	beta flat.
	sigma.sq IG hyperpriors shape=2.00000 and scale=1.13854
	tau.sq IG hyperpriors shape=2.00000 and scale=0.01000
	phi Unif hyperpriors a=0.01314 and b=0.52565

Source compiled with OpenMP support and model fit using 10 thread(s).
----------------------------------------
		Sampling
----------------------------------------
Sampled: 5000 of 20000, 25.00%
Report interval Metrop. Acceptance rate: 67.16%
Overall Metrop. Acceptance rate: 67.16%
-------------------------------------------------
Sampled: 10000 of 20000, 50.00%
Report interval Metrop. Acceptance rate: 70.82%
Overall Metrop. Acceptance rate: 68.99%
-------------------------------------------------
Sampled: 15000 of 20000, 75.00%
Report interval Metrop. Acceptance rate: 70.64%
Overall Metrop. Acceptance rate: 69.54%
-------------------------------------------------
Sampled: 20000 of 20000, 100.00%
Report interval Metrop. Acceptance rate: 70.38%
Overall Metrop. Acceptance rate: 69.75%
-------------------------------------------------
[1] "zero distance: 50, sigma^2: 1, beta: 1.1, simulation: 905"
[1] "no_corr"
[1] "pc_exp"
[1] "pc_exp_raw_1"
[1] "pc_exp_raw_sigma"
[1] "pc_exp_norm_1"
[1] "pc_exp_norm_sigma"
[1] "pc_sqexp"
[1] "pc_sqexp_raw_1"
[1] "pc_sqexp_raw_sigma"
[1] "pc_sqexp_norm_1"
[1] "pc_sqexp_norm_sigma"
[1] "nngp"
----------------------------------------
	Building the neighbor list
----------------------------------------
----------------------------------------
	Model description
----------------------------------------
NNGP Response model fit with 987 observations.

Number of covariates 2 (including intercept if specified).

Using the gaussian spatial correlation model.

Using 10 nearest neighbors.

Number of MCMC samples 20000.

Priors and hyperpriors:
	beta flat.
	sigma.sq IG hyperpriors shape=2.00000 and scale=1.31457
	tau.sq IG hyperpriors shape=2.00000 and scale=0.01000
	phi Unif hyperpriors a=0.01314 and b=0.52565

Source compiled with OpenMP support and model fit using 10 thread(s).
----------------------------------------
		Sampling
----------------------------------------
Sampled: 5000 of 20000, 25.00%
Report interval Metrop. Acceptance rate: 66.60%
Overall Metrop. Acceptance rate: 66.60%
-------------------------------------------------
Sampled: 10000 of 20000, 50.00%
Report interval Metrop. Acceptance rate: 65.62%
Overall Metrop. Acceptance rate: 66.11%
-------------------------------------------------
Sampled: 15000 of 20000, 75.00%
Report interval Metrop. Acceptance rate: 67.24%
Overall Metrop. Acceptance rate: 66.49%
-------------------------------------------------
Sampled: 20000 of 20000, 100.00%
Report interval Metrop. Acceptance rate: 67.66%
Overall Metrop. Acceptance rate: 66.78%
-------------------------------------------------
[1] "zero distance: 50, sigma^2: 1, beta: 1.1, simulation: 906"
[1] "no_corr"
[1] "pc_exp"
[1] "pc_exp_raw_1"
[1] "pc_exp_raw_sigma"
[1] "pc_exp_norm_1"
[1] "pc_exp_norm_sigma"
[1] "pc_sqexp"
[1] "pc_sqexp_raw_1"
[1] "pc_sqexp_raw_sigma"
[1] "pc_sqexp_norm_1"
[1] "pc_sqexp_norm_sigma"
[1] "nngp"
----------------------------------------
	Building the neighbor list
----------------------------------------
----------------------------------------
	Model description
----------------------------------------
NNGP Response model fit with 1430 observations.

Number of covariates 2 (including intercept if specified).

Using the gaussian spatial correlation model.

Using 10 nearest neighbors.

Number of MCMC samples 20000.

Priors and hyperpriors:
	beta flat.
	sigma.sq IG hyperpriors shape=2.00000 and scale=1.48189
	tau.sq IG hyperpriors shape=2.00000 and scale=0.01000
	phi Unif hyperpriors a=0.01314 and b=0.52565

Source compiled with OpenMP support and model fit using 10 thread(s).
----------------------------------------
		Sampling
----------------------------------------
Sampled: 5000 of 20000, 25.00%
Report interval Metrop. Acceptance rate: 62.96%
Overall Metrop. Acceptance rate: 62.96%
-------------------------------------------------
Sampled: 10000 of 20000, 50.00%
Report interval Metrop. Acceptance rate: 67.88%
Overall Metrop. Acceptance rate: 65.42%
-------------------------------------------------
Sampled: 15000 of 20000, 75.00%
Report interval Metrop. Acceptance rate: 68.62%
Overall Metrop. Acceptance rate: 66.49%
-------------------------------------------------
Sampled: 20000 of 20000, 100.00%
Report interval Metrop. Acceptance rate: 66.86%
Overall Metrop. Acceptance rate: 66.58%
-------------------------------------------------
[1] "zero distance: 50, sigma^2: 1, beta: 1.1, simulation: 907"
[1] "no_corr"
[1] "pc_exp"
[1] "pc_exp_raw_1"
[1] "pc_exp_raw_sigma"
[1] "pc_exp_norm_1"
[1] "pc_exp_norm_sigma"
[1] "pc_sqexp"
[1] "pc_sqexp_raw_1"
[1] "pc_sqexp_raw_sigma"
[1] "pc_sqexp_norm_1"
[1] "pc_sqexp_norm_sigma"
[1] "nngp"
----------------------------------------
	Building the neighbor list
----------------------------------------
----------------------------------------
	Model description
----------------------------------------
NNGP Response model fit with 1101 observations.

Number of covariates 2 (including intercept if specified).

Using the gaussian spatial correlation model.

Using 10 nearest neighbors.

Number of MCMC samples 20000.

Priors and hyperpriors:
	beta flat.
	sigma.sq IG hyperpriors shape=2.00000 and scale=1.65047
	tau.sq IG hyperpriors shape=2.00000 and scale=0.01000
	phi Unif hyperpriors a=0.01314 and b=0.52565

Source compiled with OpenMP support and model fit using 10 thread(s).
----------------------------------------
		Sampling
----------------------------------------
Sampled: 5000 of 20000, 25.00%
Report interval Metrop. Acceptance rate: 66.30%
Overall Metrop. Acceptance rate: 66.30%
-------------------------------------------------
Sampled: 10000 of 20000, 50.00%
Report interval Metrop. Acceptance rate: 64.72%
Overall Metrop. Acceptance rate: 65.51%
-------------------------------------------------
Sampled: 15000 of 20000, 75.00%
Report interval Metrop. Acceptance rate: 65.74%
Overall Metrop. Acceptance rate: 65.59%
-------------------------------------------------
Sampled: 20000 of 20000, 100.00%
Report interval Metrop. Acceptance rate: 67.30%
Overall Metrop. Acceptance rate: 66.02%
-------------------------------------------------
[1] "zero distance: 50, sigma^2: 1, beta: 1.1, simulation: 908"
[1] "no_corr"
[1] "pc_exp"
[1] "pc_exp_raw_1"
[1] "pc_exp_raw_sigma"
[1] "pc_exp_norm_1"
[1] "pc_exp_norm_sigma"
[1] "pc_sqexp"
[1] "pc_sqexp_raw_1"
[1] "pc_sqexp_raw_sigma"
[1] "pc_sqexp_norm_1"
[1] "pc_sqexp_norm_sigma"
[1] "nngp"
----------------------------------------
	Building the neighbor list
----------------------------------------
----------------------------------------
	Model description
----------------------------------------
NNGP Response model fit with 1349 observations.

Number of covariates 2 (including intercept if specified).

Using the gaussian spatial correlation model.

Using 10 nearest neighbors.

Number of MCMC samples 20000.

Priors and hyperpriors:
	beta flat.
	sigma.sq IG hyperpriors shape=2.00000 and scale=1.20936
	tau.sq IG hyperpriors shape=2.00000 and scale=0.01000
	phi Unif hyperpriors a=0.01314 and b=0.52565

Source compiled with OpenMP support and model fit using 10 thread(s).
----------------------------------------
		Sampling
----------------------------------------
Sampled: 5000 of 20000, 25.00%
Report interval Metrop. Acceptance rate: 61.70%
Overall Metrop. Acceptance rate: 61.70%
-------------------------------------------------
Sampled: 10000 of 20000, 50.00%
Report interval Metrop. Acceptance rate: 62.62%
Overall Metrop. Acceptance rate: 62.16%
-------------------------------------------------
Sampled: 15000 of 20000, 75.00%
Report interval Metrop. Acceptance rate: 62.86%
Overall Metrop. Acceptance rate: 62.39%
-------------------------------------------------
Sampled: 20000 of 20000, 100.00%
Report interval Metrop. Acceptance rate: 63.88%
Overall Metrop. Acceptance rate: 62.77%
-------------------------------------------------
[1] "zero distance: 50, sigma^2: 1, beta: 1.1, simulation: 909"
[1] "no_corr"
[1] "pc_exp"
[1] "pc_exp_raw_1"
[1] "pc_exp_raw_sigma"
[1] "pc_exp_norm_1"
[1] "pc_exp_norm_sigma"
[1] "pc_sqexp"
[1] "pc_sqexp_raw_1"
[1] "pc_sqexp_raw_sigma"
[1] "pc_sqexp_norm_1"
[1] "pc_sqexp_norm_sigma"
[1] "nngp"
----------------------------------------
	Building the neighbor list
----------------------------------------
----------------------------------------
	Model description
----------------------------------------
NNGP Response model fit with 1713 observations.

Number of covariates 2 (including intercept if specified).

Using the gaussian spatial correlation model.

Using 10 nearest neighbors.

Number of MCMC samples 20000.

Priors and hyperpriors:
	beta flat.
	sigma.sq IG hyperpriors shape=2.00000 and scale=1.73450
	tau.sq IG hyperpriors shape=2.00000 and scale=0.01000
	phi Unif hyperpriors a=0.01314 and b=0.52565

Source compiled with OpenMP support and model fit using 10 thread(s).
----------------------------------------
		Sampling
----------------------------------------
Sampled: 5000 of 20000, 25.00%
Report interval Metrop. Acceptance rate: 58.64%
Overall Metrop. Acceptance rate: 58.64%
-------------------------------------------------
Sampled: 10000 of 20000, 50.00%
Report interval Metrop. Acceptance rate: 59.62%
Overall Metrop. Acceptance rate: 59.13%
-------------------------------------------------
Sampled: 15000 of 20000, 75.00%
Report interval Metrop. Acceptance rate: 60.80%
Overall Metrop. Acceptance rate: 59.69%
-------------------------------------------------
Sampled: 20000 of 20000, 100.00%
Report interval Metrop. Acceptance rate: 59.04%
Overall Metrop. Acceptance rate: 59.52%
-------------------------------------------------
[1] "zero distance: 50, sigma^2: 1, beta: 1.1, simulation: 910"
[1] "no_corr"
[1] "pc_exp"
[1] "pc_exp_raw_1"
[1] "pc_exp_raw_sigma"
[1] "pc_exp_norm_1"
[1] "pc_exp_norm_sigma"
[1] "pc_sqexp"
[1] "pc_sqexp_raw_1"
[1] "pc_sqexp_raw_sigma"
[1] "pc_sqexp_norm_1"
[1] "pc_sqexp_norm_sigma"
[1] "nngp"
----------------------------------------
	Building the neighbor list
----------------------------------------
----------------------------------------
	Model description
----------------------------------------
NNGP Response model fit with 983 observations.

Number of covariates 2 (including intercept if specified).

Using the gaussian spatial correlation model.

Using 10 nearest neighbors.

Number of MCMC samples 20000.

Priors and hyperpriors:
	beta flat.
	sigma.sq IG hyperpriors shape=2.00000 and scale=2.07308
	tau.sq IG hyperpriors shape=2.00000 and scale=0.01000
	phi Unif hyperpriors a=0.01314 and b=0.52565

Source compiled with OpenMP support and model fit using 10 thread(s).
----------------------------------------
		Sampling
----------------------------------------
Sampled: 5000 of 20000, 25.00%
Report interval Metrop. Acceptance rate: 67.06%
Overall Metrop. Acceptance rate: 67.06%
-------------------------------------------------
Sampled: 10000 of 20000, 50.00%
Report interval Metrop. Acceptance rate: 67.62%
Overall Metrop. Acceptance rate: 67.34%
-------------------------------------------------
Sampled: 15000 of 20000, 75.00%
Report interval Metrop. Acceptance rate: 67.28%
Overall Metrop. Acceptance rate: 67.32%
-------------------------------------------------
Sampled: 20000 of 20000, 100.00%
Report interval Metrop. Acceptance rate: 66.28%
Overall Metrop. Acceptance rate: 67.06%
-------------------------------------------------
[1] "zero distance: 50, sigma^2: 1, beta: 1.1, simulation: 911"
[1] "no_corr"
[1] "pc_exp"
[1] "pc_exp_raw_1"
[1] "pc_exp_raw_sigma"
[1] "pc_exp_norm_1"
[1] "pc_exp_norm_sigma"
[1] "pc_sqexp"
[1] "pc_sqexp_raw_1"
[1] "pc_sqexp_raw_sigma"
[1] "pc_sqexp_norm_1"
[1] "pc_sqexp_norm_sigma"
[1] "nngp"
----------------------------------------
	Building the neighbor list
----------------------------------------
----------------------------------------
	Model description
----------------------------------------
NNGP Response model fit with 742 observations.

Number of covariates 2 (including intercept if specified).

Using the gaussian spatial correlation model.

Using 10 nearest neighbors.

Number of MCMC samples 20000.

Priors and hyperpriors:
	beta flat.
	sigma.sq IG hyperpriors shape=2.00000 and scale=1.55029
	tau.sq IG hyperpriors shape=2.00000 and scale=0.01000
	phi Unif hyperpriors a=0.01314 and b=0.52565

Source compiled with OpenMP support and model fit using 10 thread(s).
----------------------------------------
		Sampling
----------------------------------------
Sampled: 5000 of 20000, 25.00%
Report interval Metrop. Acceptance rate: 71.20%
Overall Metrop. Acceptance rate: 71.20%
-------------------------------------------------
Sampled: 10000 of 20000, 50.00%
Report interval Metrop. Acceptance rate: 71.46%
Overall Metrop. Acceptance rate: 71.33%
-------------------------------------------------
Sampled: 15000 of 20000, 75.00%
Report interval Metrop. Acceptance rate: 70.60%
Overall Metrop. Acceptance rate: 71.09%
-------------------------------------------------
Sampled: 20000 of 20000, 100.00%
Report interval Metrop. Acceptance rate: 70.98%
Overall Metrop. Acceptance rate: 71.06%
-------------------------------------------------
[1] "zero distance: 50, sigma^2: 1, beta: 1.1, simulation: 912"
[1] "no_corr"
[1] "pc_exp"
[1] "pc_exp_raw_1"
[1] "pc_exp_raw_sigma"
[1] "pc_exp_norm_1"
[1] "pc_exp_norm_sigma"
[1] "pc_sqexp"
[1] "pc_sqexp_raw_1"
[1] "pc_sqexp_raw_sigma"
[1] "pc_sqexp_norm_1"
[1] "pc_sqexp_norm_sigma"
[1] "nngp"
----------------------------------------
	Building the neighbor list
----------------------------------------
----------------------------------------
	Model description
----------------------------------------
NNGP Response model fit with 1192 observations.

Number of covariates 2 (including intercept if specified).

Using the gaussian spatial correlation model.

Using 10 nearest neighbors.

Number of MCMC samples 20000.

Priors and hyperpriors:
	beta flat.
	sigma.sq IG hyperpriors shape=2.00000 and scale=1.02391
	tau.sq IG hyperpriors shape=2.00000 and scale=0.01000
	phi Unif hyperpriors a=0.01314 and b=0.52565

Source compiled with OpenMP support and model fit using 10 thread(s).
----------------------------------------
		Sampling
----------------------------------------
Sampled: 5000 of 20000, 25.00%
Report interval Metrop. Acceptance rate: 63.96%
Overall Metrop. Acceptance rate: 63.96%
-------------------------------------------------
Sampled: 10000 of 20000, 50.00%
Report interval Metrop. Acceptance rate: 64.20%
Overall Metrop. Acceptance rate: 64.08%
-------------------------------------------------
Sampled: 15000 of 20000, 75.00%
Report interval Metrop. Acceptance rate: 65.94%
Overall Metrop. Acceptance rate: 64.70%
-------------------------------------------------
Sampled: 20000 of 20000, 100.00%
Report interval Metrop. Acceptance rate: 64.20%
Overall Metrop. Acceptance rate: 64.58%
-------------------------------------------------
[1] "zero distance: 50, sigma^2: 1, beta: 1.1, simulation: 913"
[1] "no_corr"
[1] "pc_exp"
[1] "pc_exp_raw_1"
[1] "pc_exp_raw_sigma"
[1] "pc_exp_norm_1"
[1] "pc_exp_norm_sigma"
[1] "pc_sqexp"
[1] "pc_sqexp_raw_1"
[1] "pc_sqexp_raw_sigma"
[1] "pc_sqexp_norm_1"
[1] "pc_sqexp_norm_sigma"
[1] "nngp"
----------------------------------------
	Building the neighbor list
----------------------------------------
----------------------------------------
	Model description
----------------------------------------
NNGP Response model fit with 1205 observations.

Number of covariates 2 (including intercept if specified).

Using the gaussian spatial correlation model.

Using 10 nearest neighbors.

Number of MCMC samples 20000.

Priors and hyperpriors:
	beta flat.
	sigma.sq IG hyperpriors shape=2.00000 and scale=1.25006
	tau.sq IG hyperpriors shape=2.00000 and scale=0.01000
	phi Unif hyperpriors a=0.01314 and b=0.52565

Source compiled with OpenMP support and model fit using 10 thread(s).
----------------------------------------
		Sampling
----------------------------------------
Sampled: 5000 of 20000, 25.00%
Report interval Metrop. Acceptance rate: 64.48%
Overall Metrop. Acceptance rate: 64.48%
-------------------------------------------------
Sampled: 10000 of 20000, 50.00%
Report interval Metrop. Acceptance rate: 66.86%
Overall Metrop. Acceptance rate: 65.67%
-------------------------------------------------
Sampled: 15000 of 20000, 75.00%
Report interval Metrop. Acceptance rate: 66.62%
Overall Metrop. Acceptance rate: 65.99%
-------------------------------------------------
Sampled: 20000 of 20000, 100.00%
Report interval Metrop. Acceptance rate: 66.32%
Overall Metrop. Acceptance rate: 66.07%
-------------------------------------------------
[1] "zero distance: 50, sigma^2: 1, beta: 1.1, simulation: 914"
[1] "no_corr"
