[1] "zero distance: 50, sigma^2: 0.5, beta: -1.1, simulation: 501"
[1] "no_corr"
[1] "pc_exp"
[1] "pc_exp_raw_1"
[1] "pc_exp_raw_sigma"
[1] "pc_exp_norm_1"
[1] "pc_exp_norm_sigma"
[1] "pc_sqexp"
[1] "pc_sqexp_raw_1"
[1] "pc_sqexp_raw_sigma"
[1] "pc_sqexp_norm_1"
[1] "pc_sqexp_norm_sigma"
[1] "nngp"
----------------------------------------
	Building the neighbor list
----------------------------------------
----------------------------------------
	Model description
----------------------------------------
NNGP Response model fit with 1000 observations.

Number of covariates 2 (including intercept if specified).

Using the gaussian spatial correlation model.

Using 10 nearest neighbors.

Number of MCMC samples 20000.

Priors and hyperpriors:
	beta flat.
	sigma.sq IG hyperpriors shape=2.00000 and scale=0.69677
	tau.sq IG hyperpriors shape=2.00000 and scale=0.01000
	phi Unif hyperpriors a=0.01314 and b=0.52565

Source compiled with OpenMP support and model fit using 10 thread(s).
----------------------------------------
		Sampling
----------------------------------------
Sampled: 5000 of 20000, 25.00%
Report interval Metrop. Acceptance rate: 66.60%
Overall Metrop. Acceptance rate: 66.60%
-------------------------------------------------
Sampled: 10000 of 20000, 50.00%
Report interval Metrop. Acceptance rate: 70.50%
Overall Metrop. Acceptance rate: 68.55%
-------------------------------------------------
Sampled: 15000 of 20000, 75.00%
Report interval Metrop. Acceptance rate: 82.48%
Overall Metrop. Acceptance rate: 73.19%
-------------------------------------------------
Sampled: 20000 of 20000, 100.00%
Report interval Metrop. Acceptance rate: 80.96%
Overall Metrop. Acceptance rate: 75.14%
-------------------------------------------------
[1] "zero distance: 50, sigma^2: 0.5, beta: -1.1, simulation: 502"
[1] "no_corr"
[1] "pc_exp"
[1] "pc_exp_raw_1"
[1] "pc_exp_raw_sigma"
[1] "pc_exp_norm_1"
[1] "pc_exp_norm_sigma"
[1] "pc_sqexp"
[1] "pc_sqexp_raw_1"
[1] "pc_sqexp_raw_sigma"
[1] "pc_sqexp_norm_1"
[1] "pc_sqexp_norm_sigma"
[1] "nngp"
----------------------------------------
	Building the neighbor list
----------------------------------------
----------------------------------------
	Model description
----------------------------------------
NNGP Response model fit with 1329 observations.

Number of covariates 2 (including intercept if specified).

Using the gaussian spatial correlation model.

Using 10 nearest neighbors.

Number of MCMC samples 20000.

Priors and hyperpriors:
	beta flat.
	sigma.sq IG hyperpriors shape=2.00000 and scale=0.64172
	tau.sq IG hyperpriors shape=2.00000 and scale=0.01000
	phi Unif hyperpriors a=0.01314 and b=0.52565

Source compiled with OpenMP support and model fit using 10 thread(s).
----------------------------------------
		Sampling
----------------------------------------
Sampled: 5000 of 20000, 25.00%
Report interval Metrop. Acceptance rate: 63.04%
Overall Metrop. Acceptance rate: 63.04%
-------------------------------------------------
Sampled: 10000 of 20000, 50.00%
Report interval Metrop. Acceptance rate: 61.60%
Overall Metrop. Acceptance rate: 62.32%
-------------------------------------------------
Sampled: 15000 of 20000, 75.00%
Report interval Metrop. Acceptance rate: 62.54%
Overall Metrop. Acceptance rate: 62.39%
-------------------------------------------------
Sampled: 20000 of 20000, 100.00%
Report interval Metrop. Acceptance rate: 63.24%
Overall Metrop. Acceptance rate: 62.60%
-------------------------------------------------
[1] "zero distance: 50, sigma^2: 0.5, beta: -1.1, simulation: 503"
[1] "no_corr"
[1] "pc_exp"
[1] "pc_exp_raw_1"
[1] "pc_exp_raw_sigma"
[1] "pc_exp_norm_1"
[1] "pc_exp_norm_sigma"
[1] "pc_sqexp"
[1] "pc_sqexp_raw_1"
[1] "pc_sqexp_raw_sigma"
[1] "pc_sqexp_norm_1"
[1] "pc_sqexp_norm_sigma"
[1] "nngp"
